#
# There is insufficient memory for the Java Runtime Environment to continue.
# Native memory allocation (mmap) failed to map 46137344 bytes for Failed to commit area from 0x000000008dc00000 to 0x0000000090800000 of length 46137344.
# Possible reasons:
#   The system is out of physical RAM or swap space
#   The process is running with CompressedOops enabled, and the Java Heap may be blocking the growth of the native heap
# Possible solutions:
#   Reduce memory load on the system
#   Increase physical memory or swap space
#   Check if swap backing store is full
#   Decrease Java heap size (-Xmx/-Xms)
#   Decrease number of Java threads
#   Decrease Java thread stack sizes (-Xss)
#   Set larger code cache with -XX:ReservedCodeCacheSize=
#   JVM is running with Unscaled Compressed Oops mode in which the Java heap is
#     placed in the first 4GB address space. The Java Heap base address is the
#     maximum limit for the native heap growth. Please use -XX:HeapBaseMinAddress
#     to set the Java Heap base and to place the Java Heap above 4GB virtual address.
# This output file may be truncated or incomplete.
#
#  Out of Memory Error (./src/hotspot/os/windows/os_windows.cpp:3301), pid=10260, tid=2564
#
# JRE version: OpenJDK Runtime Environment (11.0.10) (build 11.0.10+0-b96-7249189)
# Java VM: OpenJDK 64-Bit Server VM (11.0.10+0-b96-7249189, mixed mode, tiered, compressed oops, g1 gc, windows-amd64)
# No core dump will be written. Minidumps are not enabled by default on client versions of Windows
#

---------------  S U M M A R Y ------------

Command Line: --add-opens=java.base/java.util=ALL-UNNAMED --add-opens=java.base/java.lang=ALL-UNNAMED --add-opens=java.base/java.lang.invoke=ALL-UNNAMED --add-opens=java.base/java.util=ALL-UNNAMED --add-opens=java.prefs/java.util.prefs=ALL-UNNAMED --add-opens=java.prefs/java.util.prefs=ALL-UNNAMED --add-opens=java.base/java.nio.charset=ALL-UNNAMED --add-opens=java.base/java.net=ALL-UNNAMED --add-opens=java.base/java.util.concurrent.atomic=ALL-UNNAMED -Xmx2048m -Dfile.encoding=UTF-8 -Duser.country=ID -Duser.language=en -Duser.variant org.gradle.launcher.daemon.bootstrap.GradleDaemon 7.0.2

Host: Intel(R) Core(TM) i5-8300H CPU @ 2.30GHz, 8 cores, 7G,  Windows 10 , 64 bit Build 22000 (10.0.22000.434)
Time: Wed Mar 30 10:11:39 2022 SE Asia Standard Time elapsed time: 28.713432 seconds (0d 0h 0m 28s)

---------------  T H R E A D  ---------------

Current thread (0x000002152e412800):  VMThread "VM Thread" [stack: 0x000000fd7e100000,0x000000fd7e200000] [id=2564]

Stack: [0x000000fd7e100000,0x000000fd7e200000]
[error occurred during error reporting (printing stack bounds), id 0xc0000005, EXCEPTION_ACCESS_VIOLATION (0xc0000005) at pc=0x0000021517a90f2d]

Native frames: (J=compiled Java code, j=interpreted, Vv=VM code, C=native code)
V  [jvm.dll+0x5ecfaa]
V  [jvm.dll+0x722bd5]
V  [jvm.dll+0x72412d]
V  [jvm.dll+0x724745]
V  [jvm.dll+0x7246fb]
V  [jvm.dll+0x5ec348]
V  [jvm.dll+0x5ecad8]
C  [ntdll.dll+0xa86ef]
C  [ntdll.dll+0x35aea]
C  [ntdll.dll+0xa76fe]
C  0x0000021517a90f2d

VM_Operation (0x000000fd014fa7c0): G1CollectForAllocation, mode: safepoint, requested by thread 0x00000215336c1800


---------------  P R O C E S S  ---------------

Threads class SMR info:
_java_thread_list=0x00000215372076f0, length=62, elements={
0x0000021513f9e800, 0x000002152e414000, 0x000002152e41f000, 0x000002152ed94800,
0x000002152ed97800, 0x000002152ed99000, 0x000002152ed9a000, 0x000002152ed9b000,
0x000002152e44c800, 0x000002152eee5000, 0x00000215308ba800, 0x000002152fdcb800,
0x0000021530fd9800, 0x000002153074e000, 0x000002152ffc0000, 0x000002152f9ea000,
0x00000215303b5800, 0x0000021530b88800, 0x0000021530b89800, 0x000002152f0e1000,
0x000002152f0e1800, 0x000002152f0de800, 0x000002152f0dd800, 0x000002152f0e2800,
0x000002152f0e3800, 0x000002152f0e0000, 0x000002152f0e4000, 0x000002152f0df800,
0x00000215311e6000, 0x00000215311e3800, 0x00000215311e6800, 0x00000215311e1000,
0x00000215311e4000, 0x00000215311e2800, 0x00000215311e5000, 0x00000215336be800,
0x00000215336bb000, 0x00000215336bf000, 0x00000215336bc000, 0x00000215336c0000,
0x00000215336ba800, 0x00000215336c1000, 0x00000215336c1800, 0x00000215336c2800,
0x00000215336bc800, 0x00000215336c3800, 0x00000215336bd800, 0x00000215336c9000,
0x00000215336c8000, 0x00000215336c4000, 0x00000215336c7800, 0x00000215336c5000,
0x00000215336c5800, 0x00000215336c6800, 0x0000021533b63800, 0x0000021533b66000,
0x0000021533b66800, 0x0000021533b67800, 0x0000021533b68800, 0x0000021533b69000,
0x0000021533b6a000, 0x0000021533b6a800
}

Java Threads: ( => current thread )
  0x0000021513f9e800 JavaThread "main" [_thread_blocked, id=6240, stack(0x000000fd7db00000,0x000000fd7dc00000)]
  0x000002152e414000 JavaThread "Reference Handler" daemon [_thread_blocked, id=13272, stack(0x000000fd7e200000,0x000000fd7e300000)]
  0x000002152e41f000 JavaThread "Finalizer" daemon [_thread_blocked, id=12920, stack(0x000000fd7e300000,0x000000fd7e400000)]
  0x000002152ed94800 JavaThread "Signal Dispatcher" daemon [_thread_blocked, id=280, stack(0x000000fd7e400000,0x000000fd7e500000)]
  0x000002152ed97800 JavaThread "Attach Listener" daemon [_thread_blocked, id=5616, stack(0x000000fd7e500000,0x000000fd7e600000)]
  0x000002152ed99000 JavaThread "Service Thread" daemon [_thread_blocked, id=12132, stack(0x000000fd7e600000,0x000000fd7e700000)]
  0x000002152ed9a000 JavaThread "C2 CompilerThread0" daemon [_thread_blocked, id=11788, stack(0x000000fd7e700000,0x000000fd7e800000)]
  0x000002152ed9b000 JavaThread "C1 CompilerThread0" daemon [_thread_blocked, id=6688, stack(0x000000fd7e800000,0x000000fd7e900000)]
  0x000002152e44c800 JavaThread "Sweeper thread" daemon [_thread_blocked, id=14772, stack(0x000000fd7e900000,0x000000fd7ea00000)]
  0x000002152eee5000 JavaThread "Common-Cleaner" daemon [_thread_blocked, id=11976, stack(0x000000fd7ea00000,0x000000fd7eb00000)]
  0x00000215308ba800 JavaThread "Daemon health stats" [_thread_blocked, id=3540, stack(0x000000fd7ee00000,0x000000fd7ef00000)]
  0x000002152fdcb800 JavaThread "Incoming local TCP Connector on port 53879" [_thread_in_native, id=18428, stack(0x000000fd7ef00000,0x000000fd7f000000)]
  0x0000021530fd9800 JavaThread "Daemon periodic checks" [_thread_blocked, id=9264, stack(0x000000fd7f000000,0x000000fd7f100000)]
  0x000002153074e000 JavaThread "Daemon" [_thread_blocked, id=17524, stack(0x000000fd7f100000,0x000000fd7f200000)]
  0x000002152ffc0000 JavaThread "Handler for socket connection from /127.0.0.1:53879 to /127.0.0.1:53880" [_thread_in_native, id=9648, stack(0x000000fd7f200000,0x000000fd7f300000)]
  0x000002152f9ea000 JavaThread "Cancel handler" [_thread_blocked, id=12932, stack(0x000000fd7f300000,0x000000fd7f400000)]
  0x00000215303b5800 JavaThread "Daemon worker" [_thread_blocked, id=2484, stack(0x000000fd7f400000,0x000000fd7f500000)]
  0x0000021530b88800 JavaThread "Asynchronous log dispatcher for DefaultDaemonConnection: socket connection from /127.0.0.1:53879 to /127.0.0.1:53880" [_thread_blocked, id=9052, stack(0x000000fd7f500000,0x000000fd7f600000)]
  0x0000021530b89800 JavaThread "Stdin handler" [_thread_blocked, id=14432, stack(0x000000fd7f600000,0x000000fd7f700000)]
  0x000002152f0e1000 JavaThread "Daemon client event forwarder" [_thread_blocked, id=18392, stack(0x000000fd7f700000,0x000000fd7f800000)]
  0x000002152f0e1800 JavaThread "Cache worker for file hash cache (C:\Users\ASUS\.gradle\caches\7.0.2\fileHashes)" [_thread_blocked, id=11036, stack(0x000000fd7fd00000,0x000000fd7fe00000)]
  0x000002152f0de800 JavaThread "File lock request listener" [_thread_in_native, id=5912, stack(0x000000fd7fe00000,0x000000fd7ff00000)]
  0x000002152f0dd800 JavaThread "Cache worker for journal cache (C:\Users\ASUS\.gradle\caches\journal-1)" [_thread_blocked, id=4292, stack(0x000000fd00000000,0x000000fd00100000)]
  0x000002152f0e2800 JavaThread "Cache worker for file hash cache (C:\Users\ASUS\AndroidStudioProjects\gigiibuhamil\.gradle\7.0.2\fileHashes)" [_thread_blocked, id=18100, stack(0x000000fd00100000,0x000000fd00200000)]
  0x000002152f0e3800 JavaThread "File watcher server" daemon [_thread_blocked, id=11676, stack(0x000000fd00200000,0x000000fd00300000)]
  0x000002152f0e0000 JavaThread "File watcher consumer" daemon [_thread_blocked, id=16252, stack(0x000000fd00300000,0x000000fd00400000)]
  0x000002152f0e4000 JavaThread "Cache worker for checksums cache (C:\Users\ASUS\AndroidStudioProjects\gigiibuhamil\.gradle\checksums)" [_thread_blocked, id=14676, stack(0x000000fd00400000,0x000000fd00500000)]
  0x000002152f0df800 JavaThread "Cache worker for cache directory md-supplier (C:\Users\ASUS\.gradle\caches\7.0.2\md-supplier)" [_thread_blocked, id=17252, stack(0x000000fd00500000,0x000000fd00600000)]
  0x00000215311e6000 JavaThread "Cache worker for cache directory md-rule (C:\Users\ASUS\.gradle\caches\7.0.2\md-rule)" [_thread_blocked, id=4660, stack(0x000000fd00600000,0x000000fd00700000)]
  0x00000215311e3800 JavaThread "Cache worker for execution history cache (C:\Users\ASUS\.gradle\caches\7.0.2\executionHistory)" [_thread_blocked, id=11632, stack(0x000000fd00700000,0x000000fd00800000)]
  0x00000215311e6800 JavaThread "jar transforms" [_thread_blocked, id=11964, stack(0x000000fd00800000,0x000000fd00900000)]
  0x00000215311e1000 JavaThread "jar transforms Thread 2" [_thread_blocked, id=2908, stack(0x000000fd00900000,0x000000fd00a00000)]
  0x00000215311e4000 JavaThread "Cache worker for file content cache (C:\Users\ASUS\.gradle\caches\7.0.2\fileContent)" [_thread_blocked, id=5220, stack(0x000000fd00a00000,0x000000fd00b00000)]
  0x00000215311e2800 JavaThread "Cache worker for dependencies-accessors (C:\Users\ASUS\AndroidStudioProjects\gigiibuhamil\.gradle\7.0.2\dependencies-accessors)" [_thread_blocked, id=17872, stack(0x000000fd00b00000,0x000000fd00c00000)]
  0x00000215311e5000 JavaThread "jar transforms Thread 3" [_thread_blocked, id=11244, stack(0x000000fd00c00000,0x000000fd00d00000)]
  0x00000215336be800 JavaThread "Cache worker for Build Output Cleanup Cache (C:\Users\ASUS\AndroidStudioProjects\gigiibuhamil\.gradle\buildOutputCleanup)" [_thread_blocked, id=17596, stack(0x000000fd00d00000,0x000000fd00e00000)]
  0x00000215336bb000 JavaThread "Build operations" [_thread_blocked, id=4432, stack(0x000000fd00e00000,0x000000fd00f00000)]
  0x00000215336bf000 JavaThread "Build operations Thread 2" [_thread_blocked, id=8564, stack(0x000000fd00f00000,0x000000fd01000000)]
  0x00000215336bc000 JavaThread "Build operations Thread 3" [_thread_blocked, id=3884, stack(0x000000fd01000000,0x000000fd01100000)]
  0x00000215336c0000 JavaThread "Build operations Thread 4" [_thread_blocked, id=4768, stack(0x000000fd01100000,0x000000fd01200000)]
  0x00000215336ba800 JavaThread "Build operations Thread 5" [_thread_blocked, id=7496, stack(0x000000fd01200000,0x000000fd01300000)]
  0x00000215336c1000 JavaThread "Build operations Thread 6" [_thread_blocked, id=4248, stack(0x000000fd01300000,0x000000fd01400000)]
  0x00000215336c1800 JavaThread "Build operations Thread 7" [_thread_blocked, id=13224, stack(0x000000fd01400000,0x000000fd01500000)]
  0x00000215336c2800 JavaThread "Build operations Thread 8" [_thread_blocked, id=4356, stack(0x000000fd01500000,0x000000fd01600000)]
  0x00000215336bc800 JavaThread "jar transforms Thread 4" [_thread_blocked, id=14792, stack(0x000000fd01600000,0x000000fd01700000)]
  0x00000215336c3800 JavaThread "jar transforms Thread 5" [_thread_blocked, id=12228, stack(0x000000fd01700000,0x000000fd01800000)]
  0x00000215336bd800 JavaThread "jar transforms Thread 6" [_thread_blocked, id=3612, stack(0x000000fd01800000,0x000000fd01900000)]
  0x00000215336c9000 JavaThread "jar transforms Thread 7" [_thread_blocked, id=17672, stack(0x000000fd01900000,0x000000fd01a00000)]
  0x00000215336c8000 JavaThread "jar transforms Thread 8" [_thread_blocked, id=10156, stack(0x000000fd01a00000,0x000000fd01b00000)]
  0x00000215336c4000 JavaThread "Memory manager" [_thread_blocked, id=11256, stack(0x000000fd01b00000,0x000000fd01c00000)]
  0x00000215336c7800 JavaThread "build event listener" [_thread_blocked, id=15872, stack(0x000000fd01c00000,0x000000fd01d00000)]
  0x00000215336c5000 JavaThread "pool-3-thread-1" [_thread_blocked, id=2724, stack(0x000000fd01d00000,0x000000fd01e00000)]
  0x00000215336c5800 JavaThread "build event listener" [_thread_blocked, id=10508, stack(0x000000fd01e00000,0x000000fd01f00000)]
  0x00000215336c6800 JavaThread "Execution worker for ':'" [_thread_blocked, id=9836, stack(0x000000fd01f00000,0x000000fd02000000)]
  0x0000021533b63800 JavaThread "Execution worker for ':' Thread 2" [_thread_blocked, id=12448, stack(0x000000fd02000000,0x000000fd02100000)]
  0x0000021533b66000 JavaThread "Execution worker for ':' Thread 3" [_thread_blocked, id=1932, stack(0x000000fd02100000,0x000000fd02200000)]
  0x0000021533b66800 JavaThread "Execution worker for ':' Thread 4" [_thread_blocked, id=18224, stack(0x000000fd02200000,0x000000fd02300000)]
  0x0000021533b67800 JavaThread "Execution worker for ':' Thread 5" [_thread_blocked, id=17348, stack(0x000000fd02300000,0x000000fd02400000)]
  0x0000021533b68800 JavaThread "Execution worker for ':' Thread 6" [_thread_blocked, id=4624, stack(0x000000fd02400000,0x000000fd02500000)]
  0x0000021533b69000 JavaThread "Execution worker for ':' Thread 7" [_thread_blocked, id=10648, stack(0x000000fd02500000,0x000000fd02600000)]
  0x0000021533b6a000 JavaThread "Cache worker for execution history cache (C:\Users\ASUS\AndroidStudioProjects\gigiibuhamil\.gradle\7.0.2\executionHistory)" [_thread_blocked, id=15924, stack(0x000000fd02600000,0x000000fd02700000)]
  0x0000021533b6a800 JavaThread "WorkerExecutor Queue" [_thread_blocked, id=8672, stack(0x000000fd02700000,0x000000fd02800000)]

Other Threads:
=>0x000002152e412800 VMThread "VM Thread" [stack: 0x000000fd7e100000,0x000000fd7e200000] [id=2564]
  0x000002152ef26000 WatcherThread [stack: 0x000000fd7eb00000,0x000000fd7ec00000] [id=16800]
  0x0000021513fb9800 GCTaskThread "GC Thread#0" [stack: 0x000000fd7dc00000,0x000000fd7dd00000] [id=14116]
  0x000002152f8e5000 GCTaskThread "GC Thread#1" [stack: 0x000000fd7ec00000,0x000000fd7ed00000] [id=2728]
  0x000002152f6b9800 GCTaskThread "GC Thread#2" [stack: 0x000000fd7ed00000,0x000000fd7ee00000] [id=6264]
  0x0000021530cac800 GCTaskThread "GC Thread#3" [stack: 0x000000fd7f800000,0x000000fd7f900000] [id=10384]
  0x000002152f875800 GCTaskThread "GC Thread#4" [stack: 0x000000fd7f900000,0x000000fd7fa00000] [id=3896]
  0x000002152f029000 GCTaskThread "GC Thread#5" [stack: 0x000000fd7fa00000,0x000000fd7fb00000] [id=10892]
  0x000002152f02a000 GCTaskThread "GC Thread#6" [stack: 0x000000fd7fb00000,0x000000fd7fc00000] [id=17544]
  0x000002152f02a800 GCTaskThread "GC Thread#7" [stack: 0x000000fd7fc00000,0x000000fd7fd00000] [id=6904]
  0x0000021513fec000 ConcurrentGCThread "G1 Main Marker" [stack: 0x000000fd7dd00000,0x000000fd7de00000] [id=12596]
  0x0000021513fed000 ConcurrentGCThread "G1 Conc#0" [stack: 0x000000fd7de00000,0x000000fd7df00000] [id=5176]
  0x000002152fcbf000 ConcurrentGCThread "G1 Conc#1" [stack: 0x000000fd7ff00000,0x000000fd80000000] [id=12492]
  0x000002152e260800 ConcurrentGCThread "G1 Refine#0" [stack: 0x000000fd7df00000,0x000000fd7e000000] [id=4496]
  0x000002152e261000 ConcurrentGCThread "G1 Young RemSet Sampling" [stack: 0x000000fd7e000000,0x000000fd7e100000] [id=16568]

Threads with active compile tasks:
C2 CompilerThread0  28741 12903       4       com.android.tools.r8.graph.c0::a (258 bytes)
C1 CompilerThread0  28741 12947 % !   3       com.android.tools.r8.graph.i::a @ 133 (1446 bytes)

VM state:at safepoint (normal execution)

VM Mutex/Monitor currently owned by a thread:  ([mutex/lock_event])
[0x0000021513f9bc50] Threads_lock - owner thread: 0x000002152e412800
[0x0000021513f9adb0] Heap_lock - owner thread: 0x00000215336c1800

OutOfMemory and StackOverflow Exception counts:
OutOfMemoryError java_heap_errors=2
LinkageErrors=204

Heap address: 0x0000000080000000, size: 2048 MB, Compressed Oops mode: 32-bit
Narrow klass base: 0x0000000000000000, Narrow klass shift: 3
Compressed class space size: 1073741824 Address: 0x0000000100000000

Heap:
 garbage-first heap   total 270336K, used 120406K [0x0000000080000000, 0x0000000100000000)
  region size 1024K, 9 young (9216K), 9 survivors (9216K)
 Metaspace       used 104622K, capacity 108035K, committed 108280K, reserved 1142784K
  class space    used 13918K, capacity 15289K, committed 15360K, reserved 1048576K
Heap Regions: E=young(eden), S=young(survivor), O=old, HS=humongous(starts), HC=humongous(continues), CS=collection set, F=free, A=archive, TAMS=top-at-mark-start (previous, next)
|   0|0x0000000080000000, 0x0000000080100000, 0x0000000080100000|100%| O|  |TAMS 0x0000000080100000, 0x0000000080100000| Untracked 
|   1|0x0000000080100000, 0x0000000080200000, 0x0000000080200000|100%| O|  |TAMS 0x0000000080200000, 0x0000000080200000| Untracked 
|   2|0x0000000080200000, 0x0000000080300000, 0x0000000080300000|100%| O|  |TAMS 0x0000000080300000, 0x0000000080300000| Untracked 
|   3|0x0000000080300000, 0x0000000080400000, 0x0000000080400000|100%|HS|  |TAMS 0x0000000080400000, 0x0000000080400000| Complete 
|   4|0x0000000080400000, 0x0000000080500000, 0x0000000080500000|100%|HC|  |TAMS 0x0000000080500000, 0x0000000080500000| Complete 
|   5|0x0000000080500000, 0x0000000080600000, 0x0000000080600000|100%|HC|  |TAMS 0x0000000080600000, 0x0000000080600000| Complete 
|   6|0x0000000080600000, 0x0000000080700000, 0x0000000080700000|100%| O|  |TAMS 0x0000000080700000, 0x0000000080700000| Untracked 
|   7|0x0000000080700000, 0x0000000080800000, 0x0000000080800000|100%| O|  |TAMS 0x0000000080800000, 0x0000000080800000| Untracked 
|   8|0x0000000080800000, 0x0000000080900000, 0x0000000080900000|100%| O|  |TAMS 0x0000000080900000, 0x0000000080900000| Untracked 
|   9|0x0000000080900000, 0x0000000080a00000, 0x0000000080a00000|100%| O|  |TAMS 0x0000000080a00000, 0x0000000080a00000| Untracked 
|  10|0x0000000080a00000, 0x0000000080b00000, 0x0000000080b00000|100%| O|  |TAMS 0x0000000080b00000, 0x0000000080b00000| Untracked 
|  11|0x0000000080b00000, 0x0000000080c00000, 0x0000000080c00000|100%| O|  |TAMS 0x0000000080c00000, 0x0000000080c00000| Untracked 
|  12|0x0000000080c00000, 0x0000000080d00000, 0x0000000080d00000|100%| O|  |TAMS 0x0000000080d00000, 0x0000000080d00000| Untracked 
|  13|0x0000000080d00000, 0x0000000080e00000, 0x0000000080e00000|100%| O|  |TAMS 0x0000000080e00000, 0x0000000080e00000| Untracked 
|  14|0x0000000080e00000, 0x0000000080f00000, 0x0000000080f00000|100%| O|  |TAMS 0x0000000080f00000, 0x0000000080f00000| Untracked 
|  15|0x0000000080f00000, 0x0000000081000000, 0x0000000081000000|100%| O|  |TAMS 0x0000000081000000, 0x0000000081000000| Untracked 
|  16|0x0000000081000000, 0x0000000081100000, 0x0000000081100000|100%|HS|  |TAMS 0x0000000081100000, 0x0000000081100000| Complete 
|  17|0x0000000081100000, 0x0000000081200000, 0x0000000081200000|100%| O|  |TAMS 0x0000000081200000, 0x0000000081200000| Untracked 
|  18|0x0000000081200000, 0x0000000081300000, 0x0000000081300000|100%| O|  |TAMS 0x0000000081300000, 0x0000000081300000| Untracked 
|  19|0x0000000081300000, 0x0000000081400000, 0x0000000081400000|100%| O|  |TAMS 0x0000000081400000, 0x0000000081400000| Untracked 
|  20|0x0000000081400000, 0x0000000081500000, 0x0000000081500000|100%| O|  |TAMS 0x0000000081500000, 0x0000000081500000| Untracked 
|  21|0x0000000081500000, 0x0000000081600000, 0x0000000081600000|100%| O|  |TAMS 0x0000000081600000, 0x0000000081600000| Untracked 
|  22|0x0000000081600000, 0x0000000081700000, 0x0000000081700000|100%| O|  |TAMS 0x0000000081700000, 0x0000000081700000| Untracked 
|  23|0x0000000081700000, 0x0000000081800000, 0x0000000081800000|100%| O|  |TAMS 0x0000000081800000, 0x0000000081800000| Untracked 
|  24|0x0000000081800000, 0x0000000081900000, 0x0000000081900000|100%| O|  |TAMS 0x0000000081900000, 0x0000000081900000| Untracked 
|  25|0x0000000081900000, 0x0000000081a00000, 0x0000000081a00000|100%| O|  |TAMS 0x0000000081a00000, 0x0000000081a00000| Untracked 
|  26|0x0000000081a00000, 0x0000000081b00000, 0x0000000081b00000|100%| O|  |TAMS 0x0000000081b00000, 0x0000000081b00000| Untracked 
|  27|0x0000000081b00000, 0x0000000081c00000, 0x0000000081c00000|100%|HS|  |TAMS 0x0000000081c00000, 0x0000000081c00000| Complete 
|  28|0x0000000081c00000, 0x0000000081d00000, 0x0000000081d00000|100%|HS|  |TAMS 0x0000000081d00000, 0x0000000081d00000| Complete 
|  29|0x0000000081d00000, 0x0000000081e00000, 0x0000000081e00000|100%| O|  |TAMS 0x0000000081e00000, 0x0000000081e00000| Untracked 
|  30|0x0000000081e00000, 0x0000000081f00000, 0x0000000081f00000|100%| O|  |TAMS 0x0000000081f00000, 0x0000000081f00000| Untracked 
|  31|0x0000000081f00000, 0x0000000082000000, 0x0000000082000000|100%| O|  |TAMS 0x0000000082000000, 0x0000000082000000| Untracked 
|  32|0x0000000082000000, 0x0000000082100000, 0x0000000082100000|100%|HS|  |TAMS 0x0000000082100000, 0x0000000082100000| Complete 
|  33|0x0000000082100000, 0x0000000082200000, 0x0000000082200000|100%|HC|  |TAMS 0x0000000082200000, 0x0000000082200000| Complete 
|  34|0x0000000082200000, 0x0000000082300000, 0x0000000082300000|100%|HC|  |TAMS 0x0000000082300000, 0x0000000082300000| Complete 
|  35|0x0000000082300000, 0x0000000082400000, 0x0000000082400000|100%|HS|  |TAMS 0x0000000082400000, 0x0000000082400000| Complete 
|  36|0x0000000082400000, 0x0000000082500000, 0x0000000082500000|100%|HC|  |TAMS 0x0000000082500000, 0x0000000082500000| Complete 
|  37|0x0000000082500000, 0x0000000082600000, 0x0000000082600000|100%| O|  |TAMS 0x0000000082600000, 0x0000000082600000| Untracked 
|  38|0x0000000082600000, 0x0000000082700000, 0x0000000082700000|100%| O|  |TAMS 0x0000000082700000, 0x0000000082700000| Untracked 
|  39|0x0000000082700000, 0x0000000082800000, 0x0000000082800000|100%| O|  |TAMS 0x0000000082800000, 0x0000000082800000| Untracked 
|  40|0x0000000082800000, 0x0000000082900000, 0x0000000082900000|100%| O|  |TAMS 0x0000000082900000, 0x0000000082900000| Untracked 
|  41|0x0000000082900000, 0x0000000082a00000, 0x0000000082a00000|100%| O|  |TAMS 0x0000000082a00000, 0x0000000082a00000| Untracked 
|  42|0x0000000082a00000, 0x0000000082b00000, 0x0000000082b00000|100%| O|  |TAMS 0x0000000082b00000, 0x0000000082b00000| Untracked 
|  43|0x0000000082b00000, 0x0000000082c00000, 0x0000000082c00000|100%| O|  |TAMS 0x0000000082c00000, 0x0000000082c00000| Untracked 
|  44|0x0000000082c00000, 0x0000000082d00000, 0x0000000082d00000|100%| O|  |TAMS 0x0000000082d00000, 0x0000000082d00000| Untracked 
|  45|0x0000000082d00000, 0x0000000082e00000, 0x0000000082e00000|100%| O|  |TAMS 0x0000000082e00000, 0x0000000082e00000| Untracked 
|  46|0x0000000082e00000, 0x0000000082f00000, 0x0000000082f00000|100%| O|  |TAMS 0x0000000082f00000, 0x0000000082f00000| Untracked 
|  47|0x0000000082f00000, 0x0000000083000000, 0x0000000083000000|100%| O|  |TAMS 0x0000000083000000, 0x0000000083000000| Untracked 
|  48|0x0000000083000000, 0x0000000083100000, 0x0000000083100000|100%| O|  |TAMS 0x0000000083100000, 0x0000000083100000| Untracked 
|  49|0x0000000083100000, 0x0000000083200000, 0x0000000083200000|100%| O|  |TAMS 0x0000000083200000, 0x0000000083200000| Untracked 
|  50|0x0000000083200000, 0x0000000083300000, 0x0000000083300000|100%| O|  |TAMS 0x0000000083300000, 0x0000000083300000| Untracked 
|  51|0x0000000083300000, 0x0000000083400000, 0x0000000083400000|100%| O|  |TAMS 0x0000000083400000, 0x0000000083400000| Untracked 
|  52|0x0000000083400000, 0x0000000083500000, 0x0000000083500000|100%| O|  |TAMS 0x0000000083500000, 0x0000000083500000| Untracked 
|  53|0x0000000083500000, 0x0000000083600000, 0x0000000083600000|100%| O|  |TAMS 0x0000000083600000, 0x0000000083600000| Untracked 
|  54|0x0000000083600000, 0x0000000083700000, 0x0000000083700000|100%| O|  |TAMS 0x0000000083700000, 0x0000000083700000| Untracked 
|  55|0x0000000083700000, 0x0000000083800000, 0x0000000083800000|100%| O|  |TAMS 0x0000000083800000, 0x0000000083800000| Untracked 
|  56|0x0000000083800000, 0x0000000083900000, 0x0000000083900000|100%| O|  |TAMS 0x0000000083900000, 0x0000000083900000| Untracked 
|  57|0x0000000083900000, 0x0000000083a00000, 0x0000000083a00000|100%| O|  |TAMS 0x0000000083a00000, 0x0000000083a00000| Untracked 
|  58|0x0000000083a00000, 0x0000000083b00000, 0x0000000083b00000|100%| O|  |TAMS 0x0000000083b00000, 0x0000000083b00000| Untracked 
|  59|0x0000000083b00000, 0x0000000083c00000, 0x0000000083c00000|100%| O|  |TAMS 0x0000000083c00000, 0x0000000083c00000| Untracked 
|  60|0x0000000083c00000, 0x0000000083d00000, 0x0000000083d00000|100%| O|  |TAMS 0x0000000083d00000, 0x0000000083d00000| Untracked 
|  61|0x0000000083d00000, 0x0000000083e00000, 0x0000000083e00000|100%| O|  |TAMS 0x0000000083e00000, 0x0000000083e00000| Untracked 
|  62|0x0000000083e00000, 0x0000000083f00000, 0x0000000083f00000|100%| O|  |TAMS 0x0000000083f00000, 0x0000000083f00000| Untracked 
|  63|0x0000000083f00000, 0x0000000084000000, 0x0000000084000000|100%| O|  |TAMS 0x0000000084000000, 0x0000000084000000| Untracked 
|  64|0x0000000084000000, 0x0000000084100000, 0x0000000084100000|100%| O|  |TAMS 0x0000000084100000, 0x0000000084100000| Untracked 
|  65|0x0000000084100000, 0x0000000084200000, 0x0000000084200000|100%| O|  |TAMS 0x0000000084200000, 0x0000000084200000| Untracked 
|  66|0x0000000084200000, 0x0000000084300000, 0x0000000084300000|100%| O|  |TAMS 0x0000000084300000, 0x0000000084300000| Untracked 
|  67|0x0000000084300000, 0x0000000084400000, 0x0000000084400000|100%| O|  |TAMS 0x0000000084400000, 0x0000000084400000| Untracked 
|  68|0x0000000084400000, 0x0000000084500000, 0x0000000084500000|100%| O|  |TAMS 0x0000000084500000, 0x0000000084500000| Untracked 
|  69|0x0000000084500000, 0x0000000084600000, 0x0000000084600000|100%| O|  |TAMS 0x0000000084600000, 0x0000000084600000| Untracked 
|  70|0x0000000084600000, 0x0000000084700000, 0x0000000084700000|100%| O|  |TAMS 0x0000000084700000, 0x0000000084700000| Untracked 
|  71|0x0000000084700000, 0x0000000084800000, 0x0000000084800000|100%| O|  |TAMS 0x0000000084800000, 0x0000000084800000| Untracked 
|  72|0x0000000084800000, 0x0000000084900000, 0x0000000084900000|100%| O|  |TAMS 0x0000000084900000, 0x0000000084900000| Untracked 
|  73|0x0000000084900000, 0x0000000084a00000, 0x0000000084a00000|100%| O|  |TAMS 0x0000000084a00000, 0x0000000084a00000| Untracked 
|  74|0x0000000084a00000, 0x0000000084b00000, 0x0000000084b00000|100%| O|  |TAMS 0x0000000084b00000, 0x0000000084b00000| Untracked 
|  75|0x0000000084b00000, 0x0000000084c00000, 0x0000000084c00000|100%| O|  |TAMS 0x0000000084c00000, 0x0000000084c00000| Untracked 
|  76|0x0000000084c00000, 0x0000000084d00000, 0x0000000084d00000|100%| O|  |TAMS 0x0000000084d00000, 0x0000000084d00000| Untracked 
|  77|0x0000000084d00000, 0x0000000084e00000, 0x0000000084e00000|100%| O|  |TAMS 0x0000000084e00000, 0x0000000084e00000| Untracked 
|  78|0x0000000084e00000, 0x0000000084f00000, 0x0000000084f00000|100%| O|  |TAMS 0x0000000084f00000, 0x0000000084f00000| Untracked 
|  79|0x0000000084f00000, 0x0000000085000000, 0x0000000085000000|100%| O|  |TAMS 0x0000000085000000, 0x0000000085000000| Untracked 
|  80|0x0000000085000000, 0x0000000085100000, 0x0000000085100000|100%| O|  |TAMS 0x0000000085100000, 0x0000000085100000| Untracked 
|  81|0x0000000085100000, 0x0000000085200000, 0x0000000085200000|100%| O|  |TAMS 0x0000000085200000, 0x0000000085200000| Untracked 
|  82|0x0000000085200000, 0x0000000085300000, 0x0000000085300000|100%| O|  |TAMS 0x0000000085300000, 0x0000000085300000| Untracked 
|  83|0x0000000085300000, 0x0000000085400000, 0x0000000085400000|100%| O|  |TAMS 0x0000000085400000, 0x0000000085400000| Untracked 
|  84|0x0000000085400000, 0x0000000085500000, 0x0000000085500000|100%| O|  |TAMS 0x0000000085500000, 0x0000000085500000| Untracked 
|  85|0x0000000085500000, 0x0000000085600000, 0x0000000085600000|100%| O|  |TAMS 0x0000000085600000, 0x0000000085600000| Untracked 
|  86|0x0000000085600000, 0x0000000085700000, 0x0000000085700000|100%| O|  |TAMS 0x0000000085700000, 0x0000000085700000| Untracked 
|  87|0x0000000085700000, 0x0000000085800000, 0x0000000085800000|100%| O|  |TAMS 0x0000000085800000, 0x0000000085800000| Untracked 
|  88|0x0000000085800000, 0x0000000085900000, 0x0000000085900000|100%| O|  |TAMS 0x0000000085900000, 0x0000000085900000| Untracked 
|  89|0x0000000085900000, 0x0000000085a00000, 0x0000000085a00000|100%| O|  |TAMS 0x0000000085a00000, 0x0000000085a00000| Untracked 
|  90|0x0000000085a00000, 0x0000000085b00000, 0x0000000085b00000|100%| O|  |TAMS 0x0000000085b00000, 0x0000000085b00000| Untracked 
|  91|0x0000000085b00000, 0x0000000085c00000, 0x0000000085c00000|100%| O|  |TAMS 0x0000000085c00000, 0x0000000085c00000| Untracked 
|  92|0x0000000085c00000, 0x0000000085d00000, 0x0000000085d00000|100%| O|  |TAMS 0x0000000085d00000, 0x0000000085d00000| Untracked 
|  93|0x0000000085d00000, 0x0000000085e00000, 0x0000000085e00000|100%| O|  |TAMS 0x0000000085e00000, 0x0000000085e00000| Untracked 
|  94|0x0000000085e00000, 0x0000000085f00000, 0x0000000085f00000|100%| O|  |TAMS 0x0000000085f00000, 0x0000000085f00000| Untracked 
|  95|0x0000000085f00000, 0x0000000086000000, 0x0000000086000000|100%| O|  |TAMS 0x0000000086000000, 0x0000000086000000| Untracked 
|  96|0x0000000086000000, 0x0000000086100000, 0x0000000086100000|100%| O|  |TAMS 0x0000000086100000, 0x0000000086100000| Untracked 
|  97|0x0000000086100000, 0x0000000086200000, 0x0000000086200000|100%| O|  |TAMS 0x0000000086200000, 0x0000000086200000| Untracked 
|  98|0x0000000086200000, 0x0000000086300000, 0x0000000086300000|100%| O|  |TAMS 0x0000000086300000, 0x0000000086300000| Untracked 
|  99|0x0000000086300000, 0x0000000086400000, 0x0000000086400000|100%| O|  |TAMS 0x0000000086400000, 0x0000000086400000| Untracked 
| 100|0x0000000086400000, 0x0000000086500000, 0x0000000086500000|100%| O|  |TAMS 0x0000000086500000, 0x0000000086500000| Untracked 
| 101|0x0000000086500000, 0x0000000086600000, 0x0000000086600000|100%| O|  |TAMS 0x0000000086600000, 0x0000000086600000| Untracked 
| 102|0x0000000086600000, 0x0000000086700000, 0x0000000086700000|100%| O|  |TAMS 0x0000000086700000, 0x0000000086700000| Untracked 
| 103|0x0000000086700000, 0x0000000086800000, 0x0000000086800000|100%| O|  |TAMS 0x0000000086800000, 0x0000000086800000| Untracked 
| 104|0x0000000086800000, 0x0000000086900000, 0x0000000086900000|100%| O|  |TAMS 0x0000000086900000, 0x0000000086900000| Untracked 
| 105|0x0000000086900000, 0x0000000086a00000, 0x0000000086a00000|100%| O|  |TAMS 0x0000000086a00000, 0x0000000086a00000| Untracked 
| 106|0x0000000086a00000, 0x0000000086b00000, 0x0000000086b00000|100%| O|  |TAMS 0x0000000086b00000, 0x0000000086b00000| Untracked 
| 107|0x0000000086b00000, 0x0000000086c00000, 0x0000000086c00000|100%| O|  |TAMS 0x0000000086c00000, 0x0000000086c00000| Untracked 
| 108|0x0000000086c00000, 0x0000000086d00000, 0x0000000086d00000|100%| O|  |TAMS 0x0000000086d00000, 0x0000000086d00000| Untracked 
| 109|0x0000000086d00000, 0x0000000086d1bc00, 0x0000000086e00000| 10%| O|  |TAMS 0x0000000086d1bc00, 0x0000000086d1bc00| Untracked 
| 110|0x0000000086e00000, 0x0000000086e00000, 0x0000000086f00000|  0%| F|  |TAMS 0x0000000086e00000, 0x0000000086e00000| Untracked 
| 111|0x0000000086f00000, 0x0000000086f00000, 0x0000000087000000|  0%| F|  |TAMS 0x0000000086f00000, 0x0000000086f00000| Untracked 
| 112|0x0000000087000000, 0x0000000087000000, 0x0000000087100000|  0%| F|  |TAMS 0x0000000087000000, 0x0000000087000000| Untracked 
| 113|0x0000000087100000, 0x0000000087100000, 0x0000000087200000|  0%| F|  |TAMS 0x0000000087100000, 0x0000000087100000| Untracked 
| 114|0x0000000087200000, 0x0000000087200000, 0x0000000087300000|  0%| F|  |TAMS 0x0000000087200000, 0x0000000087200000| Untracked 
| 115|0x0000000087300000, 0x0000000087300000, 0x0000000087400000|  0%| F|  |TAMS 0x0000000087300000, 0x0000000087300000| Untracked 
| 116|0x0000000087400000, 0x0000000087400000, 0x0000000087500000|  0%| F|  |TAMS 0x0000000087400000, 0x0000000087400000| Untracked 
| 117|0x0000000087500000, 0x0000000087500000, 0x0000000087600000|  0%| F|  |TAMS 0x0000000087500000, 0x0000000087500000| Untracked 
| 118|0x0000000087600000, 0x0000000087600000, 0x0000000087700000|  0%| F|  |TAMS 0x0000000087600000, 0x0000000087600000| Untracked 
| 119|0x0000000087700000, 0x0000000087700000, 0x0000000087800000|  0%| F|  |TAMS 0x0000000087700000, 0x0000000087700000| Untracked 
| 120|0x0000000087800000, 0x0000000087800000, 0x0000000087900000|  0%| F|  |TAMS 0x0000000087800000, 0x0000000087800000| Untracked 
| 121|0x0000000087900000, 0x0000000087900000, 0x0000000087a00000|  0%| F|  |TAMS 0x0000000087900000, 0x0000000087900000| Untracked 
| 122|0x0000000087a00000, 0x0000000087a00000, 0x0000000087b00000|  0%| F|  |TAMS 0x0000000087a00000, 0x0000000087a00000| Untracked 
| 123|0x0000000087b00000, 0x0000000087b00000, 0x0000000087c00000|  0%| F|  |TAMS 0x0000000087b00000, 0x0000000087b00000| Untracked 
| 124|0x0000000087c00000, 0x0000000087c00000, 0x0000000087d00000|  0%| F|  |TAMS 0x0000000087c00000, 0x0000000087c00000| Untracked 
| 125|0x0000000087d00000, 0x0000000087d00000, 0x0000000087e00000|  0%| F|  |TAMS 0x0000000087d00000, 0x0000000087d00000| Untracked 
| 126|0x0000000087e00000, 0x0000000087e00000, 0x0000000087f00000|  0%| F|  |TAMS 0x0000000087e00000, 0x0000000087e00000| Untracked 
| 127|0x0000000087f00000, 0x0000000087f00000, 0x0000000088000000|  0%| F|  |TAMS 0x0000000087f00000, 0x0000000087f00000| Untracked 
| 128|0x0000000088000000, 0x0000000088000000, 0x0000000088100000|  0%| F|  |TAMS 0x0000000088000000, 0x0000000088000000| Untracked 
| 129|0x0000000088100000, 0x0000000088100000, 0x0000000088200000|  0%| F|  |TAMS 0x0000000088100000, 0x0000000088100000| Untracked 
| 130|0x0000000088200000, 0x0000000088200000, 0x0000000088300000|  0%| F|  |TAMS 0x0000000088200000, 0x0000000088200000| Untracked 
| 131|0x0000000088300000, 0x0000000088300000, 0x0000000088400000|  0%| F|  |TAMS 0x0000000088300000, 0x0000000088300000| Untracked 
| 132|0x0000000088400000, 0x0000000088400000, 0x0000000088500000|  0%| F|  |TAMS 0x0000000088400000, 0x0000000088400000| Untracked 
| 133|0x0000000088500000, 0x0000000088500000, 0x0000000088600000|  0%| F|  |TAMS 0x0000000088500000, 0x0000000088500000| Untracked 
| 134|0x0000000088600000, 0x0000000088600000, 0x0000000088700000|  0%| F|  |TAMS 0x0000000088600000, 0x0000000088600000| Untracked 
| 135|0x0000000088700000, 0x0000000088700000, 0x0000000088800000|  0%| F|  |TAMS 0x0000000088700000, 0x0000000088700000| Untracked 
| 136|0x0000000088800000, 0x0000000088800000, 0x0000000088900000|  0%| F|  |TAMS 0x0000000088800000, 0x0000000088800000| Untracked 
| 137|0x0000000088900000, 0x0000000088900000, 0x0000000088a00000|  0%| F|  |TAMS 0x0000000088900000, 0x0000000088900000| Untracked 
| 138|0x0000000088a00000, 0x0000000088a00000, 0x0000000088b00000|  0%| F|  |TAMS 0x0000000088a00000, 0x0000000088a00000| Untracked 
| 139|0x0000000088b00000, 0x0000000088b00000, 0x0000000088c00000|  0%| F|  |TAMS 0x0000000088b00000, 0x0000000088b00000| Untracked 
| 140|0x0000000088c00000, 0x0000000088c00000, 0x0000000088d00000|  0%| F|  |TAMS 0x0000000088c00000, 0x0000000088c00000| Untracked 
| 141|0x0000000088d00000, 0x0000000088d00000, 0x0000000088e00000|  0%| F|  |TAMS 0x0000000088d00000, 0x0000000088d00000| Untracked 
| 142|0x0000000088e00000, 0x0000000088e00000, 0x0000000088f00000|  0%| F|  |TAMS 0x0000000088e00000, 0x0000000088e00000| Untracked 
| 143|0x0000000088f00000, 0x0000000088f00000, 0x0000000089000000|  0%| F|  |TAMS 0x0000000088f00000, 0x0000000088f00000| Untracked 
| 144|0x0000000089000000, 0x0000000089000000, 0x0000000089100000|  0%| F|  |TAMS 0x0000000089000000, 0x0000000089000000| Untracked 
| 145|0x0000000089100000, 0x0000000089179ef0, 0x0000000089200000| 47%| S|CS|TAMS 0x0000000089100000, 0x0000000089100000| Complete 
| 146|0x0000000089200000, 0x0000000089300000, 0x0000000089300000|100%| S|CS|TAMS 0x0000000089200000, 0x0000000089200000| Complete 
| 147|0x0000000089300000, 0x0000000089400000, 0x0000000089400000|100%| S|CS|TAMS 0x0000000089300000, 0x0000000089300000| Complete 
| 148|0x0000000089400000, 0x0000000089500000, 0x0000000089500000|100%| S|CS|TAMS 0x0000000089400000, 0x0000000089400000| Complete 
| 149|0x0000000089500000, 0x0000000089600000, 0x0000000089600000|100%| S|CS|TAMS 0x0000000089500000, 0x0000000089500000| Complete 
| 150|0x0000000089600000, 0x0000000089700000, 0x0000000089700000|100%| S|CS|TAMS 0x0000000089600000, 0x0000000089600000| Complete 
| 151|0x0000000089700000, 0x0000000089800000, 0x0000000089800000|100%| S|CS|TAMS 0x0000000089700000, 0x0000000089700000| Complete 
| 152|0x0000000089800000, 0x0000000089900000, 0x0000000089900000|100%| S|CS|TAMS 0x0000000089800000, 0x0000000089800000| Complete 
| 153|0x0000000089900000, 0x0000000089900000, 0x0000000089a00000|  0%| F|  |TAMS 0x0000000089900000, 0x0000000089900000| Untracked 
| 154|0x0000000089a00000, 0x0000000089a00000, 0x0000000089b00000|  0%| F|  |TAMS 0x0000000089a00000, 0x0000000089a00000| Untracked 
| 155|0x0000000089b00000, 0x0000000089c00000, 0x0000000089c00000|100%| S|CS|TAMS 0x0000000089b00000, 0x0000000089b00000| Complete 
| 156|0x0000000089c00000, 0x0000000089c00000, 0x0000000089d00000|  0%| F|  |TAMS 0x0000000089c00000, 0x0000000089c00000| Untracked 
| 157|0x0000000089d00000, 0x0000000089d00000, 0x0000000089e00000|  0%| F|  |TAMS 0x0000000089d00000, 0x0000000089d00000| Untracked 
| 158|0x0000000089e00000, 0x0000000089e00000, 0x0000000089f00000|  0%| F|  |TAMS 0x0000000089e00000, 0x0000000089e00000| Untracked 
| 159|0x0000000089f00000, 0x0000000089f00000, 0x000000008a000000|  0%| F|  |TAMS 0x0000000089f00000, 0x0000000089f00000| Untracked 
| 160|0x000000008a000000, 0x000000008a000000, 0x000000008a100000|  0%| F|  |TAMS 0x000000008a000000, 0x000000008a000000| Untracked 
| 161|0x000000008a100000, 0x000000008a100000, 0x000000008a200000|  0%| F|  |TAMS 0x000000008a100000, 0x000000008a100000| Untracked 
| 162|0x000000008a200000, 0x000000008a200000, 0x000000008a300000|  0%| F|  |TAMS 0x000000008a200000, 0x000000008a200000| Untracked 
| 163|0x000000008a300000, 0x000000008a300000, 0x000000008a400000|  0%| F|  |TAMS 0x000000008a300000, 0x000000008a300000| Untracked 
| 164|0x000000008a400000, 0x000000008a400000, 0x000000008a500000|  0%| F|  |TAMS 0x000000008a400000, 0x000000008a400000| Untracked 
| 165|0x000000008a500000, 0x000000008a500000, 0x000000008a600000|  0%| F|  |TAMS 0x000000008a500000, 0x000000008a500000| Untracked 
| 166|0x000000008a600000, 0x000000008a600000, 0x000000008a700000|  0%| F|  |TAMS 0x000000008a600000, 0x000000008a600000| Untracked 
| 167|0x000000008a700000, 0x000000008a700000, 0x000000008a800000|  0%| F|  |TAMS 0x000000008a700000, 0x000000008a700000| Untracked 
| 168|0x000000008a800000, 0x000000008a800000, 0x000000008a900000|  0%| F|  |TAMS 0x000000008a800000, 0x000000008a800000| Untracked 
| 169|0x000000008a900000, 0x000000008a900000, 0x000000008aa00000|  0%| F|  |TAMS 0x000000008a900000, 0x000000008a900000| Untracked 
| 170|0x000000008aa00000, 0x000000008aa00000, 0x000000008ab00000|  0%| F|  |TAMS 0x000000008aa00000, 0x000000008aa00000| Untracked 
| 171|0x000000008ab00000, 0x000000008ab00000, 0x000000008ac00000|  0%| F|  |TAMS 0x000000008ab00000, 0x000000008ab00000| Untracked 
| 172|0x000000008ac00000, 0x000000008ac00000, 0x000000008ad00000|  0%| F|  |TAMS 0x000000008ac00000, 0x000000008ac00000| Untracked 
| 173|0x000000008ad00000, 0x000000008ad00000, 0x000000008ae00000|  0%| F|  |TAMS 0x000000008ad00000, 0x000000008ad00000| Untracked 
| 174|0x000000008ae00000, 0x000000008ae00000, 0x000000008af00000|  0%| F|  |TAMS 0x000000008ae00000, 0x000000008ae00000| Untracked 
| 175|0x000000008af00000, 0x000000008af00000, 0x000000008b000000|  0%| F|  |TAMS 0x000000008af00000, 0x000000008af00000| Untracked 
| 176|0x000000008b000000, 0x000000008b000000, 0x000000008b100000|  0%| F|  |TAMS 0x000000008b000000, 0x000000008b000000| Untracked 
| 177|0x000000008b100000, 0x000000008b100000, 0x000000008b200000|  0%| F|  |TAMS 0x000000008b100000, 0x000000008b100000| Untracked 
| 178|0x000000008b200000, 0x000000008b200000, 0x000000008b300000|  0%| F|  |TAMS 0x000000008b200000, 0x000000008b200000| Untracked 
| 179|0x000000008b300000, 0x000000008b300000, 0x000000008b400000|  0%| F|  |TAMS 0x000000008b300000, 0x000000008b300000| Untracked 
| 180|0x000000008b400000, 0x000000008b400000, 0x000000008b500000|  0%| F|  |TAMS 0x000000008b400000, 0x000000008b400000| Untracked 
| 181|0x000000008b500000, 0x000000008b500000, 0x000000008b600000|  0%| F|  |TAMS 0x000000008b500000, 0x000000008b500000| Untracked 
| 182|0x000000008b600000, 0x000000008b600000, 0x000000008b700000|  0%| F|  |TAMS 0x000000008b600000, 0x000000008b600000| Untracked 
| 183|0x000000008b700000, 0x000000008b700000, 0x000000008b800000|  0%| F|  |TAMS 0x000000008b700000, 0x000000008b700000| Untracked 
| 184|0x000000008b800000, 0x000000008b800000, 0x000000008b900000|  0%| F|  |TAMS 0x000000008b800000, 0x000000008b800000| Untracked 
| 185|0x000000008b900000, 0x000000008b900000, 0x000000008ba00000|  0%| F|  |TAMS 0x000000008b900000, 0x000000008b900000| Untracked 
| 186|0x000000008ba00000, 0x000000008ba00000, 0x000000008bb00000|  0%| F|  |TAMS 0x000000008ba00000, 0x000000008ba00000| Untracked 
| 187|0x000000008bb00000, 0x000000008bb00000, 0x000000008bc00000|  0%| F|  |TAMS 0x000000008bb00000, 0x000000008bb00000| Untracked 
| 188|0x000000008bc00000, 0x000000008bc00000, 0x000000008bd00000|  0%| F|  |TAMS 0x000000008bc00000, 0x000000008bc00000| Untracked 
| 189|0x000000008bd00000, 0x000000008bd00000, 0x000000008be00000|  0%| F|  |TAMS 0x000000008bd00000, 0x000000008bd00000| Untracked 
| 190|0x000000008be00000, 0x000000008be00000, 0x000000008bf00000|  0%| F|  |TAMS 0x000000008be00000, 0x000000008be00000| Untracked 
| 191|0x000000008bf00000, 0x000000008bf00000, 0x000000008c000000|  0%| F|  |TAMS 0x000000008bf00000, 0x000000008bf00000| Untracked 
| 192|0x000000008c000000, 0x000000008c000000, 0x000000008c100000|  0%| F|  |TAMS 0x000000008c000000, 0x000000008c000000| Untracked 
| 193|0x000000008c100000, 0x000000008c100000, 0x000000008c200000|  0%| F|  |TAMS 0x000000008c100000, 0x000000008c100000| Untracked 
| 194|0x000000008c200000, 0x000000008c200000, 0x000000008c300000|  0%| F|  |TAMS 0x000000008c200000, 0x000000008c200000| Untracked 
| 195|0x000000008c300000, 0x000000008c300000, 0x000000008c400000|  0%| F|  |TAMS 0x000000008c300000, 0x000000008c300000| Untracked 
| 196|0x000000008c400000, 0x000000008c400000, 0x000000008c500000|  0%| F|  |TAMS 0x000000008c400000, 0x000000008c400000| Untracked 
| 197|0x000000008c500000, 0x000000008c500000, 0x000000008c600000|  0%| F|  |TAMS 0x000000008c500000, 0x000000008c500000| Untracked 
| 198|0x000000008c600000, 0x000000008c600000, 0x000000008c700000|  0%| F|  |TAMS 0x000000008c600000, 0x000000008c600000| Untracked 
| 199|0x000000008c700000, 0x000000008c700000, 0x000000008c800000|  0%| F|  |TAMS 0x000000008c700000, 0x000000008c700000| Untracked 
| 200|0x000000008c800000, 0x000000008c800000, 0x000000008c900000|  0%| F|  |TAMS 0x000000008c800000, 0x000000008c800000| Untracked 
| 201|0x000000008c900000, 0x000000008c900000, 0x000000008ca00000|  0%| F|  |TAMS 0x000000008c900000, 0x000000008c900000| Untracked 
| 202|0x000000008ca00000, 0x000000008ca00000, 0x000000008cb00000|  0%| F|  |TAMS 0x000000008ca00000, 0x000000008ca00000| Untracked 
| 203|0x000000008cb00000, 0x000000008cb00000, 0x000000008cc00000|  0%| F|  |TAMS 0x000000008cb00000, 0x000000008cb00000| Untracked 
| 204|0x000000008cc00000, 0x000000008cc00000, 0x000000008cd00000|  0%| F|  |TAMS 0x000000008cc00000, 0x000000008cc00000| Untracked 
| 205|0x000000008cd00000, 0x000000008cd00000, 0x000000008ce00000|  0%| F|  |TAMS 0x000000008cd00000, 0x000000008cd00000| Untracked 
| 206|0x000000008ce00000, 0x000000008ce00000, 0x000000008cf00000|  0%| F|  |TAMS 0x000000008ce00000, 0x000000008ce00000| Untracked 
| 207|0x000000008cf00000, 0x000000008cf00000, 0x000000008d000000|  0%| F|  |TAMS 0x000000008cf00000, 0x000000008cf00000| Untracked 
| 208|0x000000008d000000, 0x000000008d000000, 0x000000008d100000|  0%| F|  |TAMS 0x000000008d000000, 0x000000008d000000| Untracked 
| 209|0x000000008d100000, 0x000000008d100000, 0x000000008d200000|  0%| F|  |TAMS 0x000000008d100000, 0x000000008d100000| Untracked 
| 210|0x000000008d200000, 0x000000008d200000, 0x000000008d300000|  0%| F|  |TAMS 0x000000008d200000, 0x000000008d200000| Untracked 
| 211|0x000000008d300000, 0x000000008d300000, 0x000000008d400000|  0%| F|  |TAMS 0x000000008d300000, 0x000000008d300000| Untracked 
| 212|0x000000008d400000, 0x000000008d400000, 0x000000008d500000|  0%| F|  |TAMS 0x000000008d400000, 0x000000008d400000| Untracked 
| 213|0x000000008d500000, 0x000000008d500000, 0x000000008d600000|  0%| F|  |TAMS 0x000000008d500000, 0x000000008d500000| Untracked 
| 214|0x000000008d600000, 0x000000008d600000, 0x000000008d700000|  0%| F|  |TAMS 0x000000008d600000, 0x000000008d600000| Untracked 
| 215|0x000000008d700000, 0x000000008d700000, 0x000000008d800000|  0%| F|  |TAMS 0x000000008d700000, 0x000000008d700000| Untracked 
| 216|0x000000008d800000, 0x000000008d800000, 0x000000008d900000|  0%| F|  |TAMS 0x000000008d800000, 0x000000008d800000| Untracked 
| 217|0x000000008d900000, 0x000000008d900000, 0x000000008da00000|  0%| F|  |TAMS 0x000000008d900000, 0x000000008d900000| Untracked 
| 218|0x000000008da00000, 0x000000008da00000, 0x000000008db00000|  0%| F|  |TAMS 0x000000008da00000, 0x000000008da00000| Untracked 
| 219|0x000000008db00000, 0x000000008db00000, 0x000000008dc00000|  0%| F|  |TAMS 0x000000008db00000, 0x000000008db00000| Untracked 

Card table byte_map: [0x00000215271c0000,0x00000215275c0000] _byte_map_base: 0x0000021526dc0000

Marking Bits (Prev, Next): (CMBitMap*) 0x0000021513fe2f20, (CMBitMap*) 0x0000021513fe2ee8
 Prev Bits: [0x00000215299c0000, 0x000002152b9c0000)
 Next Bits: [0x00000215279c0000, 0x00000215299c0000)

Polling page: 0x0000021511f50000

Metaspace:

Usage:
  Non-class:     90.57 MB capacity,    88.58 MB ( 98%) used,     1.61 MB (  2%) free+waste,   397.38 KB ( <1%) overhead. 
      Class:     14.93 MB capacity,    13.59 MB ( 91%) used,     1.15 MB (  8%) free+waste,   193.38 KB (  1%) overhead. 
       Both:    105.50 MB capacity,   102.17 MB ( 97%) used,     2.76 MB (  3%) free+waste,   590.75 KB ( <1%) overhead. 

Virtual space:
  Non-class space:       92.00 MB reserved,      90.74 MB ( 99%) committed 
      Class space:        1.00 GB reserved,      15.00 MB (  1%) committed 
             Both:        1.09 GB reserved,     105.74 MB (  9%) committed 

Chunk freelists:
   Non-Class:  46.00 KB
       Class:  7.00 KB
        Both:  53.00 KB

MaxMetaspaceSize: 17179869184.00 GB
CompressedClassSpaceSize: 1.00 GB

CodeHeap 'non-profiled nmethods': size=120000Kb used=4881Kb max_used=4881Kb free=115118Kb
 bounds [0x000002151f560000, 0x000002151fa30000, 0x0000021526a90000]
CodeHeap 'profiled nmethods': size=120000Kb used=25230Kb max_used=25230Kb free=94769Kb
 bounds [0x0000021518030000, 0x00000215198e0000, 0x000002151f560000]
CodeHeap 'non-nmethods': size=5760Kb used=2306Kb max_used=2339Kb free=3453Kb
 bounds [0x0000021517a90000, 0x0000021517d00000, 0x0000021518030000]
 total_blobs=13343 nmethods=12427 adapters=826
 compilation: enabled
              stopped_count=0, restarted_count=0
 full_count=0

Compilation events (20 events):
Event: 28.659 Thread 0x000002152ed9b000 nmethod 12934 0x00000215198cc010 code [0x00000215198cc1e0, 0x00000215198cc3b8]
Event: 28.659 Thread 0x000002152ed9b000 12900       2       java.util.Comparator$$Lambda$163/0x000000010036f440::get$Lambda (9 bytes)
Event: 28.659 Thread 0x000002152ed9b000 nmethod 12900 0x00000215198cc510 code [0x00000215198cc6c0, 0x00000215198cc838]
Event: 28.659 Thread 0x000002152ed9b000 12901       2       java.util.Comparator$$Lambda$163/0x000000010036f440::<init> (10 bytes)
Event: 28.659 Thread 0x000002152ed9b000 nmethod 12901 0x00000215198cc910 code [0x00000215198ccac0, 0x00000215198ccbf8]
Event: 28.659 Thread 0x000002152ed9b000 12922       2       com.android.tools.r8.internal.Sr::O1 (8 bytes)
Event: 28.659 Thread 0x000002152ed9b000 nmethod 12922 0x00000215198ccc90 code [0x00000215198cce60, 0x00000215198ccfd8]
Event: 28.659 Thread 0x000002152ed9b000 12930       2       java.util.LinkedList::remove (5 bytes)
Event: 28.660 Thread 0x000002152ed9b000 nmethod 12930 0x00000215198cd090 code [0x00000215198cd260, 0x00000215198cd438]
Event: 28.660 Thread 0x000002152ed9b000 12915       2       com.android.tools.r8.internal.Lj::a (4 bytes)
Event: 28.660 Thread 0x000002152ed9b000 nmethod 12915 0x00000215198cd590 code [0x00000215198cd740, 0x00000215198cd818]
Event: 28.660 Thread 0x000002152ed9b000 12933       2       com.android.tools.r8.internal.dd::a (16 bytes)
Event: 28.660 Thread 0x000002152ed9b000 nmethod 12933 0x00000215198cd890 code [0x00000215198cda60, 0x00000215198cdef8]
Event: 28.660 Thread 0x000002152ed9b000 12938       2       com.android.tools.r8.ir.regalloc.a::a (946 bytes)
Event: 28.667 Thread 0x000002152ed9b000 nmethod 12938 0x00000215198ce090 code [0x00000215198ce7a0, 0x00000215198d12c8]
Event: 28.667 Thread 0x000002152ed9b000 12945       3       java.util.Collection::removeIf (51 bytes)
Event: 28.668 Thread 0x000002152ed9b000 nmethod 12945 0x00000215198d2e10 code [0x00000215198d3040, 0x00000215198d37b8]
Event: 28.668 Thread 0x000002152ed9b000 12947 % !   3       com.android.tools.r8.graph.i::a @ 133 (1446 bytes)
Event: 28.690 Thread 0x000002152ed9a000 nmethod 12653 0x000002151fa21e10 code [0x000002151fa220e0, 0x000002151fa239c8]
Event: 28.691 Thread 0x000002152ed9a000 12903       4       com.android.tools.r8.graph.c0::a (258 bytes)

GC Heap History (20 events):
Event: 24.548 GC heap after
{Heap after GC invocations=32 (full 0):
 garbage-first heap   total 155648K, used 91381K [0x0000000080000000, 0x0000000100000000)
  region size 1024K, 4 young (4096K), 4 survivors (4096K)
 Metaspace       used 87083K, capacity 89202K, committed 89592K, reserved 1126400K
  class space    used 11145K, capacity 11953K, committed 12032K, reserved 1048576K
}
Event: 25.019 GC heap before
{Heap before GC invocations=32 (full 0):
 garbage-first heap   total 155648K, used 126197K [0x0000000080000000, 0x0000000100000000)
  region size 1024K, 39 young (39936K), 4 survivors (4096K)
 Metaspace       used 87284K, capacity 89390K, committed 89592K, reserved 1126400K
  class space    used 11159K, capacity 11966K, committed 12032K, reserved 1048576K
}
Event: 25.030 GC heap after
{Heap after GC invocations=33 (full 0):
 garbage-first heap   total 187392K, used 93757K [0x0000000080000000, 0x0000000100000000)
  region size 1024K, 4 young (4096K), 4 survivors (4096K)
 Metaspace       used 87284K, capacity 89390K, committed 89592K, reserved 1126400K
  class space    used 11159K, capacity 11966K, committed 12032K, reserved 1048576K
}
Event: 25.622 GC heap before
{Heap before GC invocations=34 (full 0):
 garbage-first heap   total 187392K, used 142909K [0x0000000080000000, 0x0000000100000000)
  region size 1024K, 53 young (54272K), 4 survivors (4096K)
 Metaspace       used 89588K, capacity 91682K, committed 92024K, reserved 1128448K
  class space    used 11477K, capacity 12275K, committed 12416K, reserved 1048576K
}
Event: 25.631 GC heap after
{Heap after GC invocations=35 (full 0):
 garbage-first heap   total 187392K, used 95028K [0x0000000080000000, 0x0000000100000000)
  region size 1024K, 6 young (6144K), 6 survivors (6144K)
 Metaspace       used 89588K, capacity 91682K, committed 92024K, reserved 1128448K
  class space    used 11477K, capacity 12275K, committed 12416K, reserved 1048576K
}
Event: 26.149 GC heap before
{Heap before GC invocations=35 (full 0):
 garbage-first heap   total 187392K, used 144180K [0x0000000080000000, 0x0000000100000000)
  region size 1024K, 55 young (56320K), 6 survivors (6144K)
 Metaspace       used 91385K, capacity 93571K, committed 93688K, reserved 1130496K
  class space    used 11682K, capacity 12475K, committed 12544K, reserved 1048576K
}
Event: 26.162 GC heap after
{Heap after GC invocations=36 (full 0):
 garbage-first heap   total 187392K, used 98534K [0x0000000080000000, 0x0000000100000000)
  region size 1024K, 7 young (7168K), 7 survivors (7168K)
 Metaspace       used 91385K, capacity 93571K, committed 93688K, reserved 1130496K
  class space    used 11682K, capacity 12475K, committed 12544K, reserved 1048576K
}
Event: 26.565 GC heap before
{Heap before GC invocations=37 (full 0):
 garbage-first heap   total 187392K, used 147686K [0x0000000080000000, 0x0000000100000000)
  region size 1024K, 56 young (57344K), 7 survivors (7168K)
 Metaspace       used 91397K, capacity 93573K, committed 93688K, reserved 1130496K
  class space    used 11682K, capacity 12475K, committed 12544K, reserved 1048576K
}
Event: 26.577 GC heap after
{Heap after GC invocations=38 (full 0):
 garbage-first heap   total 187392K, used 100352K [0x0000000080000000, 0x0000000100000000)
  region size 1024K, 4 young (4096K), 4 survivors (4096K)
 Metaspace       used 91397K, capacity 93573K, committed 93688K, reserved 1130496K
  class space    used 11682K, capacity 12475K, committed 12544K, reserved 1048576K
}
Event: 26.701 GC heap before
{Heap before GC invocations=38 (full 0):
 garbage-first heap   total 187392K, used 113664K [0x0000000080000000, 0x0000000100000000)
  region size 1024K, 18 young (18432K), 4 survivors (4096K)
 Metaspace       used 91699K, capacity 93894K, committed 93944K, reserved 1130496K
  class space    used 11730K, capacity 12537K, committed 12544K, reserved 1048576K
}
Event: 26.713 GC heap after
{Heap after GC invocations=39 (full 0):
 garbage-first heap   total 225280K, used 101750K [0x0000000080000000, 0x0000000100000000)
  region size 1024K, 3 young (3072K), 3 survivors (3072K)
 Metaspace       used 91699K, capacity 93894K, committed 93944K, reserved 1130496K
  class space    used 11730K, capacity 12537K, committed 12544K, reserved 1048576K
}
Event: 27.257 GC heap before
{Heap before GC invocations=40 (full 0):
 garbage-first heap   total 225280K, used 164214K [0x0000000080000000, 0x0000000100000000)
  region size 1024K, 64 young (65536K), 3 survivors (3072K)
 Metaspace       used 95173K, capacity 97549K, committed 97656K, reserved 1134592K
  class space    used 12282K, capacity 13184K, committed 13184K, reserved 1048576K
}
Event: 27.265 GC heap after
{Heap after GC invocations=41 (full 0):
 garbage-first heap   total 225280K, used 105596K [0x0000000080000000, 0x0000000100000000)
  region size 1024K, 6 young (6144K), 6 survivors (6144K)
 Metaspace       used 95173K, capacity 97549K, committed 97656K, reserved 1134592K
  class space    used 12282K, capacity 13184K, committed 13184K, reserved 1048576K
}
Event: 27.833 GC heap before
{Heap before GC invocations=41 (full 0):
 garbage-first heap   total 225280K, used 169084K [0x0000000080000000, 0x0000000100000000)
  region size 1024K, 68 young (69632K), 6 survivors (6144K)
 Metaspace       used 101469K, capacity 104646K, committed 104952K, reserved 1138688K
  class space    used 13444K, capacity 14725K, committed 14848K, reserved 1048576K
}
Event: 27.847 GC heap after
{Heap after GC invocations=42 (full 0):
 garbage-first heap   total 225280K, used 111951K [0x0000000080000000, 0x0000000100000000)
  region size 1024K, 9 young (9216K), 9 survivors (9216K)
 Metaspace       used 101469K, capacity 104646K, committed 104952K, reserved 1138688K
  class space    used 13444K, capacity 14725K, committed 14848K, reserved 1048576K
}
Event: 28.149 GC heap before
{Heap before GC invocations=42 (full 0):
 garbage-first heap   total 225280K, used 173391K [0x0000000080000000, 0x0000000100000000)
  region size 1024K, 69 young (70656K), 9 survivors (9216K)
 Metaspace       used 103447K, capacity 106757K, committed 106872K, reserved 1140736K
  class space    used 13778K, capacity 15126K, committed 15232K, reserved 1048576K
}
Event: 28.165 GC heap after
{Heap after GC invocations=43 (full 0):
 garbage-first heap   total 225280K, used 114170K [0x0000000080000000, 0x0000000100000000)
  region size 1024K, 3 young (3072K), 3 survivors (3072K)
 Metaspace       used 103447K, capacity 106757K, committed 106872K, reserved 1140736K
  class space    used 13778K, capacity 15126K, committed 15232K, reserved 1048576K
}
Event: 28.521 GC heap before
{Heap before GC invocations=44 (full 0):
 garbage-first heap   total 225280K, used 176634K [0x0000000080000000, 0x0000000100000000)
  region size 1024K, 64 young (65536K), 3 survivors (3072K)
 Metaspace       used 104167K, capacity 107536K, committed 107640K, reserved 1142784K
  class space    used 13855K, capacity 15210K, committed 15232K, reserved 1048576K
}
Event: 28.529 GC heap after
{Heap after GC invocations=45 (full 0):
 garbage-first heap   total 225280K, used 114016K [0x0000000080000000, 0x0000000100000000)
  region size 1024K, 3 young (3072K), 3 survivors (3072K)
 Metaspace       used 104167K, capacity 107536K, committed 107640K, reserved 1142784K
  class space    used 13855K, capacity 15210K, committed 15232K, reserved 1048576K
}
Event: 28.692 GC heap before
{Heap before GC invocations=45 (full 0):
 garbage-first heap   total 225280K, used 177504K [0x0000000080000000, 0x0000000100000000)
  region size 1024K, 66 young (67584K), 3 survivors (3072K)
 Metaspace       used 104622K, capacity 108035K, committed 108280K, reserved 1142784K
  class space    used 13918K, capacity 15289K, committed 15360K, reserved 1048576K
}

Deoptimization events (20 events):
Event: 28.571 Thread 0x00000215336bb000 Uncommon trap: trap_request=0xffffff6e fr.pc=0x000002151f908bdc relative=0x00000000000006fc
Event: 28.571 Thread 0x00000215336bb000 Uncommon trap: reason=speculate_class_check action=maybe_recompile pc=0x000002151f908bdc method=sun.security.provider.DigestBase.implCompressMultiBlock([BII)I @ 11 c2
Event: 28.571 Thread 0x00000215336bb000 DEOPT PACKING pc=0x000002151f908bdc sp=0x000000fd00ef93d0
Event: 28.571 Thread 0x00000215336bb000 DEOPT UNPACKING pc=0x0000021517ab78af sp=0x000000fd00ef9308 mode 2
Event: 28.577 Thread 0x00000215336c0000 DEOPT PACKING pc=0x00000215197c4151 sp=0x000000fd011f9cf0
Event: 28.577 Thread 0x00000215336c0000 DEOPT UNPACKING pc=0x0000021517ab76ce sp=0x000000fd011f9190 mode 0
Event: 28.583 Thread 0x00000215336c0000 DEOPT PACKING pc=0x00000215197c4151 sp=0x000000fd011f9c40
Event: 28.583 Thread 0x00000215336c0000 DEOPT UNPACKING pc=0x0000021517ab76ce sp=0x000000fd011f90e0 mode 0
Event: 28.589 Thread 0x00000215336c0000 DEOPT PACKING pc=0x00000215197c4151 sp=0x000000fd011f9cf0
Event: 28.589 Thread 0x00000215336c0000 DEOPT UNPACKING pc=0x0000021517ab76ce sp=0x000000fd011f9190 mode 0
Event: 28.598 Thread 0x00000215336c0000 DEOPT PACKING pc=0x00000215197c4151 sp=0x000000fd011f9b10
Event: 28.598 Thread 0x00000215336c0000 DEOPT UNPACKING pc=0x0000021517ab76ce sp=0x000000fd011f8fb0 mode 0
Event: 28.599 Thread 0x00000215336bb000 Uncommon trap: trap_request=0xffffff6e fr.pc=0x000002151f908bdc relative=0x00000000000006fc
Event: 28.599 Thread 0x00000215336bb000 Uncommon trap: reason=speculate_class_check action=maybe_recompile pc=0x000002151f908bdc method=sun.security.provider.DigestBase.implCompressMultiBlock([BII)I @ 11 c2
Event: 28.599 Thread 0x00000215336bb000 DEOPT PACKING pc=0x000002151f908bdc sp=0x000000fd00ef93b0
Event: 28.599 Thread 0x00000215336bb000 DEOPT UNPACKING pc=0x0000021517ab78af sp=0x000000fd00ef92e8 mode 2
Event: 28.616 Thread 0x00000215336c2800 DEOPT PACKING pc=0x00000215197d47f9 sp=0x000000fd015f9480
Event: 28.616 Thread 0x00000215336c2800 DEOPT UNPACKING pc=0x0000021517ab76ce sp=0x000000fd015f8970 mode 0
Event: 28.631 Thread 0x00000215336bc000 DEOPT PACKING pc=0x00000215197d47f9 sp=0x000000fd010f8f20
Event: 28.631 Thread 0x00000215336bc000 DEOPT UNPACKING pc=0x0000021517ab76ce sp=0x000000fd010f8410 mode 0

Classes redefined (0 events):
No events

Internal exceptions (20 events):
Event: 27.734 Thread 0x00000215336c1000 Exception <a 'java/lang/NoSuchMethodError'{0x000000008a608958}: 'void java.lang.invoke.DirectMethodHandle$Holder.invokeVirtual(java.lang.Object, java.lang.Object, int, java.lang.Object)'> (0x000000008a608958) thrown at [./src/hotspot/share/interpreter/linkResolver.cpp, line 773]
Event: 27.743 Thread 0x00000215336c1000 Exception <a 'java/lang/IncompatibleClassChangeError'{0x000000008a66e858}: Found class java.lang.Object, but interface was expected> (0x000000008a66e858) thrown at [./src/hotspot/share/interpreter/linkResolver.cpp, line 839]
Event: 27.745 Thread 0x00000215336c1000 Exception <a 'java/lang/IncompatibleClassChangeError'{0x000000008a6d9230}: Found class java.lang.Object, but interface was expected> (0x000000008a6d9230) thrown at [./src/hotspot/share/interpreter/linkResolver.cpp, line 839]
Event: 27.803 Thread 0x00000215336c1000 Exception <a 'java/lang/NoSuchMethodError'{0x000000008a142cc0}: 'int java.lang.invoke.DirectMethodHandle$Holder.invokeSpecial(java.lang.Object, java.lang.Object, java.lang.Object, int, java.lang.Object)'> (0x000000008a142cc0) thrown at [./src/hotspot/share/interpreter/linkResolver.cpp, line 773]
Event: 27.803 Thread 0x00000215336bf000 Exception <a 'java/lang/NoSuchMethodError'{0x000000008a12d9f8}: 'int java.lang.invoke.DirectMethodHandle$Holder.invokeSpecial(java.lang.Object, java.lang.Object, java.lang.Object, int, java.lang.Object)'> (0x000000008a12d9f8) thrown at [./src/hotspot/share/interpreter/linkResolver.cpp, line 773]
Event: 27.815 Thread 0x00000215336c1000 Exception <a 'java/lang/NoSuchMethodError'{0x000000008a1dd108}: 'java.lang.Object java.lang.invoke.DirectMethodHandle$Holder.newInvokeSpecial(java.lang.Object, int)'> (0x000000008a1dd108) thrown at [./src/hotspot/share/interpreter/linkResolver.cpp, line 773]
Event: 27.889 Thread 0x00000215336bf000 Exception <a 'java/lang/NoSuchMethodError'{0x000000008d597a08}: 'int java.lang.invoke.DirectMethodHandle$Holder.invokeInterface(java.lang.Object, java.lang.Object, int)'> (0x000000008d597a08) thrown at [./src/hotspot/share/interpreter/linkResolver.cpp, line 773]
Event: 27.982 Thread 0x00000215336c1000 Exception <a 'java/lang/NoSuchMethodError'{0x000000008c24c510}: 'void java.lang.invoke.DirectMethodHandle$Holder.invokeSpecial(java.lang.Object, java.lang.Object, int, java.lang.Object, java.lang.Object, java.lang.Object, java.lang.Object)'> (0x000000008c24c510) thrown at [./src/hotspot/share/interpreter/linkResolver.cpp, line 773]
Event: 27.984 Thread 0x00000215336c1000 Exception <a 'java/lang/NoSuchMethodError'{0x000000008c258110}: 'java.lang.Object java.lang.invoke.Invokers$Holder.linkToTargetMethod(java.lang.Object, int, java.lang.Object, java.lang.Object, java.lang.Object, java.lang.Object)'> (0x000000008c258110) thrown at [./src/hotspot/share/interpreter/linkResolver.cpp, line 773]
Event: 27.985 Thread 0x00000215336c1000 Exception <a 'java/lang/NoSuchMethodError'{0x000000008c2b2ab0}: 'void java.lang.invoke.DirectMethodHandle$Holder.invokeSpecial(java.lang.Object, java.lang.Object, java.lang.Object, java.lang.Object, java.lang.Object, java.lang.Object, java.lang.Object, java.lang.Object, java.lang.Object)'> (0x000000008c2b2ab0) thrown at [./src/hotspot/share/interpreter/linkResolver.cpp, line 773]
Event: 27.998 Thread 0x00000215336c1000 Exception <a 'java/lang/NoSuchMethodError'{0x000000008c2ed490}: 'void java.lang.invoke.DirectMethodHandle$Holder.invokeStatic(java.lang.Object, java.lang.Object, java.lang.Object, java.lang.Object, java.lang.Object, java.lang.Object, java.lang.Object, java.lang.Object)'> (0x000000008c2ed490) thrown at [./src/hotspot/share/interpreter/linkResolver.cpp, line 773]
Event: 28.035 Thread 0x00000215336bf000 Exception <a 'java/lang/NoSuchMethodError'{0x000000008ba2b7e0}: 'java.lang.Object java.lang.invoke.DirectMethodHandle$Holder.invokeInterface(java.lang.Object, java.lang.Object, int)'> (0x000000008ba2b7e0) thrown at [./src/hotspot/share/interpreter/linkResolver.cpp, line 773]
Event: 28.100 Thread 0x00000215336c1000 Exception <a 'java/lang/IncompatibleClassChangeError'{0x000000008ab3fa68}: Found class java.lang.Object, but interface was expected> (0x000000008ab3fa68) thrown at [./src/hotspot/share/interpreter/linkResolver.cpp, line 839]
Event: 28.264 Thread 0x00000215336c1000 Exception <a 'java/lang/NoSuchMethodError'{0x000000008c737bd0}: 'void java.lang.invoke.DirectMethodHandle$Holder.invokeVirtual(java.lang.Object, java.lang.Object, int)'> (0x000000008c737bd0) thrown at [./src/hotspot/share/interpreter/linkResolver.cpp, line 773]
Event: 28.420 Thread 0x00000215336c1800 Exception <a 'sun/nio/fs/WindowsException'{0x000000008b2f6998}> (0x000000008b2f6998) thrown at [./src/hotspot/share/prims/jni.cpp, line 615]
Event: 28.469 Thread 0x00000215336c1000 Exception <a 'sun/nio/fs/WindowsException'{0x000000008b6110d8}> (0x000000008b6110d8) thrown at [./src/hotspot/share/prims/jni.cpp, line 615]
Event: 28.535 Thread 0x00000215336c1000 Exception <a 'sun/nio/fs/WindowsException'{0x000000008d8de258}> (0x000000008d8de258) thrown at [./src/hotspot/share/prims/jni.cpp, line 615]
Event: 28.593 Thread 0x00000215336bb000 Exception <a 'java/lang/NoSuchMethodError'{0x000000008c00c048}: 'java.lang.Object java.lang.invoke.DirectMethodHandle$Holder.invokeSpecial(java.lang.Object, java.lang.Object, java.lang.Object, java.lang.Object, java.lang.Object, java.lang.Object, java.lang.Object, java.lang.Object, java.lang.Object, java.lang.Object, java.lang.Object)'> (0x000000008c00c048) thrown at [./src/hotspot/share/interpreter/linkResolver.cpp, line 773]
Event: 28.595 Thread 0x00000215336bb000 Exception <a 'java/lang/NoSuchMethodError'{0x000000008c0178f8}: 'java.lang.Object java.lang.invoke.Invokers$Holder.linkToTargetMethod(java.lang.Object, java.lang.Object, java.lang.Object, java.lang.Object, java.lang.Object, java.lang.Object, java.lang.Object, java.lang.Object, java.lang.Object, java.lang.Object)'> (0x000000008c0178f8) thrown at [./src/hotspot/share/interpreter/linkResolver.cpp, line 773]
Event: 28.621 Thread 0x00000215336bb000 Exception <a 'java/lang/IncompatibleClassChangeError'{0x000000008b853930}: Found class java.lang.Object, but interface was expected> (0x000000008b853930) thrown at [./src/hotspot/share/interpreter/linkResolver.cpp, line 839]

Events (20 events):
Event: 28.654 loading class com/android/tools/r8/code/s0 done
Event: 28.655 loading class com/android/tools/r8/code/u0
Event: 28.655 loading class com/android/tools/r8/code/u0 done
Event: 28.655 loading class com/android/tools/r8/code/A0
Event: 28.655 loading class com/android/tools/r8/code/A0 done
Event: 28.655 loading class com/android/tools/r8/code/z0
Event: 28.655 loading class com/android/tools/r8/code/z0 done
Event: 28.656 loading class com/android/tools/r8/code/B0
Event: 28.656 loading class com/android/tools/r8/code/B0 done
Event: 28.656 loading class com/android/tools/r8/code/c2
Event: 28.656 loading class com/android/tools/r8/code/c2 done
Event: 28.658 loading class com/android/tools/r8/code/a2
Event: 28.658 loading class com/android/tools/r8/code/a2 done
Event: 28.660 loading class com/android/tools/r8/code/b2
Event: 28.660 loading class com/android/tools/r8/code/b2 done
Event: 28.663 loading class com/android/tools/r8/internal/Dt$a
Event: 28.663 loading class com/android/tools/r8/internal/Dt$a done
Event: 28.668 loading class com/android/tools/r8/internal/Nv
Event: 28.668 loading class com/android/tools/r8/internal/Nv done
Event: 28.692 Executing VM operation: G1CollectForAllocation


Dynamic libraries:
0x00007ff674cf0000 - 0x00007ff674cfa000 	C:\Program Files\Android\Android Studio1\jre\bin\java.exe
0x00007ffee6580000 - 0x00007ffee6789000 	C:\WINDOWS\SYSTEM32\ntdll.dll
0x00007ffee5200000 - 0x00007ffee52bd000 	C:\WINDOWS\System32\KERNEL32.DLL
0x00007ffee3c10000 - 0x00007ffee3f84000 	C:\WINDOWS\System32\KERNELBASE.dll
0x00007ffee3a70000 - 0x00007ffee3b81000 	C:\WINDOWS\System32\ucrtbase.dll
0x00007ffed0300000 - 0x00007ffed0317000 	C:\Program Files\Android\Android Studio1\jre\bin\VCRUNTIME140.dll
0x00007ffed02a0000 - 0x00007ffed02b9000 	C:\Program Files\Android\Android Studio1\jre\bin\jli.dll
0x00007ffee4dc0000 - 0x00007ffee4f6c000 	C:\WINDOWS\System32\USER32.dll
0x00007ffece2f0000 - 0x00007ffece595000 	C:\WINDOWS\WinSxS\amd64_microsoft.windows.common-controls_6595b64144ccf1df_6.0.22000.120_none_9d947278b86cc467\COMCTL32.dll
0x00007ffee40c0000 - 0x00007ffee40e6000 	C:\WINDOWS\System32\win32u.dll
0x00007ffee5950000 - 0x00007ffee59f3000 	C:\WINDOWS\System32\msvcrt.dll
0x00007ffee5920000 - 0x00007ffee5949000 	C:\WINDOWS\System32\GDI32.dll
0x00007ffee4190000 - 0x00007ffee42a2000 	C:\WINDOWS\System32\gdi32full.dll
0x00007ffee40f0000 - 0x00007ffee418d000 	C:\WINDOWS\System32\msvcp_win.dll
0x00007ffee4d80000 - 0x00007ffee4db1000 	C:\WINDOWS\System32\IMM32.DLL
0x00007ffeaca90000 - 0x00007ffeacb2d000 	C:\Program Files\Android\Android Studio1\jre\bin\msvcp140.dll
0x00007ffe973a0000 - 0x00007ffe97e6f000 	C:\Program Files\Android\Android Studio1\jre\bin\server\jvm.dll
0x00007ffee4f70000 - 0x00007ffee501e000 	C:\WINDOWS\System32\ADVAPI32.dll
0x00007ffee5160000 - 0x00007ffee51fe000 	C:\WINDOWS\System32\sechost.dll
0x00007ffee5040000 - 0x00007ffee5160000 	C:\WINDOWS\System32\RPCRT4.dll
0x00007ffee5a00000 - 0x00007ffee5a08000 	C:\WINDOWS\System32\PSAPI.DLL
0x00007ffed5670000 - 0x00007ffed567a000 	C:\WINDOWS\SYSTEM32\VERSION.dll
0x00007ffedc4b0000 - 0x00007ffedc4e3000 	C:\WINDOWS\SYSTEM32\WINMM.dll
0x00007ffec1120000 - 0x00007ffec1129000 	C:\WINDOWS\SYSTEM32\WSOCK32.dll
0x00007ffee5a10000 - 0x00007ffee5a7f000 	C:\WINDOWS\System32\WS2_32.dll
0x00007ffee2c60000 - 0x00007ffee2c78000 	C:\WINDOWS\SYSTEM32\kernel.appcore.dll
0x00007ffedc920000 - 0x00007ffedc931000 	C:\Program Files\Android\Android Studio1\jre\bin\verify.dll
0x00007ffee1070000 - 0x00007ffee1291000 	C:\WINDOWS\SYSTEM32\DBGHELP.DLL
0x00007ffec4850000 - 0x00007ffec4881000 	C:\WINDOWS\SYSTEM32\dbgcore.DLL
0x00007ffee3b90000 - 0x00007ffee3c0f000 	C:\WINDOWS\System32\bcryptPrimitives.dll
0x00007ffedc610000 - 0x00007ffedc639000 	C:\Program Files\Android\Android Studio1\jre\bin\java.dll
0x00007ffedd910000 - 0x00007ffedd91b000 	C:\Program Files\Android\Android Studio1\jre\bin\jimage.dll
0x00007ffed2de0000 - 0x00007ffed2df8000 	C:\Program Files\Android\Android Studio1\jre\bin\zip.dll
0x00007ffee5a80000 - 0x00007ffee622e000 	C:\WINDOWS\System32\SHELL32.dll
0x00007ffee1bf0000 - 0x00007ffee2458000 	C:\WINDOWS\SYSTEM32\windows.storage.dll
0x00007ffee4a00000 - 0x00007ffee4d78000 	C:\WINDOWS\System32\combase.dll
0x00007ffee1a80000 - 0x00007ffee1be6000 	C:\WINDOWS\SYSTEM32\wintypes.dll
0x00007ffee6230000 - 0x00007ffee631a000 	C:\WINDOWS\System32\SHCORE.dll
0x00007ffee53f0000 - 0x00007ffee544d000 	C:\WINDOWS\System32\shlwapi.dll
0x00007ffee39a0000 - 0x00007ffee39c1000 	C:\WINDOWS\SYSTEM32\profapi.dll
0x00007ffed0240000 - 0x00007ffed025a000 	C:\Program Files\Android\Android Studio1\jre\bin\net.dll
0x00007ffeddd60000 - 0x00007ffedde6c000 	C:\WINDOWS\SYSTEM32\WINHTTP.dll
0x00007ffee3090000 - 0x00007ffee30f7000 	C:\WINDOWS\system32\mswsock.dll
0x00007ffed00b0000 - 0x00007ffed00c4000 	C:\Program Files\Android\Android Studio1\jre\bin\nio.dll
0x00007ffed0320000 - 0x00007ffed0347000 	C:\Users\ASUS\.gradle\native\8bec1ad78214c89d9ad589b4d07fe93259594b29d510b10fafb7a158f7737e5d\windows-amd64\native-platform.dll
0x00007ffea23e0000 - 0x00007ffea251d000 	C:\Users\ASUS\.gradle\native\53dbd7edfb1c66fb8903c78663c9afc45aea4f116125fa6feffd364cf09443e8\windows-amd64\native-platform-file-events.dll
0x00007ffedc4f0000 - 0x00007ffedc4fa000 	C:\Program Files\Android\Android Studio1\jre\bin\management.dll
0x00007ffed2dd0000 - 0x00007ffed2ddc000 	C:\Program Files\Android\Android Studio1\jre\bin\management_ext.dll
0x00007ffee32d0000 - 0x00007ffee32e8000 	C:\WINDOWS\SYSTEM32\CRYPTSP.dll
0x00007ffee2bc0000 - 0x00007ffee2bf5000 	C:\WINDOWS\system32\rsaenh.dll
0x00007ffee3180000 - 0x00007ffee31a9000 	C:\WINDOWS\SYSTEM32\USERENV.dll
0x00007ffee3450000 - 0x00007ffee3477000 	C:\WINDOWS\SYSTEM32\bcrypt.dll
0x00007ffee32f0000 - 0x00007ffee32fc000 	C:\WINDOWS\SYSTEM32\CRYPTBASE.dll
0x00007ffee2790000 - 0x00007ffee27bd000 	C:\WINDOWS\SYSTEM32\IPHLPAPI.DLL
0x00007ffee52c0000 - 0x00007ffee52c9000 	C:\WINDOWS\System32\NSI.dll
0x00007ffeddf40000 - 0x00007ffeddf59000 	C:\WINDOWS\SYSTEM32\dhcpcsvc6.DLL
0x00007ffede330000 - 0x00007ffede34e000 	C:\WINDOWS\SYSTEM32\dhcpcsvc.DLL
0x00007ffee2800000 - 0x00007ffee28e7000 	C:\WINDOWS\SYSTEM32\DNSAPI.dll

dbghelp: loaded successfully - version: 4.0.5 - missing functions: none
symbol engine: initialized successfully - sym options: 0x614 - pdb path: .;C:\Program Files\Android\Android Studio1\jre\bin;C:\WINDOWS\SYSTEM32;C:\WINDOWS\WinSxS\amd64_microsoft.windows.common-controls_6595b64144ccf1df_6.0.22000.120_none_9d947278b86cc467;C:\Program Files\Android\Android Studio1\jre\bin\server;C:\Users\ASUS\.gradle\native\8bec1ad78214c89d9ad589b4d07fe93259594b29d510b10fafb7a158f7737e5d\windows-amd64;C:\Users\ASUS\.gradle\native\53dbd7edfb1c66fb8903c78663c9afc45aea4f116125fa6feffd364cf09443e8\windows-amd64

VM Arguments:
jvm_args: --add-opens=java.base/java.util=ALL-UNNAMED --add-opens=java.base/java.lang=ALL-UNNAMED --add-opens=java.base/java.lang.invoke=ALL-UNNAMED --add-opens=java.base/java.util=ALL-UNNAMED --add-opens=java.prefs/java.util.prefs=ALL-UNNAMED --add-opens=java.prefs/java.util.prefs=ALL-UNNAMED --add-opens=java.base/java.nio.charset=ALL-UNNAMED --add-opens=java.base/java.net=ALL-UNNAMED --add-opens=java.base/java.util.concurrent.atomic=ALL-UNNAMED -Xmx2048m -Dfile.encoding=UTF-8 -Duser.country=ID -Duser.language=en -Duser.variant 
java_command: org.gradle.launcher.daemon.bootstrap.GradleDaemon 7.0.2
java_class_path (initial): C:\Users\ASUS\.gradle\wrapper\dists\gradle-7.0.2-bin\857tjihv64xamwrf0h14cai3r\gradle-7.0.2\lib\gradle-launcher-7.0.2.jar
Launcher Type: SUN_STANDARD

[Global flags]
     intx CICompilerCount                          = 4                                         {product} {ergonomic}
     uint ConcGCThreads                            = 2                                         {product} {ergonomic}
     uint G1ConcRefinementThreads                  = 8                                         {product} {ergonomic}
   size_t G1HeapRegionSize                         = 1048576                                   {product} {ergonomic}
    uintx GCDrainStackTargetSize                   = 64                                        {product} {ergonomic}
   size_t InitialHeapSize                          = 132120576                                 {product} {ergonomic}
   size_t MarkStackSize                            = 4194304                                   {product} {ergonomic}
   size_t MaxHeapSize                              = 2147483648                                {product} {command line}
   size_t MaxNewSize                               = 1287651328                                {product} {ergonomic}
   size_t MinHeapDeltaBytes                        = 1048576                                   {product} {ergonomic}
    uintx NonNMethodCodeHeapSize                   = 5836300                                {pd product} {ergonomic}
    uintx NonProfiledCodeHeapSize                  = 122910970                              {pd product} {ergonomic}
    uintx ProfiledCodeHeapSize                     = 122910970                              {pd product} {ergonomic}
    uintx ReservedCodeCacheSize                    = 251658240                              {pd product} {ergonomic}
     bool SegmentedCodeCache                       = true                                      {product} {ergonomic}
     bool UseCompressedClassPointers               = true                                 {lp64_product} {ergonomic}
     bool UseCompressedOops                        = true                                 {lp64_product} {ergonomic}
     bool UseG1GC                                  = true                                      {product} {ergonomic}
     bool UseLargePagesIndividualAllocation        = false                                  {pd product} {ergonomic}

Logging:
Log output configuration:
 #0: stdout all=warning uptime,level,tags
 #1: stderr all=off uptime,level,tags

Environment Variables:
PATH=C:\Users\ASUS\platform-tools_r31.0.3-windows\platform-tools\systrace\catapult\common\bin;C:\Python310\;C:\ProgramData\Oracle\Java\javapath;C:\Program Files\Common Files\Oracle\Java\javapath;C:\Windows\system32;C:\Windows;C:\Windows\System32\Wbem;C:\Windows\System32\WindowsPowerShell\v1.0\;C:\Windows\System32\OpenSSH\;C:\Program Files (x86)\NVIDIA Corporation\PhysX\Common;C:\Program Files\NVIDIA Corporation\NVIDIA NvDLISR;C:\composer;C:\ProgramData\ComposerSetup\bin;C:\Program Files\gradle-6.9.1\bin;C:\WINDOWS\system32;C:\WINDOWS;C:\WINDOWS\System32\Wbem;C:\WINDOWS\System32\WindowsPowerShell\v1.0\;C:\WINDOWS\System32\OpenSSH\;C:\Program Files\nodejs\;C:\ProgramData\chocolatey\bin;C:\Users\ASUS\flutter\bin;C:\Program Files\Git\bin;C:\Program Files\Git\cmd;C:\Users\ASUS\AppData\Local\Android\sdk\tools\bin;C:\Users\ASUS\flutter\bin;C:\Users\ASUS\AppData\Local\Microsoft\WindowsApps;C:\Program Files\MongoDB\Server\4.4\bin;C:\xampp\php;C:\Users\ASUS\AppData\Roaming\Composer\vendor\bin;C:\Python27;C:\Program Files\gradle-6.9.1\bin;C:\Users\ASUS\AppData\Roaming\npm;C:\Users\ASUS\AppData\Local\Android\sdk\tools\bin;C:\Users\ASUS\AppData\Local\Programs\Microsoft VS Code\bin
USERNAME=ASUS
OS=Windows_NT
PROCESSOR_IDENTIFIER=Intel64 Family 6 Model 158 Stepping 10, GenuineIntel



---------------  S Y S T E M  ---------------

OS: Windows 10 , 64 bit Build 22000 (10.0.22000.434)
OS uptime: 9 days 2:22 hours

CPU:total 8 (initial active 8) (4 cores per cpu, 2 threads per core) family 6 model 158 stepping 10 microcode 0xde, cmov, cx8, fxsr, mmx, sse, sse2, sse3, ssse3, sse4.1, sse4.2, popcnt, avx, avx2, aes, clmul, erms, 3dnowpref, lzcnt, ht, tsc, tscinvbit, bmi1, bmi2, adx, fma

Memory: 4k page, system-wide physical 8047M (203M free)
TotalPageFile size 32623M (AvailPageFile size 3M)
current process WorkingSet (physical memory assigned to process): 468M, peak: 468M
current process commit charge ("private bytes"): 551M, peak: 595M

vm_info: OpenJDK 64-Bit Server VM (11.0.10+0-b96-7249189) for windows-amd64 JRE (11.0.10+0-b96-7249189), built on Mar 31 2021 21:44:00 by "builder" with MS VC++ 14.0 (VS2015)

END.
