#
# There is insufficient memory for the Java Runtime Environment to continue.
# Native memory allocation (mmap) failed to map 72351744 bytes for Failed to commit area from 0x0000000095700000 to 0x0000000099c00000 of length 72351744.
# Possible reasons:
#   The system is out of physical RAM or swap space
#   The process is running with CompressedOops enabled, and the Java Heap may be blocking the growth of the native heap
# Possible solutions:
#   Reduce memory load on the system
#   Increase physical memory or swap space
#   Check if swap backing store is full
#   Decrease Java heap size (-Xmx/-Xms)
#   Decrease number of Java threads
#   Decrease Java thread stack sizes (-Xss)
#   Set larger code cache with -XX:ReservedCodeCacheSize=
#   JVM is running with Unscaled Compressed Oops mode in which the Java heap is
#     placed in the first 4GB address space. The Java Heap base address is the
#     maximum limit for the native heap growth. Please use -XX:HeapBaseMinAddress
#     to set the Java Heap base and to place the Java Heap above 4GB virtual address.
# This output file may be truncated or incomplete.
#
#  Out of Memory Error (./src/hotspot/os/windows/os_windows.cpp:3301), pid=7020, tid=2688
#
# JRE version: OpenJDK Runtime Environment (11.0.10) (build 11.0.10+0-b96-7249189)
# Java VM: OpenJDK 64-Bit Server VM (11.0.10+0-b96-7249189, mixed mode, tiered, compressed oops, g1 gc, windows-amd64)
# No core dump will be written. Minidumps are not enabled by default on client versions of Windows
#

---------------  S U M M A R Y ------------

Command Line: --add-opens=java.base/java.util=ALL-UNNAMED --add-opens=java.base/java.lang=ALL-UNNAMED --add-opens=java.base/java.lang.invoke=ALL-UNNAMED --add-opens=java.base/java.util=ALL-UNNAMED --add-opens=java.prefs/java.util.prefs=ALL-UNNAMED --add-opens=java.prefs/java.util.prefs=ALL-UNNAMED --add-opens=java.base/java.nio.charset=ALL-UNNAMED --add-opens=java.base/java.net=ALL-UNNAMED --add-opens=java.base/java.util.concurrent.atomic=ALL-UNNAMED -Xmx2048m -Dfile.encoding=UTF-8 -Duser.country=ID -Duser.language=en -Duser.variant org.gradle.launcher.daemon.bootstrap.GradleDaemon 7.0.2

Host: Intel(R) Core(TM) i5-8300H CPU @ 2.30GHz, 8 cores, 7G,  Windows 10 , 64 bit Build 22000 (10.0.22000.434)
Time: Wed Mar 30 10:28:46 2022 SE Asia Standard Time elapsed time: 28.209332 seconds (0d 0h 0m 28s)

---------------  T H R E A D  ---------------

Current thread (0x00000157dad82000):  VMThread "VM Thread" [stack: 0x00000035ecb00000,0x00000035ecc00000] [id=2688]

Stack: [0x00000035ecb00000,0x00000035ecc00000]
[error occurred during error reporting (printing stack bounds), id 0xc0000005, EXCEPTION_ACCESS_VIOLATION (0xc0000005) at pc=0x00000157c4410f2d]

Native frames: (J=compiled Java code, j=interpreted, Vv=VM code, C=native code)
V  [jvm.dll+0x5ecfaa]
V  [jvm.dll+0x722bd5]
V  [jvm.dll+0x72412d]
V  [jvm.dll+0x724745]
V  [jvm.dll+0x7246fb]
V  [jvm.dll+0x5ec348]
V  [jvm.dll+0x5ecad8]
C  [ntdll.dll+0xa86ef]
C  [ntdll.dll+0x35aea]
C  [ntdll.dll+0xa76fe]
C  0x00000157c4410f2d

VM_Operation (0x00000035ee7fd500): G1CollectForAllocation, mode: safepoint, requested by thread 0x00000157de9d7000


---------------  P R O C E S S  ---------------

Threads class SMR info:
_java_thread_list=0x00000157e13c7a60, length=51, elements={
0x00000157c0921800, 0x00000157dad83800, 0x00000157dad8f000, 0x00000157db714800,
0x00000157db715800, 0x00000157db716800, 0x00000157db721000, 0x00000157dada0000,
0x00000157dadab800, 0x00000157db860000, 0x00000157de986000, 0x00000157dc4b1800,
0x00000157dc648000, 0x00000157de985000, 0x00000157dcb1f800, 0x00000157de800800,
0x00000157deda0800, 0x00000157dc119800, 0x00000157deda3800, 0x00000157de9d6800,
0x00000157de9d7000, 0x00000157de9d3000, 0x00000157de9d4800, 0x00000157de9d8000,
0x00000157de9d2800, 0x00000157de9d4000, 0x00000157de9d9000, 0x00000157de9d5800,
0x00000157df03f800, 0x00000157df03a800, 0x00000157df03b800, 0x00000157df03d000,
0x00000157df039800, 0x00000157df041000, 0x00000157df03e800, 0x00000157df040000,
0x00000157df042000, 0x00000157df03c000, 0x00000157df042800, 0x00000157df045000,
0x00000157df047800, 0x00000157df044800, 0x00000157df048800, 0x00000157df046800,
0x00000157df046000, 0x00000157df00d000, 0x00000157df00a800, 0x00000157df00c000,
0x00000157df00b800, 0x00000157df007800, 0x00000157df00e000
}

Java Threads: ( => current thread )
  0x00000157c0921800 JavaThread "main" [_thread_blocked, id=7092, stack(0x00000035ec500000,0x00000035ec600000)]
  0x00000157dad83800 JavaThread "Reference Handler" daemon [_thread_blocked, id=12576, stack(0x00000035ecc00000,0x00000035ecd00000)]
  0x00000157dad8f000 JavaThread "Finalizer" daemon [_thread_blocked, id=17276, stack(0x00000035ecd00000,0x00000035ece00000)]
  0x00000157db714800 JavaThread "Signal Dispatcher" daemon [_thread_blocked, id=1944, stack(0x00000035ece00000,0x00000035ecf00000)]
  0x00000157db715800 JavaThread "Attach Listener" daemon [_thread_blocked, id=5352, stack(0x00000035ecf00000,0x00000035ed000000)]
  0x00000157db716800 JavaThread "Service Thread" daemon [_thread_blocked, id=14700, stack(0x00000035ed000000,0x00000035ed100000)]
  0x00000157db721000 JavaThread "C2 CompilerThread0" daemon [_thread_blocked, id=14060, stack(0x00000035ed100000,0x00000035ed200000)]
  0x00000157dada0000 JavaThread "C1 CompilerThread0" daemon [_thread_blocked, id=13420, stack(0x00000035ed200000,0x00000035ed300000)]
  0x00000157dadab800 JavaThread "Sweeper thread" daemon [_thread_blocked, id=15632, stack(0x00000035ed300000,0x00000035ed400000)]
  0x00000157db860000 JavaThread "Common-Cleaner" daemon [_thread_blocked, id=8992, stack(0x00000035ed400000,0x00000035ed500000)]
  0x00000157de986000 JavaThread "Daemon health stats" [_thread_blocked, id=4816, stack(0x00000035ed800000,0x00000035ed900000)]
  0x00000157dc4b1800 JavaThread "Incoming local TCP Connector on port 54474" [_thread_in_native, id=684, stack(0x00000035ed900000,0x00000035eda00000)]
  0x00000157dc648000 JavaThread "Daemon periodic checks" [_thread_blocked, id=10056, stack(0x00000035eda00000,0x00000035edb00000)]
  0x00000157de985000 JavaThread "Daemon" [_thread_blocked, id=4680, stack(0x00000035edb00000,0x00000035edc00000)]
  0x00000157dcb1f800 JavaThread "Handler for socket connection from /127.0.0.1:54474 to /127.0.0.1:54475" [_thread_in_native, id=9784, stack(0x00000035edc00000,0x00000035edd00000)]
  0x00000157de800800 JavaThread "Cancel handler" [_thread_blocked, id=7236, stack(0x00000035edd00000,0x00000035ede00000)]
  0x00000157deda0800 JavaThread "Daemon worker" [_thread_blocked, id=12872, stack(0x00000035ede00000,0x00000035edf00000)]
  0x00000157dc119800 JavaThread "Asynchronous log dispatcher for DefaultDaemonConnection: socket connection from /127.0.0.1:54474 to /127.0.0.1:54475" [_thread_blocked, id=15168, stack(0x00000035edf00000,0x00000035ee000000)]
  0x00000157deda3800 JavaThread "Stdin handler" [_thread_blocked, id=5584, stack(0x00000035ee000000,0x00000035ee100000)]
  0x00000157de9d6800 JavaThread "Daemon client event forwarder" [_thread_blocked, id=8564, stack(0x00000035ee100000,0x00000035ee200000)]
  0x00000157de9d7000 JavaThread "Cache worker for file hash cache (C:\Users\ASUS\.gradle\caches\7.0.2\fileHashes)" [_thread_blocked, id=15344, stack(0x00000035ee700000,0x00000035ee800000)]
  0x00000157de9d3000 JavaThread "File lock request listener" [_thread_in_native, id=10276, stack(0x00000035ee800000,0x00000035ee900000)]
  0x00000157de9d4800 JavaThread "Cache worker for journal cache (C:\Users\ASUS\.gradle\caches\journal-1)" [_thread_blocked, id=15256, stack(0x00000035eea00000,0x00000035eeb00000)]
  0x00000157de9d8000 JavaThread "Cache worker for file hash cache (C:\Users\ASUS\AndroidStudioProjects\gigiibuhamil\.gradle\7.0.2\fileHashes)" [_thread_blocked, id=12364, stack(0x00000035eeb00000,0x00000035eec00000)]
  0x00000157de9d2800 JavaThread "File watcher server" daemon [_thread_in_native, id=5124, stack(0x00000035eec00000,0x00000035eed00000)]
  0x00000157de9d4000 JavaThread "File watcher consumer" daemon [_thread_blocked, id=5084, stack(0x00000035eed00000,0x00000035eee00000)]
  0x00000157de9d9000 JavaThread "jar transforms" [_thread_blocked, id=11180, stack(0x00000035eee00000,0x00000035eef00000)]
  0x00000157de9d5800 JavaThread "jar transforms Thread 2" [_thread_blocked, id=14324, stack(0x00000035eef00000,0x00000035ef000000)]
  0x00000157df03f800 JavaThread "jar transforms Thread 3" [_thread_blocked, id=3788, stack(0x00000035ef000000,0x00000035ef100000)]
  0x00000157df03a800 JavaThread "jar transforms Thread 4" [_thread_blocked, id=15608, stack(0x00000035ef100000,0x00000035ef200000)]
  0x00000157df03b800 JavaThread "jar transforms Thread 5" [_thread_blocked, id=6960, stack(0x00000035ef200000,0x00000035ef300000)]
  0x00000157df03d000 JavaThread "jar transforms Thread 6" [_thread_blocked, id=5756, stack(0x00000035ef300000,0x00000035ef400000)]
  0x00000157df039800 JavaThread "jar transforms Thread 7" [_thread_blocked, id=17324, stack(0x00000035ef400000,0x00000035ef500000)]
  0x00000157df041000 JavaThread "jar transforms Thread 8" [_thread_blocked, id=8392, stack(0x00000035ef500000,0x00000035ef600000)]
  0x00000157df03e800 JavaThread "Cache worker for checksums cache (C:\Users\ASUS\AndroidStudioProjects\gigiibuhamil\.gradle\checksums)" [_thread_blocked, id=9528, stack(0x00000035ef600000,0x00000035ef700000)]
  0x00000157df040000 JavaThread "Cache worker for cache directory md-supplier (C:\Users\ASUS\.gradle\caches\7.0.2\md-supplier)" [_thread_blocked, id=16780, stack(0x00000035ef700000,0x00000035ef800000)]
  0x00000157df042000 JavaThread "Cache worker for cache directory md-rule (C:\Users\ASUS\.gradle\caches\7.0.2\md-rule)" [_thread_blocked, id=5880, stack(0x00000035ef800000,0x00000035ef900000)]
  0x00000157df03c000 JavaThread "Cache worker for execution history cache (C:\Users\ASUS\.gradle\caches\7.0.2\executionHistory)" [_thread_blocked, id=14364, stack(0x00000035ef900000,0x00000035efa00000)]
  0x00000157df042800 JavaThread "Cache worker for file content cache (C:\Users\ASUS\.gradle\caches\7.0.2\fileContent)" [_thread_blocked, id=16064, stack(0x00000035efa00000,0x00000035efb00000)]
  0x00000157df045000 JavaThread "Cache worker for dependencies-accessors (C:\Users\ASUS\AndroidStudioProjects\gigiibuhamil\.gradle\7.0.2\dependencies-accessors)" [_thread_blocked, id=9160, stack(0x00000035efb00000,0x00000035efc00000)]
  0x00000157df047800 JavaThread "Cache worker for Build Output Cleanup Cache (C:\Users\ASUS\AndroidStudioProjects\gigiibuhamil\.gradle\buildOutputCleanup)" [_thread_blocked, id=3608, stack(0x00000035efc00000,0x00000035efd00000)]
  0x00000157df044800 JavaThread "Build operations" [_thread_blocked, id=17248, stack(0x00000035efd00000,0x00000035efe00000)]
  0x00000157df048800 JavaThread "Build operations Thread 2" [_thread_blocked, id=13752, stack(0x00000035efe00000,0x00000035eff00000)]
  0x00000157df046800 JavaThread "Build operations Thread 3" [_thread_blocked, id=12184, stack(0x00000035eff00000,0x00000035f0000000)]
  0x00000157df046000 JavaThread "Build operations Thread 4" [_thread_blocked, id=8036, stack(0x00000035f0000000,0x00000035f0100000)]
  0x00000157df00d000 JavaThread "Build operations Thread 5" [_thread_blocked, id=16292, stack(0x00000035f0100000,0x00000035f0200000)]
  0x00000157df00a800 JavaThread "Build operations Thread 6" [_thread_blocked, id=10952, stack(0x00000035f0200000,0x00000035f0300000)]
  0x00000157df00c000 JavaThread "Build operations Thread 7" [_thread_blocked, id=4184, stack(0x00000035f0300000,0x00000035f0400000)]
  0x00000157df00b800 JavaThread "Build operations Thread 8" [_thread_blocked, id=15548, stack(0x00000035f0400000,0x00000035f0500000)]
  0x00000157df007800 JavaThread "Memory manager" [_thread_blocked, id=844, stack(0x00000035f0500000,0x00000035f0600000)]
  0x00000157df00e000 JavaThread "pool-3-thread-1" [_thread_blocked, id=1272, stack(0x00000035f0600000,0x00000035f0700000)]

Other Threads:
=>0x00000157dad82000 VMThread "VM Thread" [stack: 0x00000035ecb00000,0x00000035ecc00000] [id=2688]
  0x00000157db86a000 WatcherThread [stack: 0x00000035ed500000,0x00000035ed600000] [id=11160]
  0x00000157c093b800 GCTaskThread "GC Thread#0" [stack: 0x00000035ec600000,0x00000035ec700000] [id=9832]
  0x00000157dc387800 GCTaskThread "GC Thread#1" [stack: 0x00000035ed600000,0x00000035ed700000] [id=15924]
  0x00000157dc103000 GCTaskThread "GC Thread#2" [stack: 0x00000035ed700000,0x00000035ed800000] [id=9976]
  0x00000157dea7a000 GCTaskThread "GC Thread#3" [stack: 0x00000035ee200000,0x00000035ee300000] [id=14124]
  0x00000157de7ff800 GCTaskThread "GC Thread#4" [stack: 0x00000035ee300000,0x00000035ee400000] [id=2808]
  0x00000157dea74800 GCTaskThread "GC Thread#5" [stack: 0x00000035ee400000,0x00000035ee500000] [id=5364]
  0x00000157deab8800 GCTaskThread "GC Thread#6" [stack: 0x00000035ee500000,0x00000035ee600000] [id=12260]
  0x00000157deab9000 GCTaskThread "GC Thread#7" [stack: 0x00000035ee600000,0x00000035ee700000] [id=16464]
  0x00000157c096e000 ConcurrentGCThread "G1 Main Marker" [stack: 0x00000035ec700000,0x00000035ec800000] [id=7776]
  0x00000157c096f000 ConcurrentGCThread "G1 Conc#0" [stack: 0x00000035ec800000,0x00000035ec900000] [id=9428]
  0x00000157dc6f9000 ConcurrentGCThread "G1 Conc#1" [stack: 0x00000035ee900000,0x00000035eea00000] [id=15112]
  0x00000157c09fd800 ConcurrentGCThread "G1 Refine#0" [stack: 0x00000035ec900000,0x00000035eca00000] [id=17568]
  0x00000157dabd2800 ConcurrentGCThread "G1 Young RemSet Sampling" [stack: 0x00000035eca00000,0x00000035ecb00000] [id=14688]

Threads with active compile tasks:
C2 CompilerThread0  28247 11868 %     4       org.objectweb.asm.ClassReader::readCode @ 1611 (5089 bytes)

VM state:at safepoint (normal execution)

VM Mutex/Monitor currently owned by a thread:  ([mutex/lock_event])
[0x00000157c091d150] Threads_lock - owner thread: 0x00000157dad82000
[0x00000157c091e590] Heap_lock - owner thread: 0x00000157de9d7000

OutOfMemory and StackOverflow Exception counts:
OutOfMemoryError java_heap_errors=1
LinkageErrors=152

Heap address: 0x0000000080000000, size: 2048 MB, Compressed Oops mode: 32-bit
Narrow klass base: 0x0000000000000000, Narrow klass shift: 3
Compressed class space size: 1073741824 Address: 0x0000000100000000

Heap:
 garbage-first heap   total 421888K, used 162292K [0x0000000080000000, 0x0000000100000000)
  region size 1024K, 11 young (11264K), 11 survivors (11264K)
 Metaspace       used 105645K, capacity 108157K, committed 108632K, reserved 1142784K
  class space    used 13413K, capacity 14285K, committed 14464K, reserved 1048576K
Heap Regions: E=young(eden), S=young(survivor), O=old, HS=humongous(starts), HC=humongous(continues), CS=collection set, F=free, A=archive, TAMS=top-at-mark-start (previous, next)
|   0|0x0000000080000000, 0x0000000080100000, 0x0000000080100000|100%| O|  |TAMS 0x0000000080100000, 0x0000000080000000| Complete 
|   1|0x0000000080100000, 0x0000000080200000, 0x0000000080200000|100%| O|  |TAMS 0x0000000080200000, 0x0000000080100000| Complete 
|   2|0x0000000080200000, 0x0000000080300000, 0x0000000080300000|100%| O|  |TAMS 0x0000000080300000, 0x0000000080200000| Untracked 
|   3|0x0000000080300000, 0x0000000080400000, 0x0000000080400000|100%|HS|  |TAMS 0x0000000080400000, 0x0000000080300000| Complete 
|   4|0x0000000080400000, 0x0000000080500000, 0x0000000080500000|100%|HC|  |TAMS 0x0000000080500000, 0x0000000080400000| Complete 
|   5|0x0000000080500000, 0x0000000080600000, 0x0000000080600000|100%|HC|  |TAMS 0x0000000080600000, 0x0000000080500000| Complete 
|   6|0x0000000080600000, 0x0000000080700000, 0x0000000080700000|100%| O|  |TAMS 0x0000000080700000, 0x0000000080600000| Untracked 
|   7|0x0000000080700000, 0x0000000080800000, 0x0000000080800000|100%| O|  |TAMS 0x0000000080800000, 0x0000000080700000| Untracked 
|   8|0x0000000080800000, 0x0000000080900000, 0x0000000080900000|100%| O|  |TAMS 0x0000000080900000, 0x0000000080800000| Untracked 
|   9|0x0000000080900000, 0x0000000080a00000, 0x0000000080a00000|100%| O|  |TAMS 0x0000000080a00000, 0x0000000080900000| Complete 
|  10|0x0000000080a00000, 0x0000000080b00000, 0x0000000080b00000|100%| O|  |TAMS 0x0000000080b00000, 0x0000000080a00000| Untracked 
|  11|0x0000000080b00000, 0x0000000080c00000, 0x0000000080c00000|100%| O|  |TAMS 0x0000000080c00000, 0x0000000080b00000| Untracked 
|  12|0x0000000080c00000, 0x0000000080d00000, 0x0000000080d00000|100%| O|  |TAMS 0x0000000080d00000, 0x0000000080c00000| Complete 
|  13|0x0000000080d00000, 0x0000000080e00000, 0x0000000080e00000|100%| O|  |TAMS 0x0000000080e00000, 0x0000000080d00000| Untracked 
|  14|0x0000000080e00000, 0x0000000080f00000, 0x0000000080f00000|100%| O|  |TAMS 0x0000000080f00000, 0x0000000080e00000| Untracked 
|  15|0x0000000080f00000, 0x0000000081000000, 0x0000000081000000|100%| O|  |TAMS 0x0000000081000000, 0x0000000080f00000| Untracked 
|  16|0x0000000081000000, 0x0000000081100000, 0x0000000081100000|100%| O|  |TAMS 0x0000000081100000, 0x0000000081000000| Complete 
|  17|0x0000000081100000, 0x0000000081200000, 0x0000000081200000|100%|HS|  |TAMS 0x0000000081200000, 0x0000000081100000| Complete 
|  18|0x0000000081200000, 0x0000000081300000, 0x0000000081300000|100%|HC|  |TAMS 0x0000000081300000, 0x0000000081200000| Complete 
|  19|0x0000000081300000, 0x0000000081400000, 0x0000000081400000|100%|HS|  |TAMS 0x0000000081400000, 0x0000000081300000| Complete 
|  20|0x0000000081400000, 0x0000000081500000, 0x0000000081500000|100%|HC|  |TAMS 0x0000000081500000, 0x0000000081400000| Complete 
|  21|0x0000000081500000, 0x0000000081600000, 0x0000000081600000|100%|HC|  |TAMS 0x0000000081600000, 0x0000000081500000| Complete 
|  22|0x0000000081600000, 0x0000000081700000, 0x0000000081700000|100%|HS|  |TAMS 0x0000000081700000, 0x0000000081600000| Complete 
|  23|0x0000000081700000, 0x0000000081800000, 0x0000000081800000|100%|HC|  |TAMS 0x0000000081800000, 0x0000000081700000| Complete 
|  24|0x0000000081800000, 0x0000000081900000, 0x0000000081900000|100%|HC|  |TAMS 0x0000000081900000, 0x0000000081800000| Complete 
|  25|0x0000000081900000, 0x0000000081a00000, 0x0000000081a00000|100%|HC|  |TAMS 0x0000000081a00000, 0x0000000081900000| Complete 
|  26|0x0000000081a00000, 0x0000000081b00000, 0x0000000081b00000|100%|HC|  |TAMS 0x0000000081b00000, 0x0000000081a00000| Complete 
|  27|0x0000000081b00000, 0x0000000081c00000, 0x0000000081c00000|100%| O|  |TAMS 0x0000000081c00000, 0x0000000081b00000| Untracked 
|  28|0x0000000081c00000, 0x0000000081d00000, 0x0000000081d00000|100%| O|  |TAMS 0x0000000081d00000, 0x0000000081c00000| Complete 
|  29|0x0000000081d00000, 0x0000000081e00000, 0x0000000081e00000|100%| O|  |TAMS 0x0000000081e00000, 0x0000000081d00000| Complete 
|  30|0x0000000081e00000, 0x0000000081f00000, 0x0000000081f00000|100%| O|  |TAMS 0x0000000081f00000, 0x0000000081e00000| Untracked 
|  31|0x0000000081f00000, 0x0000000082000000, 0x0000000082000000|100%|HS|  |TAMS 0x0000000082000000, 0x0000000081f00000| Complete 
|  32|0x0000000082000000, 0x0000000082100000, 0x0000000082100000|100%|HC|  |TAMS 0x0000000082100000, 0x0000000082000000| Complete 
|  33|0x0000000082100000, 0x0000000082200000, 0x0000000082200000|100%|HC|  |TAMS 0x0000000082200000, 0x0000000082100000| Complete 
|  34|0x0000000082200000, 0x0000000082300000, 0x0000000082300000|100%|HC|  |TAMS 0x0000000082300000, 0x0000000082200000| Complete 
|  35|0x0000000082300000, 0x0000000082400000, 0x0000000082400000|100%|HC|  |TAMS 0x0000000082400000, 0x0000000082300000| Complete 
|  36|0x0000000082400000, 0x0000000082500000, 0x0000000082500000|100%|HS|  |TAMS 0x0000000082500000, 0x0000000082400000| Complete 
|  37|0x0000000082500000, 0x0000000082600000, 0x0000000082600000|100%|HC|  |TAMS 0x0000000082600000, 0x0000000082500000| Complete 
|  38|0x0000000082600000, 0x0000000082700000, 0x0000000082700000|100%|HC|  |TAMS 0x0000000082700000, 0x0000000082600000| Complete 
|  39|0x0000000082700000, 0x0000000082800000, 0x0000000082800000|100%| O|  |TAMS 0x0000000082800000, 0x0000000082700000| Untracked 
|  40|0x0000000082800000, 0x0000000082900000, 0x0000000082900000|100%| O|  |TAMS 0x0000000082900000, 0x0000000082800000| Untracked 
|  41|0x0000000082900000, 0x0000000082a00000, 0x0000000082a00000|100%| O|  |TAMS 0x0000000082a00000, 0x0000000082900000| Untracked 
|  42|0x0000000082a00000, 0x0000000082b00000, 0x0000000082b00000|100%| O|  |TAMS 0x0000000082b00000, 0x0000000082a00000| Untracked 
|  43|0x0000000082b00000, 0x0000000082c00000, 0x0000000082c00000|100%| O|  |TAMS 0x0000000082c00000, 0x0000000082b00000| Untracked 
|  44|0x0000000082c00000, 0x0000000082d00000, 0x0000000082d00000|100%| O|  |TAMS 0x0000000082d00000, 0x0000000082c00000| Untracked 
|  45|0x0000000082d00000, 0x0000000082e00000, 0x0000000082e00000|100%| O|  |TAMS 0x0000000082e00000, 0x0000000082d00000| Untracked 
|  46|0x0000000082e00000, 0x0000000082f00000, 0x0000000082f00000|100%| O|  |TAMS 0x0000000082f00000, 0x0000000082e00000| Complete 
|  47|0x0000000082f00000, 0x0000000083000000, 0x0000000083000000|100%| O|  |TAMS 0x0000000083000000, 0x0000000082f00000| Untracked 
|  48|0x0000000083000000, 0x0000000083100000, 0x0000000083100000|100%| O|  |TAMS 0x0000000083100000, 0x0000000083000000| Complete 
|  49|0x0000000083100000, 0x0000000083200000, 0x0000000083200000|100%| O|  |TAMS 0x0000000083200000, 0x0000000083100000| Complete 
|  50|0x0000000083200000, 0x0000000083300000, 0x0000000083300000|100%| O|  |TAMS 0x0000000083300000, 0x0000000083200000| Untracked 
|  51|0x0000000083300000, 0x0000000083400000, 0x0000000083400000|100%| O|  |TAMS 0x0000000083400000, 0x0000000083300000| Untracked 
|  52|0x0000000083400000, 0x0000000083500000, 0x0000000083500000|100%| O|  |TAMS 0x0000000083500000, 0x0000000083400000| Complete 
|  53|0x0000000083500000, 0x0000000083600000, 0x0000000083600000|100%|HS|  |TAMS 0x0000000083600000, 0x0000000083500000| Complete 
|  54|0x0000000083600000, 0x0000000083700000, 0x0000000083700000|100%|HS|  |TAMS 0x0000000083700000, 0x0000000083600000| Complete 
|  55|0x0000000083700000, 0x0000000083800000, 0x0000000083800000|100%|HS|  |TAMS 0x0000000083800000, 0x0000000083700000| Complete 
|  56|0x0000000083800000, 0x0000000083900000, 0x0000000083900000|100%|HS|  |TAMS 0x0000000083900000, 0x0000000083800000| Complete 
|  57|0x0000000083900000, 0x0000000083a00000, 0x0000000083a00000|100%|HC|  |TAMS 0x0000000083a00000, 0x0000000083900000| Complete 
|  58|0x0000000083a00000, 0x0000000083b00000, 0x0000000083b00000|100%|HC|  |TAMS 0x0000000083b00000, 0x0000000083a00000| Complete 
|  59|0x0000000083b00000, 0x0000000083c00000, 0x0000000083c00000|100%|HS|  |TAMS 0x0000000083c00000, 0x0000000083b00000| Complete 
|  60|0x0000000083c00000, 0x0000000083d00000, 0x0000000083d00000|100%|HC|  |TAMS 0x0000000083d00000, 0x0000000083c00000| Complete 
|  61|0x0000000083d00000, 0x0000000083e00000, 0x0000000083e00000|100%| O|  |TAMS 0x0000000083e00000, 0x0000000083d00000| Untracked 
|  62|0x0000000083e00000, 0x0000000083f00000, 0x0000000083f00000|100%| O|  |TAMS 0x0000000083f00000, 0x0000000083e00000| Complete 
|  63|0x0000000083f00000, 0x0000000084000000, 0x0000000084000000|100%| O|  |TAMS 0x0000000084000000, 0x0000000083f00000| Untracked 
|  64|0x0000000084000000, 0x0000000084100000, 0x0000000084100000|100%| O|  |TAMS 0x0000000084100000, 0x0000000084000000| Complete 
|  65|0x0000000084100000, 0x0000000084200000, 0x0000000084200000|100%| O|  |TAMS 0x0000000084200000, 0x0000000084100000| Complete 
|  66|0x0000000084200000, 0x0000000084300000, 0x0000000084300000|100%| O|  |TAMS 0x0000000084300000, 0x0000000084200000| Complete 
|  67|0x0000000084300000, 0x0000000084400000, 0x0000000084400000|100%| O|  |TAMS 0x0000000084400000, 0x0000000084300000| Complete 
|  68|0x0000000084400000, 0x0000000084500000, 0x0000000084500000|100%| O|  |TAMS 0x0000000084500000, 0x0000000084400000| Untracked 
|  69|0x0000000084500000, 0x0000000084600000, 0x0000000084600000|100%| O|  |TAMS 0x0000000084600000, 0x0000000084500000| Untracked 
|  70|0x0000000084600000, 0x0000000084700000, 0x0000000084700000|100%| O|  |TAMS 0x0000000084700000, 0x0000000084600000| Untracked 
|  71|0x0000000084700000, 0x0000000084800000, 0x0000000084800000|100%| O|  |TAMS 0x0000000084800000, 0x0000000084700000| Untracked 
|  72|0x0000000084800000, 0x0000000084900000, 0x0000000084900000|100%| O|  |TAMS 0x0000000084900000, 0x0000000084800000| Untracked 
|  73|0x0000000084900000, 0x0000000084a00000, 0x0000000084a00000|100%| O|  |TAMS 0x0000000084a00000, 0x0000000084900000| Complete 
|  74|0x0000000084a00000, 0x0000000084b00000, 0x0000000084b00000|100%| O|  |TAMS 0x0000000084b00000, 0x0000000084a00000| Untracked 
|  75|0x0000000084b00000, 0x0000000084c00000, 0x0000000084c00000|100%| O|  |TAMS 0x0000000084c00000, 0x0000000084b00000| Complete 
|  76|0x0000000084c00000, 0x0000000084d00000, 0x0000000084d00000|100%| O|  |TAMS 0x0000000084d00000, 0x0000000084c00000| Complete 
|  77|0x0000000084d00000, 0x0000000084e00000, 0x0000000084e00000|100%| O|  |TAMS 0x0000000084e00000, 0x0000000084d00000| Complete 
|  78|0x0000000084e00000, 0x0000000084f00000, 0x0000000084f00000|100%| O|  |TAMS 0x0000000084f00000, 0x0000000084e00000| Untracked 
|  79|0x0000000084f00000, 0x0000000085000000, 0x0000000085000000|100%| O|  |TAMS 0x0000000085000000, 0x0000000084f00000| Untracked 
|  80|0x0000000085000000, 0x0000000085100000, 0x0000000085100000|100%| O|  |TAMS 0x0000000085100000, 0x0000000085000000| Untracked 
|  81|0x0000000085100000, 0x0000000085200000, 0x0000000085200000|100%| O|  |TAMS 0x0000000085200000, 0x0000000085100000| Untracked 
|  82|0x0000000085200000, 0x0000000085300000, 0x0000000085300000|100%| O|  |TAMS 0x0000000085300000, 0x0000000085200000| Untracked 
|  83|0x0000000085300000, 0x0000000085400000, 0x0000000085400000|100%| O|  |TAMS 0x0000000085400000, 0x0000000085300000| Untracked 
|  84|0x0000000085400000, 0x0000000085500000, 0x0000000085500000|100%| O|  |TAMS 0x0000000085500000, 0x0000000085400000| Complete 
|  85|0x0000000085500000, 0x0000000085600000, 0x0000000085600000|100%| O|  |TAMS 0x0000000085600000, 0x0000000085500000| Untracked 
|  86|0x0000000085600000, 0x0000000085700000, 0x0000000085700000|100%| O|  |TAMS 0x0000000085700000, 0x0000000085600000| Untracked 
|  87|0x0000000085700000, 0x0000000085800000, 0x0000000085800000|100%| O|  |TAMS 0x0000000085800000, 0x0000000085700000| Untracked 
|  88|0x0000000085800000, 0x0000000085900000, 0x0000000085900000|100%| O|  |TAMS 0x0000000085900000, 0x0000000085800000| Untracked 
|  89|0x0000000085900000, 0x0000000085a00000, 0x0000000085a00000|100%| O|  |TAMS 0x0000000085a00000, 0x0000000085900000| Untracked 
|  90|0x0000000085a00000, 0x0000000085b00000, 0x0000000085b00000|100%| O|  |TAMS 0x0000000085b00000, 0x0000000085a00000| Untracked 
|  91|0x0000000085b00000, 0x0000000085c00000, 0x0000000085c00000|100%| O|  |TAMS 0x0000000085c00000, 0x0000000085b00000| Complete 
|  92|0x0000000085c00000, 0x0000000085d00000, 0x0000000085d00000|100%| O|  |TAMS 0x0000000085d00000, 0x0000000085c00000| Untracked 
|  93|0x0000000085d00000, 0x0000000085e00000, 0x0000000085e00000|100%| O|  |TAMS 0x0000000085e00000, 0x0000000085d00000| Untracked 
|  94|0x0000000085e00000, 0x0000000085f00000, 0x0000000085f00000|100%| O|  |TAMS 0x0000000085f00000, 0x0000000085e00000| Untracked 
|  95|0x0000000085f00000, 0x0000000086000000, 0x0000000086000000|100%| O|  |TAMS 0x0000000086000000, 0x0000000085f00000| Untracked 
|  96|0x0000000086000000, 0x0000000086100000, 0x0000000086100000|100%| O|  |TAMS 0x0000000086100000, 0x0000000086000000| Untracked 
|  97|0x0000000086100000, 0x0000000086200000, 0x0000000086200000|100%| O|  |TAMS 0x0000000086200000, 0x0000000086100000| Untracked 
|  98|0x0000000086200000, 0x0000000086300000, 0x0000000086300000|100%| O|  |TAMS 0x0000000086300000, 0x0000000086200000| Untracked 
|  99|0x0000000086300000, 0x0000000086400000, 0x0000000086400000|100%| O|  |TAMS 0x0000000086400000, 0x0000000086300000| Untracked 
| 100|0x0000000086400000, 0x0000000086500000, 0x0000000086500000|100%| O|  |TAMS 0x0000000086500000, 0x0000000086400000| Untracked 
| 101|0x0000000086500000, 0x0000000086600000, 0x0000000086600000|100%| O|  |TAMS 0x0000000086600000, 0x0000000086500000| Untracked 
| 102|0x0000000086600000, 0x0000000086700000, 0x0000000086700000|100%| O|  |TAMS 0x0000000086700000, 0x0000000086600000| Complete 
| 103|0x0000000086700000, 0x0000000086800000, 0x0000000086800000|100%| O|  |TAMS 0x0000000086800000, 0x0000000086700000| Untracked 
| 104|0x0000000086800000, 0x0000000086900000, 0x0000000086900000|100%| O|  |TAMS 0x0000000086900000, 0x0000000086800000| Untracked 
| 105|0x0000000086900000, 0x0000000086a00000, 0x0000000086a00000|100%| O|  |TAMS 0x0000000086a00000, 0x0000000086900000| Untracked 
| 106|0x0000000086a00000, 0x0000000086b00000, 0x0000000086b00000|100%| O|  |TAMS 0x0000000086b00000, 0x0000000086a00000| Complete 
| 107|0x0000000086b00000, 0x0000000086c00000, 0x0000000086c00000|100%| O|  |TAMS 0x0000000086c00000, 0x0000000086b00000| Untracked 
| 108|0x0000000086c00000, 0x0000000086d00000, 0x0000000086d00000|100%| O|  |TAMS 0x0000000086d00000, 0x0000000086c00000| Untracked 
| 109|0x0000000086d00000, 0x0000000086e00000, 0x0000000086e00000|100%| O|  |TAMS 0x0000000086e00000, 0x0000000086d00000| Untracked 
| 110|0x0000000086e00000, 0x0000000086f00000, 0x0000000086f00000|100%| O|  |TAMS 0x0000000086f00000, 0x0000000086e00000| Complete 
| 111|0x0000000086f00000, 0x0000000087000000, 0x0000000087000000|100%| O|  |TAMS 0x0000000087000000, 0x0000000086f00000| Complete 
| 112|0x0000000087000000, 0x0000000087100000, 0x0000000087100000|100%| O|  |TAMS 0x0000000087100000, 0x0000000087000000| Untracked 
| 113|0x0000000087100000, 0x0000000087200000, 0x0000000087200000|100%| O|  |TAMS 0x0000000087200000, 0x0000000087100000| Untracked 
| 114|0x0000000087200000, 0x0000000087300000, 0x0000000087300000|100%| O|  |TAMS 0x0000000087300000, 0x0000000087200000| Complete 
| 115|0x0000000087300000, 0x0000000087400000, 0x0000000087400000|100%| O|  |TAMS 0x0000000087300000, 0x0000000087300000| Untracked 
| 116|0x0000000087400000, 0x0000000087500000, 0x0000000087500000|100%| O|  |TAMS 0x0000000087500000, 0x0000000087400000| Complete 
| 117|0x0000000087500000, 0x0000000087600000, 0x0000000087600000|100%| O|  |TAMS 0x0000000087600000, 0x0000000087500000| Complete 
| 118|0x0000000087600000, 0x0000000087700000, 0x0000000087700000|100%| O|  |TAMS 0x0000000087700000, 0x0000000087600000| Complete 
| 119|0x0000000087700000, 0x0000000087800000, 0x0000000087800000|100%| O|  |TAMS 0x0000000087800000, 0x0000000087700000| Complete 
| 120|0x0000000087800000, 0x0000000087900000, 0x0000000087900000|100%| O|  |TAMS 0x0000000087900000, 0x0000000087800000| Complete 
| 121|0x0000000087900000, 0x0000000087a00000, 0x0000000087a00000|100%| O|  |TAMS 0x0000000087a00000, 0x0000000087900000| Untracked 
| 122|0x0000000087a00000, 0x0000000087b00000, 0x0000000087b00000|100%| O|  |TAMS 0x0000000087b00000, 0x0000000087a00000| Complete 
| 123|0x0000000087b00000, 0x0000000087c00000, 0x0000000087c00000|100%| O|  |TAMS 0x0000000087c00000, 0x0000000087b00000| Untracked 
| 124|0x0000000087c00000, 0x0000000087d00000, 0x0000000087d00000|100%| O|  |TAMS 0x0000000087d00000, 0x0000000087c00000| Untracked 
| 125|0x0000000087d00000, 0x0000000087e00000, 0x0000000087e00000|100%| O|  |TAMS 0x0000000087e00000, 0x0000000087d00000| Complete 
| 126|0x0000000087e00000, 0x0000000087f00000, 0x0000000087f00000|100%| O|  |TAMS 0x0000000087f00000, 0x0000000087e00000| Untracked 
| 127|0x0000000087f00000, 0x0000000088000000, 0x0000000088000000|100%| O|  |TAMS 0x0000000088000000, 0x0000000087f00000| Complete 
| 128|0x0000000088000000, 0x0000000088100000, 0x0000000088100000|100%| O|  |TAMS 0x0000000088100000, 0x0000000088000000| Complete 
| 129|0x0000000088100000, 0x0000000088200000, 0x0000000088200000|100%| O|  |TAMS 0x0000000088200000, 0x0000000088100000| Complete 
| 130|0x0000000088200000, 0x0000000088300000, 0x0000000088300000|100%| O|  |TAMS 0x0000000088300000, 0x0000000088200000| Complete 
| 131|0x0000000088300000, 0x0000000088400000, 0x0000000088400000|100%| O|  |TAMS 0x0000000088400000, 0x0000000088300000| Untracked 
| 132|0x0000000088400000, 0x0000000088500000, 0x0000000088500000|100%| O|  |TAMS 0x0000000088500000, 0x0000000088400000| Complete 
| 133|0x0000000088500000, 0x0000000088600000, 0x0000000088600000|100%| O|  |TAMS 0x0000000088600000, 0x0000000088500000| Untracked 
| 134|0x0000000088600000, 0x0000000088700000, 0x0000000088700000|100%| O|  |TAMS 0x0000000088700000, 0x0000000088600000| Untracked 
| 135|0x0000000088700000, 0x0000000088800000, 0x0000000088800000|100%| O|  |TAMS 0x0000000088800000, 0x0000000088700000| Untracked 
| 136|0x0000000088800000, 0x0000000088900000, 0x0000000088900000|100%| O|  |TAMS 0x0000000088840400, 0x0000000088800000| Untracked 
| 137|0x0000000088900000, 0x0000000088a00000, 0x0000000088a00000|100%| O|  |TAMS 0x0000000088a00000, 0x0000000088900000| Complete 
| 138|0x0000000088a00000, 0x0000000088b00000, 0x0000000088b00000|100%| O|  |TAMS 0x0000000088b00000, 0x0000000088a00000| Complete 
| 139|0x0000000088b00000, 0x0000000088c00000, 0x0000000088c00000|100%| O|  |TAMS 0x0000000088c00000, 0x0000000088b00000| Untracked 
| 140|0x0000000088c00000, 0x0000000088d00000, 0x0000000088d00000|100%| O|  |TAMS 0x0000000088d00000, 0x0000000088c00000| Untracked 
| 141|0x0000000088d00000, 0x0000000088e00000, 0x0000000088e00000|100%| O|  |TAMS 0x0000000088e00000, 0x0000000088d00000| Untracked 
| 142|0x0000000088e00000, 0x0000000088f00000, 0x0000000088f00000|100%| O|  |TAMS 0x0000000088f00000, 0x0000000088e00000| Complete 
| 143|0x0000000088f00000, 0x0000000088f00000, 0x0000000089000000|  0%| F|  |TAMS 0x0000000088f00000, 0x0000000088f00000| Untracked 
| 144|0x0000000089000000, 0x0000000089000000, 0x0000000089100000|  0%| F|  |TAMS 0x0000000089000000, 0x0000000089000000| Untracked 
| 145|0x0000000089100000, 0x0000000089200000, 0x0000000089200000|100%|HS|  |TAMS 0x0000000089100000, 0x0000000089100000| Complete 
| 146|0x0000000089200000, 0x0000000089300000, 0x0000000089300000|100%|HC|  |TAMS 0x0000000089200000, 0x0000000089200000| Complete 
| 147|0x0000000089300000, 0x0000000089400000, 0x0000000089400000|100%|HC|  |TAMS 0x0000000089300000, 0x0000000089300000| Complete 
| 148|0x0000000089400000, 0x0000000089500000, 0x0000000089500000|100%|HC|  |TAMS 0x0000000089400000, 0x0000000089400000| Complete 
| 149|0x0000000089500000, 0x0000000089500000, 0x0000000089600000|  0%| F|  |TAMS 0x0000000089500000, 0x0000000089500000| Untracked 
| 150|0x0000000089600000, 0x0000000089600000, 0x0000000089700000|  0%| F|  |TAMS 0x0000000089600000, 0x0000000089600000| Untracked 
| 151|0x0000000089700000, 0x0000000089700000, 0x0000000089800000|  0%| F|  |TAMS 0x0000000089700000, 0x0000000089700000| Untracked 
| 152|0x0000000089800000, 0x0000000089800000, 0x0000000089900000|  0%| F|  |TAMS 0x0000000089800000, 0x0000000089800000| Untracked 
| 153|0x0000000089900000, 0x0000000089900000, 0x0000000089a00000|  0%| F|  |TAMS 0x0000000089900000, 0x0000000089900000| Untracked 
| 154|0x0000000089a00000, 0x0000000089a00000, 0x0000000089b00000|  0%| F|  |TAMS 0x0000000089a00000, 0x0000000089a00000| Untracked 
| 155|0x0000000089b00000, 0x0000000089b00000, 0x0000000089c00000|  0%| F|  |TAMS 0x0000000089b00000, 0x0000000089b00000| Untracked 
| 156|0x0000000089c00000, 0x0000000089c00000, 0x0000000089d00000|  0%| F|  |TAMS 0x0000000089c00000, 0x0000000089c00000| Untracked 
| 157|0x0000000089d00000, 0x0000000089d00000, 0x0000000089e00000|  0%| F|  |TAMS 0x0000000089d00000, 0x0000000089d00000| Untracked 
| 158|0x0000000089e00000, 0x0000000089e00000, 0x0000000089f00000|  0%| F|  |TAMS 0x0000000089e00000, 0x0000000089e00000| Untracked 
| 159|0x0000000089f00000, 0x0000000089f00000, 0x000000008a000000|  0%| F|  |TAMS 0x0000000089f00000, 0x0000000089f00000| Untracked 
| 160|0x000000008a000000, 0x000000008a000000, 0x000000008a100000|  0%| F|  |TAMS 0x000000008a000000, 0x000000008a000000| Untracked 
| 161|0x000000008a100000, 0x000000008a100000, 0x000000008a200000|  0%| F|  |TAMS 0x000000008a100000, 0x000000008a100000| Untracked 
| 162|0x000000008a200000, 0x000000008a200000, 0x000000008a300000|  0%| F|  |TAMS 0x000000008a200000, 0x000000008a200000| Untracked 
| 163|0x000000008a300000, 0x000000008a300000, 0x000000008a400000|  0%| F|  |TAMS 0x000000008a300000, 0x000000008a300000| Untracked 
| 164|0x000000008a400000, 0x000000008a400000, 0x000000008a500000|  0%| F|  |TAMS 0x000000008a400000, 0x000000008a400000| Untracked 
| 165|0x000000008a500000, 0x000000008a500000, 0x000000008a600000|  0%| F|  |TAMS 0x000000008a500000, 0x000000008a500000| Untracked 
| 166|0x000000008a600000, 0x000000008a600000, 0x000000008a700000|  0%| F|  |TAMS 0x000000008a600000, 0x000000008a600000| Untracked 
| 167|0x000000008a700000, 0x000000008a700000, 0x000000008a800000|  0%| F|  |TAMS 0x000000008a700000, 0x000000008a700000| Untracked 
| 168|0x000000008a800000, 0x000000008a800000, 0x000000008a900000|  0%| F|  |TAMS 0x000000008a800000, 0x000000008a800000| Untracked 
| 169|0x000000008a900000, 0x000000008a900000, 0x000000008aa00000|  0%| F|  |TAMS 0x000000008a900000, 0x000000008a900000| Untracked 
| 170|0x000000008aa00000, 0x000000008aa00000, 0x000000008ab00000|  0%| F|  |TAMS 0x000000008aa00000, 0x000000008aa00000| Untracked 
| 171|0x000000008ab00000, 0x000000008ab00000, 0x000000008ac00000|  0%| F|  |TAMS 0x000000008ab00000, 0x000000008ab00000| Untracked 
| 172|0x000000008ac00000, 0x000000008ac00000, 0x000000008ad00000|  0%| F|  |TAMS 0x000000008ac00000, 0x000000008ac00000| Untracked 
| 173|0x000000008ad00000, 0x000000008ad00000, 0x000000008ae00000|  0%| F|  |TAMS 0x000000008ad00000, 0x000000008ad00000| Untracked 
| 174|0x000000008ae00000, 0x000000008ae00000, 0x000000008af00000|  0%| F|  |TAMS 0x000000008ae00000, 0x000000008ae00000| Untracked 
| 175|0x000000008af00000, 0x000000008af8ea00, 0x000000008b000000| 55%| O|  |TAMS 0x000000008af00000, 0x000000008af00000| Untracked 
| 176|0x000000008b000000, 0x000000008b000000, 0x000000008b100000|  0%| F|  |TAMS 0x000000008b000000, 0x000000008b000000| Untracked 
| 177|0x000000008b100000, 0x000000008b100000, 0x000000008b200000|  0%| F|  |TAMS 0x000000008b100000, 0x000000008b100000| Untracked 
| 178|0x000000008b200000, 0x000000008b200000, 0x000000008b300000|  0%| F|  |TAMS 0x000000008b200000, 0x000000008b200000| Untracked 
| 179|0x000000008b300000, 0x000000008b300000, 0x000000008b400000|  0%| F|  |TAMS 0x000000008b300000, 0x000000008b300000| Untracked 
| 180|0x000000008b400000, 0x000000008b400000, 0x000000008b500000|  0%| F|  |TAMS 0x000000008b400000, 0x000000008b400000| Untracked 
| 181|0x000000008b500000, 0x000000008b500000, 0x000000008b600000|  0%| F|  |TAMS 0x000000008b500000, 0x000000008b500000| Untracked 
| 182|0x000000008b600000, 0x000000008b600000, 0x000000008b700000|  0%| F|  |TAMS 0x000000008b600000, 0x000000008b600000| Untracked 
| 183|0x000000008b700000, 0x000000008b700000, 0x000000008b800000|  0%| F|  |TAMS 0x000000008b700000, 0x000000008b700000| Untracked 
| 184|0x000000008b800000, 0x000000008b800000, 0x000000008b900000|  0%| F|  |TAMS 0x000000008b800000, 0x000000008b800000| Untracked 
| 185|0x000000008b900000, 0x000000008b900000, 0x000000008ba00000|  0%| F|  |TAMS 0x000000008b900000, 0x000000008b900000| Untracked 
| 186|0x000000008ba00000, 0x000000008ba00000, 0x000000008bb00000|  0%| F|  |TAMS 0x000000008ba00000, 0x000000008ba00000| Untracked 
| 187|0x000000008bb00000, 0x000000008bb00000, 0x000000008bc00000|  0%| F|  |TAMS 0x000000008bb00000, 0x000000008bb00000| Untracked 
| 188|0x000000008bc00000, 0x000000008bc00000, 0x000000008bd00000|  0%| F|  |TAMS 0x000000008bc00000, 0x000000008bc00000| Untracked 
| 189|0x000000008bd00000, 0x000000008bd00000, 0x000000008be00000|  0%| F|  |TAMS 0x000000008bd00000, 0x000000008bd00000| Untracked 
| 190|0x000000008be00000, 0x000000008be00000, 0x000000008bf00000|  0%| F|  |TAMS 0x000000008be00000, 0x000000008be00000| Untracked 
| 191|0x000000008bf00000, 0x000000008bf00000, 0x000000008c000000|  0%| F|  |TAMS 0x000000008bf00000, 0x000000008bf00000| Untracked 
| 192|0x000000008c000000, 0x000000008c000000, 0x000000008c100000|  0%| F|  |TAMS 0x000000008c000000, 0x000000008c000000| Untracked 
| 193|0x000000008c100000, 0x000000008c100000, 0x000000008c200000|  0%| F|  |TAMS 0x000000008c100000, 0x000000008c100000| Untracked 
| 194|0x000000008c200000, 0x000000008c200000, 0x000000008c300000|  0%| F|  |TAMS 0x000000008c200000, 0x000000008c200000| Untracked 
| 195|0x000000008c300000, 0x000000008c300000, 0x000000008c400000|  0%| F|  |TAMS 0x000000008c300000, 0x000000008c300000| Untracked 
| 196|0x000000008c400000, 0x000000008c400000, 0x000000008c500000|  0%| F|  |TAMS 0x000000008c400000, 0x000000008c400000| Untracked 
| 197|0x000000008c500000, 0x000000008c500000, 0x000000008c600000|  0%| F|  |TAMS 0x000000008c500000, 0x000000008c500000| Untracked 
| 198|0x000000008c600000, 0x000000008c6ee608, 0x000000008c700000| 93%| S|CS|TAMS 0x000000008c600000, 0x000000008c600000| Complete 
| 199|0x000000008c700000, 0x000000008c800000, 0x000000008c800000|100%| S|CS|TAMS 0x000000008c700000, 0x000000008c700000| Complete 
| 200|0x000000008c800000, 0x000000008c900000, 0x000000008c900000|100%| S|CS|TAMS 0x000000008c800000, 0x000000008c800000| Complete 
| 201|0x000000008c900000, 0x000000008ca00000, 0x000000008ca00000|100%| S|CS|TAMS 0x000000008c900000, 0x000000008c900000| Complete 
| 202|0x000000008ca00000, 0x000000008cb00000, 0x000000008cb00000|100%| S|CS|TAMS 0x000000008ca00000, 0x000000008ca00000| Complete 
| 203|0x000000008cb00000, 0x000000008cc00000, 0x000000008cc00000|100%| S|CS|TAMS 0x000000008cb00000, 0x000000008cb00000| Complete 
| 204|0x000000008cc00000, 0x000000008cd00000, 0x000000008cd00000|100%| S|CS|TAMS 0x000000008cc00000, 0x000000008cc00000| Complete 
| 205|0x000000008cd00000, 0x000000008ce00000, 0x000000008ce00000|100%| S|CS|TAMS 0x000000008cd00000, 0x000000008cd00000| Complete 
| 206|0x000000008ce00000, 0x000000008cf00000, 0x000000008cf00000|100%| S|CS|TAMS 0x000000008ce00000, 0x000000008ce00000| Complete 
| 207|0x000000008cf00000, 0x000000008d000000, 0x000000008d000000|100%| S|CS|TAMS 0x000000008cf00000, 0x000000008cf00000| Complete 
| 208|0x000000008d000000, 0x000000008d100000, 0x000000008d100000|100%| S|CS|TAMS 0x000000008d000000, 0x000000008d000000| Complete 
| 209|0x000000008d100000, 0x000000008d100000, 0x000000008d200000|  0%| F|  |TAMS 0x000000008d100000, 0x000000008d100000| Untracked 
| 210|0x000000008d200000, 0x000000008d200000, 0x000000008d300000|  0%| F|  |TAMS 0x000000008d200000, 0x000000008d200000| Untracked 
| 211|0x000000008d300000, 0x000000008d300000, 0x000000008d400000|  0%| F|  |TAMS 0x000000008d300000, 0x000000008d300000| Untracked 
| 212|0x000000008d400000, 0x000000008d400000, 0x000000008d500000|  0%| F|  |TAMS 0x000000008d400000, 0x000000008d400000| Untracked 
| 213|0x000000008d500000, 0x000000008d500000, 0x000000008d600000|  0%| F|  |TAMS 0x000000008d500000, 0x000000008d500000| Untracked 
| 214|0x000000008d600000, 0x000000008d600000, 0x000000008d700000|  0%| F|  |TAMS 0x000000008d600000, 0x000000008d600000| Untracked 
| 215|0x000000008d700000, 0x000000008d700000, 0x000000008d800000|  0%| F|  |TAMS 0x000000008d700000, 0x000000008d700000| Untracked 
| 216|0x000000008d800000, 0x000000008d800000, 0x000000008d900000|  0%| F|  |TAMS 0x000000008d800000, 0x000000008d800000| Untracked 
| 217|0x000000008d900000, 0x000000008d900000, 0x000000008da00000|  0%| F|  |TAMS 0x000000008d900000, 0x000000008d900000| Untracked 
| 218|0x000000008da00000, 0x000000008da00000, 0x000000008db00000|  0%| F|  |TAMS 0x000000008da00000, 0x000000008da00000| Untracked 
| 219|0x000000008db00000, 0x000000008db00000, 0x000000008dc00000|  0%| F|  |TAMS 0x000000008db00000, 0x000000008db00000| Untracked 
| 220|0x000000008dc00000, 0x000000008dc00000, 0x000000008dd00000|  0%| F|  |TAMS 0x000000008dc00000, 0x000000008dc00000| Untracked 
| 221|0x000000008dd00000, 0x000000008dd00000, 0x000000008de00000|  0%| F|  |TAMS 0x000000008dd00000, 0x000000008dd00000| Untracked 
| 222|0x000000008de00000, 0x000000008de00000, 0x000000008df00000|  0%| F|  |TAMS 0x000000008de00000, 0x000000008de00000| Untracked 
| 223|0x000000008df00000, 0x000000008df00000, 0x000000008e000000|  0%| F|  |TAMS 0x000000008df00000, 0x000000008df00000| Untracked 
| 224|0x000000008e000000, 0x000000008e000000, 0x000000008e100000|  0%| F|  |TAMS 0x000000008e000000, 0x000000008e000000| Untracked 
| 225|0x000000008e100000, 0x000000008e100000, 0x000000008e200000|  0%| F|  |TAMS 0x000000008e100000, 0x000000008e100000| Untracked 
| 226|0x000000008e200000, 0x000000008e200000, 0x000000008e300000|  0%| F|  |TAMS 0x000000008e200000, 0x000000008e200000| Untracked 
| 227|0x000000008e300000, 0x000000008e300000, 0x000000008e400000|  0%| F|  |TAMS 0x000000008e300000, 0x000000008e300000| Untracked 
| 228|0x000000008e400000, 0x000000008e400000, 0x000000008e500000|  0%| F|  |TAMS 0x000000008e400000, 0x000000008e400000| Untracked 
| 229|0x000000008e500000, 0x000000008e500000, 0x000000008e600000|  0%| F|  |TAMS 0x000000008e500000, 0x000000008e500000| Untracked 
| 230|0x000000008e600000, 0x000000008e600000, 0x000000008e700000|  0%| F|  |TAMS 0x000000008e600000, 0x000000008e600000| Untracked 
| 231|0x000000008e700000, 0x000000008e700000, 0x000000008e800000|  0%| F|  |TAMS 0x000000008e700000, 0x000000008e700000| Untracked 
| 232|0x000000008e800000, 0x000000008e800000, 0x000000008e900000|  0%| F|  |TAMS 0x000000008e800000, 0x000000008e800000| Untracked 
| 233|0x000000008e900000, 0x000000008e900000, 0x000000008ea00000|  0%| F|  |TAMS 0x000000008e900000, 0x000000008e900000| Untracked 
| 234|0x000000008ea00000, 0x000000008ea00000, 0x000000008eb00000|  0%| F|  |TAMS 0x000000008ea00000, 0x000000008ea00000| Untracked 
| 235|0x000000008eb00000, 0x000000008eb00000, 0x000000008ec00000|  0%| F|  |TAMS 0x000000008eb00000, 0x000000008eb00000| Untracked 
| 236|0x000000008ec00000, 0x000000008ec00000, 0x000000008ed00000|  0%| F|  |TAMS 0x000000008ec00000, 0x000000008ec00000| Untracked 
| 237|0x000000008ed00000, 0x000000008ed00000, 0x000000008ee00000|  0%| F|  |TAMS 0x000000008ed00000, 0x000000008ed00000| Untracked 
| 238|0x000000008ee00000, 0x000000008ee00000, 0x000000008ef00000|  0%| F|  |TAMS 0x000000008ee00000, 0x000000008ee00000| Untracked 
| 239|0x000000008ef00000, 0x000000008ef00000, 0x000000008f000000|  0%| F|  |TAMS 0x000000008ef00000, 0x000000008ef00000| Untracked 
| 240|0x000000008f000000, 0x000000008f000000, 0x000000008f100000|  0%| F|  |TAMS 0x000000008f000000, 0x000000008f000000| Untracked 
| 241|0x000000008f100000, 0x000000008f100000, 0x000000008f200000|  0%| F|  |TAMS 0x000000008f100000, 0x000000008f100000| Untracked 
| 242|0x000000008f200000, 0x000000008f200000, 0x000000008f300000|  0%| F|  |TAMS 0x000000008f200000, 0x000000008f200000| Untracked 
| 243|0x000000008f300000, 0x000000008f300000, 0x000000008f400000|  0%| F|  |TAMS 0x000000008f300000, 0x000000008f300000| Untracked 
| 244|0x000000008f400000, 0x000000008f400000, 0x000000008f500000|  0%| F|  |TAMS 0x000000008f400000, 0x000000008f400000| Untracked 
| 245|0x000000008f500000, 0x000000008f500000, 0x000000008f600000|  0%| F|  |TAMS 0x000000008f500000, 0x000000008f500000| Untracked 
| 246|0x000000008f600000, 0x000000008f600000, 0x000000008f700000|  0%| F|  |TAMS 0x000000008f600000, 0x000000008f600000| Untracked 
| 247|0x000000008f700000, 0x000000008f700000, 0x000000008f800000|  0%| F|  |TAMS 0x000000008f700000, 0x000000008f700000| Untracked 
| 248|0x000000008f800000, 0x000000008f800000, 0x000000008f900000|  0%| F|  |TAMS 0x000000008f800000, 0x000000008f800000| Untracked 
| 249|0x000000008f900000, 0x000000008f900000, 0x000000008fa00000|  0%| F|  |TAMS 0x000000008f900000, 0x000000008f900000| Untracked 
| 250|0x000000008fa00000, 0x000000008fa00000, 0x000000008fb00000|  0%| F|  |TAMS 0x000000008fa00000, 0x000000008fa00000| Untracked 
| 251|0x000000008fb00000, 0x000000008fb00000, 0x000000008fc00000|  0%| F|  |TAMS 0x000000008fb00000, 0x000000008fb00000| Untracked 
| 252|0x000000008fc00000, 0x000000008fc00000, 0x000000008fd00000|  0%| F|  |TAMS 0x000000008fc00000, 0x000000008fc00000| Untracked 
| 253|0x000000008fd00000, 0x000000008fd00000, 0x000000008fe00000|  0%| F|  |TAMS 0x000000008fd00000, 0x000000008fd00000| Untracked 
| 254|0x000000008fe00000, 0x000000008fe00000, 0x000000008ff00000|  0%| F|  |TAMS 0x000000008fe00000, 0x000000008fe00000| Untracked 
| 255|0x000000008ff00000, 0x000000008ff00000, 0x0000000090000000|  0%| F|  |TAMS 0x000000008ff00000, 0x000000008ff00000| Untracked 
| 256|0x0000000090000000, 0x0000000090000000, 0x0000000090100000|  0%| F|  |TAMS 0x0000000090000000, 0x0000000090000000| Untracked 
| 257|0x0000000090100000, 0x0000000090100000, 0x0000000090200000|  0%| F|  |TAMS 0x0000000090100000, 0x0000000090100000| Untracked 
| 258|0x0000000090200000, 0x0000000090200000, 0x0000000090300000|  0%| F|  |TAMS 0x0000000090200000, 0x0000000090200000| Untracked 
| 259|0x0000000090300000, 0x0000000090300000, 0x0000000090400000|  0%| F|  |TAMS 0x0000000090300000, 0x0000000090300000| Untracked 
| 260|0x0000000090400000, 0x0000000090400000, 0x0000000090500000|  0%| F|  |TAMS 0x0000000090400000, 0x0000000090400000| Untracked 
| 261|0x0000000090500000, 0x0000000090500000, 0x0000000090600000|  0%| F|  |TAMS 0x0000000090500000, 0x0000000090500000| Untracked 
| 262|0x0000000090600000, 0x0000000090600000, 0x0000000090700000|  0%| F|  |TAMS 0x0000000090600000, 0x0000000090600000| Untracked 
| 263|0x0000000090700000, 0x0000000090700000, 0x0000000090800000|  0%| F|  |TAMS 0x0000000090700000, 0x0000000090700000| Untracked 
| 264|0x0000000090800000, 0x0000000090800000, 0x0000000090900000|  0%| F|  |TAMS 0x0000000090800000, 0x0000000090800000| Untracked 
| 265|0x0000000090900000, 0x0000000090900000, 0x0000000090a00000|  0%| F|  |TAMS 0x0000000090900000, 0x0000000090900000| Untracked 
| 266|0x0000000090a00000, 0x0000000090a00000, 0x0000000090b00000|  0%| F|  |TAMS 0x0000000090a00000, 0x0000000090a00000| Untracked 
| 267|0x0000000090b00000, 0x0000000090b00000, 0x0000000090c00000|  0%| F|  |TAMS 0x0000000090b00000, 0x0000000090b00000| Untracked 
| 268|0x0000000090c00000, 0x0000000090c00000, 0x0000000090d00000|  0%| F|  |TAMS 0x0000000090c00000, 0x0000000090c00000| Untracked 
| 269|0x0000000090d00000, 0x0000000090d00000, 0x0000000090e00000|  0%| F|  |TAMS 0x0000000090d00000, 0x0000000090d00000| Untracked 
| 270|0x0000000090e00000, 0x0000000090e00000, 0x0000000090f00000|  0%| F|  |TAMS 0x0000000090e00000, 0x0000000090e00000| Untracked 
| 271|0x0000000090f00000, 0x0000000090f00000, 0x0000000091000000|  0%| F|  |TAMS 0x0000000090f00000, 0x0000000090f00000| Untracked 
| 272|0x0000000091000000, 0x0000000091000000, 0x0000000091100000|  0%| F|  |TAMS 0x0000000091000000, 0x0000000091000000| Untracked 
| 273|0x0000000091100000, 0x0000000091100000, 0x0000000091200000|  0%| F|  |TAMS 0x0000000091100000, 0x0000000091100000| Untracked 
| 274|0x0000000091200000, 0x0000000091200000, 0x0000000091300000|  0%| F|  |TAMS 0x0000000091200000, 0x0000000091200000| Untracked 
| 275|0x0000000091300000, 0x0000000091300000, 0x0000000091400000|  0%| F|  |TAMS 0x0000000091300000, 0x0000000091300000| Untracked 
| 276|0x0000000091400000, 0x0000000091400000, 0x0000000091500000|  0%| F|  |TAMS 0x0000000091400000, 0x0000000091400000| Untracked 
| 277|0x0000000091500000, 0x0000000091500000, 0x0000000091600000|  0%| F|  |TAMS 0x0000000091500000, 0x0000000091500000| Untracked 
| 278|0x0000000091600000, 0x0000000091600000, 0x0000000091700000|  0%| F|  |TAMS 0x0000000091600000, 0x0000000091600000| Untracked 
| 279|0x0000000091700000, 0x0000000091700000, 0x0000000091800000|  0%| F|  |TAMS 0x0000000091700000, 0x0000000091700000| Untracked 
| 280|0x0000000091800000, 0x0000000091800000, 0x0000000091900000|  0%| F|  |TAMS 0x0000000091800000, 0x0000000091800000| Untracked 
| 281|0x0000000091900000, 0x0000000091900000, 0x0000000091a00000|  0%| F|  |TAMS 0x0000000091900000, 0x0000000091900000| Untracked 
| 282|0x0000000091a00000, 0x0000000091a00000, 0x0000000091b00000|  0%| F|  |TAMS 0x0000000091a00000, 0x0000000091a00000| Untracked 
| 283|0x0000000091b00000, 0x0000000091b00000, 0x0000000091c00000|  0%| F|  |TAMS 0x0000000091b00000, 0x0000000091b00000| Untracked 
| 284|0x0000000091c00000, 0x0000000091c00000, 0x0000000091d00000|  0%| F|  |TAMS 0x0000000091c00000, 0x0000000091c00000| Untracked 
| 285|0x0000000091d00000, 0x0000000091d00000, 0x0000000091e00000|  0%| F|  |TAMS 0x0000000091d00000, 0x0000000091d00000| Untracked 
| 286|0x0000000091e00000, 0x0000000091e00000, 0x0000000091f00000|  0%| F|  |TAMS 0x0000000091e00000, 0x0000000091e00000| Untracked 
| 287|0x0000000091f00000, 0x0000000091f00000, 0x0000000092000000|  0%| F|  |TAMS 0x0000000091f00000, 0x0000000091f00000| Untracked 
| 288|0x0000000092000000, 0x0000000092000000, 0x0000000092100000|  0%| F|  |TAMS 0x0000000092000000, 0x0000000092000000| Untracked 
| 289|0x0000000092100000, 0x0000000092100000, 0x0000000092200000|  0%| F|  |TAMS 0x0000000092100000, 0x0000000092100000| Untracked 
| 290|0x0000000092200000, 0x0000000092200000, 0x0000000092300000|  0%| F|  |TAMS 0x0000000092200000, 0x0000000092200000| Untracked 
| 291|0x0000000092300000, 0x0000000092300000, 0x0000000092400000|  0%| F|  |TAMS 0x0000000092300000, 0x0000000092300000| Untracked 
| 292|0x0000000092400000, 0x0000000092400000, 0x0000000092500000|  0%| F|  |TAMS 0x0000000092400000, 0x0000000092400000| Untracked 
| 293|0x0000000092500000, 0x0000000092500000, 0x0000000092600000|  0%| F|  |TAMS 0x0000000092500000, 0x0000000092500000| Untracked 
| 294|0x0000000092600000, 0x0000000092600000, 0x0000000092700000|  0%| F|  |TAMS 0x0000000092600000, 0x0000000092600000| Untracked 
| 295|0x0000000092700000, 0x0000000092700000, 0x0000000092800000|  0%| F|  |TAMS 0x0000000092700000, 0x0000000092700000| Untracked 
| 296|0x0000000092800000, 0x0000000092800000, 0x0000000092900000|  0%| F|  |TAMS 0x0000000092800000, 0x0000000092800000| Untracked 
| 297|0x0000000092900000, 0x0000000092900000, 0x0000000092a00000|  0%| F|  |TAMS 0x0000000092900000, 0x0000000092900000| Untracked 
| 298|0x0000000092a00000, 0x0000000092a00000, 0x0000000092b00000|  0%| F|  |TAMS 0x0000000092a00000, 0x0000000092a00000| Untracked 
| 299|0x0000000092b00000, 0x0000000092b00000, 0x0000000092c00000|  0%| F|  |TAMS 0x0000000092b00000, 0x0000000092b00000| Untracked 
| 300|0x0000000092c00000, 0x0000000092c00000, 0x0000000092d00000|  0%| F|  |TAMS 0x0000000092c00000, 0x0000000092c00000| Untracked 
| 301|0x0000000092d00000, 0x0000000092d00000, 0x0000000092e00000|  0%| F|  |TAMS 0x0000000092d00000, 0x0000000092d00000| Untracked 
| 302|0x0000000092e00000, 0x0000000092e00000, 0x0000000092f00000|  0%| F|  |TAMS 0x0000000092e00000, 0x0000000092e00000| Untracked 
| 303|0x0000000092f00000, 0x0000000092f00000, 0x0000000093000000|  0%| F|  |TAMS 0x0000000092f00000, 0x0000000092f00000| Untracked 
| 304|0x0000000093000000, 0x0000000093000000, 0x0000000093100000|  0%| F|  |TAMS 0x0000000093000000, 0x0000000093000000| Untracked 
| 305|0x0000000093100000, 0x0000000093100000, 0x0000000093200000|  0%| F|  |TAMS 0x0000000093100000, 0x0000000093100000| Untracked 
| 306|0x0000000093200000, 0x0000000093200000, 0x0000000093300000|  0%| F|  |TAMS 0x0000000093200000, 0x0000000093200000| Untracked 
| 307|0x0000000093300000, 0x0000000093300000, 0x0000000093400000|  0%| F|  |TAMS 0x0000000093300000, 0x0000000093300000| Untracked 
| 308|0x0000000093400000, 0x0000000093400000, 0x0000000093500000|  0%| F|  |TAMS 0x0000000093400000, 0x0000000093400000| Untracked 
| 309|0x0000000093500000, 0x0000000093500000, 0x0000000093600000|  0%| F|  |TAMS 0x0000000093500000, 0x0000000093500000| Untracked 
| 310|0x0000000093600000, 0x0000000093600000, 0x0000000093700000|  0%| F|  |TAMS 0x0000000093600000, 0x0000000093600000| Untracked 
| 311|0x0000000093700000, 0x0000000093700000, 0x0000000093800000|  0%| F|  |TAMS 0x0000000093700000, 0x0000000093700000| Untracked 
| 312|0x0000000093800000, 0x0000000093800000, 0x0000000093900000|  0%| F|  |TAMS 0x0000000093800000, 0x0000000093800000| Untracked 
| 313|0x0000000093900000, 0x0000000093900000, 0x0000000093a00000|  0%| F|  |TAMS 0x0000000093900000, 0x0000000093900000| Untracked 
| 314|0x0000000093a00000, 0x0000000093a00000, 0x0000000093b00000|  0%| F|  |TAMS 0x0000000093a00000, 0x0000000093a00000| Untracked 
| 315|0x0000000093b00000, 0x0000000093b00000, 0x0000000093c00000|  0%| F|  |TAMS 0x0000000093b00000, 0x0000000093b00000| Untracked 
| 316|0x0000000093c00000, 0x0000000093c00000, 0x0000000093d00000|  0%| F|  |TAMS 0x0000000093c00000, 0x0000000093c00000| Untracked 
| 317|0x0000000093d00000, 0x0000000093d00000, 0x0000000093e00000|  0%| F|  |TAMS 0x0000000093d00000, 0x0000000093d00000| Untracked 
| 318|0x0000000093e00000, 0x0000000093e00000, 0x0000000093f00000|  0%| F|  |TAMS 0x0000000093e00000, 0x0000000093e00000| Untracked 
| 319|0x0000000093f00000, 0x0000000093f00000, 0x0000000094000000|  0%| F|  |TAMS 0x0000000093f00000, 0x0000000093f00000| Untracked 
| 320|0x0000000094000000, 0x0000000094000000, 0x0000000094100000|  0%| F|  |TAMS 0x0000000094000000, 0x0000000094000000| Untracked 
| 321|0x0000000094100000, 0x0000000094100000, 0x0000000094200000|  0%| F|  |TAMS 0x0000000094100000, 0x0000000094100000| Untracked 
| 322|0x0000000094200000, 0x0000000094200000, 0x0000000094300000|  0%| F|  |TAMS 0x0000000094200000, 0x0000000094200000| Untracked 
| 323|0x0000000094300000, 0x0000000094300000, 0x0000000094400000|  0%| F|  |TAMS 0x0000000094300000, 0x0000000094300000| Untracked 
| 324|0x0000000094400000, 0x0000000094400000, 0x0000000094500000|  0%| F|  |TAMS 0x0000000094400000, 0x0000000094400000| Untracked 
| 325|0x0000000094500000, 0x0000000094500000, 0x0000000094600000|  0%| F|  |TAMS 0x0000000094500000, 0x0000000094500000| Untracked 
| 326|0x0000000094600000, 0x0000000094600000, 0x0000000094700000|  0%| F|  |TAMS 0x0000000094600000, 0x0000000094600000| Untracked 
| 327|0x0000000094700000, 0x0000000094700000, 0x0000000094800000|  0%| F|  |TAMS 0x0000000094700000, 0x0000000094700000| Untracked 
| 328|0x0000000094800000, 0x0000000094800000, 0x0000000094900000|  0%| F|  |TAMS 0x0000000094800000, 0x0000000094800000| Untracked 
| 329|0x0000000094900000, 0x0000000094900000, 0x0000000094a00000|  0%| F|  |TAMS 0x0000000094900000, 0x0000000094900000| Untracked 
| 330|0x0000000094a00000, 0x0000000094a00000, 0x0000000094b00000|  0%| F|  |TAMS 0x0000000094a00000, 0x0000000094a00000| Untracked 
| 331|0x0000000094b00000, 0x0000000094b00000, 0x0000000094c00000|  0%| F|  |TAMS 0x0000000094b00000, 0x0000000094b00000| Untracked 
| 332|0x0000000094c00000, 0x0000000094c00000, 0x0000000094d00000|  0%| F|  |TAMS 0x0000000094c00000, 0x0000000094c00000| Untracked 
| 333|0x0000000094d00000, 0x0000000094d00000, 0x0000000094e00000|  0%| F|  |TAMS 0x0000000094d00000, 0x0000000094d00000| Untracked 
| 334|0x0000000094e00000, 0x0000000094e00000, 0x0000000094f00000|  0%| F|  |TAMS 0x0000000094e00000, 0x0000000094e00000| Untracked 
| 335|0x0000000094f00000, 0x0000000094f00000, 0x0000000095000000|  0%| F|  |TAMS 0x0000000094f00000, 0x0000000094f00000| Untracked 
| 336|0x0000000095000000, 0x0000000095000000, 0x0000000095100000|  0%| F|  |TAMS 0x0000000095000000, 0x0000000095000000| Untracked 
| 337|0x0000000095100000, 0x0000000095100000, 0x0000000095200000|  0%| F|  |TAMS 0x0000000095100000, 0x0000000095100000| Untracked 
| 338|0x0000000095200000, 0x0000000095200000, 0x0000000095300000|  0%| F|  |TAMS 0x0000000095200000, 0x0000000095200000| Untracked 
| 339|0x0000000095300000, 0x0000000095300000, 0x0000000095400000|  0%| F|  |TAMS 0x0000000095300000, 0x0000000095300000| Untracked 
| 340|0x0000000095400000, 0x0000000095400000, 0x0000000095500000|  0%| F|  |TAMS 0x0000000095400000, 0x0000000095400000| Untracked 
| 341|0x0000000095500000, 0x0000000095500000, 0x0000000095600000|  0%| F|  |TAMS 0x0000000095500000, 0x0000000095500000| Untracked 
| 342|0x0000000095600000, 0x0000000095600000, 0x0000000095700000|  0%| F|  |TAMS 0x0000000095600000, 0x0000000095600000| Untracked 

Card table byte_map: [0x00000157d3b40000,0x00000157d3f40000] _byte_map_base: 0x00000157d3740000

Marking Bits (Prev, Next): (CMBitMap*) 0x00000157c09652d8, (CMBitMap*) 0x00000157c0965310
 Prev Bits: [0x00000157d4340000, 0x00000157d6340000)
 Next Bits: [0x00000157d6340000, 0x00000157d8340000)

Polling page: 0x00000157c0100000

Metaspace:

Usage:
  Non-class:     91.67 MB capacity,    90.07 MB ( 98%) used,     1.33 MB (  1%) free+waste,   275.56 KB ( <1%) overhead. 
      Class:     13.95 MB capacity,    13.10 MB ( 94%) used,   746.59 KB (  5%) free+waste,   124.69 KB ( <1%) overhead. 
       Both:    105.62 MB capacity,   103.17 MB ( 98%) used,     2.06 MB (  2%) free+waste,   400.25 KB ( <1%) overhead. 

Virtual space:
  Non-class space:       92.00 MB reserved,      91.96 MB (>99%) committed 
      Class space:        1.00 GB reserved,      14.13 MB (  1%) committed 
             Both:        1.09 GB reserved,     106.09 MB ( 10%) committed 

Chunk freelists:
   Non-Class:  296.00 KB
       Class:  179.00 KB
        Both:  475.00 KB

MaxMetaspaceSize: 17179869184.00 GB
CompressedClassSpaceSize: 1.00 GB

CodeHeap 'non-profiled nmethods': size=120000Kb used=4799Kb max_used=4799Kb free=115200Kb
 bounds [0x00000157cbee0000, 0x00000157cc390000, 0x00000157d3410000]
CodeHeap 'profiled nmethods': size=120000Kb used=23394Kb max_used=23394Kb free=96605Kb
 bounds [0x00000157c49b0000, 0x00000157c6090000, 0x00000157cbee0000]
CodeHeap 'non-nmethods': size=5760Kb used=2315Kb max_used=2362Kb free=3445Kb
 bounds [0x00000157c4410000, 0x00000157c4680000, 0x00000157c49b0000]
 total_blobs=12467 nmethods=11534 adapters=844
 compilation: enabled
              stopped_count=0, restarted_count=0
 full_count=0

Compilation events (20 events):
Event: 28.075 Thread 0x00000157dada0000 11985       2       org.gradle.internal.fingerprint.impl.DefaultFileNormalizationSpec::hashCode (22 bytes)
Event: 28.075 Thread 0x00000157dada0000 nmethod 11985 0x00000157c6083010 code [0x00000157c60831e0, 0x00000157c6083508]
Event: 28.076 Thread 0x00000157dada0000 11986       2       com.google.common.cache.LocalCache$Segment::removeEntryFromChain (73 bytes)
Event: 28.076 Thread 0x00000157dada0000 nmethod 11986 0x00000157c6083610 code [0x00000157c6083800, 0x00000157c6083a78]
Event: 28.080 Thread 0x00000157dada0000 11988       2       com.google.common.cache.LocalCache$AccessQueue$2::computeNext (9 bytes)
Event: 28.081 Thread 0x00000157dada0000 nmethod 11988 0x00000157c6083c10 code [0x00000157c6083de0, 0x00000157c6083f88]
Event: 28.081 Thread 0x00000157dada0000 11989       2       com.google.common.cache.LocalCache$Segment::removeEntry (139 bytes)
Event: 28.084 Thread 0x00000157dada0000 nmethod 11989 0x00000157c6084090 code [0x00000157c60843a0, 0x00000157c6084fd8]
Event: 28.084 Thread 0x00000157dada0000 11990       2       com.google.common.cache.LocalCache$AccessQueue::remove (44 bytes)
Event: 28.085 Thread 0x00000157dada0000 nmethod 11990 0x00000157c6085890 code [0x00000157c6085aa0, 0x00000157c6085d38]
Event: 28.115 Thread 0x00000157dada0000 11991       2       org.gradle.workers.internal.WorkerDaemonClientsManager$LogLevelChangeEventListener::onOutput (25 bytes)
Event: 28.115 Thread 0x00000157dada0000 nmethod 11991 0x00000157c6085f10 code [0x00000157c60860c0, 0x00000157c6086298]
Event: 28.128 Thread 0x00000157dada0000 11992   !   2       org.gradle.internal.hash.DefaultStreamHasher::doHash (84 bytes)
Event: 28.130 Thread 0x00000157dada0000 nmethod 11992 0x00000157c6086410 code [0x00000157c6086700, 0x00000157c60874c8]
Event: 28.156 Thread 0x00000157dada0000 11993       1       org.gradle.internal.execution.steps.CaptureStateAfterExecutionStep$1::getOutputFilesProduceByWork (5 bytes)
Event: 28.157 Thread 0x00000157dada0000 nmethod 11993 0x00000157cc38f790 code [0x00000157cc38f940, 0x00000157cc38f9f8]
Event: 28.158 Thread 0x00000157dada0000 11994       2       org.gradle.internal.hash.Hashing$MessageDigestHasher::<init> (25 bytes)
Event: 28.159 Thread 0x00000157dada0000 nmethod 11994 0x00000157c6087f90 code [0x00000157c6088160, 0x00000157c60884b8]
Event: 28.166 Thread 0x00000157dada0000 11995       2       org.gradle.internal.serialize.HashCodeSerializer::read (6 bytes)
Event: 28.166 Thread 0x00000157dada0000 nmethod 11995 0x00000157c6088610 code [0x00000157c60887e0, 0x00000157c60889e8]

GC Heap History (20 events):
Event: 25.641 GC heap after
{Heap after GC invocations=45 (full 0):
 garbage-first heap   total 225280K, used 140191K [0x0000000080000000, 0x0000000100000000)
  region size 1024K, 3 young (3072K), 3 survivors (3072K)
 Metaspace       used 105473K, capacity 107983K, committed 108632K, reserved 1142784K
  class space    used 13410K, capacity 14279K, committed 14464K, reserved 1048576K
}
Event: 25.974 GC heap before
{Heap before GC invocations=46 (full 0):
 garbage-first heap   total 225280K, used 181151K [0x0000000080000000, 0x0000000100000000)
  region size 1024K, 46 young (47104K), 3 survivors (3072K)
 Metaspace       used 105519K, capacity 107999K, committed 108632K, reserved 1142784K
  class space    used 13411K, capacity 14281K, committed 14464K, reserved 1048576K
}
Event: 25.977 GC heap after
{Heap after GC invocations=47 (full 0):
 garbage-first heap   total 225280K, used 138687K [0x0000000080000000, 0x0000000100000000)
  region size 1024K, 4 young (4096K), 4 survivors (4096K)
 Metaspace       used 105519K, capacity 107999K, committed 108632K, reserved 1142784K
  class space    used 13411K, capacity 14281K, committed 14464K, reserved 1048576K
}
Event: 25.982 GC heap before
{Heap before GC invocations=47 (full 0):
 garbage-first heap   total 225280K, used 139711K [0x0000000080000000, 0x0000000100000000)
  region size 1024K, 6 young (6144K), 4 survivors (4096K)
 Metaspace       used 105519K, capacity 107999K, committed 108632K, reserved 1142784K
  class space    used 13411K, capacity 14281K, committed 14464K, reserved 1048576K
}
Event: 25.990 GC heap after
{Heap after GC invocations=48 (full 0):
 garbage-first heap   total 270336K, used 138702K [0x0000000080000000, 0x0000000100000000)
  region size 1024K, 4 young (4096K), 4 survivors (4096K)
 Metaspace       used 105519K, capacity 107999K, committed 108632K, reserved 1142784K
  class space    used 13411K, capacity 14281K, committed 14464K, reserved 1048576K
}
Event: 26.378 GC heap before
{Heap before GC invocations=49 (full 0):
 garbage-first heap   total 270336K, used 203041K [0x0000000080000000, 0x0000000100000000)
  region size 1024K, 67 young (68608K), 4 survivors (4096K)
 Metaspace       used 105575K, capacity 108080K, committed 108632K, reserved 1142784K
  class space    used 13412K, capacity 14283K, committed 14464K, reserved 1048576K
}
Event: 26.383 GC heap after
{Heap after GC invocations=50 (full 0):
 garbage-first heap   total 270336K, used 142359K [0x0000000080000000, 0x0000000100000000)
  region size 1024K, 9 young (9216K), 9 survivors (9216K)
 Metaspace       used 105575K, capacity 108080K, committed 108632K, reserved 1142784K
  class space    used 13412K, capacity 14283K, committed 14464K, reserved 1048576K
}
Event: 26.392 GC heap before
{Heap before GC invocations=50 (full 0):
 garbage-first heap   total 270336K, used 149527K [0x0000000080000000, 0x0000000100000000)
  region size 1024K, 13 young (13312K), 9 survivors (9216K)
 Metaspace       used 105575K, capacity 108080K, committed 108632K, reserved 1142784K
  class space    used 13412K, capacity 14283K, committed 14464K, reserved 1048576K
}
Event: 26.399 GC heap after
{Heap after GC invocations=51 (full 0):
 garbage-first heap   total 270336K, used 144904K [0x0000000080000000, 0x0000000100000000)
  region size 1024K, 1 young (1024K), 1 survivors (1024K)
 Metaspace       used 105575K, capacity 108080K, committed 108632K, reserved 1142784K
  class space    used 13412K, capacity 14283K, committed 14464K, reserved 1048576K
}
Event: 26.520 GC heap before
{Heap before GC invocations=51 (full 0):
 garbage-first heap   total 270336K, used 209416K [0x0000000080000000, 0x0000000100000000)
  region size 1024K, 64 young (65536K), 1 survivors (1024K)
 Metaspace       used 105585K, capacity 108086K, committed 108632K, reserved 1142784K
  class space    used 13413K, capacity 14284K, committed 14464K, reserved 1048576K
}
Event: 26.528 GC heap after
{Heap after GC invocations=52 (full 0):
 garbage-first heap   total 270336K, used 147248K [0x0000000080000000, 0x0000000100000000)
  region size 1024K, 4 young (4096K), 4 survivors (4096K)
 Metaspace       used 105585K, capacity 108086K, committed 108632K, reserved 1142784K
  class space    used 13413K, capacity 14284K, committed 14464K, reserved 1048576K
}
Event: 27.005 GC heap before
{Heap before GC invocations=53 (full 0):
 garbage-first heap   total 270336K, used 213808K [0x0000000080000000, 0x0000000100000000)
  region size 1024K, 72 young (73728K), 4 survivors (4096K)
 Metaspace       used 105585K, capacity 108086K, committed 108632K, reserved 1142784K
  class space    used 13413K, capacity 14284K, committed 14464K, reserved 1048576K
}
Event: 27.016 GC heap after
{Heap after GC invocations=54 (full 0):
 garbage-first heap   total 351232K, used 146246K [0x0000000080000000, 0x0000000100000000)
  region size 1024K, 7 young (7168K), 7 survivors (7168K)
 Metaspace       used 105585K, capacity 108086K, committed 108632K, reserved 1142784K
  class space    used 13413K, capacity 14284K, committed 14464K, reserved 1048576K
}
Event: 27.064 GC heap before
{Heap before GC invocations=54 (full 0):
 garbage-first heap   total 351232K, used 155462K [0x0000000080000000, 0x0000000100000000)
  region size 1024K, 17 young (17408K), 7 survivors (7168K)
 Metaspace       used 105585K, capacity 108086K, committed 108632K, reserved 1142784K
  class space    used 13413K, capacity 14284K, committed 14464K, reserved 1048576K
}
Event: 27.071 GC heap after
{Heap after GC invocations=55 (full 0):
 garbage-first heap   total 351232K, used 146515K [0x0000000080000000, 0x0000000100000000)
  region size 1024K, 1 young (1024K), 1 survivors (1024K)
 Metaspace       used 105585K, capacity 108086K, committed 108632K, reserved 1142784K
  class space    used 13413K, capacity 14284K, committed 14464K, reserved 1048576K
}
Event: 27.549 GC heap before
{Heap before GC invocations=55 (full 0):
 garbage-first heap   total 351232K, used 298067K [0x0000000080000000, 0x0000000100000000)
  region size 1024K, 139 young (142336K), 1 survivors (1024K)
 Metaspace       used 105596K, capacity 108150K, committed 108632K, reserved 1142784K
  class space    used 13413K, capacity 14284K, committed 14464K, reserved 1048576K
}
Event: 27.557 GC heap after
{Heap after GC invocations=56 (full 0):
 garbage-first heap   total 351232K, used 156322K [0x0000000080000000, 0x0000000100000000)
  region size 1024K, 6 young (6144K), 6 survivors (6144K)
 Metaspace       used 105596K, capacity 108150K, committed 108632K, reserved 1142784K
  class space    used 13413K, capacity 14284K, committed 14464K, reserved 1048576K
}
Event: 27.817 GC heap before
{Heap before GC invocations=56 (full 0):
 garbage-first heap   total 351232K, used 285346K [0x0000000080000000, 0x0000000100000000)
  region size 1024K, 128 young (131072K), 6 survivors (6144K)
 Metaspace       used 105598K, capacity 108150K, committed 108632K, reserved 1142784K
  class space    used 13413K, capacity 14284K, committed 14464K, reserved 1048576K
}
Event: 27.826 GC heap after
{Heap after GC invocations=57 (full 0):
 garbage-first heap   total 351232K, used 160362K [0x0000000080000000, 0x0000000100000000)
  region size 1024K, 12 young (12288K), 12 survivors (12288K)
 Metaspace       used 105598K, capacity 108150K, committed 108632K, reserved 1142784K
  class space    used 13413K, capacity 14284K, committed 14464K, reserved 1048576K
}
Event: 28.195 GC heap before
{Heap before GC invocations=58 (full 0):
 garbage-first heap   total 351232K, used 313962K [0x0000000080000000, 0x0000000100000000)
  region size 1024K, 134 young (137216K), 12 survivors (12288K)
 Metaspace       used 105645K, capacity 108157K, committed 108632K, reserved 1142784K
  class space    used 13413K, capacity 14285K, committed 14464K, reserved 1048576K
}

Deoptimization events (20 events):
Event: 27.981 Thread 0x00000157df046800 DEOPT PACKING pc=0x00000157c5f1e8d0 sp=0x00000035efff9f30
Event: 27.981 Thread 0x00000157df046800 DEOPT UNPACKING pc=0x00000157c44376ce sp=0x00000035efff9448 mode 0
Event: 27.990 Thread 0x00000157df048800 DEOPT PACKING pc=0x00000157c5f1e8d0 sp=0x00000035efef9ed0
Event: 27.990 Thread 0x00000157df048800 DEOPT UNPACKING pc=0x00000157c44376ce sp=0x00000035efef93e8 mode 0
Event: 28.003 Thread 0x00000157df048800 DEOPT PACKING pc=0x00000157c5f1e8d0 sp=0x00000035efef9ed0
Event: 28.003 Thread 0x00000157df048800 DEOPT UNPACKING pc=0x00000157c44376ce sp=0x00000035efef93e8 mode 0
Event: 28.091 Thread 0x00000157df046800 DEOPT PACKING pc=0x00000157c5f1e8d0 sp=0x00000035efff9f30
Event: 28.091 Thread 0x00000157df046800 DEOPT UNPACKING pc=0x00000157c44376ce sp=0x00000035efff9448 mode 0
Event: 28.121 Thread 0x00000157df048800 DEOPT PACKING pc=0x00000157c5f1e8d0 sp=0x00000035efef9ed0
Event: 28.121 Thread 0x00000157df048800 DEOPT UNPACKING pc=0x00000157c44376ce sp=0x00000035efef93e8 mode 0
Event: 28.158 Thread 0x00000157df046800 DEOPT PACKING pc=0x00000157c5f1e8d0 sp=0x00000035efff9f30
Event: 28.158 Thread 0x00000157df046800 DEOPT UNPACKING pc=0x00000157c44376ce sp=0x00000035efff9448 mode 0
Event: 28.166 Thread 0x00000157df048800 DEOPT PACKING pc=0x00000157c5f1e8d0 sp=0x00000035efefa5d0
Event: 28.166 Thread 0x00000157df048800 DEOPT UNPACKING pc=0x00000157c44376ce sp=0x00000035efef9ae8 mode 0
Event: 28.182 Thread 0x00000157df048800 DEOPT PACKING pc=0x00000157c5f1e8d0 sp=0x00000035efef9ed0
Event: 28.182 Thread 0x00000157df048800 DEOPT UNPACKING pc=0x00000157c44376ce sp=0x00000035efef93e8 mode 0
Event: 28.185 Thread 0x00000157df046800 DEOPT PACKING pc=0x00000157c5f1e8d0 sp=0x00000035efffa630
Event: 28.185 Thread 0x00000157df046800 DEOPT UNPACKING pc=0x00000157c44376ce sp=0x00000035efff9b48 mode 0
Event: 28.194 Thread 0x00000157df046800 DEOPT PACKING pc=0x00000157c5f1e8d0 sp=0x00000035efffa630
Event: 28.194 Thread 0x00000157df046800 DEOPT UNPACKING pc=0x00000157c44376ce sp=0x00000035efff9b48 mode 0

Classes redefined (0 events):
No events

Internal exceptions (20 events):
Event: 24.181 Thread 0x00000157df048800 Exception <a 'sun/nio/fs/WindowsException'{0x000000008ce8c318}> (0x000000008ce8c318) thrown at [./src/hotspot/share/prims/jni.cpp, line 615]
Event: 24.195 Thread 0x00000157df00c000 Exception <a 'sun/nio/fs/WindowsException'{0x000000008ca405f0}> (0x000000008ca405f0) thrown at [./src/hotspot/share/prims/jni.cpp, line 615]
Event: 24.200 Thread 0x00000157df00a800 Exception <a 'sun/nio/fs/WindowsException'{0x000000008c908c50}> (0x000000008c908c50) thrown at [./src/hotspot/share/prims/jni.cpp, line 615]
Event: 24.592 Thread 0x00000157df00d000 Exception <a 'sun/nio/fs/WindowsException'{0x000000008d5171d0}> (0x000000008d5171d0) thrown at [./src/hotspot/share/prims/jni.cpp, line 615]
Event: 24.672 Thread 0x00000157df00a800 Exception <a 'sun/nio/fs/WindowsException'{0x000000008cfb39f0}> (0x000000008cfb39f0) thrown at [./src/hotspot/share/prims/jni.cpp, line 615]
Event: 24.881 Thread 0x00000157df00c000 Exception <a 'sun/nio/fs/WindowsException'{0x000000008b839c88}> (0x000000008b839c88) thrown at [./src/hotspot/share/prims/jni.cpp, line 615]
Event: 25.306 Thread 0x00000157df00b800 Exception <a 'sun/nio/fs/WindowsException'{0x000000008d65fcd0}> (0x000000008d65fcd0) thrown at [./src/hotspot/share/prims/jni.cpp, line 615]
Event: 25.492 Thread 0x00000157df00d000 Exception <a 'sun/nio/fs/WindowsException'{0x000000008b1b6818}> (0x000000008b1b6818) thrown at [./src/hotspot/share/prims/jni.cpp, line 615]
Event: 25.687 Thread 0x00000157df046000 Exception <a 'sun/nio/fs/WindowsException'{0x000000008cd32618}> (0x000000008cd32618) thrown at [./src/hotspot/share/prims/jni.cpp, line 615]
Event: 25.775 Thread 0x00000157df00a800 Exception <a 'sun/nio/fs/WindowsException'{0x000000008bf8a1a0}> (0x000000008bf8a1a0) thrown at [./src/hotspot/share/prims/jni.cpp, line 615]
Event: 25.797 Thread 0x00000157df046800 Exception <a 'sun/nio/fs/WindowsException'{0x000000008bb41538}> (0x000000008bb41538) thrown at [./src/hotspot/share/prims/jni.cpp, line 615]
Event: 26.030 Thread 0x00000157df00c000 Exception <a 'sun/nio/fs/WindowsException'{0x00000000907e59d8}> (0x00000000907e59d8) thrown at [./src/hotspot/share/prims/jni.cpp, line 615]
Event: 26.049 Thread 0x00000157df048800 Exception <a 'sun/nio/fs/WindowsException'{0x00000000903c9350}> (0x00000000903c9350) thrown at [./src/hotspot/share/prims/jni.cpp, line 615]
Event: 26.506 Thread 0x00000157df046800 Exception <a 'sun/nio/fs/WindowsException'{0x000000008cf2b9d0}> (0x000000008cf2b9d0) thrown at [./src/hotspot/share/prims/jni.cpp, line 615]
Event: 26.598 Thread 0x00000157df00a800 Exception <a 'sun/nio/fs/WindowsException'{0x000000008f8bc448}> (0x000000008f8bc448) thrown at [./src/hotspot/share/prims/jni.cpp, line 615]
Event: 27.498 Thread 0x00000157df044800 Exception <a 'sun/nio/fs/WindowsException'{0x000000008d50d598}> (0x000000008d50d598) thrown at [./src/hotspot/share/prims/jni.cpp, line 615]
Event: 27.533 Thread 0x00000157df00d000 Exception <a 'sun/nio/fs/WindowsException'{0x000000008cd91a60}> (0x000000008cd91a60) thrown at [./src/hotspot/share/prims/jni.cpp, line 615]
Event: 27.807 Thread 0x00000157df00a800 Exception <a 'sun/nio/fs/WindowsException'{0x000000008e3c4320}> (0x000000008e3c4320) thrown at [./src/hotspot/share/prims/jni.cpp, line 615]
Event: 27.892 Thread 0x00000157df00b800 Exception <a 'java/lang/OutOfMemoryError'{0x00000000935c5c98}> (0x00000000935c5c98) thrown at [./src/hotspot/share/prims/jni.cpp, line 636]
Event: 27.986 Thread 0x00000157df00c000 Exception <a 'sun/nio/fs/WindowsException'{0x0000000090b4d360}> (0x0000000090b4d360) thrown at [./src/hotspot/share/prims/jni.cpp, line 615]

Events (20 events):
Event: 27.059 Executing VM operation: G1CollectForAllocation
Event: 27.071 Executing VM operation: G1CollectForAllocation done
Event: 27.543 Loaded shared library C:\Program Files\Android\Android Studio1\jre\bin\nio.dll
Event: 27.549 Executing VM operation: G1CollectForAllocation
Event: 27.549 Executing VM operation: G1CollectForAllocation done
Event: 27.549 Executing VM operation: G1CollectForAllocation
Event: 27.557 Executing VM operation: G1CollectForAllocation done
Event: 27.558 Executing VM operation: G1CollectForAllocation
Event: 27.558 Executing VM operation: G1CollectForAllocation done
Event: 27.743 Executing VM operation: CGC_Operation
Event: 27.764 Executing VM operation: CGC_Operation done
Event: 27.816 Executing VM operation: G1CollectForAllocation
Event: 27.826 Executing VM operation: G1CollectForAllocation done
Event: 27.868 Executing VM operation: CGC_Operation
Event: 27.869 Executing VM operation: CGC_Operation done
Event: 27.893 loading class org/gradle/internal/Try
Event: 27.893 loading class org/gradle/internal/Try done
Event: 27.893 loading class org/gradle/internal/execution/steps/Result
Event: 27.893 loading class org/gradle/internal/execution/steps/Result done
Event: 28.194 Executing VM operation: G1CollectForAllocation


Dynamic libraries:
0x00007ff674cf0000 - 0x00007ff674cfa000 	C:\Program Files\Android\Android Studio1\jre\bin\java.exe
0x00007ffee6580000 - 0x00007ffee6789000 	C:\WINDOWS\SYSTEM32\ntdll.dll
0x00007ffee5200000 - 0x00007ffee52bd000 	C:\WINDOWS\System32\KERNEL32.DLL
0x00007ffee3c10000 - 0x00007ffee3f84000 	C:\WINDOWS\System32\KERNELBASE.dll
0x00007ffee3a70000 - 0x00007ffee3b81000 	C:\WINDOWS\System32\ucrtbase.dll
0x00007ffed02a0000 - 0x00007ffed02b9000 	C:\Program Files\Android\Android Studio1\jre\bin\jli.dll
0x00007ffed0300000 - 0x00007ffed0317000 	C:\Program Files\Android\Android Studio1\jre\bin\VCRUNTIME140.dll
0x00007ffee4dc0000 - 0x00007ffee4f6c000 	C:\WINDOWS\System32\USER32.dll
0x00007ffece2f0000 - 0x00007ffece595000 	C:\WINDOWS\WinSxS\amd64_microsoft.windows.common-controls_6595b64144ccf1df_6.0.22000.120_none_9d947278b86cc467\COMCTL32.dll
0x00007ffee40c0000 - 0x00007ffee40e6000 	C:\WINDOWS\System32\win32u.dll
0x00007ffee5950000 - 0x00007ffee59f3000 	C:\WINDOWS\System32\msvcrt.dll
0x00007ffee5920000 - 0x00007ffee5949000 	C:\WINDOWS\System32\GDI32.dll
0x00007ffee4190000 - 0x00007ffee42a2000 	C:\WINDOWS\System32\gdi32full.dll
0x00007ffee40f0000 - 0x00007ffee418d000 	C:\WINDOWS\System32\msvcp_win.dll
0x00007ffee4d80000 - 0x00007ffee4db1000 	C:\WINDOWS\System32\IMM32.DLL
0x00007ffeaca90000 - 0x00007ffeacb2d000 	C:\Program Files\Android\Android Studio1\jre\bin\msvcp140.dll
0x00007ffe973a0000 - 0x00007ffe97e6f000 	C:\Program Files\Android\Android Studio1\jre\bin\server\jvm.dll
0x00007ffee4f70000 - 0x00007ffee501e000 	C:\WINDOWS\System32\ADVAPI32.dll
0x00007ffee5160000 - 0x00007ffee51fe000 	C:\WINDOWS\System32\sechost.dll
0x00007ffee5040000 - 0x00007ffee5160000 	C:\WINDOWS\System32\RPCRT4.dll
0x00007ffee5a00000 - 0x00007ffee5a08000 	C:\WINDOWS\System32\PSAPI.DLL
0x00007ffed5670000 - 0x00007ffed567a000 	C:\WINDOWS\SYSTEM32\VERSION.dll
0x00007ffec1120000 - 0x00007ffec1129000 	C:\WINDOWS\SYSTEM32\WSOCK32.dll
0x00007ffedc4b0000 - 0x00007ffedc4e3000 	C:\WINDOWS\SYSTEM32\WINMM.dll
0x00007ffee5a10000 - 0x00007ffee5a7f000 	C:\WINDOWS\System32\WS2_32.dll
0x00007ffee2c60000 - 0x00007ffee2c78000 	C:\WINDOWS\SYSTEM32\kernel.appcore.dll
0x00007ffedc920000 - 0x00007ffedc931000 	C:\Program Files\Android\Android Studio1\jre\bin\verify.dll
0x00007ffee1070000 - 0x00007ffee1291000 	C:\WINDOWS\SYSTEM32\DBGHELP.DLL
0x00007ffec4850000 - 0x00007ffec4881000 	C:\WINDOWS\SYSTEM32\dbgcore.DLL
0x00007ffee3b90000 - 0x00007ffee3c0f000 	C:\WINDOWS\System32\bcryptPrimitives.dll
0x00007ffedc610000 - 0x00007ffedc639000 	C:\Program Files\Android\Android Studio1\jre\bin\java.dll
0x00007ffedd910000 - 0x00007ffedd91b000 	C:\Program Files\Android\Android Studio1\jre\bin\jimage.dll
0x00007ffed2de0000 - 0x00007ffed2df8000 	C:\Program Files\Android\Android Studio1\jre\bin\zip.dll
0x00007ffee5a80000 - 0x00007ffee622e000 	C:\WINDOWS\System32\SHELL32.dll
0x00007ffee1bf0000 - 0x00007ffee2458000 	C:\WINDOWS\SYSTEM32\windows.storage.dll
0x00007ffee4a00000 - 0x00007ffee4d78000 	C:\WINDOWS\System32\combase.dll
0x00007ffee1a80000 - 0x00007ffee1be6000 	C:\WINDOWS\SYSTEM32\wintypes.dll
0x00007ffee6230000 - 0x00007ffee631a000 	C:\WINDOWS\System32\SHCORE.dll
0x00007ffee53f0000 - 0x00007ffee544d000 	C:\WINDOWS\System32\shlwapi.dll
0x00007ffee39a0000 - 0x00007ffee39c1000 	C:\WINDOWS\SYSTEM32\profapi.dll
0x00007ffed0240000 - 0x00007ffed025a000 	C:\Program Files\Android\Android Studio1\jre\bin\net.dll
0x00007ffeddd60000 - 0x00007ffedde6c000 	C:\WINDOWS\SYSTEM32\WINHTTP.dll
0x00007ffee3090000 - 0x00007ffee30f7000 	C:\WINDOWS\system32\mswsock.dll
0x00007ffed00b0000 - 0x00007ffed00c4000 	C:\Program Files\Android\Android Studio1\jre\bin\nio.dll
0x00007ffecce50000 - 0x00007ffecce77000 	C:\Users\ASUS\.gradle\native\8bec1ad78214c89d9ad589b4d07fe93259594b29d510b10fafb7a158f7737e5d\windows-amd64\native-platform.dll
0x00007ffeac8c0000 - 0x00007ffeac9fd000 	C:\Users\ASUS\.gradle\native\53dbd7edfb1c66fb8903c78663c9afc45aea4f116125fa6feffd364cf09443e8\windows-amd64\native-platform-file-events.dll
0x00007ffedc4f0000 - 0x00007ffedc4fa000 	C:\Program Files\Android\Android Studio1\jre\bin\management.dll
0x00007ffed2dd0000 - 0x00007ffed2ddc000 	C:\Program Files\Android\Android Studio1\jre\bin\management_ext.dll
0x00007ffee32d0000 - 0x00007ffee32e8000 	C:\WINDOWS\SYSTEM32\CRYPTSP.dll
0x00007ffee2bc0000 - 0x00007ffee2bf5000 	C:\WINDOWS\system32\rsaenh.dll
0x00007ffee3180000 - 0x00007ffee31a9000 	C:\WINDOWS\SYSTEM32\USERENV.dll
0x00007ffee3450000 - 0x00007ffee3477000 	C:\WINDOWS\SYSTEM32\bcrypt.dll
0x00007ffee32f0000 - 0x00007ffee32fc000 	C:\WINDOWS\SYSTEM32\CRYPTBASE.dll
0x00007ffee2790000 - 0x00007ffee27bd000 	C:\WINDOWS\SYSTEM32\IPHLPAPI.DLL
0x00007ffee52c0000 - 0x00007ffee52c9000 	C:\WINDOWS\System32\NSI.dll
0x00007ffeddf40000 - 0x00007ffeddf59000 	C:\WINDOWS\SYSTEM32\dhcpcsvc6.DLL
0x00007ffede330000 - 0x00007ffede34e000 	C:\WINDOWS\SYSTEM32\dhcpcsvc.DLL
0x00007ffee2800000 - 0x00007ffee28e7000 	C:\WINDOWS\SYSTEM32\DNSAPI.dll
0x00007ffece8d0000 - 0x00007ffece8f7000 	C:\Program Files\Android\Android Studio1\jre\bin\sunec.dll
0x00007ffecc130000 - 0x00007ffecc13a000 	C:\Windows\System32\rasadhlp.dll
0x00007ffedbfd0000 - 0x00007ffedc051000 	C:\WINDOWS\System32\fwpuclnt.dll
0x00007ffee1430000 - 0x00007ffee1464000 	C:\WINDOWS\SYSTEM32\ntmarta.dll

dbghelp: loaded successfully - version: 4.0.5 - missing functions: none
symbol engine: initialized successfully - sym options: 0x614 - pdb path: .;C:\Program Files\Android\Android Studio1\jre\bin;C:\WINDOWS\SYSTEM32;C:\WINDOWS\WinSxS\amd64_microsoft.windows.common-controls_6595b64144ccf1df_6.0.22000.120_none_9d947278b86cc467;C:\Program Files\Android\Android Studio1\jre\bin\server;C:\Users\ASUS\.gradle\native\8bec1ad78214c89d9ad589b4d07fe93259594b29d510b10fafb7a158f7737e5d\windows-amd64;C:\Users\ASUS\.gradle\native\53dbd7edfb1c66fb8903c78663c9afc45aea4f116125fa6feffd364cf09443e8\windows-amd64

VM Arguments:
jvm_args: --add-opens=java.base/java.util=ALL-UNNAMED --add-opens=java.base/java.lang=ALL-UNNAMED --add-opens=java.base/java.lang.invoke=ALL-UNNAMED --add-opens=java.base/java.util=ALL-UNNAMED --add-opens=java.prefs/java.util.prefs=ALL-UNNAMED --add-opens=java.prefs/java.util.prefs=ALL-UNNAMED --add-opens=java.base/java.nio.charset=ALL-UNNAMED --add-opens=java.base/java.net=ALL-UNNAMED --add-opens=java.base/java.util.concurrent.atomic=ALL-UNNAMED -Xmx2048m -Dfile.encoding=UTF-8 -Duser.country=ID -Duser.language=en -Duser.variant 
java_command: org.gradle.launcher.daemon.bootstrap.GradleDaemon 7.0.2
java_class_path (initial): C:\Users\ASUS\.gradle\wrapper\dists\gradle-7.0.2-bin\857tjihv64xamwrf0h14cai3r\gradle-7.0.2\lib\gradle-launcher-7.0.2.jar
Launcher Type: SUN_STANDARD

[Global flags]
     intx CICompilerCount                          = 4                                         {product} {ergonomic}
     uint ConcGCThreads                            = 2                                         {product} {ergonomic}
     uint G1ConcRefinementThreads                  = 8                                         {product} {ergonomic}
   size_t G1HeapRegionSize                         = 1048576                                   {product} {ergonomic}
    uintx GCDrainStackTargetSize                   = 64                                        {product} {ergonomic}
   size_t InitialHeapSize                          = 132120576                                 {product} {ergonomic}
   size_t MarkStackSize                            = 4194304                                   {product} {ergonomic}
   size_t MaxHeapSize                              = 2147483648                                {product} {command line}
   size_t MaxNewSize                               = 1287651328                                {product} {ergonomic}
   size_t MinHeapDeltaBytes                        = 1048576                                   {product} {ergonomic}
    uintx NonNMethodCodeHeapSize                   = 5836300                                {pd product} {ergonomic}
    uintx NonProfiledCodeHeapSize                  = 122910970                              {pd product} {ergonomic}
    uintx ProfiledCodeHeapSize                     = 122910970                              {pd product} {ergonomic}
    uintx ReservedCodeCacheSize                    = 251658240                              {pd product} {ergonomic}
     bool SegmentedCodeCache                       = true                                      {product} {ergonomic}
     bool UseCompressedClassPointers               = true                                 {lp64_product} {ergonomic}
     bool UseCompressedOops                        = true                                 {lp64_product} {ergonomic}
     bool UseG1GC                                  = true                                      {product} {ergonomic}
     bool UseLargePagesIndividualAllocation        = false                                  {pd product} {ergonomic}

Logging:
Log output configuration:
 #0: stdout all=warning uptime,level,tags
 #1: stderr all=off uptime,level,tags

Environment Variables:
PATH=C:\Users\ASUS\platform-tools_r31.0.3-windows\platform-tools\systrace\catapult\common\bin;C:\Python310\;C:\ProgramData\Oracle\Java\javapath;C:\Program Files\Common Files\Oracle\Java\javapath;C:\Windows\system32;C:\Windows;C:\Windows\System32\Wbem;C:\Windows\System32\WindowsPowerShell\v1.0\;C:\Windows\System32\OpenSSH\;C:\Program Files (x86)\NVIDIA Corporation\PhysX\Common;C:\Program Files\NVIDIA Corporation\NVIDIA NvDLISR;C:\composer;C:\ProgramData\ComposerSetup\bin;C:\Program Files\gradle-6.9.1\bin;C:\WINDOWS\system32;C:\WINDOWS;C:\WINDOWS\System32\Wbem;C:\WINDOWS\System32\WindowsPowerShell\v1.0\;C:\WINDOWS\System32\OpenSSH\;C:\Program Files\nodejs\;C:\ProgramData\chocolatey\bin;C:\Users\ASUS\flutter\bin;C:\Program Files\Git\bin;C:\Program Files\Git\cmd;C:\Users\ASUS\AppData\Local\Android\sdk\tools\bin;C:\Users\ASUS\flutter\bin;C:\Users\ASUS\AppData\Local\Microsoft\WindowsApps;C:\Program Files\MongoDB\Server\4.4\bin;C:\xampp\php;C:\Users\ASUS\AppData\Roaming\Composer\vendor\bin;C:\Python27;C:\Program Files\gradle-6.9.1\bin;C:\Users\ASUS\AppData\Roaming\npm;C:\Users\ASUS\AppData\Local\Android\sdk\tools\bin;C:\Users\ASUS\AppData\Local\Programs\Microsoft VS Code\bin
USERNAME=ASUS
OS=Windows_NT
PROCESSOR_IDENTIFIER=Intel64 Family 6 Model 158 Stepping 10, GenuineIntel



---------------  S Y S T E M  ---------------

OS: Windows 10 , 64 bit Build 22000 (10.0.22000.434)
OS uptime: 9 days 2:39 hours

CPU:total 8 (initial active 8) (4 cores per cpu, 2 threads per core) family 6 model 158 stepping 10 microcode 0xde, cmov, cx8, fxsr, mmx, sse, sse2, sse3, ssse3, sse4.1, sse4.2, popcnt, avx, avx2, aes, clmul, erms, 3dnowpref, lzcnt, ht, tsc, tscinvbit, bmi1, bmi2, adx, fma

Memory: 4k page, system-wide physical 8047M (151M free)
TotalPageFile size 32623M (AvailPageFile size 51M)
current process WorkingSet (physical memory assigned to process): 547M, peak: 619M
current process commit charge ("private bytes"): 657M, peak: 726M

vm_info: OpenJDK 64-Bit Server VM (11.0.10+0-b96-7249189) for windows-amd64 JRE (11.0.10+0-b96-7249189), built on Mar 31 2021 21:44:00 by "builder" with MS VC++ 14.0 (VS2015)

END.
