#
# There is insufficient memory for the Java Runtime Environment to continue.
# Native memory allocation (malloc) failed to allocate 700656 bytes for Chunk::new
# Possible reasons:
#   The system is out of physical RAM or swap space
#   The process is running with CompressedOops enabled, and the Java Heap may be blocking the growth of the native heap
# Possible solutions:
#   Reduce memory load on the system
#   Increase physical memory or swap space
#   Check if swap backing store is full
#   Decrease Java heap size (-Xmx/-Xms)
#   Decrease number of Java threads
#   Decrease Java thread stack sizes (-Xss)
#   Set larger code cache with -XX:ReservedCodeCacheSize=
#   JVM is running with Unscaled Compressed Oops mode in which the Java heap is
#     placed in the first 4GB address space. The Java Heap base address is the
#     maximum limit for the native heap growth. Please use -XX:HeapBaseMinAddress
#     to set the Java Heap base and to place the Java Heap above 4GB virtual address.
# This output file may be truncated or incomplete.
#
#  Out of Memory Error (./src/hotspot/share/memory/arena.cpp:197), pid=5000, tid=6048
#
# JRE version: OpenJDK Runtime Environment (11.0.10) (build 11.0.10+0-b96-7249189)
# Java VM: OpenJDK 64-Bit Server VM (11.0.10+0-b96-7249189, mixed mode, tiered, compressed oops, g1 gc, windows-amd64)
# No core dump will be written. Minidumps are not enabled by default on client versions of Windows
#

---------------  S U M M A R Y ------------

Command Line: --add-opens=java.base/java.util=ALL-UNNAMED --add-opens=java.base/java.lang=ALL-UNNAMED --add-opens=java.base/java.lang.invoke=ALL-UNNAMED --add-opens=java.base/java.util=ALL-UNNAMED --add-opens=java.prefs/java.util.prefs=ALL-UNNAMED --add-opens=java.prefs/java.util.prefs=ALL-UNNAMED --add-opens=java.base/java.nio.charset=ALL-UNNAMED --add-opens=java.base/java.net=ALL-UNNAMED --add-opens=java.base/java.util.concurrent.atomic=ALL-UNNAMED -Xmx2048m -Dfile.encoding=UTF-8 -Duser.country=ID -Duser.language=en -Duser.variant org.gradle.launcher.daemon.bootstrap.GradleDaemon 7.0.2

Host: Intel(R) Core(TM) i5-8300H CPU @ 2.30GHz, 8 cores, 7G,  Windows 10 , 64 bit Build 22000 (10.0.22000.434)
Time: Wed Mar 30 11:06:05 2022 SE Asia Standard Time elapsed time: 31.885762 seconds (0d 0h 0m 31s)

---------------  T H R E A D  ---------------

Current thread (0x000001c2f8298000):  JavaThread "C2 CompilerThread0" daemon [_thread_in_native, id=6048, stack(0x000000ab11f00000,0x000000ab12000000)]


Current CompileTask:
C2:  31885 12548       4       java.util.jar.JarFile::getManifestFromReference (117 bytes)

Stack: [0x000000ab11f00000,0x000000ab12000000]
Native frames: (J=compiled Java code, j=interpreted, Vv=VM code, C=native code)
V  [jvm.dll+0x5ecfaa]
V  [jvm.dll+0x722bd5]
V  [jvm.dll+0x72412d]
V  [jvm.dll+0x7247e3]
V  [jvm.dll+0x242928]
V  [jvm.dll+0xbc4fc]
V  [jvm.dll+0xbca0c]
V  [jvm.dll+0x352d7d]
V  [jvm.dll+0x19800c]
V  [jvm.dll+0x1fb70e]
V  [jvm.dll+0x1fa7f4]
V  [jvm.dll+0x18354c]
V  [jvm.dll+0x208ee7]
V  [jvm.dll+0x207731]
V  [jvm.dll+0x6eb1cf]
V  [jvm.dll+0x6e3d45]
V  [jvm.dll+0x5ebe96]
C  [ucrtbase.dll+0x26c0c]
C  [KERNEL32.DLL+0x154e0]
C  [ntdll.dll+0x485b]


---------------  P R O C E S S  ---------------

Threads class SMR info:
_java_thread_list=0x000001c2812fab40, length=49, elements={
0x000001c2dddfe800, 0x000001c2f8266800, 0x000001c2f827f800, 0x000001c2f8290800,
0x000001c2f8291800, 0x000001c2f8294800, 0x000001c2f8298000, 0x000001c2f8c07800,
0x000001c2f8c42800, 0x000001c2f8d72000, 0x000001c2facaf000, 0x000001c2fa778800,
0x000001c2fa0b3800, 0x000001c2fa70a800, 0x000001c2fae23000, 0x000001c2fa619000,
0x000001c2faaf5000, 0x000001c2faaef800, 0x000001c2faaeb000, 0x000001c2faae8800,
0x000001c2faae6800, 0x000001c2faae9800, 0x000001c2faaea800, 0x000001c2faae8000,
0x000001c2faae5800, 0x000001c2faae7000, 0x000001c2faaec000, 0x000001c2fce74800,
0x000001c2fce70800, 0x000001c2fce76800, 0x000001c2fce71800, 0x000001c2fce73000,
0x000001c2fce74000, 0x000001c2fce77000, 0x000001c2fce75800, 0x000001c2fce7d800,
0x000001c2fce7d000, 0x000001c2fce7f800, 0x000001c2fce7b000, 0x000001c2fab30800,
0x000001c2fab32000, 0x000001c2fab33000, 0x000001c2fab2f800, 0x000001c2fab2d000,
0x000001c2fab34000, 0x000001c2fab31800, 0x000001c2fab2e000, 0x000001c2fab34800,
0x000001c2fab2f000
}

Java Threads: ( => current thread )
  0x000001c2dddfe800 JavaThread "main" [_thread_blocked, id=3240, stack(0x000000ab11300000,0x000000ab11400000)]
  0x000001c2f8266800 JavaThread "Reference Handler" daemon [_thread_blocked, id=6812, stack(0x000000ab11a00000,0x000000ab11b00000)]
  0x000001c2f827f800 JavaThread "Finalizer" daemon [_thread_blocked, id=8380, stack(0x000000ab11b00000,0x000000ab11c00000)]
  0x000001c2f8290800 JavaThread "Signal Dispatcher" daemon [_thread_blocked, id=296, stack(0x000000ab11c00000,0x000000ab11d00000)]
  0x000001c2f8291800 JavaThread "Attach Listener" daemon [_thread_blocked, id=5740, stack(0x000000ab11d00000,0x000000ab11e00000)]
  0x000001c2f8294800 JavaThread "Service Thread" daemon [_thread_blocked, id=4524, stack(0x000000ab11e00000,0x000000ab11f00000)]
=>0x000001c2f8298000 JavaThread "C2 CompilerThread0" daemon [_thread_in_native, id=6048, stack(0x000000ab11f00000,0x000000ab12000000)]
  0x000001c2f8c07800 JavaThread "C1 CompilerThread0" daemon [_thread_in_vm, id=16860, stack(0x000000ab12000000,0x000000ab12100000)]
  0x000001c2f8c42800 JavaThread "Sweeper thread" daemon [_thread_blocked, id=13652, stack(0x000000ab12100000,0x000000ab12200000)]
  0x000001c2f8d72000 JavaThread "Common-Cleaner" daemon [_thread_blocked, id=12404, stack(0x000000ab12200000,0x000000ab12300000)]
  0x000001c2facaf000 JavaThread "Daemon health stats" [_thread_blocked, id=17788, stack(0x000000ab12600000,0x000000ab12700000)]
  0x000001c2fa778800 JavaThread "Incoming local TCP Connector on port 55981" [_thread_in_native, id=7080, stack(0x000000ab12700000,0x000000ab12800000)]
  0x000001c2fa0b3800 JavaThread "Daemon periodic checks" [_thread_blocked, id=15336, stack(0x000000ab12800000,0x000000ab12900000)]
  0x000001c2fa70a800 JavaThread "Daemon" [_thread_blocked, id=9116, stack(0x000000ab12900000,0x000000ab12a00000)]
  0x000001c2fae23000 JavaThread "Handler for socket connection from /127.0.0.1:55981 to /127.0.0.1:55982" [_thread_in_native, id=3956, stack(0x000000ab12a00000,0x000000ab12b00000)]
  0x000001c2fa619000 JavaThread "Cancel handler" [_thread_blocked, id=8592, stack(0x000000ab12b00000,0x000000ab12c00000)]
  0x000001c2faaf5000 JavaThread "Daemon worker" [_thread_in_Java, id=10024, stack(0x000000ab12c00000,0x000000ab12d00000)]
  0x000001c2faaef800 JavaThread "Asynchronous log dispatcher for DefaultDaemonConnection: socket connection from /127.0.0.1:55981 to /127.0.0.1:55982" [_thread_blocked, id=6004, stack(0x000000ab13200000,0x000000ab13300000)]
  0x000001c2faaeb000 JavaThread "Stdin handler" [_thread_blocked, id=9068, stack(0x000000ab13300000,0x000000ab13400000)]
  0x000001c2faae8800 JavaThread "Daemon client event forwarder" [_thread_blocked, id=17600, stack(0x000000ab13400000,0x000000ab13500000)]
  0x000001c2faae6800 JavaThread "Cache worker for file hash cache (C:\Users\ASUS\.gradle\caches\7.0.2\fileHashes)" [_thread_blocked, id=13332, stack(0x000000ab13500000,0x000000ab13600000)]
  0x000001c2faae9800 JavaThread "File lock request listener" [_thread_in_native, id=5144, stack(0x000000ab13600000,0x000000ab13700000)]
  0x000001c2faaea800 JavaThread "Cache worker for journal cache (C:\Users\ASUS\.gradle\caches\journal-1)" [_thread_blocked, id=2796, stack(0x000000ab13800000,0x000000ab13900000)]
  0x000001c2faae8000 JavaThread "Cache worker for file hash cache (C:\Users\ASUS\AndroidStudioProjects\gigiibuhamil\.gradle\7.0.2\fileHashes)" [_thread_blocked, id=14568, stack(0x000000ab13900000,0x000000ab13a00000)]
  0x000001c2faae5800 JavaThread "File watcher server" daemon [_thread_in_native, id=9784, stack(0x000000ab13a00000,0x000000ab13b00000)]
  0x000001c2faae7000 JavaThread "File watcher consumer" daemon [_thread_blocked, id=12368, stack(0x000000ab13b00000,0x000000ab13c00000)]
  0x000001c2faaec000 JavaThread "jar transforms" [_thread_blocked, id=4588, stack(0x000000ab13c00000,0x000000ab13d00000)]
  0x000001c2fce74800 JavaThread "jar transforms Thread 2" [_thread_blocked, id=15848, stack(0x000000ab13d00000,0x000000ab13e00000)]
  0x000001c2fce70800 JavaThread "jar transforms Thread 3" [_thread_blocked, id=7276, stack(0x000000ab13e00000,0x000000ab13f00000)]
  0x000001c2fce76800 JavaThread "jar transforms Thread 4" [_thread_blocked, id=13416, stack(0x000000ab13f00000,0x000000ab14000000)]
  0x000001c2fce71800 JavaThread "jar transforms Thread 5" [_thread_blocked, id=14384, stack(0x000000ab14000000,0x000000ab14100000)]
  0x000001c2fce73000 JavaThread "jar transforms Thread 6" [_thread_blocked, id=4040, stack(0x000000ab14100000,0x000000ab14200000)]
  0x000001c2fce74000 JavaThread "jar transforms Thread 7" [_thread_blocked, id=3528, stack(0x000000ab14200000,0x000000ab14300000)]
  0x000001c2fce77000 JavaThread "jar transforms Thread 8" [_thread_blocked, id=12056, stack(0x000000ab14300000,0x000000ab14400000)]
  0x000001c2fce75800 JavaThread "Cache worker for checksums cache (C:\Users\ASUS\AndroidStudioProjects\gigiibuhamil\.gradle\checksums)" [_thread_blocked, id=7840, stack(0x000000ab14400000,0x000000ab14500000)]
  0x000001c2fce7d800 JavaThread "Cache worker for execution history cache (C:\Users\ASUS\.gradle\caches\7.0.2\executionHistory)" [_thread_blocked, id=8892, stack(0x000000ab14700000,0x000000ab14800000)]
  0x000001c2fce7d000 JavaThread "Cache worker for file content cache (C:\Users\ASUS\.gradle\caches\7.0.2\fileContent)" [_thread_blocked, id=12092, stack(0x000000ab14800000,0x000000ab14900000)]
  0x000001c2fce7f800 JavaThread "Cache worker for dependencies-accessors (C:\Users\ASUS\AndroidStudioProjects\gigiibuhamil\.gradle\7.0.2\dependencies-accessors)" [_thread_blocked, id=14728, stack(0x000000ab14900000,0x000000ab14a00000)]
  0x000001c2fce7b000 JavaThread "Build operations" [_thread_blocked, id=15932, stack(0x000000ab14b00000,0x000000ab14c00000)]
  0x000001c2fab30800 JavaThread "Build operations Thread 2" [_thread_blocked, id=18168, stack(0x000000ab14c00000,0x000000ab14d00000)]
  0x000001c2fab32000 JavaThread "Build operations Thread 3" [_thread_blocked, id=7764, stack(0x000000ab14d00000,0x000000ab14e00000)]
  0x000001c2fab33000 JavaThread "Build operations Thread 4" [_thread_blocked, id=1852, stack(0x000000ab14e00000,0x000000ab14f00000)]
  0x000001c2fab2f800 JavaThread "Build operations Thread 5" [_thread_blocked, id=16480, stack(0x000000ab14f00000,0x000000ab15000000)]
  0x000001c2fab2d000 JavaThread "Build operations Thread 6" [_thread_blocked, id=9936, stack(0x000000ab15000000,0x000000ab15100000)]
  0x000001c2fab34000 JavaThread "Build operations Thread 7" [_thread_blocked, id=15136, stack(0x000000ab15100000,0x000000ab15200000)]
  0x000001c2fab31800 JavaThread "Build operations Thread 8" [_thread_blocked, id=9276, stack(0x000000ab15200000,0x000000ab15300000)]
  0x000001c2fab2e000 JavaThread "Memory manager" [_thread_blocked, id=15660, stack(0x000000ab15300000,0x000000ab15400000)]
  0x000001c2fab34800 JavaThread "pool-3-thread-1" [_thread_blocked, id=12600, stack(0x000000ab15400000,0x000000ab15500000)]
  0x000001c2fab2f000 JavaThread "pool-2-thread-1" [_thread_in_vm, id=17172, stack(0x000000ab15500000,0x000000ab15600000)]

Other Threads:
  0x000001c2f8263000 VMThread "VM Thread" [stack: 0x000000ab11900000,0x000000ab11a00000] [id=1208]
  0x000001c2f8d89800 WatcherThread [stack: 0x000000ab12300000,0x000000ab12400000] [id=1396]
  0x000001c2dde19800 GCTaskThread "GC Thread#0" [stack: 0x000000ab11400000,0x000000ab11500000] [id=16168]
  0x000001c2f9539000 GCTaskThread "GC Thread#1" [stack: 0x000000ab12400000,0x000000ab12500000] [id=10044]
  0x000001c2f909b800 GCTaskThread "GC Thread#2" [stack: 0x000000ab12500000,0x000000ab12600000] [id=11884]
  0x000001c2fae81800 GCTaskThread "GC Thread#3" [stack: 0x000000ab12d00000,0x000000ab12e00000] [id=12380]
  0x000001c2fab00800 GCTaskThread "GC Thread#4" [stack: 0x000000ab12e00000,0x000000ab12f00000] [id=7564]
  0x000001c2faaf6000 GCTaskThread "GC Thread#5" [stack: 0x000000ab12f00000,0x000000ab13000000] [id=14732]
  0x000001c2f9ee8000 GCTaskThread "GC Thread#6" [stack: 0x000000ab13000000,0x000000ab13100000] [id=13532]
  0x000001c2fab5b800 GCTaskThread "GC Thread#7" [stack: 0x000000ab13100000,0x000000ab13200000] [id=15588]
  0x000001c2dde4a000 ConcurrentGCThread "G1 Main Marker" [stack: 0x000000ab11500000,0x000000ab11600000] [id=15988]
  0x000001c2dde4b800 ConcurrentGCThread "G1 Conc#0" [stack: 0x000000ab11600000,0x000000ab11700000] [id=15748]
  0x000001c2f9ef5000 ConcurrentGCThread "G1 Conc#1" [stack: 0x000000ab13700000,0x000000ab13800000] [id=7864]
  0x000001c2f80b0800 ConcurrentGCThread "G1 Refine#0" [stack: 0x000000ab11700000,0x000000ab11800000] [id=16500]
  0x000001c2f80b1000 ConcurrentGCThread "G1 Young RemSet Sampling" [stack: 0x000000ab11800000,0x000000ab11900000] [id=16464]

Threads with active compile tasks:
C2 CompilerThread0  31971 12548       4       java.util.jar.JarFile::getManifestFromReference (117 bytes)
C1 CompilerThread0  31971 12830   !   3       com.google.protobuf.CodedOutputStream$ArrayEncoder::writeUInt32NoTag (386 bytes)

VM state:synchronizing (normal execution)

VM Mutex/Monitor currently owned by a thread:  ([mutex/lock_event])
[0x000001c2dddfa8b0] Safepoint_lock - owner thread: 0x0000000000000000
[0x000001c2dddfb990] Threads_lock - owner thread: 0x000001c2f8263000

Heap address: 0x0000000080000000, size: 2048 MB, Compressed Oops mode: 32-bit
Narrow klass base: 0x0000000000000000, Narrow klass shift: 3
Compressed class space size: 1073741824 Address: 0x0000000100000000

Heap:
 garbage-first heap   total 270336K, used 191094K [0x0000000080000000, 0x0000000100000000)
  region size 1024K, 70 young (71680K), 11 survivors (11264K)
 Metaspace       used 107381K, capacity 110321K, committed 110412K, reserved 1144832K
  class space    used 13525K, capacity 14630K, committed 14720K, reserved 1048576K
Heap Regions: E=young(eden), S=young(survivor), O=old, HS=humongous(starts), HC=humongous(continues), CS=collection set, F=free, A=archive, TAMS=top-at-mark-start (previous, next)
|   0|0x0000000080000000, 0x0000000080100000, 0x0000000080100000|100%| O|  |TAMS 0x0000000080100000, 0x0000000080000000| Untracked 
|   1|0x0000000080100000, 0x0000000080200000, 0x0000000080200000|100%| O|  |TAMS 0x0000000080200000, 0x0000000080100000| Untracked 
|   2|0x0000000080200000, 0x0000000080300000, 0x0000000080300000|100%| O|  |TAMS 0x0000000080300000, 0x0000000080200000| Untracked 
|   3|0x0000000080300000, 0x0000000080400000, 0x0000000080400000|100%|HS|  |TAMS 0x0000000080400000, 0x0000000080300000| Complete 
|   4|0x0000000080400000, 0x0000000080500000, 0x0000000080500000|100%|HC|  |TAMS 0x0000000080500000, 0x0000000080400000| Complete 
|   5|0x0000000080500000, 0x0000000080600000, 0x0000000080600000|100%|HC|  |TAMS 0x0000000080600000, 0x0000000080500000| Complete 
|   6|0x0000000080600000, 0x0000000080700000, 0x0000000080700000|100%| O|  |TAMS 0x0000000080700000, 0x0000000080600000| Untracked 
|   7|0x0000000080700000, 0x0000000080800000, 0x0000000080800000|100%| O|  |TAMS 0x0000000080800000, 0x0000000080700000| Untracked 
|   8|0x0000000080800000, 0x0000000080900000, 0x0000000080900000|100%| O|  |TAMS 0x0000000080900000, 0x0000000080800000| Untracked 
|   9|0x0000000080900000, 0x0000000080a00000, 0x0000000080a00000|100%| O|  |TAMS 0x0000000080a00000, 0x0000000080900000| Untracked 
|  10|0x0000000080a00000, 0x0000000080b00000, 0x0000000080b00000|100%| O|  |TAMS 0x0000000080b00000, 0x0000000080a00000| Untracked 
|  11|0x0000000080b00000, 0x0000000080c00000, 0x0000000080c00000|100%| O|  |TAMS 0x0000000080c00000, 0x0000000080b00000| Untracked 
|  12|0x0000000080c00000, 0x0000000080d00000, 0x0000000080d00000|100%| O|  |TAMS 0x0000000080d00000, 0x0000000080c00000| Untracked 
|  13|0x0000000080d00000, 0x0000000080e00000, 0x0000000080e00000|100%| O|  |TAMS 0x0000000080e00000, 0x0000000080d00000| Untracked 
|  14|0x0000000080e00000, 0x0000000080f00000, 0x0000000080f00000|100%| O|  |TAMS 0x0000000080f00000, 0x0000000080e00000| Untracked 
|  15|0x0000000080f00000, 0x0000000081000000, 0x0000000081000000|100%| O|  |TAMS 0x0000000081000000, 0x0000000080f00000| Untracked 
|  16|0x0000000081000000, 0x0000000081100000, 0x0000000081100000|100%|HS|  |TAMS 0x0000000081100000, 0x0000000081000000| Complete 
|  17|0x0000000081100000, 0x0000000081200000, 0x0000000081200000|100%|HC|  |TAMS 0x0000000081200000, 0x0000000081100000| Complete 
|  18|0x0000000081200000, 0x0000000081300000, 0x0000000081300000|100%|HS|  |TAMS 0x0000000081300000, 0x0000000081200000| Complete 
|  19|0x0000000081300000, 0x0000000081400000, 0x0000000081400000|100%|HC|  |TAMS 0x0000000081400000, 0x0000000081300000| Complete 
|  20|0x0000000081400000, 0x0000000081500000, 0x0000000081500000|100%|HC|  |TAMS 0x0000000081500000, 0x0000000081400000| Complete 
|  21|0x0000000081500000, 0x0000000081600000, 0x0000000081600000|100%|HS|  |TAMS 0x0000000081600000, 0x0000000081500000| Complete 
|  22|0x0000000081600000, 0x0000000081700000, 0x0000000081700000|100%|HC|  |TAMS 0x0000000081700000, 0x0000000081600000| Complete 
|  23|0x0000000081700000, 0x0000000081800000, 0x0000000081800000|100%|HC|  |TAMS 0x0000000081800000, 0x0000000081700000| Complete 
|  24|0x0000000081800000, 0x0000000081900000, 0x0000000081900000|100%|HC|  |TAMS 0x0000000081900000, 0x0000000081800000| Complete 
|  25|0x0000000081900000, 0x0000000081a00000, 0x0000000081a00000|100%|HC|  |TAMS 0x0000000081a00000, 0x0000000081900000| Complete 
|  26|0x0000000081a00000, 0x0000000081b00000, 0x0000000081b00000|100%| O|  |TAMS 0x0000000081b00000, 0x0000000081a00000| Untracked 
|  27|0x0000000081b00000, 0x0000000081c00000, 0x0000000081c00000|100%| O|  |TAMS 0x0000000081c00000, 0x0000000081b00000| Untracked 
|  28|0x0000000081c00000, 0x0000000081d00000, 0x0000000081d00000|100%| O|  |TAMS 0x0000000081d00000, 0x0000000081c00000| Untracked 
|  29|0x0000000081d00000, 0x0000000081e00000, 0x0000000081e00000|100%| O|  |TAMS 0x0000000081e00000, 0x0000000081d00000| Untracked 
|  30|0x0000000081e00000, 0x0000000081f00000, 0x0000000081f00000|100%| O|  |TAMS 0x0000000081f00000, 0x0000000081e00000| Untracked 
|  31|0x0000000081f00000, 0x0000000082000000, 0x0000000082000000|100%| O|  |TAMS 0x0000000082000000, 0x0000000081f00000| Untracked 
|  32|0x0000000082000000, 0x0000000082100000, 0x0000000082100000|100%| O|  |TAMS 0x0000000082100000, 0x0000000082000000| Untracked 
|  33|0x0000000082100000, 0x0000000082200000, 0x0000000082200000|100%| O|  |TAMS 0x0000000082200000, 0x0000000082100000| Untracked 
|  34|0x0000000082200000, 0x0000000082300000, 0x0000000082300000|100%|HS|  |TAMS 0x0000000082300000, 0x0000000082200000| Complete 
|  35|0x0000000082300000, 0x0000000082400000, 0x0000000082400000|100%|HC|  |TAMS 0x0000000082400000, 0x0000000082300000| Complete 
|  36|0x0000000082400000, 0x0000000082500000, 0x0000000082500000|100%|HC|  |TAMS 0x0000000082500000, 0x0000000082400000| Complete 
|  37|0x0000000082500000, 0x0000000082600000, 0x0000000082600000|100%|HC|  |TAMS 0x0000000082600000, 0x0000000082500000| Complete 
|  38|0x0000000082600000, 0x0000000082700000, 0x0000000082700000|100%|HC|  |TAMS 0x0000000082700000, 0x0000000082600000| Complete 
|  39|0x0000000082700000, 0x0000000082800000, 0x0000000082800000|100%| O|  |TAMS 0x0000000082800000, 0x0000000082700000| Untracked 
|  40|0x0000000082800000, 0x0000000082900000, 0x0000000082900000|100%| O|  |TAMS 0x0000000082900000, 0x0000000082800000| Untracked 
|  41|0x0000000082900000, 0x0000000082a00000, 0x0000000082a00000|100%| O|  |TAMS 0x0000000082a00000, 0x0000000082900000| Untracked 
|  42|0x0000000082a00000, 0x0000000082b00000, 0x0000000082b00000|100%| O|  |TAMS 0x0000000082b00000, 0x0000000082a00000| Untracked 
|  43|0x0000000082b00000, 0x0000000082c00000, 0x0000000082c00000|100%|HS|  |TAMS 0x0000000082c00000, 0x0000000082b00000| Complete 
|  44|0x0000000082c00000, 0x0000000082d00000, 0x0000000082d00000|100%|HC|  |TAMS 0x0000000082d00000, 0x0000000082c00000| Complete 
|  45|0x0000000082d00000, 0x0000000082e00000, 0x0000000082e00000|100%|HC|  |TAMS 0x0000000082e00000, 0x0000000082d00000| Complete 
|  46|0x0000000082e00000, 0x0000000082f00000, 0x0000000082f00000|100%| O|  |TAMS 0x0000000082f00000, 0x0000000082e00000| Untracked 
|  47|0x0000000082f00000, 0x0000000083000000, 0x0000000083000000|100%| O|  |TAMS 0x0000000083000000, 0x0000000082f00000| Untracked 
|  48|0x0000000083000000, 0x0000000083100000, 0x0000000083100000|100%| O|  |TAMS 0x0000000083100000, 0x0000000083000000| Untracked 
|  49|0x0000000083100000, 0x0000000083200000, 0x0000000083200000|100%| O|  |TAMS 0x0000000083200000, 0x0000000083100000| Untracked 
|  50|0x0000000083200000, 0x0000000083300000, 0x0000000083300000|100%| O|  |TAMS 0x0000000083300000, 0x0000000083200000| Untracked 
|  51|0x0000000083300000, 0x0000000083400000, 0x0000000083400000|100%| O|  |TAMS 0x0000000083400000, 0x0000000083300000| Untracked 
|  52|0x0000000083400000, 0x0000000083500000, 0x0000000083500000|100%| O|  |TAMS 0x0000000083500000, 0x0000000083400000| Untracked 
|  53|0x0000000083500000, 0x0000000083600000, 0x0000000083600000|100%| O|  |TAMS 0x0000000083600000, 0x0000000083500000| Untracked 
|  54|0x0000000083600000, 0x0000000083700000, 0x0000000083700000|100%|HS|  |TAMS 0x0000000083700000, 0x0000000083600000| Complete 
|  55|0x0000000083700000, 0x0000000083800000, 0x0000000083800000|100%|HS|  |TAMS 0x0000000083800000, 0x0000000083700000| Complete 
|  56|0x0000000083800000, 0x0000000083900000, 0x0000000083900000|100%|HS|  |TAMS 0x0000000083900000, 0x0000000083800000| Complete 
|  57|0x0000000083900000, 0x0000000083a00000, 0x0000000083a00000|100%| O|  |TAMS 0x0000000083a00000, 0x0000000083900000| Untracked 
|  58|0x0000000083a00000, 0x0000000083b00000, 0x0000000083b00000|100%| O|  |TAMS 0x0000000083b00000, 0x0000000083a00000| Untracked 
|  59|0x0000000083b00000, 0x0000000083c00000, 0x0000000083c00000|100%| O|  |TAMS 0x0000000083c00000, 0x0000000083b00000| Untracked 
|  60|0x0000000083c00000, 0x0000000083d00000, 0x0000000083d00000|100%| O|  |TAMS 0x0000000083d00000, 0x0000000083c00000| Untracked 
|  61|0x0000000083d00000, 0x0000000083e00000, 0x0000000083e00000|100%| O|  |TAMS 0x0000000083e00000, 0x0000000083d00000| Untracked 
|  62|0x0000000083e00000, 0x0000000083f00000, 0x0000000083f00000|100%|HS|  |TAMS 0x0000000083f00000, 0x0000000083e00000| Complete 
|  63|0x0000000083f00000, 0x0000000084000000, 0x0000000084000000|100%|HC|  |TAMS 0x0000000084000000, 0x0000000083f00000| Complete 
|  64|0x0000000084000000, 0x0000000084100000, 0x0000000084100000|100%|HC|  |TAMS 0x0000000084100000, 0x0000000084000000| Complete 
|  65|0x0000000084100000, 0x0000000084200000, 0x0000000084200000|100%| O|  |TAMS 0x0000000084200000, 0x0000000084100000| Untracked 
|  66|0x0000000084200000, 0x0000000084300000, 0x0000000084300000|100%| O|  |TAMS 0x0000000084300000, 0x0000000084200000| Untracked 
|  67|0x0000000084300000, 0x0000000084400000, 0x0000000084400000|100%| O|  |TAMS 0x0000000084400000, 0x0000000084300000| Untracked 
|  68|0x0000000084400000, 0x0000000084500000, 0x0000000084500000|100%| O|  |TAMS 0x0000000084500000, 0x0000000084400000| Untracked 
|  69|0x0000000084500000, 0x0000000084600000, 0x0000000084600000|100%| O|  |TAMS 0x0000000084600000, 0x0000000084500000| Untracked 
|  70|0x0000000084600000, 0x0000000084700000, 0x0000000084700000|100%| O|  |TAMS 0x0000000084700000, 0x0000000084600000| Untracked 
|  71|0x0000000084700000, 0x0000000084800000, 0x0000000084800000|100%|HS|  |TAMS 0x0000000084800000, 0x0000000084700000| Complete 
|  72|0x0000000084800000, 0x0000000084900000, 0x0000000084900000|100%|HC|  |TAMS 0x0000000084900000, 0x0000000084800000| Complete 
|  73|0x0000000084900000, 0x0000000084a00000, 0x0000000084a00000|100%| O|  |TAMS 0x0000000084a00000, 0x0000000084900000| Untracked 
|  74|0x0000000084a00000, 0x0000000084b00000, 0x0000000084b00000|100%| O|  |TAMS 0x0000000084b00000, 0x0000000084a00000| Untracked 
|  75|0x0000000084b00000, 0x0000000084c00000, 0x0000000084c00000|100%| O|  |TAMS 0x0000000084c00000, 0x0000000084b00000| Untracked 
|  76|0x0000000084c00000, 0x0000000084d00000, 0x0000000084d00000|100%| O|  |TAMS 0x0000000084d00000, 0x0000000084c00000| Untracked 
|  77|0x0000000084d00000, 0x0000000084e00000, 0x0000000084e00000|100%| O|  |TAMS 0x0000000084e00000, 0x0000000084d00000| Untracked 
|  78|0x0000000084e00000, 0x0000000084f00000, 0x0000000084f00000|100%| O|  |TAMS 0x0000000084f00000, 0x0000000084e00000| Untracked 
|  79|0x0000000084f00000, 0x0000000085000000, 0x0000000085000000|100%| O|  |TAMS 0x0000000085000000, 0x0000000084f00000| Untracked 
|  80|0x0000000085000000, 0x0000000085100000, 0x0000000085100000|100%| O|  |TAMS 0x0000000085100000, 0x0000000085000000| Untracked 
|  81|0x0000000085100000, 0x0000000085200000, 0x0000000085200000|100%| O|  |TAMS 0x0000000085200000, 0x0000000085100000| Untracked 
|  82|0x0000000085200000, 0x0000000085300000, 0x0000000085300000|100%| O|  |TAMS 0x0000000085300000, 0x0000000085200000| Untracked 
|  83|0x0000000085300000, 0x0000000085400000, 0x0000000085400000|100%| O|  |TAMS 0x0000000085400000, 0x0000000085300000| Untracked 
|  84|0x0000000085400000, 0x0000000085500000, 0x0000000085500000|100%| O|  |TAMS 0x0000000085500000, 0x0000000085400000| Untracked 
|  85|0x0000000085500000, 0x0000000085600000, 0x0000000085600000|100%| O|  |TAMS 0x0000000085600000, 0x0000000085500000| Untracked 
|  86|0x0000000085600000, 0x0000000085700000, 0x0000000085700000|100%| O|  |TAMS 0x0000000085700000, 0x0000000085600000| Untracked 
|  87|0x0000000085700000, 0x0000000085800000, 0x0000000085800000|100%| O|  |TAMS 0x0000000085800000, 0x0000000085700000| Untracked 
|  88|0x0000000085800000, 0x0000000085900000, 0x0000000085900000|100%| O|  |TAMS 0x0000000085900000, 0x0000000085800000| Untracked 
|  89|0x0000000085900000, 0x0000000085a00000, 0x0000000085a00000|100%| O|  |TAMS 0x0000000085a00000, 0x0000000085900000| Untracked 
|  90|0x0000000085a00000, 0x0000000085b00000, 0x0000000085b00000|100%| O|  |TAMS 0x0000000085b00000, 0x0000000085a00000| Untracked 
|  91|0x0000000085b00000, 0x0000000085c00000, 0x0000000085c00000|100%| O|  |TAMS 0x0000000085c00000, 0x0000000085b00000| Untracked 
|  92|0x0000000085c00000, 0x0000000085d00000, 0x0000000085d00000|100%| O|  |TAMS 0x0000000085d00000, 0x0000000085c00000| Untracked 
|  93|0x0000000085d00000, 0x0000000085e00000, 0x0000000085e00000|100%| O|  |TAMS 0x0000000085e00000, 0x0000000085d00000| Untracked 
|  94|0x0000000085e00000, 0x0000000085f00000, 0x0000000085f00000|100%| O|  |TAMS 0x0000000085f00000, 0x0000000085e00000| Untracked 
|  95|0x0000000085f00000, 0x0000000086000000, 0x0000000086000000|100%| O|  |TAMS 0x0000000086000000, 0x0000000085f00000| Untracked 
|  96|0x0000000086000000, 0x0000000086100000, 0x0000000086100000|100%| O|  |TAMS 0x0000000086100000, 0x0000000086000000| Untracked 
|  97|0x0000000086100000, 0x0000000086200000, 0x0000000086200000|100%| O|  |TAMS 0x0000000086200000, 0x0000000086100000| Untracked 
|  98|0x0000000086200000, 0x0000000086300000, 0x0000000086300000|100%| O|  |TAMS 0x0000000086300000, 0x0000000086200000| Untracked 
|  99|0x0000000086300000, 0x0000000086400000, 0x0000000086400000|100%| O|  |TAMS 0x0000000086400000, 0x0000000086300000| Untracked 
| 100|0x0000000086400000, 0x0000000086500000, 0x0000000086500000|100%| O|  |TAMS 0x0000000086500000, 0x0000000086400000| Untracked 
| 101|0x0000000086500000, 0x0000000086600000, 0x0000000086600000|100%| O|  |TAMS 0x0000000086600000, 0x0000000086500000| Untracked 
| 102|0x0000000086600000, 0x0000000086700000, 0x0000000086700000|100%| O|  |TAMS 0x0000000086700000, 0x0000000086600000| Untracked 
| 103|0x0000000086700000, 0x0000000086800000, 0x0000000086800000|100%| O|  |TAMS 0x0000000086800000, 0x0000000086700000| Untracked 
| 104|0x0000000086800000, 0x0000000086900000, 0x0000000086900000|100%| O|  |TAMS 0x0000000086900000, 0x0000000086800000| Untracked 
| 105|0x0000000086900000, 0x0000000086a00000, 0x0000000086a00000|100%| O|  |TAMS 0x0000000086a00000, 0x0000000086900000| Untracked 
| 106|0x0000000086a00000, 0x0000000086b00000, 0x0000000086b00000|100%| O|  |TAMS 0x0000000086b00000, 0x0000000086a00000| Untracked 
| 107|0x0000000086b00000, 0x0000000086c00000, 0x0000000086c00000|100%| O|  |TAMS 0x0000000086c00000, 0x0000000086b00000| Untracked 
| 108|0x0000000086c00000, 0x0000000086d00000, 0x0000000086d00000|100%| O|  |TAMS 0x0000000086cec200, 0x0000000086c00000| Untracked 
| 109|0x0000000086d00000, 0x0000000086e00000, 0x0000000086e00000|100%| O|  |TAMS 0x0000000086d00000, 0x0000000086d00000| Untracked 
| 110|0x0000000086e00000, 0x0000000086f00000, 0x0000000086f00000|100%| O|  |TAMS 0x0000000086e00000, 0x0000000086e00000| Untracked 
| 111|0x0000000086f00000, 0x0000000087000000, 0x0000000087000000|100%| O|  |TAMS 0x0000000086f00000, 0x0000000086f00000| Untracked 
| 112|0x0000000087000000, 0x0000000087100000, 0x0000000087100000|100%| O|  |TAMS 0x0000000087000000, 0x0000000087000000| Untracked 
| 113|0x0000000087100000, 0x0000000087200000, 0x0000000087200000|100%| O|  |TAMS 0x0000000087100000, 0x0000000087100000| Untracked 
| 114|0x0000000087200000, 0x0000000087300000, 0x0000000087300000|100%| O|  |TAMS 0x0000000087200000, 0x0000000087200000| Untracked 
| 115|0x0000000087300000, 0x0000000087400000, 0x0000000087400000|100%| O|  |TAMS 0x0000000087300000, 0x0000000087300000| Untracked 
| 116|0x0000000087400000, 0x0000000087500000, 0x0000000087500000|100%| O|  |TAMS 0x0000000087400000, 0x0000000087400000| Untracked 
| 117|0x0000000087500000, 0x0000000087600000, 0x0000000087600000|100%| O|  |TAMS 0x0000000087500000, 0x0000000087500000| Untracked 
| 118|0x0000000087600000, 0x0000000087700000, 0x0000000087700000|100%| O|  |TAMS 0x0000000087600000, 0x0000000087600000| Untracked 
| 119|0x0000000087700000, 0x0000000087700000, 0x0000000087800000|  0%| F|  |TAMS 0x0000000087700000, 0x0000000087700000| Untracked 
| 120|0x0000000087800000, 0x0000000087800000, 0x0000000087900000|  0%| F|  |TAMS 0x0000000087800000, 0x0000000087800000| Untracked 
| 121|0x0000000087900000, 0x0000000087900000, 0x0000000087a00000|  0%| F|  |TAMS 0x0000000087900000, 0x0000000087900000| Untracked 
| 122|0x0000000087a00000, 0x0000000087a00000, 0x0000000087b00000|  0%| F|  |TAMS 0x0000000087a00000, 0x0000000087a00000| Untracked 
| 123|0x0000000087b00000, 0x0000000087b00000, 0x0000000087c00000|  0%| F|  |TAMS 0x0000000087b00000, 0x0000000087b00000| Untracked 
| 124|0x0000000087c00000, 0x0000000087c00000, 0x0000000087d00000|  0%| F|  |TAMS 0x0000000087c00000, 0x0000000087c00000| Untracked 
| 125|0x0000000087d00000, 0x0000000087d00000, 0x0000000087e00000|  0%| F|  |TAMS 0x0000000087d00000, 0x0000000087d00000| Untracked 
| 126|0x0000000087e00000, 0x0000000087e00000, 0x0000000087f00000|  0%| F|  |TAMS 0x0000000087e00000, 0x0000000087e00000| Untracked 
| 127|0x0000000087f00000, 0x0000000087f00000, 0x0000000088000000|  0%| F|  |TAMS 0x0000000087f00000, 0x0000000087f00000| Untracked 
| 128|0x0000000088000000, 0x0000000088000000, 0x0000000088100000|  0%| F|  |TAMS 0x0000000088000000, 0x0000000088000000| Untracked 
| 129|0x0000000088100000, 0x0000000088100000, 0x0000000088200000|  0%| F|  |TAMS 0x0000000088100000, 0x0000000088100000| Untracked 
| 130|0x0000000088200000, 0x0000000088200000, 0x0000000088300000|  0%| F|  |TAMS 0x0000000088200000, 0x0000000088200000| Untracked 
| 131|0x0000000088300000, 0x0000000088300000, 0x0000000088400000|  0%| F|  |TAMS 0x0000000088300000, 0x0000000088300000| Untracked 
| 132|0x0000000088400000, 0x0000000088400000, 0x0000000088500000|  0%| F|  |TAMS 0x0000000088400000, 0x0000000088400000| Untracked 
| 133|0x0000000088500000, 0x0000000088500000, 0x0000000088600000|  0%| F|  |TAMS 0x0000000088500000, 0x0000000088500000| Untracked 
| 134|0x0000000088600000, 0x0000000088600000, 0x0000000088700000|  0%| F|  |TAMS 0x0000000088600000, 0x0000000088600000| Untracked 
| 135|0x0000000088700000, 0x0000000088700000, 0x0000000088800000|  0%| F|  |TAMS 0x0000000088700000, 0x0000000088700000| Untracked 
| 136|0x0000000088800000, 0x0000000088800000, 0x0000000088900000|  0%| F|  |TAMS 0x0000000088800000, 0x0000000088800000| Untracked 
| 137|0x0000000088900000, 0x0000000088900000, 0x0000000088a00000|  0%| F|  |TAMS 0x0000000088900000, 0x0000000088900000| Untracked 
| 138|0x0000000088a00000, 0x0000000088a00000, 0x0000000088b00000|  0%| F|  |TAMS 0x0000000088a00000, 0x0000000088a00000| Untracked 
| 139|0x0000000088b00000, 0x0000000088b00000, 0x0000000088c00000|  0%| F|  |TAMS 0x0000000088b00000, 0x0000000088b00000| Untracked 
| 140|0x0000000088c00000, 0x0000000088c00000, 0x0000000088d00000|  0%| F|  |TAMS 0x0000000088c00000, 0x0000000088c00000| Untracked 
| 141|0x0000000088d00000, 0x0000000088d00000, 0x0000000088e00000|  0%| F|  |TAMS 0x0000000088d00000, 0x0000000088d00000| Untracked 
| 142|0x0000000088e00000, 0x0000000088e00000, 0x0000000088f00000|  0%| F|  |TAMS 0x0000000088e00000, 0x0000000088e00000| Untracked 
| 143|0x0000000088f00000, 0x0000000088f00000, 0x0000000089000000|  0%| F|  |TAMS 0x0000000088f00000, 0x0000000088f00000| Untracked 
| 144|0x0000000089000000, 0x0000000089000000, 0x0000000089100000|  0%| F|  |TAMS 0x0000000089000000, 0x0000000089000000| Untracked 
| 145|0x0000000089100000, 0x0000000089100000, 0x0000000089200000|  0%| F|  |TAMS 0x0000000089100000, 0x0000000089100000| Untracked 
| 146|0x0000000089200000, 0x0000000089200000, 0x0000000089300000|  0%| F|  |TAMS 0x0000000089200000, 0x0000000089200000| Untracked 
| 147|0x0000000089300000, 0x0000000089300000, 0x0000000089400000|  0%| F|  |TAMS 0x0000000089300000, 0x0000000089300000| Untracked 
| 148|0x0000000089400000, 0x0000000089400000, 0x0000000089500000|  0%| F|  |TAMS 0x0000000089400000, 0x0000000089400000| Untracked 
| 149|0x0000000089500000, 0x0000000089500000, 0x0000000089600000|  0%| F|  |TAMS 0x0000000089500000, 0x0000000089500000| Untracked 
| 150|0x0000000089600000, 0x0000000089600000, 0x0000000089700000|  0%| F|  |TAMS 0x0000000089600000, 0x0000000089600000| Untracked 
| 151|0x0000000089700000, 0x0000000089700000, 0x0000000089800000|  0%| F|  |TAMS 0x0000000089700000, 0x0000000089700000| Untracked 
| 152|0x0000000089800000, 0x0000000089800000, 0x0000000089900000|  0%| F|  |TAMS 0x0000000089800000, 0x0000000089800000| Untracked 
| 153|0x0000000089900000, 0x0000000089900000, 0x0000000089a00000|  0%| F|  |TAMS 0x0000000089900000, 0x0000000089900000| Untracked 
| 154|0x0000000089a00000, 0x0000000089a00000, 0x0000000089b00000|  0%| F|  |TAMS 0x0000000089a00000, 0x0000000089a00000| Untracked 
| 155|0x0000000089b00000, 0x0000000089b00000, 0x0000000089c00000|  0%| F|  |TAMS 0x0000000089b00000, 0x0000000089b00000| Untracked 
| 156|0x0000000089c00000, 0x0000000089c00000, 0x0000000089d00000|  0%| F|  |TAMS 0x0000000089c00000, 0x0000000089c00000| Untracked 
| 157|0x0000000089d00000, 0x0000000089d00000, 0x0000000089e00000|  0%| F|  |TAMS 0x0000000089d00000, 0x0000000089d00000| Untracked 
| 158|0x0000000089e00000, 0x0000000089e00000, 0x0000000089f00000|  0%| F|  |TAMS 0x0000000089e00000, 0x0000000089e00000| Untracked 
| 159|0x0000000089f00000, 0x0000000089f00000, 0x000000008a000000|  0%| F|  |TAMS 0x0000000089f00000, 0x0000000089f00000| Untracked 
| 160|0x000000008a000000, 0x000000008a000000, 0x000000008a100000|  0%| F|  |TAMS 0x000000008a000000, 0x000000008a000000| Untracked 
| 161|0x000000008a100000, 0x000000008a19db50, 0x000000008a200000| 61%| S|CS|TAMS 0x000000008a100000, 0x000000008a100000| Complete 
| 162|0x000000008a200000, 0x000000008a300000, 0x000000008a300000|100%| S|CS|TAMS 0x000000008a200000, 0x000000008a200000| Complete 
| 163|0x000000008a300000, 0x000000008a400000, 0x000000008a400000|100%| S|CS|TAMS 0x000000008a300000, 0x000000008a300000| Complete 
| 164|0x000000008a400000, 0x000000008a500000, 0x000000008a500000|100%| S|CS|TAMS 0x000000008a400000, 0x000000008a400000| Complete 
| 165|0x000000008a500000, 0x000000008a600000, 0x000000008a600000|100%| S|CS|TAMS 0x000000008a500000, 0x000000008a500000| Complete 
| 166|0x000000008a600000, 0x000000008a700000, 0x000000008a700000|100%| S|CS|TAMS 0x000000008a600000, 0x000000008a600000| Complete 
| 167|0x000000008a700000, 0x000000008a800000, 0x000000008a800000|100%| S|CS|TAMS 0x000000008a700000, 0x000000008a700000| Complete 
| 168|0x000000008a800000, 0x000000008a900000, 0x000000008a900000|100%| S|CS|TAMS 0x000000008a800000, 0x000000008a800000| Complete 
| 169|0x000000008a900000, 0x000000008aa00000, 0x000000008aa00000|100%| S|CS|TAMS 0x000000008a900000, 0x000000008a900000| Complete 
| 170|0x000000008aa00000, 0x000000008ab00000, 0x000000008ab00000|100%| S|CS|TAMS 0x000000008aa00000, 0x000000008aa00000| Complete 
| 171|0x000000008ab00000, 0x000000008ac00000, 0x000000008ac00000|100%| S|CS|TAMS 0x000000008ab00000, 0x000000008ab00000| Complete 
| 172|0x000000008ac00000, 0x000000008ac00000, 0x000000008ad00000|  0%| F|  |TAMS 0x000000008ac00000, 0x000000008ac00000| Untracked 
| 173|0x000000008ad00000, 0x000000008ad00000, 0x000000008ae00000|  0%| F|  |TAMS 0x000000008ad00000, 0x000000008ad00000| Untracked 
| 174|0x000000008ae00000, 0x000000008ae00000, 0x000000008af00000|  0%| F|  |TAMS 0x000000008ae00000, 0x000000008ae00000| Untracked 
| 175|0x000000008af00000, 0x000000008af00000, 0x000000008b000000|  0%| F|  |TAMS 0x000000008af00000, 0x000000008af00000| Untracked 
| 176|0x000000008b000000, 0x000000008b000000, 0x000000008b100000|  0%| F|  |TAMS 0x000000008b000000, 0x000000008b000000| Untracked 
| 177|0x000000008b100000, 0x000000008b100000, 0x000000008b200000|  0%| F|  |TAMS 0x000000008b100000, 0x000000008b100000| Untracked 
| 178|0x000000008b200000, 0x000000008b200000, 0x000000008b300000|  0%| F|  |TAMS 0x000000008b200000, 0x000000008b200000| Untracked 
| 179|0x000000008b300000, 0x000000008b300000, 0x000000008b400000|  0%| F|  |TAMS 0x000000008b300000, 0x000000008b300000| Untracked 
| 180|0x000000008b400000, 0x000000008b400000, 0x000000008b500000|  0%| F|  |TAMS 0x000000008b400000, 0x000000008b400000| Untracked 
| 181|0x000000008b500000, 0x000000008b500000, 0x000000008b600000|  0%| F|  |TAMS 0x000000008b500000, 0x000000008b500000| Untracked 
| 182|0x000000008b600000, 0x000000008b600000, 0x000000008b700000|  0%| F|  |TAMS 0x000000008b600000, 0x000000008b600000| Untracked 
| 183|0x000000008b700000, 0x000000008b700000, 0x000000008b800000|  0%| F|  |TAMS 0x000000008b700000, 0x000000008b700000| Untracked 
| 184|0x000000008b800000, 0x000000008b800000, 0x000000008b900000|  0%| F|  |TAMS 0x000000008b800000, 0x000000008b800000| Untracked 
| 185|0x000000008b900000, 0x000000008b900000, 0x000000008ba00000|  0%| F|  |TAMS 0x000000008b900000, 0x000000008b900000| Untracked 
| 186|0x000000008ba00000, 0x000000008ba00000, 0x000000008bb00000|  0%| F|  |TAMS 0x000000008ba00000, 0x000000008ba00000| Untracked 
| 187|0x000000008bb00000, 0x000000008bb00000, 0x000000008bc00000|  0%| F|  |TAMS 0x000000008bb00000, 0x000000008bb00000| Untracked 
| 188|0x000000008bc00000, 0x000000008bc00000, 0x000000008bd00000|  0%| F|  |TAMS 0x000000008bc00000, 0x000000008bc00000| Untracked 
| 189|0x000000008bd00000, 0x000000008bd00000, 0x000000008be00000|  0%| F|  |TAMS 0x000000008bd00000, 0x000000008bd00000| Untracked 
| 190|0x000000008be00000, 0x000000008be00000, 0x000000008bf00000|  0%| F|  |TAMS 0x000000008be00000, 0x000000008be00000| Untracked 
| 191|0x000000008bf00000, 0x000000008bf00000, 0x000000008c000000|  0%| F|  |TAMS 0x000000008bf00000, 0x000000008bf00000| Untracked 
| 192|0x000000008c000000, 0x000000008c000000, 0x000000008c100000|  0%| F|  |TAMS 0x000000008c000000, 0x000000008c000000| Untracked 
| 193|0x000000008c100000, 0x000000008c100000, 0x000000008c200000|  0%| F|  |TAMS 0x000000008c100000, 0x000000008c100000| Untracked 
| 194|0x000000008c200000, 0x000000008c200000, 0x000000008c300000|  0%| F|  |TAMS 0x000000008c200000, 0x000000008c200000| Untracked 
| 195|0x000000008c300000, 0x000000008c300000, 0x000000008c400000|  0%| F|  |TAMS 0x000000008c300000, 0x000000008c300000| Untracked 
| 196|0x000000008c400000, 0x000000008c400000, 0x000000008c500000|  0%| F|  |TAMS 0x000000008c400000, 0x000000008c400000| Untracked 
| 197|0x000000008c500000, 0x000000008c500000, 0x000000008c600000|  0%| F|  |TAMS 0x000000008c500000, 0x000000008c500000| Untracked 
| 198|0x000000008c600000, 0x000000008c600000, 0x000000008c700000|  0%| F|  |TAMS 0x000000008c600000, 0x000000008c600000| Untracked 
| 199|0x000000008c700000, 0x000000008c700000, 0x000000008c800000|  0%| F|  |TAMS 0x000000008c700000, 0x000000008c700000| Untracked 
| 200|0x000000008c800000, 0x000000008c800000, 0x000000008c900000|  0%| F|  |TAMS 0x000000008c800000, 0x000000008c800000| Untracked 
| 201|0x000000008c900000, 0x000000008c900000, 0x000000008ca00000|  0%| F|  |TAMS 0x000000008c900000, 0x000000008c900000| Untracked 
| 202|0x000000008ca00000, 0x000000008ca00000, 0x000000008cb00000|  0%| F|  |TAMS 0x000000008ca00000, 0x000000008ca00000| Untracked 
| 203|0x000000008cb00000, 0x000000008cb00000, 0x000000008cc00000|  0%| F|  |TAMS 0x000000008cb00000, 0x000000008cb00000| Untracked 
| 204|0x000000008cc00000, 0x000000008cc00000, 0x000000008cd00000|  0%| F|  |TAMS 0x000000008cc00000, 0x000000008cc00000| Untracked 
| 205|0x000000008cd00000, 0x000000008cda9f40, 0x000000008ce00000| 66%| E|  |TAMS 0x000000008cd00000, 0x000000008cd00000| Complete 
| 206|0x000000008ce00000, 0x000000008cf00000, 0x000000008cf00000|100%| E|CS|TAMS 0x000000008ce00000, 0x000000008ce00000| Complete 
| 207|0x000000008cf00000, 0x000000008d000000, 0x000000008d000000|100%| E|CS|TAMS 0x000000008cf00000, 0x000000008cf00000| Complete 
| 208|0x000000008d000000, 0x000000008d100000, 0x000000008d100000|100%| E|CS|TAMS 0x000000008d000000, 0x000000008d000000| Complete 
| 209|0x000000008d100000, 0x000000008d200000, 0x000000008d200000|100%| E|CS|TAMS 0x000000008d100000, 0x000000008d100000| Complete 
| 210|0x000000008d200000, 0x000000008d300000, 0x000000008d300000|100%| E|CS|TAMS 0x000000008d200000, 0x000000008d200000| Complete 
| 211|0x000000008d300000, 0x000000008d400000, 0x000000008d400000|100%| E|  |TAMS 0x000000008d300000, 0x000000008d300000| Complete 
| 212|0x000000008d400000, 0x000000008d500000, 0x000000008d500000|100%| E|CS|TAMS 0x000000008d400000, 0x000000008d400000| Complete 
| 213|0x000000008d500000, 0x000000008d600000, 0x000000008d600000|100%| E|CS|TAMS 0x000000008d500000, 0x000000008d500000| Complete 
| 214|0x000000008d600000, 0x000000008d700000, 0x000000008d700000|100%| E|CS|TAMS 0x000000008d600000, 0x000000008d600000| Complete 
| 215|0x000000008d700000, 0x000000008d800000, 0x000000008d800000|100%| E|CS|TAMS 0x000000008d700000, 0x000000008d700000| Complete 
| 216|0x000000008d800000, 0x000000008d900000, 0x000000008d900000|100%| E|CS|TAMS 0x000000008d800000, 0x000000008d800000| Complete 
| 217|0x000000008d900000, 0x000000008da00000, 0x000000008da00000|100%| E|CS|TAMS 0x000000008d900000, 0x000000008d900000| Complete 
| 218|0x000000008da00000, 0x000000008db00000, 0x000000008db00000|100%| E|CS|TAMS 0x000000008da00000, 0x000000008da00000| Complete 
| 219|0x000000008db00000, 0x000000008dc00000, 0x000000008dc00000|100%| E|CS|TAMS 0x000000008db00000, 0x000000008db00000| Complete 
| 220|0x000000008dc00000, 0x000000008dd00000, 0x000000008dd00000|100%| E|CS|TAMS 0x000000008dc00000, 0x000000008dc00000| Complete 
| 221|0x000000008dd00000, 0x000000008de00000, 0x000000008de00000|100%| E|CS|TAMS 0x000000008dd00000, 0x000000008dd00000| Complete 
| 222|0x000000008de00000, 0x000000008df00000, 0x000000008df00000|100%| E|CS|TAMS 0x000000008de00000, 0x000000008de00000| Complete 
| 223|0x000000008df00000, 0x000000008e000000, 0x000000008e000000|100%| E|CS|TAMS 0x000000008df00000, 0x000000008df00000| Complete 
| 224|0x000000008e000000, 0x000000008e100000, 0x000000008e100000|100%| E|CS|TAMS 0x000000008e000000, 0x000000008e000000| Complete 
| 225|0x000000008e100000, 0x000000008e200000, 0x000000008e200000|100%| E|CS|TAMS 0x000000008e100000, 0x000000008e100000| Complete 
| 226|0x000000008e200000, 0x000000008e300000, 0x000000008e300000|100%| E|CS|TAMS 0x000000008e200000, 0x000000008e200000| Complete 
| 227|0x000000008e300000, 0x000000008e400000, 0x000000008e400000|100%| E|CS|TAMS 0x000000008e300000, 0x000000008e300000| Complete 
| 228|0x000000008e400000, 0x000000008e500000, 0x000000008e500000|100%| E|CS|TAMS 0x000000008e400000, 0x000000008e400000| Complete 
| 229|0x000000008e500000, 0x000000008e600000, 0x000000008e600000|100%| E|CS|TAMS 0x000000008e500000, 0x000000008e500000| Complete 
| 230|0x000000008e600000, 0x000000008e700000, 0x000000008e700000|100%| E|CS|TAMS 0x000000008e600000, 0x000000008e600000| Complete 
| 231|0x000000008e700000, 0x000000008e800000, 0x000000008e800000|100%| E|CS|TAMS 0x000000008e700000, 0x000000008e700000| Complete 
| 232|0x000000008e800000, 0x000000008e900000, 0x000000008e900000|100%| E|CS|TAMS 0x000000008e800000, 0x000000008e800000| Complete 
| 233|0x000000008e900000, 0x000000008ea00000, 0x000000008ea00000|100%| E|CS|TAMS 0x000000008e900000, 0x000000008e900000| Complete 
| 234|0x000000008ea00000, 0x000000008eb00000, 0x000000008eb00000|100%| E|CS|TAMS 0x000000008ea00000, 0x000000008ea00000| Complete 
| 235|0x000000008eb00000, 0x000000008ec00000, 0x000000008ec00000|100%| E|CS|TAMS 0x000000008eb00000, 0x000000008eb00000| Complete 
| 236|0x000000008ec00000, 0x000000008ed00000, 0x000000008ed00000|100%| E|CS|TAMS 0x000000008ec00000, 0x000000008ec00000| Complete 
| 237|0x000000008ed00000, 0x000000008ee00000, 0x000000008ee00000|100%| E|CS|TAMS 0x000000008ed00000, 0x000000008ed00000| Complete 
| 238|0x000000008ee00000, 0x000000008ef00000, 0x000000008ef00000|100%| E|CS|TAMS 0x000000008ee00000, 0x000000008ee00000| Complete 
| 239|0x000000008ef00000, 0x000000008f000000, 0x000000008f000000|100%| E|CS|TAMS 0x000000008ef00000, 0x000000008ef00000| Complete 
| 240|0x000000008f000000, 0x000000008f100000, 0x000000008f100000|100%| E|CS|TAMS 0x000000008f000000, 0x000000008f000000| Complete 
| 241|0x000000008f100000, 0x000000008f200000, 0x000000008f200000|100%| E|CS|TAMS 0x000000008f100000, 0x000000008f100000| Complete 
| 242|0x000000008f200000, 0x000000008f300000, 0x000000008f300000|100%| E|CS|TAMS 0x000000008f200000, 0x000000008f200000| Complete 
| 243|0x000000008f300000, 0x000000008f400000, 0x000000008f400000|100%| E|CS|TAMS 0x000000008f300000, 0x000000008f300000| Complete 
| 244|0x000000008f400000, 0x000000008f500000, 0x000000008f500000|100%| E|CS|TAMS 0x000000008f400000, 0x000000008f400000| Complete 
| 245|0x000000008f500000, 0x000000008f600000, 0x000000008f600000|100%| E|CS|TAMS 0x000000008f500000, 0x000000008f500000| Complete 
| 246|0x000000008f600000, 0x000000008f700000, 0x000000008f700000|100%| E|CS|TAMS 0x000000008f600000, 0x000000008f600000| Complete 
| 247|0x000000008f700000, 0x000000008f800000, 0x000000008f800000|100%| E|CS|TAMS 0x000000008f700000, 0x000000008f700000| Complete 
| 248|0x000000008f800000, 0x000000008f900000, 0x000000008f900000|100%| E|CS|TAMS 0x000000008f800000, 0x000000008f800000| Complete 
| 249|0x000000008f900000, 0x000000008fa00000, 0x000000008fa00000|100%| E|CS|TAMS 0x000000008f900000, 0x000000008f900000| Complete 
| 250|0x000000008fa00000, 0x000000008fb00000, 0x000000008fb00000|100%| E|CS|TAMS 0x000000008fa00000, 0x000000008fa00000| Complete 
| 251|0x000000008fb00000, 0x000000008fc00000, 0x000000008fc00000|100%| E|CS|TAMS 0x000000008fb00000, 0x000000008fb00000| Complete 
| 252|0x000000008fc00000, 0x000000008fd00000, 0x000000008fd00000|100%| E|CS|TAMS 0x000000008fc00000, 0x000000008fc00000| Complete 
| 253|0x000000008fd00000, 0x000000008fe00000, 0x000000008fe00000|100%| E|CS|TAMS 0x000000008fd00000, 0x000000008fd00000| Complete 
| 254|0x000000008fe00000, 0x000000008ff00000, 0x000000008ff00000|100%| E|CS|TAMS 0x000000008fe00000, 0x000000008fe00000| Complete 
| 255|0x000000008ff00000, 0x0000000090000000, 0x0000000090000000|100%| E|CS|TAMS 0x000000008ff00000, 0x000000008ff00000| Complete 
| 256|0x0000000090000000, 0x0000000090100000, 0x0000000090100000|100%| E|CS|TAMS 0x0000000090000000, 0x0000000090000000| Complete 
| 257|0x0000000090100000, 0x0000000090200000, 0x0000000090200000|100%| E|CS|TAMS 0x0000000090100000, 0x0000000090100000| Complete 
| 258|0x0000000090200000, 0x0000000090300000, 0x0000000090300000|100%| E|CS|TAMS 0x0000000090200000, 0x0000000090200000| Complete 
| 259|0x0000000090300000, 0x0000000090400000, 0x0000000090400000|100%| E|CS|TAMS 0x0000000090300000, 0x0000000090300000| Complete 
| 260|0x0000000090400000, 0x0000000090500000, 0x0000000090500000|100%| E|CS|TAMS 0x0000000090400000, 0x0000000090400000| Complete 
| 261|0x0000000090500000, 0x0000000090600000, 0x0000000090600000|100%| E|CS|TAMS 0x0000000090500000, 0x0000000090500000| Complete 
| 262|0x0000000090600000, 0x0000000090700000, 0x0000000090700000|100%| E|CS|TAMS 0x0000000090600000, 0x0000000090600000| Complete 
| 263|0x0000000090700000, 0x0000000090800000, 0x0000000090800000|100%| E|CS|TAMS 0x0000000090700000, 0x0000000090700000| Complete 

Card table byte_map: [0x000001c2f1020000,0x000001c2f1420000] _byte_map_base: 0x000001c2f0c20000

Marking Bits (Prev, Next): (CMBitMap*) 0x000001c2dde41248, (CMBitMap*) 0x000001c2dde41280
 Prev Bits: [0x000001c2f1820000, 0x000001c2f3820000)
 Next Bits: [0x000001c2f3820000, 0x000001c2f5820000)

Polling page: 0x000001c2dd5e0000

Metaspace:

Usage:
  Non-class:     93.45 MB capacity,    91.66 MB ( 98%) used,     1.48 MB (  2%) free+waste,   313.81 KB ( <1%) overhead. 
      Class:     14.29 MB capacity,    13.21 MB ( 92%) used,   962.47 KB (  7%) free+waste,   143.88 KB ( <1%) overhead. 
       Both:    107.74 MB capacity,   104.87 MB ( 97%) used,     2.42 MB (  2%) free+waste,   457.69 KB ( <1%) overhead. 

Virtual space:
  Non-class space:       94.00 MB reserved,      93.70 MB (>99%) committed 
      Class space:        1.00 GB reserved,      14.38 MB (  1%) committed 
             Both:        1.09 GB reserved,     108.07 MB ( 10%) committed 

Chunk freelists:
   Non-Class:  0 bytes
       Class:  23.00 KB
        Both:  23.00 KB

MaxMetaspaceSize: 17179869184.00 GB
CompressedClassSpaceSize: 1.00 GB

CodeHeap 'non-profiled nmethods': size=120000Kb used=5589Kb max_used=5589Kb free=114410Kb
 bounds [0x000001c2e93c0000, 0x000001c2e9940000, 0x000001c2f08f0000]
CodeHeap 'profiled nmethods': size=120000Kb used=25009Kb max_used=25009Kb free=94990Kb
 bounds [0x000001c2e1e90000, 0x000001c2e3700000, 0x000001c2e93c0000]
CodeHeap 'non-nmethods': size=5760Kb used=2311Kb max_used=2365Kb free=3448Kb
 bounds [0x000001c2e18f0000, 0x000001c2e1b60000, 0x000001c2e1e90000]
 total_blobs=13284 nmethods=12366 adapters=827
 compilation: enabled
              stopped_count=0, restarted_count=0
 full_count=0

Compilation events (20 events):
Event: 31.849 Thread 0x000001c2f8c07800 12796       3       com.google.common.base.Preconditions::checkArgument (28 bytes)
Event: 31.850 Thread 0x000001c2f8c07800 nmethod 12796 0x000001c2e36e5910 code [0x000001c2e36e5b00, 0x000001c2e36e5f48]
Event: 31.850 Thread 0x000001c2f8c07800 12797       3       org.gradle.internal.watch.vfs.impl.DefaultFileSystemWatchingStatistics$$Lambda$1293/0x0000000100e28440::visitEntry (9 bytes)
Event: 31.850 Thread 0x000001c2f8c07800 nmethod 12797 0x000001c2e36e6110 code [0x000001c2e36e6300, 0x000001c2e36e6638]
Event: 31.852 Thread 0x000001c2f8c07800 12798       3       com.google.common.collect.EnumMultiset::checkIsE (53 bytes)
Event: 31.854 Thread 0x000001c2f8c07800 nmethod 12798 0x000001c2e36e6810 code [0x000001c2e36e6b20, 0x000001c2e36e79b8]
Event: 31.854 Thread 0x000001c2f8c07800 12803       3       com.google.common.collect.EnumMultiset::add (102 bytes)
Event: 31.855 Thread 0x000001c2f8c07800 nmethod 12803 0x000001c2e36e7f10 code [0x000001c2e36e8160, 0x000001c2e36e89f8]
Event: 31.855 Thread 0x000001c2f8c07800 12804       3       com.google.common.collect.EnumMultiset::isActuallyE (44 bytes)
Event: 31.855 Thread 0x000001c2f8c07800 nmethod 12804 0x000001c2e36e8e10 code [0x000001c2e36e8fe0, 0x000001c2e36e93d8]
Event: 31.855 Thread 0x000001c2f8c07800 12799       3       org.gradle.internal.watch.vfs.impl.DefaultFileSystemWatchingStatistics$$Lambda$1292/0x0000000100e28040::visitSnapshotRoot (9 bytes)
Event: 31.855 Thread 0x000001c2f8c07800 nmethod 12799 0x000001c2e36e9510 code [0x000001c2e36e9720, 0x000001c2e36e9d28]
Event: 31.855 Thread 0x000001c2f8c07800 12806       3       org.gradle.internal.snapshot.DirectorySnapshot::getType (4 bytes)
Event: 31.856 Thread 0x000001c2f8c07800 nmethod 12806 0x000001c2e36e9f90 code [0x000001c2e36ea140, 0x000001c2e36ea258]
Event: 31.856 Thread 0x000001c2f8c07800 12800       3       org.gradle.internal.watch.vfs.impl.DefaultFileSystemWatchingStatistics::lambda$getStatistics$1 (14 bytes)
Event: 31.856 Thread 0x000001c2f8c07800 nmethod 12800 0x000001c2e36ea310 code [0x000001c2e36ea520, 0x000001c2e36eaac8]
Event: 31.856 Thread 0x000001c2f8c07800 12801       3       org.gradle.internal.watch.vfs.impl.DefaultFileSystemWatchingStatistics$$Lambda$1293/0x0000000100e28440::get$Lambda (9 bytes)
Event: 31.856 Thread 0x000001c2f8c07800 nmethod 12801 0x000001c2e36ead10 code [0x000001c2e36eaee0, 0x000001c2e36eb138]
Event: 31.856 Thread 0x000001c2f8c07800 12802       3       org.gradle.internal.watch.vfs.impl.DefaultFileSystemWatchingStatistics$$Lambda$1293/0x0000000100e28440::<init> (10 bytes)
Event: 31.856 Thread 0x000001c2f8c07800 nmethod 12802 0x000001c2e36eb210 code [0x000001c2e36eb3c0, 0x000001c2e36eb578]

GC Heap History (20 events):
Event: 17.114 GC heap before
{Heap before GC invocations=36 (full 0):
 garbage-first heap   total 187392K, used 138362K [0x0000000080000000, 0x0000000100000000)
  region size 1024K, 47 young (48128K), 5 survivors (5120K)
 Metaspace       used 78245K, capacity 80255K, committed 80460K, reserved 1118208K
  class space    used 10072K, capacity 10756K, committed 10880K, reserved 1048576K
}
Event: 17.128 GC heap after
{Heap after GC invocations=37 (full 0):
 garbage-first heap   total 187392K, used 99891K [0x0000000080000000, 0x0000000100000000)
  region size 1024K, 6 young (6144K), 6 survivors (6144K)
 Metaspace       used 78245K, capacity 80255K, committed 80460K, reserved 1118208K
  class space    used 10072K, capacity 10756K, committed 10880K, reserved 1048576K
}
Event: 18.359 GC heap before
{Heap before GC invocations=38 (full 0):
 garbage-first heap   total 187392K, used 141875K [0x0000000080000000, 0x0000000100000000)
  region size 1024K, 48 young (49152K), 6 survivors (6144K)
 Metaspace       used 81364K, capacity 83506K, committed 83660K, reserved 1122304K
  class space    used 10408K, capacity 11188K, committed 11264K, reserved 1048576K
}
Event: 18.373 GC heap after
{Heap after GC invocations=39 (full 0):
 garbage-first heap   total 187392K, used 102951K [0x0000000080000000, 0x0000000100000000)
  region size 1024K, 4 young (4096K), 4 survivors (4096K)
 Metaspace       used 81364K, capacity 83506K, committed 83660K, reserved 1122304K
  class space    used 10408K, capacity 11188K, committed 11264K, reserved 1048576K
}
Event: 19.189 GC heap before
{Heap before GC invocations=39 (full 0):
 garbage-first heap   total 187392K, used 144935K [0x0000000080000000, 0x0000000100000000)
  region size 1024K, 45 young (46080K), 4 survivors (4096K)
 Metaspace       used 83510K, capacity 85679K, committed 85836K, reserved 1124352K
  class space    used 10731K, capacity 11526K, committed 11648K, reserved 1048576K
}
Event: 19.199 GC heap after
{Heap after GC invocations=40 (full 0):
 garbage-first heap   total 187392K, used 105089K [0x0000000080000000, 0x0000000100000000)
  region size 1024K, 6 young (6144K), 6 survivors (6144K)
 Metaspace       used 83510K, capacity 85679K, committed 85836K, reserved 1124352K
  class space    used 10731K, capacity 11526K, committed 11648K, reserved 1048576K
}
Event: 20.341 GC heap before
{Heap before GC invocations=41 (full 0):
 garbage-first heap   total 187392K, used 148097K [0x0000000080000000, 0x0000000100000000)
  region size 1024K, 48 young (49152K), 6 survivors (6144K)
 Metaspace       used 85995K, capacity 88266K, committed 88396K, reserved 1126400K
  class space    used 11095K, capacity 11884K, committed 11904K, reserved 1048576K
}
Event: 20.355 GC heap after
{Heap after GC invocations=42 (full 0):
 garbage-first heap   total 225280K, used 107297K [0x0000000080000000, 0x0000000100000000)
  region size 1024K, 5 young (5120K), 5 survivors (5120K)
 Metaspace       used 85995K, capacity 88266K, committed 88396K, reserved 1126400K
  class space    used 11095K, capacity 11884K, committed 11904K, reserved 1048576K
}
Event: 21.818 GC heap before
{Heap before GC invocations=42 (full 0):
 garbage-first heap   total 225280K, used 151329K [0x0000000080000000, 0x0000000100000000)
  region size 1024K, 49 young (50176K), 5 survivors (5120K)
 Metaspace       used 89967K, capacity 92237K, committed 92492K, reserved 1130496K
  class space    used 11570K, capacity 12391K, committed 12416K, reserved 1048576K
}
Event: 21.833 GC heap after
{Heap after GC invocations=43 (full 0):
 garbage-first heap   total 225280K, used 111575K [0x0000000080000000, 0x0000000100000000)
  region size 1024K, 9 young (9216K), 9 survivors (9216K)
 Metaspace       used 89967K, capacity 92237K, committed 92492K, reserved 1130496K
  class space    used 11570K, capacity 12391K, committed 12416K, reserved 1048576K
}
Event: 24.056 GC heap before
{Heap before GC invocations=44 (full 0):
 garbage-first heap   total 225280K, used 171991K [0x0000000080000000, 0x0000000100000000)
  region size 1024K, 67 young (68608K), 9 survivors (9216K)
 Metaspace       used 96113K, capacity 98403K, committed 98636K, reserved 1134592K
  class space    used 12256K, capacity 13113K, committed 13184K, reserved 1048576K
}
Event: 24.099 GC heap after
{Heap after GC invocations=45 (full 0):
 garbage-first heap   total 225280K, used 115187K [0x0000000080000000, 0x0000000100000000)
  region size 1024K, 8 young (8192K), 8 survivors (8192K)
 Metaspace       used 96113K, capacity 98403K, committed 98636K, reserved 1134592K
  class space    used 12256K, capacity 13113K, committed 13184K, reserved 1048576K
}
Event: 25.156 GC heap before
{Heap before GC invocations=45 (full 0):
 garbage-first heap   total 225280K, used 173555K [0x0000000080000000, 0x0000000100000000)
  region size 1024K, 66 young (67584K), 8 survivors (8192K)
 Metaspace       used 97370K, capacity 99877K, committed 99916K, reserved 1136640K
  class space    used 12476K, capacity 13408K, committed 13440K, reserved 1048576K
}
Event: 25.178 GC heap after
{Heap after GC invocations=46 (full 0):
 garbage-first heap   total 225280K, used 120752K [0x0000000080000000, 0x0000000100000000)
  region size 1024K, 9 young (9216K), 9 survivors (9216K)
 Metaspace       used 97370K, capacity 99877K, committed 99916K, reserved 1136640K
  class space    used 12476K, capacity 13408K, committed 13440K, reserved 1048576K
}
Event: 26.051 GC heap before
{Heap before GC invocations=47 (full 0):
 garbage-first heap   total 225280K, used 178096K [0x0000000080000000, 0x0000000100000000)
  region size 1024K, 66 young (67584K), 9 survivors (9216K)
 Metaspace       used 97601K, capacity 100168K, committed 100428K, reserved 1136640K
  class space    used 12478K, capacity 13411K, committed 13440K, reserved 1048576K
}
Event: 26.072 GC heap after
{Heap after GC invocations=48 (full 0):
 garbage-first heap   total 270336K, used 124486K [0x0000000080000000, 0x0000000100000000)
  region size 1024K, 6 young (6144K), 6 survivors (6144K)
 Metaspace       used 97601K, capacity 100168K, committed 100428K, reserved 1136640K
  class space    used 12478K, capacity 13411K, committed 13440K, reserved 1048576K
}
Event: 27.588 GC heap before
{Heap before GC invocations=48 (full 0):
 garbage-first heap   total 270336K, used 200262K [0x0000000080000000, 0x0000000100000000)
  region size 1024K, 81 young (82944K), 6 survivors (6144K)
 Metaspace       used 98231K, capacity 100803K, committed 101068K, reserved 1136640K
  class space    used 12526K, capacity 13456K, committed 13568K, reserved 1048576K
}
Event: 27.602 GC heap after
{Heap after GC invocations=49 (full 0):
 garbage-first heap   total 270336K, used 128369K [0x0000000080000000, 0x0000000100000000)
  region size 1024K, 9 young (9216K), 9 survivors (9216K)
 Metaspace       used 98231K, capacity 100803K, committed 101068K, reserved 1136640K
  class space    used 12526K, capacity 13456K, committed 13568K, reserved 1048576K
}
Event: 29.886 GC heap before
{Heap before GC invocations=49 (full 0):
 garbage-first heap   total 270336K, used 213361K [0x0000000080000000, 0x0000000100000000)
  region size 1024K, 92 young (94208K), 9 survivors (9216K)
 Metaspace       used 103073K, capacity 105842K, committed 106060K, reserved 1140736K
  class space    used 13140K, capacity 14183K, committed 14208K, reserved 1048576K
}
Event: 29.908 GC heap after
{Heap after GC invocations=50 (full 0):
 garbage-first heap   total 270336K, used 132726K [0x0000000080000000, 0x0000000100000000)
  region size 1024K, 11 young (11264K), 11 survivors (11264K)
 Metaspace       used 103073K, capacity 105842K, committed 106060K, reserved 1140736K
  class space    used 13140K, capacity 14183K, committed 14208K, reserved 1048576K
}

Deoptimization events (20 events):
Event: 31.745 Thread 0x000001c2faaf5000 Uncommon trap: trap_request=0xffffffc6 fr.pc=0x000001c2e9829e40 relative=0x0000000000000820
Event: 31.745 Thread 0x000001c2faaf5000 Uncommon trap: reason=bimorphic_or_optimized_type_check action=maybe_recompile pc=0x000001c2e9829e40 method=org.gradle.internal.snapshot.ChildMap$Entry.handleAncestorDescendantOrExactMatch(Lorg/gradle/internal/snapshot/VfsRelativePath;Lorg/gradle/internal
Event: 31.745 Thread 0x000001c2faaf5000 DEOPT PACKING pc=0x000001c2e9829e40 sp=0x000000ab12cfb400
Event: 31.745 Thread 0x000001c2faaf5000 DEOPT UNPACKING pc=0x000001c2e19178af sp=0x000000ab12cfb3d0 mode 2
Event: 31.745 Thread 0x000001c2faaf5000 Uncommon trap: trap_request=0xffffffc6 fr.pc=0x000001c2e9829e40 relative=0x0000000000000820
Event: 31.745 Thread 0x000001c2faaf5000 Uncommon trap: reason=bimorphic_or_optimized_type_check action=maybe_recompile pc=0x000001c2e9829e40 method=org.gradle.internal.snapshot.ChildMap$Entry.handleAncestorDescendantOrExactMatch(Lorg/gradle/internal/snapshot/VfsRelativePath;Lorg/gradle/internal
Event: 31.745 Thread 0x000001c2faaf5000 DEOPT PACKING pc=0x000001c2e9829e40 sp=0x000000ab12cfafb0
Event: 31.745 Thread 0x000001c2faaf5000 DEOPT UNPACKING pc=0x000001c2e19178af sp=0x000000ab12cfaf80 mode 2
Event: 31.745 Thread 0x000001c2faaf5000 Uncommon trap: trap_request=0xffffff4d fr.pc=0x000001c2e960dd6c relative=0x00000000000007ec
Event: 31.745 Thread 0x000001c2faaf5000 Uncommon trap: reason=unstable_if action=reinterpret pc=0x000001c2e960dd6c method=org.gradle.internal.snapshot.VfsRelativePath.compareToFirstSegment(Ljava/lang/String;Lorg/gradle/internal/snapshot/CaseSensitivity;)I @ 134 c2
Event: 31.745 Thread 0x000001c2faaf5000 DEOPT PACKING pc=0x000001c2e960dd6c sp=0x000000ab12cfab60
Event: 31.745 Thread 0x000001c2faaf5000 DEOPT UNPACKING pc=0x000001c2e19178af sp=0x000000ab12cfaae0 mode 2
Event: 31.745 Thread 0x000001c2faaf5000 Uncommon trap: trap_request=0xffffffde fr.pc=0x000001c2e9829ef8 relative=0x00000000000008d8
Event: 31.745 Thread 0x000001c2faaf5000 Uncommon trap: reason=class_check action=maybe_recompile pc=0x000001c2e9829ef8 method=org.gradle.internal.snapshot.ChildMap$Entry.handleAncestorDescendantOrExactMatch(Lorg/gradle/internal/snapshot/VfsRelativePath;Lorg/gradle/internal/snapshot/CaseSensitiv
Event: 31.745 Thread 0x000001c2faaf5000 DEOPT PACKING pc=0x000001c2e9829ef8 sp=0x000000ab12cfab60
Event: 31.745 Thread 0x000001c2faaf5000 DEOPT UNPACKING pc=0x000001c2e19178af sp=0x000000ab12cfab38 mode 2
Event: 31.747 Thread 0x000001c2faaf5000 Uncommon trap: trap_request=0xffffffc6 fr.pc=0x000001c2e9829e40 relative=0x0000000000000820
Event: 31.747 Thread 0x000001c2faaf5000 Uncommon trap: reason=bimorphic_or_optimized_type_check action=maybe_recompile pc=0x000001c2e9829e40 method=org.gradle.internal.snapshot.ChildMap$Entry.handleAncestorDescendantOrExactMatch(Lorg/gradle/internal/snapshot/VfsRelativePath;Lorg/gradle/internal
Event: 31.747 Thread 0x000001c2faaf5000 DEOPT PACKING pc=0x000001c2e9829e40 sp=0x000000ab12cfb850
Event: 31.747 Thread 0x000001c2faaf5000 DEOPT UNPACKING pc=0x000001c2e19178af sp=0x000000ab12cfb820 mode 2

Classes redefined (0 events):
No events

Internal exceptions (20 events):
Event: 24.292 Thread 0x000001c2fab2d000 Exception <a 'java/lang/NoSuchMethodError'{0x000000008d421248}: 'java.lang.Object java.lang.invoke.DirectMethodHandle$Holder.invokeSpecialIFC(java.lang.Object, java.lang.Object, java.lang.Object)'> (0x000000008d421248) thrown at [./src/hotspot/share/interpreter/linkResolver.cpp, line 773]
Event: 24.292 Thread 0x000001c2fab33000 Exception <a 'java/lang/NoSuchMethodError'{0x000000008d4516c0}: 'java.lang.Object java.lang.invoke.DirectMethodHandle$Holder.invokeSpecialIFC(java.lang.Object, java.lang.Object, java.lang.Object)'> (0x000000008d4516c0) thrown at [./src/hotspot/share/interpreter/linkResolver.cpp, line 773]
Event: 24.292 Thread 0x000001c2fab34000 Exception <a 'java/lang/NoSuchMethodError'{0x000000008d5f6468}: 'java.lang.Object java.lang.invoke.DirectMethodHandle$Holder.invokeSpecialIFC(java.lang.Object, java.lang.Object, java.lang.Object)'> (0x000000008d5f6468) thrown at [./src/hotspot/share/interpreter/linkResolver.cpp, line 773]
Event: 24.487 Thread 0x000001c2fab2f800 Exception <a 'java/lang/NoSuchMethodError'{0x000000008cf9cbc0}: 'int java.lang.invoke.DirectMethodHandle$Holder.invokeStaticInit(java.lang.Object, java.lang.Object, java.lang.Object, java.lang.Object, java.lang.Object)'> (0x000000008cf9cbc0) thrown at [./src/hotspot/share/interpreter/linkResolver.cpp, line 773]
Event: 25.446 Thread 0x000001c2faaf5000 Exception <a 'java/lang/NoSuchMethodError'{0x000000008d744d88}: 'void java.lang.invoke.DirectMethodHandle$Holder.invokeVirtual(java.lang.Object, java.lang.Object)'> (0x000000008d744d88) thrown at [./src/hotspot/share/interpreter/linkResolver.cpp, line 773]
Event: 25.447 Thread 0x000001c2fab2d000 Exception <a 'java/lang/NoSuchMethodError'{0x000000008d0c1ab0}: 'void java.lang.invoke.DirectMethodHandle$Holder.invokeVirtual(java.lang.Object, java.lang.Object)'> (0x000000008d0c1ab0) thrown at [./src/hotspot/share/interpreter/linkResolver.cpp, line 773]
Event: 26.720 Thread 0x000001c2fce7d800 Implicit null exception at 0x000001c2e986efa6 to 0x000001c2e9870afc
Event: 27.713 Thread 0x000001c2faaf5000 Exception <a 'java/lang/NoSuchMethodError'{0x0000000090164fb8}: 'int java.lang.invoke.DirectMethodHandle$Holder.invokeSpecialIFC(java.lang.Object, java.lang.Object, java.lang.Object)'> (0x0000000090164fb8) thrown at [./src/hotspot/share/interpreter/linkResolver.cpp, line 773]
Event: 28.654 Thread 0x000001c2faaf5000 Exception <a 'java/lang/NoSuchMethodError'{0x000000008e77fba8}: 'java.lang.Object java.lang.invoke.DirectMethodHandle$Holder.invokeStatic(java.lang.Object, java.lang.Object, java.lang.Object, java.lang.Object, java.lang.Object, java.lang.Object, java.lang.Object, java.lang.Object, java.lang.Object, java.lang.Object, java.lang.Object, java.lang.Object, java.lang.Object, java.lang.Object, java.lang.Object, java.lang.Object, java.lang.Object, java.lang.Object, int, java.lang.Object)'> (0x000000008e77fba8) thr
Event: 28.654 Thread 0x000001c2faaf5000 Exception <a 'java/lang/NoSuchMethodError'{0x000000008e786178}: 'java.lang.Object java.lang.invoke.DirectMethodHandle$Holder.invokeStaticInit(java.lang.Object, java.lang.Object, java.lang.Object, java.lang.Object, java.lang.Object, java.lang.Object, java.lang.Object, java.lang.Object, java.lang.Object, java.lang.Object, java.lang.Object, java.lang.Object, java.lang.Object, java.lang.Object, java.lang.Object, java.lang.Object, java.lang.Object, java.lang.Object, int, java.lang.Object)'> (0x000000008e786178)
Event: 28.743 Thread 0x000001c2faaf5000 Exception <a 'java/lang/NoSuchMethodError'{0x000000008e5a7e30}: 'int java.lang.invoke.DirectMethodHandle$Holder.invokeVirtual(java.lang.Object, java.lang.Object, java.lang.Object, java.lang.Object)'> (0x000000008e5a7e30) thrown at [./src/hotspot/share/interpreter/linkResolver.cpp, line 773]
Event: 28.878 Thread 0x000001c2faaf5000 Exception <a 'java/lang/NoSuchMethodError'{0x000000008e242e88}: 'java.lang.Object java.lang.invoke.DirectMethodHandle$Holder.invokeStatic(java.lang.Object, int, java.lang.Object, java.lang.Object)'> (0x000000008e242e88) thrown at [./src/hotspot/share/interpreter/linkResolver.cpp, line 773]
Event: 30.728 Thread 0x000001c2faaf5000 Exception <a 'java/lang/NoSuchMethodError'{0x000000008e13a888}: <clinit>> (0x000000008e13a888) thrown at [./src/hotspot/share/prims/jni.cpp, line 1362]
Event: 31.216 Thread 0x000001c2faae8800 Exception <a 'java/lang/NoSuchMethodError'{0x000000008dba9c10}: <clinit>> (0x000000008dba9c10) thrown at [./src/hotspot/share/prims/jni.cpp, line 1362]
Event: 31.223 Thread 0x000001c2faae8800 Exception <a 'java/lang/NoSuchMethodError'{0x000000008dbc77a0}: <clinit>> (0x000000008dbc77a0) thrown at [./src/hotspot/share/prims/jni.cpp, line 1362]
Event: 31.225 Thread 0x000001c2faae8800 Exception <a 'java/lang/NoSuchMethodError'{0x000000008dbd7520}: <clinit>> (0x000000008dbd7520) thrown at [./src/hotspot/share/prims/jni.cpp, line 1362]
Event: 31.593 Thread 0x000001c2fab2f000 Exception <a 'sun/nio/fs/WindowsException'{0x000000008da81620}> (0x000000008da81620) thrown at [./src/hotspot/share/prims/jni.cpp, line 615]
Event: 31.707 Thread 0x000001c2faaf5000 Exception <a 'java/lang/NoSuchMethodError'{0x000000008da53c68}: 'java.lang.Object java.lang.invoke.Invokers$Holder.linkToTargetMethod(java.lang.Object, java.lang.Object, java.lang.Object, int, java.lang.Object, java.lang.Object)'> (0x000000008da53c68) thrown at [./src/hotspot/share/interpreter/linkResolver.cpp, line 773]
Event: 31.726 Thread 0x000001c2faaf5000 Exception <a 'java/lang/NoSuchMethodError'{0x000000008d8de138}: 'int java.lang.invoke.DirectMethodHandle$Holder.invokeVirtual(java.lang.Object, java.lang.Object, java.lang.Object)'> (0x000000008d8de138) thrown at [./src/hotspot/share/interpreter/linkResolver.cpp, line 773]
Event: 31.727 Thread 0x000001c2faaf5000 Exception <a 'java/lang/IncompatibleClassChangeError'{0x000000008d8e7578}: Found class java.lang.Object, but interface was expected> (0x000000008d8e7578) thrown at [./src/hotspot/share/interpreter/linkResolver.cpp, line 839]

Events (20 events):
Event: 31.859 loading class com/google/wireless/android/sdk/stats/EditorCompletionStats
Event: 31.859 loading class com/google/wireless/android/sdk/stats/EditorCompletionStats done
Event: 31.861 loading class org/gradle/internal/watch/vfs/BuildFinishedFileSystemWatchingBuildOperationType$Result
Event: 31.861 loading class org/gradle/internal/watch/vfs/BuildFinishedFileSystemWatchingBuildOperationType$Result done
Event: 31.863 loading class com/google/wireless/android/sdk/stats/LldbSessionEndDetails
Event: 31.863 loading class com/google/wireless/android/sdk/stats/LldbSessionEndDetails done
Event: 31.864 loading class com/google/wireless/android/sdk/stats/BuildAttributionUiEvent
Event: 31.864 loading class com/google/wireless/android/sdk/stats/BuildAttributionUiEvent done
Event: 31.866 loading class com/google/wireless/android/sdk/stats/StudioUpdateFlowEvent
Event: 31.866 loading class com/google/wireless/android/sdk/stats/StudioUpdateFlowEvent done
Event: 31.868 loading class com/google/wireless/android/sdk/stats/ParallelAndroidTestReportUiEvent
Event: 31.868 loading class com/google/wireless/android/sdk/stats/ParallelAndroidTestReportUiEvent done
Event: 31.869 loading class com/google/wireless/android/sdk/stats/UpgradeAssistantComponentEvent
Event: 31.869 loading class com/google/wireless/android/sdk/stats/UpgradeAssistantComponentEvent done
Event: 31.871 loading class com/google/wireless/android/sdk/stats/GradlePluginUpgradeDialogStats
Event: 31.871 loading class com/google/wireless/android/sdk/stats/GradlePluginUpgradeDialogStats done
Event: 31.873 loading class com/google/wireless/android/sdk/stats/UpgradeAssistantProcessorEvent
Event: 31.873 loading class com/google/wireless/android/sdk/stats/UpgradeAssistantProcessorEvent done
Event: 31.875 loading class com/google/wireless/android/sdk/stats/SuggestedImportEvent
Event: 31.875 loading class com/google/wireless/android/sdk/stats/SuggestedImportEvent done


Dynamic libraries:
0x00007ff674cf0000 - 0x00007ff674cfa000 	C:\Program Files\Android\Android Studio1\jre\bin\java.exe
0x00007ffee6580000 - 0x00007ffee6789000 	C:\WINDOWS\SYSTEM32\ntdll.dll
0x00007ffee5200000 - 0x00007ffee52bd000 	C:\WINDOWS\System32\KERNEL32.DLL
0x00007ffee3c10000 - 0x00007ffee3f84000 	C:\WINDOWS\System32\KERNELBASE.dll
0x00007ffee3a70000 - 0x00007ffee3b81000 	C:\WINDOWS\System32\ucrtbase.dll
0x00007ffed02a0000 - 0x00007ffed02b9000 	C:\Program Files\Android\Android Studio1\jre\bin\jli.dll
0x00007ffed0300000 - 0x00007ffed0317000 	C:\Program Files\Android\Android Studio1\jre\bin\VCRUNTIME140.dll
0x00007ffee4dc0000 - 0x00007ffee4f6c000 	C:\WINDOWS\System32\USER32.dll
0x00007ffece2f0000 - 0x00007ffece595000 	C:\WINDOWS\WinSxS\amd64_microsoft.windows.common-controls_6595b64144ccf1df_6.0.22000.120_none_9d947278b86cc467\COMCTL32.dll
0x00007ffee40c0000 - 0x00007ffee40e6000 	C:\WINDOWS\System32\win32u.dll
0x00007ffee5920000 - 0x00007ffee5949000 	C:\WINDOWS\System32\GDI32.dll
0x00007ffee5950000 - 0x00007ffee59f3000 	C:\WINDOWS\System32\msvcrt.dll
0x00007ffee4190000 - 0x00007ffee42a2000 	C:\WINDOWS\System32\gdi32full.dll
0x00007ffee40f0000 - 0x00007ffee418d000 	C:\WINDOWS\System32\msvcp_win.dll
0x00007ffee4d80000 - 0x00007ffee4db1000 	C:\WINDOWS\System32\IMM32.DLL
0x00007ffeaca90000 - 0x00007ffeacb2d000 	C:\Program Files\Android\Android Studio1\jre\bin\msvcp140.dll
0x00007ffe973a0000 - 0x00007ffe97e6f000 	C:\Program Files\Android\Android Studio1\jre\bin\server\jvm.dll
0x00007ffee4f70000 - 0x00007ffee501e000 	C:\WINDOWS\System32\ADVAPI32.dll
0x00007ffee5160000 - 0x00007ffee51fe000 	C:\WINDOWS\System32\sechost.dll
0x00007ffee5040000 - 0x00007ffee5160000 	C:\WINDOWS\System32\RPCRT4.dll
0x00007ffee5a00000 - 0x00007ffee5a08000 	C:\WINDOWS\System32\PSAPI.DLL
0x00007ffec1120000 - 0x00007ffec1129000 	C:\WINDOWS\SYSTEM32\WSOCK32.dll
0x00007ffed5670000 - 0x00007ffed567a000 	C:\WINDOWS\SYSTEM32\VERSION.dll
0x00007ffedc4b0000 - 0x00007ffedc4e3000 	C:\WINDOWS\SYSTEM32\WINMM.dll
0x00007ffee5a10000 - 0x00007ffee5a7f000 	C:\WINDOWS\System32\WS2_32.dll
0x00007ffee2c60000 - 0x00007ffee2c78000 	C:\WINDOWS\SYSTEM32\kernel.appcore.dll
0x00007ffedc920000 - 0x00007ffedc931000 	C:\Program Files\Android\Android Studio1\jre\bin\verify.dll
0x00007ffee1070000 - 0x00007ffee1291000 	C:\WINDOWS\SYSTEM32\DBGHELP.DLL
0x00007ffec4850000 - 0x00007ffec4881000 	C:\WINDOWS\SYSTEM32\dbgcore.DLL
0x00007ffee3b90000 - 0x00007ffee3c0f000 	C:\WINDOWS\System32\bcryptPrimitives.dll
0x00007ffedc610000 - 0x00007ffedc639000 	C:\Program Files\Android\Android Studio1\jre\bin\java.dll
0x00007ffedd910000 - 0x00007ffedd91b000 	C:\Program Files\Android\Android Studio1\jre\bin\jimage.dll
0x00007ffed2de0000 - 0x00007ffed2df8000 	C:\Program Files\Android\Android Studio1\jre\bin\zip.dll
0x00007ffee5a80000 - 0x00007ffee622e000 	C:\WINDOWS\System32\SHELL32.dll
0x00007ffee1bf0000 - 0x00007ffee2458000 	C:\WINDOWS\SYSTEM32\windows.storage.dll
0x00007ffee4a00000 - 0x00007ffee4d78000 	C:\WINDOWS\System32\combase.dll
0x00007ffee1a80000 - 0x00007ffee1be6000 	C:\WINDOWS\SYSTEM32\wintypes.dll
0x00007ffee6230000 - 0x00007ffee631a000 	C:\WINDOWS\System32\SHCORE.dll
0x00007ffee53f0000 - 0x00007ffee544d000 	C:\WINDOWS\System32\shlwapi.dll
0x00007ffee39a0000 - 0x00007ffee39c1000 	C:\WINDOWS\SYSTEM32\profapi.dll
0x00007ffed0240000 - 0x00007ffed025a000 	C:\Program Files\Android\Android Studio1\jre\bin\net.dll
0x00007ffeddd60000 - 0x00007ffedde6c000 	C:\WINDOWS\SYSTEM32\WINHTTP.dll
0x00007ffee3090000 - 0x00007ffee30f7000 	C:\WINDOWS\system32\mswsock.dll
0x00007ffed00b0000 - 0x00007ffed00c4000 	C:\Program Files\Android\Android Studio1\jre\bin\nio.dll
0x00007ffecce50000 - 0x00007ffecce77000 	C:\Users\ASUS\.gradle\native\8bec1ad78214c89d9ad589b4d07fe93259594b29d510b10fafb7a158f7737e5d\windows-amd64\native-platform.dll
0x00007ffeaecd0000 - 0x00007ffeaee0d000 	C:\Users\ASUS\.gradle\native\53dbd7edfb1c66fb8903c78663c9afc45aea4f116125fa6feffd364cf09443e8\windows-amd64\native-platform-file-events.dll
0x00007ffedc4f0000 - 0x00007ffedc4fa000 	C:\Program Files\Android\Android Studio1\jre\bin\management.dll
0x00007ffed2dd0000 - 0x00007ffed2ddc000 	C:\Program Files\Android\Android Studio1\jre\bin\management_ext.dll
0x00007ffee32d0000 - 0x00007ffee32e8000 	C:\WINDOWS\SYSTEM32\CRYPTSP.dll
0x00007ffee2bc0000 - 0x00007ffee2bf5000 	C:\WINDOWS\system32\rsaenh.dll
0x00007ffee3180000 - 0x00007ffee31a9000 	C:\WINDOWS\SYSTEM32\USERENV.dll
0x00007ffee3450000 - 0x00007ffee3477000 	C:\WINDOWS\SYSTEM32\bcrypt.dll
0x00007ffee32f0000 - 0x00007ffee32fc000 	C:\WINDOWS\SYSTEM32\CRYPTBASE.dll
0x00007ffee2790000 - 0x00007ffee27bd000 	C:\WINDOWS\SYSTEM32\IPHLPAPI.DLL
0x00007ffee52c0000 - 0x00007ffee52c9000 	C:\WINDOWS\System32\NSI.dll
0x00007ffeddf40000 - 0x00007ffeddf59000 	C:\WINDOWS\SYSTEM32\dhcpcsvc6.DLL
0x00007ffede330000 - 0x00007ffede34e000 	C:\WINDOWS\SYSTEM32\dhcpcsvc.DLL
0x00007ffee2800000 - 0x00007ffee28e7000 	C:\WINDOWS\SYSTEM32\DNSAPI.dll

dbghelp: loaded successfully - version: 4.0.5 - missing functions: none
symbol engine: initialized successfully - sym options: 0x614 - pdb path: .;C:\Program Files\Android\Android Studio1\jre\bin;C:\WINDOWS\SYSTEM32;C:\WINDOWS\WinSxS\amd64_microsoft.windows.common-controls_6595b64144ccf1df_6.0.22000.120_none_9d947278b86cc467;C:\Program Files\Android\Android Studio1\jre\bin\server;C:\Users\ASUS\.gradle\native\8bec1ad78214c89d9ad589b4d07fe93259594b29d510b10fafb7a158f7737e5d\windows-amd64;C:\Users\ASUS\.gradle\native\53dbd7edfb1c66fb8903c78663c9afc45aea4f116125fa6feffd364cf09443e8\windows-amd64

VM Arguments:
jvm_args: --add-opens=java.base/java.util=ALL-UNNAMED --add-opens=java.base/java.lang=ALL-UNNAMED --add-opens=java.base/java.lang.invoke=ALL-UNNAMED --add-opens=java.base/java.util=ALL-UNNAMED --add-opens=java.prefs/java.util.prefs=ALL-UNNAMED --add-opens=java.prefs/java.util.prefs=ALL-UNNAMED --add-opens=java.base/java.nio.charset=ALL-UNNAMED --add-opens=java.base/java.net=ALL-UNNAMED --add-opens=java.base/java.util.concurrent.atomic=ALL-UNNAMED -Xmx2048m -Dfile.encoding=UTF-8 -Duser.country=ID -Duser.language=en -Duser.variant 
java_command: org.gradle.launcher.daemon.bootstrap.GradleDaemon 7.0.2
java_class_path (initial): C:\Users\ASUS\.gradle\wrapper\dists\gradle-7.0.2-bin\857tjihv64xamwrf0h14cai3r\gradle-7.0.2\lib\gradle-launcher-7.0.2.jar
Launcher Type: SUN_STANDARD

[Global flags]
     intx CICompilerCount                          = 4                                         {product} {ergonomic}
     uint ConcGCThreads                            = 2                                         {product} {ergonomic}
     uint G1ConcRefinementThreads                  = 8                                         {product} {ergonomic}
   size_t G1HeapRegionSize                         = 1048576                                   {product} {ergonomic}
    uintx GCDrainStackTargetSize                   = 64                                        {product} {ergonomic}
   size_t InitialHeapSize                          = 132120576                                 {product} {ergonomic}
   size_t MarkStackSize                            = 4194304                                   {product} {ergonomic}
   size_t MaxHeapSize                              = 2147483648                                {product} {command line}
   size_t MaxNewSize                               = 1287651328                                {product} {ergonomic}
   size_t MinHeapDeltaBytes                        = 1048576                                   {product} {ergonomic}
    uintx NonNMethodCodeHeapSize                   = 5836300                                {pd product} {ergonomic}
    uintx NonProfiledCodeHeapSize                  = 122910970                              {pd product} {ergonomic}
    uintx ProfiledCodeHeapSize                     = 122910970                              {pd product} {ergonomic}
    uintx ReservedCodeCacheSize                    = 251658240                              {pd product} {ergonomic}
     bool SegmentedCodeCache                       = true                                      {product} {ergonomic}
     bool UseCompressedClassPointers               = true                                 {lp64_product} {ergonomic}
     bool UseCompressedOops                        = true                                 {lp64_product} {ergonomic}
     bool UseG1GC                                  = true                                      {product} {ergonomic}
     bool UseLargePagesIndividualAllocation        = false                                  {pd product} {ergonomic}

Logging:
Log output configuration:
 #0: stdout all=warning uptime,level,tags
 #1: stderr all=off uptime,level,tags

Environment Variables:
PATH=C:\Users\ASUS\platform-tools_r31.0.3-windows\platform-tools\systrace\catapult\common\bin;C:\Python310\;C:\ProgramData\Oracle\Java\javapath;C:\Program Files\Common Files\Oracle\Java\javapath;C:\Windows\system32;C:\Windows;C:\Windows\System32\Wbem;C:\Windows\System32\WindowsPowerShell\v1.0\;C:\Windows\System32\OpenSSH\;C:\Program Files (x86)\NVIDIA Corporation\PhysX\Common;C:\Program Files\NVIDIA Corporation\NVIDIA NvDLISR;C:\composer;C:\ProgramData\ComposerSetup\bin;C:\Program Files\gradle-6.9.1\bin;C:\WINDOWS\system32;C:\WINDOWS;C:\WINDOWS\System32\Wbem;C:\WINDOWS\System32\WindowsPowerShell\v1.0\;C:\WINDOWS\System32\OpenSSH\;C:\Program Files\nodejs\;C:\ProgramData\chocolatey\bin;C:\Users\ASUS\flutter\bin;C:\Program Files\Git\bin;C:\Program Files\Git\cmd;C:\Users\ASUS\AppData\Local\Android\sdk\tools\bin;C:\Users\ASUS\flutter\bin;C:\Users\ASUS\AppData\Local\Microsoft\WindowsApps;C:\Program Files\MongoDB\Server\4.4\bin;C:\xampp\php;C:\Users\ASUS\AppData\Roaming\Composer\vendor\bin;C:\Python27;C:\Program Files\gradle-6.9.1\bin;C:\Users\ASUS\AppData\Roaming\npm;C:\Users\ASUS\AppData\Local\Android\sdk\tools\bin;C:\Users\ASUS\AppData\Local\Programs\Microsoft VS Code\bin
USERNAME=ASUS
OS=Windows_NT
PROCESSOR_IDENTIFIER=Intel64 Family 6 Model 158 Stepping 10, GenuineIntel



---------------  S Y S T E M  ---------------

OS: Windows 10 , 64 bit Build 22000 (10.0.22000.434)
OS uptime: 9 days 3:16 hours

CPU:total 8 (initial active 8) (4 cores per cpu, 2 threads per core) family 6 model 158 stepping 10 microcode 0xde, cmov, cx8, fxsr, mmx, sse, sse2, sse3, ssse3, sse4.1, sse4.2, popcnt, avx, avx2, aes, clmul, erms, 3dnowpref, lzcnt, ht, tsc, tscinvbit, bmi1, bmi2, adx, fma

Memory: 4k page, system-wide physical 8047M (172M free)
TotalPageFile size 32623M (AvailPageFile size 3M)
current process WorkingSet (physical memory assigned to process): 297M, peak: 413M
current process commit charge ("private bytes"): 577M, peak: 578M

vm_info: OpenJDK 64-Bit Server VM (11.0.10+0-b96-7249189) for windows-amd64 JRE (11.0.10+0-b96-7249189), built on Mar 31 2021 21:44:00 by "builder" with MS VC++ 14.0 (VS2015)

END.
