#
# There is insufficient memory for the Java Runtime Environment to continue.
# Native memory allocation (mmap) failed to map 126877696 bytes for Failed to commit area from 0x0000000094900000 to 0x000000009c200000 of length 126877696.
# Possible reasons:
#   The system is out of physical RAM or swap space
#   The process is running with CompressedOops enabled, and the Java Heap may be blocking the growth of the native heap
# Possible solutions:
#   Reduce memory load on the system
#   Increase physical memory or swap space
#   Check if swap backing store is full
#   Decrease Java heap size (-Xmx/-Xms)
#   Decrease number of Java threads
#   Decrease Java thread stack sizes (-Xss)
#   Set larger code cache with -XX:ReservedCodeCacheSize=
#   JVM is running with Unscaled Compressed Oops mode in which the Java heap is
#     placed in the first 4GB address space. The Java Heap base address is the
#     maximum limit for the native heap growth. Please use -XX:HeapBaseMinAddress
#     to set the Java Heap base and to place the Java Heap above 4GB virtual address.
# This output file may be truncated or incomplete.
#
#  Out of Memory Error (./src/hotspot/os/windows/os_windows.cpp:3301), pid=16648, tid=8816
#
# JRE version: OpenJDK Runtime Environment (11.0.10) (build 11.0.10+0-b96-7249189)
# Java VM: OpenJDK 64-Bit Server VM (11.0.10+0-b96-7249189, mixed mode, tiered, compressed oops, g1 gc, windows-amd64)
# No core dump will be written. Minidumps are not enabled by default on client versions of Windows
#

---------------  S U M M A R Y ------------

Command Line: --add-opens=java.base/java.util=ALL-UNNAMED --add-opens=java.base/java.lang=ALL-UNNAMED --add-opens=java.base/java.lang.invoke=ALL-UNNAMED --add-opens=java.base/java.util=ALL-UNNAMED --add-opens=java.prefs/java.util.prefs=ALL-UNNAMED --add-opens=java.prefs/java.util.prefs=ALL-UNNAMED --add-opens=java.base/java.nio.charset=ALL-UNNAMED --add-opens=java.base/java.net=ALL-UNNAMED --add-opens=java.base/java.util.concurrent.atomic=ALL-UNNAMED -Xmx2048m -Dfile.encoding=UTF-8 -Duser.country=ID -Duser.language=en -Duser.variant org.gradle.launcher.daemon.bootstrap.GradleDaemon 7.0.2

Host: Intel(R) Core(TM) i5-8300H CPU @ 2.30GHz, 8 cores, 7G,  Windows 10 , 64 bit Build 22000 (10.0.22000.434)
Time: Wed Mar 30 10:09:14 2022 SE Asia Standard Time elapsed time: 24.718773 seconds (0d 0h 0m 24s)

---------------  T H R E A D  ---------------

Current thread (0x00000236f2481000):  VMThread "VM Thread" [stack: 0x0000009d6ff00000,0x0000009d70000000] [id=8816]

Stack: [0x0000009d6ff00000,0x0000009d70000000]
[error occurred during error reporting (printing stack bounds), id 0xc0000005, EXCEPTION_ACCESS_VIOLATION (0xc0000005) at pc=0x00000236db340f2d]

Native frames: (J=compiled Java code, j=interpreted, Vv=VM code, C=native code)
V  [jvm.dll+0x5ecfaa]
V  [jvm.dll+0x722bd5]
V  [jvm.dll+0x72412d]
V  [jvm.dll+0x724745]
V  [jvm.dll+0x7246fb]
V  [jvm.dll+0x5ec348]
V  [jvm.dll+0x5ecad8]
C  [ntdll.dll+0xa86ef]
C  [ntdll.dll+0x35aea]
C  [ntdll.dll+0xa76fe]
C  0x00000236db340f2d

VM_Operation (0x0000009d749fc550): G1CollectForAllocation, mode: safepoint, requested by thread 0x00000236f6fce800


---------------  P R O C E S S  ---------------

Threads class SMR info:
_java_thread_list=0x00000236f3d94bf0, length=72, elements={
0x00000236d607f000, 0x00000236f2482800, 0x00000236f2488000, 0x00000236f2e24800,
0x00000236f2e25800, 0x00000236f2e29000, 0x00000236f24a0800, 0x00000236f24a1000,
0x00000236f24a6800, 0x00000236f2f7d800, 0x00000236f2f7a000, 0x00000236f2f7b000,
0x00000236f2f79800, 0x00000236f2f7c000, 0x00000236f2f7c800, 0x00000236f2f7e000,
0x00000236f2f7f000, 0x00000236f2f80000, 0x00000236f4e26000, 0x00000236f4e23800,
0x00000236f4e27000, 0x00000236f4e24800, 0x00000236f4e25800, 0x00000236f4e21000,
0x00000236f4e28000, 0x00000236f4e22000, 0x00000236f4e28800, 0x00000236f4e23000,
0x00000236f4e2d800, 0x00000236f4e29800, 0x00000236f4e30000, 0x00000236f4e2a000,
0x00000236f4e2c000, 0x00000236f4e2e800, 0x00000236f4e2f000, 0x00000236f7de6000,
0x00000236f7de7800, 0x00000236f7de4000, 0x00000236f7de2800, 0x00000236f7de6800,
0x00000236f7de2000, 0x00000236f7de3800, 0x00000236f7de8800, 0x00000236f7de5000,
0x00000236f8ca1800, 0x00000236f8ca5800, 0x00000236f8ca2000, 0x00000236f8ca3800,
0x00000236f8ca7000, 0x00000236f8ca8000, 0x00000236f8ca3000, 0x00000236f8ca6000,
0x00000236fb39c000, 0x00000236fb39e800, 0x00000236fb3a2800, 0x00000236fb39f000,
0x00000236fb39d000, 0x00000236fb3a0000, 0x00000236fb39d800, 0x00000236fb3a1000,
0x00000236fb3a1800, 0x00000236f6fd0000, 0x00000236f6fd3000, 0x00000236f6fcf000,
0x00000236f6fcd800, 0x00000236f6fce800, 0x00000236f6fd1000, 0x00000236f6fd4000,
0x00000236f6fd5000, 0x00000236f6fd5800, 0x00000236f6fd6800, 0x00000236f6fd7800
}

Java Threads: ( => current thread )
  0x00000236d607f000 JavaThread "main" [_thread_blocked, id=3980, stack(0x0000009d6f900000,0x0000009d6fa00000)]
  0x00000236f2482800 JavaThread "Reference Handler" daemon [_thread_blocked, id=12600, stack(0x0000009d70000000,0x0000009d70100000)]
  0x00000236f2488000 JavaThread "Finalizer" daemon [_thread_blocked, id=15928, stack(0x0000009d70100000,0x0000009d70200000)]
  0x00000236f2e24800 JavaThread "Signal Dispatcher" daemon [_thread_blocked, id=17984, stack(0x0000009d70200000,0x0000009d70300000)]
  0x00000236f2e25800 JavaThread "Attach Listener" daemon [_thread_blocked, id=13656, stack(0x0000009d70300000,0x0000009d70400000)]
  0x00000236f2e29000 JavaThread "Service Thread" daemon [_thread_blocked, id=11688, stack(0x0000009d70400000,0x0000009d70500000)]
  0x00000236f24a0800 JavaThread "C2 CompilerThread0" daemon [_thread_in_native, id=2368, stack(0x0000009d70500000,0x0000009d70600000)]
  0x00000236f24a1000 JavaThread "C1 CompilerThread0" daemon [_thread_blocked, id=5516, stack(0x0000009d70600000,0x0000009d70700000)]
  0x00000236f24a6800 JavaThread "Sweeper thread" daemon [_thread_blocked, id=14572, stack(0x0000009d70700000,0x0000009d70800000)]
  0x00000236f2f7d800 JavaThread "Common-Cleaner" daemon [_thread_blocked, id=13384, stack(0x0000009d70800000,0x0000009d70900000)]
  0x00000236f2f7a000 JavaThread "Daemon health stats" [_thread_blocked, id=8400, stack(0x0000009d70c00000,0x0000009d70d00000)]
  0x00000236f2f7b000 JavaThread "Incoming local TCP Connector on port 53819" [_thread_in_native, id=4380, stack(0x0000009d70d00000,0x0000009d70e00000)]
  0x00000236f2f79800 JavaThread "Daemon periodic checks" [_thread_blocked, id=17960, stack(0x0000009d70e00000,0x0000009d70f00000)]
  0x00000236f2f7c000 JavaThread "Daemon" [_thread_blocked, id=13156, stack(0x0000009d70f00000,0x0000009d71000000)]
  0x00000236f2f7c800 JavaThread "Handler for socket connection from /127.0.0.1:53819 to /127.0.0.1:53820" [_thread_in_native, id=14660, stack(0x0000009d71000000,0x0000009d71100000)]
  0x00000236f2f7e000 JavaThread "Cancel handler" [_thread_blocked, id=16976, stack(0x0000009d71100000,0x0000009d71200000)]
  0x00000236f2f7f000 JavaThread "Daemon worker" [_thread_blocked, id=11996, stack(0x0000009d71200000,0x0000009d71300000)]
  0x00000236f2f80000 JavaThread "Asynchronous log dispatcher for DefaultDaemonConnection: socket connection from /127.0.0.1:53819 to /127.0.0.1:53820" [_thread_blocked, id=11504, stack(0x0000009d71300000,0x0000009d71400000)]
  0x00000236f4e26000 JavaThread "Stdin handler" [_thread_blocked, id=9708, stack(0x0000009d71400000,0x0000009d71500000)]
  0x00000236f4e23800 JavaThread "Daemon client event forwarder" [_thread_blocked, id=17080, stack(0x0000009d71500000,0x0000009d71600000)]
  0x00000236f4e27000 JavaThread "Cache worker for file hash cache (C:\Users\ASUS\.gradle\caches\7.0.2\fileHashes)" [_thread_blocked, id=16580, stack(0x0000009d71b00000,0x0000009d71c00000)]
  0x00000236f4e24800 JavaThread "File lock request listener" [_thread_in_native, id=9396, stack(0x0000009d71c00000,0x0000009d71d00000)]
  0x00000236f4e25800 JavaThread "Cache worker for journal cache (C:\Users\ASUS\.gradle\caches\journal-1)" [_thread_blocked, id=16044, stack(0x0000009d71e00000,0x0000009d71f00000)]
  0x00000236f4e21000 JavaThread "Cache worker for file hash cache (C:\Users\ASUS\AndroidStudioProjects\gigiibuhamil\.gradle\7.0.2\fileHashes)" [_thread_blocked, id=5352, stack(0x0000009d71f00000,0x0000009d72000000)]
  0x00000236f4e28000 JavaThread "File watcher server" daemon [_thread_blocked, id=13500, stack(0x0000009d72000000,0x0000009d72100000)]
  0x00000236f4e22000 JavaThread "File watcher consumer" daemon [_thread_blocked, id=4260, stack(0x0000009d72100000,0x0000009d72200000)]
  0x00000236f4e28800 JavaThread "Cache worker for checksums cache (C:\Users\ASUS\AndroidStudioProjects\gigiibuhamil\.gradle\checksums)" [_thread_blocked, id=8324, stack(0x0000009d72200000,0x0000009d72300000)]
  0x00000236f4e23000 JavaThread "Cache worker for cache directory md-supplier (C:\Users\ASUS\.gradle\caches\7.0.2\md-supplier)" [_thread_blocked, id=10864, stack(0x0000009d72300000,0x0000009d72400000)]
  0x00000236f4e2d800 JavaThread "Cache worker for cache directory md-rule (C:\Users\ASUS\.gradle\caches\7.0.2\md-rule)" [_thread_blocked, id=11184, stack(0x0000009d72400000,0x0000009d72500000)]
  0x00000236f4e29800 JavaThread "Cache worker for execution history cache (C:\Users\ASUS\.gradle\caches\7.0.2\executionHistory)" [_thread_blocked, id=15344, stack(0x0000009d72500000,0x0000009d72600000)]
  0x00000236f4e30000 JavaThread "jar transforms" [_thread_blocked, id=9308, stack(0x0000009d72600000,0x0000009d72700000)]
  0x00000236f4e2a000 JavaThread "jar transforms Thread 2" [_thread_blocked, id=15692, stack(0x0000009d72700000,0x0000009d72800000)]
  0x00000236f4e2c000 JavaThread "Cache worker for file content cache (C:\Users\ASUS\.gradle\caches\7.0.2\fileContent)" [_thread_blocked, id=4820, stack(0x0000009d72800000,0x0000009d72900000)]
  0x00000236f4e2e800 JavaThread "Cache worker for dependencies-accessors (C:\Users\ASUS\AndroidStudioProjects\gigiibuhamil\.gradle\7.0.2\dependencies-accessors)" [_thread_blocked, id=12388, stack(0x0000009d72900000,0x0000009d72a00000)]
  0x00000236f4e2f000 JavaThread "jar transforms Thread 3" [_thread_blocked, id=17700, stack(0x0000009d72a00000,0x0000009d72b00000)]
  0x00000236f7de6000 JavaThread "Cache worker for Build Output Cleanup Cache (C:\Users\ASUS\AndroidStudioProjects\gigiibuhamil\.gradle\buildOutputCleanup)" [_thread_blocked, id=14896, stack(0x0000009d72b00000,0x0000009d72c00000)]
  0x00000236f7de7800 JavaThread "Build operations" [_thread_blocked, id=8952, stack(0x0000009d72c00000,0x0000009d72d00000)]
  0x00000236f7de4000 JavaThread "Build operations Thread 2" [_thread_blocked, id=2068, stack(0x0000009d72d00000,0x0000009d72e00000)]
  0x00000236f7de2800 JavaThread "Build operations Thread 3" [_thread_blocked, id=14452, stack(0x0000009d72e00000,0x0000009d72f00000)]
  0x00000236f7de6800 JavaThread "Build operations Thread 4" [_thread_blocked, id=13264, stack(0x0000009d72f00000,0x0000009d73000000)]
  0x00000236f7de2000 JavaThread "Build operations Thread 5" [_thread_blocked, id=4040, stack(0x0000009d73000000,0x0000009d73100000)]
  0x00000236f7de3800 JavaThread "Build operations Thread 6" [_thread_blocked, id=15716, stack(0x0000009d73100000,0x0000009d73200000)]
  0x00000236f7de8800 JavaThread "Build operations Thread 7" [_thread_blocked, id=16932, stack(0x0000009d73200000,0x0000009d73300000)]
  0x00000236f7de5000 JavaThread "Build operations Thread 8" [_thread_blocked, id=17884, stack(0x0000009d73300000,0x0000009d73400000)]
  0x00000236f8ca1800 JavaThread "jar transforms Thread 4" [_thread_blocked, id=15720, stack(0x0000009d73400000,0x0000009d73500000)]
  0x00000236f8ca5800 JavaThread "jar transforms Thread 5" [_thread_blocked, id=12548, stack(0x0000009d73500000,0x0000009d73600000)]
  0x00000236f8ca2000 JavaThread "jar transforms Thread 6" [_thread_blocked, id=4384, stack(0x0000009d73600000,0x0000009d73700000)]
  0x00000236f8ca3800 JavaThread "jar transforms Thread 7" [_thread_blocked, id=4736, stack(0x0000009d73700000,0x0000009d73800000)]
  0x00000236f8ca7000 JavaThread "jar transforms Thread 8" [_thread_blocked, id=14420, stack(0x0000009d73800000,0x0000009d73900000)]
  0x00000236f8ca8000 JavaThread "Memory manager" [_thread_blocked, id=8992, stack(0x0000009d73900000,0x0000009d73a00000)]
  0x00000236f8ca3000 JavaThread "build event listener" [_thread_blocked, id=2328, stack(0x0000009d73a00000,0x0000009d73b00000)]
  0x00000236f8ca6000 JavaThread "pool-3-thread-1" [_thread_blocked, id=3864, stack(0x0000009d73b00000,0x0000009d73c00000)]
  0x00000236fb39c000 JavaThread "build event listener" [_thread_blocked, id=11268, stack(0x0000009d73c00000,0x0000009d73d00000)]
  0x00000236fb39e800 JavaThread "Execution worker for ':'" [_thread_blocked, id=10860, stack(0x0000009d73d00000,0x0000009d73e00000)]
  0x00000236fb3a2800 JavaThread "Execution worker for ':' Thread 2" [_thread_blocked, id=16160, stack(0x0000009d73e00000,0x0000009d73f00000)]
  0x00000236fb39f000 JavaThread "Execution worker for ':' Thread 3" [_thread_blocked, id=8768, stack(0x0000009d73f00000,0x0000009d74000000)]
  0x00000236fb39d000 JavaThread "Execution worker for ':' Thread 4" [_thread_blocked, id=13952, stack(0x0000009d74000000,0x0000009d74100000)]
  0x00000236fb3a0000 JavaThread "Execution worker for ':' Thread 5" [_thread_blocked, id=10224, stack(0x0000009d74100000,0x0000009d74200000)]
  0x00000236fb39d800 JavaThread "Execution worker for ':' Thread 6" [_thread_blocked, id=5084, stack(0x0000009d74200000,0x0000009d74300000)]
  0x00000236fb3a1000 JavaThread "Execution worker for ':' Thread 7" [_thread_blocked, id=17356, stack(0x0000009d74300000,0x0000009d74400000)]
  0x00000236fb3a1800 JavaThread "Cache worker for execution history cache (C:\Users\ASUS\AndroidStudioProjects\gigiibuhamil\.gradle\7.0.2\executionHistory)" [_thread_blocked, id=15128, stack(0x0000009d74400000,0x0000009d74500000)]
  0x00000236f6fd0000 JavaThread "WorkerExecutor Queue" [_thread_blocked, id=13060, stack(0x0000009d74500000,0x0000009d74600000)]
  0x00000236f6fd3000 JavaThread "WorkerExecutor Queue Thread 2" [_thread_blocked, id=7864, stack(0x0000009d74600000,0x0000009d74700000)]
  0x00000236f6fcf000 JavaThread "WorkerExecutor Queue Thread 3" [_thread_blocked, id=10040, stack(0x0000009d74700000,0x0000009d74800000)]
  0x00000236f6fcd800 JavaThread "WorkerExecutor Queue Thread 4" [_thread_blocked, id=9176, stack(0x0000009d74800000,0x0000009d74900000)]
  0x00000236f6fce800 JavaThread "WorkerExecutor Queue Thread 5" [_thread_blocked, id=8340, stack(0x0000009d74900000,0x0000009d74a00000)]
  0x00000236f6fd1000 JavaThread "WorkerExecutor Queue Thread 6" [_thread_blocked, id=8128, stack(0x0000009d74a00000,0x0000009d74b00000)]
  0x00000236f6fd4000 JavaThread "WorkerExecutor Queue Thread 7" [_thread_blocked, id=12208, stack(0x0000009d74b00000,0x0000009d74c00000)]
  0x00000236f6fd5000 JavaThread "WorkerExecutor Queue Thread 8" [_thread_blocked, id=16316, stack(0x0000009d74c00000,0x0000009d74d00000)]
  0x00000236f6fd5800 JavaThread "pool-4-thread-1" [_thread_blocked, id=7228, stack(0x0000009d74d00000,0x0000009d74e00000)]
  0x00000236f6fd6800 JavaThread "stderr" [_thread_in_native, id=4712, stack(0x0000009d74e00000,0x0000009d74f00000)]
  0x00000236f6fd7800 JavaThread "stdout" [_thread_in_native, id=3196, stack(0x0000009d74f00000,0x0000009d75000000)]

Other Threads:
=>0x00000236f2481000 VMThread "VM Thread" [stack: 0x0000009d6ff00000,0x0000009d70000000] [id=8816]
  0x00000236f2f95800 WatcherThread [stack: 0x0000009d70900000,0x0000009d70a00000] [id=13772]
  0x00000236d609a000 GCTaskThread "GC Thread#0" [stack: 0x0000009d6fa00000,0x0000009d6fb00000] [id=4092]
  0x00000236f39fc800 GCTaskThread "GC Thread#1" [stack: 0x0000009d70a00000,0x0000009d70b00000] [id=7300]
  0x00000236f32cf800 GCTaskThread "GC Thread#2" [stack: 0x0000009d70b00000,0x0000009d70c00000] [id=4628]
  0x00000236f404c000 GCTaskThread "GC Thread#3" [stack: 0x0000009d71600000,0x0000009d71700000] [id=4336]
  0x00000236f3a55800 GCTaskThread "GC Thread#4" [stack: 0x0000009d71700000,0x0000009d71800000] [id=16608]
  0x00000236f485f800 GCTaskThread "GC Thread#5" [stack: 0x0000009d71800000,0x0000009d71900000] [id=5520]
  0x00000236f3d37000 GCTaskThread "GC Thread#6" [stack: 0x0000009d71900000,0x0000009d71a00000] [id=4764]
  0x00000236f538a000 GCTaskThread "GC Thread#7" [stack: 0x0000009d71a00000,0x0000009d71b00000] [id=9976]
  0x00000236d60cc800 ConcurrentGCThread "G1 Main Marker" [stack: 0x0000009d6fb00000,0x0000009d6fc00000] [id=1776]
  0x00000236d60cd800 ConcurrentGCThread "G1 Conc#0" [stack: 0x0000009d6fc00000,0x0000009d6fd00000] [id=16336]
  0x00000236f5372800 ConcurrentGCThread "G1 Conc#1" [stack: 0x0000009d71d00000,0x0000009d71e00000] [id=16180]
  0x00000236d615e000 ConcurrentGCThread "G1 Refine#0" [stack: 0x0000009d6fd00000,0x0000009d6fe00000] [id=12608]
  0x00000236f22d2800 ConcurrentGCThread "G1 Young RemSet Sampling" [stack: 0x0000009d6fe00000,0x0000009d6ff00000] [id=17720]

Threads with active compile tasks:
C2 CompilerThread0  24756 12437 %     4       com.android.tools.r8.dex.j::m @ 64 (2086 bytes)

VM state:at safepoint (normal execution)

VM Mutex/Monitor currently owned by a thread:  ([mutex/lock_event])
[0x00000236d607b3b0] Threads_lock - owner thread: 0x00000236f2481000
[0x00000236d607b170] Heap_lock - owner thread: 0x00000236f6fce800

Heap address: 0x0000000080000000, size: 2048 MB, Compressed Oops mode: 32-bit
Narrow klass base: 0x0000000000000000, Narrow klass shift: 3
Compressed class space size: 1073741824 Address: 0x0000000100000000

Heap:
 garbage-first heap   total 460800K, used 268629K [0x0000000080000000, 0x0000000100000000)
  region size 1024K, 3 young (3072K), 3 survivors (3072K)
 Metaspace       used 97614K, capacity 99942K, committed 100172K, reserved 1136640K
  class space    used 12437K, capacity 13306K, committed 13440K, reserved 1048576K
Heap Regions: E=young(eden), S=young(survivor), O=old, HS=humongous(starts), HC=humongous(continues), CS=collection set, F=free, A=archive, TAMS=top-at-mark-start (previous, next)
|   0|0x0000000080000000, 0x0000000080100000, 0x0000000080100000|100%| O|  |TAMS 0x0000000080100000, 0x0000000080100000| Untracked 
|   1|0x0000000080100000, 0x0000000080200000, 0x0000000080200000|100%| O|  |TAMS 0x0000000080200000, 0x0000000080200000| Untracked 
|   2|0x0000000080200000, 0x0000000080300000, 0x0000000080300000|100%| O|  |TAMS 0x0000000080300000, 0x0000000080300000| Untracked 
|   3|0x0000000080300000, 0x0000000080400000, 0x0000000080400000|100%|HS|  |TAMS 0x0000000080400000, 0x0000000080400000| Complete 
|   4|0x0000000080400000, 0x0000000080500000, 0x0000000080500000|100%|HC|  |TAMS 0x0000000080500000, 0x0000000080500000| Complete 
|   5|0x0000000080500000, 0x0000000080600000, 0x0000000080600000|100%|HC|  |TAMS 0x0000000080600000, 0x0000000080600000| Complete 
|   6|0x0000000080600000, 0x0000000080700000, 0x0000000080700000|100%| O|  |TAMS 0x0000000080700000, 0x0000000080700000| Untracked 
|   7|0x0000000080700000, 0x0000000080800000, 0x0000000080800000|100%| O|  |TAMS 0x0000000080800000, 0x0000000080800000| Untracked 
|   8|0x0000000080800000, 0x0000000080900000, 0x0000000080900000|100%| O|  |TAMS 0x0000000080900000, 0x0000000080900000| Untracked 
|   9|0x0000000080900000, 0x0000000080a00000, 0x0000000080a00000|100%| O|  |TAMS 0x0000000080a00000, 0x0000000080a00000| Untracked 
|  10|0x0000000080a00000, 0x0000000080b00000, 0x0000000080b00000|100%| O|  |TAMS 0x0000000080b00000, 0x0000000080b00000| Untracked 
|  11|0x0000000080b00000, 0x0000000080c00000, 0x0000000080c00000|100%| O|  |TAMS 0x0000000080c00000, 0x0000000080c00000| Untracked 
|  12|0x0000000080c00000, 0x0000000080d00000, 0x0000000080d00000|100%| O|  |TAMS 0x0000000080d00000, 0x0000000080d00000| Untracked 
|  13|0x0000000080d00000, 0x0000000080e00000, 0x0000000080e00000|100%| O|  |TAMS 0x0000000080e00000, 0x0000000080e00000| Untracked 
|  14|0x0000000080e00000, 0x0000000080f00000, 0x0000000080f00000|100%| O|  |TAMS 0x0000000080f00000, 0x0000000080f00000| Untracked 
|  15|0x0000000080f00000, 0x0000000081000000, 0x0000000081000000|100%| O|  |TAMS 0x0000000081000000, 0x0000000081000000| Untracked 
|  16|0x0000000081000000, 0x0000000081100000, 0x0000000081100000|100%|HS|  |TAMS 0x0000000081100000, 0x0000000081100000| Complete 
|  17|0x0000000081100000, 0x0000000081200000, 0x0000000081200000|100%| O|  |TAMS 0x0000000081200000, 0x0000000081200000| Untracked 
|  18|0x0000000081200000, 0x0000000081300000, 0x0000000081300000|100%| O|  |TAMS 0x0000000081300000, 0x0000000081300000| Untracked 
|  19|0x0000000081300000, 0x0000000081400000, 0x0000000081400000|100%| O|  |TAMS 0x0000000081400000, 0x0000000081400000| Untracked 
|  20|0x0000000081400000, 0x0000000081500000, 0x0000000081500000|100%| O|  |TAMS 0x0000000081500000, 0x0000000081500000| Untracked 
|  21|0x0000000081500000, 0x0000000081600000, 0x0000000081600000|100%| O|  |TAMS 0x0000000081600000, 0x0000000081600000| Untracked 
|  22|0x0000000081600000, 0x0000000081700000, 0x0000000081700000|100%| O|  |TAMS 0x0000000081700000, 0x0000000081700000| Untracked 
|  23|0x0000000081700000, 0x0000000081800000, 0x0000000081800000|100%|HS|  |TAMS 0x0000000081800000, 0x0000000081800000| Complete 
|  24|0x0000000081800000, 0x0000000081900000, 0x0000000081900000|100%|HS|  |TAMS 0x0000000081900000, 0x0000000081900000| Complete 
|  25|0x0000000081900000, 0x0000000081a00000, 0x0000000081a00000|100%|HS|  |TAMS 0x0000000081a00000, 0x0000000081a00000| Complete 
|  26|0x0000000081a00000, 0x0000000081b00000, 0x0000000081b00000|100%|HC|  |TAMS 0x0000000081b00000, 0x0000000081b00000| Complete 
|  27|0x0000000081b00000, 0x0000000081c00000, 0x0000000081c00000|100%|HC|  |TAMS 0x0000000081c00000, 0x0000000081c00000| Complete 
|  28|0x0000000081c00000, 0x0000000081d00000, 0x0000000081d00000|100%|HS|  |TAMS 0x0000000081d00000, 0x0000000081d00000| Complete 
|  29|0x0000000081d00000, 0x0000000081e00000, 0x0000000081e00000|100%|HC|  |TAMS 0x0000000081e00000, 0x0000000081e00000| Complete 
|  30|0x0000000081e00000, 0x0000000081f00000, 0x0000000081f00000|100%| O|  |TAMS 0x0000000081f00000, 0x0000000081f00000| Untracked 
|  31|0x0000000081f00000, 0x0000000082000000, 0x0000000082000000|100%| O|  |TAMS 0x0000000082000000, 0x0000000082000000| Untracked 
|  32|0x0000000082000000, 0x0000000082100000, 0x0000000082100000|100%| O|  |TAMS 0x0000000082100000, 0x0000000082100000| Untracked 
|  33|0x0000000082100000, 0x0000000082200000, 0x0000000082200000|100%| O|  |TAMS 0x0000000082200000, 0x0000000082200000| Untracked 
|  34|0x0000000082200000, 0x0000000082300000, 0x0000000082300000|100%| O|  |TAMS 0x0000000082300000, 0x0000000082300000| Untracked 
|  35|0x0000000082300000, 0x0000000082400000, 0x0000000082400000|100%| O|  |TAMS 0x0000000082400000, 0x0000000082400000| Untracked 
|  36|0x0000000082400000, 0x0000000082500000, 0x0000000082500000|100%| O|  |TAMS 0x0000000082500000, 0x0000000082500000| Untracked 
|  37|0x0000000082500000, 0x0000000082600000, 0x0000000082600000|100%| O|  |TAMS 0x0000000082600000, 0x0000000082600000| Untracked 
|  38|0x0000000082600000, 0x0000000082700000, 0x0000000082700000|100%| O|  |TAMS 0x0000000082700000, 0x0000000082700000| Untracked 
|  39|0x0000000082700000, 0x0000000082800000, 0x0000000082800000|100%| O|  |TAMS 0x0000000082800000, 0x0000000082800000| Untracked 
|  40|0x0000000082800000, 0x0000000082900000, 0x0000000082900000|100%| O|  |TAMS 0x0000000082900000, 0x0000000082900000| Untracked 
|  41|0x0000000082900000, 0x0000000082a00000, 0x0000000082a00000|100%| O|  |TAMS 0x0000000082a00000, 0x0000000082a00000| Untracked 
|  42|0x0000000082a00000, 0x0000000082b00000, 0x0000000082b00000|100%| O|  |TAMS 0x0000000082b00000, 0x0000000082b00000| Untracked 
|  43|0x0000000082b00000, 0x0000000082c00000, 0x0000000082c00000|100%| O|  |TAMS 0x0000000082c00000, 0x0000000082c00000| Untracked 
|  44|0x0000000082c00000, 0x0000000082d00000, 0x0000000082d00000|100%| O|  |TAMS 0x0000000082d00000, 0x0000000082d00000| Untracked 
|  45|0x0000000082d00000, 0x0000000082e00000, 0x0000000082e00000|100%| O|  |TAMS 0x0000000082e00000, 0x0000000082e00000| Untracked 
|  46|0x0000000082e00000, 0x0000000082f00000, 0x0000000082f00000|100%| O|  |TAMS 0x0000000082f00000, 0x0000000082f00000| Untracked 
|  47|0x0000000082f00000, 0x0000000083000000, 0x0000000083000000|100%| O|  |TAMS 0x0000000083000000, 0x0000000083000000| Untracked 
|  48|0x0000000083000000, 0x0000000083100000, 0x0000000083100000|100%| O|  |TAMS 0x0000000083100000, 0x0000000083100000| Untracked 
|  49|0x0000000083100000, 0x0000000083200000, 0x0000000083200000|100%| O|  |TAMS 0x0000000083200000, 0x0000000083200000| Untracked 
|  50|0x0000000083200000, 0x0000000083300000, 0x0000000083300000|100%| O|  |TAMS 0x0000000083300000, 0x0000000083300000| Untracked 
|  51|0x0000000083300000, 0x0000000083400000, 0x0000000083400000|100%| O|  |TAMS 0x0000000083400000, 0x0000000083400000| Untracked 
|  52|0x0000000083400000, 0x0000000083500000, 0x0000000083500000|100%| O|  |TAMS 0x0000000083500000, 0x0000000083500000| Untracked 
|  53|0x0000000083500000, 0x0000000083600000, 0x0000000083600000|100%| O|  |TAMS 0x0000000083600000, 0x0000000083600000| Untracked 
|  54|0x0000000083600000, 0x0000000083700000, 0x0000000083700000|100%| O|  |TAMS 0x0000000083700000, 0x0000000083700000| Untracked 
|  55|0x0000000083700000, 0x0000000083800000, 0x0000000083800000|100%| O|  |TAMS 0x0000000083800000, 0x0000000083800000| Untracked 
|  56|0x0000000083800000, 0x0000000083900000, 0x0000000083900000|100%| O|  |TAMS 0x0000000083900000, 0x0000000083900000| Untracked 
|  57|0x0000000083900000, 0x0000000083a00000, 0x0000000083a00000|100%| O|  |TAMS 0x0000000083a00000, 0x0000000083a00000| Untracked 
|  58|0x0000000083a00000, 0x0000000083b00000, 0x0000000083b00000|100%| O|  |TAMS 0x0000000083b00000, 0x0000000083b00000| Untracked 
|  59|0x0000000083b00000, 0x0000000083c00000, 0x0000000083c00000|100%| O|  |TAMS 0x0000000083c00000, 0x0000000083c00000| Untracked 
|  60|0x0000000083c00000, 0x0000000083d00000, 0x0000000083d00000|100%| O|  |TAMS 0x0000000083d00000, 0x0000000083d00000| Untracked 
|  61|0x0000000083d00000, 0x0000000083e00000, 0x0000000083e00000|100%| O|  |TAMS 0x0000000083e00000, 0x0000000083e00000| Untracked 
|  62|0x0000000083e00000, 0x0000000083f00000, 0x0000000083f00000|100%| O|  |TAMS 0x0000000083f00000, 0x0000000083f00000| Untracked 
|  63|0x0000000083f00000, 0x0000000084000000, 0x0000000084000000|100%| O|  |TAMS 0x0000000084000000, 0x0000000084000000| Untracked 
|  64|0x0000000084000000, 0x0000000084100000, 0x0000000084100000|100%| O|  |TAMS 0x0000000084100000, 0x0000000084100000| Untracked 
|  65|0x0000000084100000, 0x0000000084200000, 0x0000000084200000|100%| O|  |TAMS 0x0000000084200000, 0x0000000084200000| Untracked 
|  66|0x0000000084200000, 0x0000000084300000, 0x0000000084300000|100%| O|  |TAMS 0x0000000084300000, 0x0000000084300000| Untracked 
|  67|0x0000000084300000, 0x0000000084400000, 0x0000000084400000|100%| O|  |TAMS 0x0000000084400000, 0x0000000084400000| Untracked 
|  68|0x0000000084400000, 0x0000000084500000, 0x0000000084500000|100%| O|  |TAMS 0x0000000084500000, 0x0000000084500000| Untracked 
|  69|0x0000000084500000, 0x0000000084600000, 0x0000000084600000|100%| O|  |TAMS 0x0000000084600000, 0x0000000084600000| Untracked 
|  70|0x0000000084600000, 0x0000000084700000, 0x0000000084700000|100%| O|  |TAMS 0x0000000084700000, 0x0000000084700000| Untracked 
|  71|0x0000000084700000, 0x0000000084800000, 0x0000000084800000|100%| O|  |TAMS 0x0000000084800000, 0x0000000084800000| Untracked 
|  72|0x0000000084800000, 0x0000000084900000, 0x0000000084900000|100%| O|  |TAMS 0x0000000084900000, 0x0000000084900000| Untracked 
|  73|0x0000000084900000, 0x0000000084a00000, 0x0000000084a00000|100%| O|  |TAMS 0x0000000084a00000, 0x0000000084a00000| Untracked 
|  74|0x0000000084a00000, 0x0000000084b00000, 0x0000000084b00000|100%| O|  |TAMS 0x0000000084b00000, 0x0000000084b00000| Untracked 
|  75|0x0000000084b00000, 0x0000000084c00000, 0x0000000084c00000|100%| O|  |TAMS 0x0000000084c00000, 0x0000000084c00000| Untracked 
|  76|0x0000000084c00000, 0x0000000084d00000, 0x0000000084d00000|100%| O|  |TAMS 0x0000000084d00000, 0x0000000084d00000| Untracked 
|  77|0x0000000084d00000, 0x0000000084e00000, 0x0000000084e00000|100%| O|  |TAMS 0x0000000084e00000, 0x0000000084e00000| Untracked 
|  78|0x0000000084e00000, 0x0000000084f00000, 0x0000000084f00000|100%| O|  |TAMS 0x0000000084f00000, 0x0000000084f00000| Untracked 
|  79|0x0000000084f00000, 0x0000000085000000, 0x0000000085000000|100%| O|  |TAMS 0x0000000085000000, 0x0000000085000000| Untracked 
|  80|0x0000000085000000, 0x0000000085100000, 0x0000000085100000|100%| O|  |TAMS 0x0000000085100000, 0x0000000085100000| Untracked 
|  81|0x0000000085100000, 0x0000000085200000, 0x0000000085200000|100%| O|  |TAMS 0x0000000085200000, 0x0000000085200000| Untracked 
|  82|0x0000000085200000, 0x0000000085300000, 0x0000000085300000|100%| O|  |TAMS 0x0000000085300000, 0x0000000085300000| Untracked 
|  83|0x0000000085300000, 0x0000000085400000, 0x0000000085400000|100%| O|  |TAMS 0x0000000085400000, 0x0000000085400000| Untracked 
|  84|0x0000000085400000, 0x0000000085500000, 0x0000000085500000|100%| O|  |TAMS 0x0000000085500000, 0x0000000085500000| Untracked 
|  85|0x0000000085500000, 0x0000000085600000, 0x0000000085600000|100%| O|  |TAMS 0x0000000085600000, 0x0000000085600000| Untracked 
|  86|0x0000000085600000, 0x0000000085700000, 0x0000000085700000|100%| O|  |TAMS 0x0000000085700000, 0x0000000085700000| Untracked 
|  87|0x0000000085700000, 0x0000000085800000, 0x0000000085800000|100%| O|  |TAMS 0x0000000085800000, 0x0000000085800000| Untracked 
|  88|0x0000000085800000, 0x0000000085900000, 0x0000000085900000|100%| O|  |TAMS 0x0000000085900000, 0x0000000085900000| Untracked 
|  89|0x0000000085900000, 0x0000000085a00000, 0x0000000085a00000|100%| O|  |TAMS 0x0000000085a00000, 0x0000000085a00000| Untracked 
|  90|0x0000000085a00000, 0x0000000085b00000, 0x0000000085b00000|100%| O|  |TAMS 0x0000000085b00000, 0x0000000085b00000| Untracked 
|  91|0x0000000085b00000, 0x0000000085c00000, 0x0000000085c00000|100%| O|  |TAMS 0x0000000085c00000, 0x0000000085c00000| Untracked 
|  92|0x0000000085c00000, 0x0000000085d00000, 0x0000000085d00000|100%| O|  |TAMS 0x0000000085d00000, 0x0000000085d00000| Untracked 
|  93|0x0000000085d00000, 0x0000000085e00000, 0x0000000085e00000|100%| O|  |TAMS 0x0000000085e00000, 0x0000000085e00000| Untracked 
|  94|0x0000000085e00000, 0x0000000085f00000, 0x0000000085f00000|100%| O|  |TAMS 0x0000000085f00000, 0x0000000085f00000| Untracked 
|  95|0x0000000085f00000, 0x0000000086000000, 0x0000000086000000|100%|HS|  |TAMS 0x0000000086000000, 0x0000000086000000| Complete 
|  96|0x0000000086000000, 0x0000000086100000, 0x0000000086100000|100%| O|  |TAMS 0x0000000086100000, 0x0000000086100000| Untracked 
|  97|0x0000000086100000, 0x0000000086200000, 0x0000000086200000|100%| O|  |TAMS 0x0000000086200000, 0x0000000086200000| Untracked 
|  98|0x0000000086200000, 0x0000000086300000, 0x0000000086300000|100%| O|  |TAMS 0x0000000086300000, 0x0000000086300000| Untracked 
|  99|0x0000000086300000, 0x0000000086400000, 0x0000000086400000|100%|HS|  |TAMS 0x0000000086400000, 0x0000000086400000| Complete 
| 100|0x0000000086400000, 0x0000000086500000, 0x0000000086500000|100%|HC|  |TAMS 0x0000000086500000, 0x0000000086500000| Complete 
| 101|0x0000000086500000, 0x0000000086600000, 0x0000000086600000|100%|HC|  |TAMS 0x0000000086600000, 0x0000000086600000| Complete 
| 102|0x0000000086600000, 0x0000000086700000, 0x0000000086700000|100%|HC|  |TAMS 0x0000000086700000, 0x0000000086700000| Complete 
| 103|0x0000000086700000, 0x0000000086800000, 0x0000000086800000|100%|HC|  |TAMS 0x0000000086800000, 0x0000000086800000| Complete 
| 104|0x0000000086800000, 0x0000000086900000, 0x0000000086900000|100%|HC|  |TAMS 0x0000000086900000, 0x0000000086900000| Complete 
| 105|0x0000000086900000, 0x0000000086a00000, 0x0000000086a00000|100%|HC|  |TAMS 0x0000000086a00000, 0x0000000086a00000| Complete 
| 106|0x0000000086a00000, 0x0000000086b00000, 0x0000000086b00000|100%|HC|  |TAMS 0x0000000086b00000, 0x0000000086b00000| Complete 
| 107|0x0000000086b00000, 0x0000000086c00000, 0x0000000086c00000|100%|HC|  |TAMS 0x0000000086c00000, 0x0000000086c00000| Complete 
| 108|0x0000000086c00000, 0x0000000086d00000, 0x0000000086d00000|100%|HC|  |TAMS 0x0000000086d00000, 0x0000000086d00000| Complete 
| 109|0x0000000086d00000, 0x0000000086e00000, 0x0000000086e00000|100%|HC|  |TAMS 0x0000000086e00000, 0x0000000086e00000| Complete 
| 110|0x0000000086e00000, 0x0000000086f00000, 0x0000000086f00000|100%|HC|  |TAMS 0x0000000086f00000, 0x0000000086f00000| Complete 
| 111|0x0000000086f00000, 0x0000000087000000, 0x0000000087000000|100%|HC|  |TAMS 0x0000000087000000, 0x0000000087000000| Complete 
| 112|0x0000000087000000, 0x0000000087100000, 0x0000000087100000|100%|HC|  |TAMS 0x0000000087100000, 0x0000000087100000| Complete 
| 113|0x0000000087100000, 0x0000000087200000, 0x0000000087200000|100%|HC|  |TAMS 0x0000000087200000, 0x0000000087200000| Complete 
| 114|0x0000000087200000, 0x0000000087300000, 0x0000000087300000|100%|HC|  |TAMS 0x0000000087300000, 0x0000000087300000| Complete 
| 115|0x0000000087300000, 0x0000000087400000, 0x0000000087400000|100%|HC|  |TAMS 0x0000000087400000, 0x0000000087400000| Complete 
| 116|0x0000000087400000, 0x0000000087500000, 0x0000000087500000|100%|HC|  |TAMS 0x0000000087500000, 0x0000000087500000| Complete 
| 117|0x0000000087500000, 0x0000000087600000, 0x0000000087600000|100%|HC|  |TAMS 0x0000000087600000, 0x0000000087600000| Complete 
| 118|0x0000000087600000, 0x0000000087700000, 0x0000000087700000|100%|HC|  |TAMS 0x0000000087700000, 0x0000000087700000| Complete 
| 119|0x0000000087700000, 0x0000000087800000, 0x0000000087800000|100%|HC|  |TAMS 0x0000000087800000, 0x0000000087800000| Complete 
| 120|0x0000000087800000, 0x0000000087900000, 0x0000000087900000|100%|HC|  |TAMS 0x0000000087900000, 0x0000000087900000| Complete 
| 121|0x0000000087900000, 0x0000000087a00000, 0x0000000087a00000|100%|HC|  |TAMS 0x0000000087a00000, 0x0000000087a00000| Complete 
| 122|0x0000000087a00000, 0x0000000087b00000, 0x0000000087b00000|100%|HS|  |TAMS 0x0000000087b00000, 0x0000000087b00000| Complete 
| 123|0x0000000087b00000, 0x0000000087c00000, 0x0000000087c00000|100%|HC|  |TAMS 0x0000000087c00000, 0x0000000087c00000| Complete 
| 124|0x0000000087c00000, 0x0000000087d00000, 0x0000000087d00000|100%|HS|  |TAMS 0x0000000087d00000, 0x0000000087d00000| Complete 
| 125|0x0000000087d00000, 0x0000000087e00000, 0x0000000087e00000|100%|HC|  |TAMS 0x0000000087e00000, 0x0000000087e00000| Complete 
| 126|0x0000000087e00000, 0x0000000087f00000, 0x0000000087f00000|100%|HS|  |TAMS 0x0000000087f00000, 0x0000000087f00000| Complete 
| 127|0x0000000087f00000, 0x0000000088000000, 0x0000000088000000|100%|HS|  |TAMS 0x0000000088000000, 0x0000000088000000| Complete 
| 128|0x0000000088000000, 0x0000000088100000, 0x0000000088100000|100%|HC|  |TAMS 0x0000000088100000, 0x0000000088100000| Complete 
| 129|0x0000000088100000, 0x0000000088200000, 0x0000000088200000|100%|HS|  |TAMS 0x0000000088200000, 0x0000000088200000| Complete 
| 130|0x0000000088200000, 0x0000000088300000, 0x0000000088300000|100%|HS|  |TAMS 0x0000000088300000, 0x0000000088300000| Complete 
| 131|0x0000000088300000, 0x0000000088400000, 0x0000000088400000|100%|HC|  |TAMS 0x0000000088400000, 0x0000000088400000| Complete 
| 132|0x0000000088400000, 0x0000000088500000, 0x0000000088500000|100%|HS|  |TAMS 0x0000000088500000, 0x0000000088500000| Complete 
| 133|0x0000000088500000, 0x0000000088600000, 0x0000000088600000|100%|HC|  |TAMS 0x0000000088600000, 0x0000000088600000| Complete 
| 134|0x0000000088600000, 0x0000000088700000, 0x0000000088700000|100%|HS|  |TAMS 0x0000000088700000, 0x0000000088700000| Complete 
| 135|0x0000000088700000, 0x0000000088800000, 0x0000000088800000|100%|HS|  |TAMS 0x0000000088800000, 0x0000000088800000| Complete 
| 136|0x0000000088800000, 0x0000000088900000, 0x0000000088900000|100%|HS|  |TAMS 0x0000000088900000, 0x0000000088900000| Complete 
| 137|0x0000000088900000, 0x0000000088a00000, 0x0000000088a00000|100%|HS|  |TAMS 0x0000000088a00000, 0x0000000088a00000| Complete 
| 138|0x0000000088a00000, 0x0000000088b00000, 0x0000000088b00000|100%| O|  |TAMS 0x0000000088b00000, 0x0000000088b00000| Untracked 
| 139|0x0000000088b00000, 0x0000000088c00000, 0x0000000088c00000|100%| O|  |TAMS 0x0000000088c00000, 0x0000000088c00000| Untracked 
| 140|0x0000000088c00000, 0x0000000088d00000, 0x0000000088d00000|100%| O|  |TAMS 0x0000000088d00000, 0x0000000088d00000| Untracked 
| 141|0x0000000088d00000, 0x0000000088e00000, 0x0000000088e00000|100%| O|  |TAMS 0x0000000088e00000, 0x0000000088e00000| Untracked 
| 142|0x0000000088e00000, 0x0000000088f00000, 0x0000000088f00000|100%| O|  |TAMS 0x0000000088f00000, 0x0000000088f00000| Untracked 
| 143|0x0000000088f00000, 0x0000000089000000, 0x0000000089000000|100%| O|  |TAMS 0x0000000089000000, 0x0000000089000000| Untracked 
| 144|0x0000000089000000, 0x0000000089100000, 0x0000000089100000|100%| O|  |TAMS 0x0000000089100000, 0x0000000089100000| Untracked 
| 145|0x0000000089100000, 0x0000000089200000, 0x0000000089200000|100%|HS|  |TAMS 0x0000000089200000, 0x0000000089200000| Complete 
| 146|0x0000000089200000, 0x0000000089300000, 0x0000000089300000|100%|HS|  |TAMS 0x0000000089300000, 0x0000000089300000| Complete 
| 147|0x0000000089300000, 0x0000000089400000, 0x0000000089400000|100%|HC|  |TAMS 0x0000000089400000, 0x0000000089400000| Complete 
| 148|0x0000000089400000, 0x0000000089500000, 0x0000000089500000|100%|HC|  |TAMS 0x0000000089500000, 0x0000000089500000| Complete 
| 149|0x0000000089500000, 0x0000000089600000, 0x0000000089600000|100%|HS|  |TAMS 0x0000000089600000, 0x0000000089600000| Complete 
| 150|0x0000000089600000, 0x0000000089700000, 0x0000000089700000|100%|HS|  |TAMS 0x0000000089700000, 0x0000000089700000| Complete 
| 151|0x0000000089700000, 0x0000000089800000, 0x0000000089800000|100%|HC|  |TAMS 0x0000000089800000, 0x0000000089800000| Complete 
| 152|0x0000000089800000, 0x0000000089900000, 0x0000000089900000|100%| O|  |TAMS 0x0000000089900000, 0x0000000089900000| Untracked 
| 153|0x0000000089900000, 0x0000000089a00000, 0x0000000089a00000|100%| O|  |TAMS 0x0000000089a00000, 0x0000000089a00000| Untracked 
| 154|0x0000000089a00000, 0x0000000089b00000, 0x0000000089b00000|100%| O|  |TAMS 0x0000000089b00000, 0x0000000089b00000| Untracked 
| 155|0x0000000089b00000, 0x0000000089c00000, 0x0000000089c00000|100%| O|  |TAMS 0x0000000089c00000, 0x0000000089c00000| Untracked 
| 156|0x0000000089c00000, 0x0000000089d00000, 0x0000000089d00000|100%| O|  |TAMS 0x0000000089d00000, 0x0000000089d00000| Untracked 
| 157|0x0000000089d00000, 0x0000000089e00000, 0x0000000089e00000|100%| O|  |TAMS 0x0000000089e00000, 0x0000000089e00000| Untracked 
| 158|0x0000000089e00000, 0x0000000089f00000, 0x0000000089f00000|100%| O|  |TAMS 0x0000000089f00000, 0x0000000089f00000| Untracked 
| 159|0x0000000089f00000, 0x000000008a000000, 0x000000008a000000|100%| O|  |TAMS 0x000000008a000000, 0x000000008a000000| Untracked 
| 160|0x000000008a000000, 0x000000008a100000, 0x000000008a100000|100%| O|  |TAMS 0x000000008a100000, 0x000000008a100000| Untracked 
| 161|0x000000008a100000, 0x000000008a200000, 0x000000008a200000|100%| O|  |TAMS 0x000000008a200000, 0x000000008a200000| Untracked 
| 162|0x000000008a200000, 0x000000008a300000, 0x000000008a300000|100%| O|  |TAMS 0x000000008a300000, 0x000000008a300000| Untracked 
| 163|0x000000008a300000, 0x000000008a400000, 0x000000008a400000|100%| O|  |TAMS 0x000000008a400000, 0x000000008a400000| Untracked 
| 164|0x000000008a400000, 0x000000008a500000, 0x000000008a500000|100%| O|  |TAMS 0x000000008a500000, 0x000000008a500000| Untracked 
| 165|0x000000008a500000, 0x000000008a600000, 0x000000008a600000|100%| O|  |TAMS 0x000000008a600000, 0x000000008a600000| Untracked 
| 166|0x000000008a600000, 0x000000008a700000, 0x000000008a700000|100%| O|  |TAMS 0x000000008a700000, 0x000000008a700000| Untracked 
| 167|0x000000008a700000, 0x000000008a800000, 0x000000008a800000|100%| O|  |TAMS 0x000000008a800000, 0x000000008a800000| Untracked 
| 168|0x000000008a800000, 0x000000008a900000, 0x000000008a900000|100%|HS|  |TAMS 0x000000008a900000, 0x000000008a900000| Complete 
| 169|0x000000008a900000, 0x000000008aa00000, 0x000000008aa00000|100%|HS|  |TAMS 0x000000008aa00000, 0x000000008aa00000| Complete 
| 170|0x000000008aa00000, 0x000000008ab00000, 0x000000008ab00000|100%| O|  |TAMS 0x000000008ab00000, 0x000000008ab00000| Untracked 
| 171|0x000000008ab00000, 0x000000008ac00000, 0x000000008ac00000|100%|HS|  |TAMS 0x000000008ac00000, 0x000000008ac00000| Complete 
| 172|0x000000008ac00000, 0x000000008ad00000, 0x000000008ad00000|100%| O|  |TAMS 0x000000008ad00000, 0x000000008ad00000| Untracked 
| 173|0x000000008ad00000, 0x000000008ae00000, 0x000000008ae00000|100%| O|  |TAMS 0x000000008ae00000, 0x000000008ae00000| Untracked 
| 174|0x000000008ae00000, 0x000000008af00000, 0x000000008af00000|100%| O|  |TAMS 0x000000008af00000, 0x000000008af00000| Untracked 
| 175|0x000000008af00000, 0x000000008b000000, 0x000000008b000000|100%|HS|  |TAMS 0x000000008b000000, 0x000000008b000000| Complete 
| 176|0x000000008b000000, 0x000000008b100000, 0x000000008b100000|100%|HC|  |TAMS 0x000000008b100000, 0x000000008b100000| Complete 
| 177|0x000000008b100000, 0x000000008b200000, 0x000000008b200000|100%|HC|  |TAMS 0x000000008b200000, 0x000000008b200000| Complete 
| 178|0x000000008b200000, 0x000000008b300000, 0x000000008b300000|100%| O|  |TAMS 0x000000008b300000, 0x000000008b300000| Untracked 
| 179|0x000000008b300000, 0x000000008b400000, 0x000000008b400000|100%|HS|  |TAMS 0x000000008b400000, 0x000000008b400000| Complete 
| 180|0x000000008b400000, 0x000000008b500000, 0x000000008b500000|100%| O|  |TAMS 0x000000008b500000, 0x000000008b500000| Untracked 
| 181|0x000000008b500000, 0x000000008b600000, 0x000000008b600000|100%|HS|  |TAMS 0x000000008b600000, 0x000000008b600000| Complete 
| 182|0x000000008b600000, 0x000000008b700000, 0x000000008b700000|100%|HS|  |TAMS 0x000000008b700000, 0x000000008b700000| Complete 
| 183|0x000000008b700000, 0x000000008b800000, 0x000000008b800000|100%|HC|  |TAMS 0x000000008b800000, 0x000000008b800000| Complete 
| 184|0x000000008b800000, 0x000000008b900000, 0x000000008b900000|100%| O|  |TAMS 0x000000008b900000, 0x000000008b900000| Untracked 
| 185|0x000000008b900000, 0x000000008ba00000, 0x000000008ba00000|100%| O|  |TAMS 0x000000008ba00000, 0x000000008ba00000| Untracked 
| 186|0x000000008ba00000, 0x000000008bb00000, 0x000000008bb00000|100%| O|  |TAMS 0x000000008bb00000, 0x000000008bb00000| Untracked 
| 187|0x000000008bb00000, 0x000000008bc00000, 0x000000008bc00000|100%| O|  |TAMS 0x000000008bc00000, 0x000000008bc00000| Untracked 
| 188|0x000000008bc00000, 0x000000008bd00000, 0x000000008bd00000|100%| O|  |TAMS 0x000000008bd00000, 0x000000008bd00000| Untracked 
| 189|0x000000008bd00000, 0x000000008be00000, 0x000000008be00000|100%| O|  |TAMS 0x000000008be00000, 0x000000008be00000| Untracked 
| 190|0x000000008be00000, 0x000000008bf00000, 0x000000008bf00000|100%| O|  |TAMS 0x000000008bf00000, 0x000000008bf00000| Untracked 
| 191|0x000000008bf00000, 0x000000008c000000, 0x000000008c000000|100%| O|  |TAMS 0x000000008c000000, 0x000000008c000000| Untracked 
| 192|0x000000008c000000, 0x000000008c100000, 0x000000008c100000|100%|HS|  |TAMS 0x000000008c100000, 0x000000008c100000| Complete 
| 193|0x000000008c100000, 0x000000008c200000, 0x000000008c200000|100%|HC|  |TAMS 0x000000008c200000, 0x000000008c200000| Complete 
| 194|0x000000008c200000, 0x000000008c300000, 0x000000008c300000|100%|HC|  |TAMS 0x000000008c300000, 0x000000008c300000| Complete 
| 195|0x000000008c300000, 0x000000008c400000, 0x000000008c400000|100%|HC|  |TAMS 0x000000008c400000, 0x000000008c400000| Complete 
| 196|0x000000008c400000, 0x000000008c500000, 0x000000008c500000|100%|HC|  |TAMS 0x000000008c500000, 0x000000008c500000| Complete 
| 197|0x000000008c500000, 0x000000008c600000, 0x000000008c600000|100%|HC|  |TAMS 0x000000008c600000, 0x000000008c600000| Complete 
| 198|0x000000008c600000, 0x000000008c700000, 0x000000008c700000|100%|HC|  |TAMS 0x000000008c700000, 0x000000008c700000| Complete 
| 199|0x000000008c700000, 0x000000008c800000, 0x000000008c800000|100%|HC|  |TAMS 0x000000008c800000, 0x000000008c800000| Complete 
| 200|0x000000008c800000, 0x000000008c900000, 0x000000008c900000|100%|HC|  |TAMS 0x000000008c900000, 0x000000008c900000| Complete 
| 201|0x000000008c900000, 0x000000008ca00000, 0x000000008ca00000|100%|HC|  |TAMS 0x000000008ca00000, 0x000000008ca00000| Complete 
| 202|0x000000008ca00000, 0x000000008cb00000, 0x000000008cb00000|100%|HC|  |TAMS 0x000000008cb00000, 0x000000008cb00000| Complete 
| 203|0x000000008cb00000, 0x000000008cc00000, 0x000000008cc00000|100%|HC|  |TAMS 0x000000008cc00000, 0x000000008cc00000| Complete 
| 204|0x000000008cc00000, 0x000000008cd00000, 0x000000008cd00000|100%|HC|  |TAMS 0x000000008cd00000, 0x000000008cd00000| Complete 
| 205|0x000000008cd00000, 0x000000008ce00000, 0x000000008ce00000|100%|HC|  |TAMS 0x000000008ce00000, 0x000000008ce00000| Complete 
| 206|0x000000008ce00000, 0x000000008cf00000, 0x000000008cf00000|100%|HC|  |TAMS 0x000000008cf00000, 0x000000008cf00000| Complete 
| 207|0x000000008cf00000, 0x000000008d000000, 0x000000008d000000|100%|HC|  |TAMS 0x000000008d000000, 0x000000008d000000| Complete 
| 208|0x000000008d000000, 0x000000008d100000, 0x000000008d100000|100%|HC|  |TAMS 0x000000008d100000, 0x000000008d100000| Complete 
| 209|0x000000008d100000, 0x000000008d200000, 0x000000008d200000|100%|HC|  |TAMS 0x000000008d200000, 0x000000008d200000| Complete 
| 210|0x000000008d200000, 0x000000008d300000, 0x000000008d300000|100%|HC|  |TAMS 0x000000008d300000, 0x000000008d300000| Complete 
| 211|0x000000008d300000, 0x000000008d400000, 0x000000008d400000|100%|HC|  |TAMS 0x000000008d400000, 0x000000008d400000| Complete 
| 212|0x000000008d400000, 0x000000008d500000, 0x000000008d500000|100%|HC|  |TAMS 0x000000008d500000, 0x000000008d500000| Complete 
| 213|0x000000008d500000, 0x000000008d600000, 0x000000008d600000|100%|HC|  |TAMS 0x000000008d600000, 0x000000008d600000| Complete 
| 214|0x000000008d600000, 0x000000008d700000, 0x000000008d700000|100%|HC|  |TAMS 0x000000008d700000, 0x000000008d700000| Complete 
| 215|0x000000008d700000, 0x000000008d800000, 0x000000008d800000|100%| O|  |TAMS 0x000000008d800000, 0x000000008d800000| Untracked 
| 216|0x000000008d800000, 0x000000008d900000, 0x000000008d900000|100%| O|  |TAMS 0x000000008d900000, 0x000000008d900000| Untracked 
| 217|0x000000008d900000, 0x000000008da00000, 0x000000008da00000|100%|HS|  |TAMS 0x000000008da00000, 0x000000008da00000| Complete 
| 218|0x000000008da00000, 0x000000008db00000, 0x000000008db00000|100%|HC|  |TAMS 0x000000008db00000, 0x000000008db00000| Complete 
| 219|0x000000008db00000, 0x000000008dc00000, 0x000000008dc00000|100%| O|  |TAMS 0x000000008dc00000, 0x000000008dc00000| Untracked 
| 220|0x000000008dc00000, 0x000000008dd00000, 0x000000008dd00000|100%| O|  |TAMS 0x000000008dd00000, 0x000000008dd00000| Untracked 
| 221|0x000000008dd00000, 0x000000008de00000, 0x000000008de00000|100%|HS|  |TAMS 0x000000008de00000, 0x000000008de00000| Complete 
| 222|0x000000008de00000, 0x000000008df00000, 0x000000008df00000|100%|HC|  |TAMS 0x000000008df00000, 0x000000008df00000| Complete 
| 223|0x000000008df00000, 0x000000008e000000, 0x000000008e000000|100%| O|  |TAMS 0x000000008e000000, 0x000000008e000000| Untracked 
| 224|0x000000008e000000, 0x000000008e100000, 0x000000008e100000|100%|HS|  |TAMS 0x000000008e100000, 0x000000008e100000| Complete 
| 225|0x000000008e100000, 0x000000008e200000, 0x000000008e200000|100%| O|  |TAMS 0x000000008e200000, 0x000000008e200000| Untracked 
| 226|0x000000008e200000, 0x000000008e300000, 0x000000008e300000|100%| O|  |TAMS 0x000000008e300000, 0x000000008e300000| Untracked 
| 227|0x000000008e300000, 0x000000008e400000, 0x000000008e400000|100%|HS|  |TAMS 0x000000008e400000, 0x000000008e400000| Complete 
| 228|0x000000008e400000, 0x000000008e500000, 0x000000008e500000|100%|HC|  |TAMS 0x000000008e500000, 0x000000008e500000| Complete 
| 229|0x000000008e500000, 0x000000008e600000, 0x000000008e600000|100%| O|  |TAMS 0x000000008e600000, 0x000000008e600000| Untracked 
| 230|0x000000008e600000, 0x000000008e700000, 0x000000008e700000|100%|HS|  |TAMS 0x000000008e700000, 0x000000008e700000| Complete 
| 231|0x000000008e700000, 0x000000008e800000, 0x000000008e800000|100%| O|  |TAMS 0x000000008e800000, 0x000000008e800000| Untracked 
| 232|0x000000008e800000, 0x000000008e900000, 0x000000008e900000|100%| O|  |TAMS 0x000000008e900000, 0x000000008e900000| Untracked 
| 233|0x000000008e900000, 0x000000008ea00000, 0x000000008ea00000|100%| O|  |TAMS 0x000000008ea00000, 0x000000008ea00000| Untracked 
| 234|0x000000008ea00000, 0x000000008eb00000, 0x000000008eb00000|100%| O|  |TAMS 0x000000008eb00000, 0x000000008eb00000| Untracked 
| 235|0x000000008eb00000, 0x000000008ec00000, 0x000000008ec00000|100%| O|  |TAMS 0x000000008ec00000, 0x000000008ec00000| Untracked 
| 236|0x000000008ec00000, 0x000000008ed00000, 0x000000008ed00000|100%| O|  |TAMS 0x000000008ed00000, 0x000000008ed00000| Untracked 
| 237|0x000000008ed00000, 0x000000008ee00000, 0x000000008ee00000|100%|HS|  |TAMS 0x000000008ee00000, 0x000000008ee00000| Complete 
| 238|0x000000008ee00000, 0x000000008ef00000, 0x000000008ef00000|100%|HC|  |TAMS 0x000000008ef00000, 0x000000008ef00000| Complete 
| 239|0x000000008ef00000, 0x000000008f000000, 0x000000008f000000|100%| O|  |TAMS 0x000000008f000000, 0x000000008f000000| Untracked 
| 240|0x000000008f000000, 0x000000008f100000, 0x000000008f100000|100%| O|  |TAMS 0x000000008f100000, 0x000000008f100000| Untracked 
| 241|0x000000008f100000, 0x000000008f200000, 0x000000008f200000|100%|HS|  |TAMS 0x000000008f200000, 0x000000008f200000| Complete 
| 242|0x000000008f200000, 0x000000008f300000, 0x000000008f300000|100%|HC|  |TAMS 0x000000008f300000, 0x000000008f300000| Complete 
| 243|0x000000008f300000, 0x000000008f400000, 0x000000008f400000|100%| O|  |TAMS 0x000000008f316e00, 0x000000008f400000| Untracked 
| 244|0x000000008f400000, 0x000000008f500000, 0x000000008f500000|100%|HS|  |TAMS 0x000000008f500000, 0x000000008f500000| Complete 
| 245|0x000000008f500000, 0x000000008f600000, 0x000000008f600000|100%| O|  |TAMS 0x000000008f500000, 0x000000008f600000| Untracked 
| 246|0x000000008f600000, 0x000000008f700000, 0x000000008f700000|100%|HS|  |TAMS 0x000000008f700000, 0x000000008f700000| Complete 
| 247|0x000000008f700000, 0x000000008f800000, 0x000000008f800000|100%|HS|  |TAMS 0x000000008f700000, 0x000000008f800000| Complete 
| 248|0x000000008f800000, 0x000000008f900000, 0x000000008f900000|100%|HS|  |TAMS 0x000000008f900000, 0x000000008f900000| Complete 
| 249|0x000000008f900000, 0x000000008fa00000, 0x000000008fa00000|100%| O|  |TAMS 0x000000008f900000, 0x000000008fa00000| Untracked 
| 250|0x000000008fa00000, 0x000000008fb00000, 0x000000008fb00000|100%| O|  |TAMS 0x000000008fa00000, 0x000000008fb00000| Untracked 
| 251|0x000000008fb00000, 0x000000008fc00000, 0x000000008fc00000|100%| O|  |TAMS 0x000000008fb00000, 0x000000008fc00000| Untracked 
| 252|0x000000008fc00000, 0x000000008fc55600, 0x000000008fd00000| 33%| O|  |TAMS 0x000000008fc00000, 0x000000008fc55600| Untracked 
| 253|0x000000008fd00000, 0x000000008fd00000, 0x000000008fe00000|  0%| F|  |TAMS 0x000000008fd00000, 0x000000008fd00000| Untracked 
| 254|0x000000008fe00000, 0x000000008fe00000, 0x000000008ff00000|  0%| F|  |TAMS 0x000000008fe00000, 0x000000008fe00000| Untracked 
| 255|0x000000008ff00000, 0x0000000090000000, 0x0000000090000000|100%| O|  |TAMS 0x000000008ff00000, 0x0000000090000000| Untracked 
| 256|0x0000000090000000, 0x0000000090100000, 0x0000000090100000|100%| O|  |TAMS 0x0000000090000000, 0x0000000090100000| Untracked 
| 257|0x0000000090100000, 0x0000000090200000, 0x0000000090200000|100%| O|  |TAMS 0x0000000090100000, 0x0000000090200000| Untracked 
| 258|0x0000000090200000, 0x0000000090300000, 0x0000000090300000|100%| O|  |TAMS 0x0000000090200000, 0x0000000090300000| Untracked 
| 259|0x0000000090300000, 0x0000000090300000, 0x0000000090400000|  0%| F|  |TAMS 0x0000000090300000, 0x0000000090300000| Untracked 
| 260|0x0000000090400000, 0x0000000090400000, 0x0000000090500000|  0%| F|  |TAMS 0x0000000090400000, 0x0000000090400000| Untracked 
| 261|0x0000000090500000, 0x0000000090500000, 0x0000000090600000|  0%| F|  |TAMS 0x0000000090500000, 0x0000000090500000| Untracked 
| 262|0x0000000090600000, 0x0000000090600000, 0x0000000090700000|  0%| F|  |TAMS 0x0000000090600000, 0x0000000090600000| Untracked 
| 263|0x0000000090700000, 0x0000000090700000, 0x0000000090800000|  0%| F|  |TAMS 0x0000000090700000, 0x0000000090700000| Untracked 
| 264|0x0000000090800000, 0x0000000090800000, 0x0000000090900000|  0%| F|  |TAMS 0x0000000090800000, 0x0000000090800000| Untracked 
| 265|0x0000000090900000, 0x0000000090900000, 0x0000000090a00000|  0%| F|  |TAMS 0x0000000090900000, 0x0000000090900000| Untracked 
| 266|0x0000000090a00000, 0x0000000090a00000, 0x0000000090b00000|  0%| F|  |TAMS 0x0000000090a00000, 0x0000000090a00000| Untracked 
| 267|0x0000000090b00000, 0x0000000090b00000, 0x0000000090c00000|  0%| F|  |TAMS 0x0000000090b00000, 0x0000000090b00000| Untracked 
| 268|0x0000000090c00000, 0x0000000090c00000, 0x0000000090d00000|  0%| F|  |TAMS 0x0000000090c00000, 0x0000000090c00000| Untracked 
| 269|0x0000000090d00000, 0x0000000090d00000, 0x0000000090e00000|  0%| F|  |TAMS 0x0000000090d00000, 0x0000000090d00000| Untracked 
| 270|0x0000000090e00000, 0x0000000090e00000, 0x0000000090f00000|  0%| F|  |TAMS 0x0000000090e00000, 0x0000000090e00000| Untracked 
| 271|0x0000000090f00000, 0x0000000091000000, 0x0000000091000000|100%| O|  |TAMS 0x0000000091000000, 0x0000000091000000| Untracked 
| 272|0x0000000091000000, 0x0000000091100000, 0x0000000091100000|100%| O|  |TAMS 0x0000000091100000, 0x0000000091100000| Untracked 
| 273|0x0000000091100000, 0x0000000091200000, 0x0000000091200000|100%| O|  |TAMS 0x0000000091200000, 0x0000000091200000| Untracked 
| 274|0x0000000091200000, 0x0000000091200000, 0x0000000091300000|  0%| F|  |TAMS 0x0000000091200000, 0x0000000091200000| Untracked 
| 275|0x0000000091300000, 0x0000000091300000, 0x0000000091400000|  0%| F|  |TAMS 0x0000000091300000, 0x0000000091300000| Untracked 
| 276|0x0000000091400000, 0x0000000091400000, 0x0000000091500000|  0%| F|  |TAMS 0x0000000091400000, 0x0000000091400000| Untracked 
| 277|0x0000000091500000, 0x0000000091500000, 0x0000000091600000|  0%| F|  |TAMS 0x0000000091500000, 0x0000000091500000| Untracked 
| 278|0x0000000091600000, 0x0000000091600000, 0x0000000091700000|  0%| F|  |TAMS 0x0000000091600000, 0x0000000091600000| Untracked 
| 279|0x0000000091700000, 0x0000000091700000, 0x0000000091800000|  0%| F|  |TAMS 0x0000000091700000, 0x0000000091700000| Untracked 
| 280|0x0000000091800000, 0x0000000091800000, 0x0000000091900000|  0%| F|  |TAMS 0x0000000091800000, 0x0000000091800000| Untracked 
| 281|0x0000000091900000, 0x0000000091900000, 0x0000000091a00000|  0%| F|  |TAMS 0x0000000091900000, 0x0000000091900000| Untracked 
| 282|0x0000000091a00000, 0x0000000091a00000, 0x0000000091b00000|  0%| F|  |TAMS 0x0000000091a00000, 0x0000000091a00000| Untracked 
| 283|0x0000000091b00000, 0x0000000091b00000, 0x0000000091c00000|  0%| F|  |TAMS 0x0000000091b00000, 0x0000000091b00000| Untracked 
| 284|0x0000000091c00000, 0x0000000091c00000, 0x0000000091d00000|  0%| F|  |TAMS 0x0000000091c00000, 0x0000000091c00000| Untracked 
| 285|0x0000000091d00000, 0x0000000091d00000, 0x0000000091e00000|  0%| F|  |TAMS 0x0000000091d00000, 0x0000000091d00000| Untracked 
| 286|0x0000000091e00000, 0x0000000091e00000, 0x0000000091f00000|  0%| F|  |TAMS 0x0000000091e00000, 0x0000000091e00000| Untracked 
| 287|0x0000000091f00000, 0x0000000091f00000, 0x0000000092000000|  0%| F|  |TAMS 0x0000000091f00000, 0x0000000091f00000| Untracked 
| 288|0x0000000092000000, 0x0000000092000000, 0x0000000092100000|  0%| F|  |TAMS 0x0000000092000000, 0x0000000092000000| Untracked 
| 289|0x0000000092100000, 0x0000000092100000, 0x0000000092200000|  0%| F|  |TAMS 0x0000000092100000, 0x0000000092100000| Untracked 
| 290|0x0000000092200000, 0x0000000092200000, 0x0000000092300000|  0%| F|  |TAMS 0x0000000092200000, 0x0000000092200000| Untracked 
| 291|0x0000000092300000, 0x0000000092300000, 0x0000000092400000|  0%| F|  |TAMS 0x0000000092300000, 0x0000000092300000| Untracked 
| 292|0x0000000092400000, 0x0000000092400000, 0x0000000092500000|  0%| F|  |TAMS 0x0000000092400000, 0x0000000092400000| Untracked 
| 293|0x0000000092500000, 0x0000000092500000, 0x0000000092600000|  0%| F|  |TAMS 0x0000000092500000, 0x0000000092500000| Untracked 
| 294|0x0000000092600000, 0x0000000092600000, 0x0000000092700000|  0%| F|  |TAMS 0x0000000092600000, 0x0000000092600000| Untracked 
| 295|0x0000000092700000, 0x0000000092700000, 0x0000000092800000|  0%| F|  |TAMS 0x0000000092700000, 0x0000000092700000| Untracked 
| 296|0x0000000092800000, 0x0000000092800000, 0x0000000092900000|  0%| F|  |TAMS 0x0000000092800000, 0x0000000092800000| Untracked 
| 297|0x0000000092900000, 0x0000000092900000, 0x0000000092a00000|  0%| F|  |TAMS 0x0000000092900000, 0x0000000092900000| Untracked 
| 298|0x0000000092a00000, 0x0000000092a00000, 0x0000000092b00000|  0%| F|  |TAMS 0x0000000092a00000, 0x0000000092a00000| Untracked 
| 299|0x0000000092b00000, 0x0000000092b00000, 0x0000000092c00000|  0%| F|  |TAMS 0x0000000092b00000, 0x0000000092b00000| Untracked 
| 300|0x0000000092c00000, 0x0000000092c00000, 0x0000000092d00000|  0%| F|  |TAMS 0x0000000092c00000, 0x0000000092c00000| Untracked 
| 301|0x0000000092d00000, 0x0000000092d00000, 0x0000000092e00000|  0%| F|  |TAMS 0x0000000092d00000, 0x0000000092d00000| Untracked 
| 302|0x0000000092e00000, 0x0000000092e00000, 0x0000000092f00000|  0%| F|  |TAMS 0x0000000092e00000, 0x0000000092e00000| Untracked 
| 303|0x0000000092f00000, 0x0000000092f00000, 0x0000000093000000|  0%| F|  |TAMS 0x0000000092f00000, 0x0000000092f00000| Untracked 
| 304|0x0000000093000000, 0x0000000093000000, 0x0000000093100000|  0%| F|  |TAMS 0x0000000093000000, 0x0000000093000000| Untracked 
| 305|0x0000000093100000, 0x0000000093100000, 0x0000000093200000|  0%| F|  |TAMS 0x0000000093100000, 0x0000000093100000| Untracked 
| 306|0x0000000093200000, 0x0000000093200000, 0x0000000093300000|  0%| F|  |TAMS 0x0000000093200000, 0x0000000093200000| Untracked 
| 307|0x0000000093300000, 0x0000000093300000, 0x0000000093400000|  0%| F|  |TAMS 0x0000000093300000, 0x0000000093300000| Untracked 
| 308|0x0000000093400000, 0x0000000093400000, 0x0000000093500000|  0%| F|  |TAMS 0x0000000093400000, 0x0000000093400000| Untracked 
| 309|0x0000000093500000, 0x0000000093500000, 0x0000000093600000|  0%| F|  |TAMS 0x0000000093500000, 0x0000000093500000| Untracked 
| 310|0x0000000093600000, 0x0000000093600000, 0x0000000093700000|  0%| F|  |TAMS 0x0000000093600000, 0x0000000093600000| Untracked 
| 311|0x0000000093700000, 0x0000000093700000, 0x0000000093800000|  0%| F|  |TAMS 0x0000000093700000, 0x0000000093700000| Untracked 
| 312|0x0000000093800000, 0x0000000093800000, 0x0000000093900000|  0%| F|  |TAMS 0x0000000093800000, 0x0000000093800000| Untracked 
| 313|0x0000000093900000, 0x0000000093a00000, 0x0000000093a00000|100%| S|CS|TAMS 0x0000000093900000, 0x0000000093900000| Complete 
| 314|0x0000000093a00000, 0x0000000093b00000, 0x0000000093b00000|100%| S|CS|TAMS 0x0000000093a00000, 0x0000000093a00000| Complete 
| 315|0x0000000093b00000, 0x0000000093c00000, 0x0000000093c00000|100%| S|CS|TAMS 0x0000000093b00000, 0x0000000093b00000| Complete 
| 316|0x0000000093c00000, 0x0000000093c00000, 0x0000000093d00000|  0%| F|  |TAMS 0x0000000093c00000, 0x0000000093c00000| Untracked 
| 317|0x0000000093d00000, 0x0000000093d00000, 0x0000000093e00000|  0%| F|  |TAMS 0x0000000093d00000, 0x0000000093d00000| Untracked 
| 318|0x0000000093e00000, 0x0000000093e00000, 0x0000000093f00000|  0%| F|  |TAMS 0x0000000093e00000, 0x0000000093e00000| Untracked 
| 319|0x0000000093f00000, 0x0000000093f00000, 0x0000000094000000|  0%| F|  |TAMS 0x0000000093f00000, 0x0000000093f00000| Untracked 
| 320|0x0000000094000000, 0x0000000094000000, 0x0000000094100000|  0%| F|  |TAMS 0x0000000094000000, 0x0000000094000000| Untracked 
| 321|0x0000000094100000, 0x0000000094100000, 0x0000000094200000|  0%| F|  |TAMS 0x0000000094100000, 0x0000000094100000| Untracked 
| 322|0x0000000094200000, 0x0000000094200000, 0x0000000094300000|  0%| F|  |TAMS 0x0000000094200000, 0x0000000094200000| Untracked 
| 323|0x0000000094300000, 0x0000000094300000, 0x0000000094400000|  0%| F|  |TAMS 0x0000000094300000, 0x0000000094300000| Untracked 
| 324|0x0000000094400000, 0x0000000094400000, 0x0000000094500000|  0%| F|  |TAMS 0x0000000094400000, 0x0000000094400000| Untracked 
| 325|0x0000000094500000, 0x0000000094500000, 0x0000000094600000|  0%| F|  |TAMS 0x0000000094500000, 0x0000000094500000| Untracked 
| 326|0x0000000094600000, 0x0000000094600000, 0x0000000094700000|  0%| F|  |TAMS 0x0000000094600000, 0x0000000094600000| Untracked 
| 327|0x0000000094700000, 0x0000000094700000, 0x0000000094800000|  0%| F|  |TAMS 0x0000000094700000, 0x0000000094700000| Untracked 
| 328|0x0000000094800000, 0x0000000094800000, 0x0000000094900000|  0%| F|  |TAMS 0x0000000094800000, 0x0000000094800000| Untracked 

Card table byte_map: [0x00000236eb1b0000,0x00000236eb5b0000] _byte_map_base: 0x00000236eadb0000

Marking Bits (Prev, Next): (CMBitMap*) 0x00000236d60c3858, (CMBitMap*) 0x00000236d60c3890
 Prev Bits: [0x00000236eb9b0000, 0x00000236ed9b0000)
 Next Bits: [0x00000236ed9b0000, 0x00000236ef9b0000)

Polling page: 0x00000236d7910000

Metaspace:

Usage:
  Non-class:     84.61 MB capacity,    83.18 MB ( 98%) used,     1.16 MB (  1%) free+waste,   265.63 KB ( <1%) overhead. 
      Class:     12.99 MB capacity,    12.15 MB ( 93%) used,   750.95 KB (  6%) free+waste,   117.88 KB ( <1%) overhead. 
       Both:     97.60 MB capacity,    95.33 MB ( 98%) used,     1.90 MB (  2%) free+waste,   383.50 KB ( <1%) overhead. 

Virtual space:
  Non-class space:       86.00 MB reserved,      84.70 MB ( 98%) committed 
      Class space:        1.00 GB reserved,      13.13 MB (  1%) committed 
             Both:        1.08 GB reserved,      97.82 MB (  9%) committed 

Chunk freelists:
   Non-Class:  32.00 KB
       Class:  38.00 KB
        Both:  70.00 KB

MaxMetaspaceSize: 17179869184.00 GB
CompressedClassSpaceSize: 1.00 GB

CodeHeap 'non-profiled nmethods': size=120000Kb used=4811Kb max_used=4811Kb free=115188Kb
 bounds [0x00000236e2e10000, 0x00000236e32d0000, 0x00000236ea340000]
CodeHeap 'profiled nmethods': size=120000Kb used=23148Kb max_used=23148Kb free=96852Kb
 bounds [0x00000236db8e0000, 0x00000236dcf80000, 0x00000236e2e10000]
CodeHeap 'non-nmethods': size=5760Kb used=2309Kb max_used=2361Kb free=3450Kb
 bounds [0x00000236db340000, 0x00000236db5b0000, 0x00000236db8e0000]
 total_blobs=13104 nmethods=12190 adapters=823
 compilation: enabled
              stopped_count=0, restarted_count=0
 full_count=0

Compilation events (20 events):
Event: 24.168 Thread 0x00000236f24a1000 12667       3       java.lang.Long::parseLong (267 bytes)
Event: 24.174 Thread 0x00000236f24a1000 nmethod 12667 0x00000236dcf6ec10 code [0x00000236dcf6f340, 0x00000236dcf72a68]
Event: 24.179 Thread 0x00000236f24a1000 12668 %     3       com.android.tools.r8.internal.fu::a @ 77 (185 bytes)
Event: 24.181 Thread 0x00000236f24a1000 nmethod 12668% 0x00000236dcf73f10 code [0x00000236dcf741a0, 0x00000236dcf74d08]
Event: 24.182 Thread 0x00000236f24a1000 12669       3       com.android.tools.r8.internal.fu::a (185 bytes)
Event: 24.183 Thread 0x00000236f24a1000 nmethod 12669 0x00000236dcf75190 code [0x00000236dcf75400, 0x00000236dcf75e08]
Event: 24.400 Thread 0x00000236f24a1000 12673 %     3       jdk.internal.util.ArraysSupport::mismatch @ 49 (73 bytes)
Event: 24.401 Thread 0x00000236f24a1000 nmethod 12673% 0x00000236dcf76190 code [0x00000236dcf76380, 0x00000236dcf767b8]
Event: 24.404 Thread 0x00000236f24a1000 12674       3       jdk.internal.util.ArraysSupport::mismatch (73 bytes)
Event: 24.404 Thread 0x00000236f24a1000 nmethod 12674 0x00000236dcf76990 code [0x00000236dcf76b60, 0x00000236dcf76f38]
Event: 24.476 Thread 0x00000236f24a1000 12676 %     3       com.android.tools.r8.dex.j::l @ 15 (52 bytes)
Event: 24.477 Thread 0x00000236f24a1000 nmethod 12676% 0x00000236dcf77110 code [0x00000236dcf77360, 0x00000236dcf77da8]
Event: 24.500 Thread 0x00000236f24a1000 12677       2       com.android.tools.r8.internal.ve::a (73 bytes)
Event: 24.502 Thread 0x00000236f24a1000 nmethod 12677 0x00000236dcf78210 code [0x00000236dcf784a0, 0x00000236dcf789b8]
Event: 24.502 Thread 0x00000236f24a1000 12678       2       com.android.tools.r8.graph.Q::g (62 bytes)
Event: 24.503 Thread 0x00000236f24a1000 nmethod 12678 0x00000236dcf78d10 code [0x00000236dcf78f00, 0x00000236dcf792e8]
Event: 24.664 Thread 0x00000236f24a1000 12679 %     3       java.lang.Iterable::forEach @ 12 (39 bytes)
Event: 24.665 Thread 0x00000236f24a1000 nmethod 12679% 0x00000236dcf79590 code [0x00000236dcf797a0, 0x00000236dcf79e08]
Event: 24.676 Thread 0x00000236f24a1000 12680       3       com.android.tools.r8.dex.j::l (52 bytes)
Event: 24.677 Thread 0x00000236f24a1000 nmethod 12680 0x00000236dcf7a010 code [0x00000236dcf7a260, 0x00000236dcf7ac08]

GC Heap History (20 events):
Event: 23.017 GC heap after
{Heap after GC invocations=30 (full 0):
 garbage-first heap   total 270336K, used 173809K [0x0000000080000000, 0x0000000100000000)
  region size 1024K, 4 young (4096K), 4 survivors (4096K)
 Metaspace       used 96473K, capacity 98718K, committed 99020K, reserved 1134592K
  class space    used 12323K, capacity 13171K, committed 13312K, reserved 1048576K
}
Event: 23.091 GC heap before
{Heap before GC invocations=30 (full 0):
 garbage-first heap   total 270336K, used 268017K [0x0000000080000000, 0x0000000100000000)
  region size 1024K, 19 young (19456K), 4 survivors (4096K)
 Metaspace       used 96548K, capacity 98852K, committed 99276K, reserved 1134592K
  class space    used 12327K, capacity 13172K, committed 13312K, reserved 1048576K
}
Event: 23.102 GC heap after
{Heap after GC invocations=31 (full 0):
 garbage-first heap   total 280576K, used 220940K [0x0000000080000000, 0x0000000100000000)
  region size 1024K, 7 young (7168K), 7 survivors (7168K)
 Metaspace       used 96548K, capacity 98852K, committed 99276K, reserved 1134592K
  class space    used 12327K, capacity 13172K, committed 13312K, reserved 1048576K
}
Event: 23.432 GC heap before
{Heap before GC invocations=32 (full 0):
 garbage-first heap   total 280576K, used 254732K [0x0000000080000000, 0x0000000100000000)
  region size 1024K, 25 young (25600K), 7 survivors (7168K)
 Metaspace       used 96879K, capacity 99201K, committed 99532K, reserved 1136640K
  class space    used 12359K, capacity 13243K, committed 13312K, reserved 1048576K
}
Event: 23.444 GC heap after
{Heap after GC invocations=33 (full 0):
 garbage-first heap   total 280576K, used 237098K [0x0000000080000000, 0x0000000100000000)
  region size 1024K, 4 young (4096K), 4 survivors (4096K)
 Metaspace       used 96879K, capacity 99201K, committed 99532K, reserved 1136640K
  class space    used 12359K, capacity 13243K, committed 13312K, reserved 1048576K
}
Event: 23.511 GC heap before
{Heap before GC invocations=33 (full 0):
 garbage-first heap   total 280576K, used 246314K [0x0000000080000000, 0x0000000100000000)
  region size 1024K, 13 young (13312K), 4 survivors (4096K)
 Metaspace       used 96944K, capacity 99270K, committed 99532K, reserved 1136640K
  class space    used 12361K, capacity 13243K, committed 13312K, reserved 1048576K
}
Event: 23.519 GC heap after
{Heap after GC invocations=34 (full 0):
 garbage-first heap   total 280576K, used 239090K [0x0000000080000000, 0x0000000100000000)
  region size 1024K, 2 young (2048K), 2 survivors (2048K)
 Metaspace       used 96944K, capacity 99270K, committed 99532K, reserved 1136640K
  class space    used 12361K, capacity 13243K, committed 13312K, reserved 1048576K
}
Event: 23.607 GC heap before
{Heap before GC invocations=34 (full 0):
 garbage-first heap   total 280576K, used 250354K [0x0000000080000000, 0x0000000100000000)
  region size 1024K, 13 young (13312K), 2 survivors (2048K)
 Metaspace       used 97127K, capacity 99419K, committed 99532K, reserved 1136640K
  class space    used 12376K, capacity 13257K, committed 13312K, reserved 1048576K
}
Event: 23.619 GC heap after
{Heap after GC invocations=35 (full 0):
 garbage-first heap   total 280576K, used 242243K [0x0000000080000000, 0x0000000100000000)
  region size 1024K, 2 young (2048K), 2 survivors (2048K)
 Metaspace       used 97127K, capacity 99419K, committed 99532K, reserved 1136640K
  class space    used 12376K, capacity 13257K, committed 13312K, reserved 1048576K
}
Event: 23.749 GC heap before
{Heap before GC invocations=35 (full 0):
 garbage-first heap   total 280576K, used 253507K [0x0000000080000000, 0x0000000100000000)
  region size 1024K, 13 young (13312K), 2 survivors (2048K)
 Metaspace       used 97492K, capacity 99800K, committed 100172K, reserved 1136640K
  class space    used 12423K, capacity 13301K, committed 13440K, reserved 1048576K
}
Event: 23.760 GC heap after
{Heap after GC invocations=36 (full 0):
 garbage-first heap   total 280576K, used 247421K [0x0000000080000000, 0x0000000100000000)
  region size 1024K, 2 young (2048K), 2 survivors (2048K)
 Metaspace       used 97492K, capacity 99800K, committed 100172K, reserved 1136640K
  class space    used 12423K, capacity 13301K, committed 13440K, reserved 1048576K
}
Event: 23.937 GC heap before
{Heap before GC invocations=37 (full 0):
 garbage-first heap   total 280576K, used 258685K [0x0000000080000000, 0x0000000100000000)
  region size 1024K, 13 young (13312K), 2 survivors (2048K)
 Metaspace       used 97554K, capacity 99928K, committed 100172K, reserved 1136640K
  class space    used 12428K, capacity 13301K, committed 13440K, reserved 1048576K
}
Event: 23.947 GC heap after
{Heap after GC invocations=38 (full 0):
 garbage-first heap   total 336896K, used 250448K [0x0000000080000000, 0x0000000100000000)
  region size 1024K, 2 young (2048K), 2 survivors (2048K)
 Metaspace       used 97554K, capacity 99928K, committed 100172K, reserved 1136640K
  class space    used 12428K, capacity 13301K, committed 13440K, reserved 1048576K
}
Event: 24.091 GC heap before
{Heap before GC invocations=38 (full 0):
 garbage-first heap   total 336896K, used 264784K [0x0000000080000000, 0x0000000100000000)
  region size 1024K, 16 young (16384K), 2 survivors (2048K)
 Metaspace       used 97612K, capacity 99942K, committed 100172K, reserved 1136640K
  class space    used 12437K, capacity 13306K, committed 13440K, reserved 1048576K
}
Event: 24.099 GC heap after
{Heap after GC invocations=39 (full 0):
 garbage-first heap   total 336896K, used 254667K [0x0000000080000000, 0x0000000100000000)
  region size 1024K, 2 young (2048K), 2 survivors (2048K)
 Metaspace       used 97612K, capacity 99942K, committed 100172K, reserved 1136640K
  class space    used 12437K, capacity 13306K, committed 13440K, reserved 1048576K
}
Event: 24.111 GC heap before
{Heap before GC invocations=39 (full 0):
 garbage-first heap   total 336896K, used 254667K [0x0000000080000000, 0x0000000100000000)
  region size 1024K, 3 young (3072K), 2 survivors (2048K)
 Metaspace       used 97612K, capacity 99942K, committed 100172K, reserved 1136640K
  class space    used 12437K, capacity 13306K, committed 13440K, reserved 1048576K
}
Event: 24.116 GC heap after
{Heap after GC invocations=40 (full 0):
 garbage-first heap   total 336896K, used 255678K [0x0000000080000000, 0x0000000100000000)
  region size 1024K, 1 young (1024K), 1 survivors (1024K)
 Metaspace       used 97612K, capacity 99942K, committed 100172K, reserved 1136640K
  class space    used 12437K, capacity 13306K, committed 13440K, reserved 1048576K
}
Event: 24.437 GC heap before
{Heap before GC invocations=40 (full 0):
 garbage-first heap   total 336896K, used 281278K [0x0000000080000000, 0x0000000100000000)
  region size 1024K, 18 young (18432K), 1 survivors (1024K)
 Metaspace       used 97613K, capacity 99942K, committed 100172K, reserved 1136640K
  class space    used 12437K, capacity 13306K, committed 13440K, reserved 1048576K
}
Event: 24.455 GC heap after
{Heap after GC invocations=41 (full 0):
 garbage-first heap   total 336896K, used 263662K [0x0000000080000000, 0x0000000100000000)
  region size 1024K, 3 young (3072K), 3 survivors (3072K)
 Metaspace       used 97613K, capacity 99942K, committed 100172K, reserved 1136640K
  class space    used 12437K, capacity 13306K, committed 13440K, reserved 1048576K
}
Event: 24.692 GC heap before
{Heap before GC invocations=42 (full 0):
 garbage-first heap   total 336896K, used 275950K [0x0000000080000000, 0x0000000100000000)
  region size 1024K, 16 young (16384K), 3 survivors (3072K)
 Metaspace       used 97614K, capacity 99942K, committed 100172K, reserved 1136640K
  class space    used 12437K, capacity 13306K, committed 13440K, reserved 1048576K
}

Deoptimization events (20 events):
Event: 24.185 Thread 0x00000236f6fce800 DEOPT PACKING pc=0x00000236dcf1089e sp=0x0000009d749fcde0
Event: 24.185 Thread 0x00000236f6fce800 DEOPT UNPACKING pc=0x00000236db3676ce sp=0x0000009d749fc3d0 mode 0
Event: 24.187 Thread 0x00000236f6fce800 DEOPT PACKING pc=0x00000236dc9e8a55 sp=0x0000009d749fceb0
Event: 24.187 Thread 0x00000236f6fce800 DEOPT UNPACKING pc=0x00000236db3676ce sp=0x0000009d749fc3d0 mode 0
Event: 24.192 Thread 0x00000236f6fce800 DEOPT PACKING pc=0x00000236dc9e8a76 sp=0x0000009d749fcec0
Event: 24.192 Thread 0x00000236f6fce800 DEOPT UNPACKING pc=0x00000236db3676ce sp=0x0000009d749fc3e0 mode 0
Event: 24.281 Thread 0x00000236f6fce800 DEOPT PACKING pc=0x00000236dc9e8a76 sp=0x0000009d749fcec0
Event: 24.281 Thread 0x00000236f6fce800 DEOPT UNPACKING pc=0x00000236db3676ce sp=0x0000009d749fc3e0 mode 0
Event: 24.282 Thread 0x00000236f6fce800 DEOPT PACKING pc=0x00000236dcf1089e sp=0x0000009d749fcdf0
Event: 24.282 Thread 0x00000236f6fce800 DEOPT UNPACKING pc=0x00000236db3676ce sp=0x0000009d749fc3e0 mode 0
Event: 24.291 Thread 0x00000236f6fce800 DEOPT PACKING pc=0x00000236dc9e8a55 sp=0x0000009d749fcec0
Event: 24.291 Thread 0x00000236f6fce800 DEOPT UNPACKING pc=0x00000236db3676ce sp=0x0000009d749fc3e0 mode 0
Event: 24.306 Thread 0x00000236f6fce800 DEOPT PACKING pc=0x00000236dc9e8a55 sp=0x0000009d749fcec0
Event: 24.306 Thread 0x00000236f6fce800 DEOPT UNPACKING pc=0x00000236db3676ce sp=0x0000009d749fc3e0 mode 0
Event: 24.325 Thread 0x00000236f6fce800 DEOPT PACKING pc=0x00000236dc9e8a55 sp=0x0000009d749fcec0
Event: 24.325 Thread 0x00000236f6fce800 DEOPT UNPACKING pc=0x00000236db3676ce sp=0x0000009d749fc3e0 mode 0
Event: 24.360 Thread 0x00000236f6fce800 DEOPT PACKING pc=0x00000236dc9e8a76 sp=0x0000009d749fceb0
Event: 24.360 Thread 0x00000236f6fce800 DEOPT UNPACKING pc=0x00000236db3676ce sp=0x0000009d749fc3d0 mode 0
Event: 24.675 Thread 0x00000236f6fce800 DEOPT PACKING pc=0x00000236dc9e8a55 sp=0x0000009d749fcec0
Event: 24.675 Thread 0x00000236f6fce800 DEOPT UNPACKING pc=0x00000236db3676ce sp=0x0000009d749fc3e0 mode 0

Classes redefined (0 events):
No events

Internal exceptions (20 events):
Event: 23.531 Thread 0x00000236fb39d800 Exception <a 'java/lang/NoSuchMethodError'{0x0000000090c303d0}: <clinit>> (0x0000000090c303d0) thrown at [./src/hotspot/share/prims/jni.cpp, line 1362]
Event: 23.532 Thread 0x00000236fb39d800 Exception <a 'java/lang/NoSuchMethodError'{0x0000000090c31708}: <clinit>> (0x0000000090c31708) thrown at [./src/hotspot/share/prims/jni.cpp, line 1362]
Event: 23.532 Thread 0x00000236fb39d800 Exception <a 'java/lang/NoSuchMethodError'{0x0000000090c33e58}: <clinit>> (0x0000000090c33e58) thrown at [./src/hotspot/share/prims/jni.cpp, line 1362]
Event: 23.535 Thread 0x00000236fb39d800 Exception <a 'java/lang/NoSuchMethodError'{0x0000000090ca1d28}: <clinit>> (0x0000000090ca1d28) thrown at [./src/hotspot/share/prims/jni.cpp, line 1362]
Event: 23.535 Thread 0x00000236fb39d800 Exception <a 'java/lang/NoSuchMethodError'{0x0000000090ca3208}: <clinit>> (0x0000000090ca3208) thrown at [./src/hotspot/share/prims/jni.cpp, line 1362]
Event: 23.549 Thread 0x00000236fb39d800 Exception <a 'sun/nio/fs/WindowsException'{0x0000000090a3ef00}> (0x0000000090a3ef00) thrown at [./src/hotspot/share/prims/jni.cpp, line 615]
Event: 23.549 Thread 0x00000236fb39d800 Exception <a 'sun/nio/fs/WindowsException'{0x0000000090a3fdc0}> (0x0000000090a3fdc0) thrown at [./src/hotspot/share/prims/jni.cpp, line 615]
Event: 23.550 Thread 0x00000236fb39d800 Exception <a 'sun/nio/fs/WindowsException'{0x0000000090a401e8}> (0x0000000090a401e8) thrown at [./src/hotspot/share/prims/jni.cpp, line 615]
Event: 23.550 Thread 0x00000236fb39d800 Exception <a 'sun/nio/fs/WindowsException'{0x0000000090a410a0}> (0x0000000090a410a0) thrown at [./src/hotspot/share/prims/jni.cpp, line 615]
Event: 23.550 Thread 0x00000236fb39d800 Exception <a 'sun/nio/fs/WindowsException'{0x0000000090a41388}> (0x0000000090a41388) thrown at [./src/hotspot/share/prims/jni.cpp, line 615]
Event: 23.550 Thread 0x00000236fb39d800 Exception <a 'sun/nio/fs/WindowsException'{0x0000000090a42210}> (0x0000000090a42210) thrown at [./src/hotspot/share/prims/jni.cpp, line 615]
Event: 23.569 Thread 0x00000236fb39d800 Exception <a 'java/lang/NoSuchMethodError'{0x0000000090721df8}: <clinit>> (0x0000000090721df8) thrown at [./src/hotspot/share/prims/jni.cpp, line 1362]
Event: 23.574 Thread 0x00000236fb39d800 Exception <a 'java/lang/NoSuchMethodError'{0x00000000907ba908}: <clinit>> (0x00000000907ba908) thrown at [./src/hotspot/share/prims/jni.cpp, line 1362]
Event: 23.576 Thread 0x00000236fb39d800 Exception <a 'java/lang/NoSuchMethodError'{0x00000000907e9378}: <clinit>> (0x00000000907e9378) thrown at [./src/hotspot/share/prims/jni.cpp, line 1362]
Event: 23.704 Thread 0x00000236f6fd5000 Exception <a 'java/lang/NoSuchMethodError'{0x0000000090772ef8}: 'void java.lang.invoke.DirectMethodHandle$Holder.invokeStatic(java.lang.Object, long)'> (0x0000000090772ef8) thrown at [./src/hotspot/share/interpreter/linkResolver.cpp, line 773]
Event: 23.704 Thread 0x00000236f6fd5000 Exception <a 'java/lang/NoSuchMethodError'{0x0000000090694208}: 'java.lang.Object java.lang.invoke.DirectMethodHandle$Holder.invokeStatic(java.lang.Object, long)'> (0x0000000090694208) thrown at [./src/hotspot/share/interpreter/linkResolver.cpp, line 773]
Event: 23.707 Thread 0x00000236f6fd5000 Exception <a 'java/lang/NoSuchMethodError'{0x00000000906bfe68}: 'java.lang.Object java.lang.invoke.DirectMethodHandle$Holder.invokeStaticInit(java.lang.Object, java.lang.Object, long, java.lang.Object)'> (0x00000000906bfe68) thrown at [./src/hotspot/share/interpreter/linkResolver.cpp, line 773]
Event: 23.707 Thread 0x00000236f6fd5000 Exception <a 'java/lang/NoSuchMethodError'{0x00000000906c64c0}: 'java.lang.Object java.lang.invoke.DirectMethodHandle$Holder.invokeStatic(java.lang.Object, java.lang.Object, long)'> (0x00000000906c64c0) thrown at [./src/hotspot/share/interpreter/linkResolver.cpp, line 773]
Event: 23.708 Thread 0x00000236f6fd5000 Exception <a 'java/lang/NoSuchMethodError'{0x00000000906cd140}: 'java.lang.Object java.lang.invoke.Invokers$Holder.linkToTargetMethod(java.lang.Object, long, java.lang.Object)'> (0x00000000906cd140) thrown at [./src/hotspot/share/interpreter/linkResolver.cpp, line 773]
Event: 23.985 Thread 0x00000236f6fd5000 Exception <a 'java/lang/NoSuchMethodError'{0x00000000945c9a30}: 'int java.lang.invoke.DirectMethodHandle$Holder.invokeSpecialIFC(java.lang.Object, java.lang.Object, java.lang.Object)'> (0x00000000945c9a30) thrown at [./src/hotspot/share/interpreter/linkResolver.cpp, line 773]

Events (20 events):
Event: 23.979 loading class com/google/common/collect/FluentIterable$1 done
Event: 23.980 loading class com/google/common/collect/FluentIterable$3
Event: 23.980 loading class com/google/common/collect/FluentIterable$3 done
Event: 23.981 loading class com/google/common/base/Absent
Event: 23.981 loading class com/google/common/base/Absent done
Event: 23.983 loading class com/google/common/collect/AbstractIterator$State
Event: 23.983 loading class com/google/common/collect/AbstractIterator$State done
Event: 23.984 loading class com/google/common/collect/AbstractIterator$1
Event: 23.984 loading class com/google/common/collect/AbstractIterator$1 done
Event: 24.091 Executing VM operation: G1CollectForAllocation
Event: 24.099 Executing VM operation: G1CollectForAllocation done
Event: 24.111 Executing VM operation: G1CollectForAllocation
Event: 24.116 Executing VM operation: G1CollectForAllocation done
Event: 24.407 Executing VM operation: CGC_Operation
Event: 24.423 Executing VM operation: CGC_Operation done
Event: 24.437 Executing VM operation: G1CollectForAllocation
Event: 24.455 Executing VM operation: G1CollectForAllocation done
Event: 24.591 Executing VM operation: CGC_Operation
Event: 24.592 Executing VM operation: CGC_Operation done
Event: 24.692 Executing VM operation: G1CollectForAllocation


Dynamic libraries:
0x00007ff674cf0000 - 0x00007ff674cfa000 	C:\Program Files\Android\Android Studio1\jre\bin\java.exe
0x00007ffee6580000 - 0x00007ffee6789000 	C:\WINDOWS\SYSTEM32\ntdll.dll
0x00007ffee5200000 - 0x00007ffee52bd000 	C:\WINDOWS\System32\KERNEL32.DLL
0x00007ffee3c10000 - 0x00007ffee3f84000 	C:\WINDOWS\System32\KERNELBASE.dll
0x00007ffed02a0000 - 0x00007ffed02b9000 	C:\Program Files\Android\Android Studio1\jre\bin\jli.dll
0x00007ffee3a70000 - 0x00007ffee3b81000 	C:\WINDOWS\System32\ucrtbase.dll
0x00007ffee4dc0000 - 0x00007ffee4f6c000 	C:\WINDOWS\System32\USER32.dll
0x00007ffed0300000 - 0x00007ffed0317000 	C:\Program Files\Android\Android Studio1\jre\bin\VCRUNTIME140.dll
0x00007ffee40c0000 - 0x00007ffee40e6000 	C:\WINDOWS\System32\win32u.dll
0x00007ffee5920000 - 0x00007ffee5949000 	C:\WINDOWS\System32\GDI32.dll
0x00007ffee4190000 - 0x00007ffee42a2000 	C:\WINDOWS\System32\gdi32full.dll
0x00007ffee40f0000 - 0x00007ffee418d000 	C:\WINDOWS\System32\msvcp_win.dll
0x00007ffece2f0000 - 0x00007ffece595000 	C:\WINDOWS\WinSxS\amd64_microsoft.windows.common-controls_6595b64144ccf1df_6.0.22000.120_none_9d947278b86cc467\COMCTL32.dll
0x00007ffee5950000 - 0x00007ffee59f3000 	C:\WINDOWS\System32\msvcrt.dll
0x00007ffee4d80000 - 0x00007ffee4db1000 	C:\WINDOWS\System32\IMM32.DLL
0x00007ffeaca90000 - 0x00007ffeacb2d000 	C:\Program Files\Android\Android Studio1\jre\bin\msvcp140.dll
0x00007ffe973a0000 - 0x00007ffe97e6f000 	C:\Program Files\Android\Android Studio1\jre\bin\server\jvm.dll
0x00007ffee4f70000 - 0x00007ffee501e000 	C:\WINDOWS\System32\ADVAPI32.dll
0x00007ffee5160000 - 0x00007ffee51fe000 	C:\WINDOWS\System32\sechost.dll
0x00007ffee5040000 - 0x00007ffee5160000 	C:\WINDOWS\System32\RPCRT4.dll
0x00007ffee5a00000 - 0x00007ffee5a08000 	C:\WINDOWS\System32\PSAPI.DLL
0x00007ffedc4b0000 - 0x00007ffedc4e3000 	C:\WINDOWS\SYSTEM32\WINMM.dll
0x00007ffed5670000 - 0x00007ffed567a000 	C:\WINDOWS\SYSTEM32\VERSION.dll
0x00007ffec1120000 - 0x00007ffec1129000 	C:\WINDOWS\SYSTEM32\WSOCK32.dll
0x00007ffee5a10000 - 0x00007ffee5a7f000 	C:\WINDOWS\System32\WS2_32.dll
0x00007ffee2c60000 - 0x00007ffee2c78000 	C:\WINDOWS\SYSTEM32\kernel.appcore.dll
0x00007ffedc920000 - 0x00007ffedc931000 	C:\Program Files\Android\Android Studio1\jre\bin\verify.dll
0x00007ffee1070000 - 0x00007ffee1291000 	C:\WINDOWS\SYSTEM32\DBGHELP.DLL
0x00007ffec4850000 - 0x00007ffec4881000 	C:\WINDOWS\SYSTEM32\dbgcore.DLL
0x00007ffee3b90000 - 0x00007ffee3c0f000 	C:\WINDOWS\System32\bcryptPrimitives.dll
0x00007ffedc610000 - 0x00007ffedc639000 	C:\Program Files\Android\Android Studio1\jre\bin\java.dll
0x00007ffedd910000 - 0x00007ffedd91b000 	C:\Program Files\Android\Android Studio1\jre\bin\jimage.dll
0x00007ffed2de0000 - 0x00007ffed2df8000 	C:\Program Files\Android\Android Studio1\jre\bin\zip.dll
0x00007ffee5a80000 - 0x00007ffee622e000 	C:\WINDOWS\System32\SHELL32.dll
0x00007ffee1bf0000 - 0x00007ffee2458000 	C:\WINDOWS\SYSTEM32\windows.storage.dll
0x00007ffee4a00000 - 0x00007ffee4d78000 	C:\WINDOWS\System32\combase.dll
0x00007ffee1a80000 - 0x00007ffee1be6000 	C:\WINDOWS\SYSTEM32\wintypes.dll
0x00007ffee6230000 - 0x00007ffee631a000 	C:\WINDOWS\System32\SHCORE.dll
0x00007ffee53f0000 - 0x00007ffee544d000 	C:\WINDOWS\System32\shlwapi.dll
0x00007ffee39a0000 - 0x00007ffee39c1000 	C:\WINDOWS\SYSTEM32\profapi.dll
0x00007ffed0240000 - 0x00007ffed025a000 	C:\Program Files\Android\Android Studio1\jre\bin\net.dll
0x00007ffeddd60000 - 0x00007ffedde6c000 	C:\WINDOWS\SYSTEM32\WINHTTP.dll
0x00007ffee3090000 - 0x00007ffee30f7000 	C:\WINDOWS\system32\mswsock.dll
0x00007ffed00b0000 - 0x00007ffed00c4000 	C:\Program Files\Android\Android Studio1\jre\bin\nio.dll
0x00007ffed0320000 - 0x00007ffed0347000 	C:\Users\ASUS\.gradle\native\8bec1ad78214c89d9ad589b4d07fe93259594b29d510b10fafb7a158f7737e5d\windows-amd64\native-platform.dll
0x00007ffea23e0000 - 0x00007ffea251d000 	C:\Users\ASUS\.gradle\native\53dbd7edfb1c66fb8903c78663c9afc45aea4f116125fa6feffd364cf09443e8\windows-amd64\native-platform-file-events.dll
0x00007ffedc4f0000 - 0x00007ffedc4fa000 	C:\Program Files\Android\Android Studio1\jre\bin\management.dll
0x00007ffed2dd0000 - 0x00007ffed2ddc000 	C:\Program Files\Android\Android Studio1\jre\bin\management_ext.dll
0x00007ffee32d0000 - 0x00007ffee32e8000 	C:\WINDOWS\SYSTEM32\CRYPTSP.dll
0x00007ffee2bc0000 - 0x00007ffee2bf5000 	C:\WINDOWS\system32\rsaenh.dll
0x00007ffee3180000 - 0x00007ffee31a9000 	C:\WINDOWS\SYSTEM32\USERENV.dll
0x00007ffee3450000 - 0x00007ffee3477000 	C:\WINDOWS\SYSTEM32\bcrypt.dll
0x00007ffee32f0000 - 0x00007ffee32fc000 	C:\WINDOWS\SYSTEM32\CRYPTBASE.dll
0x00007ffee2790000 - 0x00007ffee27bd000 	C:\WINDOWS\SYSTEM32\IPHLPAPI.DLL
0x00007ffee52c0000 - 0x00007ffee52c9000 	C:\WINDOWS\System32\NSI.dll
0x00007ffeddf40000 - 0x00007ffeddf59000 	C:\WINDOWS\SYSTEM32\dhcpcsvc6.DLL
0x00007ffede330000 - 0x00007ffede34e000 	C:\WINDOWS\SYSTEM32\dhcpcsvc.DLL
0x00007ffee2800000 - 0x00007ffee28e7000 	C:\WINDOWS\SYSTEM32\DNSAPI.dll

dbghelp: loaded successfully - version: 4.0.5 - missing functions: none
symbol engine: initialized successfully - sym options: 0x614 - pdb path: .;C:\Program Files\Android\Android Studio1\jre\bin;C:\WINDOWS\SYSTEM32;C:\WINDOWS\WinSxS\amd64_microsoft.windows.common-controls_6595b64144ccf1df_6.0.22000.120_none_9d947278b86cc467;C:\Program Files\Android\Android Studio1\jre\bin\server;C:\Users\ASUS\.gradle\native\8bec1ad78214c89d9ad589b4d07fe93259594b29d510b10fafb7a158f7737e5d\windows-amd64;C:\Users\ASUS\.gradle\native\53dbd7edfb1c66fb8903c78663c9afc45aea4f116125fa6feffd364cf09443e8\windows-amd64

VM Arguments:
jvm_args: --add-opens=java.base/java.util=ALL-UNNAMED --add-opens=java.base/java.lang=ALL-UNNAMED --add-opens=java.base/java.lang.invoke=ALL-UNNAMED --add-opens=java.base/java.util=ALL-UNNAMED --add-opens=java.prefs/java.util.prefs=ALL-UNNAMED --add-opens=java.prefs/java.util.prefs=ALL-UNNAMED --add-opens=java.base/java.nio.charset=ALL-UNNAMED --add-opens=java.base/java.net=ALL-UNNAMED --add-opens=java.base/java.util.concurrent.atomic=ALL-UNNAMED -Xmx2048m -Dfile.encoding=UTF-8 -Duser.country=ID -Duser.language=en -Duser.variant 
java_command: org.gradle.launcher.daemon.bootstrap.GradleDaemon 7.0.2
java_class_path (initial): C:\Users\ASUS\.gradle\wrapper\dists\gradle-7.0.2-bin\857tjihv64xamwrf0h14cai3r\gradle-7.0.2\lib\gradle-launcher-7.0.2.jar
Launcher Type: SUN_STANDARD

[Global flags]
     intx CICompilerCount                          = 4                                         {product} {ergonomic}
     uint ConcGCThreads                            = 2                                         {product} {ergonomic}
     uint G1ConcRefinementThreads                  = 8                                         {product} {ergonomic}
   size_t G1HeapRegionSize                         = 1048576                                   {product} {ergonomic}
    uintx GCDrainStackTargetSize                   = 64                                        {product} {ergonomic}
   size_t InitialHeapSize                          = 132120576                                 {product} {ergonomic}
   size_t MarkStackSize                            = 4194304                                   {product} {ergonomic}
   size_t MaxHeapSize                              = 2147483648                                {product} {command line}
   size_t MaxNewSize                               = 1287651328                                {product} {ergonomic}
   size_t MinHeapDeltaBytes                        = 1048576                                   {product} {ergonomic}
    uintx NonNMethodCodeHeapSize                   = 5836300                                {pd product} {ergonomic}
    uintx NonProfiledCodeHeapSize                  = 122910970                              {pd product} {ergonomic}
    uintx ProfiledCodeHeapSize                     = 122910970                              {pd product} {ergonomic}
    uintx ReservedCodeCacheSize                    = 251658240                              {pd product} {ergonomic}
     bool SegmentedCodeCache                       = true                                      {product} {ergonomic}
     bool UseCompressedClassPointers               = true                                 {lp64_product} {ergonomic}
     bool UseCompressedOops                        = true                                 {lp64_product} {ergonomic}
     bool UseG1GC                                  = true                                      {product} {ergonomic}
     bool UseLargePagesIndividualAllocation        = false                                  {pd product} {ergonomic}

Logging:
Log output configuration:
 #0: stdout all=warning uptime,level,tags
 #1: stderr all=off uptime,level,tags

Environment Variables:
PATH=C:\Users\ASUS\platform-tools_r31.0.3-windows\platform-tools\systrace\catapult\common\bin;C:\Python310\;C:\ProgramData\Oracle\Java\javapath;C:\Program Files\Common Files\Oracle\Java\javapath;C:\Windows\system32;C:\Windows;C:\Windows\System32\Wbem;C:\Windows\System32\WindowsPowerShell\v1.0\;C:\Windows\System32\OpenSSH\;C:\Program Files (x86)\NVIDIA Corporation\PhysX\Common;C:\Program Files\NVIDIA Corporation\NVIDIA NvDLISR;C:\composer;C:\ProgramData\ComposerSetup\bin;C:\Program Files\gradle-6.9.1\bin;C:\WINDOWS\system32;C:\WINDOWS;C:\WINDOWS\System32\Wbem;C:\WINDOWS\System32\WindowsPowerShell\v1.0\;C:\WINDOWS\System32\OpenSSH\;C:\Program Files\nodejs\;C:\ProgramData\chocolatey\bin;C:\Users\ASUS\flutter\bin;C:\Program Files\Git\bin;C:\Program Files\Git\cmd;C:\Users\ASUS\AppData\Local\Android\sdk\tools\bin;C:\Users\ASUS\flutter\bin;C:\Users\ASUS\AppData\Local\Microsoft\WindowsApps;C:\Program Files\MongoDB\Server\4.4\bin;C:\xampp\php;C:\Users\ASUS\AppData\Roaming\Composer\vendor\bin;C:\Python27;C:\Program Files\gradle-6.9.1\bin;C:\Users\ASUS\AppData\Roaming\npm;C:\Users\ASUS\AppData\Local\Android\sdk\tools\bin;C:\Users\ASUS\AppData\Local\Programs\Microsoft VS Code\bin
USERNAME=ASUS
OS=Windows_NT
PROCESSOR_IDENTIFIER=Intel64 Family 6 Model 158 Stepping 10, GenuineIntel



---------------  S Y S T E M  ---------------

OS: Windows 10 , 64 bit Build 22000 (10.0.22000.434)
OS uptime: 9 days 2:19 hours

CPU:total 8 (initial active 8) (4 cores per cpu, 2 threads per core) family 6 model 158 stepping 10 microcode 0xde, cmov, cx8, fxsr, mmx, sse, sse2, sse3, ssse3, sse4.1, sse4.2, popcnt, avx, avx2, aes, clmul, erms, 3dnowpref, lzcnt, ht, tsc, tscinvbit, bmi1, bmi2, adx, fma

Memory: 4k page, system-wide physical 8047M (55M free)
TotalPageFile size 32623M (AvailPageFile size 10M)
current process WorkingSet (physical memory assigned to process): 546M, peak: 546M
current process commit charge ("private bytes"): 630M, peak: 751M

vm_info: OpenJDK 64-Bit Server VM (11.0.10+0-b96-7249189) for windows-amd64 JRE (11.0.10+0-b96-7249189), built on Mar 31 2021 21:44:00 by "builder" with MS VC++ 14.0 (VS2015)

END.
