#
# There is insufficient memory for the Java Runtime Environment to continue.
# Native memory allocation (mmap) failed to map 73400320 bytes for Failed to commit area from 0x0000000090800000 to 0x0000000094e00000 of length 73400320.
# Possible reasons:
#   The system is out of physical RAM or swap space
#   The process is running with CompressedOops enabled, and the Java Heap may be blocking the growth of the native heap
# Possible solutions:
#   Reduce memory load on the system
#   Increase physical memory or swap space
#   Check if swap backing store is full
#   Decrease Java heap size (-Xmx/-Xms)
#   Decrease number of Java threads
#   Decrease Java thread stack sizes (-Xss)
#   Set larger code cache with -XX:ReservedCodeCacheSize=
#   JVM is running with Unscaled Compressed Oops mode in which the Java heap is
#     placed in the first 4GB address space. The Java Heap base address is the
#     maximum limit for the native heap growth. Please use -XX:HeapBaseMinAddress
#     to set the Java Heap base and to place the Java Heap above 4GB virtual address.
# This output file may be truncated or incomplete.
#
#  Out of Memory Error (./src/hotspot/os/windows/os_windows.cpp:3301), pid=11344, tid=12688
#
# JRE version: OpenJDK Runtime Environment (11.0.10) (build 11.0.10+0-b96-7249189)
# Java VM: OpenJDK 64-Bit Server VM (11.0.10+0-b96-7249189, mixed mode, tiered, compressed oops, g1 gc, windows-amd64)
# No core dump will be written. Minidumps are not enabled by default on client versions of Windows
#

---------------  S U M M A R Y ------------

Command Line: --add-opens=java.base/java.util=ALL-UNNAMED --add-opens=java.base/java.lang=ALL-UNNAMED --add-opens=java.base/java.lang.invoke=ALL-UNNAMED --add-opens=java.base/java.util=ALL-UNNAMED --add-opens=java.prefs/java.util.prefs=ALL-UNNAMED --add-opens=java.prefs/java.util.prefs=ALL-UNNAMED --add-opens=java.base/java.nio.charset=ALL-UNNAMED --add-opens=java.base/java.net=ALL-UNNAMED --add-opens=java.base/java.util.concurrent.atomic=ALL-UNNAMED -Xmx2048m -Dfile.encoding=UTF-8 -Duser.country=ID -Duser.language=en -Duser.variant org.gradle.launcher.daemon.bootstrap.GradleDaemon 7.0.2

Host: Intel(R) Core(TM) i5-8300H CPU @ 2.30GHz, 8 cores, 7G,  Windows 10 , 64 bit Build 22000 (10.0.22000.434)
Time: Wed Mar 30 10:08:44 2022 SE Asia Standard Time elapsed time: 23.813917 seconds (0d 0h 0m 23s)

---------------  T H R E A D  ---------------

Current thread (0x00000196fe6fa800):  VMThread "VM Thread" [stack: 0x0000004cc4900000,0x0000004cc4a00000] [id=12688]

Stack: [0x0000004cc4900000,0x0000004cc4a00000]
[error occurred during error reporting (printing stack bounds), id 0xc0000005, EXCEPTION_ACCESS_VIOLATION (0xc0000005) at pc=0x0000019680000f2d]

Native frames: (J=compiled Java code, j=interpreted, Vv=VM code, C=native code)
V  [jvm.dll+0x5ecfaa]
V  [jvm.dll+0x722bd5]
V  [jvm.dll+0x72412d]
V  [jvm.dll+0x724745]
V  [jvm.dll+0x7246fb]
V  [jvm.dll+0x5ec348]
V  [jvm.dll+0x5ecad8]
C  [ntdll.dll+0xa86ef]
C  [ntdll.dll+0x35aea]
C  [ntdll.dll+0xa76fe]
C  0x0000019680000f2d

VM_Operation (0x0000004cc7cf8ab0): G1CollectForAllocation, mode: safepoint, requested by thread 0x0000019690a81000


---------------  P R O C E S S  ---------------

Threads class SMR info:
_java_thread_list=0x000001969b546d50, length=65, elements={
0x00000196f3297000, 0x00000196fe6fc000, 0x00000196fe709000, 0x00000196fe719000,
0x00000196fe71a000, 0x00000196fe71d800, 0x00000196fe726800, 0x00000196ff075800,
0x00000196ff079000, 0x00000196ff1cf000, 0x000001968fc18000, 0x000001968fbbc000,
0x000001968f59b000, 0x000001968f6c0800, 0x000001968fa0b800, 0x000001968fc4f000,
0x000001968fb59000, 0x00000196904e3800, 0x00000196904e4800, 0x000001968ff34800,
0x000001968ff36800, 0x000001968ff37000, 0x000001968ff35800, 0x0000019690957000,
0x0000019690957800, 0x000001969095b000, 0x000001969095b800, 0x000001969095e000,
0x0000019690958800, 0x000001969095d800, 0x000001969095c800, 0x0000019690959000,
0x0000019690960000, 0x0000019690961800, 0x0000019690960800, 0x0000019690962000,
0x0000019690963000, 0x0000019690964800, 0x0000019690964000, 0x0000019690965800,
0x0000019690a82800, 0x0000019690a85000, 0x0000019690a81000, 0x0000019690a7f800,
0x0000019690a86000, 0x0000019690a83800, 0x0000019690a80000, 0x0000019690a86800,
0x0000019690a84000, 0x0000019690a87800, 0x0000019690a8a000, 0x0000019690a8e000,
0x0000019690a8c800, 0x0000019690a88800, 0x0000019690a8b800, 0x0000019690a8a800,
0x0000019690a8d000, 0x0000019690a89000, 0x0000019690d62000, 0x0000019690d5f800,
0x0000019690d60800, 0x0000019690d61800, 0x0000019690d5f000, 0x0000019690d5e000,
0x0000019690d63000
}

Java Threads: ( => current thread )
  0x00000196f3297000 JavaThread "main" [_thread_blocked, id=11124, stack(0x0000004cc4300000,0x0000004cc4400000)]
  0x00000196fe6fc000 JavaThread "Reference Handler" daemon [_thread_blocked, id=16112, stack(0x0000004cc4a00000,0x0000004cc4b00000)]
  0x00000196fe709000 JavaThread "Finalizer" daemon [_thread_blocked, id=7572, stack(0x0000004cc4b00000,0x0000004cc4c00000)]
  0x00000196fe719000 JavaThread "Signal Dispatcher" daemon [_thread_blocked, id=8760, stack(0x0000004cc4c00000,0x0000004cc4d00000)]
  0x00000196fe71a000 JavaThread "Attach Listener" daemon [_thread_blocked, id=6436, stack(0x0000004cc4d00000,0x0000004cc4e00000)]
  0x00000196fe71d800 JavaThread "Service Thread" daemon [_thread_blocked, id=9380, stack(0x0000004cc4e00000,0x0000004cc4f00000)]
  0x00000196fe726800 JavaThread "C2 CompilerThread0" daemon [_thread_blocked, id=4948, stack(0x0000004cc4f00000,0x0000004cc5000000)]
  0x00000196ff075800 JavaThread "C1 CompilerThread0" daemon [_thread_blocked, id=12644, stack(0x0000004cc5000000,0x0000004cc5100000)]
  0x00000196ff079000 JavaThread "Sweeper thread" daemon [_thread_blocked, id=9272, stack(0x0000004cc5100000,0x0000004cc5200000)]
  0x00000196ff1cf000 JavaThread "Common-Cleaner" daemon [_thread_blocked, id=18076, stack(0x0000004cc5200000,0x0000004cc5300000)]
  0x000001968fc18000 JavaThread "Daemon health stats" [_thread_blocked, id=8592, stack(0x0000004cc5600000,0x0000004cc5700000)]
  0x000001968fbbc000 JavaThread "Incoming local TCP Connector on port 53807" [_thread_in_native, id=18116, stack(0x0000004cc5800000,0x0000004cc5900000)]
  0x000001968f59b000 JavaThread "Daemon periodic checks" [_thread_blocked, id=8372, stack(0x0000004cc5900000,0x0000004cc5a00000)]
  0x000001968f6c0800 JavaThread "Daemon" [_thread_blocked, id=1004, stack(0x0000004cc5a00000,0x0000004cc5b00000)]
  0x000001968fa0b800 JavaThread "Handler for socket connection from /127.0.0.1:53807 to /127.0.0.1:53808" [_thread_in_native, id=9740, stack(0x0000004cc5b00000,0x0000004cc5c00000)]
  0x000001968fc4f000 JavaThread "Cancel handler" [_thread_blocked, id=3272, stack(0x0000004cc5c00000,0x0000004cc5d00000)]
  0x000001968fb59000 JavaThread "Daemon worker" [_thread_blocked, id=11984, stack(0x0000004cc5d00000,0x0000004cc5e00000)]
  0x00000196904e3800 JavaThread "Asynchronous log dispatcher for DefaultDaemonConnection: socket connection from /127.0.0.1:53807 to /127.0.0.1:53808" [_thread_blocked, id=5740, stack(0x0000004cc5e00000,0x0000004cc5f00000)]
  0x00000196904e4800 JavaThread "Stdin handler" [_thread_blocked, id=12092, stack(0x0000004cc5f00000,0x0000004cc6000000)]
  0x000001968ff34800 JavaThread "Daemon client event forwarder" [_thread_blocked, id=18068, stack(0x0000004cc6000000,0x0000004cc6100000)]
  0x000001968ff36800 JavaThread "Cache worker for file hash cache (C:\Users\ASUS\.gradle\caches\7.0.2\fileHashes)" [_thread_blocked, id=15656, stack(0x0000004cc6100000,0x0000004cc6200000)]
  0x000001968ff37000 JavaThread "File lock request listener" [_thread_in_native, id=12056, stack(0x0000004cc6200000,0x0000004cc6300000)]
  0x000001968ff35800 JavaThread "Cache worker for journal cache (C:\Users\ASUS\.gradle\caches\journal-1)" [_thread_blocked, id=15236, stack(0x0000004cc6800000,0x0000004cc6900000)]
  0x0000019690957000 JavaThread "Cache worker for file hash cache (C:\Users\ASUS\AndroidStudioProjects\gigiibuhamil\.gradle\7.0.2\fileHashes)" [_thread_blocked, id=7396, stack(0x0000004cc6900000,0x0000004cc6a00000)]
  0x0000019690957800 JavaThread "File watcher server" daemon [_thread_blocked, id=16484, stack(0x0000004cc6a00000,0x0000004cc6b00000)]
  0x000001969095b000 JavaThread "File watcher consumer" daemon [_thread_blocked, id=12748, stack(0x0000004cc6b00000,0x0000004cc6c00000)]
  0x000001969095b800 JavaThread "Cache worker for checksums cache (C:\Users\ASUS\AndroidStudioProjects\gigiibuhamil\.gradle\checksums)" [_thread_blocked, id=912, stack(0x0000004cc6c00000,0x0000004cc6d00000)]
  0x000001969095e000 JavaThread "Cache worker for cache directory md-supplier (C:\Users\ASUS\.gradle\caches\7.0.2\md-supplier)" [_thread_blocked, id=8856, stack(0x0000004cc6d00000,0x0000004cc6e00000)]
  0x0000019690958800 JavaThread "Cache worker for cache directory md-rule (C:\Users\ASUS\.gradle\caches\7.0.2\md-rule)" [_thread_blocked, id=6176, stack(0x0000004cc6e00000,0x0000004cc6f00000)]
  0x000001969095d800 JavaThread "Cache worker for execution history cache (C:\Users\ASUS\.gradle\caches\7.0.2\executionHistory)" [_thread_blocked, id=12940, stack(0x0000004cc6f00000,0x0000004cc7000000)]
  0x000001969095c800 JavaThread "jar transforms" [_thread_blocked, id=10264, stack(0x0000004cc7000000,0x0000004cc7100000)]
  0x0000019690959000 JavaThread "jar transforms Thread 2" [_thread_blocked, id=14212, stack(0x0000004cc7100000,0x0000004cc7200000)]
  0x0000019690960000 JavaThread "Cache worker for file content cache (C:\Users\ASUS\.gradle\caches\7.0.2\fileContent)" [_thread_blocked, id=6932, stack(0x0000004cc7200000,0x0000004cc7300000)]
  0x0000019690961800 JavaThread "Cache worker for dependencies-accessors (C:\Users\ASUS\AndroidStudioProjects\gigiibuhamil\.gradle\7.0.2\dependencies-accessors)" [_thread_blocked, id=2284, stack(0x0000004cc7300000,0x0000004cc7400000)]
  0x0000019690960800 JavaThread "jar transforms Thread 3" [_thread_blocked, id=18260, stack(0x0000004cc7400000,0x0000004cc7500000)]
  0x0000019690962000 JavaThread "Cache worker for Build Output Cleanup Cache (C:\Users\ASUS\AndroidStudioProjects\gigiibuhamil\.gradle\buildOutputCleanup)" [_thread_blocked, id=16596, stack(0x0000004cc7500000,0x0000004cc7600000)]
  0x0000019690963000 JavaThread "Build operations" [_thread_blocked, id=2452, stack(0x0000004cc7600000,0x0000004cc7700000)]
  0x0000019690964800 JavaThread "Build operations Thread 2" [_thread_blocked, id=13460, stack(0x0000004cc7700000,0x0000004cc7800000)]
  0x0000019690964000 JavaThread "Build operations Thread 3" [_thread_blocked, id=12704, stack(0x0000004cc7800000,0x0000004cc7900000)]
  0x0000019690965800 JavaThread "Build operations Thread 4" [_thread_blocked, id=14400, stack(0x0000004cc7900000,0x0000004cc7a00000)]
  0x0000019690a82800 JavaThread "Build operations Thread 5" [_thread_blocked, id=3232, stack(0x0000004cc7a00000,0x0000004cc7b00000)]
  0x0000019690a85000 JavaThread "Build operations Thread 6" [_thread_blocked, id=2900, stack(0x0000004cc7b00000,0x0000004cc7c00000)]
  0x0000019690a81000 JavaThread "Build operations Thread 7" [_thread_blocked, id=5728, stack(0x0000004cc7c00000,0x0000004cc7d00000)]
  0x0000019690a7f800 JavaThread "Build operations Thread 8" [_thread_blocked, id=12184, stack(0x0000004cc7d00000,0x0000004cc7e00000)]
  0x0000019690a86000 JavaThread "jar transforms Thread 4" [_thread_blocked, id=12836, stack(0x0000004cc7e00000,0x0000004cc7f00000)]
  0x0000019690a83800 JavaThread "jar transforms Thread 5" [_thread_blocked, id=17716, stack(0x0000004cc7f00000,0x0000004cc8000000)]
  0x0000019690a80000 JavaThread "jar transforms Thread 6" [_thread_blocked, id=15748, stack(0x0000004cc8000000,0x0000004cc8100000)]
  0x0000019690a86800 JavaThread "jar transforms Thread 7" [_thread_blocked, id=16292, stack(0x0000004cc8100000,0x0000004cc8200000)]
  0x0000019690a84000 JavaThread "jar transforms Thread 8" [_thread_blocked, id=7216, stack(0x0000004cc8200000,0x0000004cc8300000)]
  0x0000019690a87800 JavaThread "Memory manager" [_thread_blocked, id=14960, stack(0x0000004cc8300000,0x0000004cc8400000)]
  0x0000019690a8a000 JavaThread "build event listener" [_thread_blocked, id=5748, stack(0x0000004cc8400000,0x0000004cc8500000)]
  0x0000019690a8e000 JavaThread "pool-3-thread-1" [_thread_blocked, id=11424, stack(0x0000004cc8500000,0x0000004cc8600000)]
  0x0000019690a8c800 JavaThread "build event listener" [_thread_blocked, id=13196, stack(0x0000004cc8600000,0x0000004cc8700000)]
  0x0000019690a88800 JavaThread "Execution worker for ':'" [_thread_blocked, id=6340, stack(0x0000004cc8700000,0x0000004cc8800000)]
  0x0000019690a8b800 JavaThread "Execution worker for ':' Thread 2" [_thread_blocked, id=16364, stack(0x0000004cc8800000,0x0000004cc8900000)]
  0x0000019690a8a800 JavaThread "Execution worker for ':' Thread 3" [_thread_blocked, id=9164, stack(0x0000004cc8900000,0x0000004cc8a00000)]
  0x0000019690a8d000 JavaThread "Execution worker for ':' Thread 4" [_thread_blocked, id=9728, stack(0x0000004cc8a00000,0x0000004cc8b00000)]
  0x0000019690a89000 JavaThread "Execution worker for ':' Thread 5" [_thread_blocked, id=8044, stack(0x0000004cc8b00000,0x0000004cc8c00000)]
  0x0000019690d62000 JavaThread "Execution worker for ':' Thread 6" [_thread_blocked, id=14612, stack(0x0000004cc8c00000,0x0000004cc8d00000)]
  0x0000019690d5f800 JavaThread "Execution worker for ':' Thread 7" [_thread_blocked, id=16520, stack(0x0000004cc8d00000,0x0000004cc8e00000)]
  0x0000019690d60800 JavaThread "Cache worker for execution history cache (C:\Users\ASUS\AndroidStudioProjects\gigiibuhamil\.gradle\7.0.2\executionHistory)" [_thread_blocked, id=2100, stack(0x0000004cc8e00000,0x0000004cc8f00000)]
  0x0000019690d61800 JavaThread "WorkerExecutor Queue" [_thread_blocked, id=11444, stack(0x0000004cc8f00000,0x0000004cc9000000)]
  0x0000019690d5f000 JavaThread "pool-4-thread-1" [_thread_blocked, id=12404, stack(0x0000004cc9000000,0x0000004cc9100000)]
  0x0000019690d5e000 JavaThread "stderr" [_thread_in_native, id=12384, stack(0x0000004cc9100000,0x0000004cc9200000)]
  0x0000019690d63000 JavaThread "stdout" [_thread_in_native, id=5592, stack(0x0000004cc9200000,0x0000004cc9300000)]

Other Threads:
=>0x00000196fe6fa800 VMThread "VM Thread" [stack: 0x0000004cc4900000,0x0000004cc4a00000] [id=12688]
  0x00000196ff1d4000 WatcherThread [stack: 0x0000004cc5300000,0x0000004cc5400000] [id=18148]
  0x00000196f32b1800 GCTaskThread "GC Thread#0" [stack: 0x0000004cc4400000,0x0000004cc4500000] [id=18324]
  0x000001968f3d7800 GCTaskThread "GC Thread#1" [stack: 0x0000004cc5400000,0x0000004cc5500000] [id=14728]
  0x000001968f3fd800 GCTaskThread "GC Thread#2" [stack: 0x0000004cc5500000,0x0000004cc5600000] [id=8712]
  0x000001968f928800 GCTaskThread "GC Thread#3" [stack: 0x0000004cc5700000,0x0000004cc5800000] [id=15048]
  0x00000196903a8800 GCTaskThread "GC Thread#4" [stack: 0x0000004cc6300000,0x0000004cc6400000] [id=12344]
  0x00000196903a9800 GCTaskThread "GC Thread#5" [stack: 0x0000004cc6400000,0x0000004cc6500000] [id=7820]
  0x0000019690668800 GCTaskThread "GC Thread#6" [stack: 0x0000004cc6500000,0x0000004cc6600000] [id=4172]
  0x0000019690669800 GCTaskThread "GC Thread#7" [stack: 0x0000004cc6600000,0x0000004cc6700000] [id=10468]
  0x00000196f32e4000 ConcurrentGCThread "G1 Main Marker" [stack: 0x0000004cc4500000,0x0000004cc4600000] [id=5136]
  0x00000196f32e5000 ConcurrentGCThread "G1 Conc#0" [stack: 0x0000004cc4600000,0x0000004cc4700000] [id=3064]
  0x000001968ff2c800 ConcurrentGCThread "G1 Conc#1" [stack: 0x0000004cc6700000,0x0000004cc6800000] [id=8548]
  0x00000196f336d800 ConcurrentGCThread "G1 Refine#0" [stack: 0x0000004cc4700000,0x0000004cc4800000] [id=7208]
  0x00000196fe54a800 ConcurrentGCThread "G1 Young RemSet Sampling" [stack: 0x0000004cc4800000,0x0000004cc4900000] [id=13700]

Threads with active compile tasks:
C2 CompilerThread0  23862 11270       4       java.util.zip.ZipFile$ZipFileInflaterInputStream::<init> (41 bytes)

VM state:at safepoint (normal execution)

VM Mutex/Monitor currently owned by a thread:  ([mutex/lock_event])
[0x00000196f3293ad0] Threads_lock - owner thread: 0x00000196fe6fa800
[0x00000196f3294070] Heap_lock - owner thread: 0x0000019690a81000

Heap address: 0x0000000080000000, size: 2048 MB, Compressed Oops mode: 32-bit
Narrow klass base: 0x0000000000000000, Narrow klass shift: 3
Compressed class space size: 1073741824 Address: 0x0000000100000000

Heap:
 garbage-first heap   total 342016K, used 193818K [0x0000000080000000, 0x0000000100000000)
  region size 1024K, 5 young (5120K), 5 survivors (5120K)
 Metaspace       used 101354K, capacity 103933K, committed 104448K, reserved 1138688K
  class space    used 13149K, capacity 14158K, committed 14336K, reserved 1048576K
Heap Regions: E=young(eden), S=young(survivor), O=old, HS=humongous(starts), HC=humongous(continues), CS=collection set, F=free, A=archive, TAMS=top-at-mark-start (previous, next)
|   0|0x0000000080000000, 0x0000000080100000, 0x0000000080100000|100%| O|  |TAMS 0x0000000080100000, 0x0000000080000000| Updating 
|   1|0x0000000080100000, 0x0000000080200000, 0x0000000080200000|100%| O|  |TAMS 0x0000000080200000, 0x0000000080100000| Updating 
|   2|0x0000000080200000, 0x0000000080300000, 0x0000000080300000|100%| O|  |TAMS 0x0000000080300000, 0x0000000080200000| Updating 
|   3|0x0000000080300000, 0x0000000080400000, 0x0000000080400000|100%|HS|  |TAMS 0x0000000080400000, 0x0000000080300000| Complete 
|   4|0x0000000080400000, 0x0000000080500000, 0x0000000080500000|100%|HC|  |TAMS 0x0000000080500000, 0x0000000080400000| Complete 
|   5|0x0000000080500000, 0x0000000080600000, 0x0000000080600000|100%|HC|  |TAMS 0x0000000080600000, 0x0000000080500000| Complete 
|   6|0x0000000080600000, 0x0000000080700000, 0x0000000080700000|100%| O|  |TAMS 0x0000000080700000, 0x0000000080600000| Updating 
|   7|0x0000000080700000, 0x0000000080800000, 0x0000000080800000|100%| O|  |TAMS 0x0000000080800000, 0x0000000080700000| Updating 
|   8|0x0000000080800000, 0x0000000080900000, 0x0000000080900000|100%| O|  |TAMS 0x0000000080900000, 0x0000000080800000| Updating 
|   9|0x0000000080900000, 0x0000000080a00000, 0x0000000080a00000|100%| O|  |TAMS 0x0000000080a00000, 0x0000000080900000| Updating 
|  10|0x0000000080a00000, 0x0000000080b00000, 0x0000000080b00000|100%| O|  |TAMS 0x0000000080b00000, 0x0000000080a00000| Updating 
|  11|0x0000000080b00000, 0x0000000080c00000, 0x0000000080c00000|100%| O|  |TAMS 0x0000000080c00000, 0x0000000080b00000| Updating 
|  12|0x0000000080c00000, 0x0000000080d00000, 0x0000000080d00000|100%| O|  |TAMS 0x0000000080d00000, 0x0000000080c00000| Updating 
|  13|0x0000000080d00000, 0x0000000080e00000, 0x0000000080e00000|100%| O|  |TAMS 0x0000000080e00000, 0x0000000080d00000| Updating 
|  14|0x0000000080e00000, 0x0000000080f00000, 0x0000000080f00000|100%| O|  |TAMS 0x0000000080f00000, 0x0000000080e00000| Updating 
|  15|0x0000000080f00000, 0x0000000081000000, 0x0000000081000000|100%| O|  |TAMS 0x0000000081000000, 0x0000000080f00000| Updating 
|  16|0x0000000081000000, 0x0000000081100000, 0x0000000081100000|100%|HS|  |TAMS 0x0000000081100000, 0x0000000081000000| Complete 
|  17|0x0000000081100000, 0x0000000081200000, 0x0000000081200000|100%| O|  |TAMS 0x0000000081200000, 0x0000000081100000| Updating 
|  18|0x0000000081200000, 0x0000000081300000, 0x0000000081300000|100%| O|  |TAMS 0x0000000081300000, 0x0000000081200000| Updating 
|  19|0x0000000081300000, 0x0000000081400000, 0x0000000081400000|100%| O|  |TAMS 0x0000000081400000, 0x0000000081300000| Updating 
|  20|0x0000000081400000, 0x0000000081500000, 0x0000000081500000|100%| O|  |TAMS 0x0000000081500000, 0x0000000081400000| Updating 
|  21|0x0000000081500000, 0x0000000081600000, 0x0000000081600000|100%| O|  |TAMS 0x0000000081600000, 0x0000000081500000| Updating 
|  22|0x0000000081600000, 0x0000000081700000, 0x0000000081700000|100%| O|  |TAMS 0x0000000081700000, 0x0000000081600000| Updating 
|  23|0x0000000081700000, 0x0000000081800000, 0x0000000081800000|100%|HS|  |TAMS 0x0000000081800000, 0x0000000081700000| Complete 
|  24|0x0000000081800000, 0x0000000081900000, 0x0000000081900000|100%|HS|  |TAMS 0x0000000081900000, 0x0000000081800000| Complete 
|  25|0x0000000081900000, 0x0000000081a00000, 0x0000000081a00000|100%|HS|  |TAMS 0x0000000081a00000, 0x0000000081900000| Complete 
|  26|0x0000000081a00000, 0x0000000081b00000, 0x0000000081b00000|100%|HC|  |TAMS 0x0000000081b00000, 0x0000000081a00000| Complete 
|  27|0x0000000081b00000, 0x0000000081c00000, 0x0000000081c00000|100%|HC|  |TAMS 0x0000000081c00000, 0x0000000081b00000| Complete 
|  28|0x0000000081c00000, 0x0000000081d00000, 0x0000000081d00000|100%|HS|  |TAMS 0x0000000081d00000, 0x0000000081c00000| Complete 
|  29|0x0000000081d00000, 0x0000000081e00000, 0x0000000081e00000|100%|HC|  |TAMS 0x0000000081e00000, 0x0000000081d00000| Complete 
|  30|0x0000000081e00000, 0x0000000081f00000, 0x0000000081f00000|100%| O|  |TAMS 0x0000000081f00000, 0x0000000081e00000| Updating 
|  31|0x0000000081f00000, 0x0000000082000000, 0x0000000082000000|100%| O|  |TAMS 0x0000000082000000, 0x0000000081f00000| Updating 
|  32|0x0000000082000000, 0x0000000082100000, 0x0000000082100000|100%| O|  |TAMS 0x0000000082100000, 0x0000000082000000| Updating 
|  33|0x0000000082100000, 0x0000000082200000, 0x0000000082200000|100%| O|  |TAMS 0x0000000082200000, 0x0000000082100000| Updating 
|  34|0x0000000082200000, 0x0000000082300000, 0x0000000082300000|100%| O|  |TAMS 0x0000000082300000, 0x0000000082200000| Updating 
|  35|0x0000000082300000, 0x0000000082400000, 0x0000000082400000|100%| O|  |TAMS 0x0000000082400000, 0x0000000082300000| Updating 
|  36|0x0000000082400000, 0x0000000082500000, 0x0000000082500000|100%| O|  |TAMS 0x0000000082500000, 0x0000000082400000| Updating 
|  37|0x0000000082500000, 0x0000000082600000, 0x0000000082600000|100%| O|  |TAMS 0x0000000082600000, 0x0000000082500000| Updating 
|  38|0x0000000082600000, 0x0000000082700000, 0x0000000082700000|100%| O|  |TAMS 0x0000000082700000, 0x0000000082600000| Updating 
|  39|0x0000000082700000, 0x0000000082800000, 0x0000000082800000|100%| O|  |TAMS 0x0000000082800000, 0x0000000082700000| Updating 
|  40|0x0000000082800000, 0x0000000082900000, 0x0000000082900000|100%| O|  |TAMS 0x0000000082900000, 0x0000000082800000| Updating 
|  41|0x0000000082900000, 0x0000000082a00000, 0x0000000082a00000|100%| O|  |TAMS 0x0000000082a00000, 0x0000000082900000| Updating 
|  42|0x0000000082a00000, 0x0000000082b00000, 0x0000000082b00000|100%| O|  |TAMS 0x0000000082b00000, 0x0000000082a00000| Updating 
|  43|0x0000000082b00000, 0x0000000082c00000, 0x0000000082c00000|100%| O|  |TAMS 0x0000000082c00000, 0x0000000082b00000| Updating 
|  44|0x0000000082c00000, 0x0000000082d00000, 0x0000000082d00000|100%| O|  |TAMS 0x0000000082d00000, 0x0000000082c00000| Updating 
|  45|0x0000000082d00000, 0x0000000082e00000, 0x0000000082e00000|100%| O|  |TAMS 0x0000000082e00000, 0x0000000082d00000| Updating 
|  46|0x0000000082e00000, 0x0000000082f00000, 0x0000000082f00000|100%| O|  |TAMS 0x0000000082f00000, 0x0000000082e00000| Updating 
|  47|0x0000000082f00000, 0x0000000083000000, 0x0000000083000000|100%| O|  |TAMS 0x0000000083000000, 0x0000000082f00000| Updating 
|  48|0x0000000083000000, 0x0000000083100000, 0x0000000083100000|100%| O|  |TAMS 0x0000000083100000, 0x0000000083000000| Updating 
|  49|0x0000000083100000, 0x0000000083200000, 0x0000000083200000|100%| O|  |TAMS 0x0000000083200000, 0x0000000083100000| Updating 
|  50|0x0000000083200000, 0x0000000083300000, 0x0000000083300000|100%| O|  |TAMS 0x0000000083300000, 0x0000000083200000| Updating 
|  51|0x0000000083300000, 0x0000000083400000, 0x0000000083400000|100%| O|  |TAMS 0x0000000083400000, 0x0000000083300000| Updating 
|  52|0x0000000083400000, 0x0000000083500000, 0x0000000083500000|100%| O|  |TAMS 0x0000000083500000, 0x0000000083400000| Updating 
|  53|0x0000000083500000, 0x0000000083600000, 0x0000000083600000|100%| O|  |TAMS 0x0000000083600000, 0x0000000083500000| Updating 
|  54|0x0000000083600000, 0x0000000083700000, 0x0000000083700000|100%| O|  |TAMS 0x0000000083700000, 0x0000000083600000| Updating 
|  55|0x0000000083700000, 0x0000000083800000, 0x0000000083800000|100%| O|  |TAMS 0x0000000083800000, 0x0000000083700000| Updating 
|  56|0x0000000083800000, 0x0000000083900000, 0x0000000083900000|100%| O|  |TAMS 0x0000000083900000, 0x0000000083800000| Updating 
|  57|0x0000000083900000, 0x0000000083a00000, 0x0000000083a00000|100%| O|  |TAMS 0x0000000083a00000, 0x0000000083900000| Updating 
|  58|0x0000000083a00000, 0x0000000083b00000, 0x0000000083b00000|100%| O|  |TAMS 0x0000000083b00000, 0x0000000083a00000| Updating 
|  59|0x0000000083b00000, 0x0000000083c00000, 0x0000000083c00000|100%| O|  |TAMS 0x0000000083c00000, 0x0000000083b00000| Updating 
|  60|0x0000000083c00000, 0x0000000083d00000, 0x0000000083d00000|100%| O|  |TAMS 0x0000000083d00000, 0x0000000083c00000| Updating 
|  61|0x0000000083d00000, 0x0000000083e00000, 0x0000000083e00000|100%| O|  |TAMS 0x0000000083e00000, 0x0000000083d00000| Updating 
|  62|0x0000000083e00000, 0x0000000083f00000, 0x0000000083f00000|100%| O|  |TAMS 0x0000000083f00000, 0x0000000083e00000| Updating 
|  63|0x0000000083f00000, 0x0000000084000000, 0x0000000084000000|100%| O|  |TAMS 0x0000000084000000, 0x0000000083f00000| Updating 
|  64|0x0000000084000000, 0x0000000084100000, 0x0000000084100000|100%| O|  |TAMS 0x0000000084100000, 0x0000000084000000| Updating 
|  65|0x0000000084100000, 0x0000000084200000, 0x0000000084200000|100%| O|  |TAMS 0x0000000084200000, 0x0000000084100000| Updating 
|  66|0x0000000084200000, 0x0000000084300000, 0x0000000084300000|100%| O|  |TAMS 0x0000000084300000, 0x0000000084200000| Updating 
|  67|0x0000000084300000, 0x0000000084400000, 0x0000000084400000|100%| O|  |TAMS 0x0000000084400000, 0x0000000084300000| Updating 
|  68|0x0000000084400000, 0x0000000084500000, 0x0000000084500000|100%| O|  |TAMS 0x0000000084500000, 0x0000000084400000| Updating 
|  69|0x0000000084500000, 0x0000000084600000, 0x0000000084600000|100%| O|  |TAMS 0x0000000084600000, 0x0000000084500000| Updating 
|  70|0x0000000084600000, 0x0000000084700000, 0x0000000084700000|100%| O|  |TAMS 0x0000000084700000, 0x0000000084600000| Updating 
|  71|0x0000000084700000, 0x0000000084800000, 0x0000000084800000|100%| O|  |TAMS 0x0000000084800000, 0x0000000084700000| Updating 
|  72|0x0000000084800000, 0x0000000084900000, 0x0000000084900000|100%| O|  |TAMS 0x0000000084900000, 0x0000000084800000| Updating 
|  73|0x0000000084900000, 0x0000000084a00000, 0x0000000084a00000|100%| O|  |TAMS 0x0000000084a00000, 0x0000000084900000| Updating 
|  74|0x0000000084a00000, 0x0000000084b00000, 0x0000000084b00000|100%| O|  |TAMS 0x0000000084b00000, 0x0000000084a00000| Updating 
|  75|0x0000000084b00000, 0x0000000084c00000, 0x0000000084c00000|100%| O|  |TAMS 0x0000000084c00000, 0x0000000084b00000| Updating 
|  76|0x0000000084c00000, 0x0000000084d00000, 0x0000000084d00000|100%| O|  |TAMS 0x0000000084d00000, 0x0000000084c00000| Updating 
|  77|0x0000000084d00000, 0x0000000084e00000, 0x0000000084e00000|100%| O|  |TAMS 0x0000000084e00000, 0x0000000084d00000| Updating 
|  78|0x0000000084e00000, 0x0000000084f00000, 0x0000000084f00000|100%| O|  |TAMS 0x0000000084f00000, 0x0000000084e00000| Updating 
|  79|0x0000000084f00000, 0x0000000085000000, 0x0000000085000000|100%| O|  |TAMS 0x0000000085000000, 0x0000000084f00000| Updating 
|  80|0x0000000085000000, 0x0000000085100000, 0x0000000085100000|100%| O|  |TAMS 0x0000000085100000, 0x0000000085000000| Updating 
|  81|0x0000000085100000, 0x0000000085200000, 0x0000000085200000|100%| O|  |TAMS 0x0000000085200000, 0x0000000085100000| Updating 
|  82|0x0000000085200000, 0x0000000085300000, 0x0000000085300000|100%| O|  |TAMS 0x0000000085300000, 0x0000000085200000| Updating 
|  83|0x0000000085300000, 0x0000000085400000, 0x0000000085400000|100%| O|  |TAMS 0x0000000085400000, 0x0000000085300000| Updating 
|  84|0x0000000085400000, 0x0000000085500000, 0x0000000085500000|100%| O|  |TAMS 0x0000000085500000, 0x0000000085400000| Updating 
|  85|0x0000000085500000, 0x0000000085600000, 0x0000000085600000|100%| O|  |TAMS 0x0000000085600000, 0x0000000085500000| Updating 
|  86|0x0000000085600000, 0x0000000085700000, 0x0000000085700000|100%| O|  |TAMS 0x0000000085700000, 0x0000000085600000| Updating 
|  87|0x0000000085700000, 0x0000000085800000, 0x0000000085800000|100%| O|  |TAMS 0x0000000085800000, 0x0000000085700000| Updating 
|  88|0x0000000085800000, 0x0000000085900000, 0x0000000085900000|100%| O|  |TAMS 0x0000000085900000, 0x0000000085800000| Updating 
|  89|0x0000000085900000, 0x0000000085a00000, 0x0000000085a00000|100%| O|  |TAMS 0x0000000085a00000, 0x0000000085900000| Updating 
|  90|0x0000000085a00000, 0x0000000085b00000, 0x0000000085b00000|100%| O|  |TAMS 0x0000000085b00000, 0x0000000085a00000| Updating 
|  91|0x0000000085b00000, 0x0000000085c00000, 0x0000000085c00000|100%| O|  |TAMS 0x0000000085c00000, 0x0000000085b00000| Updating 
|  92|0x0000000085c00000, 0x0000000085d00000, 0x0000000085d00000|100%| O|  |TAMS 0x0000000085d00000, 0x0000000085c00000| Updating 
|  93|0x0000000085d00000, 0x0000000085e00000, 0x0000000085e00000|100%| O|  |TAMS 0x0000000085e00000, 0x0000000085d00000| Updating 
|  94|0x0000000085e00000, 0x0000000085f00000, 0x0000000085f00000|100%|HS|  |TAMS 0x0000000085f00000, 0x0000000085e00000| Complete 
|  95|0x0000000085f00000, 0x0000000086000000, 0x0000000086000000|100%| O|  |TAMS 0x0000000086000000, 0x0000000085f00000| Updating 
|  96|0x0000000086000000, 0x0000000086100000, 0x0000000086100000|100%| O|  |TAMS 0x0000000086100000, 0x0000000086000000| Updating 
|  97|0x0000000086100000, 0x0000000086200000, 0x0000000086200000|100%| O|  |TAMS 0x0000000086200000, 0x0000000086100000| Updating 
|  98|0x0000000086200000, 0x0000000086300000, 0x0000000086300000|100%| O|  |TAMS 0x0000000086300000, 0x0000000086200000| Updating 
|  99|0x0000000086300000, 0x0000000086400000, 0x0000000086400000|100%| O|  |TAMS 0x0000000086400000, 0x0000000086300000| Updating 
| 100|0x0000000086400000, 0x0000000086500000, 0x0000000086500000|100%| O|  |TAMS 0x0000000086500000, 0x0000000086400000| Updating 
| 101|0x0000000086500000, 0x0000000086600000, 0x0000000086600000|100%| O|  |TAMS 0x0000000086600000, 0x0000000086500000| Updating 
| 102|0x0000000086600000, 0x0000000086700000, 0x0000000086700000|100%| O|  |TAMS 0x0000000086700000, 0x0000000086600000| Updating 
| 103|0x0000000086700000, 0x0000000086800000, 0x0000000086800000|100%| O|  |TAMS 0x0000000086800000, 0x0000000086700000| Updating 
| 104|0x0000000086800000, 0x0000000086900000, 0x0000000086900000|100%| O|  |TAMS 0x0000000086900000, 0x0000000086800000| Updating 
| 105|0x0000000086900000, 0x0000000086a00000, 0x0000000086a00000|100%| O|  |TAMS 0x0000000086a00000, 0x0000000086900000| Updating 
| 106|0x0000000086a00000, 0x0000000086b00000, 0x0000000086b00000|100%| O|  |TAMS 0x0000000086b00000, 0x0000000086a00000| Updating 
| 107|0x0000000086b00000, 0x0000000086c00000, 0x0000000086c00000|100%| O|  |TAMS 0x0000000086c00000, 0x0000000086b00000| Updating 
| 108|0x0000000086c00000, 0x0000000086d00000, 0x0000000086d00000|100%| O|  |TAMS 0x0000000086d00000, 0x0000000086c00000| Updating 
| 109|0x0000000086d00000, 0x0000000086e00000, 0x0000000086e00000|100%| O|  |TAMS 0x0000000086e00000, 0x0000000086d00000| Updating 
| 110|0x0000000086e00000, 0x0000000086f00000, 0x0000000086f00000|100%| O|  |TAMS 0x0000000086f00000, 0x0000000086e00000| Updating 
| 111|0x0000000086f00000, 0x0000000087000000, 0x0000000087000000|100%| O|  |TAMS 0x0000000087000000, 0x0000000086f00000| Updating 
| 112|0x0000000087000000, 0x0000000087100000, 0x0000000087100000|100%| O|  |TAMS 0x0000000087100000, 0x0000000087000000| Updating 
| 113|0x0000000087100000, 0x0000000087200000, 0x0000000087200000|100%| O|  |TAMS 0x0000000087200000, 0x0000000087100000| Updating 
| 114|0x0000000087200000, 0x0000000087300000, 0x0000000087300000|100%| O|  |TAMS 0x0000000087300000, 0x0000000087200000| Updating 
| 115|0x0000000087300000, 0x0000000087400000, 0x0000000087400000|100%| O|  |TAMS 0x0000000087400000, 0x0000000087300000| Updating 
| 116|0x0000000087400000, 0x0000000087500000, 0x0000000087500000|100%| O|  |TAMS 0x0000000087500000, 0x0000000087400000| Updating 
| 117|0x0000000087500000, 0x0000000087600000, 0x0000000087600000|100%| O|  |TAMS 0x0000000087600000, 0x0000000087500000| Updating 
| 118|0x0000000087600000, 0x0000000087700000, 0x0000000087700000|100%| O|  |TAMS 0x0000000087700000, 0x0000000087600000| Updating 
| 119|0x0000000087700000, 0x0000000087800000, 0x0000000087800000|100%| O|  |TAMS 0x0000000087800000, 0x0000000087700000| Updating 
| 120|0x0000000087800000, 0x0000000087900000, 0x0000000087900000|100%| O|  |TAMS 0x0000000087900000, 0x0000000087800000| Updating 
| 121|0x0000000087900000, 0x0000000087a00000, 0x0000000087a00000|100%| O|  |TAMS 0x0000000087a00000, 0x0000000087900000| Updating 
| 122|0x0000000087a00000, 0x0000000087b00000, 0x0000000087b00000|100%| O|  |TAMS 0x0000000087b00000, 0x0000000087a00000| Updating 
| 123|0x0000000087b00000, 0x0000000087c00000, 0x0000000087c00000|100%| O|  |TAMS 0x0000000087c00000, 0x0000000087b00000| Updating 
| 124|0x0000000087c00000, 0x0000000087d00000, 0x0000000087d00000|100%| O|  |TAMS 0x0000000087d00000, 0x0000000087c00000| Updating 
| 125|0x0000000087d00000, 0x0000000087e00000, 0x0000000087e00000|100%| O|  |TAMS 0x0000000087e00000, 0x0000000087d00000| Updating 
| 126|0x0000000087e00000, 0x0000000087f00000, 0x0000000087f00000|100%| O|  |TAMS 0x0000000087f00000, 0x0000000087e00000| Updating 
| 127|0x0000000087f00000, 0x0000000088000000, 0x0000000088000000|100%| O|  |TAMS 0x0000000088000000, 0x0000000087f00000| Updating 
| 128|0x0000000088000000, 0x0000000088100000, 0x0000000088100000|100%| O|  |TAMS 0x0000000088100000, 0x0000000088000000| Updating 
| 129|0x0000000088100000, 0x0000000088200000, 0x0000000088200000|100%| O|  |TAMS 0x0000000088200000, 0x0000000088100000| Updating 
| 130|0x0000000088200000, 0x0000000088300000, 0x0000000088300000|100%| O|  |TAMS 0x0000000088300000, 0x0000000088200000| Updating 
| 131|0x0000000088300000, 0x0000000088400000, 0x0000000088400000|100%| O|  |TAMS 0x0000000088400000, 0x0000000088300000| Updating 
| 132|0x0000000088400000, 0x0000000088500000, 0x0000000088500000|100%| O|  |TAMS 0x0000000088500000, 0x0000000088400000| Updating 
| 133|0x0000000088500000, 0x0000000088600000, 0x0000000088600000|100%| O|  |TAMS 0x0000000088600000, 0x0000000088500000| Updating 
| 134|0x0000000088600000, 0x0000000088700000, 0x0000000088700000|100%| O|  |TAMS 0x0000000088700000, 0x0000000088600000| Updating 
| 135|0x0000000088700000, 0x0000000088800000, 0x0000000088800000|100%| O|  |TAMS 0x0000000088800000, 0x0000000088700000| Updating 
| 136|0x0000000088800000, 0x0000000088900000, 0x0000000088900000|100%| O|  |TAMS 0x0000000088900000, 0x0000000088800000| Updating 
| 137|0x0000000088900000, 0x0000000088a00000, 0x0000000088a00000|100%| O|  |TAMS 0x0000000088a00000, 0x0000000088900000| Updating 
| 138|0x0000000088a00000, 0x0000000088b00000, 0x0000000088b00000|100%| O|  |TAMS 0x0000000088b00000, 0x0000000088a00000| Updating 
| 139|0x0000000088b00000, 0x0000000088c00000, 0x0000000088c00000|100%| O|  |TAMS 0x0000000088c00000, 0x0000000088b00000| Updating 
| 140|0x0000000088c00000, 0x0000000088d00000, 0x0000000088d00000|100%| O|  |TAMS 0x0000000088d00000, 0x0000000088c00000| Updating 
| 141|0x0000000088d00000, 0x0000000088e00000, 0x0000000088e00000|100%| O|  |TAMS 0x0000000088e00000, 0x0000000088d00000| Updating 
| 142|0x0000000088e00000, 0x0000000088f00000, 0x0000000088f00000|100%| O|  |TAMS 0x0000000088f00000, 0x0000000088e00000| Updating 
| 143|0x0000000088f00000, 0x0000000089000000, 0x0000000089000000|100%| O|  |TAMS 0x0000000089000000, 0x0000000088f00000| Updating 
| 144|0x0000000089000000, 0x0000000089100000, 0x0000000089100000|100%| O|  |TAMS 0x0000000089100000, 0x0000000089000000| Updating 
| 145|0x0000000089100000, 0x0000000089200000, 0x0000000089200000|100%| O|  |TAMS 0x0000000089200000, 0x0000000089100000| Updating 
| 146|0x0000000089200000, 0x0000000089300000, 0x0000000089300000|100%| O|  |TAMS 0x0000000089300000, 0x0000000089200000| Updating 
| 147|0x0000000089300000, 0x0000000089400000, 0x0000000089400000|100%| O|  |TAMS 0x0000000089400000, 0x0000000089300000| Updating 
| 148|0x0000000089400000, 0x0000000089500000, 0x0000000089500000|100%| O|  |TAMS 0x0000000089500000, 0x0000000089400000| Updating 
| 149|0x0000000089500000, 0x0000000089600000, 0x0000000089600000|100%| O|  |TAMS 0x0000000089600000, 0x0000000089500000| Updating 
| 150|0x0000000089600000, 0x0000000089700000, 0x0000000089700000|100%| O|  |TAMS 0x0000000089700000, 0x0000000089600000| Updating 
| 151|0x0000000089700000, 0x0000000089800000, 0x0000000089800000|100%| O|  |TAMS 0x0000000089800000, 0x0000000089700000| Updating 
| 152|0x0000000089800000, 0x0000000089900000, 0x0000000089900000|100%| O|  |TAMS 0x0000000089900000, 0x0000000089800000| Updating 
| 153|0x0000000089900000, 0x0000000089a00000, 0x0000000089a00000|100%| O|  |TAMS 0x0000000089a00000, 0x0000000089900000| Updating 
| 154|0x0000000089a00000, 0x0000000089b00000, 0x0000000089b00000|100%| O|  |TAMS 0x0000000089b00000, 0x0000000089a00000| Updating 
| 155|0x0000000089b00000, 0x0000000089c00000, 0x0000000089c00000|100%| O|  |TAMS 0x0000000089c00000, 0x0000000089b00000| Updating 
| 156|0x0000000089c00000, 0x0000000089d00000, 0x0000000089d00000|100%| O|  |TAMS 0x0000000089d00000, 0x0000000089c00000| Updating 
| 157|0x0000000089d00000, 0x0000000089e00000, 0x0000000089e00000|100%| O|  |TAMS 0x0000000089e00000, 0x0000000089d00000| Updating 
| 158|0x0000000089e00000, 0x0000000089f00000, 0x0000000089f00000|100%| O|  |TAMS 0x0000000089f00000, 0x0000000089e00000| Updating 
| 159|0x0000000089f00000, 0x000000008a000000, 0x000000008a000000|100%| O|  |TAMS 0x000000008a000000, 0x0000000089f00000| Updating 
| 160|0x000000008a000000, 0x000000008a100000, 0x000000008a100000|100%| O|  |TAMS 0x000000008a100000, 0x000000008a000000| Updating 
| 161|0x000000008a100000, 0x000000008a200000, 0x000000008a200000|100%| O|  |TAMS 0x000000008a200000, 0x000000008a100000| Updating 
| 162|0x000000008a200000, 0x000000008a300000, 0x000000008a300000|100%| O|  |TAMS 0x000000008a300000, 0x000000008a200000| Updating 
| 163|0x000000008a300000, 0x000000008a400000, 0x000000008a400000|100%| O|  |TAMS 0x000000008a400000, 0x000000008a300000| Updating 
| 164|0x000000008a400000, 0x000000008a500000, 0x000000008a500000|100%| O|  |TAMS 0x000000008a500000, 0x000000008a400000| Updating 
| 165|0x000000008a500000, 0x000000008a600000, 0x000000008a600000|100%| O|  |TAMS 0x000000008a600000, 0x000000008a500000| Updating 
| 166|0x000000008a600000, 0x000000008a700000, 0x000000008a700000|100%| O|  |TAMS 0x000000008a700000, 0x000000008a600000| Updating 
| 167|0x000000008a700000, 0x000000008a800000, 0x000000008a800000|100%| O|  |TAMS 0x000000008a800000, 0x000000008a700000| Updating 
| 168|0x000000008a800000, 0x000000008a900000, 0x000000008a900000|100%| O|  |TAMS 0x000000008a900000, 0x000000008a800000| Updating 
| 169|0x000000008a900000, 0x000000008aa00000, 0x000000008aa00000|100%| O|  |TAMS 0x000000008aa00000, 0x000000008a900000| Updating 
| 170|0x000000008aa00000, 0x000000008ab00000, 0x000000008ab00000|100%| O|  |TAMS 0x000000008ab00000, 0x000000008aa00000| Updating 
| 171|0x000000008ab00000, 0x000000008ac00000, 0x000000008ac00000|100%| O|  |TAMS 0x000000008ac00000, 0x000000008ab00000| Updating 
| 172|0x000000008ac00000, 0x000000008ad00000, 0x000000008ad00000|100%| O|  |TAMS 0x000000008ad00000, 0x000000008ac00000| Updating 
| 173|0x000000008ad00000, 0x000000008ae00000, 0x000000008ae00000|100%| O|  |TAMS 0x000000008ae00000, 0x000000008ad00000| Updating 
| 174|0x000000008ae00000, 0x000000008af00000, 0x000000008af00000|100%| O|  |TAMS 0x000000008af00000, 0x000000008ae00000| Updating 
| 175|0x000000008af00000, 0x000000008b000000, 0x000000008b000000|100%| O|  |TAMS 0x000000008b000000, 0x000000008af00000| Updating 
| 176|0x000000008b000000, 0x000000008b100000, 0x000000008b100000|100%| O|  |TAMS 0x000000008b100000, 0x000000008b000000| Updating 
| 177|0x000000008b100000, 0x000000008b200000, 0x000000008b200000|100%| O|  |TAMS 0x000000008b11ee00, 0x000000008b100000| Updating 
| 178|0x000000008b200000, 0x000000008b300000, 0x000000008b300000|100%| O|  |TAMS 0x000000008b200000, 0x000000008b200000| Untracked 
| 179|0x000000008b300000, 0x000000008b400000, 0x000000008b400000|100%| O|  |TAMS 0x000000008b300000, 0x000000008b300000| Untracked 
| 180|0x000000008b400000, 0x000000008b500000, 0x000000008b500000|100%| O|  |TAMS 0x000000008b400000, 0x000000008b400000| Untracked 
| 181|0x000000008b500000, 0x000000008b600000, 0x000000008b600000|100%| O|  |TAMS 0x000000008b500000, 0x000000008b500000| Untracked 
| 182|0x000000008b600000, 0x000000008b700000, 0x000000008b700000|100%| O|  |TAMS 0x000000008b600000, 0x000000008b600000| Untracked 
| 183|0x000000008b700000, 0x000000008b800000, 0x000000008b800000|100%| O|  |TAMS 0x000000008b700000, 0x000000008b700000| Untracked 
| 184|0x000000008b800000, 0x000000008b846a00, 0x000000008b900000| 27%| O|  |TAMS 0x000000008b800000, 0x000000008b800000| Untracked 
| 185|0x000000008b900000, 0x000000008b900000, 0x000000008ba00000|  0%| F|  |TAMS 0x000000008b900000, 0x000000008b900000| Untracked 
| 186|0x000000008ba00000, 0x000000008ba00000, 0x000000008bb00000|  0%| F|  |TAMS 0x000000008ba00000, 0x000000008ba00000| Untracked 
| 187|0x000000008bb00000, 0x000000008bb00000, 0x000000008bc00000|  0%| F|  |TAMS 0x000000008bb00000, 0x000000008bb00000| Untracked 
| 188|0x000000008bc00000, 0x000000008bc00000, 0x000000008bd00000|  0%| F|  |TAMS 0x000000008bc00000, 0x000000008bc00000| Untracked 
| 189|0x000000008bd00000, 0x000000008bd00000, 0x000000008be00000|  0%| F|  |TAMS 0x000000008bd00000, 0x000000008bd00000| Untracked 
| 190|0x000000008be00000, 0x000000008be00000, 0x000000008bf00000|  0%| F|  |TAMS 0x000000008be00000, 0x000000008be00000| Untracked 
| 191|0x000000008bf00000, 0x000000008bf00000, 0x000000008c000000|  0%| F|  |TAMS 0x000000008bf00000, 0x000000008bf00000| Untracked 
| 192|0x000000008c000000, 0x000000008c000000, 0x000000008c100000|  0%| F|  |TAMS 0x000000008c000000, 0x000000008c000000| Untracked 
| 193|0x000000008c100000, 0x000000008c100000, 0x000000008c200000|  0%| F|  |TAMS 0x000000008c100000, 0x000000008c100000| Untracked 
| 194|0x000000008c200000, 0x000000008c200000, 0x000000008c300000|  0%| F|  |TAMS 0x000000008c200000, 0x000000008c200000| Untracked 
| 195|0x000000008c300000, 0x000000008c300000, 0x000000008c400000|  0%| F|  |TAMS 0x000000008c300000, 0x000000008c300000| Untracked 
| 196|0x000000008c400000, 0x000000008c400000, 0x000000008c500000|  0%| F|  |TAMS 0x000000008c400000, 0x000000008c400000| Untracked 
| 197|0x000000008c500000, 0x000000008c500000, 0x000000008c600000|  0%| F|  |TAMS 0x000000008c500000, 0x000000008c500000| Untracked 
| 198|0x000000008c600000, 0x000000008c600000, 0x000000008c700000|  0%| F|  |TAMS 0x000000008c600000, 0x000000008c600000| Untracked 
| 199|0x000000008c700000, 0x000000008c700000, 0x000000008c800000|  0%| F|  |TAMS 0x000000008c700000, 0x000000008c700000| Untracked 
| 200|0x000000008c800000, 0x000000008c800000, 0x000000008c900000|  0%| F|  |TAMS 0x000000008c800000, 0x000000008c800000| Untracked 
| 201|0x000000008c900000, 0x000000008c900000, 0x000000008ca00000|  0%| F|  |TAMS 0x000000008c900000, 0x000000008c900000| Untracked 
| 202|0x000000008ca00000, 0x000000008ca00000, 0x000000008cb00000|  0%| F|  |TAMS 0x000000008ca00000, 0x000000008ca00000| Untracked 
| 203|0x000000008cb00000, 0x000000008cb00000, 0x000000008cc00000|  0%| F|  |TAMS 0x000000008cb00000, 0x000000008cb00000| Untracked 
| 204|0x000000008cc00000, 0x000000008cc00000, 0x000000008cd00000|  0%| F|  |TAMS 0x000000008cc00000, 0x000000008cc00000| Untracked 
| 205|0x000000008cd00000, 0x000000008cd00000, 0x000000008ce00000|  0%| F|  |TAMS 0x000000008cd00000, 0x000000008cd00000| Untracked 
| 206|0x000000008ce00000, 0x000000008ce00000, 0x000000008cf00000|  0%| F|  |TAMS 0x000000008ce00000, 0x000000008ce00000| Untracked 
| 207|0x000000008cf00000, 0x000000008cf00000, 0x000000008d000000|  0%| F|  |TAMS 0x000000008cf00000, 0x000000008cf00000| Untracked 
| 208|0x000000008d000000, 0x000000008d000000, 0x000000008d100000|  0%| F|  |TAMS 0x000000008d000000, 0x000000008d000000| Untracked 
| 209|0x000000008d100000, 0x000000008d100000, 0x000000008d200000|  0%| F|  |TAMS 0x000000008d100000, 0x000000008d100000| Untracked 
| 210|0x000000008d200000, 0x000000008d200000, 0x000000008d300000|  0%| F|  |TAMS 0x000000008d200000, 0x000000008d200000| Untracked 
| 211|0x000000008d300000, 0x000000008d300000, 0x000000008d400000|  0%| F|  |TAMS 0x000000008d300000, 0x000000008d300000| Untracked 
| 212|0x000000008d400000, 0x000000008d400000, 0x000000008d500000|  0%| F|  |TAMS 0x000000008d400000, 0x000000008d400000| Untracked 
| 213|0x000000008d500000, 0x000000008d500000, 0x000000008d600000|  0%| F|  |TAMS 0x000000008d500000, 0x000000008d500000| Untracked 
| 214|0x000000008d600000, 0x000000008d600000, 0x000000008d700000|  0%| F|  |TAMS 0x000000008d600000, 0x000000008d600000| Untracked 
| 215|0x000000008d700000, 0x000000008d700000, 0x000000008d800000|  0%| F|  |TAMS 0x000000008d700000, 0x000000008d700000| Untracked 
| 216|0x000000008d800000, 0x000000008d800000, 0x000000008d900000|  0%| F|  |TAMS 0x000000008d800000, 0x000000008d800000| Untracked 
| 217|0x000000008d900000, 0x000000008d900000, 0x000000008da00000|  0%| F|  |TAMS 0x000000008d900000, 0x000000008d900000| Untracked 
| 218|0x000000008da00000, 0x000000008da00000, 0x000000008db00000|  0%| F|  |TAMS 0x000000008da00000, 0x000000008da00000| Untracked 
| 219|0x000000008db00000, 0x000000008db00000, 0x000000008dc00000|  0%| F|  |TAMS 0x000000008db00000, 0x000000008db00000| Untracked 
| 220|0x000000008dc00000, 0x000000008dc00000, 0x000000008dd00000|  0%| F|  |TAMS 0x000000008dc00000, 0x000000008dc00000| Untracked 
| 221|0x000000008dd00000, 0x000000008dd00000, 0x000000008de00000|  0%| F|  |TAMS 0x000000008dd00000, 0x000000008dd00000| Untracked 
| 222|0x000000008de00000, 0x000000008de00000, 0x000000008df00000|  0%| F|  |TAMS 0x000000008de00000, 0x000000008de00000| Untracked 
| 223|0x000000008df00000, 0x000000008df00000, 0x000000008e000000|  0%| F|  |TAMS 0x000000008df00000, 0x000000008df00000| Untracked 
| 224|0x000000008e000000, 0x000000008e000000, 0x000000008e100000|  0%| F|  |TAMS 0x000000008e000000, 0x000000008e000000| Untracked 
| 225|0x000000008e100000, 0x000000008e100000, 0x000000008e200000|  0%| F|  |TAMS 0x000000008e100000, 0x000000008e100000| Untracked 
| 226|0x000000008e200000, 0x000000008e200000, 0x000000008e300000|  0%| F|  |TAMS 0x000000008e200000, 0x000000008e200000| Untracked 
| 227|0x000000008e300000, 0x000000008e400000, 0x000000008e400000|100%| S|CS|TAMS 0x000000008e300000, 0x000000008e300000| Complete 
| 228|0x000000008e400000, 0x000000008e500000, 0x000000008e500000|100%| S|CS|TAMS 0x000000008e400000, 0x000000008e400000| Complete 
| 229|0x000000008e500000, 0x000000008e600000, 0x000000008e600000|100%| S|CS|TAMS 0x000000008e500000, 0x000000008e500000| Complete 
| 230|0x000000008e600000, 0x000000008e700000, 0x000000008e700000|100%| S|CS|TAMS 0x000000008e600000, 0x000000008e600000| Complete 
| 231|0x000000008e700000, 0x000000008e800000, 0x000000008e800000|100%| S|CS|TAMS 0x000000008e700000, 0x000000008e700000| Complete 
| 232|0x000000008e800000, 0x000000008e800000, 0x000000008e900000|  0%| F|  |TAMS 0x000000008e800000, 0x000000008e800000| Untracked 
| 233|0x000000008e900000, 0x000000008e900000, 0x000000008ea00000|  0%| F|  |TAMS 0x000000008e900000, 0x000000008e900000| Untracked 
| 234|0x000000008ea00000, 0x000000008ea00000, 0x000000008eb00000|  0%| F|  |TAMS 0x000000008ea00000, 0x000000008ea00000| Untracked 
| 235|0x000000008eb00000, 0x000000008eb00000, 0x000000008ec00000|  0%| F|  |TAMS 0x000000008eb00000, 0x000000008eb00000| Untracked 
| 236|0x000000008ec00000, 0x000000008ec00000, 0x000000008ed00000|  0%| F|  |TAMS 0x000000008ec00000, 0x000000008ec00000| Untracked 
| 237|0x000000008ed00000, 0x000000008ed00000, 0x000000008ee00000|  0%| F|  |TAMS 0x000000008ed00000, 0x000000008ed00000| Untracked 
| 238|0x000000008ee00000, 0x000000008ee00000, 0x000000008ef00000|  0%| F|  |TAMS 0x000000008ee00000, 0x000000008ee00000| Untracked 
| 239|0x000000008ef00000, 0x000000008ef00000, 0x000000008f000000|  0%| F|  |TAMS 0x000000008ef00000, 0x000000008ef00000| Untracked 
| 240|0x000000008f000000, 0x000000008f000000, 0x000000008f100000|  0%| F|  |TAMS 0x000000008f000000, 0x000000008f000000| Untracked 
| 241|0x000000008f100000, 0x000000008f100000, 0x000000008f200000|  0%| F|  |TAMS 0x000000008f100000, 0x000000008f100000| Untracked 
| 242|0x000000008f200000, 0x000000008f200000, 0x000000008f300000|  0%| F|  |TAMS 0x000000008f200000, 0x000000008f200000| Untracked 
| 243|0x000000008f300000, 0x000000008f300000, 0x000000008f400000|  0%| F|  |TAMS 0x000000008f300000, 0x000000008f300000| Untracked 
| 244|0x000000008f400000, 0x000000008f400000, 0x000000008f500000|  0%| F|  |TAMS 0x000000008f400000, 0x000000008f400000| Untracked 
| 245|0x000000008f500000, 0x000000008f500000, 0x000000008f600000|  0%| F|  |TAMS 0x000000008f500000, 0x000000008f500000| Untracked 
| 246|0x000000008f600000, 0x000000008f600000, 0x000000008f700000|  0%| F|  |TAMS 0x000000008f600000, 0x000000008f600000| Untracked 
| 247|0x000000008f700000, 0x000000008f700000, 0x000000008f800000|  0%| F|  |TAMS 0x000000008f700000, 0x000000008f700000| Untracked 
| 248|0x000000008f800000, 0x000000008f800000, 0x000000008f900000|  0%| F|  |TAMS 0x000000008f800000, 0x000000008f800000| Untracked 
| 249|0x000000008f900000, 0x000000008f900000, 0x000000008fa00000|  0%| F|  |TAMS 0x000000008f900000, 0x000000008f900000| Untracked 
| 250|0x000000008fa00000, 0x000000008fa00000, 0x000000008fb00000|  0%| F|  |TAMS 0x000000008fa00000, 0x000000008fa00000| Untracked 
| 251|0x000000008fb00000, 0x000000008fb00000, 0x000000008fc00000|  0%| F|  |TAMS 0x000000008fb00000, 0x000000008fb00000| Untracked 
| 252|0x000000008fc00000, 0x000000008fc00000, 0x000000008fd00000|  0%| F|  |TAMS 0x000000008fc00000, 0x000000008fc00000| Untracked 
| 253|0x000000008fd00000, 0x000000008fd00000, 0x000000008fe00000|  0%| F|  |TAMS 0x000000008fd00000, 0x000000008fd00000| Untracked 
| 254|0x000000008fe00000, 0x000000008fe00000, 0x000000008ff00000|  0%| F|  |TAMS 0x000000008fe00000, 0x000000008fe00000| Untracked 
| 255|0x000000008ff00000, 0x000000008ff00000, 0x0000000090000000|  0%| F|  |TAMS 0x000000008ff00000, 0x000000008ff00000| Untracked 
| 256|0x0000000090000000, 0x0000000090000000, 0x0000000090100000|  0%| F|  |TAMS 0x0000000090000000, 0x0000000090000000| Untracked 
| 257|0x0000000090100000, 0x0000000090100000, 0x0000000090200000|  0%| F|  |TAMS 0x0000000090100000, 0x0000000090100000| Untracked 
| 258|0x0000000090200000, 0x0000000090200000, 0x0000000090300000|  0%| F|  |TAMS 0x0000000090200000, 0x0000000090200000| Untracked 
| 259|0x0000000090300000, 0x0000000090300000, 0x0000000090400000|  0%| F|  |TAMS 0x0000000090300000, 0x0000000090300000| Untracked 
| 260|0x0000000090400000, 0x0000000090400000, 0x0000000090500000|  0%| F|  |TAMS 0x0000000090400000, 0x0000000090400000| Untracked 
| 261|0x0000000090500000, 0x0000000090500000, 0x0000000090600000|  0%| F|  |TAMS 0x0000000090500000, 0x0000000090500000| Untracked 
| 262|0x0000000090600000, 0x0000000090600000, 0x0000000090700000|  0%| F|  |TAMS 0x0000000090600000, 0x0000000090600000| Untracked 
| 263|0x0000000090700000, 0x0000000090700000, 0x0000000090800000|  0%| F|  |TAMS 0x0000000090700000, 0x0000000090700000| Untracked 

Card table byte_map: [0x00000196f74b0000,0x00000196f78b0000] _byte_map_base: 0x00000196f70b0000

Marking Bits (Prev, Next): (CMBitMap*) 0x00000196f32db508, (CMBitMap*) 0x00000196f32db540
 Prev Bits: [0x00000196f7cb0000, 0x00000196f9cb0000)
 Next Bits: [0x00000196f9cb0000, 0x00000196fbcb0000)

Polling page: 0x00000196f11e0000

Metaspace:

Usage:
  Non-class:     87.67 MB capacity,    86.14 MB ( 98%) used,     1.24 MB (  1%) free+waste,   298.88 KB ( <1%) overhead. 
      Class:     13.83 MB capacity,    12.84 MB ( 93%) used,   872.22 KB (  6%) free+waste,   136.25 KB ( <1%) overhead. 
       Both:    101.50 MB capacity,    98.98 MB ( 98%) used,     2.09 MB (  2%) free+waste,   435.13 KB ( <1%) overhead. 

Virtual space:
  Non-class space:       88.00 MB reserved,      88.00 MB (100%) committed 
      Class space:        1.00 GB reserved,      14.00 MB (  1%) committed 
             Both:        1.09 GB reserved,     102.00 MB (  9%) committed 

Chunk freelists:
   Non-Class:  209.00 KB
       Class:  114.00 KB
        Both:  323.00 KB

MaxMetaspaceSize: 17179869184.00 GB
CompressedClassSpaceSize: 1.00 GB

CodeHeap 'non-profiled nmethods': size=120000Kb used=4536Kb max_used=4536Kb free=115463Kb
 bounds [0x0000019687ad0000, 0x0000019687f40000, 0x000001968f000000]
CodeHeap 'profiled nmethods': size=120000Kb used=23327Kb max_used=23327Kb free=96672Kb
 bounds [0x00000196805a0000, 0x0000019681c70000, 0x0000019687ad0000]
CodeHeap 'non-nmethods': size=5760Kb used=2323Kb max_used=2342Kb free=3437Kb
 bounds [0x0000019680000000, 0x0000019680270000, 0x00000196805a0000]
 total_blobs=12897 nmethods=11977 adapters=829
 compilation: enabled
              stopped_count=0, restarted_count=0
 full_count=0

Compilation events (20 events):
Event: 23.595 Thread 0x00000196ff075800 12470       2       com.android.tools.r8.internal.Gg::a (22 bytes)
Event: 23.595 Thread 0x00000196ff075800 nmethod 12470 0x0000019681c65790 code [0x0000019681c65940, 0x0000019681c65a88]
Event: 23.596 Thread 0x00000196ff075800 12421       2       com.android.tools.r8.ir.regalloc.b::<init> (109 bytes)
Event: 23.597 Thread 0x00000196ff075800 nmethod 12421 0x0000019681c65b90 code [0x0000019681c65da0, 0x0000019681c664d8]
Event: 23.597 Thread 0x00000196ff075800 12469       1       com.android.tools.r8.internal.N9::p (5 bytes)
Event: 23.597 Thread 0x00000196ff075800 nmethod 12469 0x0000019687f3da10 code [0x0000019687f3dbc0, 0x0000019687f3dc78]
Event: 23.597 Thread 0x00000196ff075800 12472       1       com.android.tools.r8.ir.regalloc.b::h (5 bytes)
Event: 23.597 Thread 0x00000196ff075800 nmethod 12472 0x0000019687f3dd10 code [0x0000019687f3dec0, 0x0000019687f3df78]
Event: 23.597 Thread 0x00000196ff075800 12474       2       com.android.tools.r8.internal.Gg::a (28 bytes)
Event: 23.597 Thread 0x00000196ff075800 nmethod 12474 0x0000019681c66810 code [0x0000019681c669c0, 0x0000019681c66ab8]
Event: 23.597 Thread 0x00000196ff075800 12459       1       com.android.tools.r8.internal.uc::e2 (5 bytes)
Event: 23.597 Thread 0x00000196ff075800 nmethod 12459 0x0000019687f3e010 code [0x0000019687f3e1c0, 0x0000019687f3e278]
Event: 23.597 Thread 0x00000196ff075800 12475       2       com.android.tools.r8.ir.regalloc.b::l (14 bytes)
Event: 23.597 Thread 0x00000196ff075800 nmethod 12475 0x0000019681c66b90 code [0x0000019681c66d40, 0x0000019681c66e78]
Event: 23.597 Thread 0x00000196ff075800 12476       2       java.util.TreeSet::remove (22 bytes)
Event: 23.597 Thread 0x00000196ff075800 nmethod 12476 0x0000019681c66f10 code [0x0000019681c670c0, 0x0000019681c67208]
Event: 23.597 Thread 0x00000196ff075800 12478       2       com.android.tools.r8.internal.QG::i (34 bytes)
Event: 23.598 Thread 0x00000196ff075800 nmethod 12478 0x0000019681c67290 code [0x0000019681c67440, 0x0000019681c67638]
Event: 23.598 Thread 0x00000196ff075800 12479       2       com.android.tools.r8.internal.Mv::a (44 bytes)
Event: 23.603 Thread 0x00000196ff075800 nmethod 12479 0x0000019681c67710 code [0x0000019681c67900, 0x0000019681c67c68]

GC Heap History (20 events):
Event: 21.714 GC heap after
{Heap after GC invocations=24 (full 0):
 garbage-first heap   total 225280K, used 114281K [0x0000000080000000, 0x0000000100000000)
  region size 1024K, 11 young (11264K), 11 survivors (11264K)
 Metaspace       used 92397K, capacity 94864K, committed 95104K, reserved 1132544K
  class space    used 11877K, capacity 12801K, committed 12928K, reserved 1048576K
}
Event: 21.895 GC heap before
{Heap before GC invocations=24 (full 0):
 garbage-first heap   total 225280K, used 178793K [0x0000000080000000, 0x0000000100000000)
  region size 1024K, 75 young (76800K), 11 survivors (11264K)
 Metaspace       used 94278K, capacity 96862K, committed 97152K, reserved 1132544K
  class space    used 12143K, capacity 13087K, committed 13184K, reserved 1048576K
}
Event: 21.912 GC heap after
{Heap after GC invocations=25 (full 0):
 garbage-first heap   total 225280K, used 130564K [0x0000000080000000, 0x0000000100000000)
  region size 1024K, 10 young (10240K), 10 survivors (10240K)
 Metaspace       used 94278K, capacity 96862K, committed 97152K, reserved 1132544K
  class space    used 12143K, capacity 13087K, committed 13184K, reserved 1048576K
}
Event: 22.122 GC heap before
{Heap before GC invocations=25 (full 0):
 garbage-first heap   total 225280K, used 176644K [0x0000000080000000, 0x0000000100000000)
  region size 1024K, 56 young (57344K), 10 survivors (10240K)
 Metaspace       used 95951K, capacity 98567K, committed 98688K, reserved 1134592K
  class space    used 12363K, capacity 13346K, committed 13440K, reserved 1048576K
}
Event: 22.133 GC heap after
{Heap after GC invocations=26 (full 0):
 garbage-first heap   total 225280K, used 138915K [0x0000000080000000, 0x0000000100000000)
  region size 1024K, 7 young (7168K), 7 survivors (7168K)
 Metaspace       used 95951K, capacity 98567K, committed 98688K, reserved 1134592K
  class space    used 12363K, capacity 13346K, committed 13440K, reserved 1048576K
}
Event: 22.354 GC heap before
{Heap before GC invocations=27 (full 0):
 garbage-first heap   total 225280K, used 176803K [0x0000000080000000, 0x0000000100000000)
  region size 1024K, 45 young (46080K), 7 survivors (7168K)
 Metaspace       used 96868K, capacity 99357K, committed 99840K, reserved 1136640K
  class space    used 12461K, capacity 13412K, committed 13568K, reserved 1048576K
}
Event: 22.364 GC heap after
{Heap after GC invocations=28 (full 0):
 garbage-first heap   total 225280K, used 147736K [0x0000000080000000, 0x0000000100000000)
  region size 1024K, 6 young (6144K), 6 survivors (6144K)
 Metaspace       used 96868K, capacity 99357K, committed 99840K, reserved 1136640K
  class space    used 12461K, capacity 13412K, committed 13568K, reserved 1048576K
}
Event: 22.493 GC heap before
{Heap before GC invocations=28 (full 0):
 garbage-first heap   total 225280K, used 179480K [0x0000000080000000, 0x0000000100000000)
  region size 1024K, 38 young (38912K), 6 survivors (6144K)
 Metaspace       used 98040K, capacity 100531K, committed 100992K, reserved 1136640K
  class space    used 12586K, capacity 13546K, committed 13696K, reserved 1048576K
}
Event: 22.504 GC heap after
{Heap after GC invocations=29 (full 0):
 garbage-first heap   total 225280K, used 153831K [0x0000000080000000, 0x0000000100000000)
  region size 1024K, 5 young (5120K), 5 survivors (5120K)
 Metaspace       used 98040K, capacity 100531K, committed 100992K, reserved 1136640K
  class space    used 12586K, capacity 13546K, committed 13696K, reserved 1048576K
}
Event: 22.700 GC heap before
{Heap before GC invocations=29 (full 0):
 garbage-first heap   total 225280K, used 182503K [0x0000000080000000, 0x0000000100000000)
  region size 1024K, 33 young (33792K), 5 survivors (5120K)
 Metaspace       used 98335K, capacity 100947K, committed 101376K, reserved 1136640K
  class space    used 12659K, capacity 13684K, committed 13824K, reserved 1048576K
}
Event: 22.712 GC heap after
{Heap after GC invocations=30 (full 0):
 garbage-first heap   total 225280K, used 160091K [0x0000000080000000, 0x0000000100000000)
  region size 1024K, 5 young (5120K), 5 survivors (5120K)
 Metaspace       used 98335K, capacity 100947K, committed 101376K, reserved 1136640K
  class space    used 12659K, capacity 13684K, committed 13824K, reserved 1048576K
}
Event: 22.847 GC heap before
{Heap before GC invocations=30 (full 0):
 garbage-first heap   total 225280K, used 184667K [0x0000000080000000, 0x0000000100000000)
  region size 1024K, 29 young (29696K), 5 survivors (5120K)
 Metaspace       used 98536K, capacity 100971K, committed 101632K, reserved 1136640K
  class space    used 12667K, capacity 13619K, committed 13824K, reserved 1048576K
}
Event: 22.861 GC heap after
{Heap after GC invocations=31 (full 0):
 garbage-first heap   total 270336K, used 166493K [0x0000000080000000, 0x0000000100000000)
  region size 1024K, 4 young (4096K), 4 survivors (4096K)
 Metaspace       used 98536K, capacity 100971K, committed 101632K, reserved 1136640K
  class space    used 12667K, capacity 13619K, committed 13824K, reserved 1048576K
}
Event: 23.171 GC heap before
{Heap before GC invocations=32 (full 0):
 garbage-first heap   total 270336K, used 209501K [0x0000000080000000, 0x0000000100000000)
  region size 1024K, 47 young (48128K), 4 survivors (4096K)
 Metaspace       used 99842K, capacity 102341K, committed 102912K, reserved 1138688K
  class space    used 12906K, capacity 13879K, committed 14080K, reserved 1048576K
}
Event: 23.183 GC heap after
{Heap after GC invocations=33 (full 0):
 garbage-first heap   total 270336K, used 177802K [0x0000000080000000, 0x0000000100000000)
  region size 1024K, 6 young (6144K), 6 survivors (6144K)
 Metaspace       used 99842K, capacity 102341K, committed 102912K, reserved 1138688K
  class space    used 12906K, capacity 13879K, committed 14080K, reserved 1048576K
}
Event: 23.205 GC heap before
{Heap before GC invocations=33 (full 0):
 garbage-first heap   total 270336K, used 183946K [0x0000000080000000, 0x0000000100000000)
  region size 1024K, 13 young (13312K), 6 survivors (6144K)
 Metaspace       used 100018K, capacity 102598K, committed 102912K, reserved 1138688K
  class space    used 12930K, capacity 13922K, committed 14080K, reserved 1048576K
}
Event: 23.211 GC heap after
{Heap after GC invocations=34 (full 0):
 garbage-first heap   total 270336K, used 177115K [0x0000000080000000, 0x0000000100000000)
  region size 1024K, 2 young (2048K), 2 survivors (2048K)
 Metaspace       used 100018K, capacity 102598K, committed 102912K, reserved 1138688K
  class space    used 12930K, capacity 13922K, committed 14080K, reserved 1048576K
}
Event: 23.331 GC heap before
{Heap before GC invocations=34 (full 0):
 garbage-first heap   total 270336K, used 215003K [0x0000000080000000, 0x0000000100000000)
  region size 1024K, 39 young (39936K), 2 survivors (2048K)
 Metaspace       used 101066K, capacity 103739K, committed 103808K, reserved 1138688K
  class space    used 13141K, capacity 14191K, committed 14208K, reserved 1048576K
}
Event: 23.341 GC heap after
{Heap after GC invocations=35 (full 0):
 garbage-first heap   total 270336K, used 186491K [0x0000000080000000, 0x0000000100000000)
  region size 1024K, 5 young (5120K), 5 survivors (5120K)
 Metaspace       used 101066K, capacity 103739K, committed 103808K, reserved 1138688K
  class space    used 13141K, capacity 14191K, committed 14208K, reserved 1048576K
}
Event: 23.795 GC heap before
{Heap before GC invocations=35 (full 0):
 garbage-first heap   total 270336K, used 219259K [0x0000000080000000, 0x0000000100000000)
  region size 1024K, 37 young (37888K), 5 survivors (5120K)
 Metaspace       used 101354K, capacity 103933K, committed 104448K, reserved 1138688K
  class space    used 13149K, capacity 14158K, committed 14336K, reserved 1048576K
}

Deoptimization events (20 events):
Event: 23.203 Thread 0x0000019690a85000 DEOPT UNPACKING pc=0x00000196800278af sp=0x0000004cc7bf95c8 mode 2
Event: 23.203 Thread 0x0000019690963000 DEOPT UNPACKING pc=0x00000196800278af sp=0x0000004cc76f98c8 mode 2
Event: 23.276 Thread 0x0000019690964000 Uncommon trap: trap_request=0xffffff4d fr.pc=0x0000019687f1e7b0 relative=0x0000000000000ed0
Event: 23.276 Thread 0x0000019690964000 Uncommon trap: reason=unstable_if action=reinterpret pc=0x0000019687f1e7b0 method=com.android.tools.r8.internal.oh.a(ILjava/lang/Object;)Ljava/lang/Object; @ 99 c2
Event: 23.276 Thread 0x0000019690964000 DEOPT PACKING pc=0x0000019687f1e7b0 sp=0x0000004cc78f9950
Event: 23.276 Thread 0x0000019690964000 DEOPT UNPACKING pc=0x00000196800278af sp=0x0000004cc78f9918 mode 2
Event: 23.407 Thread 0x0000019690a85000 DEOPT PACKING pc=0x0000019681be21c7 sp=0x0000004cc7bf89b0
Event: 23.407 Thread 0x0000019690a85000 DEOPT UNPACKING pc=0x00000196800276ce sp=0x0000004cc7bf7e18 mode 0
Event: 23.450 Thread 0x0000019690965800 Uncommon trap: trap_request=0xffffff4d fr.pc=0x0000019687e46fdc relative=0x000000000000113c
Event: 23.450 Thread 0x0000019690965800 Uncommon trap: reason=unstable_if action=reinterpret pc=0x0000019687e46fdc method=java.util.HashMap.computeIfAbsent(Ljava/lang/Object;Ljava/util/function/Function;)Ljava/lang/Object; @ 145 c2
Event: 23.450 Thread 0x0000019690965800 DEOPT PACKING pc=0x0000019687e46fdc sp=0x0000004cc79f9580
Event: 23.450 Thread 0x0000019690965800 DEOPT UNPACKING pc=0x00000196800278af sp=0x0000004cc79f9560 mode 2
Event: 23.471 Thread 0x0000019690964000 Uncommon trap: trap_request=0xffffff4d fr.pc=0x0000019687df8308 relative=0x0000000000000428
Event: 23.471 Thread 0x0000019690964000 Uncommon trap: reason=unstable_if action=reinterpret pc=0x0000019687df8308 method=java.util.TreeMap.put(Ljava/lang/Object;Ljava/lang/Object;)Ljava/lang/Object; @ 163 c2
Event: 23.471 Thread 0x0000019690964000 DEOPT PACKING pc=0x0000019687df8308 sp=0x0000004cc78f9880
Event: 23.471 Thread 0x0000019690964000 DEOPT UNPACKING pc=0x00000196800278af sp=0x0000004cc78f9840 mode 2
Event: 23.565 Thread 0x0000019690964000 Uncommon trap: trap_request=0xffffff4d fr.pc=0x0000019687e1bdf4 relative=0x0000000000000674
Event: 23.565 Thread 0x0000019690964000 Uncommon trap: reason=unstable_if action=reinterpret pc=0x0000019687e1bdf4 method=java.util.HashMap$HashIterator.<init>(Ljava/util/HashMap;)V @ 45 c2
Event: 23.565 Thread 0x0000019690964000 DEOPT PACKING pc=0x0000019687e1bdf4 sp=0x0000004cc78f99a0
Event: 23.565 Thread 0x0000019690964000 DEOPT UNPACKING pc=0x00000196800278af sp=0x0000004cc78f9830 mode 2

Classes redefined (0 events):
No events

Internal exceptions (20 events):
Event: 22.764 Thread 0x0000019690964000 Exception <a 'java/lang/NoSuchMethodError'{0x000000008d4e19a8}: 'int java.lang.invoke.DirectMethodHandle$Holder.invokeSpecial(java.lang.Object, java.lang.Object, java.lang.Object, java.lang.Object, java.lang.Object)'> (0x000000008d4e19a8) thrown at [./src/hotspot/share/interpreter/linkResolver.cpp, line 773]
Event: 22.764 Thread 0x0000019690963000 Exception <a 'java/lang/NoSuchMethodError'{0x000000008d4fd328}: 'int java.lang.invoke.DirectMethodHandle$Holder.invokeSpecial(java.lang.Object, java.lang.Object, java.lang.Object, java.lang.Object, java.lang.Object)'> (0x000000008d4fd328) thrown at [./src/hotspot/share/interpreter/linkResolver.cpp, line 773]
Event: 23.042 Thread 0x0000019690963000 Exception <a 'java/lang/NoSuchMethodError'{0x000000008f603040}: 'java.lang.Object java.lang.invoke.DirectMethodHandle$Holder.invokeVirtual(java.lang.Object, java.lang.Object, int, java.lang.Object)'> (0x000000008f603040) thrown at [./src/hotspot/share/interpreter/linkResolver.cpp, line 773]
Event: 23.042 Thread 0x0000019690965800 Exception <a 'java/lang/NoSuchMethodError'{0x000000008fb94290}: 'java.lang.Object java.lang.invoke.DirectMethodHandle$Holder.invokeVirtual(java.lang.Object, java.lang.Object, int, java.lang.Object)'> (0x000000008fb94290) thrown at [./src/hotspot/share/interpreter/linkResolver.cpp, line 773]
Event: 23.112 Thread 0x0000019690964000 Exception <a 'java/lang/NoSuchMethodError'{0x000000008ee739a0}: 'void java.lang.invoke.DirectMethodHandle$Holder.invokeVirtual(java.lang.Object, java.lang.Object, int, java.lang.Object)'> (0x000000008ee739a0) thrown at [./src/hotspot/share/interpreter/linkResolver.cpp, line 773]
Event: 23.112 Thread 0x0000019690a85000 Exception <a 'java/lang/NoSuchMethodError'{0x000000008f405f40}: 'void java.lang.invoke.DirectMethodHandle$Holder.invokeVirtual(java.lang.Object, java.lang.Object, int, java.lang.Object)'> (0x000000008f405f40) thrown at [./src/hotspot/share/interpreter/linkResolver.cpp, line 773]
Event: 23.112 Thread 0x0000019690963000 Exception <a 'java/lang/NoSuchMethodError'{0x000000008eb7cbb8}: 'void java.lang.invoke.DirectMethodHandle$Holder.invokeVirtual(java.lang.Object, java.lang.Object, int, java.lang.Object)'> (0x000000008eb7cbb8) thrown at [./src/hotspot/share/interpreter/linkResolver.cpp, line 773]
Event: 23.241 Thread 0x0000019690964000 Exception <a 'java/lang/NoSuchMethodError'{0x000000008fb04e38}: 'int java.lang.invoke.DirectMethodHandle$Holder.invokeSpecial(java.lang.Object, java.lang.Object, java.lang.Object, int, java.lang.Object)'> (0x000000008fb04e38) thrown at [./src/hotspot/share/interpreter/linkResolver.cpp, line 773]
Event: 23.257 Thread 0x0000019690964000 Exception <a 'java/lang/IncompatibleClassChangeError'{0x000000008f411cf8}: Found class java.lang.Object, but interface was expected> (0x000000008f411cf8) thrown at [./src/hotspot/share/interpreter/linkResolver.cpp, line 839]
Event: 23.257 Thread 0x0000019690a85000 Exception <a 'java/lang/IncompatibleClassChangeError'{0x000000008f4512f8}: Found class java.lang.Object, but interface was expected> (0x000000008f4512f8) thrown at [./src/hotspot/share/interpreter/linkResolver.cpp, line 839]
Event: 23.257 Thread 0x0000019690963000 Exception <a 'java/lang/IncompatibleClassChangeError'{0x000000008f418688}: Found class java.lang.Object, but interface was expected> (0x000000008f418688) thrown at [./src/hotspot/share/interpreter/linkResolver.cpp, line 839]
Event: 23.257 Thread 0x0000019690964800 Exception <a 'java/lang/IncompatibleClassChangeError'{0x000000008f40b660}: Found class java.lang.Object, but interface was expected> (0x000000008f40b660) thrown at [./src/hotspot/share/interpreter/linkResolver.cpp, line 839]
Event: 23.258 Thread 0x0000019690965800 Exception <a 'java/lang/IncompatibleClassChangeError'{0x000000008f448d08}: Found class java.lang.Object, but interface was expected> (0x000000008f448d08) thrown at [./src/hotspot/share/interpreter/linkResolver.cpp, line 839]
Event: 23.258 Thread 0x0000019690964000 Exception <a 'java/lang/IncompatibleClassChangeError'{0x000000008f4feeb8}: Found class java.lang.Object, but interface was expected> (0x000000008f4feeb8) thrown at [./src/hotspot/share/interpreter/linkResolver.cpp, line 839]
Event: 23.259 Thread 0x0000019690964800 Exception <a 'java/lang/IncompatibleClassChangeError'{0x000000008f4624e0}: Found class java.lang.Object, but interface was expected> (0x000000008f4624e0) thrown at [./src/hotspot/share/interpreter/linkResolver.cpp, line 839]
Event: 23.259 Thread 0x0000019690a85000 Exception <a 'java/lang/IncompatibleClassChangeError'{0x000000008f454a70}: Found class java.lang.Object, but interface was expected> (0x000000008f454a70) thrown at [./src/hotspot/share/interpreter/linkResolver.cpp, line 839]
Event: 23.259 Thread 0x0000019690963000 Exception <a 'java/lang/IncompatibleClassChangeError'{0x000000008f4582f0}: Found class java.lang.Object, but interface was expected> (0x000000008f4582f0) thrown at [./src/hotspot/share/interpreter/linkResolver.cpp, line 839]
Event: 23.282 Thread 0x0000019690964800 Exception <a 'java/lang/NoSuchMethodError'{0x000000008eea4918}: 'java.lang.Object java.lang.invoke.DirectMethodHandle$Holder.newInvokeSpecial(java.lang.Object, int)'> (0x000000008eea4918) thrown at [./src/hotspot/share/interpreter/linkResolver.cpp, line 773]
Event: 23.285 Thread 0x0000019690965800 Exception <a 'java/lang/NoSuchMethodError'{0x000000008ee98330}: 'java.lang.Object java.lang.invoke.DirectMethodHandle$Holder.newInvokeSpecial(java.lang.Object, int)'> (0x000000008ee98330) thrown at [./src/hotspot/share/interpreter/linkResolver.cpp, line 773]
Event: 23.546 Thread 0x0000019690964000 Exception <a 'java/lang/NoSuchMethodError'{0x000000008fcb3d38}: 'int java.lang.invoke.DirectMethodHandle$Holder.invokeInterface(java.lang.Object, java.lang.Object, int)'> (0x000000008fcb3d38) thrown at [./src/hotspot/share/interpreter/linkResolver.cpp, line 773]

Events (20 events):
Event: 23.780 loading class com/android/tools/r8/internal/Bt done
Event: 23.780 loading class com/android/tools/r8/internal/D1
Event: 23.780 loading class com/android/tools/r8/internal/D1 done
Event: 23.784 loading class com/android/tools/r8/internal/K3$a
Event: 23.784 loading class com/android/tools/r8/internal/K3$a done
Event: 23.785 loading class com/android/tools/r8/code/d
Event: 23.785 loading class com/android/tools/r8/code/d done
Event: 23.786 loading class com/android/tools/r8/code/a
Event: 23.786 loading class com/android/tools/r8/code/a done
Event: 23.786 loading class com/android/tools/r8/code/c
Event: 23.786 loading class com/android/tools/r8/code/c done
Event: 23.790 loading class com/android/tools/r8/code/f
Event: 23.790 loading class com/android/tools/r8/code/f done
Event: 23.791 loading class com/android/tools/r8/code/j
Event: 23.791 loading class com/android/tools/r8/code/j done
Event: 23.791 loading class com/android/tools/r8/code/g
Event: 23.791 loading class com/android/tools/r8/code/g done
Event: 23.792 loading class com/android/tools/r8/code/e
Event: 23.792 loading class com/android/tools/r8/code/e done
Event: 23.793 Executing VM operation: G1CollectForAllocation


Dynamic libraries:
0x00007ff674cf0000 - 0x00007ff674cfa000 	C:\Program Files\Android\Android Studio1\jre\bin\java.exe
0x00007ffee6580000 - 0x00007ffee6789000 	C:\WINDOWS\SYSTEM32\ntdll.dll
0x00007ffee5200000 - 0x00007ffee52bd000 	C:\WINDOWS\System32\KERNEL32.DLL
0x00007ffee3c10000 - 0x00007ffee3f84000 	C:\WINDOWS\System32\KERNELBASE.dll
0x00007ffee3a70000 - 0x00007ffee3b81000 	C:\WINDOWS\System32\ucrtbase.dll
0x00007ffed0300000 - 0x00007ffed0317000 	C:\Program Files\Android\Android Studio1\jre\bin\VCRUNTIME140.dll
0x00007ffed02a0000 - 0x00007ffed02b9000 	C:\Program Files\Android\Android Studio1\jre\bin\jli.dll
0x00007ffee4dc0000 - 0x00007ffee4f6c000 	C:\WINDOWS\System32\USER32.dll
0x00007ffece2f0000 - 0x00007ffece595000 	C:\WINDOWS\WinSxS\amd64_microsoft.windows.common-controls_6595b64144ccf1df_6.0.22000.120_none_9d947278b86cc467\COMCTL32.dll
0x00007ffee40c0000 - 0x00007ffee40e6000 	C:\WINDOWS\System32\win32u.dll
0x00007ffee5950000 - 0x00007ffee59f3000 	C:\WINDOWS\System32\msvcrt.dll
0x00007ffee5920000 - 0x00007ffee5949000 	C:\WINDOWS\System32\GDI32.dll
0x00007ffee4190000 - 0x00007ffee42a2000 	C:\WINDOWS\System32\gdi32full.dll
0x00007ffee40f0000 - 0x00007ffee418d000 	C:\WINDOWS\System32\msvcp_win.dll
0x00007ffee4d80000 - 0x00007ffee4db1000 	C:\WINDOWS\System32\IMM32.DLL
0x00007ffeaca90000 - 0x00007ffeacb2d000 	C:\Program Files\Android\Android Studio1\jre\bin\msvcp140.dll
0x00007ffe973a0000 - 0x00007ffe97e6f000 	C:\Program Files\Android\Android Studio1\jre\bin\server\jvm.dll
0x00007ffee4f70000 - 0x00007ffee501e000 	C:\WINDOWS\System32\ADVAPI32.dll
0x00007ffee5160000 - 0x00007ffee51fe000 	C:\WINDOWS\System32\sechost.dll
0x00007ffee5040000 - 0x00007ffee5160000 	C:\WINDOWS\System32\RPCRT4.dll
0x00007ffee5a00000 - 0x00007ffee5a08000 	C:\WINDOWS\System32\PSAPI.DLL
0x00007ffec1120000 - 0x00007ffec1129000 	C:\WINDOWS\SYSTEM32\WSOCK32.dll
0x00007ffedc4b0000 - 0x00007ffedc4e3000 	C:\WINDOWS\SYSTEM32\WINMM.dll
0x00007ffed5670000 - 0x00007ffed567a000 	C:\WINDOWS\SYSTEM32\VERSION.dll
0x00007ffee5a10000 - 0x00007ffee5a7f000 	C:\WINDOWS\System32\WS2_32.dll
0x00007ffee2c60000 - 0x00007ffee2c78000 	C:\WINDOWS\SYSTEM32\kernel.appcore.dll
0x00007ffedc920000 - 0x00007ffedc931000 	C:\Program Files\Android\Android Studio1\jre\bin\verify.dll
0x00007ffee1070000 - 0x00007ffee1291000 	C:\WINDOWS\SYSTEM32\DBGHELP.DLL
0x00007ffec4850000 - 0x00007ffec4881000 	C:\WINDOWS\SYSTEM32\dbgcore.DLL
0x00007ffee3b90000 - 0x00007ffee3c0f000 	C:\WINDOWS\System32\bcryptPrimitives.dll
0x00007ffedc610000 - 0x00007ffedc639000 	C:\Program Files\Android\Android Studio1\jre\bin\java.dll
0x00007ffedd910000 - 0x00007ffedd91b000 	C:\Program Files\Android\Android Studio1\jre\bin\jimage.dll
0x00007ffed2de0000 - 0x00007ffed2df8000 	C:\Program Files\Android\Android Studio1\jre\bin\zip.dll
0x00007ffee5a80000 - 0x00007ffee622e000 	C:\WINDOWS\System32\SHELL32.dll
0x00007ffee1bf0000 - 0x00007ffee2458000 	C:\WINDOWS\SYSTEM32\windows.storage.dll
0x00007ffee4a00000 - 0x00007ffee4d78000 	C:\WINDOWS\System32\combase.dll
0x00007ffee1a80000 - 0x00007ffee1be6000 	C:\WINDOWS\SYSTEM32\wintypes.dll
0x00007ffee6230000 - 0x00007ffee631a000 	C:\WINDOWS\System32\SHCORE.dll
0x00007ffee53f0000 - 0x00007ffee544d000 	C:\WINDOWS\System32\shlwapi.dll
0x00007ffee39a0000 - 0x00007ffee39c1000 	C:\WINDOWS\SYSTEM32\profapi.dll
0x00007ffed0240000 - 0x00007ffed025a000 	C:\Program Files\Android\Android Studio1\jre\bin\net.dll
0x00007ffeddd60000 - 0x00007ffedde6c000 	C:\WINDOWS\SYSTEM32\WINHTTP.dll
0x00007ffee3090000 - 0x00007ffee30f7000 	C:\WINDOWS\system32\mswsock.dll
0x00007ffed00b0000 - 0x00007ffed00c4000 	C:\Program Files\Android\Android Studio1\jre\bin\nio.dll
0x00007ffed0320000 - 0x00007ffed0347000 	C:\Users\ASUS\.gradle\native\8bec1ad78214c89d9ad589b4d07fe93259594b29d510b10fafb7a158f7737e5d\windows-amd64\native-platform.dll
0x00007ffea23e0000 - 0x00007ffea251d000 	C:\Users\ASUS\.gradle\native\53dbd7edfb1c66fb8903c78663c9afc45aea4f116125fa6feffd364cf09443e8\windows-amd64\native-platform-file-events.dll
0x00007ffedc4f0000 - 0x00007ffedc4fa000 	C:\Program Files\Android\Android Studio1\jre\bin\management.dll
0x00007ffed2dd0000 - 0x00007ffed2ddc000 	C:\Program Files\Android\Android Studio1\jre\bin\management_ext.dll
0x00007ffee32d0000 - 0x00007ffee32e8000 	C:\WINDOWS\SYSTEM32\CRYPTSP.dll
0x00007ffee2bc0000 - 0x00007ffee2bf5000 	C:\WINDOWS\system32\rsaenh.dll
0x00007ffee3180000 - 0x00007ffee31a9000 	C:\WINDOWS\SYSTEM32\USERENV.dll
0x00007ffee3450000 - 0x00007ffee3477000 	C:\WINDOWS\SYSTEM32\bcrypt.dll
0x00007ffee32f0000 - 0x00007ffee32fc000 	C:\WINDOWS\SYSTEM32\CRYPTBASE.dll
0x00007ffee2790000 - 0x00007ffee27bd000 	C:\WINDOWS\SYSTEM32\IPHLPAPI.DLL
0x00007ffee52c0000 - 0x00007ffee52c9000 	C:\WINDOWS\System32\NSI.dll
0x00007ffeddf40000 - 0x00007ffeddf59000 	C:\WINDOWS\SYSTEM32\dhcpcsvc6.DLL
0x00007ffede330000 - 0x00007ffede34e000 	C:\WINDOWS\SYSTEM32\dhcpcsvc.DLL
0x00007ffee2800000 - 0x00007ffee28e7000 	C:\WINDOWS\SYSTEM32\DNSAPI.dll

dbghelp: loaded successfully - version: 4.0.5 - missing functions: none
symbol engine: initialized successfully - sym options: 0x614 - pdb path: .;C:\Program Files\Android\Android Studio1\jre\bin;C:\WINDOWS\SYSTEM32;C:\WINDOWS\WinSxS\amd64_microsoft.windows.common-controls_6595b64144ccf1df_6.0.22000.120_none_9d947278b86cc467;C:\Program Files\Android\Android Studio1\jre\bin\server;C:\Users\ASUS\.gradle\native\8bec1ad78214c89d9ad589b4d07fe93259594b29d510b10fafb7a158f7737e5d\windows-amd64;C:\Users\ASUS\.gradle\native\53dbd7edfb1c66fb8903c78663c9afc45aea4f116125fa6feffd364cf09443e8\windows-amd64

VM Arguments:
jvm_args: --add-opens=java.base/java.util=ALL-UNNAMED --add-opens=java.base/java.lang=ALL-UNNAMED --add-opens=java.base/java.lang.invoke=ALL-UNNAMED --add-opens=java.base/java.util=ALL-UNNAMED --add-opens=java.prefs/java.util.prefs=ALL-UNNAMED --add-opens=java.prefs/java.util.prefs=ALL-UNNAMED --add-opens=java.base/java.nio.charset=ALL-UNNAMED --add-opens=java.base/java.net=ALL-UNNAMED --add-opens=java.base/java.util.concurrent.atomic=ALL-UNNAMED -Xmx2048m -Dfile.encoding=UTF-8 -Duser.country=ID -Duser.language=en -Duser.variant 
java_command: org.gradle.launcher.daemon.bootstrap.GradleDaemon 7.0.2
java_class_path (initial): C:\Users\ASUS\.gradle\wrapper\dists\gradle-7.0.2-bin\857tjihv64xamwrf0h14cai3r\gradle-7.0.2\lib\gradle-launcher-7.0.2.jar
Launcher Type: SUN_STANDARD

[Global flags]
     intx CICompilerCount                          = 4                                         {product} {ergonomic}
     uint ConcGCThreads                            = 2                                         {product} {ergonomic}
     uint G1ConcRefinementThreads                  = 8                                         {product} {ergonomic}
   size_t G1HeapRegionSize                         = 1048576                                   {product} {ergonomic}
    uintx GCDrainStackTargetSize                   = 64                                        {product} {ergonomic}
   size_t InitialHeapSize                          = 132120576                                 {product} {ergonomic}
   size_t MarkStackSize                            = 4194304                                   {product} {ergonomic}
   size_t MaxHeapSize                              = 2147483648                                {product} {command line}
   size_t MaxNewSize                               = 1287651328                                {product} {ergonomic}
   size_t MinHeapDeltaBytes                        = 1048576                                   {product} {ergonomic}
    uintx NonNMethodCodeHeapSize                   = 5836300                                {pd product} {ergonomic}
    uintx NonProfiledCodeHeapSize                  = 122910970                              {pd product} {ergonomic}
    uintx ProfiledCodeHeapSize                     = 122910970                              {pd product} {ergonomic}
    uintx ReservedCodeCacheSize                    = 251658240                              {pd product} {ergonomic}
     bool SegmentedCodeCache                       = true                                      {product} {ergonomic}
     bool UseCompressedClassPointers               = true                                 {lp64_product} {ergonomic}
     bool UseCompressedOops                        = true                                 {lp64_product} {ergonomic}
     bool UseG1GC                                  = true                                      {product} {ergonomic}
     bool UseLargePagesIndividualAllocation        = false                                  {pd product} {ergonomic}

Logging:
Log output configuration:
 #0: stdout all=warning uptime,level,tags
 #1: stderr all=off uptime,level,tags

Environment Variables:
PATH=C:\Users\ASUS\platform-tools_r31.0.3-windows\platform-tools\systrace\catapult\common\bin;C:\Python310\;C:\ProgramData\Oracle\Java\javapath;C:\Program Files\Common Files\Oracle\Java\javapath;C:\Windows\system32;C:\Windows;C:\Windows\System32\Wbem;C:\Windows\System32\WindowsPowerShell\v1.0\;C:\Windows\System32\OpenSSH\;C:\Program Files (x86)\NVIDIA Corporation\PhysX\Common;C:\Program Files\NVIDIA Corporation\NVIDIA NvDLISR;C:\composer;C:\ProgramData\ComposerSetup\bin;C:\Program Files\gradle-6.9.1\bin;C:\WINDOWS\system32;C:\WINDOWS;C:\WINDOWS\System32\Wbem;C:\WINDOWS\System32\WindowsPowerShell\v1.0\;C:\WINDOWS\System32\OpenSSH\;C:\Program Files\nodejs\;C:\ProgramData\chocolatey\bin;C:\Users\ASUS\flutter\bin;C:\Program Files\Git\bin;C:\Program Files\Git\cmd;C:\Users\ASUS\AppData\Local\Android\sdk\tools\bin;C:\Users\ASUS\flutter\bin;C:\Users\ASUS\AppData\Local\Microsoft\WindowsApps;C:\Program Files\MongoDB\Server\4.4\bin;C:\xampp\php;C:\Users\ASUS\AppData\Roaming\Composer\vendor\bin;C:\Python27;C:\Program Files\gradle-6.9.1\bin;C:\Users\ASUS\AppData\Roaming\npm;C:\Users\ASUS\AppData\Local\Android\sdk\tools\bin;C:\Users\ASUS\AppData\Local\Programs\Microsoft VS Code\bin
USERNAME=ASUS
OS=Windows_NT
PROCESSOR_IDENTIFIER=Intel64 Family 6 Model 158 Stepping 10, GenuineIntel



---------------  S Y S T E M  ---------------

OS: Windows 10 , 64 bit Build 22000 (10.0.22000.434)
OS uptime: 9 days 2:19 hours

CPU:total 8 (initial active 8) (4 cores per cpu, 2 threads per core) family 6 model 158 stepping 10 microcode 0xde, cmov, cx8, fxsr, mmx, sse, sse2, sse3, ssse3, sse4.1, sse4.2, popcnt, avx, avx2, aes, clmul, erms, 3dnowpref, lzcnt, ht, tsc, tscinvbit, bmi1, bmi2, adx, fma

Memory: 4k page, system-wide physical 8047M (58M free)
TotalPageFile size 32623M (AvailPageFile size 48M)
current process WorkingSet (physical memory assigned to process): 547M, peak: 547M
current process commit charge ("private bytes"): 632M, peak: 702M

vm_info: OpenJDK 64-Bit Server VM (11.0.10+0-b96-7249189) for windows-amd64 JRE (11.0.10+0-b96-7249189), built on Mar 31 2021 21:44:00 by "builder" with MS VC++ 14.0 (VS2015)

END.
