#
# There is insufficient memory for the Java Runtime Environment to continue.
# Native memory allocation (malloc) failed to allocate 895776 bytes for Chunk::new
# Possible reasons:
#   The system is out of physical RAM or swap space
#   The process is running with CompressedOops enabled, and the Java Heap may be blocking the growth of the native heap
# Possible solutions:
#   Reduce memory load on the system
#   Increase physical memory or swap space
#   Check if swap backing store is full
#   Decrease Java heap size (-Xmx/-Xms)
#   Decrease number of Java threads
#   Decrease Java thread stack sizes (-Xss)
#   Set larger code cache with -XX:ReservedCodeCacheSize=
#   JVM is running with Unscaled Compressed Oops mode in which the Java heap is
#     placed in the first 4GB address space. The Java Heap base address is the
#     maximum limit for the native heap growth. Please use -XX:HeapBaseMinAddress
#     to set the Java Heap base and to place the Java Heap above 4GB virtual address.
# This output file may be truncated or incomplete.
#
#  Out of Memory Error (./src/hotspot/share/memory/arena.cpp:197), pid=16908, tid=8152
#
# JRE version: OpenJDK Runtime Environment (11.0.10) (build 11.0.10+0-b96-7249189)
# Java VM: OpenJDK 64-Bit Server VM (11.0.10+0-b96-7249189, mixed mode, tiered, compressed oops, g1 gc, windows-amd64)
# No core dump will be written. Minidumps are not enabled by default on client versions of Windows
#

---------------  S U M M A R Y ------------

Command Line: --add-opens=java.base/java.util=ALL-UNNAMED --add-opens=java.base/java.lang=ALL-UNNAMED --add-opens=java.base/java.lang.invoke=ALL-UNNAMED --add-opens=java.base/java.util=ALL-UNNAMED --add-opens=java.prefs/java.util.prefs=ALL-UNNAMED --add-opens=java.prefs/java.util.prefs=ALL-UNNAMED --add-opens=java.base/java.nio.charset=ALL-UNNAMED --add-opens=java.base/java.net=ALL-UNNAMED --add-opens=java.base/java.util.concurrent.atomic=ALL-UNNAMED -Xmx2048m -Dfile.encoding=UTF-8 -Duser.country=ID -Duser.language=en -Duser.variant org.gradle.launcher.daemon.bootstrap.GradleDaemon 7.0.2

Host: Intel(R) Core(TM) i5-8300H CPU @ 2.30GHz, 8 cores, 7G,  Windows 10 , 64 bit Build 22000 (10.0.22000.434)
Time: Wed Mar 30 10:17:35 2022 SE Asia Standard Time elapsed time: 215.629264 seconds (0d 0h 3m 35s)

---------------  T H R E A D  ---------------

Current thread (0x0000020ef1733800):  JavaThread "C2 CompilerThread0" daemon [_thread_in_native, id=8152, stack(0x000000c628b00000,0x000000c628c00000)]


Current CompileTask:
C2: 215629 18594 %     4       com.android.tools.r8.internal.U6::a @ 66 (6044 bytes)

Stack: [0x000000c628b00000,0x000000c628c00000]
Native frames: (J=compiled Java code, j=interpreted, Vv=VM code, C=native code)
V  [jvm.dll+0x5ecfaa]
V  [jvm.dll+0x722bd5]
V  [jvm.dll+0x72412d]
V  [jvm.dll+0x7247e3]
V  [jvm.dll+0x242928]
V  [jvm.dll+0xbc4fc]
V  [jvm.dll+0xbca0c]
V  [jvm.dll+0x2b4fd4]
V  [jvm.dll+0x506028]
V  [jvm.dll+0x203253]
V  [jvm.dll+0x1fd07c]
V  [jvm.dll+0x1fa77f]
V  [jvm.dll+0x18354c]
V  [jvm.dll+0x208ee7]
V  [jvm.dll+0x207731]
V  [jvm.dll+0x6eb1cf]
V  [jvm.dll+0x6e3d45]
V  [jvm.dll+0x5ebe96]
C  [ucrtbase.dll+0x26c0c]
C  [KERNEL32.DLL+0x154e0]
C  [ntdll.dll+0x485b]


---------------  P R O C E S S  ---------------

Threads class SMR info:
_java_thread_list=0x0000020ef2be92a0, length=64, elements={
0x0000020ed52f2000, 0x0000020ef1715000, 0x0000020ef1716000, 0x0000020ef2092800,
0x0000020ef172f000, 0x0000020ef1731800, 0x0000020ef1733800, 0x0000020ef1737800,
0x0000020ef1748800, 0x0000020ef21dd000, 0x0000020ef40fa000, 0x0000020ef3777800,
0x0000020ef3923800, 0x0000020ef4262000, 0x0000020ef4261000, 0x0000020ef4262800,
0x0000020ef425d000, 0x0000020ef425e800, 0x0000020ef425f800, 0x0000020ef4263800,
0x0000020ef62a2000, 0x0000020ef62a3800, 0x0000020ef629e800, 0x0000020ef62a4800,
0x0000020ef62a5000, 0x0000020ef62a1000, 0x0000020ef62a0000, 0x0000020ef62a8800,
0x0000020ef43b3000, 0x0000020ef43b5000, 0x0000020ef43ae800, 0x0000020ef43b4000,
0x0000020ef62aa000, 0x0000020ef43af000, 0x0000020ef43b5800, 0x0000020ef43b1800,
0x0000020ef43b0000, 0x0000020ef43b6800, 0x0000020ef43b2800, 0x0000020ef43b0800,
0x0000020ef43b7800, 0x0000020ef43bd000, 0x0000020ef43b8000, 0x0000020ef43ba800,
0x0000020ef43bb800, 0x0000020ef43b9800, 0x0000020ef43b9000, 0x0000020ef43bc000,
0x0000020ef629f800, 0x0000020ef62a7800, 0x0000020ef62a6000, 0x0000020ef62a2800,
0x0000020ef62ab800, 0x0000020ef62ac800, 0x0000020ef62a9000, 0x0000020ef62ad000,
0x0000020ef425d800, 0x0000020ef4260000, 0x0000020ef83db000, 0x0000020ef83d8800,
0x0000020ef83d6800, 0x0000020ef83da800, 0x0000020ef83dc000, 0x0000020ef83d8000
}

Java Threads: ( => current thread )
  0x0000020ed52f2000 JavaThread "main" [_thread_blocked, id=1368, stack(0x000000c627f00000,0x000000c628000000)]
  0x0000020ef1715000 JavaThread "Reference Handler" daemon [_thread_blocked, id=13688, stack(0x000000c628600000,0x000000c628700000)]
  0x0000020ef1716000 JavaThread "Finalizer" daemon [_thread_blocked, id=3068, stack(0x000000c628700000,0x000000c628800000)]
  0x0000020ef2092800 JavaThread "Signal Dispatcher" daemon [_thread_blocked, id=15252, stack(0x000000c628800000,0x000000c628900000)]
  0x0000020ef172f000 JavaThread "Attach Listener" daemon [_thread_blocked, id=18128, stack(0x000000c628900000,0x000000c628a00000)]
  0x0000020ef1731800 JavaThread "Service Thread" daemon [_thread_blocked, id=17032, stack(0x000000c628a00000,0x000000c628b00000)]
=>0x0000020ef1733800 JavaThread "C2 CompilerThread0" daemon [_thread_in_native, id=8152, stack(0x000000c628b00000,0x000000c628c00000)]
  0x0000020ef1737800 JavaThread "C1 CompilerThread0" daemon [_thread_in_native, id=2188, stack(0x000000c628c00000,0x000000c628d00000)]
  0x0000020ef1748800 JavaThread "Sweeper thread" daemon [_thread_blocked, id=5272, stack(0x000000c628d00000,0x000000c628e00000)]
  0x0000020ef21dd000 JavaThread "Common-Cleaner" daemon [_thread_blocked, id=11260, stack(0x000000c628e00000,0x000000c628f00000)]
  0x0000020ef40fa000 JavaThread "Daemon health stats" [_thread_blocked, id=4104, stack(0x000000c629200000,0x000000c629300000)]
  0x0000020ef3777800 JavaThread "Incoming local TCP Connector on port 54083" [_thread_in_native, id=4404, stack(0x000000c629300000,0x000000c629400000)]
  0x0000020ef3923800 JavaThread "Daemon periodic checks" [_thread_blocked, id=17224, stack(0x000000c629400000,0x000000c629500000)]
  0x0000020ef4262000 JavaThread "Cache worker for file hash cache (C:\Users\ASUS\.gradle\caches\7.0.2\fileHashes)" [_thread_blocked, id=15812, stack(0x000000c62a100000,0x000000c62a200000)]
  0x0000020ef4261000 JavaThread "File lock request listener" [_thread_in_native, id=7432, stack(0x000000c62a200000,0x000000c62a300000)]
  0x0000020ef4262800 JavaThread "Cache worker for journal cache (C:\Users\ASUS\.gradle\caches\journal-1)" [_thread_blocked, id=9088, stack(0x000000c62a400000,0x000000c62a500000)]
  0x0000020ef425d000 JavaThread "File watcher server" daemon [_thread_in_native, id=10996, stack(0x000000c62a600000,0x000000c62a700000)]
  0x0000020ef425e800 JavaThread "File watcher consumer" daemon [_thread_blocked, id=8728, stack(0x000000c62a700000,0x000000c62a800000)]
  0x0000020ef425f800 JavaThread "jar transforms" [_thread_blocked, id=8644, stack(0x000000c62a800000,0x000000c62a900000)]
  0x0000020ef4263800 JavaThread "jar transforms Thread 2" [_thread_blocked, id=12116, stack(0x000000c62a900000,0x000000c62aa00000)]
  0x0000020ef62a2000 JavaThread "jar transforms Thread 3" [_thread_blocked, id=872, stack(0x000000c62aa00000,0x000000c62ab00000)]
  0x0000020ef62a3800 JavaThread "jar transforms Thread 4" [_thread_blocked, id=5436, stack(0x000000c62ab00000,0x000000c62ac00000)]
  0x0000020ef629e800 JavaThread "jar transforms Thread 5" [_thread_blocked, id=6540, stack(0x000000c62ac00000,0x000000c62ad00000)]
  0x0000020ef62a4800 JavaThread "jar transforms Thread 6" [_thread_blocked, id=15240, stack(0x000000c62ad00000,0x000000c62ae00000)]
  0x0000020ef62a5000 JavaThread "jar transforms Thread 7" [_thread_blocked, id=2304, stack(0x000000c62ae00000,0x000000c62af00000)]
  0x0000020ef62a1000 JavaThread "jar transforms Thread 8" [_thread_blocked, id=14528, stack(0x000000c62af00000,0x000000c62b000000)]
  0x0000020ef62a0000 JavaThread "Cache worker for execution history cache (C:\Users\ASUS\.gradle\caches\7.0.2\executionHistory)" [_thread_blocked, id=4760, stack(0x000000c62b300000,0x000000c62b400000)]
  0x0000020ef62a8800 JavaThread "Cache worker for file content cache (C:\Users\ASUS\.gradle\caches\7.0.2\fileContent)" [_thread_blocked, id=6536, stack(0x000000c62b400000,0x000000c62b500000)]
  0x0000020ef43b3000 JavaThread "Memory manager" [_thread_blocked, id=5720, stack(0x000000c62bf00000,0x000000c62c000000)]
  0x0000020ef43b5000 JavaThread "pool-3-thread-1" [_thread_blocked, id=17176, stack(0x000000c62c000000,0x000000c62c100000)]
  0x0000020ef43ae800 JavaThread "Daemon Thread 2" [_thread_blocked, id=6600, stack(0x000000c627c00000,0x000000c627d00000)]
  0x0000020ef43b4000 JavaThread "Daemon worker Thread 2" [_thread_blocked, id=11948, stack(0x000000c629500000,0x000000c629600000)]
  0x0000020ef62aa000 JavaThread "pool-6-thread-1" [_thread_blocked, id=12172, stack(0x000000c62bc00000,0x000000c62bd00000)]
  0x0000020ef43af000 JavaThread "Handler for socket connection from /127.0.0.1:54083 to /127.0.0.1:54214" [_thread_in_native, id=15580, stack(0x000000c627d00000,0x000000c627e00000)]
  0x0000020ef43b5800 JavaThread "Cancel handler" [_thread_blocked, id=9580, stack(0x000000c627e00000,0x000000c627f00000)]
  0x0000020ef43b1800 JavaThread "Asynchronous log dispatcher for DefaultDaemonConnection: socket connection from /127.0.0.1:54083 to /127.0.0.1:54214" [_thread_blocked, id=16468, stack(0x000000c629600000,0x000000c629700000)]
  0x0000020ef43b0000 JavaThread "Stdin handler" [_thread_blocked, id=12856, stack(0x000000c629700000,0x000000c629800000)]
  0x0000020ef43b6800 JavaThread "Daemon client event forwarder" [_thread_blocked, id=12104, stack(0x000000c629800000,0x000000c629900000)]
  0x0000020ef43b2800 JavaThread "Cache worker for file hash cache (C:\Users\ASUS\AndroidStudioProjects\gigiibuhamil\.gradle\7.0.2\fileHashes)" [_thread_blocked, id=5020, stack(0x000000c629900000,0x000000c629a00000)]
  0x0000020ef43b0800 JavaThread "Cache worker for checksums cache (C:\Users\ASUS\AndroidStudioProjects\gigiibuhamil\.gradle\checksums)" [_thread_blocked, id=16708, stack(0x000000c629a00000,0x000000c629b00000)]
  0x0000020ef43b7800 JavaThread "Cache worker for cache directory md-supplier (C:\Users\ASUS\.gradle\caches\7.0.2\md-supplier)" [_thread_blocked, id=2996, stack(0x000000c629b00000,0x000000c629c00000)]
  0x0000020ef43bd000 JavaThread "Cache worker for cache directory md-rule (C:\Users\ASUS\.gradle\caches\7.0.2\md-rule)" [_thread_blocked, id=12956, stack(0x000000c62a500000,0x000000c62a600000)]
  0x0000020ef43b8000 JavaThread "Cache worker for dependencies-accessors (C:\Users\ASUS\AndroidStudioProjects\gigiibuhamil\.gradle\7.0.2\dependencies-accessors)" [_thread_blocked, id=13332, stack(0x000000c62b000000,0x000000c62b100000)]
  0x0000020ef43ba800 JavaThread "Cache worker for Build Output Cleanup Cache (C:\Users\ASUS\AndroidStudioProjects\gigiibuhamil\.gradle\buildOutputCleanup)" [_thread_blocked, id=12604, stack(0x000000c62b100000,0x000000c62b200000)]
  0x0000020ef43bb800 JavaThread "Build operations" [_thread_blocked, id=8656, stack(0x000000c62b200000,0x000000c62b300000)]
  0x0000020ef43b9800 JavaThread "Build operations Thread 2" [_thread_in_Java, id=15764, stack(0x000000c62b500000,0x000000c62b600000)]
  0x0000020ef43b9000 JavaThread "Build operations Thread 3" [_thread_in_Java, id=8860, stack(0x000000c62b600000,0x000000c62b700000)]
  0x0000020ef43bc000 JavaThread "Build operations Thread 4" [_thread_in_vm, id=12624, stack(0x000000c62b700000,0x000000c62b800000)]
  0x0000020ef629f800 JavaThread "Build operations Thread 5" [_thread_in_Java, id=15588, stack(0x000000c62b800000,0x000000c62b900000)]
  0x0000020ef62a7800 JavaThread "Build operations Thread 6" [_thread_in_native, id=17628, stack(0x000000c62b900000,0x000000c62ba00000)]
  0x0000020ef62a6000 JavaThread "Build operations Thread 7" [_thread_in_Java, id=5908, stack(0x000000c62ba00000,0x000000c62bb00000)]
  0x0000020ef62a2800 JavaThread "Build operations Thread 8" [_thread_in_Java, id=9972, stack(0x000000c62bb00000,0x000000c62bc00000)]
  0x0000020ef62ab800 JavaThread "build event listener" [_thread_blocked, id=10564, stack(0x000000c62bd00000,0x000000c62be00000)]
  0x0000020ef62ac800 JavaThread "pool-9-thread-1" [_thread_blocked, id=18056, stack(0x000000c62be00000,0x000000c62bf00000)]
  0x0000020ef62a9000 JavaThread "build event listener" [_thread_blocked, id=16924, stack(0x000000c62c200000,0x000000c62c300000)]
  0x0000020ef62ad000 JavaThread "Execution worker for ':'" [_thread_blocked, id=15900, stack(0x000000c62c300000,0x000000c62c400000)]
  0x0000020ef425d800 JavaThread "Execution worker for ':' Thread 2" [_thread_blocked, id=15056, stack(0x000000c62c400000,0x000000c62c500000)]
  0x0000020ef4260000 JavaThread "Execution worker for ':' Thread 3" [_thread_blocked, id=1344, stack(0x000000c62c500000,0x000000c62c600000)]
  0x0000020ef83db000 JavaThread "Execution worker for ':' Thread 4" [_thread_blocked, id=10044, stack(0x000000c62c600000,0x000000c62c700000)]
  0x0000020ef83d8800 JavaThread "Execution worker for ':' Thread 5" [_thread_blocked, id=5928, stack(0x000000c62c700000,0x000000c62c800000)]
  0x0000020ef83d6800 JavaThread "Execution worker for ':' Thread 6" [_thread_blocked, id=932, stack(0x000000c62c800000,0x000000c62c900000)]
  0x0000020ef83da800 JavaThread "Execution worker for ':' Thread 7" [_thread_blocked, id=2528, stack(0x000000c62c900000,0x000000c62ca00000)]
  0x0000020ef83dc000 JavaThread "Cache worker for execution history cache (C:\Users\ASUS\AndroidStudioProjects\gigiibuhamil\.gradle\7.0.2\executionHistory)" [_thread_blocked, id=6504, stack(0x000000c62ca00000,0x000000c62cb00000)]
  0x0000020ef83d8000 JavaThread "WorkerExecutor Queue" [_thread_blocked, id=2532, stack(0x000000c62cb00000,0x000000c62cc00000)]

Other Threads:
  0x0000020ef1711000 VMThread "VM Thread" [stack: 0x000000c628500000,0x000000c628600000] [id=3808]
  0x0000020ef2217800 WatcherThread [stack: 0x000000c628f00000,0x000000c629000000] [id=4272]
  0x0000020ed511e800 GCTaskThread "GC Thread#0" [stack: 0x000000c628000000,0x000000c628100000] [id=9084]
  0x0000020ef2b51000 GCTaskThread "GC Thread#1" [stack: 0x000000c629000000,0x000000c629100000] [id=2364]
  0x0000020ef22a0000 GCTaskThread "GC Thread#2" [stack: 0x000000c629100000,0x000000c629200000] [id=18136]
  0x0000020ef3a53800 GCTaskThread "GC Thread#3" [stack: 0x000000c629c00000,0x000000c629d00000] [id=12024]
  0x0000020ef40ac000 GCTaskThread "GC Thread#4" [stack: 0x000000c629d00000,0x000000c629e00000] [id=9016]
  0x0000020ef40ac800 GCTaskThread "GC Thread#5" [stack: 0x000000c629e00000,0x000000c629f00000] [id=4080]
  0x0000020ef4196000 GCTaskThread "GC Thread#6" [stack: 0x000000c629f00000,0x000000c62a000000] [id=7832]
  0x0000020ef4196800 GCTaskThread "GC Thread#7" [stack: 0x000000c62a000000,0x000000c62a100000] [id=15380]
  0x0000020ed5339800 ConcurrentGCThread "G1 Main Marker" [stack: 0x000000c628100000,0x000000c628200000] [id=10128]
  0x0000020ed533b000 ConcurrentGCThread "G1 Conc#0" [stack: 0x000000c628200000,0x000000c628300000] [id=14744]
  0x0000020ef45f0000 ConcurrentGCThread "G1 Conc#1" [stack: 0x000000c62a300000,0x000000c62a400000] [id=4684]
  0x0000020ef1560800 ConcurrentGCThread "G1 Refine#0" [stack: 0x000000c628300000,0x000000c628400000] [id=12588]
  0x0000020ef1561000 ConcurrentGCThread "G1 Young RemSet Sampling" [stack: 0x000000c628400000,0x000000c628500000] [id=14548]

Threads with active compile tasks:
C2 CompilerThread0 215736 18594 %     4       com.android.tools.r8.internal.U6::a @ 66 (6044 bytes)
C1 CompilerThread0 215736 18981       1       com.android.tools.r8.internal.f7::s (2 bytes)

VM state:not at safepoint (normal execution)

VM Mutex/Monitor currently owned by a thread: None

OutOfMemory and StackOverflow Exception counts:
OutOfMemoryError java_heap_errors=1
LinkageErrors=215

Heap address: 0x0000000080000000, size: 2048 MB, Compressed Oops mode: 32-bit
Narrow klass base: 0x0000000000000000, Narrow klass shift: 3
Compressed class space size: 1073741824 Address: 0x0000000100000000

Heap:
 garbage-first heap   total 270336K, used 227441K [0x0000000080000000, 0x0000000100000000)
  region size 1024K, 7 young (7168K), 2 survivors (2048K)
 Metaspace       used 134454K, capacity 138552K, committed 138572K, reserved 1169408K
  class space    used 17128K, capacity 18560K, committed 18560K, reserved 1048576K
Heap Regions: E=young(eden), S=young(survivor), O=old, HS=humongous(starts), HC=humongous(continues), CS=collection set, F=free, A=archive, TAMS=top-at-mark-start (previous, next)
|   0|0x0000000080000000, 0x0000000080100000, 0x0000000080100000|100%| O|  |TAMS 0x0000000080100000, 0x0000000080000000| Untracked 
|   1|0x0000000080100000, 0x0000000080200000, 0x0000000080200000|100%| O|  |TAMS 0x0000000080200000, 0x0000000080100000| Untracked 
|   2|0x0000000080200000, 0x0000000080300000, 0x0000000080300000|100%| O|  |TAMS 0x0000000080300000, 0x0000000080200000| Untracked 
|   3|0x0000000080300000, 0x0000000080400000, 0x0000000080400000|100%|HS|  |TAMS 0x0000000080400000, 0x0000000080300000| Complete 
|   4|0x0000000080400000, 0x0000000080500000, 0x0000000080500000|100%|HC|  |TAMS 0x0000000080500000, 0x0000000080400000| Complete 
|   5|0x0000000080500000, 0x0000000080600000, 0x0000000080600000|100%|HC|  |TAMS 0x0000000080600000, 0x0000000080500000| Complete 
|   6|0x0000000080600000, 0x0000000080700000, 0x0000000080700000|100%| O|  |TAMS 0x0000000080700000, 0x0000000080600000| Untracked 
|   7|0x0000000080700000, 0x0000000080800000, 0x0000000080800000|100%| O|  |TAMS 0x0000000080800000, 0x0000000080700000| Untracked 
|   8|0x0000000080800000, 0x0000000080900000, 0x0000000080900000|100%| O|  |TAMS 0x0000000080900000, 0x0000000080800000| Untracked 
|   9|0x0000000080900000, 0x0000000080a00000, 0x0000000080a00000|100%| O|  |TAMS 0x0000000080a00000, 0x0000000080900000| Untracked 
|  10|0x0000000080a00000, 0x0000000080a00000, 0x0000000080b00000|  0%| F|  |TAMS 0x0000000080a00000, 0x0000000080a00000| Untracked 
|  11|0x0000000080b00000, 0x0000000080c00000, 0x0000000080c00000|100%| O|  |TAMS 0x0000000080c00000, 0x0000000080b00000| Untracked 
|  12|0x0000000080c00000, 0x0000000080d00000, 0x0000000080d00000|100%| O|  |TAMS 0x0000000080d00000, 0x0000000080c00000| Untracked 
|  13|0x0000000080d00000, 0x0000000080e00000, 0x0000000080e00000|100%|HS|  |TAMS 0x0000000080e00000, 0x0000000080d00000| Complete 
|  14|0x0000000080e00000, 0x0000000080f00000, 0x0000000080f00000|100%|HC|  |TAMS 0x0000000080f00000, 0x0000000080e00000| Complete 
|  15|0x0000000080f00000, 0x0000000081000000, 0x0000000081000000|100%|HS|  |TAMS 0x0000000081000000, 0x0000000080f00000| Complete 
|  16|0x0000000081000000, 0x0000000081100000, 0x0000000081100000|100%|HC|  |TAMS 0x0000000081100000, 0x0000000081000000| Complete 
|  17|0x0000000081100000, 0x0000000081200000, 0x0000000081200000|100%|HC|  |TAMS 0x0000000081200000, 0x0000000081100000| Complete 
|  18|0x0000000081200000, 0x0000000081300000, 0x0000000081300000|100%|HS|  |TAMS 0x0000000081300000, 0x0000000081200000| Complete 
|  19|0x0000000081300000, 0x0000000081400000, 0x0000000081400000|100%|HC|  |TAMS 0x0000000081400000, 0x0000000081300000| Complete 
|  20|0x0000000081400000, 0x0000000081500000, 0x0000000081500000|100%|HC|  |TAMS 0x0000000081500000, 0x0000000081400000| Complete 
|  21|0x0000000081500000, 0x0000000081600000, 0x0000000081600000|100%|HC|  |TAMS 0x0000000081600000, 0x0000000081500000| Complete 
|  22|0x0000000081600000, 0x0000000081700000, 0x0000000081700000|100%|HC|  |TAMS 0x0000000081700000, 0x0000000081600000| Complete 
|  23|0x0000000081700000, 0x0000000081800000, 0x0000000081800000|100%| O|  |TAMS 0x0000000081800000, 0x0000000081700000| Untracked 
|  24|0x0000000081800000, 0x0000000081900000, 0x0000000081900000|100%| O|  |TAMS 0x0000000081900000, 0x0000000081800000| Untracked 
|  25|0x0000000081900000, 0x0000000081a00000, 0x0000000081a00000|100%| O|  |TAMS 0x0000000081a00000, 0x0000000081900000| Untracked 
|  26|0x0000000081a00000, 0x0000000081b00000, 0x0000000081b00000|100%| O|  |TAMS 0x0000000081b00000, 0x0000000081a00000| Untracked 
|  27|0x0000000081b00000, 0x0000000081c00000, 0x0000000081c00000|100%| O|  |TAMS 0x0000000081c00000, 0x0000000081b00000| Untracked 
|  28|0x0000000081c00000, 0x0000000081d00000, 0x0000000081d00000|100%| O|  |TAMS 0x0000000081d00000, 0x0000000081c00000| Untracked 
|  29|0x0000000081d00000, 0x0000000081e00000, 0x0000000081e00000|100%| O|  |TAMS 0x0000000081e00000, 0x0000000081d00000| Untracked 
|  30|0x0000000081e00000, 0x0000000081f00000, 0x0000000081f00000|100%| O|  |TAMS 0x0000000081f00000, 0x0000000081e00000| Untracked 
|  31|0x0000000081f00000, 0x0000000082000000, 0x0000000082000000|100%|HS|  |TAMS 0x0000000082000000, 0x0000000081f00000| Complete 
|  32|0x0000000082000000, 0x0000000082100000, 0x0000000082100000|100%|HC|  |TAMS 0x0000000082100000, 0x0000000082000000| Complete 
|  33|0x0000000082100000, 0x0000000082200000, 0x0000000082200000|100%|HC|  |TAMS 0x0000000082200000, 0x0000000082100000| Complete 
|  34|0x0000000082200000, 0x0000000082300000, 0x0000000082300000|100%| O|  |TAMS 0x0000000082300000, 0x0000000082200000| Untracked 
|  35|0x0000000082300000, 0x0000000082400000, 0x0000000082400000|100%| O|  |TAMS 0x0000000082400000, 0x0000000082300000| Untracked 
|  36|0x0000000082400000, 0x0000000082500000, 0x0000000082500000|100%| O|  |TAMS 0x0000000082500000, 0x0000000082400000| Untracked 
|  37|0x0000000082500000, 0x0000000082600000, 0x0000000082600000|100%|HS|  |TAMS 0x0000000082600000, 0x0000000082500000| Complete 
|  38|0x0000000082600000, 0x0000000082700000, 0x0000000082700000|100%|HC|  |TAMS 0x0000000082700000, 0x0000000082600000| Complete 
|  39|0x0000000082700000, 0x0000000082800000, 0x0000000082800000|100%|HC|  |TAMS 0x0000000082800000, 0x0000000082700000| Complete 
|  40|0x0000000082800000, 0x0000000082900000, 0x0000000082900000|100%|HC|  |TAMS 0x0000000082900000, 0x0000000082800000| Complete 
|  41|0x0000000082900000, 0x0000000082a00000, 0x0000000082a00000|100%|HC|  |TAMS 0x0000000082a00000, 0x0000000082900000| Complete 
|  42|0x0000000082a00000, 0x0000000082b00000, 0x0000000082b00000|100%| O|  |TAMS 0x0000000082b00000, 0x0000000082a00000| Untracked 
|  43|0x0000000082b00000, 0x0000000082c00000, 0x0000000082c00000|100%| O|  |TAMS 0x0000000082c00000, 0x0000000082b00000| Untracked 
|  44|0x0000000082c00000, 0x0000000082d00000, 0x0000000082d00000|100%| O|  |TAMS 0x0000000082d00000, 0x0000000082c00000| Untracked 
|  45|0x0000000082d00000, 0x0000000082e00000, 0x0000000082e00000|100%| O|  |TAMS 0x0000000082e00000, 0x0000000082d00000| Untracked 
|  46|0x0000000082e00000, 0x0000000082f00000, 0x0000000082f00000|100%| O|  |TAMS 0x0000000082f00000, 0x0000000082e00000| Untracked 
|  47|0x0000000082f00000, 0x0000000083000000, 0x0000000083000000|100%| O|  |TAMS 0x0000000083000000, 0x0000000082f00000| Untracked 
|  48|0x0000000083000000, 0x0000000083100000, 0x0000000083100000|100%| O|  |TAMS 0x0000000083100000, 0x0000000083000000| Untracked 
|  49|0x0000000083100000, 0x0000000083200000, 0x0000000083200000|100%| O|  |TAMS 0x0000000083200000, 0x0000000083100000| Untracked 
|  50|0x0000000083200000, 0x0000000083300000, 0x0000000083300000|100%| O|  |TAMS 0x0000000083300000, 0x0000000083200000| Untracked 
|  51|0x0000000083300000, 0x0000000083400000, 0x0000000083400000|100%| O|  |TAMS 0x0000000083400000, 0x0000000083300000| Untracked 
|  52|0x0000000083400000, 0x0000000083500000, 0x0000000083500000|100%| O|  |TAMS 0x0000000083500000, 0x0000000083400000| Untracked 
|  53|0x0000000083500000, 0x0000000083600000, 0x0000000083600000|100%|HS|  |TAMS 0x0000000083600000, 0x0000000083500000| Complete 
|  54|0x0000000083600000, 0x0000000083700000, 0x0000000083700000|100%|HS|  |TAMS 0x0000000083700000, 0x0000000083600000| Complete 
|  55|0x0000000083700000, 0x0000000083800000, 0x0000000083800000|100%|HS|  |TAMS 0x0000000083800000, 0x0000000083700000| Complete 
|  56|0x0000000083800000, 0x0000000083900000, 0x0000000083900000|100%|HS|  |TAMS 0x0000000083900000, 0x0000000083800000| Complete 
|  57|0x0000000083900000, 0x0000000083a00000, 0x0000000083a00000|100%|HC|  |TAMS 0x0000000083a00000, 0x0000000083900000| Complete 
|  58|0x0000000083a00000, 0x0000000083b00000, 0x0000000083b00000|100%|HC|  |TAMS 0x0000000083b00000, 0x0000000083a00000| Complete 
|  59|0x0000000083b00000, 0x0000000083c00000, 0x0000000083c00000|100%|HS|  |TAMS 0x0000000083c00000, 0x0000000083b00000| Complete 
|  60|0x0000000083c00000, 0x0000000083d00000, 0x0000000083d00000|100%|HC|  |TAMS 0x0000000083d00000, 0x0000000083c00000| Complete 
|  61|0x0000000083d00000, 0x0000000083e00000, 0x0000000083e00000|100%| O|  |TAMS 0x0000000083e00000, 0x0000000083d00000| Untracked 
|  62|0x0000000083e00000, 0x0000000083f00000, 0x0000000083f00000|100%| O|  |TAMS 0x0000000083f00000, 0x0000000083e00000| Untracked 
|  63|0x0000000083f00000, 0x0000000084000000, 0x0000000084000000|100%| O|  |TAMS 0x0000000084000000, 0x0000000083f00000| Untracked 
|  64|0x0000000084000000, 0x0000000084100000, 0x0000000084100000|100%| O|  |TAMS 0x0000000084100000, 0x0000000084000000| Untracked 
|  65|0x0000000084100000, 0x0000000084200000, 0x0000000084200000|100%| O|  |TAMS 0x0000000084200000, 0x0000000084100000| Untracked 
|  66|0x0000000084200000, 0x0000000084300000, 0x0000000084300000|100%| O|  |TAMS 0x0000000084300000, 0x0000000084200000| Untracked 
|  67|0x0000000084300000, 0x0000000084400000, 0x0000000084400000|100%| O|  |TAMS 0x0000000084400000, 0x0000000084300000| Untracked 
|  68|0x0000000084400000, 0x0000000084500000, 0x0000000084500000|100%| O|  |TAMS 0x0000000084500000, 0x0000000084400000| Untracked 
|  69|0x0000000084500000, 0x0000000084600000, 0x0000000084600000|100%| O|  |TAMS 0x0000000084600000, 0x0000000084500000| Untracked 
|  70|0x0000000084600000, 0x0000000084700000, 0x0000000084700000|100%| O|  |TAMS 0x0000000084700000, 0x0000000084600000| Untracked 
|  71|0x0000000084700000, 0x0000000084800000, 0x0000000084800000|100%| O|  |TAMS 0x0000000084800000, 0x0000000084700000| Untracked 
|  72|0x0000000084800000, 0x0000000084900000, 0x0000000084900000|100%| O|  |TAMS 0x0000000084900000, 0x0000000084800000| Untracked 
|  73|0x0000000084900000, 0x0000000084a00000, 0x0000000084a00000|100%| O|  |TAMS 0x0000000084a00000, 0x0000000084900000| Untracked 
|  74|0x0000000084a00000, 0x0000000084b00000, 0x0000000084b00000|100%| O|  |TAMS 0x0000000084b00000, 0x0000000084a00000| Untracked 
|  75|0x0000000084b00000, 0x0000000084c00000, 0x0000000084c00000|100%| O|  |TAMS 0x0000000084c00000, 0x0000000084b00000| Untracked 
|  76|0x0000000084c00000, 0x0000000084c00000, 0x0000000084d00000|  0%| F|  |TAMS 0x0000000084c00000, 0x0000000084c00000| Untracked 
|  77|0x0000000084d00000, 0x0000000084e00000, 0x0000000084e00000|100%| O|  |TAMS 0x0000000084e00000, 0x0000000084d00000| Untracked 
|  78|0x0000000084e00000, 0x0000000084f00000, 0x0000000084f00000|100%| O|  |TAMS 0x0000000084f00000, 0x0000000084e00000| Untracked 
|  79|0x0000000084f00000, 0x0000000085000000, 0x0000000085000000|100%| O|  |TAMS 0x0000000085000000, 0x0000000084f00000| Untracked 
|  80|0x0000000085000000, 0x0000000085100000, 0x0000000085100000|100%| O|  |TAMS 0x0000000085100000, 0x0000000085000000| Untracked 
|  81|0x0000000085100000, 0x0000000085200000, 0x0000000085200000|100%| O|  |TAMS 0x0000000085200000, 0x0000000085100000| Untracked 
|  82|0x0000000085200000, 0x0000000085300000, 0x0000000085300000|100%| O|  |TAMS 0x0000000085300000, 0x0000000085200000| Untracked 
|  83|0x0000000085300000, 0x0000000085400000, 0x0000000085400000|100%| O|  |TAMS 0x0000000085400000, 0x0000000085300000| Untracked 
|  84|0x0000000085400000, 0x0000000085500000, 0x0000000085500000|100%| O|  |TAMS 0x0000000085500000, 0x0000000085400000| Untracked 
|  85|0x0000000085500000, 0x0000000085600000, 0x0000000085600000|100%| O|  |TAMS 0x0000000085600000, 0x0000000085500000| Untracked 
|  86|0x0000000085600000, 0x0000000085700000, 0x0000000085700000|100%| O|  |TAMS 0x0000000085700000, 0x0000000085600000| Untracked 
|  87|0x0000000085700000, 0x0000000085800000, 0x0000000085800000|100%| O|  |TAMS 0x0000000085800000, 0x0000000085700000| Untracked 
|  88|0x0000000085800000, 0x0000000085900000, 0x0000000085900000|100%| O|  |TAMS 0x0000000085900000, 0x0000000085800000| Untracked 
|  89|0x0000000085900000, 0x0000000085a00000, 0x0000000085a00000|100%| O|  |TAMS 0x0000000085a00000, 0x0000000085900000| Untracked 
|  90|0x0000000085a00000, 0x0000000085b00000, 0x0000000085b00000|100%| O|  |TAMS 0x0000000085b00000, 0x0000000085a00000| Untracked 
|  91|0x0000000085b00000, 0x0000000085c00000, 0x0000000085c00000|100%| O|  |TAMS 0x0000000085c00000, 0x0000000085b00000| Untracked 
|  92|0x0000000085c00000, 0x0000000085d00000, 0x0000000085d00000|100%|HS|  |TAMS 0x0000000085d00000, 0x0000000085c00000| Complete 
|  93|0x0000000085d00000, 0x0000000085e00000, 0x0000000085e00000|100%| O|  |TAMS 0x0000000085e00000, 0x0000000085d00000| Untracked 
|  94|0x0000000085e00000, 0x0000000085f00000, 0x0000000085f00000|100%| O|  |TAMS 0x0000000085f00000, 0x0000000085e00000| Untracked 
|  95|0x0000000085f00000, 0x0000000086000000, 0x0000000086000000|100%| O|  |TAMS 0x0000000086000000, 0x0000000085f00000| Untracked 
|  96|0x0000000086000000, 0x0000000086100000, 0x0000000086100000|100%| O|  |TAMS 0x0000000086100000, 0x0000000086000000| Untracked 
|  97|0x0000000086100000, 0x0000000086200000, 0x0000000086200000|100%| O|  |TAMS 0x0000000086200000, 0x0000000086100000| Untracked 
|  98|0x0000000086200000, 0x0000000086300000, 0x0000000086300000|100%| O|  |TAMS 0x0000000086300000, 0x0000000086200000| Untracked 
|  99|0x0000000086300000, 0x0000000086300000, 0x0000000086400000|  0%| F|  |TAMS 0x0000000086300000, 0x0000000086300000| Untracked 
| 100|0x0000000086400000, 0x0000000086400000, 0x0000000086500000|  0%| F|  |TAMS 0x0000000086400000, 0x0000000086400000| Untracked 
| 101|0x0000000086500000, 0x0000000086600000, 0x0000000086600000|100%| O|  |TAMS 0x0000000086600000, 0x0000000086500000| Untracked 
| 102|0x0000000086600000, 0x0000000086700000, 0x0000000086700000|100%| O|  |TAMS 0x0000000086700000, 0x0000000086600000| Untracked 
| 103|0x0000000086700000, 0x0000000086800000, 0x0000000086800000|100%| O|  |TAMS 0x0000000086800000, 0x0000000086700000| Untracked 
| 104|0x0000000086800000, 0x0000000086900000, 0x0000000086900000|100%| O|  |TAMS 0x0000000086900000, 0x0000000086800000| Untracked 
| 105|0x0000000086900000, 0x0000000086a00000, 0x0000000086a00000|100%| O|  |TAMS 0x0000000086a00000, 0x0000000086900000| Untracked 
| 106|0x0000000086a00000, 0x0000000086b00000, 0x0000000086b00000|100%| O|  |TAMS 0x0000000086b00000, 0x0000000086a00000| Untracked 
| 107|0x0000000086b00000, 0x0000000086c00000, 0x0000000086c00000|100%| O|  |TAMS 0x0000000086c00000, 0x0000000086b00000| Untracked 
| 108|0x0000000086c00000, 0x0000000086d00000, 0x0000000086d00000|100%| O|  |TAMS 0x0000000086d00000, 0x0000000086c00000| Untracked 
| 109|0x0000000086d00000, 0x0000000086e00000, 0x0000000086e00000|100%| O|  |TAMS 0x0000000086e00000, 0x0000000086d00000| Untracked 
| 110|0x0000000086e00000, 0x0000000086f00000, 0x0000000086f00000|100%| O|  |TAMS 0x0000000086f00000, 0x0000000086e00000| Untracked 
| 111|0x0000000086f00000, 0x0000000087000000, 0x0000000087000000|100%| O|  |TAMS 0x0000000087000000, 0x0000000086f00000| Untracked 
| 112|0x0000000087000000, 0x0000000087100000, 0x0000000087100000|100%| O|  |TAMS 0x0000000087100000, 0x0000000087000000| Untracked 
| 113|0x0000000087100000, 0x0000000087200000, 0x0000000087200000|100%| O|  |TAMS 0x0000000087200000, 0x0000000087100000| Untracked 
| 114|0x0000000087200000, 0x0000000087300000, 0x0000000087300000|100%| O|  |TAMS 0x0000000087300000, 0x0000000087200000| Untracked 
| 115|0x0000000087300000, 0x0000000087400000, 0x0000000087400000|100%| O|  |TAMS 0x0000000087400000, 0x0000000087300000| Untracked 
| 116|0x0000000087400000, 0x0000000087500000, 0x0000000087500000|100%| O|  |TAMS 0x0000000087500000, 0x0000000087400000| Untracked 
| 117|0x0000000087500000, 0x0000000087600000, 0x0000000087600000|100%| O|  |TAMS 0x0000000087600000, 0x0000000087500000| Untracked 
| 118|0x0000000087600000, 0x0000000087700000, 0x0000000087700000|100%| O|  |TAMS 0x0000000087700000, 0x0000000087600000| Untracked 
| 119|0x0000000087700000, 0x0000000087800000, 0x0000000087800000|100%| O|  |TAMS 0x0000000087800000, 0x0000000087700000| Untracked 
| 120|0x0000000087800000, 0x0000000087900000, 0x0000000087900000|100%| O|  |TAMS 0x0000000087900000, 0x0000000087800000| Untracked 
| 121|0x0000000087900000, 0x0000000087900000, 0x0000000087a00000|  0%| F|  |TAMS 0x0000000087900000, 0x0000000087900000| Untracked 
| 122|0x0000000087a00000, 0x0000000087b00000, 0x0000000087b00000|100%| O|  |TAMS 0x0000000087b00000, 0x0000000087a00000| Untracked 
| 123|0x0000000087b00000, 0x0000000087c00000, 0x0000000087c00000|100%| O|  |TAMS 0x0000000087c00000, 0x0000000087b00000| Untracked 
| 124|0x0000000087c00000, 0x0000000087d00000, 0x0000000087d00000|100%| O|  |TAMS 0x0000000087d00000, 0x0000000087c00000| Untracked 
| 125|0x0000000087d00000, 0x0000000087e00000, 0x0000000087e00000|100%| O|  |TAMS 0x0000000087e00000, 0x0000000087d00000| Untracked 
| 126|0x0000000087e00000, 0x0000000087f00000, 0x0000000087f00000|100%| O|  |TAMS 0x0000000087f00000, 0x0000000087e00000| Untracked 
| 127|0x0000000087f00000, 0x0000000087f00000, 0x0000000088000000|  0%| F|  |TAMS 0x0000000087f00000, 0x0000000087f00000| Untracked 
| 128|0x0000000088000000, 0x0000000088100000, 0x0000000088100000|100%| O|  |TAMS 0x0000000088100000, 0x0000000088000000| Untracked 
| 129|0x0000000088100000, 0x0000000088200000, 0x0000000088200000|100%| O|  |TAMS 0x0000000088200000, 0x0000000088100000| Untracked 
| 130|0x0000000088200000, 0x0000000088300000, 0x0000000088300000|100%| O|  |TAMS 0x0000000088300000, 0x0000000088200000| Untracked 
| 131|0x0000000088300000, 0x0000000088400000, 0x0000000088400000|100%| O|  |TAMS 0x0000000088400000, 0x0000000088300000| Untracked 
| 132|0x0000000088400000, 0x0000000088500000, 0x0000000088500000|100%| O|  |TAMS 0x0000000088500000, 0x0000000088400000| Untracked 
| 133|0x0000000088500000, 0x0000000088600000, 0x0000000088600000|100%| O|  |TAMS 0x0000000088600000, 0x0000000088500000| Untracked 
| 134|0x0000000088600000, 0x0000000088700000, 0x0000000088700000|100%| O|  |TAMS 0x0000000088700000, 0x0000000088600000| Untracked 
| 135|0x0000000088700000, 0x0000000088800000, 0x0000000088800000|100%| O|  |TAMS 0x0000000088800000, 0x0000000088700000| Untracked 
| 136|0x0000000088800000, 0x0000000088800000, 0x0000000088900000|  0%| F|  |TAMS 0x0000000088800000, 0x0000000088800000| Untracked 
| 137|0x0000000088900000, 0x0000000088a00000, 0x0000000088a00000|100%| O|  |TAMS 0x0000000088a00000, 0x0000000088900000| Untracked 
| 138|0x0000000088a00000, 0x0000000088a00000, 0x0000000088b00000|  0%| F|  |TAMS 0x0000000088a00000, 0x0000000088a00000| Untracked 
| 139|0x0000000088b00000, 0x0000000088c00000, 0x0000000088c00000|100%| O|  |TAMS 0x0000000088c00000, 0x0000000088b00000| Untracked 
| 140|0x0000000088c00000, 0x0000000088d00000, 0x0000000088d00000|100%| O|  |TAMS 0x0000000088d00000, 0x0000000088c00000| Untracked 
| 141|0x0000000088d00000, 0x0000000088e00000, 0x0000000088e00000|100%| O|  |TAMS 0x0000000088e00000, 0x0000000088d00000| Untracked 
| 142|0x0000000088e00000, 0x0000000088f00000, 0x0000000088f00000|100%| O|  |TAMS 0x0000000088f00000, 0x0000000088e00000| Untracked 
| 143|0x0000000088f00000, 0x0000000089000000, 0x0000000089000000|100%| O|  |TAMS 0x0000000089000000, 0x0000000088f00000| Untracked 
| 144|0x0000000089000000, 0x0000000089100000, 0x0000000089100000|100%| O|  |TAMS 0x0000000089100000, 0x0000000089000000| Untracked 
| 145|0x0000000089100000, 0x0000000089200000, 0x0000000089200000|100%| O|  |TAMS 0x0000000089200000, 0x0000000089100000| Untracked 
| 146|0x0000000089200000, 0x0000000089300000, 0x0000000089300000|100%| O|  |TAMS 0x0000000089300000, 0x0000000089200000| Untracked 
| 147|0x0000000089300000, 0x0000000089400000, 0x0000000089400000|100%| O|  |TAMS 0x0000000089400000, 0x0000000089300000| Untracked 
| 148|0x0000000089400000, 0x0000000089500000, 0x0000000089500000|100%| O|  |TAMS 0x0000000089500000, 0x0000000089400000| Untracked 
| 149|0x0000000089500000, 0x0000000089600000, 0x0000000089600000|100%| O|  |TAMS 0x0000000089600000, 0x0000000089500000| Untracked 
| 150|0x0000000089600000, 0x0000000089700000, 0x0000000089700000|100%| O|  |TAMS 0x0000000089700000, 0x0000000089600000| Untracked 
| 151|0x0000000089700000, 0x0000000089800000, 0x0000000089800000|100%| O|  |TAMS 0x0000000089800000, 0x0000000089700000| Untracked 
| 152|0x0000000089800000, 0x0000000089900000, 0x0000000089900000|100%| O|  |TAMS 0x0000000089900000, 0x0000000089800000| Untracked 
| 153|0x0000000089900000, 0x0000000089a00000, 0x0000000089a00000|100%| O|  |TAMS 0x0000000089a00000, 0x0000000089900000| Untracked 
| 154|0x0000000089a00000, 0x0000000089b00000, 0x0000000089b00000|100%| O|  |TAMS 0x0000000089b00000, 0x0000000089a00000| Untracked 
| 155|0x0000000089b00000, 0x0000000089c00000, 0x0000000089c00000|100%| O|  |TAMS 0x0000000089c00000, 0x0000000089b00000| Untracked 
| 156|0x0000000089c00000, 0x0000000089c00000, 0x0000000089d00000|  0%| F|  |TAMS 0x0000000089c00000, 0x0000000089c00000| Untracked 
| 157|0x0000000089d00000, 0x0000000089d00000, 0x0000000089e00000|  0%| F|  |TAMS 0x0000000089d00000, 0x0000000089d00000| Untracked 
| 158|0x0000000089e00000, 0x0000000089f00000, 0x0000000089f00000|100%| O|  |TAMS 0x0000000089f00000, 0x0000000089e00000| Untracked 
| 159|0x0000000089f00000, 0x000000008a000000, 0x000000008a000000|100%| O|  |TAMS 0x000000008a000000, 0x0000000089f00000| Untracked 
| 160|0x000000008a000000, 0x000000008a100000, 0x000000008a100000|100%| O|  |TAMS 0x000000008a100000, 0x000000008a000000| Untracked 
| 161|0x000000008a100000, 0x000000008a200000, 0x000000008a200000|100%| O|  |TAMS 0x000000008a200000, 0x000000008a100000| Untracked 
| 162|0x000000008a200000, 0x000000008a300000, 0x000000008a300000|100%| O|  |TAMS 0x000000008a300000, 0x000000008a200000| Untracked 
| 163|0x000000008a300000, 0x000000008a400000, 0x000000008a400000|100%| O|  |TAMS 0x000000008a400000, 0x000000008a300000| Untracked 
| 164|0x000000008a400000, 0x000000008a500000, 0x000000008a500000|100%| O|  |TAMS 0x000000008a500000, 0x000000008a400000| Untracked 
| 165|0x000000008a500000, 0x000000008a600000, 0x000000008a600000|100%| O|  |TAMS 0x000000008a600000, 0x000000008a500000| Untracked 
| 166|0x000000008a600000, 0x000000008a700000, 0x000000008a700000|100%| O|  |TAMS 0x000000008a700000, 0x000000008a600000| Untracked 
| 167|0x000000008a700000, 0x000000008a800000, 0x000000008a800000|100%| O|  |TAMS 0x000000008a800000, 0x000000008a700000| Untracked 
| 168|0x000000008a800000, 0x000000008a900000, 0x000000008a900000|100%| O|  |TAMS 0x000000008a900000, 0x000000008a800000| Untracked 
| 169|0x000000008a900000, 0x000000008a900000, 0x000000008aa00000|  0%| F|  |TAMS 0x000000008a900000, 0x000000008a900000| Untracked 
| 170|0x000000008aa00000, 0x000000008ab00000, 0x000000008ab00000|100%| O|  |TAMS 0x000000008ab00000, 0x000000008aa00000| Untracked 
| 171|0x000000008ab00000, 0x000000008ac00000, 0x000000008ac00000|100%| O|  |TAMS 0x000000008ac00000, 0x000000008ab00000| Untracked 
| 172|0x000000008ac00000, 0x000000008ad00000, 0x000000008ad00000|100%| O|  |TAMS 0x000000008ad00000, 0x000000008ac00000| Untracked 
| 173|0x000000008ad00000, 0x000000008ae00000, 0x000000008ae00000|100%| O|  |TAMS 0x000000008ae00000, 0x000000008ad00000| Untracked 
| 174|0x000000008ae00000, 0x000000008af00000, 0x000000008af00000|100%| O|  |TAMS 0x000000008af00000, 0x000000008ae00000| Untracked 
| 175|0x000000008af00000, 0x000000008b000000, 0x000000008b000000|100%| O|  |TAMS 0x000000008b000000, 0x000000008af00000| Untracked 
| 176|0x000000008b000000, 0x000000008b100000, 0x000000008b100000|100%| O|  |TAMS 0x000000008b100000, 0x000000008b000000| Untracked 
| 177|0x000000008b100000, 0x000000008b200000, 0x000000008b200000|100%| O|  |TAMS 0x000000008b200000, 0x000000008b100000| Untracked 
| 178|0x000000008b200000, 0x000000008b200000, 0x000000008b300000|  0%| F|  |TAMS 0x000000008b200000, 0x000000008b200000| Untracked 
| 179|0x000000008b300000, 0x000000008b400000, 0x000000008b400000|100%| O|  |TAMS 0x000000008b400000, 0x000000008b300000| Untracked 
| 180|0x000000008b400000, 0x000000008b500000, 0x000000008b500000|100%| O|  |TAMS 0x000000008b500000, 0x000000008b400000| Untracked 
| 181|0x000000008b500000, 0x000000008b600000, 0x000000008b600000|100%| O|  |TAMS 0x000000008b600000, 0x000000008b500000| Untracked 
| 182|0x000000008b600000, 0x000000008b700000, 0x000000008b700000|100%| O|  |TAMS 0x000000008b700000, 0x000000008b600000| Untracked 
| 183|0x000000008b700000, 0x000000008b800000, 0x000000008b800000|100%| O|  |TAMS 0x000000008b800000, 0x000000008b700000| Untracked 
| 184|0x000000008b800000, 0x000000008b900000, 0x000000008b900000|100%| O|  |TAMS 0x000000008b900000, 0x000000008b800000| Untracked 
| 185|0x000000008b900000, 0x000000008ba00000, 0x000000008ba00000|100%| O|  |TAMS 0x000000008ba00000, 0x000000008b900000| Untracked 
| 186|0x000000008ba00000, 0x000000008bb00000, 0x000000008bb00000|100%| O|  |TAMS 0x000000008bb00000, 0x000000008ba00000| Untracked 
| 187|0x000000008bb00000, 0x000000008bc00000, 0x000000008bc00000|100%| O|  |TAMS 0x000000008bc00000, 0x000000008bb00000| Untracked 
| 188|0x000000008bc00000, 0x000000008bc00000, 0x000000008bd00000|  0%| F|  |TAMS 0x000000008bc00000, 0x000000008bc00000| Untracked 
| 189|0x000000008bd00000, 0x000000008be00000, 0x000000008be00000|100%| O|  |TAMS 0x000000008bd00000, 0x000000008bd00000| Untracked 
| 190|0x000000008be00000, 0x000000008bf00000, 0x000000008bf00000|100%| O|  |TAMS 0x000000008be00000, 0x000000008be00000| Untracked 
| 191|0x000000008bf00000, 0x000000008c000000, 0x000000008c000000|100%| O|  |TAMS 0x000000008bf00000, 0x000000008bf00000| Untracked 
| 192|0x000000008c000000, 0x000000008c100000, 0x000000008c100000|100%| O|  |TAMS 0x000000008c000000, 0x000000008c000000| Untracked 
| 193|0x000000008c100000, 0x000000008c200000, 0x000000008c200000|100%| O|  |TAMS 0x000000008c100000, 0x000000008c100000| Untracked 
| 194|0x000000008c200000, 0x000000008c300000, 0x000000008c300000|100%| O|  |TAMS 0x000000008c200000, 0x000000008c200000| Untracked 
| 195|0x000000008c300000, 0x000000008c400000, 0x000000008c400000|100%| O|  |TAMS 0x000000008c300000, 0x000000008c300000| Untracked 
| 196|0x000000008c400000, 0x000000008c500000, 0x000000008c500000|100%| O|  |TAMS 0x000000008c400000, 0x000000008c400000| Untracked 
| 197|0x000000008c500000, 0x000000008c600000, 0x000000008c600000|100%| O|  |TAMS 0x000000008c500000, 0x000000008c500000| Untracked 
| 198|0x000000008c600000, 0x000000008c700000, 0x000000008c700000|100%| O|  |TAMS 0x000000008c600000, 0x000000008c600000| Untracked 
| 199|0x000000008c700000, 0x000000008c800000, 0x000000008c800000|100%| O|  |TAMS 0x000000008c700000, 0x000000008c700000| Untracked 
| 200|0x000000008c800000, 0x000000008c900000, 0x000000008c900000|100%| O|  |TAMS 0x000000008c800000, 0x000000008c800000| Untracked 
| 201|0x000000008c900000, 0x000000008ca00000, 0x000000008ca00000|100%| O|  |TAMS 0x000000008c900000, 0x000000008c900000| Untracked 
| 202|0x000000008ca00000, 0x000000008cb00000, 0x000000008cb00000|100%| O|  |TAMS 0x000000008ca00000, 0x000000008ca00000| Untracked 
| 203|0x000000008cb00000, 0x000000008cc00000, 0x000000008cc00000|100%| O|  |TAMS 0x000000008cb00000, 0x000000008cb00000| Untracked 
| 204|0x000000008cc00000, 0x000000008cd00000, 0x000000008cd00000|100%| O|  |TAMS 0x000000008cc00000, 0x000000008cc00000| Untracked 
| 205|0x000000008cd00000, 0x000000008ce00000, 0x000000008ce00000|100%| O|  |TAMS 0x000000008cd00000, 0x000000008cd00000| Untracked 
| 206|0x000000008ce00000, 0x000000008cf00000, 0x000000008cf00000|100%| O|  |TAMS 0x000000008ce00000, 0x000000008ce00000| Untracked 
| 207|0x000000008cf00000, 0x000000008d000000, 0x000000008d000000|100%| O|  |TAMS 0x000000008cf00000, 0x000000008cf00000| Untracked 
| 208|0x000000008d000000, 0x000000008d100000, 0x000000008d100000|100%| O|  |TAMS 0x000000008d000000, 0x000000008d000000| Untracked 
| 209|0x000000008d100000, 0x000000008d200000, 0x000000008d200000|100%| O|  |TAMS 0x000000008d100000, 0x000000008d100000| Untracked 
| 210|0x000000008d200000, 0x000000008d300000, 0x000000008d300000|100%| O|  |TAMS 0x000000008d200000, 0x000000008d200000| Untracked 
| 211|0x000000008d300000, 0x000000008d400000, 0x000000008d400000|100%| O|  |TAMS 0x000000008d300000, 0x000000008d300000| Untracked 
| 212|0x000000008d400000, 0x000000008d500000, 0x000000008d500000|100%| O|  |TAMS 0x000000008d400000, 0x000000008d400000| Untracked 
| 213|0x000000008d500000, 0x000000008d600000, 0x000000008d600000|100%| O|  |TAMS 0x000000008d500000, 0x000000008d500000| Untracked 
| 214|0x000000008d600000, 0x000000008d700000, 0x000000008d700000|100%| O|  |TAMS 0x000000008d600000, 0x000000008d600000| Untracked 
| 215|0x000000008d700000, 0x000000008d800000, 0x000000008d800000|100%| O|  |TAMS 0x000000008d700000, 0x000000008d700000| Untracked 
| 216|0x000000008d800000, 0x000000008d900000, 0x000000008d900000|100%| O|  |TAMS 0x000000008d800000, 0x000000008d800000| Untracked 
| 217|0x000000008d900000, 0x000000008da00000, 0x000000008da00000|100%| O|  |TAMS 0x000000008d900000, 0x000000008d900000| Untracked 
| 218|0x000000008da00000, 0x000000008db00000, 0x000000008db00000|100%| O|  |TAMS 0x000000008da00000, 0x000000008da00000| Untracked 
| 219|0x000000008db00000, 0x000000008dc00000, 0x000000008dc00000|100%| O|  |TAMS 0x000000008db00000, 0x000000008db00000| Untracked 
| 220|0x000000008dc00000, 0x000000008dd00000, 0x000000008dd00000|100%| O|  |TAMS 0x000000008dc00000, 0x000000008dc00000| Untracked 
| 221|0x000000008dd00000, 0x000000008de00000, 0x000000008de00000|100%| O|  |TAMS 0x000000008dd00000, 0x000000008dd00000| Untracked 
| 222|0x000000008de00000, 0x000000008df00000, 0x000000008df00000|100%| O|  |TAMS 0x000000008de00000, 0x000000008de00000| Untracked 
| 223|0x000000008df00000, 0x000000008e000000, 0x000000008e000000|100%| O|  |TAMS 0x000000008df00000, 0x000000008df00000| Untracked 
| 224|0x000000008e000000, 0x000000008e100000, 0x000000008e100000|100%| O|  |TAMS 0x000000008e000000, 0x000000008e000000| Untracked 
| 225|0x000000008e100000, 0x000000008e200000, 0x000000008e200000|100%| O|  |TAMS 0x000000008e100000, 0x000000008e100000| Untracked 
| 226|0x000000008e200000, 0x000000008e300000, 0x000000008e300000|100%| O|  |TAMS 0x000000008e200000, 0x000000008e200000| Untracked 
| 227|0x000000008e300000, 0x000000008e400000, 0x000000008e400000|100%| O|  |TAMS 0x000000008e300000, 0x000000008e300000| Untracked 
| 228|0x000000008e400000, 0x000000008e500000, 0x000000008e500000|100%| O|  |TAMS 0x000000008e400000, 0x000000008e400000| Untracked 
| 229|0x000000008e500000, 0x000000008e51c400, 0x000000008e600000| 11%| O|  |TAMS 0x000000008e500000, 0x000000008e500000| Untracked 
| 230|0x000000008e600000, 0x000000008e600000, 0x000000008e700000|  0%| F|  |TAMS 0x000000008e600000, 0x000000008e600000| Untracked 
| 231|0x000000008e700000, 0x000000008e700000, 0x000000008e800000|  0%| F|  |TAMS 0x000000008e700000, 0x000000008e700000| Untracked 
| 232|0x000000008e800000, 0x000000008e800000, 0x000000008e900000|  0%| F|  |TAMS 0x000000008e800000, 0x000000008e800000| Untracked 
| 233|0x000000008e900000, 0x000000008e900000, 0x000000008ea00000|  0%| F|  |TAMS 0x000000008e900000, 0x000000008e900000| Untracked 
| 234|0x000000008ea00000, 0x000000008ea00000, 0x000000008eb00000|  0%| F|  |TAMS 0x000000008ea00000, 0x000000008ea00000| Untracked 
| 235|0x000000008eb00000, 0x000000008eb00000, 0x000000008ec00000|  0%| F|  |TAMS 0x000000008eb00000, 0x000000008eb00000| Untracked 
| 236|0x000000008ec00000, 0x000000008ec00000, 0x000000008ed00000|  0%| F|  |TAMS 0x000000008ec00000, 0x000000008ec00000| Untracked 
| 237|0x000000008ed00000, 0x000000008ed00000, 0x000000008ee00000|  0%| F|  |TAMS 0x000000008ed00000, 0x000000008ed00000| Untracked 
| 238|0x000000008ee00000, 0x000000008ee00000, 0x000000008ef00000|  0%| F|  |TAMS 0x000000008ee00000, 0x000000008ee00000| Untracked 
| 239|0x000000008ef00000, 0x000000008ef00000, 0x000000008f000000|  0%| F|  |TAMS 0x000000008ef00000, 0x000000008ef00000| Untracked 
| 240|0x000000008f000000, 0x000000008f000000, 0x000000008f100000|  0%| F|  |TAMS 0x000000008f000000, 0x000000008f000000| Untracked 
| 241|0x000000008f100000, 0x000000008f100000, 0x000000008f200000|  0%| F|  |TAMS 0x000000008f100000, 0x000000008f100000| Untracked 
| 242|0x000000008f200000, 0x000000008f200000, 0x000000008f300000|  0%| F|  |TAMS 0x000000008f200000, 0x000000008f200000| Untracked 
| 243|0x000000008f300000, 0x000000008f300000, 0x000000008f400000|  0%| F|  |TAMS 0x000000008f300000, 0x000000008f300000| Untracked 
| 244|0x000000008f400000, 0x000000008f400000, 0x000000008f500000|  0%| F|  |TAMS 0x000000008f400000, 0x000000008f400000| Untracked 
| 245|0x000000008f500000, 0x000000008f500000, 0x000000008f600000|  0%| F|  |TAMS 0x000000008f500000, 0x000000008f500000| Untracked 
| 246|0x000000008f600000, 0x000000008f600000, 0x000000008f700000|  0%| F|  |TAMS 0x000000008f600000, 0x000000008f600000| Untracked 
| 247|0x000000008f700000, 0x000000008f700000, 0x000000008f800000|  0%| F|  |TAMS 0x000000008f700000, 0x000000008f700000| Untracked 
| 248|0x000000008f800000, 0x000000008f800000, 0x000000008f900000|  0%| F|  |TAMS 0x000000008f800000, 0x000000008f800000| Untracked 
| 249|0x000000008f900000, 0x000000008fa00000, 0x000000008fa00000|100%| S|CS|TAMS 0x000000008f900000, 0x000000008f900000| Complete 
| 250|0x000000008fa00000, 0x000000008fa00000, 0x000000008fb00000|  0%| F|  |TAMS 0x000000008fa00000, 0x000000008fa00000| Untracked 
| 251|0x000000008fb00000, 0x000000008fb00000, 0x000000008fc00000|  0%| F|  |TAMS 0x000000008fb00000, 0x000000008fb00000| Untracked 
| 252|0x000000008fc00000, 0x000000008fd00000, 0x000000008fd00000|100%| S|CS|TAMS 0x000000008fc00000, 0x000000008fc00000| Complete 
| 253|0x000000008fd00000, 0x000000008fd00000, 0x000000008fe00000|  0%| F|  |TAMS 0x000000008fd00000, 0x000000008fd00000| Untracked 
| 254|0x000000008fe00000, 0x000000008fe00000, 0x000000008ff00000|  0%| F|  |TAMS 0x000000008fe00000, 0x000000008fe00000| Untracked 
| 255|0x000000008ff00000, 0x000000008ff00000, 0x0000000090000000|  0%| F|  |TAMS 0x000000008ff00000, 0x000000008ff00000| Untracked 
| 256|0x0000000090000000, 0x0000000090000000, 0x0000000090100000|  0%| F|  |TAMS 0x0000000090000000, 0x0000000090000000| Untracked 
| 257|0x0000000090100000, 0x0000000090100000, 0x0000000090200000|  0%| F|  |TAMS 0x0000000090100000, 0x0000000090100000| Untracked 
| 258|0x0000000090200000, 0x00000000902b9a40, 0x0000000090300000| 72%| E|  |TAMS 0x0000000090200000, 0x0000000090200000| Complete 
| 259|0x0000000090300000, 0x0000000090400000, 0x0000000090400000|100%| E|CS|TAMS 0x0000000090300000, 0x0000000090300000| Complete 
| 260|0x0000000090400000, 0x0000000090500000, 0x0000000090500000|100%| E|CS|TAMS 0x0000000090400000, 0x0000000090400000| Complete 
| 261|0x0000000090500000, 0x0000000090600000, 0x0000000090600000|100%| E|CS|TAMS 0x0000000090500000, 0x0000000090500000| Complete 
| 262|0x0000000090600000, 0x0000000090700000, 0x0000000090700000|100%| E|CS|TAMS 0x0000000090600000, 0x0000000090600000| Complete 
| 263|0x0000000090700000, 0x0000000090800000, 0x0000000090800000|100%| E|CS|TAMS 0x0000000090700000, 0x0000000090700000| Complete 

Card table byte_map: [0x0000020eea440000,0x0000020eea840000] _byte_map_base: 0x0000020eea040000

Marking Bits (Prev, Next): (CMBitMap*) 0x0000020ed5330a28, (CMBitMap*) 0x0000020ed5330a60
 Prev Bits: [0x0000020eeac40000, 0x0000020eecc40000)
 Next Bits: [0x0000020eecc40000, 0x0000020eeec40000)

Polling page: 0x0000020ed53d0000

Metaspace:

Usage:
  Non-class:    117.18 MB capacity,   114.60 MB ( 98%) used,     2.17 MB (  2%) free+waste,   425.50 KB ( <1%) overhead. 
      Class:     18.16 MB capacity,    16.74 MB ( 92%) used,     1.23 MB (  7%) free+waste,   193.00 KB (  1%) overhead. 
       Both:    135.34 MB capacity,   131.34 MB ( 97%) used,     3.39 MB (  3%) free+waste,   618.50 KB ( <1%) overhead. 

Virtual space:
  Non-class space:      118.00 MB reserved,     117.20 MB (>99%) committed 
      Class space:        1.00 GB reserved,      18.25 MB (  2%) committed 
             Both:        1.12 GB reserved,     135.45 MB ( 12%) committed 

Chunk freelists:
   Non-Class:  20.00 KB
       Class:  0 bytes
        Both:  20.00 KB

MaxMetaspaceSize: 17179869184.00 GB
CompressedClassSpaceSize: 1.00 GB

CodeHeap 'non-profiled nmethods': size=120000Kb used=8964Kb max_used=8964Kb free=111036Kb
 bounds [0x0000020ee20b0000, 0x0000020ee2980000, 0x0000020ee95e0000]
CodeHeap 'profiled nmethods': size=120000Kb used=38240Kb max_used=38240Kb free=81759Kb
 bounds [0x0000020edab80000, 0x0000020edd0e0000, 0x0000020ee20b0000]
CodeHeap 'non-nmethods': size=5760Kb used=2371Kb max_used=2410Kb free=3388Kb
 bounds [0x0000020eda5e0000, 0x0000020eda850000, 0x0000020edab80000]
 total_blobs=19178 nmethods=18171 adapters=917
 compilation: enabled
              stopped_count=0, restarted_count=0
 full_count=0

Compilation events (20 events):
Event: 215.614 Thread 0x0000020ef1737800 nmethod 18748 0x0000020ee2963590 code [0x0000020ee2963740, 0x0000020ee29637f8]
Event: 215.614 Thread 0x0000020ef1737800 18769       2       com.android.tools.r8.graph.c0::a (158 bytes)
Event: 215.614 Thread 0x0000020ef1737800 nmethod 18769 0x0000020edd096790 code [0x0000020edd096960, 0x0000020edd096c18]
Event: 215.614 Thread 0x0000020ef1737800 18766       1       com.android.tools.r8.graph.i$a::b (5 bytes)
Event: 215.614 Thread 0x0000020ef1737800 nmethod 18766 0x0000020ee2963890 code [0x0000020ee2963a40, 0x0000020ee2963af8]
Event: 215.614 Thread 0x0000020ef1737800 18767       1       com.android.tools.r8.graph.i$a::c (5 bytes)
Event: 215.614 Thread 0x0000020ef1737800 nmethod 18767 0x0000020ee2963b90 code [0x0000020ee2963d40, 0x0000020ee2963df8]
Event: 215.614 Thread 0x0000020ef1737800 18761       1       com.android.tools.r8.internal.w::a (5 bytes)
Event: 215.614 Thread 0x0000020ef1737800 nmethod 18761 0x0000020ee2963e90 code [0x0000020ee2964040, 0x0000020ee29640f8]
Event: 215.614 Thread 0x0000020ef1737800 18762       1       com.android.tools.r8.internal.w::getValue (5 bytes)
Event: 215.614 Thread 0x0000020ef1737800 nmethod 18762 0x0000020ee2964190 code [0x0000020ee2964340, 0x0000020ee29643f8]
Event: 215.614 Thread 0x0000020ef1737800 18750       1       com.android.tools.r8.internal.i2::x (5 bytes)
Event: 215.614 Thread 0x0000020ef1737800 nmethod 18750 0x0000020ee2964490 code [0x0000020ee2964640, 0x0000020ee29646f8]
Event: 215.614 Thread 0x0000020ef1737800 18770       2       com.android.tools.r8.internal.hf::<init> (5 bytes)
Event: 215.615 Thread 0x0000020ef1737800 nmethod 18770 0x0000020edd096e10 code [0x0000020edd096fc0, 0x0000020edd0970b8]
Event: 215.615 Thread 0x0000020ef1737800 18771       2       com.android.tools.r8.internal.Rz::a (109 bytes)
Event: 215.616 Thread 0x0000020ef1737800 nmethod 18771 0x0000020edd097190 code [0x0000020edd097360, 0x0000020edd097688]
Event: 215.616 Thread 0x0000020ef1737800 18772       2       com.android.tools.r8.internal.i8::a (6 bytes)
Event: 215.616 Thread 0x0000020ef1737800 nmethod 18772 0x0000020edd097910 code [0x0000020edd097ac0, 0x0000020edd097be8]
Event: 215.616 Thread 0x0000020ef1737800 18773       2       com.android.tools.r8.internal.Me::a (1137 bytes)

GC Heap History (20 events):
Event: 213.104 GC heap before
{Heap before GC invocations=58 (full 0):
 garbage-first heap   total 270336K, used 220885K [0x0000000080000000, 0x0000000100000000)
  region size 1024K, 71 young (72704K), 2 survivors (2048K)
 Metaspace       used 127886K, capacity 131723K, committed 131916K, reserved 1163264K
  class space    used 16098K, capacity 17454K, committed 17536K, reserved 1048576K
}
Event: 213.128 GC heap after
{Heap after GC invocations=59 (full 0):
 garbage-first heap   total 270336K, used 156575K [0x0000000080000000, 0x0000000100000000)
  region size 1024K, 7 young (7168K), 7 survivors (7168K)
 Metaspace       used 127886K, capacity 131723K, committed 131916K, reserved 1163264K
  class space    used 16098K, capacity 17454K, committed 17536K, reserved 1048576K
}
Event: 213.738 GC heap before
{Heap before GC invocations=60 (full 0):
 garbage-first heap   total 270336K, used 223135K [0x0000000080000000, 0x0000000100000000)
  region size 1024K, 72 young (73728K), 7 survivors (7168K)
 Metaspace       used 128694K, capacity 132654K, committed 132812K, reserved 1165312K
  class space    used 16216K, capacity 17570K, committed 17664K, reserved 1048576K
}
Event: 213.799 GC heap after
{Heap after GC invocations=61 (full 0):
 garbage-first heap   total 270336K, used 172469K [0x0000000080000000, 0x0000000100000000)
  region size 1024K, 9 young (9216K), 9 survivors (9216K)
 Metaspace       used 128694K, capacity 132654K, committed 132812K, reserved 1165312K
  class space    used 16216K, capacity 17570K, committed 17664K, reserved 1048576K
}
Event: 213.807 GC heap before
{Heap before GC invocations=61 (full 0):
 garbage-first heap   total 270336K, used 175541K [0x0000000080000000, 0x0000000100000000)
  region size 1024K, 13 young (13312K), 9 survivors (9216K)
 Metaspace       used 128757K, capacity 132718K, committed 132812K, reserved 1165312K
  class space    used 16223K, capacity 17570K, committed 17664K, reserved 1048576K
}
Event: 213.836 GC heap after
{Heap after GC invocations=62 (full 0):
 garbage-first heap   total 270336K, used 165633K [0x0000000080000000, 0x0000000100000000)
  region size 1024K, 2 young (2048K), 2 survivors (2048K)
 Metaspace       used 128757K, capacity 132718K, committed 132812K, reserved 1165312K
  class space    used 16223K, capacity 17570K, committed 17664K, reserved 1048576K
}
Event: 214.089 GC heap before
{Heap before GC invocations=62 (full 0):
 garbage-first heap   total 270336K, used 217857K [0x0000000080000000, 0x0000000100000000)
  region size 1024K, 54 young (55296K), 2 survivors (2048K)
 Metaspace       used 130241K, capacity 134280K, committed 134604K, reserved 1165312K
  class space    used 16447K, capacity 17844K, committed 17920K, reserved 1048576K
}
Event: 214.105 GC heap after
{Heap after GC invocations=63 (full 0):
 garbage-first heap   total 270336K, used 181701K [0x0000000080000000, 0x0000000100000000)
  region size 1024K, 7 young (7168K), 7 survivors (7168K)
 Metaspace       used 130241K, capacity 134280K, committed 134604K, reserved 1165312K
  class space    used 16447K, capacity 17844K, committed 17920K, reserved 1048576K
}
Event: 214.363 GC heap before
{Heap before GC invocations=63 (full 0):
 garbage-first heap   total 270336K, used 218565K [0x0000000080000000, 0x0000000100000000)
  region size 1024K, 44 young (45056K), 7 survivors (7168K)
 Metaspace       used 131622K, capacity 135740K, committed 135884K, reserved 1167360K
  class space    used 16646K, capacity 18079K, committed 18176K, reserved 1048576K
}
Event: 214.384 GC heap after
{Heap after GC invocations=64 (full 0):
 garbage-first heap   total 270336K, used 189679K [0x0000000080000000, 0x0000000100000000)
  region size 1024K, 6 young (6144K), 6 survivors (6144K)
 Metaspace       used 131622K, capacity 135740K, committed 135884K, reserved 1167360K
  class space    used 16646K, capacity 18079K, committed 18176K, reserved 1048576K
}
Event: 214.605 GC heap before
{Heap before GC invocations=64 (full 0):
 garbage-first heap   total 270336K, used 221423K [0x0000000080000000, 0x0000000100000000)
  region size 1024K, 38 young (38912K), 6 survivors (6144K)
 Metaspace       used 132928K, capacity 137006K, committed 137164K, reserved 1167360K
  class space    used 16907K, capacity 18333K, committed 18432K, reserved 1048576K
}
Event: 214.668 GC heap after
{Heap after GC invocations=65 (full 0):
 garbage-first heap   total 270336K, used 198277K [0x0000000080000000, 0x0000000100000000)
  region size 1024K, 5 young (5120K), 5 survivors (5120K)
 Metaspace       used 132928K, capacity 137006K, committed 137164K, reserved 1167360K
  class space    used 16907K, capacity 18333K, committed 18432K, reserved 1048576K
}
Event: 215.049 GC heap before
{Heap before GC invocations=65 (full 0):
 garbage-first heap   total 270336K, used 224901K [0x0000000080000000, 0x0000000100000000)
  region size 1024K, 32 young (32768K), 5 survivors (5120K)
 Metaspace       used 133492K, capacity 137629K, committed 137676K, reserved 1169408K
  class space    used 16977K, capacity 18432K, committed 18432K, reserved 1048576K
}
Event: 215.059 GC heap after
{Heap after GC invocations=66 (full 0):
 garbage-first heap   total 270336K, used 207483K [0x0000000080000000, 0x0000000100000000)
  region size 1024K, 4 young (4096K), 4 survivors (4096K)
 Metaspace       used 133492K, capacity 137629K, committed 137676K, reserved 1169408K
  class space    used 16977K, capacity 18432K, committed 18432K, reserved 1048576K
}
Event: 215.467 GC heap before
{Heap before GC invocations=66 (full 0):
 garbage-first heap   total 270336K, used 226939K [0x0000000080000000, 0x0000000100000000)
  region size 1024K, 24 young (24576K), 4 survivors (4096K)
 Metaspace       used 133540K, capacity 137636K, committed 138060K, reserved 1169408K
  class space    used 16969K, capacity 18406K, committed 18560K, reserved 1048576K
}
Event: 215.475 GC heap after
{Heap after GC invocations=67 (full 0):
 garbage-first heap   total 270336K, used 215733K [0x0000000080000000, 0x0000000100000000)
  region size 1024K, 3 young (3072K), 3 survivors (3072K)
 Metaspace       used 133540K, capacity 137636K, committed 138060K, reserved 1169408K
  class space    used 16969K, capacity 18406K, committed 18560K, reserved 1048576K
}
Event: 215.554 GC heap before
{Heap before GC invocations=67 (full 0):
 garbage-first heap   total 270336K, used 230069K [0x0000000080000000, 0x0000000100000000)
  region size 1024K, 18 young (18432K), 3 survivors (3072K)
 Metaspace       used 133719K, capacity 137767K, committed 138060K, reserved 1169408K
  class space    used 17006K, capacity 18428K, committed 18560K, reserved 1048576K
}
Event: 215.561 GC heap after
{Heap after GC invocations=68 (full 0):
 garbage-first heap   total 270336K, used 221184K [0x0000000080000000, 0x0000000100000000)
  region size 1024K, 3 young (3072K), 3 survivors (3072K)
 Metaspace       used 133719K, capacity 137767K, committed 138060K, reserved 1169408K
  class space    used 17006K, capacity 18428K, committed 18560K, reserved 1048576K
}
Event: 215.607 GC heap before
{Heap before GC invocations=69 (full 0):
 garbage-first heap   total 270336K, used 233472K [0x0000000080000000, 0x0000000100000000)
  region size 1024K, 15 young (15360K), 3 survivors (3072K)
 Metaspace       used 134003K, capacity 138095K, committed 138316K, reserved 1169408K
  class space    used 17058K, capacity 18494K, committed 18560K, reserved 1048576K
}
Event: 215.613 GC heap after
{Heap after GC invocations=70 (full 0):
 garbage-first heap   total 270336K, used 224930K [0x0000000080000000, 0x0000000100000000)
  region size 1024K, 2 young (2048K), 2 survivors (2048K)
 Metaspace       used 134003K, capacity 138095K, committed 138316K, reserved 1169408K
  class space    used 17058K, capacity 18494K, committed 18560K, reserved 1048576K
}

Deoptimization events (20 events):
Event: 214.888 Thread 0x0000020ef62a6000 DEOPT PACKING pc=0x0000020edced37ab sp=0x000000c62baf9190
Event: 214.986 Thread 0x0000020ef629f800 Uncommon trap: trap_request=0xffffffde fr.pc=0x0000020ee255ff78 relative=0x0000000000000398
Event: 214.986 Thread 0x0000020ef629f800 Uncommon trap: reason=class_check action=maybe_recompile pc=0x0000020ee255ff78 method=java.util.Spliterators$IteratorSpliterator.tryAdvance(Ljava/util/function/Consumer;)Z @ 68 c2
Event: 214.986 Thread 0x0000020ef629f800 DEOPT PACKING pc=0x0000020ee255ff78 sp=0x000000c62b8f98a0
Event: 214.986 Thread 0x0000020ef629f800 DEOPT UNPACKING pc=0x0000020eda6078af sp=0x000000c62b8f9838 mode 2
Event: 214.987 Thread 0x0000020ef43b9800 Uncommon trap: trap_request=0xffffffde fr.pc=0x0000020ee255ff78 relative=0x0000000000000398
Event: 214.987 Thread 0x0000020ef43b9800 Uncommon trap: reason=class_check action=maybe_recompile pc=0x0000020ee255ff78 method=java.util.Spliterators$IteratorSpliterator.tryAdvance(Ljava/util/function/Consumer;)Z @ 68 c2
Event: 214.987 Thread 0x0000020ef43b9800 DEOPT PACKING pc=0x0000020ee255ff78 sp=0x000000c62b5f9db0
Event: 214.987 Thread 0x0000020ef43b9800 DEOPT UNPACKING pc=0x0000020eda6078af sp=0x000000c62b5f9d48 mode 2
Event: 215.023 Thread 0x0000020ef62a6000 DEOPT UNPACKING pc=0x0000020eda6076ce sp=0x000000c62baf8920 mode 0
Event: 215.439 Thread 0x0000020ef62a6000 DEOPT PACKING pc=0x0000020edcee4323 sp=0x000000c62baf9cb0
Event: 215.439 Thread 0x0000020ef62a6000 DEOPT UNPACKING pc=0x0000020eda6076ce sp=0x000000c62baf91e0 mode 0
Event: 215.506 Thread 0x0000020ef43b9800 Uncommon trap: trap_request=0xffffff4d fr.pc=0x0000020ee294d8c0 relative=0x0000000000000ee0
Event: 215.506 Thread 0x0000020ef43b9800 Uncommon trap: reason=unstable_if action=reinterpret pc=0x0000020ee294d8c0 method=com.android.tools.r8.internal.oh.a(ILjava/lang/Object;)Ljava/lang/Object; @ 99 c2
Event: 215.506 Thread 0x0000020ef43b9800 DEOPT PACKING pc=0x0000020ee294d8c0 sp=0x000000c62b5f9d40
Event: 215.506 Thread 0x0000020ef43b9800 DEOPT UNPACKING pc=0x0000020eda6078af sp=0x000000c62b5f9d08 mode 2
Event: 215.513 Thread 0x0000020ef62a6000 DEOPT PACKING pc=0x0000020edcee4323 sp=0x000000c62baf9cb0
Event: 215.513 Thread 0x0000020ef62a6000 DEOPT UNPACKING pc=0x0000020eda6076ce sp=0x000000c62baf91e0 mode 0
Event: 215.563 Thread 0x0000020ef62a6000 DEOPT PACKING pc=0x0000020edcee4323 sp=0x000000c62baf9cf0
Event: 215.563 Thread 0x0000020ef62a6000 DEOPT UNPACKING pc=0x0000020eda6076ce sp=0x000000c62baf9220 mode 0

Classes redefined (0 events):
No events

Internal exceptions (20 events):
Event: 213.875 Thread 0x0000020ef62a6000 Exception <a 'sun/nio/fs/WindowsException'{0x000000008f6ab8f8}> (0x000000008f6ab8f8) thrown at [./src/hotspot/share/prims/jni.cpp, line 615]
Event: 213.908 Thread 0x0000020ef62a6000 Exception <a 'java/lang/NoSuchMethodError'{0x000000008f4d75d0}: 'java.lang.Object java.lang.invoke.DirectMethodHandle$Holder.invokeStatic(java.lang.Object, long)'> (0x000000008f4d75d0) thrown at [./src/hotspot/share/interpreter/linkResolver.cpp, line 773]
Event: 213.908 Thread 0x0000020ef43bc000 Exception <a 'java/lang/NoSuchMethodError'{0x000000008f1fc530}: 'java.lang.Object java.lang.invoke.DirectMethodHandle$Holder.invokeStatic(java.lang.Object, long)'> (0x000000008f1fc530) thrown at [./src/hotspot/share/interpreter/linkResolver.cpp, line 773]
Event: 213.908 Thread 0x0000020ef62a2800 Exception <a 'java/lang/NoSuchMethodError'{0x000000008ed53af8}: 'java.lang.Object java.lang.invoke.DirectMethodHandle$Holder.invokeStatic(java.lang.Object, long)'> (0x000000008ed53af8) thrown at [./src/hotspot/share/interpreter/linkResolver.cpp, line 773]
Event: 213.909 Thread 0x0000020ef629f800 Exception <a 'java/lang/NoSuchMethodError'{0x000000008edeff48}: 'java.lang.Object java.lang.invoke.DirectMethodHandle$Holder.invokeStatic(java.lang.Object, long)'> (0x000000008edeff48) thrown at [./src/hotspot/share/interpreter/linkResolver.cpp, line 773]
Event: 213.910 Thread 0x0000020ef43b9000 Exception <a 'java/lang/NoSuchMethodError'{0x000000008eda6d50}: 'java.lang.Object java.lang.invoke.DirectMethodHandle$Holder.invokeStatic(java.lang.Object, long)'> (0x000000008eda6d50) thrown at [./src/hotspot/share/interpreter/linkResolver.cpp, line 773]
Event: 213.910 Thread 0x0000020ef62a2800 Exception <a 'java/lang/NoSuchMethodError'{0x000000008ec4f210}: 'java.lang.Object java.lang.invoke.Invokers$Holder.linkToTargetMethod(long, java.lang.Object)'> (0x000000008ec4f210) thrown at [./src/hotspot/share/interpreter/linkResolver.cpp, line 773]
Event: 213.964 Thread 0x0000020ef43b9000 Exception <a 'java/lang/NoSuchMethodError'{0x000000008e2f13b0}: 'void java.lang.invoke.DirectMethodHandle$Holder.invokeStatic(java.lang.Object, java.lang.Object, java.lang.Object, int)'> (0x000000008e2f13b0) thrown at [./src/hotspot/share/interpreter/linkResolver.cpp, line 773]
Event: 213.968 Thread 0x0000020ef43b9000 Exception <a 'java/lang/IncompatibleClassChangeError'{0x000000008e1746a0}: Found class java.lang.Object, but interface was expected> (0x000000008e1746a0) thrown at [./src/hotspot/share/interpreter/linkResolver.cpp, line 839]
Event: 214.389 Thread 0x0000020ef43bc000 Exception <a 'java/lang/NoSuchMethodError'{0x00000000907aa1b0}: 'int java.lang.invoke.DirectMethodHandle$Holder.invokeSpecial(java.lang.Object, java.lang.Object, java.lang.Object, java.lang.Object, java.lang.Object)'> (0x00000000907aa1b0) thrown at [./src/hotspot/share/interpreter/linkResolver.cpp, line 773]
Event: 214.389 Thread 0x0000020ef62a2800 Exception <a 'java/lang/NoSuchMethodError'{0x0000000090762cf0}: 'int java.lang.invoke.DirectMethodHandle$Holder.invokeSpecial(java.lang.Object, java.lang.Object, java.lang.Object, java.lang.Object, java.lang.Object)'> (0x0000000090762cf0) thrown at [./src/hotspot/share/interpreter/linkResolver.cpp, line 773]
Event: 214.522 Thread 0x0000020ef62a2800 Exception <a 'java/lang/NoSuchMethodError'{0x000000008f47f0f8}: 'java.lang.Object java.lang.invoke.DirectMethodHandle$Holder.invokeVirtual(java.lang.Object, java.lang.Object, int, java.lang.Object)'> (0x000000008f47f0f8) thrown at [./src/hotspot/share/interpreter/linkResolver.cpp, line 773]
Event: 214.522 Thread 0x0000020ef43bc000 Exception <a 'java/lang/NoSuchMethodError'{0x000000008f495048}: 'java.lang.Object java.lang.invoke.DirectMethodHandle$Holder.invokeVirtual(java.lang.Object, java.lang.Object, int, java.lang.Object)'> (0x000000008f495048) thrown at [./src/hotspot/share/interpreter/linkResolver.cpp, line 773]
Event: 214.522 Thread 0x0000020ef43b9000 Exception <a 'java/lang/NoSuchMethodError'{0x000000008f4ffc68}: 'java.lang.Object java.lang.invoke.DirectMethodHandle$Holder.invokeVirtual(java.lang.Object, java.lang.Object, int, java.lang.Object)'> (0x000000008f4ffc68) thrown at [./src/hotspot/share/interpreter/linkResolver.cpp, line 773]
Event: 214.581 Thread 0x0000020ef43b9800 Exception <a 'java/lang/NoSuchMethodError'{0x000000008eea7b20}: 'void java.lang.invoke.DirectMethodHandle$Holder.invokeVirtual(java.lang.Object, java.lang.Object, int, java.lang.Object)'> (0x000000008eea7b20) thrown at [./src/hotspot/share/interpreter/linkResolver.cpp, line 773]
Event: 214.581 Thread 0x0000020ef43b9000 Exception <a 'java/lang/NoSuchMethodError'{0x000000008ec9e7f0}: 'void java.lang.invoke.DirectMethodHandle$Holder.invokeVirtual(java.lang.Object, java.lang.Object, int, java.lang.Object)'> (0x000000008ec9e7f0) thrown at [./src/hotspot/share/interpreter/linkResolver.cpp, line 773]
Event: 215.452 Thread 0x0000020ef43b9800 Exception <a 'java/lang/IncompatibleClassChangeError'{0x00000000905f1470}: Found class java.lang.Object, but interface was expected> (0x00000000905f1470) thrown at [./src/hotspot/share/interpreter/linkResolver.cpp, line 839]
Event: 215.452 Thread 0x0000020ef43b9000 Exception <a 'java/lang/IncompatibleClassChangeError'{0x000000008f797208}: Found class java.lang.Object, but interface was expected> (0x000000008f797208) thrown at [./src/hotspot/share/interpreter/linkResolver.cpp, line 839]
Event: 215.454 Thread 0x0000020ef43b9800 Exception <a 'java/lang/IncompatibleClassChangeError'{0x000000008f674ef8}: Found class java.lang.Object, but interface was expected> (0x000000008f674ef8) thrown at [./src/hotspot/share/interpreter/linkResolver.cpp, line 839]
Event: 215.513 Thread 0x0000020ef629f800 Exception <a 'java/lang/NoSuchMethodError'{0x00000000901a9b30}: 'java.lang.Object java.lang.invoke.DirectMethodHandle$Holder.newInvokeSpecial(java.lang.Object, int)'> (0x00000000901a9b30) thrown at [./src/hotspot/share/interpreter/linkResolver.cpp, line 773]

Events (20 events):
Event: 215.596 loading class com/android/tools/r8/internal/wz
Event: 215.596 loading class com/android/tools/r8/internal/wz done
Event: 215.599 loading class com/android/tools/r8/code/I1
Event: 215.599 loading class com/android/tools/r8/code/I1 done
Event: 215.601 loading class com/android/tools/r8/code/H1
Event: 215.601 loading class com/android/tools/r8/code/H1 done
Event: 215.602 loading class com/android/tools/r8/internal/It
Event: 215.602 loading class com/android/tools/r8/internal/It done
Event: 215.607 Executing VM operation: G1CollectForAllocation
Event: 215.613 Executing VM operation: G1CollectForAllocation done
Event: 215.615 loading class com/android/tools/r8/code/f2
Event: 215.615 loading class com/android/tools/r8/code/f2 done
Event: 215.618 loading class com/android/tools/r8/internal/Cv
Event: 215.618 loading class com/android/tools/r8/internal/Cv done
Event: 215.619 loading class com/android/tools/r8/code/U0
Event: 215.619 loading class com/android/tools/r8/code/U0 done
Event: 215.622 loading class com/android/tools/r8/code/p2
Event: 215.622 loading class com/android/tools/r8/code/p2 done
Event: 215.622 loading class com/android/tools/r8/internal/Me$e
Event: 215.622 loading class com/android/tools/r8/internal/Me$e done


Dynamic libraries:
0x00007ff674cf0000 - 0x00007ff674cfa000 	C:\Program Files\Android\Android Studio1\jre\bin\java.exe
0x00007ffee6580000 - 0x00007ffee6789000 	C:\WINDOWS\SYSTEM32\ntdll.dll
0x00007ffee5200000 - 0x00007ffee52bd000 	C:\WINDOWS\System32\KERNEL32.DLL
0x00007ffee3c10000 - 0x00007ffee3f84000 	C:\WINDOWS\System32\KERNELBASE.dll
0x00007ffee3a70000 - 0x00007ffee3b81000 	C:\WINDOWS\System32\ucrtbase.dll
0x00007ffed02a0000 - 0x00007ffed02b9000 	C:\Program Files\Android\Android Studio1\jre\bin\jli.dll
0x00007ffed0300000 - 0x00007ffed0317000 	C:\Program Files\Android\Android Studio1\jre\bin\VCRUNTIME140.dll
0x00007ffee4dc0000 - 0x00007ffee4f6c000 	C:\WINDOWS\System32\USER32.dll
0x00007ffece2f0000 - 0x00007ffece595000 	C:\WINDOWS\WinSxS\amd64_microsoft.windows.common-controls_6595b64144ccf1df_6.0.22000.120_none_9d947278b86cc467\COMCTL32.dll
0x00007ffee40c0000 - 0x00007ffee40e6000 	C:\WINDOWS\System32\win32u.dll
0x00007ffee5950000 - 0x00007ffee59f3000 	C:\WINDOWS\System32\msvcrt.dll
0x00007ffee5920000 - 0x00007ffee5949000 	C:\WINDOWS\System32\GDI32.dll
0x00007ffee4190000 - 0x00007ffee42a2000 	C:\WINDOWS\System32\gdi32full.dll
0x00007ffee40f0000 - 0x00007ffee418d000 	C:\WINDOWS\System32\msvcp_win.dll
0x00007ffee4d80000 - 0x00007ffee4db1000 	C:\WINDOWS\System32\IMM32.DLL
0x00007ffeaca90000 - 0x00007ffeacb2d000 	C:\Program Files\Android\Android Studio1\jre\bin\msvcp140.dll
0x00007ffe973a0000 - 0x00007ffe97e6f000 	C:\Program Files\Android\Android Studio1\jre\bin\server\jvm.dll
0x00007ffee4f70000 - 0x00007ffee501e000 	C:\WINDOWS\System32\ADVAPI32.dll
0x00007ffee5160000 - 0x00007ffee51fe000 	C:\WINDOWS\System32\sechost.dll
0x00007ffee5040000 - 0x00007ffee5160000 	C:\WINDOWS\System32\RPCRT4.dll
0x00007ffee5a00000 - 0x00007ffee5a08000 	C:\WINDOWS\System32\PSAPI.DLL
0x00007ffec1120000 - 0x00007ffec1129000 	C:\WINDOWS\SYSTEM32\WSOCK32.dll
0x00007ffedc4b0000 - 0x00007ffedc4e3000 	C:\WINDOWS\SYSTEM32\WINMM.dll
0x00007ffed5670000 - 0x00007ffed567a000 	C:\WINDOWS\SYSTEM32\VERSION.dll
0x00007ffee5a10000 - 0x00007ffee5a7f000 	C:\WINDOWS\System32\WS2_32.dll
0x00007ffee2c60000 - 0x00007ffee2c78000 	C:\WINDOWS\SYSTEM32\kernel.appcore.dll
0x00007ffedc920000 - 0x00007ffedc931000 	C:\Program Files\Android\Android Studio1\jre\bin\verify.dll
0x00007ffee1070000 - 0x00007ffee1291000 	C:\WINDOWS\SYSTEM32\DBGHELP.DLL
0x00007ffec4850000 - 0x00007ffec4881000 	C:\WINDOWS\SYSTEM32\dbgcore.DLL
0x00007ffee3b90000 - 0x00007ffee3c0f000 	C:\WINDOWS\System32\bcryptPrimitives.dll
0x00007ffedc610000 - 0x00007ffedc639000 	C:\Program Files\Android\Android Studio1\jre\bin\java.dll
0x00007ffedd910000 - 0x00007ffedd91b000 	C:\Program Files\Android\Android Studio1\jre\bin\jimage.dll
0x00007ffed2de0000 - 0x00007ffed2df8000 	C:\Program Files\Android\Android Studio1\jre\bin\zip.dll
0x00007ffee5a80000 - 0x00007ffee622e000 	C:\WINDOWS\System32\SHELL32.dll
0x00007ffee1bf0000 - 0x00007ffee2458000 	C:\WINDOWS\SYSTEM32\windows.storage.dll
0x00007ffee4a00000 - 0x00007ffee4d78000 	C:\WINDOWS\System32\combase.dll
0x00007ffee1a80000 - 0x00007ffee1be6000 	C:\WINDOWS\SYSTEM32\wintypes.dll
0x00007ffee6230000 - 0x00007ffee631a000 	C:\WINDOWS\System32\SHCORE.dll
0x00007ffee53f0000 - 0x00007ffee544d000 	C:\WINDOWS\System32\shlwapi.dll
0x00007ffee39a0000 - 0x00007ffee39c1000 	C:\WINDOWS\SYSTEM32\profapi.dll
0x00007ffed0240000 - 0x00007ffed025a000 	C:\Program Files\Android\Android Studio1\jre\bin\net.dll
0x00007ffeddd60000 - 0x00007ffedde6c000 	C:\WINDOWS\SYSTEM32\WINHTTP.dll
0x00007ffee3090000 - 0x00007ffee30f7000 	C:\WINDOWS\system32\mswsock.dll
0x00007ffed00b0000 - 0x00007ffed00c4000 	C:\Program Files\Android\Android Studio1\jre\bin\nio.dll
0x00007ffecce50000 - 0x00007ffecce77000 	C:\Users\ASUS\.gradle\native\8bec1ad78214c89d9ad589b4d07fe93259594b29d510b10fafb7a158f7737e5d\windows-amd64\native-platform.dll
0x00007ffeac8c0000 - 0x00007ffeac9fd000 	C:\Users\ASUS\.gradle\native\53dbd7edfb1c66fb8903c78663c9afc45aea4f116125fa6feffd364cf09443e8\windows-amd64\native-platform-file-events.dll
0x00007ffedc4f0000 - 0x00007ffedc4fa000 	C:\Program Files\Android\Android Studio1\jre\bin\management.dll
0x00007ffed2dd0000 - 0x00007ffed2ddc000 	C:\Program Files\Android\Android Studio1\jre\bin\management_ext.dll
0x00007ffee32d0000 - 0x00007ffee32e8000 	C:\WINDOWS\SYSTEM32\CRYPTSP.dll
0x00007ffee2bc0000 - 0x00007ffee2bf5000 	C:\WINDOWS\system32\rsaenh.dll
0x00007ffee3180000 - 0x00007ffee31a9000 	C:\WINDOWS\SYSTEM32\USERENV.dll
0x00007ffee3450000 - 0x00007ffee3477000 	C:\WINDOWS\SYSTEM32\bcrypt.dll
0x00007ffee32f0000 - 0x00007ffee32fc000 	C:\WINDOWS\SYSTEM32\CRYPTBASE.dll
0x00007ffee2790000 - 0x00007ffee27bd000 	C:\WINDOWS\SYSTEM32\IPHLPAPI.DLL
0x00007ffee52c0000 - 0x00007ffee52c9000 	C:\WINDOWS\System32\NSI.dll
0x00007ffeddf40000 - 0x00007ffeddf59000 	C:\WINDOWS\SYSTEM32\dhcpcsvc6.DLL
0x00007ffede330000 - 0x00007ffede34e000 	C:\WINDOWS\SYSTEM32\dhcpcsvc.DLL
0x00007ffee2800000 - 0x00007ffee28e7000 	C:\WINDOWS\SYSTEM32\DNSAPI.dll
0x00007ffece8d0000 - 0x00007ffece8f7000 	C:\Program Files\Android\Android Studio1\jre\bin\sunec.dll
0x00007ffecc130000 - 0x00007ffecc13a000 	C:\Windows\System32\rasadhlp.dll
0x00007ffedbfd0000 - 0x00007ffedc051000 	C:\WINDOWS\System32\fwpuclnt.dll

dbghelp: loaded successfully - version: 4.0.5 - missing functions: none
symbol engine: initialized successfully - sym options: 0x614 - pdb path: .;C:\Program Files\Android\Android Studio1\jre\bin;C:\WINDOWS\SYSTEM32;C:\WINDOWS\WinSxS\amd64_microsoft.windows.common-controls_6595b64144ccf1df_6.0.22000.120_none_9d947278b86cc467;C:\Program Files\Android\Android Studio1\jre\bin\server;C:\Users\ASUS\.gradle\native\8bec1ad78214c89d9ad589b4d07fe93259594b29d510b10fafb7a158f7737e5d\windows-amd64;C:\Users\ASUS\.gradle\native\53dbd7edfb1c66fb8903c78663c9afc45aea4f116125fa6feffd364cf09443e8\windows-amd64

VM Arguments:
jvm_args: --add-opens=java.base/java.util=ALL-UNNAMED --add-opens=java.base/java.lang=ALL-UNNAMED --add-opens=java.base/java.lang.invoke=ALL-UNNAMED --add-opens=java.base/java.util=ALL-UNNAMED --add-opens=java.prefs/java.util.prefs=ALL-UNNAMED --add-opens=java.prefs/java.util.prefs=ALL-UNNAMED --add-opens=java.base/java.nio.charset=ALL-UNNAMED --add-opens=java.base/java.net=ALL-UNNAMED --add-opens=java.base/java.util.concurrent.atomic=ALL-UNNAMED -Xmx2048m -Dfile.encoding=UTF-8 -Duser.country=ID -Duser.language=en -Duser.variant 
java_command: org.gradle.launcher.daemon.bootstrap.GradleDaemon 7.0.2
java_class_path (initial): C:\Users\ASUS\.gradle\wrapper\dists\gradle-7.0.2-bin\857tjihv64xamwrf0h14cai3r\gradle-7.0.2\lib\gradle-launcher-7.0.2.jar
Launcher Type: SUN_STANDARD

[Global flags]
     intx CICompilerCount                          = 4                                         {product} {ergonomic}
     uint ConcGCThreads                            = 2                                         {product} {ergonomic}
     uint G1ConcRefinementThreads                  = 8                                         {product} {ergonomic}
   size_t G1HeapRegionSize                         = 1048576                                   {product} {ergonomic}
    uintx GCDrainStackTargetSize                   = 64                                        {product} {ergonomic}
   size_t InitialHeapSize                          = 132120576                                 {product} {ergonomic}
   size_t MarkStackSize                            = 4194304                                   {product} {ergonomic}
   size_t MaxHeapSize                              = 2147483648                                {product} {command line}
   size_t MaxNewSize                               = 1287651328                                {product} {ergonomic}
   size_t MinHeapDeltaBytes                        = 1048576                                   {product} {ergonomic}
    uintx NonNMethodCodeHeapSize                   = 5836300                                {pd product} {ergonomic}
    uintx NonProfiledCodeHeapSize                  = 122910970                              {pd product} {ergonomic}
    uintx ProfiledCodeHeapSize                     = 122910970                              {pd product} {ergonomic}
    uintx ReservedCodeCacheSize                    = 251658240                              {pd product} {ergonomic}
     bool SegmentedCodeCache                       = true                                      {product} {ergonomic}
     bool UseCompressedClassPointers               = true                                 {lp64_product} {ergonomic}
     bool UseCompressedOops                        = true                                 {lp64_product} {ergonomic}
     bool UseG1GC                                  = true                                      {product} {ergonomic}
     bool UseLargePagesIndividualAllocation        = false                                  {pd product} {ergonomic}

Logging:
Log output configuration:
 #0: stdout all=warning uptime,level,tags
 #1: stderr all=off uptime,level,tags

Environment Variables:
PATH=C:\Users\ASUS\platform-tools_r31.0.3-windows\platform-tools\systrace\catapult\common\bin;C:\Python310\;C:\ProgramData\Oracle\Java\javapath;C:\Program Files\Common Files\Oracle\Java\javapath;C:\Windows\system32;C:\Windows;C:\Windows\System32\Wbem;C:\Windows\System32\WindowsPowerShell\v1.0\;C:\Windows\System32\OpenSSH\;C:\Program Files (x86)\NVIDIA Corporation\PhysX\Common;C:\Program Files\NVIDIA Corporation\NVIDIA NvDLISR;C:\composer;C:\ProgramData\ComposerSetup\bin;C:\Program Files\gradle-6.9.1\bin;C:\WINDOWS\system32;C:\WINDOWS;C:\WINDOWS\System32\Wbem;C:\WINDOWS\System32\WindowsPowerShell\v1.0\;C:\WINDOWS\System32\OpenSSH\;C:\Program Files\nodejs\;C:\ProgramData\chocolatey\bin;C:\Users\ASUS\flutter\bin;C:\Program Files\Git\bin;C:\Program Files\Git\cmd;C:\Users\ASUS\AppData\Local\Android\sdk\tools\bin;C:\Users\ASUS\flutter\bin;C:\Users\ASUS\AppData\Local\Microsoft\WindowsApps;C:\Program Files\MongoDB\Server\4.4\bin;C:\xampp\php;C:\Users\ASUS\AppData\Roaming\Composer\vendor\bin;C:\Python27;C:\Program Files\gradle-6.9.1\bin;C:\Users\ASUS\AppData\Roaming\npm;C:\Users\ASUS\AppData\Local\Android\sdk\tools\bin;C:\Users\ASUS\AppData\Local\Programs\Microsoft VS Code\bin
USERNAME=ASUS
OS=Windows_NT
PROCESSOR_IDENTIFIER=Intel64 Family 6 Model 158 Stepping 10, GenuineIntel



---------------  S Y S T E M  ---------------

OS: Windows 10 , 64 bit Build 22000 (10.0.22000.434)
OS uptime: 9 days 2:28 hours

CPU:total 8 (initial active 8) (4 cores per cpu, 2 threads per core) family 6 model 158 stepping 10 microcode 0xde, cmov, cx8, fxsr, mmx, sse, sse2, sse3, ssse3, sse4.1, sse4.2, popcnt, avx, avx2, aes, clmul, erms, 3dnowpref, lzcnt, ht, tsc, tscinvbit, bmi1, bmi2, adx, fma

Memory: 4k page, system-wide physical 8047M (119M free)
TotalPageFile size 32623M (AvailPageFile size 50M)
current process WorkingSet (physical memory assigned to process): 528M, peak: 567M
current process commit charge ("private bytes"): 722M, peak: 773M

vm_info: OpenJDK 64-Bit Server VM (11.0.10+0-b96-7249189) for windows-amd64 JRE (11.0.10+0-b96-7249189), built on Mar 31 2021 21:44:00 by "builder" with MS VC++ 14.0 (VS2015)

END.
