#
# There is insufficient memory for the Java Runtime Environment to continue.
# Native memory allocation (mmap) failed to map 143654912 bytes for Failed to commit area from 0x0000000093d00000 to 0x000000009c600000 of length 143654912.
# Possible reasons:
#   The system is out of physical RAM or swap space
#   The process is running with CompressedOops enabled, and the Java Heap may be blocking the growth of the native heap
# Possible solutions:
#   Reduce memory load on the system
#   Increase physical memory or swap space
#   Check if swap backing store is full
#   Decrease Java heap size (-Xmx/-Xms)
#   Decrease number of Java threads
#   Decrease Java thread stack sizes (-Xss)
#   Set larger code cache with -XX:ReservedCodeCacheSize=
#   JVM is running with Unscaled Compressed Oops mode in which the Java heap is
#     placed in the first 4GB address space. The Java Heap base address is the
#     maximum limit for the native heap growth. Please use -XX:HeapBaseMinAddress
#     to set the Java Heap base and to place the Java Heap above 4GB virtual address.
# This output file may be truncated or incomplete.
#
#  Out of Memory Error (./src/hotspot/os/windows/os_windows.cpp:3301), pid=3844, tid=4308
#
# JRE version: OpenJDK Runtime Environment (11.0.10) (build 11.0.10+0-b96-7249189)
# Java VM: OpenJDK 64-Bit Server VM (11.0.10+0-b96-7249189, mixed mode, tiered, compressed oops, g1 gc, windows-amd64)
# No core dump will be written. Minidumps are not enabled by default on client versions of Windows
#

---------------  S U M M A R Y ------------

Command Line: --add-opens=java.base/java.util=ALL-UNNAMED --add-opens=java.base/java.lang=ALL-UNNAMED --add-opens=java.base/java.lang.invoke=ALL-UNNAMED --add-opens=java.base/java.util=ALL-UNNAMED --add-opens=java.prefs/java.util.prefs=ALL-UNNAMED --add-opens=java.prefs/java.util.prefs=ALL-UNNAMED --add-opens=java.base/java.nio.charset=ALL-UNNAMED --add-opens=java.base/java.net=ALL-UNNAMED --add-opens=java.base/java.util.concurrent.atomic=ALL-UNNAMED -Xmx2048m -Dfile.encoding=UTF-8 -Duser.country=ID -Duser.language=en -Duser.variant org.gradle.launcher.daemon.bootstrap.GradleDaemon 7.0.2

Host: Intel(R) Core(TM) i5-8300H CPU @ 2.30GHz, 8 cores, 7G,  Windows 10 , 64 bit Build 22000 (10.0.22000.434)
Time: Wed Mar 30 10:45:29 2022 SE Asia Standard Time elapsed time: 351.132582 seconds (0d 0h 5m 51s)

---------------  T H R E A D  ---------------

Current thread (0x000002a37d602000):  VMThread "VM Thread" [stack: 0x000000c58de00000,0x000000c58df00000] [id=4308]

Stack: [0x000000c58de00000,0x000000c58df00000]
[error occurred during error reporting (printing stack bounds), id 0xc0000005, EXCEPTION_ACCESS_VIOLATION (0xc0000005) at pc=0x000002a3664d0f2d]

Native frames: (J=compiled Java code, j=interpreted, Vv=VM code, C=native code)
V  [jvm.dll+0x5ecfaa]
V  [jvm.dll+0x722bd5]
V  [jvm.dll+0x72412d]
V  [jvm.dll+0x724745]
V  [jvm.dll+0x7246fb]
V  [jvm.dll+0x5ec348]
V  [jvm.dll+0x5ecad8]
C  [ntdll.dll+0xa86ef]
C  [ntdll.dll+0x35aea]
C  [ntdll.dll+0xa76fe]
C  0x000002a3664d0f2d

VM_Operation (0x000000c5911fabb0): G1CollectForAllocation, mode: safepoint, requested by thread 0x000002a302ef8000


---------------  P R O C E S S  ---------------

Threads class SMR info:
_java_thread_list=0x000002a306df7260, length=70, elements={
0x000002a3611e3000, 0x000002a37d604000, 0x000002a37d60d000, 0x000002a37d622000,
0x000002a37d623000, 0x000002a37d626000, 0x000002a37df85000, 0x000002a37df86000,
0x000002a37df93800, 0x000002a37e0dd000, 0x000002a37f2ab800, 0x000002a37f517800,
0x000002a300575800, 0x000002a300153800, 0x000002a300153000, 0x000002a300154800,
0x000002a300155800, 0x000002a30014f800, 0x000002a300150800, 0x000002a300151800,
0x000002a37ee4b000, 0x000002a37ee47000, 0x000002a37ee47800, 0x000002a37ee4c000,
0x000002a37ee4a000, 0x000002a37ee49800, 0x000002a37ee48800, 0x000002a37ee50000,
0x000002a302eec000, 0x000002a302eea800, 0x000002a302ef9000, 0x000002a302eed800,
0x000002a302eef000, 0x000002a37ee54000, 0x000002a300152000, 0x000002a30014f000,
0x000002a302eec800, 0x000002a302ef0000, 0x000002a302eeb000, 0x000002a302ef3800,
0x000002a302ef1800, 0x000002a302ef2800, 0x000002a302eee800, 0x000002a302ef6800,
0x000002a302ef5800, 0x000002a302ef7800, 0x000002a302ef4000, 0x000002a302ef8000,
0x000002a302ef5000, 0x000002a37ee46000, 0x000002a37ee50800, 0x000002a37ee4c800,
0x000002a37ee51800, 0x000002a37ee55000, 0x000002a37ee52800, 0x000002a37ee53000,
0x000002a37eef2800, 0x000002a37eef3800, 0x000002a37eef1000, 0x000002a37eef1800,
0x000002a37eef4000, 0x000002a37eef5000, 0x000002a37eeef800, 0x000002a37eef6000,
0x000002a37eef0000, 0x000002a37eef6800, 0x000002a37eefa800, 0x000002a37eefb800,
0x000002a37eefc800, 0x000002a37eefd000
}

Java Threads: ( => current thread )
  0x000002a3611e3000 JavaThread "main" [_thread_blocked, id=12064, stack(0x000000c58d800000,0x000000c58d900000)]
  0x000002a37d604000 JavaThread "Reference Handler" daemon [_thread_blocked, id=10868, stack(0x000000c58df00000,0x000000c58e000000)]
  0x000002a37d60d000 JavaThread "Finalizer" daemon [_thread_blocked, id=12512, stack(0x000000c58e000000,0x000000c58e100000)]
  0x000002a37d622000 JavaThread "Signal Dispatcher" daemon [_thread_blocked, id=10584, stack(0x000000c58e100000,0x000000c58e200000)]
  0x000002a37d623000 JavaThread "Attach Listener" daemon [_thread_blocked, id=10048, stack(0x000000c58e200000,0x000000c58e300000)]
  0x000002a37d626000 JavaThread "Service Thread" daemon [_thread_blocked, id=8876, stack(0x000000c58e300000,0x000000c58e400000)]
  0x000002a37df85000 JavaThread "C2 CompilerThread0" daemon [_thread_in_native, id=13908, stack(0x000000c58e400000,0x000000c58e500000)]
  0x000002a37df86000 JavaThread "C1 CompilerThread0" daemon [_thread_blocked, id=17420, stack(0x000000c58e500000,0x000000c58e600000)]
  0x000002a37df93800 JavaThread "Sweeper thread" daemon [_thread_blocked, id=1848, stack(0x000000c58e600000,0x000000c58e700000)]
  0x000002a37e0dd000 JavaThread "Common-Cleaner" daemon [_thread_blocked, id=15008, stack(0x000000c58e700000,0x000000c58e800000)]
  0x000002a37f2ab800 JavaThread "Daemon health stats" [_thread_blocked, id=5888, stack(0x000000c58eb00000,0x000000c58ec00000)]
  0x000002a37f517800 JavaThread "Incoming local TCP Connector on port 54983" [_thread_in_native, id=12384, stack(0x000000c58ec00000,0x000000c58ed00000)]
  0x000002a300575800 JavaThread "Daemon periodic checks" [_thread_blocked, id=6852, stack(0x000000c58ed00000,0x000000c58ee00000)]
  0x000002a300153800 JavaThread "Cache worker for file hash cache (C:\Users\ASUS\.gradle\caches\7.0.2\fileHashes)" [_thread_blocked, id=17792, stack(0x000000c58fa00000,0x000000c58fb00000)]
  0x000002a300153000 JavaThread "File lock request listener" [_thread_in_native, id=584, stack(0x000000c58fb00000,0x000000c58fc00000)]
  0x000002a300154800 JavaThread "Cache worker for journal cache (C:\Users\ASUS\.gradle\caches\journal-1)" [_thread_blocked, id=17300, stack(0x000000c58fd00000,0x000000c58fe00000)]
  0x000002a300155800 JavaThread "File watcher server" daemon [_thread_blocked, id=3956, stack(0x000000c58ff00000,0x000000c590000000)]
  0x000002a30014f800 JavaThread "File watcher consumer" daemon [_thread_blocked, id=11476, stack(0x000000c590000000,0x000000c590100000)]
  0x000002a300150800 JavaThread "jar transforms" [_thread_blocked, id=15172, stack(0x000000c590100000,0x000000c590200000)]
  0x000002a300151800 JavaThread "jar transforms Thread 2" [_thread_blocked, id=9920, stack(0x000000c590200000,0x000000c590300000)]
  0x000002a37ee4b000 JavaThread "jar transforms Thread 3" [_thread_blocked, id=6312, stack(0x000000c590300000,0x000000c590400000)]
  0x000002a37ee47000 JavaThread "jar transforms Thread 4" [_thread_blocked, id=14188, stack(0x000000c590400000,0x000000c590500000)]
  0x000002a37ee47800 JavaThread "jar transforms Thread 5" [_thread_blocked, id=4296, stack(0x000000c590500000,0x000000c590600000)]
  0x000002a37ee4c000 JavaThread "jar transforms Thread 6" [_thread_blocked, id=1660, stack(0x000000c590600000,0x000000c590700000)]
  0x000002a37ee4a000 JavaThread "jar transforms Thread 7" [_thread_blocked, id=7804, stack(0x000000c590700000,0x000000c590800000)]
  0x000002a37ee49800 JavaThread "jar transforms Thread 8" [_thread_blocked, id=15240, stack(0x000000c590800000,0x000000c590900000)]
  0x000002a37ee48800 JavaThread "Cache worker for execution history cache (C:\Users\ASUS\.gradle\caches\7.0.2\executionHistory)" [_thread_blocked, id=9508, stack(0x000000c590c00000,0x000000c590d00000)]
  0x000002a37ee50000 JavaThread "Cache worker for file content cache (C:\Users\ASUS\.gradle\caches\7.0.2\fileContent)" [_thread_blocked, id=18296, stack(0x000000c590d00000,0x000000c590e00000)]
  0x000002a302eec000 JavaThread "Memory manager" [_thread_blocked, id=15772, stack(0x000000c591800000,0x000000c591900000)]
  0x000002a302eea800 JavaThread "pool-3-thread-1" [_thread_blocked, id=15984, stack(0x000000c591900000,0x000000c591a00000)]
  0x000002a302ef9000 JavaThread "pool-7-thread-1" [_thread_blocked, id=968, stack(0x000000c591500000,0x000000c591600000)]
  0x000002a302eed800 JavaThread "Daemon Thread 3" [_thread_blocked, id=3020, stack(0x000000c58d500000,0x000000c58d600000)]
  0x000002a302eef000 JavaThread "Daemon worker Thread 3" [_thread_blocked, id=8796, stack(0x000000c58f000000,0x000000c58f100000)]
  0x000002a37ee54000 JavaThread "pool-10-thread-1" [_thread_blocked, id=7088, stack(0x000000c591b00000,0x000000c591c00000)]
  0x000002a300152000 JavaThread "Handler for socket connection from /127.0.0.1:54983 to /127.0.0.1:55132" [_thread_in_native, id=8988, stack(0x000000c58ee00000,0x000000c58ef00000)]
  0x000002a30014f000 JavaThread "Cancel handler" [_thread_blocked, id=12900, stack(0x000000c58ef00000,0x000000c58f000000)]
  0x000002a302eec800 JavaThread "Asynchronous log dispatcher for DefaultDaemonConnection: socket connection from /127.0.0.1:54983 to /127.0.0.1:55132" [_thread_blocked, id=8248, stack(0x000000c58f100000,0x000000c58f200000)]
  0x000002a302ef0000 JavaThread "Stdin handler" [_thread_blocked, id=12056, stack(0x000000c58f200000,0x000000c58f300000)]
  0x000002a302eeb000 JavaThread "Daemon client event forwarder" [_thread_blocked, id=12904, stack(0x000000c58f300000,0x000000c58f400000)]
  0x000002a302ef3800 JavaThread "Cache worker for file hash cache (C:\Users\ASUS\AndroidStudioProjects\gigiibuhamil\.gradle\7.0.2\fileHashes)" [_thread_blocked, id=12332, stack(0x000000c58f400000,0x000000c58f500000)]
  0x000002a302ef1800 JavaThread "Cache worker for checksums cache (C:\Users\ASUS\AndroidStudioProjects\gigiibuhamil\.gradle\checksums)" [_thread_blocked, id=13952, stack(0x000000c58fe00000,0x000000c58ff00000)]
  0x000002a302ef2800 JavaThread "Cache worker for cache directory md-supplier (C:\Users\ASUS\.gradle\caches\7.0.2\md-supplier)" [_thread_blocked, id=1468, stack(0x000000c590900000,0x000000c590a00000)]
  0x000002a302eee800 JavaThread "Cache worker for cache directory md-rule (C:\Users\ASUS\.gradle\caches\7.0.2\md-rule)" [_thread_blocked, id=17492, stack(0x000000c590a00000,0x000000c590b00000)]
  0x000002a302ef6800 JavaThread "Cache worker for dependencies-accessors (C:\Users\ASUS\AndroidStudioProjects\gigiibuhamil\.gradle\7.0.2\dependencies-accessors)" [_thread_blocked, id=7604, stack(0x000000c590b00000,0x000000c590c00000)]
  0x000002a302ef5800 JavaThread "Cache worker for Build Output Cleanup Cache (C:\Users\ASUS\AndroidStudioProjects\gigiibuhamil\.gradle\buildOutputCleanup)" [_thread_blocked, id=7036, stack(0x000000c590e00000,0x000000c590f00000)]
  0x000002a302ef7800 JavaThread "Build operations" [_thread_blocked, id=11244, stack(0x000000c590f00000,0x000000c591000000)]
  0x000002a302ef4000 JavaThread "Build operations Thread 2" [_thread_blocked, id=17496, stack(0x000000c591000000,0x000000c591100000)]
  0x000002a302ef8000 JavaThread "Build operations Thread 3" [_thread_blocked, id=13136, stack(0x000000c591100000,0x000000c591200000)]
  0x000002a302ef5000 JavaThread "Build operations Thread 4" [_thread_blocked, id=4880, stack(0x000000c591200000,0x000000c591300000)]
  0x000002a37ee46000 JavaThread "Build operations Thread 5" [_thread_blocked, id=16224, stack(0x000000c591300000,0x000000c591400000)]
  0x000002a37ee50800 JavaThread "Build operations Thread 6" [_thread_blocked, id=10652, stack(0x000000c591400000,0x000000c591500000)]
  0x000002a37ee4c800 JavaThread "Build operations Thread 7" [_thread_blocked, id=6328, stack(0x000000c591700000,0x000000c591800000)]
  0x000002a37ee51800 JavaThread "Build operations Thread 8" [_thread_blocked, id=18068, stack(0x000000c591a00000,0x000000c591b00000)]
  0x000002a37ee55000 JavaThread "build event listener" [_thread_blocked, id=2184, stack(0x000000c591f00000,0x000000c592000000)]
  0x000002a37ee52800 JavaThread "pool-13-thread-1" [_thread_blocked, id=9936, stack(0x000000c592000000,0x000000c592100000)]
  0x000002a37ee53000 JavaThread "build event listener" [_thread_blocked, id=9128, stack(0x000000c592100000,0x000000c592200000)]
  0x000002a37eef2800 JavaThread "Execution worker for ':'" [_thread_blocked, id=9288, stack(0x000000c592200000,0x000000c592300000)]
  0x000002a37eef3800 JavaThread "Execution worker for ':' Thread 2" [_thread_blocked, id=11032, stack(0x000000c592300000,0x000000c592400000)]
  0x000002a37eef1000 JavaThread "Execution worker for ':' Thread 3" [_thread_blocked, id=1412, stack(0x000000c592400000,0x000000c592500000)]
  0x000002a37eef1800 JavaThread "Execution worker for ':' Thread 4" [_thread_blocked, id=2884, stack(0x000000c592500000,0x000000c592600000)]
  0x000002a37eef4000 JavaThread "Execution worker for ':' Thread 5" [_thread_blocked, id=14476, stack(0x000000c592600000,0x000000c592700000)]
  0x000002a37eef5000 JavaThread "Execution worker for ':' Thread 6" [_thread_blocked, id=3308, stack(0x000000c592700000,0x000000c592800000)]
  0x000002a37eeef800 JavaThread "Execution worker for ':' Thread 7" [_thread_blocked, id=12536, stack(0x000000c592800000,0x000000c592900000)]
  0x000002a37eef6000 JavaThread "Cache worker for execution history cache (C:\Users\ASUS\AndroidStudioProjects\gigiibuhamil\.gradle\7.0.2\executionHistory)" [_thread_blocked, id=9300, stack(0x000000c592900000,0x000000c592a00000)]
  0x000002a37eef0000 JavaThread "WorkerExecutor Queue" [_thread_blocked, id=12244, stack(0x000000c592a00000,0x000000c592b00000)]
  0x000002a37eef6800 JavaThread "WorkerExecutor Queue Thread 2" [_thread_blocked, id=9060, stack(0x000000c592b00000,0x000000c592c00000)]
  0x000002a37eefa800 JavaThread "WorkerExecutor Queue Thread 4" [_thread_blocked, id=10516, stack(0x000000c592d00000,0x000000c592e00000)]
  0x000002a37eefb800 JavaThread "pool-14-thread-1" [_thread_blocked, id=4032, stack(0x000000c592e00000,0x000000c592f00000)]
  0x000002a37eefc800 JavaThread "stderr" [_thread_in_native, id=16980, stack(0x000000c592f00000,0x000000c593000000)]
  0x000002a37eefd000 JavaThread "stdout" [_thread_in_native, id=17424, stack(0x000000c593000000,0x000000c593100000)]

Other Threads:
=>0x000002a37d602000 VMThread "VM Thread" [stack: 0x000000c58de00000,0x000000c58df00000] [id=4308]
  0x000002a37e106800 WatcherThread [stack: 0x000000c58e800000,0x000000c58e900000] [id=8556]
  0x000002a3611f9800 GCTaskThread "GC Thread#0" [stack: 0x000000c58d900000,0x000000c58da00000] [id=6848]
  0x000002a37ea69000 GCTaskThread "GC Thread#1" [stack: 0x000000c58e900000,0x000000c58ea00000] [id=11304]
  0x000002a37ea58800 GCTaskThread "GC Thread#2" [stack: 0x000000c58ea00000,0x000000c58eb00000] [id=11412]
  0x000002a300168800 GCTaskThread "GC Thread#3" [stack: 0x000000c58f500000,0x000000c58f600000] [id=2760]
  0x000002a300192800 GCTaskThread "GC Thread#4" [stack: 0x000000c58f600000,0x000000c58f700000] [id=2312]
  0x000002a3001ca000 GCTaskThread "GC Thread#5" [stack: 0x000000c58f700000,0x000000c58f800000] [id=15004]
  0x000002a3001cb000 GCTaskThread "GC Thread#6" [stack: 0x000000c58f800000,0x000000c58f900000] [id=5936]
  0x000002a3001ae000 GCTaskThread "GC Thread#7" [stack: 0x000000c58f900000,0x000000c58fa00000] [id=5700]
  0x000002a36122a000 ConcurrentGCThread "G1 Main Marker" [stack: 0x000000c58da00000,0x000000c58db00000] [id=12736]
  0x000002a36122d000 ConcurrentGCThread "G1 Conc#0" [stack: 0x000000c58db00000,0x000000c58dc00000] [id=12396]
  0x000002a3002c1800 ConcurrentGCThread "G1 Conc#1" [stack: 0x000000c58fc00000,0x000000c58fd00000] [id=14028]
  0x000002a3612be800 ConcurrentGCThread "G1 Refine#0" [stack: 0x000000c58dc00000,0x000000c58dd00000] [id=8364]
  0x000002a3089dd800 ConcurrentGCThread "G1 Refine#1" [stack: 0x000000c591c00000,0x000000c591d00000] [id=4872]
  0x000002a309500000 ConcurrentGCThread "G1 Refine#2" [stack: 0x000000c591e00000,0x000000c591f00000] [id=4964]
  0x000002a37d452800 ConcurrentGCThread "G1 Young RemSet Sampling" [stack: 0x000000c58dd00000,0x000000c58de00000] [id=16800]

Threads with active compile tasks:
C2 CompilerThread0 351187 23552       4       java.util.TimSort::sort (229 bytes)

VM state:at safepoint (normal execution)

VM Mutex/Monitor currently owned by a thread:  ([mutex/lock_event])
[0x000002a3611ded20] Threads_lock - owner thread: 0x000002a37d602000
[0x000002a3611df8f0] Heap_lock - owner thread: 0x000002a302ef8000

Heap address: 0x0000000080000000, size: 2048 MB, Compressed Oops mode: 32-bit
Narrow klass base: 0x0000000000000000, Narrow klass shift: 3
Compressed class space size: 1073741824 Address: 0x0000000100000000

Heap:
 garbage-first heap   total 464896K, used 215099K [0x0000000080000000, 0x0000000100000000)
  region size 1024K, 3 young (3072K), 3 survivors (3072K)
 Metaspace       used 144426K, capacity 149146K, committed 149376K, reserved 1179648K
  class space    used 18100K, capacity 19801K, committed 19840K, reserved 1048576K
Heap Regions: E=young(eden), S=young(survivor), O=old, HS=humongous(starts), HC=humongous(continues), CS=collection set, F=free, A=archive, TAMS=top-at-mark-start (previous, next)
|   0|0x0000000080000000, 0x0000000080100000, 0x0000000080100000|100%| O|  |TAMS 0x0000000080100000, 0x0000000080100000| Untracked 
|   1|0x0000000080100000, 0x0000000080200000, 0x0000000080200000|100%| O|  |TAMS 0x0000000080200000, 0x0000000080200000| Untracked 
|   2|0x0000000080200000, 0x0000000080300000, 0x0000000080300000|100%| O|  |TAMS 0x0000000080300000, 0x0000000080300000| Untracked 
|   3|0x0000000080300000, 0x0000000080400000, 0x0000000080400000|100%|HS|  |TAMS 0x0000000080400000, 0x0000000080400000| Complete 
|   4|0x0000000080400000, 0x0000000080500000, 0x0000000080500000|100%|HC|  |TAMS 0x0000000080500000, 0x0000000080500000| Complete 
|   5|0x0000000080500000, 0x0000000080600000, 0x0000000080600000|100%|HC|  |TAMS 0x0000000080600000, 0x0000000080600000| Complete 
|   6|0x0000000080600000, 0x0000000080700000, 0x0000000080700000|100%| O|  |TAMS 0x0000000080700000, 0x0000000080700000| Untracked 
|   7|0x0000000080700000, 0x0000000080800000, 0x0000000080800000|100%| O|  |TAMS 0x0000000080800000, 0x0000000080800000| Untracked 
|   8|0x0000000080800000, 0x0000000080900000, 0x0000000080900000|100%| O|  |TAMS 0x0000000080900000, 0x0000000080900000| Untracked 
|   9|0x0000000080900000, 0x0000000080a00000, 0x0000000080a00000|100%| O|  |TAMS 0x0000000080a00000, 0x0000000080a00000| Untracked 
|  10|0x0000000080a00000, 0x0000000080b00000, 0x0000000080b00000|100%| O|  |TAMS 0x0000000080b00000, 0x0000000080b00000| Untracked 
|  11|0x0000000080b00000, 0x0000000080c00000, 0x0000000080c00000|100%| O|  |TAMS 0x0000000080c00000, 0x0000000080c00000| Untracked 
|  12|0x0000000080c00000, 0x0000000080d00000, 0x0000000080d00000|100%| O|  |TAMS 0x0000000080d00000, 0x0000000080d00000| Untracked 
|  13|0x0000000080d00000, 0x0000000080e00000, 0x0000000080e00000|100%| O|  |TAMS 0x0000000080e00000, 0x0000000080e00000| Untracked 
|  14|0x0000000080e00000, 0x0000000080f00000, 0x0000000080f00000|100%| O|  |TAMS 0x0000000080f00000, 0x0000000080f00000| Untracked 
|  15|0x0000000080f00000, 0x0000000081000000, 0x0000000081000000|100%| O|  |TAMS 0x0000000081000000, 0x0000000081000000| Untracked 
|  16|0x0000000081000000, 0x0000000081100000, 0x0000000081100000|100%|HS|  |TAMS 0x0000000081100000, 0x0000000081100000| Complete 
|  17|0x0000000081100000, 0x0000000081200000, 0x0000000081200000|100%|HC|  |TAMS 0x0000000081200000, 0x0000000081200000| Complete 
|  18|0x0000000081200000, 0x0000000081300000, 0x0000000081300000|100%|HS|  |TAMS 0x0000000081300000, 0x0000000081300000| Complete 
|  19|0x0000000081300000, 0x0000000081400000, 0x0000000081400000|100%|HC|  |TAMS 0x0000000081400000, 0x0000000081400000| Complete 
|  20|0x0000000081400000, 0x0000000081500000, 0x0000000081500000|100%|HC|  |TAMS 0x0000000081500000, 0x0000000081500000| Complete 
|  21|0x0000000081500000, 0x0000000081600000, 0x0000000081600000|100%|HS|  |TAMS 0x0000000081600000, 0x0000000081600000| Complete 
|  22|0x0000000081600000, 0x0000000081700000, 0x0000000081700000|100%|HC|  |TAMS 0x0000000081700000, 0x0000000081700000| Complete 
|  23|0x0000000081700000, 0x0000000081800000, 0x0000000081800000|100%|HC|  |TAMS 0x0000000081800000, 0x0000000081800000| Complete 
|  24|0x0000000081800000, 0x0000000081900000, 0x0000000081900000|100%|HC|  |TAMS 0x0000000081900000, 0x0000000081900000| Complete 
|  25|0x0000000081900000, 0x0000000081a00000, 0x0000000081a00000|100%|HC|  |TAMS 0x0000000081a00000, 0x0000000081a00000| Complete 
|  26|0x0000000081a00000, 0x0000000081b00000, 0x0000000081b00000|100%| O|  |TAMS 0x0000000081b00000, 0x0000000081b00000| Untracked 
|  27|0x0000000081b00000, 0x0000000081c00000, 0x0000000081c00000|100%| O|  |TAMS 0x0000000081c00000, 0x0000000081c00000| Untracked 
|  28|0x0000000081c00000, 0x0000000081d00000, 0x0000000081d00000|100%| O|  |TAMS 0x0000000081d00000, 0x0000000081d00000| Untracked 
|  29|0x0000000081d00000, 0x0000000081e00000, 0x0000000081e00000|100%| O|  |TAMS 0x0000000081e00000, 0x0000000081e00000| Untracked 
|  30|0x0000000081e00000, 0x0000000081f00000, 0x0000000081f00000|100%| O|  |TAMS 0x0000000081f00000, 0x0000000081f00000| Untracked 
|  31|0x0000000081f00000, 0x0000000082000000, 0x0000000082000000|100%|HS|  |TAMS 0x0000000082000000, 0x0000000082000000| Complete 
|  32|0x0000000082000000, 0x0000000082100000, 0x0000000082100000|100%|HC|  |TAMS 0x0000000082100000, 0x0000000082100000| Complete 
|  33|0x0000000082100000, 0x0000000082200000, 0x0000000082200000|100%|HC|  |TAMS 0x0000000082200000, 0x0000000082200000| Complete 
|  34|0x0000000082200000, 0x0000000082300000, 0x0000000082300000|100%| O|  |TAMS 0x0000000082300000, 0x0000000082300000| Untracked 
|  35|0x0000000082300000, 0x0000000082400000, 0x0000000082400000|100%|HS|  |TAMS 0x0000000082400000, 0x0000000082400000| Complete 
|  36|0x0000000082400000, 0x0000000082500000, 0x0000000082500000|100%|HC|  |TAMS 0x0000000082500000, 0x0000000082500000| Complete 
|  37|0x0000000082500000, 0x0000000082600000, 0x0000000082600000|100%|HC|  |TAMS 0x0000000082600000, 0x0000000082600000| Complete 
|  38|0x0000000082600000, 0x0000000082700000, 0x0000000082700000|100%|HC|  |TAMS 0x0000000082700000, 0x0000000082700000| Complete 
|  39|0x0000000082700000, 0x0000000082800000, 0x0000000082800000|100%|HC|  |TAMS 0x0000000082800000, 0x0000000082800000| Complete 
|  40|0x0000000082800000, 0x0000000082900000, 0x0000000082900000|100%| O|  |TAMS 0x0000000082900000, 0x0000000082900000| Untracked 
|  41|0x0000000082900000, 0x0000000082a00000, 0x0000000082a00000|100%| O|  |TAMS 0x0000000082a00000, 0x0000000082a00000| Untracked 
|  42|0x0000000082a00000, 0x0000000082b00000, 0x0000000082b00000|100%| O|  |TAMS 0x0000000082b00000, 0x0000000082b00000| Untracked 
|  43|0x0000000082b00000, 0x0000000082c00000, 0x0000000082c00000|100%| O|  |TAMS 0x0000000082c00000, 0x0000000082c00000| Untracked 
|  44|0x0000000082c00000, 0x0000000082d00000, 0x0000000082d00000|100%| O|  |TAMS 0x0000000082d00000, 0x0000000082d00000| Untracked 
|  45|0x0000000082d00000, 0x0000000082e00000, 0x0000000082e00000|100%| O|  |TAMS 0x0000000082e00000, 0x0000000082e00000| Untracked 
|  46|0x0000000082e00000, 0x0000000082f00000, 0x0000000082f00000|100%| O|  |TAMS 0x0000000082f00000, 0x0000000082f00000| Untracked 
|  47|0x0000000082f00000, 0x0000000083000000, 0x0000000083000000|100%| O|  |TAMS 0x0000000083000000, 0x0000000083000000| Untracked 
|  48|0x0000000083000000, 0x0000000083100000, 0x0000000083100000|100%| O|  |TAMS 0x0000000083100000, 0x0000000083100000| Untracked 
|  49|0x0000000083100000, 0x0000000083200000, 0x0000000083200000|100%| O|  |TAMS 0x0000000083200000, 0x0000000083200000| Untracked 
|  50|0x0000000083200000, 0x0000000083300000, 0x0000000083300000|100%| O|  |TAMS 0x0000000083300000, 0x0000000083300000| Untracked 
|  51|0x0000000083300000, 0x0000000083400000, 0x0000000083400000|100%| O|  |TAMS 0x0000000083400000, 0x0000000083400000| Untracked 
|  52|0x0000000083400000, 0x0000000083500000, 0x0000000083500000|100%| O|  |TAMS 0x0000000083500000, 0x0000000083500000| Untracked 
|  53|0x0000000083500000, 0x0000000083600000, 0x0000000083600000|100%|HS|  |TAMS 0x0000000083600000, 0x0000000083600000| Complete 
|  54|0x0000000083600000, 0x0000000083700000, 0x0000000083700000|100%|HS|  |TAMS 0x0000000083700000, 0x0000000083700000| Complete 
|  55|0x0000000083700000, 0x0000000083800000, 0x0000000083800000|100%|HS|  |TAMS 0x0000000083800000, 0x0000000083800000| Complete 
|  56|0x0000000083800000, 0x0000000083900000, 0x0000000083900000|100%|HS|  |TAMS 0x0000000083900000, 0x0000000083900000| Complete 
|  57|0x0000000083900000, 0x0000000083a00000, 0x0000000083a00000|100%|HC|  |TAMS 0x0000000083a00000, 0x0000000083a00000| Complete 
|  58|0x0000000083a00000, 0x0000000083b00000, 0x0000000083b00000|100%|HC|  |TAMS 0x0000000083b00000, 0x0000000083b00000| Complete 
|  59|0x0000000083b00000, 0x0000000083c00000, 0x0000000083c00000|100%|HS|  |TAMS 0x0000000083c00000, 0x0000000083c00000| Complete 
|  60|0x0000000083c00000, 0x0000000083d00000, 0x0000000083d00000|100%|HC|  |TAMS 0x0000000083d00000, 0x0000000083d00000| Complete 
|  61|0x0000000083d00000, 0x0000000083e00000, 0x0000000083e00000|100%| O|  |TAMS 0x0000000083e00000, 0x0000000083e00000| Untracked 
|  62|0x0000000083e00000, 0x0000000083f00000, 0x0000000083f00000|100%| O|  |TAMS 0x0000000083f00000, 0x0000000083f00000| Untracked 
|  63|0x0000000083f00000, 0x0000000084000000, 0x0000000084000000|100%| O|  |TAMS 0x0000000084000000, 0x0000000084000000| Untracked 
|  64|0x0000000084000000, 0x0000000084100000, 0x0000000084100000|100%| O|  |TAMS 0x0000000084100000, 0x0000000084100000| Untracked 
|  65|0x0000000084100000, 0x0000000084200000, 0x0000000084200000|100%| O|  |TAMS 0x0000000084200000, 0x0000000084200000| Untracked 
|  66|0x0000000084200000, 0x0000000084200000, 0x0000000084300000|  0%| F|  |TAMS 0x0000000084200000, 0x0000000084200000| Untracked 
|  67|0x0000000084300000, 0x0000000084400000, 0x0000000084400000|100%| O|  |TAMS 0x0000000084400000, 0x0000000084400000| Untracked 
|  68|0x0000000084400000, 0x0000000084500000, 0x0000000084500000|100%| O|  |TAMS 0x0000000084500000, 0x0000000084500000| Untracked 
|  69|0x0000000084500000, 0x0000000084600000, 0x0000000084600000|100%| O|  |TAMS 0x0000000084600000, 0x0000000084600000| Untracked 
|  70|0x0000000084600000, 0x0000000084700000, 0x0000000084700000|100%| O|  |TAMS 0x0000000084700000, 0x0000000084700000| Untracked 
|  71|0x0000000084700000, 0x0000000084800000, 0x0000000084800000|100%| O|  |TAMS 0x0000000084800000, 0x0000000084800000| Untracked 
|  72|0x0000000084800000, 0x0000000084900000, 0x0000000084900000|100%| O|  |TAMS 0x0000000084900000, 0x0000000084900000| Untracked 
|  73|0x0000000084900000, 0x0000000084a00000, 0x0000000084a00000|100%| O|  |TAMS 0x0000000084a00000, 0x0000000084a00000| Untracked 
|  74|0x0000000084a00000, 0x0000000084b00000, 0x0000000084b00000|100%| O|  |TAMS 0x0000000084b00000, 0x0000000084b00000| Untracked 
|  75|0x0000000084b00000, 0x0000000084c00000, 0x0000000084c00000|100%| O|  |TAMS 0x0000000084c00000, 0x0000000084c00000| Untracked 
|  76|0x0000000084c00000, 0x0000000084d00000, 0x0000000084d00000|100%| O|  |TAMS 0x0000000084d00000, 0x0000000084d00000| Untracked 
|  77|0x0000000084d00000, 0x0000000084e00000, 0x0000000084e00000|100%| O|  |TAMS 0x0000000084e00000, 0x0000000084e00000| Untracked 
|  78|0x0000000084e00000, 0x0000000084f00000, 0x0000000084f00000|100%| O|  |TAMS 0x0000000084f00000, 0x0000000084f00000| Untracked 
|  79|0x0000000084f00000, 0x0000000085000000, 0x0000000085000000|100%| O|  |TAMS 0x0000000085000000, 0x0000000085000000| Untracked 
|  80|0x0000000085000000, 0x0000000085100000, 0x0000000085100000|100%| O|  |TAMS 0x0000000085100000, 0x0000000085100000| Untracked 
|  81|0x0000000085100000, 0x0000000085200000, 0x0000000085200000|100%| O|  |TAMS 0x0000000085200000, 0x0000000085200000| Untracked 
|  82|0x0000000085200000, 0x0000000085300000, 0x0000000085300000|100%| O|  |TAMS 0x0000000085300000, 0x0000000085300000| Untracked 
|  83|0x0000000085300000, 0x0000000085400000, 0x0000000085400000|100%| O|  |TAMS 0x0000000085400000, 0x0000000085400000| Untracked 
|  84|0x0000000085400000, 0x0000000085500000, 0x0000000085500000|100%| O|  |TAMS 0x0000000085500000, 0x0000000085500000| Untracked 
|  85|0x0000000085500000, 0x0000000085600000, 0x0000000085600000|100%| O|  |TAMS 0x0000000085600000, 0x0000000085600000| Untracked 
|  86|0x0000000085600000, 0x0000000085700000, 0x0000000085700000|100%| O|  |TAMS 0x0000000085700000, 0x0000000085700000| Untracked 
|  87|0x0000000085700000, 0x0000000085800000, 0x0000000085800000|100%| O|  |TAMS 0x0000000085800000, 0x0000000085800000| Untracked 
|  88|0x0000000085800000, 0x0000000085900000, 0x0000000085900000|100%| O|  |TAMS 0x0000000085900000, 0x0000000085900000| Untracked 
|  89|0x0000000085900000, 0x0000000085a00000, 0x0000000085a00000|100%| O|  |TAMS 0x0000000085a00000, 0x0000000085a00000| Untracked 
|  90|0x0000000085a00000, 0x0000000085a00000, 0x0000000085b00000|  0%| F|  |TAMS 0x0000000085a00000, 0x0000000085a00000| Untracked 
|  91|0x0000000085b00000, 0x0000000085c00000, 0x0000000085c00000|100%| O|  |TAMS 0x0000000085c00000, 0x0000000085c00000| Untracked 
|  92|0x0000000085c00000, 0x0000000085d00000, 0x0000000085d00000|100%| O|  |TAMS 0x0000000085d00000, 0x0000000085d00000| Untracked 
|  93|0x0000000085d00000, 0x0000000085e00000, 0x0000000085e00000|100%| O|  |TAMS 0x0000000085e00000, 0x0000000085e00000| Untracked 
|  94|0x0000000085e00000, 0x0000000085f00000, 0x0000000085f00000|100%| O|  |TAMS 0x0000000085f00000, 0x0000000085f00000| Untracked 
|  95|0x0000000085f00000, 0x0000000086000000, 0x0000000086000000|100%| O|  |TAMS 0x0000000086000000, 0x0000000086000000| Untracked 
|  96|0x0000000086000000, 0x0000000086100000, 0x0000000086100000|100%| O|  |TAMS 0x0000000086100000, 0x0000000086100000| Untracked 
|  97|0x0000000086100000, 0x0000000086200000, 0x0000000086200000|100%| O|  |TAMS 0x0000000086200000, 0x0000000086200000| Untracked 
|  98|0x0000000086200000, 0x0000000086300000, 0x0000000086300000|100%| O|  |TAMS 0x0000000086300000, 0x0000000086300000| Untracked 
|  99|0x0000000086300000, 0x0000000086400000, 0x0000000086400000|100%| O|  |TAMS 0x0000000086400000, 0x0000000086400000| Untracked 
| 100|0x0000000086400000, 0x0000000086500000, 0x0000000086500000|100%| O|  |TAMS 0x0000000086500000, 0x0000000086500000| Untracked 
| 101|0x0000000086500000, 0x0000000086500000, 0x0000000086600000|  0%| F|  |TAMS 0x0000000086500000, 0x0000000086500000| Untracked 
| 102|0x0000000086600000, 0x0000000086700000, 0x0000000086700000|100%| O|  |TAMS 0x0000000086700000, 0x0000000086700000| Untracked 
| 103|0x0000000086700000, 0x0000000086800000, 0x0000000086800000|100%| O|  |TAMS 0x0000000086800000, 0x0000000086800000| Untracked 
| 104|0x0000000086800000, 0x0000000086900000, 0x0000000086900000|100%| O|  |TAMS 0x0000000086900000, 0x0000000086900000| Untracked 
| 105|0x0000000086900000, 0x0000000086a00000, 0x0000000086a00000|100%| O|  |TAMS 0x0000000086a00000, 0x0000000086a00000| Untracked 
| 106|0x0000000086a00000, 0x0000000086b00000, 0x0000000086b00000|100%| O|  |TAMS 0x0000000086b00000, 0x0000000086b00000| Untracked 
| 107|0x0000000086b00000, 0x0000000086c00000, 0x0000000086c00000|100%| O|  |TAMS 0x0000000086c00000, 0x0000000086c00000| Untracked 
| 108|0x0000000086c00000, 0x0000000086d00000, 0x0000000086d00000|100%| O|  |TAMS 0x0000000086d00000, 0x0000000086d00000| Untracked 
| 109|0x0000000086d00000, 0x0000000086e00000, 0x0000000086e00000|100%| O|  |TAMS 0x0000000086e00000, 0x0000000086e00000| Untracked 
| 110|0x0000000086e00000, 0x0000000086f00000, 0x0000000086f00000|100%| O|  |TAMS 0x0000000086f00000, 0x0000000086f00000| Untracked 
| 111|0x0000000086f00000, 0x0000000086f00000, 0x0000000087000000|  0%| F|  |TAMS 0x0000000086f00000, 0x0000000086f00000| Untracked 
| 112|0x0000000087000000, 0x0000000087100000, 0x0000000087100000|100%| O|  |TAMS 0x0000000087100000, 0x0000000087100000| Untracked 
| 113|0x0000000087100000, 0x0000000087200000, 0x0000000087200000|100%| O|  |TAMS 0x0000000087200000, 0x0000000087200000| Untracked 
| 114|0x0000000087200000, 0x0000000087300000, 0x0000000087300000|100%| O|  |TAMS 0x0000000087300000, 0x0000000087300000| Untracked 
| 115|0x0000000087300000, 0x0000000087400000, 0x0000000087400000|100%| O|  |TAMS 0x0000000087400000, 0x0000000087400000| Untracked 
| 116|0x0000000087400000, 0x0000000087500000, 0x0000000087500000|100%| O|  |TAMS 0x0000000087400000, 0x0000000087500000| Untracked 
| 117|0x0000000087500000, 0x0000000087600000, 0x0000000087600000|100%| O|  |TAMS 0x0000000087600000, 0x0000000087600000| Untracked 
| 118|0x0000000087600000, 0x0000000087700000, 0x0000000087700000|100%| O|  |TAMS 0x0000000087600000, 0x0000000087700000| Untracked 
| 119|0x0000000087700000, 0x0000000087800000, 0x0000000087800000|100%| O|  |TAMS 0x0000000087800000, 0x0000000087800000| Untracked 
| 120|0x0000000087800000, 0x0000000087900000, 0x0000000087900000|100%| O|  |TAMS 0x0000000087900000, 0x0000000087900000| Untracked 
| 121|0x0000000087900000, 0x0000000087a00000, 0x0000000087a00000|100%| O|  |TAMS 0x0000000087a00000, 0x0000000087a00000| Untracked 
| 122|0x0000000087a00000, 0x0000000087b00000, 0x0000000087b00000|100%| O|  |TAMS 0x0000000087b00000, 0x0000000087b00000| Untracked 
| 123|0x0000000087b00000, 0x0000000087c00000, 0x0000000087c00000|100%| O|  |TAMS 0x0000000087c00000, 0x0000000087c00000| Untracked 
| 124|0x0000000087c00000, 0x0000000087d00000, 0x0000000087d00000|100%| O|  |TAMS 0x0000000087d00000, 0x0000000087d00000| Untracked 
| 125|0x0000000087d00000, 0x0000000087e00000, 0x0000000087e00000|100%| O|  |TAMS 0x0000000087d00000, 0x0000000087e00000| Untracked 
| 126|0x0000000087e00000, 0x0000000087f00000, 0x0000000087f00000|100%| O|  |TAMS 0x0000000087f00000, 0x0000000087f00000| Untracked 
| 127|0x0000000087f00000, 0x0000000088000000, 0x0000000088000000|100%| O|  |TAMS 0x0000000088000000, 0x0000000088000000| Untracked 
| 128|0x0000000088000000, 0x0000000088100000, 0x0000000088100000|100%| O|  |TAMS 0x0000000088100000, 0x0000000088100000| Untracked 
| 129|0x0000000088100000, 0x0000000088200000, 0x0000000088200000|100%| O|  |TAMS 0x0000000088100000, 0x0000000088200000| Untracked 
| 130|0x0000000088200000, 0x0000000088200000, 0x0000000088300000|  0%| F|  |TAMS 0x0000000088200000, 0x0000000088200000| Untracked 
| 131|0x0000000088300000, 0x0000000088400000, 0x0000000088400000|100%| O|  |TAMS 0x0000000088400000, 0x0000000088400000| Untracked 
| 132|0x0000000088400000, 0x0000000088500000, 0x0000000088500000|100%| O|  |TAMS 0x0000000088500000, 0x0000000088500000| Untracked 
| 133|0x0000000088500000, 0x0000000088500000, 0x0000000088600000|  0%| F|  |TAMS 0x0000000088500000, 0x0000000088500000| Untracked 
| 134|0x0000000088600000, 0x0000000088700000, 0x0000000088700000|100%| O|  |TAMS 0x0000000088600000, 0x0000000088700000| Untracked 
| 135|0x0000000088700000, 0x0000000088800000, 0x0000000088800000|100%| O|  |TAMS 0x0000000088800000, 0x0000000088800000| Untracked 
| 136|0x0000000088800000, 0x0000000088900000, 0x0000000088900000|100%| O|  |TAMS 0x0000000088900000, 0x0000000088900000| Untracked 
| 137|0x0000000088900000, 0x0000000088a00000, 0x0000000088a00000|100%| O|  |TAMS 0x0000000088a00000, 0x0000000088a00000| Untracked 
| 138|0x0000000088a00000, 0x0000000088b00000, 0x0000000088b00000|100%| O|  |TAMS 0x0000000088b00000, 0x0000000088b00000| Untracked 
| 139|0x0000000088b00000, 0x0000000088c00000, 0x0000000088c00000|100%| O|  |TAMS 0x0000000088c00000, 0x0000000088c00000| Untracked 
| 140|0x0000000088c00000, 0x0000000088d00000, 0x0000000088d00000|100%| O|  |TAMS 0x0000000088d00000, 0x0000000088d00000| Untracked 
| 141|0x0000000088d00000, 0x0000000088e00000, 0x0000000088e00000|100%| O|  |TAMS 0x0000000088e00000, 0x0000000088e00000| Untracked 
| 142|0x0000000088e00000, 0x0000000088f00000, 0x0000000088f00000|100%| O|  |TAMS 0x0000000088f00000, 0x0000000088f00000| Untracked 
| 143|0x0000000088f00000, 0x0000000089000000, 0x0000000089000000|100%| O|  |TAMS 0x0000000088f00000, 0x0000000089000000| Untracked 
| 144|0x0000000089000000, 0x0000000089100000, 0x0000000089100000|100%| O|  |TAMS 0x0000000089100000, 0x0000000089100000| Untracked 
| 145|0x0000000089100000, 0x0000000089200000, 0x0000000089200000|100%| O|  |TAMS 0x0000000089200000, 0x0000000089200000| Untracked 
| 146|0x0000000089200000, 0x0000000089300000, 0x0000000089300000|100%| O|  |TAMS 0x0000000089300000, 0x0000000089300000| Untracked 
| 147|0x0000000089300000, 0x0000000089302200, 0x0000000089400000|  0%| O|  |TAMS 0x0000000089300000, 0x0000000089302200| Untracked 
| 148|0x0000000089400000, 0x0000000089500000, 0x0000000089500000|100%| O|  |TAMS 0x0000000089500000, 0x0000000089500000| Untracked 
| 149|0x0000000089500000, 0x0000000089600000, 0x0000000089600000|100%| O|  |TAMS 0x0000000089600000, 0x0000000089600000| Untracked 
| 150|0x0000000089600000, 0x0000000089700000, 0x0000000089700000|100%| O|  |TAMS 0x0000000089700000, 0x0000000089700000| Untracked 
| 151|0x0000000089700000, 0x0000000089800000, 0x0000000089800000|100%| O|  |TAMS 0x0000000089800000, 0x0000000089800000| Untracked 
| 152|0x0000000089800000, 0x0000000089900000, 0x0000000089900000|100%| O|  |TAMS 0x0000000089900000, 0x0000000089900000| Untracked 
| 153|0x0000000089900000, 0x0000000089a00000, 0x0000000089a00000|100%| O|  |TAMS 0x0000000089a00000, 0x0000000089a00000| Untracked 
| 154|0x0000000089a00000, 0x0000000089b00000, 0x0000000089b00000|100%| O|  |TAMS 0x0000000089b00000, 0x0000000089b00000| Untracked 
| 155|0x0000000089b00000, 0x0000000089c00000, 0x0000000089c00000|100%| O|  |TAMS 0x0000000089c00000, 0x0000000089c00000| Untracked 
| 156|0x0000000089c00000, 0x0000000089d00000, 0x0000000089d00000|100%| O|  |TAMS 0x0000000089d00000, 0x0000000089d00000| Untracked 
| 157|0x0000000089d00000, 0x0000000089e00000, 0x0000000089e00000|100%| O|  |TAMS 0x0000000089e00000, 0x0000000089e00000| Untracked 
| 158|0x0000000089e00000, 0x0000000089f00000, 0x0000000089f00000|100%| O|  |TAMS 0x0000000089f00000, 0x0000000089f00000| Untracked 
| 159|0x0000000089f00000, 0x000000008a000000, 0x000000008a000000|100%| O|  |TAMS 0x000000008a000000, 0x000000008a000000| Untracked 
| 160|0x000000008a000000, 0x000000008a100000, 0x000000008a100000|100%| O|  |TAMS 0x000000008a100000, 0x000000008a100000| Untracked 
| 161|0x000000008a100000, 0x000000008a200000, 0x000000008a200000|100%| O|  |TAMS 0x000000008a200000, 0x000000008a200000| Untracked 
| 162|0x000000008a200000, 0x000000008a300000, 0x000000008a300000|100%| O|  |TAMS 0x000000008a300000, 0x000000008a300000| Untracked 
| 163|0x000000008a300000, 0x000000008a400000, 0x000000008a400000|100%| O|  |TAMS 0x000000008a400000, 0x000000008a400000| Untracked 
| 164|0x000000008a400000, 0x000000008a500000, 0x000000008a500000|100%| O|  |TAMS 0x000000008a500000, 0x000000008a500000| Untracked 
| 165|0x000000008a500000, 0x000000008a600000, 0x000000008a600000|100%| O|  |TAMS 0x000000008a600000, 0x000000008a600000| Untracked 
| 166|0x000000008a600000, 0x000000008a700000, 0x000000008a700000|100%| O|  |TAMS 0x000000008a700000, 0x000000008a700000| Untracked 
| 167|0x000000008a700000, 0x000000008a800000, 0x000000008a800000|100%| O|  |TAMS 0x000000008a800000, 0x000000008a800000| Untracked 
| 168|0x000000008a800000, 0x000000008a900000, 0x000000008a900000|100%| O|  |TAMS 0x000000008a900000, 0x000000008a900000| Untracked 
| 169|0x000000008a900000, 0x000000008aa00000, 0x000000008aa00000|100%| O|  |TAMS 0x000000008aa00000, 0x000000008aa00000| Untracked 
| 170|0x000000008aa00000, 0x000000008ab00000, 0x000000008ab00000|100%| O|  |TAMS 0x000000008ab00000, 0x000000008ab00000| Untracked 
| 171|0x000000008ab00000, 0x000000008ab00000, 0x000000008ac00000|  0%| F|  |TAMS 0x000000008ab00000, 0x000000008ab00000| Untracked 
| 172|0x000000008ac00000, 0x000000008ad00000, 0x000000008ad00000|100%| O|  |TAMS 0x000000008ad00000, 0x000000008ad00000| Untracked 
| 173|0x000000008ad00000, 0x000000008ae00000, 0x000000008ae00000|100%| O|  |TAMS 0x000000008ae00000, 0x000000008ae00000| Untracked 
| 174|0x000000008ae00000, 0x000000008af00000, 0x000000008af00000|100%| O|  |TAMS 0x000000008af00000, 0x000000008af00000| Untracked 
| 175|0x000000008af00000, 0x000000008b000000, 0x000000008b000000|100%| O|  |TAMS 0x000000008b000000, 0x000000008b000000| Untracked 
| 176|0x000000008b000000, 0x000000008b100000, 0x000000008b100000|100%| O|  |TAMS 0x000000008b100000, 0x000000008b100000| Untracked 
| 177|0x000000008b100000, 0x000000008b200000, 0x000000008b200000|100%| O|  |TAMS 0x000000008b200000, 0x000000008b200000| Untracked 
| 178|0x000000008b200000, 0x000000008b300000, 0x000000008b300000|100%| O|  |TAMS 0x000000008b300000, 0x000000008b300000| Untracked 
| 179|0x000000008b300000, 0x000000008b400000, 0x000000008b400000|100%| O|  |TAMS 0x000000008b400000, 0x000000008b400000| Untracked 
| 180|0x000000008b400000, 0x000000008b500000, 0x000000008b500000|100%| O|  |TAMS 0x000000008b500000, 0x000000008b500000| Untracked 
| 181|0x000000008b500000, 0x000000008b600000, 0x000000008b600000|100%| O|  |TAMS 0x000000008b600000, 0x000000008b600000| Untracked 
| 182|0x000000008b600000, 0x000000008b700000, 0x000000008b700000|100%| O|  |TAMS 0x000000008b700000, 0x000000008b700000| Untracked 
| 183|0x000000008b700000, 0x000000008b800000, 0x000000008b800000|100%| O|  |TAMS 0x000000008b800000, 0x000000008b800000| Untracked 
| 184|0x000000008b800000, 0x000000008b900000, 0x000000008b900000|100%| O|  |TAMS 0x000000008b900000, 0x000000008b900000| Untracked 
| 185|0x000000008b900000, 0x000000008ba00000, 0x000000008ba00000|100%| O|  |TAMS 0x000000008ba00000, 0x000000008ba00000| Untracked 
| 186|0x000000008ba00000, 0x000000008bb00000, 0x000000008bb00000|100%| O|  |TAMS 0x000000008bb00000, 0x000000008bb00000| Untracked 
| 187|0x000000008bb00000, 0x000000008bc00000, 0x000000008bc00000|100%| O|  |TAMS 0x000000008bc00000, 0x000000008bc00000| Untracked 
| 188|0x000000008bc00000, 0x000000008bd00000, 0x000000008bd00000|100%| O|  |TAMS 0x000000008bd00000, 0x000000008bd00000| Untracked 
| 189|0x000000008bd00000, 0x000000008be00000, 0x000000008be00000|100%| O|  |TAMS 0x000000008be00000, 0x000000008be00000| Untracked 
| 190|0x000000008be00000, 0x000000008be00000, 0x000000008bf00000|  0%| F|  |TAMS 0x000000008be00000, 0x000000008be00000| Untracked 
| 191|0x000000008bf00000, 0x000000008bf00000, 0x000000008c000000|  0%| F|  |TAMS 0x000000008bf00000, 0x000000008bf00000| Untracked 
| 192|0x000000008c000000, 0x000000008c100000, 0x000000008c100000|100%| O|  |TAMS 0x000000008c100000, 0x000000008c100000| Untracked 
| 193|0x000000008c100000, 0x000000008c200000, 0x000000008c200000|100%| O|  |TAMS 0x000000008c200000, 0x000000008c200000| Untracked 
| 194|0x000000008c200000, 0x000000008c300000, 0x000000008c300000|100%| O|  |TAMS 0x000000008c300000, 0x000000008c300000| Untracked 
| 195|0x000000008c300000, 0x000000008c400000, 0x000000008c400000|100%| O|  |TAMS 0x000000008c400000, 0x000000008c400000| Untracked 
| 196|0x000000008c400000, 0x000000008c500000, 0x000000008c500000|100%| O|  |TAMS 0x000000008c500000, 0x000000008c500000| Untracked 
| 197|0x000000008c500000, 0x000000008c600000, 0x000000008c600000|100%| O|  |TAMS 0x000000008c600000, 0x000000008c600000| Untracked 
| 198|0x000000008c600000, 0x000000008c700000, 0x000000008c700000|100%| O|  |TAMS 0x000000008c700000, 0x000000008c700000| Untracked 
| 199|0x000000008c700000, 0x000000008c800000, 0x000000008c800000|100%| O|  |TAMS 0x000000008c800000, 0x000000008c800000| Untracked 
| 200|0x000000008c800000, 0x000000008c900000, 0x000000008c900000|100%| O|  |TAMS 0x000000008c900000, 0x000000008c900000| Untracked 
| 201|0x000000008c900000, 0x000000008c900000, 0x000000008ca00000|  0%| F|  |TAMS 0x000000008c900000, 0x000000008c900000| Untracked 
| 202|0x000000008ca00000, 0x000000008ca00000, 0x000000008cb00000|  0%| F|  |TAMS 0x000000008ca00000, 0x000000008ca00000| Untracked 
| 203|0x000000008cb00000, 0x000000008cc00000, 0x000000008cc00000|100%| O|  |TAMS 0x000000008cc00000, 0x000000008cc00000| Untracked 
| 204|0x000000008cc00000, 0x000000008cd00000, 0x000000008cd00000|100%| O|  |TAMS 0x000000008cd00000, 0x000000008cd00000| Untracked 
| 205|0x000000008cd00000, 0x000000008ce00000, 0x000000008ce00000|100%| O|  |TAMS 0x000000008ce00000, 0x000000008ce00000| Untracked 
| 206|0x000000008ce00000, 0x000000008cf00000, 0x000000008cf00000|100%| O|  |TAMS 0x000000008cf00000, 0x000000008cf00000| Untracked 
| 207|0x000000008cf00000, 0x000000008d000000, 0x000000008d000000|100%| O|  |TAMS 0x000000008d000000, 0x000000008d000000| Untracked 
| 208|0x000000008d000000, 0x000000008d100000, 0x000000008d100000|100%| O|  |TAMS 0x000000008d100000, 0x000000008d100000| Untracked 
| 209|0x000000008d100000, 0x000000008d200000, 0x000000008d200000|100%| O|  |TAMS 0x000000008d200000, 0x000000008d200000| Untracked 
| 210|0x000000008d200000, 0x000000008d200000, 0x000000008d300000|  0%| F|  |TAMS 0x000000008d200000, 0x000000008d200000| Untracked 
| 211|0x000000008d300000, 0x000000008d400000, 0x000000008d400000|100%| O|  |TAMS 0x000000008d400000, 0x000000008d400000| Untracked 
| 212|0x000000008d400000, 0x000000008d500000, 0x000000008d500000|100%| O|  |TAMS 0x000000008d500000, 0x000000008d500000| Untracked 
| 213|0x000000008d500000, 0x000000008d600000, 0x000000008d600000|100%| O|  |TAMS 0x000000008d600000, 0x000000008d600000| Untracked 
| 214|0x000000008d600000, 0x000000008d700000, 0x000000008d700000|100%| O|  |TAMS 0x000000008d700000, 0x000000008d700000| Untracked 
| 215|0x000000008d700000, 0x000000008d800000, 0x000000008d800000|100%| O|  |TAMS 0x000000008d800000, 0x000000008d800000| Untracked 
| 216|0x000000008d800000, 0x000000008d900000, 0x000000008d900000|100%| O|  |TAMS 0x000000008d900000, 0x000000008d900000| Untracked 
| 217|0x000000008d900000, 0x000000008da00000, 0x000000008da00000|100%| O|  |TAMS 0x000000008da00000, 0x000000008da00000| Untracked 
| 218|0x000000008da00000, 0x000000008db00000, 0x000000008db00000|100%| O|  |TAMS 0x000000008db00000, 0x000000008db00000| Untracked 
| 219|0x000000008db00000, 0x000000008dc00000, 0x000000008dc00000|100%| O|  |TAMS 0x000000008dc00000, 0x000000008dc00000| Untracked 
| 220|0x000000008dc00000, 0x000000008dd00000, 0x000000008dd00000|100%| O|  |TAMS 0x000000008dcca200, 0x000000008dd00000| Untracked 
| 221|0x000000008dd00000, 0x000000008dd00000, 0x000000008de00000|  0%| F|  |TAMS 0x000000008dd00000, 0x000000008dd00000| Untracked 
| 222|0x000000008de00000, 0x000000008de00000, 0x000000008df00000|  0%| F|  |TAMS 0x000000008de00000, 0x000000008de00000| Untracked 
| 223|0x000000008df00000, 0x000000008df00000, 0x000000008e000000|  0%| F|  |TAMS 0x000000008df00000, 0x000000008df00000| Untracked 
| 224|0x000000008e000000, 0x000000008e000000, 0x000000008e100000|  0%| F|  |TAMS 0x000000008e000000, 0x000000008e000000| Untracked 
| 225|0x000000008e100000, 0x000000008e100000, 0x000000008e200000|  0%| F|  |TAMS 0x000000008e100000, 0x000000008e100000| Untracked 
| 226|0x000000008e200000, 0x000000008e200000, 0x000000008e300000|  0%| F|  |TAMS 0x000000008e200000, 0x000000008e200000| Untracked 
| 227|0x000000008e300000, 0x000000008e300000, 0x000000008e400000|  0%| F|  |TAMS 0x000000008e300000, 0x000000008e300000| Untracked 
| 228|0x000000008e400000, 0x000000008e400000, 0x000000008e500000|  0%| F|  |TAMS 0x000000008e400000, 0x000000008e400000| Untracked 
| 229|0x000000008e500000, 0x000000008e500000, 0x000000008e600000|  0%| F|  |TAMS 0x000000008e500000, 0x000000008e500000| Untracked 
| 230|0x000000008e600000, 0x000000008e600000, 0x000000008e700000|  0%| F|  |TAMS 0x000000008e600000, 0x000000008e600000| Untracked 
| 231|0x000000008e700000, 0x000000008e700000, 0x000000008e800000|  0%| F|  |TAMS 0x000000008e700000, 0x000000008e700000| Untracked 
| 232|0x000000008e800000, 0x000000008e800000, 0x000000008e900000|  0%| F|  |TAMS 0x000000008e800000, 0x000000008e800000| Untracked 
| 233|0x000000008e900000, 0x000000008e900000, 0x000000008ea00000|  0%| F|  |TAMS 0x000000008e900000, 0x000000008e900000| Untracked 
| 234|0x000000008ea00000, 0x000000008ea00000, 0x000000008eb00000|  0%| F|  |TAMS 0x000000008ea00000, 0x000000008ea00000| Untracked 
| 235|0x000000008eb00000, 0x000000008eb00000, 0x000000008ec00000|  0%| F|  |TAMS 0x000000008eb00000, 0x000000008eb00000| Untracked 
| 236|0x000000008ec00000, 0x000000008ec00000, 0x000000008ed00000|  0%| F|  |TAMS 0x000000008ec00000, 0x000000008ec00000| Untracked 
| 237|0x000000008ed00000, 0x000000008ed00000, 0x000000008ee00000|  0%| F|  |TAMS 0x000000008ed00000, 0x000000008ed00000| Untracked 
| 238|0x000000008ee00000, 0x000000008ee00000, 0x000000008ef00000|  0%| F|  |TAMS 0x000000008ee00000, 0x000000008ee00000| Untracked 
| 239|0x000000008ef00000, 0x000000008ef00000, 0x000000008f000000|  0%| F|  |TAMS 0x000000008ef00000, 0x000000008ef00000| Untracked 
| 240|0x000000008f000000, 0x000000008f000000, 0x000000008f100000|  0%| F|  |TAMS 0x000000008f000000, 0x000000008f000000| Untracked 
| 241|0x000000008f100000, 0x000000008f100000, 0x000000008f200000|  0%| F|  |TAMS 0x000000008f100000, 0x000000008f100000| Untracked 
| 242|0x000000008f200000, 0x000000008f200000, 0x000000008f300000|  0%| F|  |TAMS 0x000000008f200000, 0x000000008f200000| Untracked 
| 243|0x000000008f300000, 0x000000008f300000, 0x000000008f400000|  0%| F|  |TAMS 0x000000008f300000, 0x000000008f300000| Untracked 
| 244|0x000000008f400000, 0x000000008f400000, 0x000000008f500000|  0%| F|  |TAMS 0x000000008f400000, 0x000000008f400000| Untracked 
| 245|0x000000008f500000, 0x000000008f500000, 0x000000008f600000|  0%| F|  |TAMS 0x000000008f500000, 0x000000008f500000| Untracked 
| 246|0x000000008f600000, 0x000000008f600000, 0x000000008f700000|  0%| F|  |TAMS 0x000000008f600000, 0x000000008f600000| Untracked 
| 247|0x000000008f700000, 0x000000008f700000, 0x000000008f800000|  0%| F|  |TAMS 0x000000008f700000, 0x000000008f700000| Untracked 
| 248|0x000000008f800000, 0x000000008f800000, 0x000000008f900000|  0%| F|  |TAMS 0x000000008f800000, 0x000000008f800000| Untracked 
| 249|0x000000008f900000, 0x000000008f900000, 0x000000008fa00000|  0%| F|  |TAMS 0x000000008f900000, 0x000000008f900000| Untracked 
| 250|0x000000008fa00000, 0x000000008fa00000, 0x000000008fb00000|  0%| F|  |TAMS 0x000000008fa00000, 0x000000008fa00000| Untracked 
| 251|0x000000008fb00000, 0x000000008fb0cc28, 0x000000008fc00000|  4%| S|CS|TAMS 0x000000008fb00000, 0x000000008fb00000| Complete 
| 252|0x000000008fc00000, 0x000000008fd00000, 0x000000008fd00000|100%| S|CS|TAMS 0x000000008fc00000, 0x000000008fc00000| Complete 
| 253|0x000000008fd00000, 0x000000008fe00000, 0x000000008fe00000|100%| S|CS|TAMS 0x000000008fd00000, 0x000000008fd00000| Complete 
| 254|0x000000008fe00000, 0x000000008fe00000, 0x000000008ff00000|  0%| F|  |TAMS 0x000000008fe00000, 0x000000008fe00000| Untracked 
| 255|0x000000008ff00000, 0x000000008ff00000, 0x0000000090000000|  0%| F|  |TAMS 0x000000008ff00000, 0x000000008ff00000| Untracked 
| 256|0x0000000090000000, 0x0000000090000000, 0x0000000090100000|  0%| F|  |TAMS 0x0000000090000000, 0x0000000090000000| Untracked 
| 257|0x0000000090100000, 0x0000000090100000, 0x0000000090200000|  0%| F|  |TAMS 0x0000000090100000, 0x0000000090100000| Untracked 
| 258|0x0000000090200000, 0x0000000090200000, 0x0000000090300000|  0%| F|  |TAMS 0x0000000090200000, 0x0000000090200000| Untracked 
| 259|0x0000000090300000, 0x0000000090300000, 0x0000000090400000|  0%| F|  |TAMS 0x0000000090300000, 0x0000000090300000| Untracked 
| 260|0x0000000090400000, 0x0000000090400000, 0x0000000090500000|  0%| F|  |TAMS 0x0000000090400000, 0x0000000090400000| Untracked 
| 261|0x0000000090500000, 0x0000000090500000, 0x0000000090600000|  0%| F|  |TAMS 0x0000000090500000, 0x0000000090500000| Untracked 
| 262|0x0000000090600000, 0x0000000090600000, 0x0000000090700000|  0%| F|  |TAMS 0x0000000090600000, 0x0000000090600000| Untracked 
| 263|0x0000000090700000, 0x0000000090700000, 0x0000000090800000|  0%| F|  |TAMS 0x0000000090700000, 0x0000000090700000| Untracked 
| 264|0x0000000090800000, 0x0000000090800000, 0x0000000090900000|  0%| F|  |TAMS 0x0000000090800000, 0x0000000090800000| Untracked 
| 265|0x0000000090900000, 0x0000000090900000, 0x0000000090a00000|  0%| F|  |TAMS 0x0000000090900000, 0x0000000090900000| Untracked 
| 266|0x0000000090a00000, 0x0000000090a00000, 0x0000000090b00000|  0%| F|  |TAMS 0x0000000090a00000, 0x0000000090a00000| Untracked 
| 267|0x0000000090b00000, 0x0000000090b00000, 0x0000000090c00000|  0%| F|  |TAMS 0x0000000090b00000, 0x0000000090b00000| Untracked 
| 268|0x0000000090c00000, 0x0000000090c00000, 0x0000000090d00000|  0%| F|  |TAMS 0x0000000090c00000, 0x0000000090c00000| Untracked 
| 269|0x0000000090d00000, 0x0000000090d00000, 0x0000000090e00000|  0%| F|  |TAMS 0x0000000090d00000, 0x0000000090d00000| Untracked 
| 270|0x0000000090e00000, 0x0000000090e00000, 0x0000000090f00000|  0%| F|  |TAMS 0x0000000090e00000, 0x0000000090e00000| Untracked 
| 271|0x0000000090f00000, 0x0000000090f00000, 0x0000000091000000|  0%| F|  |TAMS 0x0000000090f00000, 0x0000000090f00000| Untracked 
| 272|0x0000000091000000, 0x0000000091000000, 0x0000000091100000|  0%| F|  |TAMS 0x0000000091000000, 0x0000000091000000| Untracked 
| 273|0x0000000091100000, 0x0000000091100000, 0x0000000091200000|  0%| F|  |TAMS 0x0000000091100000, 0x0000000091100000| Untracked 
| 274|0x0000000091200000, 0x0000000091200000, 0x0000000091300000|  0%| F|  |TAMS 0x0000000091200000, 0x0000000091200000| Untracked 
| 275|0x0000000091300000, 0x0000000091300000, 0x0000000091400000|  0%| F|  |TAMS 0x0000000091300000, 0x0000000091300000| Untracked 
| 276|0x0000000091400000, 0x0000000091400000, 0x0000000091500000|  0%| F|  |TAMS 0x0000000091400000, 0x0000000091400000| Untracked 
| 277|0x0000000091500000, 0x0000000091500000, 0x0000000091600000|  0%| F|  |TAMS 0x0000000091500000, 0x0000000091500000| Untracked 
| 278|0x0000000091600000, 0x0000000091600000, 0x0000000091700000|  0%| F|  |TAMS 0x0000000091600000, 0x0000000091600000| Untracked 
| 279|0x0000000091700000, 0x0000000091700000, 0x0000000091800000|  0%| F|  |TAMS 0x0000000091700000, 0x0000000091700000| Untracked 
| 280|0x0000000091800000, 0x0000000091800000, 0x0000000091900000|  0%| F|  |TAMS 0x0000000091800000, 0x0000000091800000| Untracked 
| 281|0x0000000091900000, 0x0000000091900000, 0x0000000091a00000|  0%| F|  |TAMS 0x0000000091900000, 0x0000000091900000| Untracked 
| 282|0x0000000091a00000, 0x0000000091a00000, 0x0000000091b00000|  0%| F|  |TAMS 0x0000000091a00000, 0x0000000091a00000| Untracked 
| 283|0x0000000091b00000, 0x0000000091b00000, 0x0000000091c00000|  0%| F|  |TAMS 0x0000000091b00000, 0x0000000091b00000| Untracked 
| 284|0x0000000091c00000, 0x0000000091c00000, 0x0000000091d00000|  0%| F|  |TAMS 0x0000000091c00000, 0x0000000091c00000| Untracked 
| 285|0x0000000091d00000, 0x0000000091d00000, 0x0000000091e00000|  0%| F|  |TAMS 0x0000000091d00000, 0x0000000091d00000| Untracked 
| 286|0x0000000091e00000, 0x0000000091e00000, 0x0000000091f00000|  0%| F|  |TAMS 0x0000000091e00000, 0x0000000091e00000| Untracked 
| 287|0x0000000091f00000, 0x0000000091f00000, 0x0000000092000000|  0%| F|  |TAMS 0x0000000091f00000, 0x0000000091f00000| Untracked 
| 288|0x0000000092000000, 0x0000000092000000, 0x0000000092100000|  0%| F|  |TAMS 0x0000000092000000, 0x0000000092000000| Untracked 
| 289|0x0000000092100000, 0x0000000092100000, 0x0000000092200000|  0%| F|  |TAMS 0x0000000092100000, 0x0000000092100000| Untracked 
| 290|0x0000000092200000, 0x0000000092200000, 0x0000000092300000|  0%| F|  |TAMS 0x0000000092200000, 0x0000000092200000| Untracked 
| 291|0x0000000092300000, 0x0000000092300000, 0x0000000092400000|  0%| F|  |TAMS 0x0000000092300000, 0x0000000092300000| Untracked 
| 292|0x0000000092400000, 0x0000000092400000, 0x0000000092500000|  0%| F|  |TAMS 0x0000000092400000, 0x0000000092400000| Untracked 
| 293|0x0000000092500000, 0x0000000092500000, 0x0000000092600000|  0%| F|  |TAMS 0x0000000092500000, 0x0000000092500000| Untracked 
| 294|0x0000000092600000, 0x0000000092600000, 0x0000000092700000|  0%| F|  |TAMS 0x0000000092600000, 0x0000000092600000| Untracked 
| 295|0x0000000092700000, 0x0000000092700000, 0x0000000092800000|  0%| F|  |TAMS 0x0000000092700000, 0x0000000092700000| Untracked 
| 296|0x0000000092800000, 0x0000000092800000, 0x0000000092900000|  0%| F|  |TAMS 0x0000000092800000, 0x0000000092800000| Untracked 
| 297|0x0000000092900000, 0x0000000092900000, 0x0000000092a00000|  0%| F|  |TAMS 0x0000000092900000, 0x0000000092900000| Untracked 
| 298|0x0000000092a00000, 0x0000000092a00000, 0x0000000092b00000|  0%| F|  |TAMS 0x0000000092a00000, 0x0000000092a00000| Untracked 
| 299|0x0000000092b00000, 0x0000000092b00000, 0x0000000092c00000|  0%| F|  |TAMS 0x0000000092b00000, 0x0000000092b00000| Untracked 
| 300|0x0000000092c00000, 0x0000000092c00000, 0x0000000092d00000|  0%| F|  |TAMS 0x0000000092c00000, 0x0000000092c00000| Untracked 
| 301|0x0000000092d00000, 0x0000000092d00000, 0x0000000092e00000|  0%| F|  |TAMS 0x0000000092d00000, 0x0000000092d00000| Untracked 
| 302|0x0000000092e00000, 0x0000000092e00000, 0x0000000092f00000|  0%| F|  |TAMS 0x0000000092e00000, 0x0000000092e00000| Untracked 
| 303|0x0000000092f00000, 0x0000000092f00000, 0x0000000093000000|  0%| F|  |TAMS 0x0000000092f00000, 0x0000000092f00000| Untracked 
| 304|0x0000000093000000, 0x0000000093000000, 0x0000000093100000|  0%| F|  |TAMS 0x0000000093000000, 0x0000000093000000| Untracked 
| 305|0x0000000093100000, 0x0000000093100000, 0x0000000093200000|  0%| F|  |TAMS 0x0000000093100000, 0x0000000093100000| Untracked 
| 306|0x0000000093200000, 0x0000000093200000, 0x0000000093300000|  0%| F|  |TAMS 0x0000000093200000, 0x0000000093200000| Untracked 
| 307|0x0000000093300000, 0x0000000093300000, 0x0000000093400000|  0%| F|  |TAMS 0x0000000093300000, 0x0000000093300000| Untracked 
| 308|0x0000000093400000, 0x0000000093400000, 0x0000000093500000|  0%| F|  |TAMS 0x0000000093400000, 0x0000000093400000| Untracked 
| 309|0x0000000093500000, 0x0000000093500000, 0x0000000093600000|  0%| F|  |TAMS 0x0000000093500000, 0x0000000093500000| Untracked 
| 310|0x0000000093600000, 0x0000000093600000, 0x0000000093700000|  0%| F|  |TAMS 0x0000000093600000, 0x0000000093600000| Untracked 
| 311|0x0000000093700000, 0x0000000093700000, 0x0000000093800000|  0%| F|  |TAMS 0x0000000093700000, 0x0000000093700000| Untracked 
| 312|0x0000000093800000, 0x0000000093800000, 0x0000000093900000|  0%| F|  |TAMS 0x0000000093800000, 0x0000000093800000| Untracked 
| 313|0x0000000093900000, 0x0000000093900000, 0x0000000093a00000|  0%| F|  |TAMS 0x0000000093900000, 0x0000000093900000| Untracked 
| 314|0x0000000093a00000, 0x0000000093a00000, 0x0000000093b00000|  0%| F|  |TAMS 0x0000000093a00000, 0x0000000093a00000| Untracked 
| 315|0x0000000093b00000, 0x0000000093b00000, 0x0000000093c00000|  0%| F|  |TAMS 0x0000000093b00000, 0x0000000093b00000| Untracked 
| 316|0x0000000093c00000, 0x0000000093c00000, 0x0000000093d00000|  0%| F|  |TAMS 0x0000000093c00000, 0x0000000093c00000| Untracked 

Card table byte_map: [0x000002a376330000,0x000002a376730000] _byte_map_base: 0x000002a375f30000

Marking Bits (Prev, Next): (CMBitMap*) 0x000002a3612213c8, (CMBitMap*) 0x000002a361221400
 Prev Bits: [0x000002a376b30000, 0x000002a378b30000)
 Next Bits: [0x000002a378b30000, 0x000002a37ab30000)

Polling page: 0x000002a3612c0000

Metaspace:

Usage:
  Non-class:    126.31 MB capacity,   123.36 MB ( 98%) used,     2.47 MB (  2%) free+waste,   494.63 KB ( <1%) overhead. 
      Class:     19.34 MB capacity,    17.68 MB ( 91%) used,     1.44 MB (  7%) free+waste,   222.63 KB (  1%) overhead. 
       Both:    145.65 MB capacity,   141.04 MB ( 97%) used,     3.91 MB (  3%) free+waste,   717.25 KB ( <1%) overhead. 

Virtual space:
  Non-class space:      128.00 MB reserved,     126.50 MB ( 99%) committed 
      Class space:        1.00 GB reserved,      19.38 MB (  2%) committed 
             Both:        1.13 GB reserved,     145.88 MB ( 13%) committed 

Chunk freelists:
   Non-Class:  0 bytes
       Class:  0 bytes
        Both:  0 bytes

MaxMetaspaceSize: 17179869184.00 GB
CompressedClassSpaceSize: 1.00 GB

CodeHeap 'non-profiled nmethods': size=120000Kb used=11401Kb max_used=11438Kb free=108598Kb
 bounds [0x000002a36dfa0000, 0x000002a36eaf0000, 0x000002a3754d0000]
CodeHeap 'profiled nmethods': size=120000Kb used=52584Kb max_used=52584Kb free=67415Kb
 bounds [0x000002a366a70000, 0x000002a369de0000, 0x000002a36dfa0000]
CodeHeap 'non-nmethods': size=5760Kb used=2386Kb max_used=2447Kb free=3373Kb
 bounds [0x000002a3664d0000, 0x000002a366760000, 0x000002a366a70000]
 total_blobs=23650 nmethods=22631 adapters=929
 compilation: enabled
              stopped_count=0, restarted_count=0
 full_count=0

Compilation events (20 events):
Event: 351.091 Thread 0x000002a37df86000 24939       2       com.android.tools.r8.internal.m4$$Lambda$2002/0x0000000101256c40::get$Lambda (9 bytes)
Event: 351.091 Thread 0x000002a37df86000 nmethod 24939 0x000002a369dd1b90 code [0x000002a369dd1d40, 0x000002a369dd1eb8]
Event: 351.091 Thread 0x000002a37df86000 24940       2       com.android.tools.r8.internal.m4$$Lambda$2002/0x0000000101256c40::<init> (10 bytes)
Event: 351.091 Thread 0x000002a37df86000 nmethod 24940 0x000002a369dd1f90 code [0x000002a369dd2140, 0x000002a369dd2278]
Event: 351.091 Thread 0x000002a37df86000 24941       2       com.android.tools.r8.internal.m4$$Lambda$2001/0x0000000101256840::test (16 bytes)
Event: 351.092 Thread 0x000002a37df86000 nmethod 24941 0x000002a369dd2310 code [0x000002a369dd24c0, 0x000002a369dd2648]
Event: 351.092 Thread 0x000002a37df86000 24943       2       com.android.tools.r8.internal.oh::keySet (27 bytes)
Event: 351.092 Thread 0x000002a37df86000 nmethod 24943 0x000002a369dd2790 code [0x000002a369dd2940, 0x000002a369dd2bb8]
Event: 351.092 Thread 0x000002a37df86000 24944       2       com.android.tools.r8.internal.oh$c::<init> (6 bytes)
Event: 351.092 Thread 0x000002a37df86000 nmethod 24944 0x000002a369dd2c90 code [0x000002a369dd2e40, 0x000002a369dd2ff8]
Event: 351.092 Thread 0x000002a37df86000 24945       2       com.android.tools.r8.internal.oh$c::<init> (11 bytes)
Event: 351.093 Thread 0x000002a37df86000 nmethod 24945 0x000002a369dd3090 code [0x000002a369dd3240, 0x000002a369dd33f8]
Event: 351.093 Thread 0x000002a37df86000 24946       2       com.android.tools.r8.internal.y$a::<init> (10 bytes)
Event: 351.093 Thread 0x000002a37df86000 nmethod 24946 0x000002a369dd3490 code [0x000002a369dd3640, 0x000002a369dd3778]
Event: 351.093 Thread 0x000002a37df86000 24947       2       com.android.tools.r8.internal.G::<init> (5 bytes)
Event: 351.093 Thread 0x000002a37df86000 nmethod 24947 0x000002a369dd3810 code [0x000002a369dd39c0, 0x000002a369dd3ab8]
Event: 351.093 Thread 0x000002a37df86000 24948       2       com.android.tools.r8.internal.oh$c::iterator (12 bytes)
Event: 351.093 Thread 0x000002a37df86000 nmethod 24948 0x000002a369dd3b90 code [0x000002a369dd3d40, 0x000002a369dd3f58]
Event: 351.093 Thread 0x000002a37df86000 24949       2       com.android.tools.r8.internal.oh$b::<init> (6 bytes)
Event: 351.093 Thread 0x000002a37df86000 nmethod 24949 0x000002a369dd4090 code [0x000002a369dd4240, 0x000002a369dd43f8]

GC Heap History (20 events):
Event: 346.800 GC heap after
{Heap after GC invocations=69 (full 0):
 garbage-first heap   total 324608K, used 193833K [0x0000000080000000, 0x0000000100000000)
  region size 1024K, 11 young (11264K), 11 survivors (11264K)
 Metaspace       used 138304K, capacity 142739K, committed 142848K, reserved 1173504K
  class space    used 17304K, capacity 18900K, committed 18944K, reserved 1048576K
}
Event: 347.212 GC heap before
{Heap before GC invocations=69 (full 0):
 garbage-first heap   total 324608K, used 261417K [0x0000000080000000, 0x0000000100000000)
  region size 1024K, 77 young (78848K), 11 survivors (11264K)
 Metaspace       used 140206K, capacity 144725K, committed 145024K, reserved 1175552K
  class space    used 17603K, capacity 19241K, committed 19328K, reserved 1048576K
}
Event: 347.362 GC heap after
{Heap after GC invocations=70 (full 0):
 garbage-first heap   total 324608K, used 206480K [0x0000000080000000, 0x0000000100000000)
  region size 1024K, 10 young (10240K), 10 survivors (10240K)
 Metaspace       used 140206K, capacity 144725K, committed 145024K, reserved 1175552K
  class space    used 17603K, capacity 19241K, committed 19328K, reserved 1048576K
}
Event: 347.672 GC heap before
{Heap before GC invocations=70 (full 0):
 garbage-first heap   total 324608K, used 265871K [0x0000000080000000, 0x0000000100000000)
  region size 1024K, 68 young (69632K), 10 survivors (10240K)
 Metaspace       used 141156K, capacity 145729K, committed 145920K, reserved 1175552K
  class space    used 17752K, capacity 19397K, committed 19456K, reserved 1048576K
}
Event: 347.707 GC heap after
{Heap after GC invocations=71 (full 0):
 garbage-first heap   total 324608K, used 216635K [0x0000000080000000, 0x0000000100000000)
  region size 1024K, 9 young (9216K), 9 survivors (9216K)
 Metaspace       used 141156K, capacity 145729K, committed 145920K, reserved 1175552K
  class space    used 17752K, capacity 19397K, committed 19456K, reserved 1048576K
}
Event: 348.139 GC heap before
{Heap before GC invocations=71 (full 0):
 garbage-first heap   total 324608K, used 269883K [0x0000000080000000, 0x0000000100000000)
  region size 1024K, 61 young (62464K), 9 survivors (9216K)
 Metaspace       used 141960K, capacity 146567K, committed 146816K, reserved 1177600K
  class space    used 17860K, capacity 19525K, committed 19584K, reserved 1048576K
}
Event: 348.160 GC heap after
{Heap after GC invocations=72 (full 0):
 garbage-first heap   total 324608K, used 220505K [0x0000000080000000, 0x0000000100000000)
  region size 1024K, 5 young (5120K), 5 survivors (5120K)
 Metaspace       used 141960K, capacity 146567K, committed 146816K, reserved 1177600K
  class space    used 17860K, capacity 19525K, committed 19584K, reserved 1048576K
}
Event: 349.070 GC heap before
{Heap before GC invocations=73 (full 0):
 garbage-first heap   total 324608K, used 272729K [0x0000000080000000, 0x0000000100000000)
  region size 1024K, 56 young (57344K), 5 survivors (5120K)
 Metaspace       used 141928K, capacity 146426K, committed 146816K, reserved 1177600K
  class space    used 17845K, capacity 19470K, committed 19584K, reserved 1048576K
}
Event: 349.081 GC heap after
{Heap after GC invocations=74 (full 0):
 garbage-first heap   total 324608K, used 221166K [0x0000000080000000, 0x0000000100000000)
  region size 1024K, 2 young (2048K), 2 survivors (2048K)
 Metaspace       used 141928K, capacity 146426K, committed 146816K, reserved 1177600K
  class space    used 17845K, capacity 19470K, committed 19584K, reserved 1048576K
}
Event: 349.174 GC heap before
{Heap before GC invocations=74 (full 0):
 garbage-first heap   total 324608K, used 234478K [0x0000000080000000, 0x0000000100000000)
  region size 1024K, 15 young (15360K), 2 survivors (2048K)
 Metaspace       used 141949K, capacity 146493K, committed 146816K, reserved 1177600K
  class space    used 17847K, capacity 19471K, committed 19584K, reserved 1048576K
}
Event: 349.197 GC heap after
{Heap after GC invocations=75 (full 0):
 garbage-first heap   total 324608K, used 216967K [0x0000000080000000, 0x0000000100000000)
  region size 1024K, 2 young (2048K), 2 survivors (2048K)
 Metaspace       used 141949K, capacity 146493K, committed 146816K, reserved 1177600K
  class space    used 17847K, capacity 19471K, committed 19584K, reserved 1048576K
}
Event: 349.435 GC heap before
{Heap before GC invocations=75 (full 0):
 garbage-first heap   total 324608K, used 273287K [0x0000000080000000, 0x0000000100000000)
  region size 1024K, 57 young (58368K), 2 survivors (2048K)
 Metaspace       used 142167K, capacity 146695K, committed 147072K, reserved 1177600K
  class space    used 17854K, capacity 19471K, committed 19584K, reserved 1048576K
}
Event: 349.443 GC heap after
{Heap after GC invocations=76 (full 0):
 garbage-first heap   total 324608K, used 217581K [0x0000000080000000, 0x0000000100000000)
  region size 1024K, 2 young (2048K), 2 survivors (2048K)
 Metaspace       used 142167K, capacity 146695K, committed 147072K, reserved 1177600K
  class space    used 17854K, capacity 19471K, committed 19584K, reserved 1048576K
}
Event: 350.099 GC heap before
{Heap before GC invocations=76 (full 0):
 garbage-first heap   total 324608K, used 275949K [0x0000000080000000, 0x0000000100000000)
  region size 1024K, 60 young (61440K), 2 survivors (2048K)
 Metaspace       used 142795K, capacity 147221K, committed 147968K, reserved 1177600K
  class space    used 17873K, capacity 19462K, committed 19712K, reserved 1048576K
}
Event: 350.109 GC heap after
{Heap after GC invocations=77 (full 0):
 garbage-first heap   total 324608K, used 217271K [0x0000000080000000, 0x0000000100000000)
  region size 1024K, 2 young (2048K), 2 survivors (2048K)
 Metaspace       used 142795K, capacity 147221K, committed 147968K, reserved 1177600K
  class space    used 17873K, capacity 19462K, committed 19712K, reserved 1048576K
}
Event: 350.531 GC heap before
{Heap before GC invocations=78 (full 0):
 garbage-first heap   total 324608K, used 277687K [0x0000000080000000, 0x0000000100000000)
  region size 1024K, 61 young (62464K), 2 survivors (2048K)
 Metaspace       used 143503K, capacity 148091K, committed 148224K, reserved 1177600K
  class space    used 17981K, capacity 19646K, committed 19712K, reserved 1048576K
}
Event: 350.542 GC heap after
{Heap after GC invocations=79 (full 0):
 garbage-first heap   total 324608K, used 217876K [0x0000000080000000, 0x0000000100000000)
  region size 1024K, 2 young (2048K), 2 survivors (2048K)
 Metaspace       used 143503K, capacity 148091K, committed 148224K, reserved 1177600K
  class space    used 17981K, capacity 19646K, committed 19712K, reserved 1048576K
}
Event: 350.650 GC heap before
{Heap before GC invocations=79 (full 0):
 garbage-first heap   total 324608K, used 230164K [0x0000000080000000, 0x0000000100000000)
  region size 1024K, 15 young (15360K), 2 survivors (2048K)
 Metaspace       used 143817K, capacity 148391K, committed 148480K, reserved 1177600K
  class space    used 18022K, capacity 19680K, committed 19712K, reserved 1048576K
}
Event: 350.704 GC heap after
{Heap after GC invocations=80 (full 0):
 garbage-first heap   total 324608K, used 214464K [0x0000000080000000, 0x0000000100000000)
  region size 1024K, 2 young (2048K), 2 survivors (2048K)
 Metaspace       used 143817K, capacity 148391K, committed 148480K, reserved 1177600K
  class space    used 18022K, capacity 19680K, committed 19712K, reserved 1048576K
}
Event: 351.098 GC heap before
{Heap before GC invocations=80 (full 0):
 garbage-first heap   total 324608K, used 274880K [0x0000000080000000, 0x0000000100000000)
  region size 1024K, 63 young (64512K), 2 survivors (2048K)
 Metaspace       used 144426K, capacity 149146K, committed 149376K, reserved 1179648K
  class space    used 18100K, capacity 19801K, committed 19840K, reserved 1048576K
}

Deoptimization events (20 events):
Event: 351.052 Thread 0x000002a37ee4c800 DEOPT PACKING pc=0x000002a3691b58a4 sp=0x000000c5917fce60
Event: 351.052 Thread 0x000002a37ee4c800 DEOPT UNPACKING pc=0x000002a3664f76ce sp=0x000000c5917fc348 mode 0
Event: 351.052 Thread 0x000002a37ee4c800 DEOPT PACKING pc=0x000002a367ff0d1c sp=0x000000c5917fcf90
Event: 351.052 Thread 0x000002a37ee4c800 DEOPT UNPACKING pc=0x000002a3664f76ce sp=0x000000c5917fc440 mode 0
Event: 351.052 Thread 0x000002a37ee4c800 DEOPT PACKING pc=0x000002a368144d0c sp=0x000000c5917fd610
Event: 351.052 Thread 0x000002a37ee4c800 DEOPT UNPACKING pc=0x000002a3664f76ce sp=0x000000c5917fcbc0 mode 0
Event: 351.054 Thread 0x000002a37ee50800 DEOPT PACKING pc=0x000002a3691b58a4 sp=0x000000c5914fcad0
Event: 351.054 Thread 0x000002a37ee50800 DEOPT UNPACKING pc=0x000002a3664f76ce sp=0x000000c5914fbfb8 mode 0
Event: 351.054 Thread 0x000002a37ee50800 DEOPT PACKING pc=0x000002a367ff0d1c sp=0x000000c5914fcc00
Event: 351.054 Thread 0x000002a37ee50800 DEOPT UNPACKING pc=0x000002a3664f76ce sp=0x000000c5914fc0b0 mode 0
Event: 351.054 Thread 0x000002a37ee50800 DEOPT PACKING pc=0x000002a368144d0c sp=0x000000c5914fd280
Event: 351.054 Thread 0x000002a37ee50800 DEOPT UNPACKING pc=0x000002a3664f76ce sp=0x000000c5914fc830 mode 0
Event: 351.058 Thread 0x000002a302ef7800 DEOPT PACKING pc=0x000002a3691b58a4 sp=0x000000c590ffcc90
Event: 351.058 Thread 0x000002a302ef7800 DEOPT UNPACKING pc=0x000002a3664f76ce sp=0x000000c590ffc178 mode 0
Event: 351.058 Thread 0x000002a302ef7800 DEOPT PACKING pc=0x000002a367ff0d1c sp=0x000000c590ffcdc0
Event: 351.058 Thread 0x000002a302ef7800 DEOPT UNPACKING pc=0x000002a3664f76ce sp=0x000000c590ffc270 mode 0
Event: 351.058 Thread 0x000002a302ef7800 DEOPT PACKING pc=0x000002a368144d0c sp=0x000000c590ffd440
Event: 351.058 Thread 0x000002a302ef7800 DEOPT UNPACKING pc=0x000002a3664f76ce sp=0x000000c590ffc9f0 mode 0
Event: 351.059 Thread 0x000002a37ee46000 DEOPT PACKING pc=0x000002a36989e2c6 sp=0x000000c5913f8d70
Event: 351.059 Thread 0x000002a37ee46000 DEOPT UNPACKING pc=0x000002a3664f76ce sp=0x000000c5913f81e8 mode 0

Classes redefined (0 events):
No events

Internal exceptions (20 events):
Event: 347.719 Thread 0x000002a302ef7800 Exception <a 'java/lang/NoSuchMethodError'{0x000000009380a328}: 'int java.lang.invoke.DirectMethodHandle$Holder.invokeInterface(java.lang.Object, java.lang.Object, int)'> (0x000000009380a328) thrown at [./src/hotspot/share/interpreter/linkResolver.cpp, line 773]
Event: 348.069 Thread 0x000002a37ee50800 Exception <a 'java/lang/NoSuchMethodError'{0x0000000090d7aea0}: 'java.lang.Object java.lang.invoke.DirectMethodHandle$Holder.invokeInterface(java.lang.Object, java.lang.Object, int)'> (0x0000000090d7aea0) thrown at [./src/hotspot/share/interpreter/linkResolver.cpp, line 773]
Event: 349.937 Thread 0x000002a37ee50800 Exception <a 'java/lang/NoSuchMethodError'{0x0000000091481b38}: 'java.lang.Object java.lang.invoke.DirectMethodHandle$Holder.invokeSpecial(java.lang.Object, java.lang.Object, java.lang.Object, java.lang.Object, java.lang.Object, java.lang.Object, java.lang.Object, java.lang.Object, java.lang.Object, java.lang.Object, java.lang.Object)'> (0x0000000091481b38) thrown at [./src/hotspot/share/interpreter/linkResolver.cpp, line 773]
Event: 349.938 Thread 0x000002a37ee50800 Exception <a 'java/lang/NoSuchMethodError'{0x00000000914edb38}: 'java.lang.Object java.lang.invoke.Invokers$Holder.linkToTargetMethod(java.lang.Object, java.lang.Object, java.lang.Object, java.lang.Object, java.lang.Object, java.lang.Object, java.lang.Object, java.lang.Object, java.lang.Object, java.lang.Object)'> (0x00000000914edb38) thrown at [./src/hotspot/share/interpreter/linkResolver.cpp, line 773]
Event: 349.979 Thread 0x000002a37ee50800 Exception <a 'java/lang/IncompatibleClassChangeError'{0x0000000090f35310}: Found class java.lang.Object, but interface was expected> (0x0000000090f35310) thrown at [./src/hotspot/share/interpreter/linkResolver.cpp, line 839]
Event: 350.023 Thread 0x000002a37ee4c800 Exception <a 'java/lang/NoSuchMethodError'{0x0000000091752048}: 'void java.lang.invoke.DirectMethodHandle$Holder.invokeSpecial(java.lang.Object, java.lang.Object, int, java.lang.Object, java.lang.Object, java.lang.Object, java.lang.Object)'> (0x0000000091752048) thrown at [./src/hotspot/share/interpreter/linkResolver.cpp, line 773]
Event: 350.023 Thread 0x000002a302ef7800 Exception <a 'java/lang/NoSuchMethodError'{0x00000000911a1c48}: 'void java.lang.invoke.DirectMethodHandle$Holder.invokeSpecial(java.lang.Object, java.lang.Object, int, java.lang.Object, java.lang.Object, java.lang.Object, java.lang.Object)'> (0x00000000911a1c48) thrown at [./src/hotspot/share/interpreter/linkResolver.cpp, line 773]
Event: 350.024 Thread 0x000002a302ef7800 Exception <a 'java/lang/NoSuchMethodError'{0x0000000090a35ec0}: 'java.lang.Object java.lang.invoke.Invokers$Holder.linkToTargetMethod(java.lang.Object, int, java.lang.Object, java.lang.Object, java.lang.Object, java.lang.Object)'> (0x0000000090a35ec0) thrown at [./src/hotspot/share/interpreter/linkResolver.cpp, line 773]
Event: 350.031 Thread 0x000002a302ef7800 Exception <a 'java/lang/NoSuchMethodError'{0x0000000090a3a200}: 'void java.lang.invoke.DirectMethodHandle$Holder.invokeSpecial(java.lang.Object, java.lang.Object, java.lang.Object, java.lang.Object, java.lang.Object, java.lang.Object, java.lang.Object, java.lang.Object, java.lang.Object)'> (0x0000000090a3a200) thrown at [./src/hotspot/share/interpreter/linkResolver.cpp, line 773]
Event: 350.032 Thread 0x000002a37ee4c800 Exception <a 'java/lang/NoSuchMethodError'{0x000000009175a648}: 'void java.lang.invoke.DirectMethodHandle$Holder.invokeSpecial(java.lang.Object, java.lang.Object, java.lang.Object, java.lang.Object, java.lang.Object, java.lang.Object, java.lang.Object, java.lang.Object, java.lang.Object)'> (0x000000009175a648) thrown at [./src/hotspot/share/interpreter/linkResolver.cpp, line 773]
Event: 350.075 Thread 0x000002a37ee4c800 Exception <a 'java/lang/NoSuchMethodError'{0x0000000090aa0110}: 'void java.lang.invoke.DirectMethodHandle$Holder.invokeStatic(java.lang.Object, java.lang.Object, java.lang.Object, java.lang.Object, java.lang.Object, java.lang.Object, java.lang.Object, java.lang.Object)'> (0x0000000090aa0110) thrown at [./src/hotspot/share/interpreter/linkResolver.cpp, line 773]
Event: 350.367 Thread 0x000002a37ee50800 Exception <a 'java/lang/NoSuchMethodError'{0x0000000091335fe0}: 'int java.lang.invoke.DirectMethodHandle$Holder.invokeSpecial(java.lang.Object, java.lang.Object, java.lang.Object, java.lang.Object, java.lang.Object, java.lang.Object)'> (0x0000000091335fe0) thrown at [./src/hotspot/share/interpreter/linkResolver.cpp, line 773]
Event: 350.594 Thread 0x000002a37ee50800 Exception <a 'java/lang/IncompatibleClassChangeError'{0x00000000938d5dc0}: Found class java.lang.Object, but interface was expected> (0x00000000938d5dc0) thrown at [./src/hotspot/share/interpreter/linkResolver.cpp, line 839]
Event: 350.594 Thread 0x000002a302ef8000 Exception <a 'java/lang/IncompatibleClassChangeError'{0x00000000938ce188}: Found class java.lang.Object, but interface was expected> (0x00000000938ce188) thrown at [./src/hotspot/share/interpreter/linkResolver.cpp, line 839]
Event: 350.791 Thread 0x000002a302ef8000 Exception <a 'java/lang/NoSuchMethodError'{0x0000000092972000}: 'void java.lang.invoke.DirectMethodHandle$Holder.invokeVirtual(java.lang.Object, java.lang.Object, int)'> (0x0000000092972000) thrown at [./src/hotspot/share/interpreter/linkResolver.cpp, line 773]
Event: 350.963 Thread 0x000002a37ee4c800 Exception <a 'sun/nio/fs/WindowsException'{0x00000000923b2aa8}> (0x00000000923b2aa8) thrown at [./src/hotspot/share/prims/jni.cpp, line 615]
Event: 350.963 Thread 0x000002a302ef8000 Exception <a 'sun/nio/fs/WindowsException'{0x0000000091c58a10}> (0x0000000091c58a10) thrown at [./src/hotspot/share/prims/jni.cpp, line 615]
Event: 350.963 Thread 0x000002a37ee50800 Exception <a 'sun/nio/fs/WindowsException'{0x0000000091e61f50}> (0x0000000091e61f50) thrown at [./src/hotspot/share/prims/jni.cpp, line 615]
Event: 350.964 Thread 0x000002a302ef7800 Exception <a 'sun/nio/fs/WindowsException'{0x000000009099e560}> (0x000000009099e560) thrown at [./src/hotspot/share/prims/jni.cpp, line 615]
Event: 350.994 Thread 0x000002a302ef4000 Exception <a 'sun/nio/fs/WindowsException'{0x0000000090758cd8}> (0x0000000090758cd8) thrown at [./src/hotspot/share/prims/jni.cpp, line 615]

Events (20 events):
Event: 350.901 loading class com/android/tools/r8/graph/j0$g done
Event: 350.901 loading class com/android/tools/r8/graph/j0$g
Event: 350.901 loading class com/android/tools/r8/graph/j0$g done
Event: 350.901 loading class com/android/tools/r8/graph/o0
Event: 350.901 loading class com/android/tools/r8/graph/o0 done
Event: 350.933 Executing VM operation: ICBufferFull
Event: 350.934 Executing VM operation: ICBufferFull done
Event: 350.953 loading class com/android/tools/r8/dex/m$a
Event: 350.953 loading class com/android/tools/r8/dex/m$a done
Event: 350.954 loading class com/android/tools/r8/ByteDataView
Event: 350.954 loading class com/android/tools/r8/ByteDataView done
Event: 350.961 loading class com/android/tools/r8/internal/ya
Event: 350.961 loading class com/android/tools/r8/internal/ya done
Event: 350.963 loading class com/android/tools/r8/internal/B7
Event: 350.963 loading class com/android/tools/r8/internal/B7 done
Event: 350.965 loading class com/android/tools/r8/internal/A7
Event: 350.965 loading class com/android/tools/r8/internal/A7 done
Event: 350.967 loading class com/android/tools/r8/internal/z7
Event: 350.967 loading class com/android/tools/r8/internal/z7 done
Event: 351.096 Executing VM operation: G1CollectForAllocation


Dynamic libraries:
0x00007ff674cf0000 - 0x00007ff674cfa000 	C:\Program Files\Android\Android Studio1\jre\bin\java.exe
0x00007ffee6580000 - 0x00007ffee6789000 	C:\WINDOWS\SYSTEM32\ntdll.dll
0x00007ffee5200000 - 0x00007ffee52bd000 	C:\WINDOWS\System32\KERNEL32.DLL
0x00007ffee3c10000 - 0x00007ffee3f84000 	C:\WINDOWS\System32\KERNELBASE.dll
0x00007ffee3a70000 - 0x00007ffee3b81000 	C:\WINDOWS\System32\ucrtbase.dll
0x00007ffed02a0000 - 0x00007ffed02b9000 	C:\Program Files\Android\Android Studio1\jre\bin\jli.dll
0x00007ffed0300000 - 0x00007ffed0317000 	C:\Program Files\Android\Android Studio1\jre\bin\VCRUNTIME140.dll
0x00007ffee4dc0000 - 0x00007ffee4f6c000 	C:\WINDOWS\System32\USER32.dll
0x00007ffece2f0000 - 0x00007ffece595000 	C:\WINDOWS\WinSxS\amd64_microsoft.windows.common-controls_6595b64144ccf1df_6.0.22000.120_none_9d947278b86cc467\COMCTL32.dll
0x00007ffee40c0000 - 0x00007ffee40e6000 	C:\WINDOWS\System32\win32u.dll
0x00007ffee5950000 - 0x00007ffee59f3000 	C:\WINDOWS\System32\msvcrt.dll
0x00007ffee5920000 - 0x00007ffee5949000 	C:\WINDOWS\System32\GDI32.dll
0x00007ffee4190000 - 0x00007ffee42a2000 	C:\WINDOWS\System32\gdi32full.dll
0x00007ffee40f0000 - 0x00007ffee418d000 	C:\WINDOWS\System32\msvcp_win.dll
0x00007ffee4d80000 - 0x00007ffee4db1000 	C:\WINDOWS\System32\IMM32.DLL
0x00007ffeaca90000 - 0x00007ffeacb2d000 	C:\Program Files\Android\Android Studio1\jre\bin\msvcp140.dll
0x00007ffe973a0000 - 0x00007ffe97e6f000 	C:\Program Files\Android\Android Studio1\jre\bin\server\jvm.dll
0x00007ffee4f70000 - 0x00007ffee501e000 	C:\WINDOWS\System32\ADVAPI32.dll
0x00007ffee5160000 - 0x00007ffee51fe000 	C:\WINDOWS\System32\sechost.dll
0x00007ffee5040000 - 0x00007ffee5160000 	C:\WINDOWS\System32\RPCRT4.dll
0x00007ffee5a00000 - 0x00007ffee5a08000 	C:\WINDOWS\System32\PSAPI.DLL
0x00007ffec1120000 - 0x00007ffec1129000 	C:\WINDOWS\SYSTEM32\WSOCK32.dll
0x00007ffedc4b0000 - 0x00007ffedc4e3000 	C:\WINDOWS\SYSTEM32\WINMM.dll
0x00007ffed5670000 - 0x00007ffed567a000 	C:\WINDOWS\SYSTEM32\VERSION.dll
0x00007ffee5a10000 - 0x00007ffee5a7f000 	C:\WINDOWS\System32\WS2_32.dll
0x00007ffee2c60000 - 0x00007ffee2c78000 	C:\WINDOWS\SYSTEM32\kernel.appcore.dll
0x00007ffedc920000 - 0x00007ffedc931000 	C:\Program Files\Android\Android Studio1\jre\bin\verify.dll
0x00007ffee1070000 - 0x00007ffee1291000 	C:\WINDOWS\SYSTEM32\DBGHELP.DLL
0x00007ffec4850000 - 0x00007ffec4881000 	C:\WINDOWS\SYSTEM32\dbgcore.DLL
0x00007ffee3b90000 - 0x00007ffee3c0f000 	C:\WINDOWS\System32\bcryptPrimitives.dll
0x00007ffedc610000 - 0x00007ffedc639000 	C:\Program Files\Android\Android Studio1\jre\bin\java.dll
0x00007ffedd910000 - 0x00007ffedd91b000 	C:\Program Files\Android\Android Studio1\jre\bin\jimage.dll
0x00007ffed2de0000 - 0x00007ffed2df8000 	C:\Program Files\Android\Android Studio1\jre\bin\zip.dll
0x00007ffee5a80000 - 0x00007ffee622e000 	C:\WINDOWS\System32\SHELL32.dll
0x00007ffee1bf0000 - 0x00007ffee2458000 	C:\WINDOWS\SYSTEM32\windows.storage.dll
0x00007ffee4a00000 - 0x00007ffee4d78000 	C:\WINDOWS\System32\combase.dll
0x00007ffee1a80000 - 0x00007ffee1be6000 	C:\WINDOWS\SYSTEM32\wintypes.dll
0x00007ffee6230000 - 0x00007ffee631a000 	C:\WINDOWS\System32\SHCORE.dll
0x00007ffee53f0000 - 0x00007ffee544d000 	C:\WINDOWS\System32\shlwapi.dll
0x00007ffee39a0000 - 0x00007ffee39c1000 	C:\WINDOWS\SYSTEM32\profapi.dll
0x00007ffed0240000 - 0x00007ffed025a000 	C:\Program Files\Android\Android Studio1\jre\bin\net.dll
0x00007ffeddd60000 - 0x00007ffedde6c000 	C:\WINDOWS\SYSTEM32\WINHTTP.dll
0x00007ffee3090000 - 0x00007ffee30f7000 	C:\WINDOWS\system32\mswsock.dll
0x00007ffed00b0000 - 0x00007ffed00c4000 	C:\Program Files\Android\Android Studio1\jre\bin\nio.dll
0x00007ffecce50000 - 0x00007ffecce77000 	C:\Users\ASUS\.gradle\native\8bec1ad78214c89d9ad589b4d07fe93259594b29d510b10fafb7a158f7737e5d\windows-amd64\native-platform.dll
0x00007ffeac8c0000 - 0x00007ffeac9fd000 	C:\Users\ASUS\.gradle\native\53dbd7edfb1c66fb8903c78663c9afc45aea4f116125fa6feffd364cf09443e8\windows-amd64\native-platform-file-events.dll
0x00007ffedc4f0000 - 0x00007ffedc4fa000 	C:\Program Files\Android\Android Studio1\jre\bin\management.dll
0x00007ffed2dd0000 - 0x00007ffed2ddc000 	C:\Program Files\Android\Android Studio1\jre\bin\management_ext.dll
0x00007ffee32d0000 - 0x00007ffee32e8000 	C:\WINDOWS\SYSTEM32\CRYPTSP.dll
0x00007ffee2bc0000 - 0x00007ffee2bf5000 	C:\WINDOWS\system32\rsaenh.dll
0x00007ffee3180000 - 0x00007ffee31a9000 	C:\WINDOWS\SYSTEM32\USERENV.dll
0x00007ffee3450000 - 0x00007ffee3477000 	C:\WINDOWS\SYSTEM32\bcrypt.dll
0x00007ffee32f0000 - 0x00007ffee32fc000 	C:\WINDOWS\SYSTEM32\CRYPTBASE.dll
0x00007ffee2790000 - 0x00007ffee27bd000 	C:\WINDOWS\SYSTEM32\IPHLPAPI.DLL
0x00007ffee52c0000 - 0x00007ffee52c9000 	C:\WINDOWS\System32\NSI.dll
0x00007ffeddf40000 - 0x00007ffeddf59000 	C:\WINDOWS\SYSTEM32\dhcpcsvc6.DLL
0x00007ffede330000 - 0x00007ffede34e000 	C:\WINDOWS\SYSTEM32\dhcpcsvc.DLL
0x00007ffee2800000 - 0x00007ffee28e7000 	C:\WINDOWS\SYSTEM32\DNSAPI.dll
0x00007ffece8d0000 - 0x00007ffece8f7000 	C:\Program Files\Android\Android Studio1\jre\bin\sunec.dll
0x00007ffecc130000 - 0x00007ffecc13a000 	C:\Windows\System32\rasadhlp.dll
0x00007ffedbfd0000 - 0x00007ffedc051000 	C:\WINDOWS\System32\fwpuclnt.dll
0x00007ffee1430000 - 0x00007ffee1464000 	C:\WINDOWS\SYSTEM32\ntmarta.dll

dbghelp: loaded successfully - version: 4.0.5 - missing functions: none
symbol engine: initialized successfully - sym options: 0x614 - pdb path: .;C:\Program Files\Android\Android Studio1\jre\bin;C:\WINDOWS\SYSTEM32;C:\WINDOWS\WinSxS\amd64_microsoft.windows.common-controls_6595b64144ccf1df_6.0.22000.120_none_9d947278b86cc467;C:\Program Files\Android\Android Studio1\jre\bin\server;C:\Users\ASUS\.gradle\native\8bec1ad78214c89d9ad589b4d07fe93259594b29d510b10fafb7a158f7737e5d\windows-amd64;C:\Users\ASUS\.gradle\native\53dbd7edfb1c66fb8903c78663c9afc45aea4f116125fa6feffd364cf09443e8\windows-amd64

VM Arguments:
jvm_args: --add-opens=java.base/java.util=ALL-UNNAMED --add-opens=java.base/java.lang=ALL-UNNAMED --add-opens=java.base/java.lang.invoke=ALL-UNNAMED --add-opens=java.base/java.util=ALL-UNNAMED --add-opens=java.prefs/java.util.prefs=ALL-UNNAMED --add-opens=java.prefs/java.util.prefs=ALL-UNNAMED --add-opens=java.base/java.nio.charset=ALL-UNNAMED --add-opens=java.base/java.net=ALL-UNNAMED --add-opens=java.base/java.util.concurrent.atomic=ALL-UNNAMED -Xmx2048m -Dfile.encoding=UTF-8 -Duser.country=ID -Duser.language=en -Duser.variant 
java_command: org.gradle.launcher.daemon.bootstrap.GradleDaemon 7.0.2
java_class_path (initial): C:\Users\ASUS\.gradle\wrapper\dists\gradle-7.0.2-bin\857tjihv64xamwrf0h14cai3r\gradle-7.0.2\lib\gradle-launcher-7.0.2.jar
Launcher Type: SUN_STANDARD

[Global flags]
     intx CICompilerCount                          = 4                                         {product} {ergonomic}
     uint ConcGCThreads                            = 2                                         {product} {ergonomic}
     uint G1ConcRefinementThreads                  = 8                                         {product} {ergonomic}
   size_t G1HeapRegionSize                         = 1048576                                   {product} {ergonomic}
    uintx GCDrainStackTargetSize                   = 64                                        {product} {ergonomic}
   size_t InitialHeapSize                          = 132120576                                 {product} {ergonomic}
   size_t MarkStackSize                            = 4194304                                   {product} {ergonomic}
   size_t MaxHeapSize                              = 2147483648                                {product} {command line}
   size_t MaxNewSize                               = 1287651328                                {product} {ergonomic}
   size_t MinHeapDeltaBytes                        = 1048576                                   {product} {ergonomic}
    uintx NonNMethodCodeHeapSize                   = 5836300                                {pd product} {ergonomic}
    uintx NonProfiledCodeHeapSize                  = 122910970                              {pd product} {ergonomic}
    uintx ProfiledCodeHeapSize                     = 122910970                              {pd product} {ergonomic}
    uintx ReservedCodeCacheSize                    = 251658240                              {pd product} {ergonomic}
     bool SegmentedCodeCache                       = true                                      {product} {ergonomic}
     bool UseCompressedClassPointers               = true                                 {lp64_product} {ergonomic}
     bool UseCompressedOops                        = true                                 {lp64_product} {ergonomic}
     bool UseG1GC                                  = true                                      {product} {ergonomic}
     bool UseLargePagesIndividualAllocation        = false                                  {pd product} {ergonomic}

Logging:
Log output configuration:
 #0: stdout all=warning uptime,level,tags
 #1: stderr all=off uptime,level,tags

Environment Variables:
PATH=C:\Users\ASUS\platform-tools_r31.0.3-windows\platform-tools\systrace\catapult\common\bin;C:\Python310\;C:\ProgramData\Oracle\Java\javapath;C:\Program Files\Common Files\Oracle\Java\javapath;C:\Windows\system32;C:\Windows;C:\Windows\System32\Wbem;C:\Windows\System32\WindowsPowerShell\v1.0\;C:\Windows\System32\OpenSSH\;C:\Program Files (x86)\NVIDIA Corporation\PhysX\Common;C:\Program Files\NVIDIA Corporation\NVIDIA NvDLISR;C:\composer;C:\ProgramData\ComposerSetup\bin;C:\Program Files\gradle-6.9.1\bin;C:\WINDOWS\system32;C:\WINDOWS;C:\WINDOWS\System32\Wbem;C:\WINDOWS\System32\WindowsPowerShell\v1.0\;C:\WINDOWS\System32\OpenSSH\;C:\Program Files\nodejs\;C:\ProgramData\chocolatey\bin;C:\Users\ASUS\flutter\bin;C:\Program Files\Git\bin;C:\Program Files\Git\cmd;C:\Users\ASUS\AppData\Local\Android\sdk\tools\bin;C:\Users\ASUS\flutter\bin;C:\Users\ASUS\AppData\Local\Microsoft\WindowsApps;C:\Program Files\MongoDB\Server\4.4\bin;C:\xampp\php;C:\Users\ASUS\AppData\Roaming\Composer\vendor\bin;C:\Python27;C:\Program Files\gradle-6.9.1\bin;C:\Users\ASUS\AppData\Roaming\npm;C:\Users\ASUS\AppData\Local\Android\sdk\tools\bin;C:\Users\ASUS\AppData\Local\Programs\Microsoft VS Code\bin
USERNAME=ASUS
OS=Windows_NT
PROCESSOR_IDENTIFIER=Intel64 Family 6 Model 158 Stepping 10, GenuineIntel



---------------  S Y S T E M  ---------------

OS: Windows 10 , 64 bit Build 22000 (10.0.22000.434)
OS uptime: 9 days 2:56 hours

CPU:total 8 (initial active 8) (4 cores per cpu, 2 threads per core) family 6 model 158 stepping 10 microcode 0xde, cmov, cx8, fxsr, mmx, sse, sse2, sse3, ssse3, sse4.1, sse4.2, popcnt, avx, avx2, aes, clmul, erms, 3dnowpref, lzcnt, ht, tsc, tscinvbit, bmi1, bmi2, adx, fma

Memory: 4k page, system-wide physical 8047M (126M free)
TotalPageFile size 32623M (AvailPageFile size 44M)
current process WorkingSet (physical memory assigned to process): 561M, peak: 561M
current process commit charge ("private bytes"): 790M, peak: 927M

vm_info: OpenJDK 64-Bit Server VM (11.0.10+0-b96-7249189) for windows-amd64 JRE (11.0.10+0-b96-7249189), built on Mar 31 2021 21:44:00 by "builder" with MS VC++ 14.0 (VS2015)

END.
