#
# There is insufficient memory for the Java Runtime Environment to continue.
# Native memory allocation (mmap) failed to map 46137344 bytes for Failed to commit area from 0x000000008dc00000 to 0x0000000090800000 of length 46137344.
# Possible reasons:
#   The system is out of physical RAM or swap space
#   The process is running with CompressedOops enabled, and the Java Heap may be blocking the growth of the native heap
# Possible solutions:
#   Reduce memory load on the system
#   Increase physical memory or swap space
#   Check if swap backing store is full
#   Decrease Java heap size (-Xmx/-Xms)
#   Decrease number of Java threads
#   Decrease Java thread stack sizes (-Xss)
#   Set larger code cache with -XX:ReservedCodeCacheSize=
#   JVM is running with Unscaled Compressed Oops mode in which the Java heap is
#     placed in the first 4GB address space. The Java Heap base address is the
#     maximum limit for the native heap growth. Please use -XX:HeapBaseMinAddress
#     to set the Java Heap base and to place the Java Heap above 4GB virtual address.
# This output file may be truncated or incomplete.
#
#  Out of Memory Error (./src/hotspot/os/windows/os_windows.cpp:3301), pid=4104, tid=15036
#
# JRE version: OpenJDK Runtime Environment (11.0.10) (build 11.0.10+0-b96-7249189)
# Java VM: OpenJDK 64-Bit Server VM (11.0.10+0-b96-7249189, mixed mode, tiered, compressed oops, g1 gc, windows-amd64)
# No core dump will be written. Minidumps are not enabled by default on client versions of Windows
#

---------------  S U M M A R Y ------------

Command Line: --add-opens=java.base/java.util=ALL-UNNAMED --add-opens=java.base/java.lang=ALL-UNNAMED --add-opens=java.base/java.lang.invoke=ALL-UNNAMED --add-opens=java.base/java.util=ALL-UNNAMED --add-opens=java.prefs/java.util.prefs=ALL-UNNAMED --add-opens=java.prefs/java.util.prefs=ALL-UNNAMED --add-opens=java.base/java.nio.charset=ALL-UNNAMED --add-opens=java.base/java.net=ALL-UNNAMED --add-opens=java.base/java.util.concurrent.atomic=ALL-UNNAMED -Xmx2048m -Dfile.encoding=UTF-8 -Duser.country=ID -Duser.language=en -Duser.variant org.gradle.launcher.daemon.bootstrap.GradleDaemon 7.0.2

Host: Intel(R) Core(TM) i5-8300H CPU @ 2.30GHz, 8 cores, 7G,  Windows 10 , 64 bit Build 22000 (10.0.22000.434)
Time: Wed Mar 30 09:56:38 2022 SE Asia Standard Time elapsed time: 26.639657 seconds (0d 0h 0m 26s)

---------------  T H R E A D  ---------------

Current thread (0x00000268c30e0000):  VMThread "VM Thread" [stack: 0x000000da93400000,0x000000da93500000] [id=15036]

Stack: [0x000000da93400000,0x000000da93500000]
[error occurred during error reporting (printing stack bounds), id 0xc0000005, EXCEPTION_ACCESS_VIOLATION (0xc0000005) at pc=0x00000268ac760f2d]

Native frames: (J=compiled Java code, j=interpreted, Vv=VM code, C=native code)
V  [jvm.dll+0x5ecfaa]
V  [jvm.dll+0x722bd5]
V  [jvm.dll+0x72412d]
V  [jvm.dll+0x724745]
V  [jvm.dll+0x7246fb]
V  [jvm.dll+0x5ec348]
V  [jvm.dll+0x5ecad8]
C  [ntdll.dll+0xa86ef]
C  [ntdll.dll+0x35aea]
C  [ntdll.dll+0xa76fe]
C  0x00000268ac760f2d

VM_Operation (0x000000da968f8470): G1CollectForAllocation, mode: safepoint, requested by thread 0x00000268c86d4000


---------------  P R O C E S S  ---------------

Threads class SMR info:
_java_thread_list=0x00000268cc9d67a0, length=65, elements={
0x00000268a8c6c800, 0x00000268c30e3800, 0x00000268c30e9000, 0x00000268c3a64800,
0x00000268c3a66000, 0x00000268c3a69000, 0x00000268c3a6d800, 0x00000268c3a71000,
0x00000268c3a72000, 0x00000268c3bdb800, 0x00000268c4d03000, 0x00000268c5181800,
0x00000268c5bf7800, 0x00000268c4ddb800, 0x00000268c5293800, 0x00000268c5bf0800,
0x00000268c4b68000, 0x00000268c4faf800, 0x00000268c5207800, 0x00000268c5cba800,
0x00000268c5cbe000, 0x00000268c5cb8000, 0x00000268c5cbb800, 0x00000268c5cbd000,
0x00000268c5cbf000, 0x00000268c5cbc800, 0x00000268c5cb9000, 0x00000268c5cba000,
0x00000268c817e800, 0x00000268c817f800, 0x00000268c8180000, 0x00000268c817d800,
0x00000268c817a800, 0x00000268c8181800, 0x00000268c8182800, 0x00000268c817d000,
0x00000268c8186800, 0x00000268c8187800, 0x00000268c8188000, 0x00000268c8183800,
0x00000268c8184000, 0x00000268c8185000, 0x00000268c8186000, 0x00000268c86d4000,
0x00000268c86d4800, 0x00000268c86d5800, 0x00000268c86d3000, 0x00000268c86d0000,
0x00000268c86d1800, 0x00000268c86d2000, 0x00000268c86d0800, 0x00000268c86dc000,
0x00000268c86d9800, 0x00000268c86da800, 0x00000268c86db000, 0x00000268c86dd000,
0x00000268c86d7000, 0x00000268c86dd800, 0x00000268c86d8000, 0x00000268c86de800,
0x00000268c86d8800, 0x00000268ca19a800, 0x00000268ca19c800, 0x00000268ca19d000,
0x00000268ca198800
}

Java Threads: ( => current thread )
  0x00000268a8c6c800 JavaThread "main" [_thread_blocked, id=9772, stack(0x000000da92e00000,0x000000da92f00000)]
  0x00000268c30e3800 JavaThread "Reference Handler" daemon [_thread_blocked, id=5124, stack(0x000000da93500000,0x000000da93600000)]
  0x00000268c30e9000 JavaThread "Finalizer" daemon [_thread_blocked, id=12504, stack(0x000000da93600000,0x000000da93700000)]
  0x00000268c3a64800 JavaThread "Signal Dispatcher" daemon [_thread_blocked, id=12524, stack(0x000000da93700000,0x000000da93800000)]
  0x00000268c3a66000 JavaThread "Attach Listener" daemon [_thread_blocked, id=4048, stack(0x000000da93800000,0x000000da93900000)]
  0x00000268c3a69000 JavaThread "Service Thread" daemon [_thread_blocked, id=1932, stack(0x000000da93900000,0x000000da93a00000)]
  0x00000268c3a6d800 JavaThread "C2 CompilerThread0" daemon [_thread_blocked, id=16252, stack(0x000000da93a00000,0x000000da93b00000)]
  0x00000268c3a71000 JavaThread "C1 CompilerThread0" daemon [_thread_blocked, id=17740, stack(0x000000da93b00000,0x000000da93c00000)]
  0x00000268c3a72000 JavaThread "Sweeper thread" daemon [_thread_blocked, id=17024, stack(0x000000da93c00000,0x000000da93d00000)]
  0x00000268c3bdb800 JavaThread "Common-Cleaner" daemon [_thread_blocked, id=12420, stack(0x000000da93d00000,0x000000da93e00000)]
  0x00000268c4d03000 JavaThread "Daemon health stats" [_thread_blocked, id=13768, stack(0x000000da94100000,0x000000da94200000)]
  0x00000268c5181800 JavaThread "Incoming local TCP Connector on port 53517" [_thread_in_native, id=8824, stack(0x000000da94200000,0x000000da94300000)]
  0x00000268c5bf7800 JavaThread "Daemon periodic checks" [_thread_blocked, id=1012, stack(0x000000da94300000,0x000000da94400000)]
  0x00000268c4ddb800 JavaThread "Daemon" [_thread_blocked, id=8352, stack(0x000000da94400000,0x000000da94500000)]
  0x00000268c5293800 JavaThread "Handler for socket connection from /127.0.0.1:53517 to /127.0.0.1:53518" [_thread_in_native, id=15608, stack(0x000000da94500000,0x000000da94600000)]
  0x00000268c5bf0800 JavaThread "Cancel handler" [_thread_blocked, id=14380, stack(0x000000da94600000,0x000000da94700000)]
  0x00000268c4b68000 JavaThread "Daemon worker" [_thread_blocked, id=14648, stack(0x000000da94700000,0x000000da94800000)]
  0x00000268c4faf800 JavaThread "Asynchronous log dispatcher for DefaultDaemonConnection: socket connection from /127.0.0.1:53517 to /127.0.0.1:53518" [_thread_blocked, id=13264, stack(0x000000da94800000,0x000000da94900000)]
  0x00000268c5207800 JavaThread "Stdin handler" [_thread_blocked, id=5096, stack(0x000000da94900000,0x000000da94a00000)]
  0x00000268c5cba800 JavaThread "Daemon client event forwarder" [_thread_blocked, id=1752, stack(0x000000da94a00000,0x000000da94b00000)]
  0x00000268c5cbe000 JavaThread "Cache worker for file hash cache (C:\Users\ASUS\.gradle\caches\7.0.2\fileHashes)" [_thread_blocked, id=16460, stack(0x000000da95000000,0x000000da95100000)]
  0x00000268c5cb8000 JavaThread "File lock request listener" [_thread_in_native, id=3608, stack(0x000000da95100000,0x000000da95200000)]
  0x00000268c5cbb800 JavaThread "Cache worker for journal cache (C:\Users\ASUS\.gradle\caches\journal-1)" [_thread_blocked, id=13428, stack(0x000000da95300000,0x000000da95400000)]
  0x00000268c5cbd000 JavaThread "Cache worker for file hash cache (C:\Users\ASUS\AndroidStudioProjects\gigiibuhamil\.gradle\7.0.2\fileHashes)" [_thread_blocked, id=5432, stack(0x000000da95400000,0x000000da95500000)]
  0x00000268c5cbf000 JavaThread "File watcher server" daemon [_thread_blocked, id=12024, stack(0x000000da95500000,0x000000da95600000)]
  0x00000268c5cbc800 JavaThread "File watcher consumer" daemon [_thread_blocked, id=15952, stack(0x000000da95600000,0x000000da95700000)]
  0x00000268c5cb9000 JavaThread "Cache worker for checksums cache (C:\Users\ASUS\AndroidStudioProjects\gigiibuhamil\.gradle\checksums)" [_thread_blocked, id=4672, stack(0x000000da95700000,0x000000da95800000)]
  0x00000268c5cba000 JavaThread "Cache worker for cache directory md-supplier (C:\Users\ASUS\.gradle\caches\7.0.2\md-supplier)" [_thread_blocked, id=2524, stack(0x000000da95800000,0x000000da95900000)]
  0x00000268c817e800 JavaThread "Cache worker for cache directory md-rule (C:\Users\ASUS\.gradle\caches\7.0.2\md-rule)" [_thread_blocked, id=3140, stack(0x000000da95900000,0x000000da95a00000)]
  0x00000268c817f800 JavaThread "Cache worker for execution history cache (C:\Users\ASUS\.gradle\caches\7.0.2\executionHistory)" [_thread_blocked, id=14432, stack(0x000000da95a00000,0x000000da95b00000)]
  0x00000268c8180000 JavaThread "jar transforms" [_thread_blocked, id=6924, stack(0x000000da95b00000,0x000000da95c00000)]
  0x00000268c817d800 JavaThread "jar transforms Thread 2" [_thread_blocked, id=6416, stack(0x000000da95c00000,0x000000da95d00000)]
  0x00000268c817a800 JavaThread "Cache worker for file content cache (C:\Users\ASUS\.gradle\caches\7.0.2\fileContent)" [_thread_blocked, id=10012, stack(0x000000da95d00000,0x000000da95e00000)]
  0x00000268c8181800 JavaThread "Cache worker for dependencies-accessors (C:\Users\ASUS\AndroidStudioProjects\gigiibuhamil\.gradle\7.0.2\dependencies-accessors)" [_thread_blocked, id=16196, stack(0x000000da95e00000,0x000000da95f00000)]
  0x00000268c8182800 JavaThread "jar transforms Thread 3" [_thread_blocked, id=3788, stack(0x000000da95f00000,0x000000da96000000)]
  0x00000268c817d000 JavaThread "Cache worker for Build Output Cleanup Cache (C:\Users\ASUS\AndroidStudioProjects\gigiibuhamil\.gradle\buildOutputCleanup)" [_thread_blocked, id=5836, stack(0x000000da96000000,0x000000da96100000)]
  0x00000268c8186800 JavaThread "Build operations" [_thread_blocked, id=14552, stack(0x000000da96100000,0x000000da96200000)]
  0x00000268c8187800 JavaThread "Build operations Thread 2" [_thread_blocked, id=18100, stack(0x000000da96200000,0x000000da96300000)]
  0x00000268c8188000 JavaThread "Build operations Thread 3" [_thread_blocked, id=3028, stack(0x000000da96300000,0x000000da96400000)]
  0x00000268c8183800 JavaThread "Build operations Thread 4" [_thread_blocked, id=2064, stack(0x000000da96400000,0x000000da96500000)]
  0x00000268c8184000 JavaThread "Build operations Thread 5" [_thread_blocked, id=13384, stack(0x000000da96500000,0x000000da96600000)]
  0x00000268c8185000 JavaThread "Build operations Thread 6" [_thread_blocked, id=5516, stack(0x000000da96600000,0x000000da96700000)]
  0x00000268c8186000 JavaThread "Build operations Thread 7" [_thread_blocked, id=6600, stack(0x000000da96700000,0x000000da96800000)]
  0x00000268c86d4000 JavaThread "Build operations Thread 8" [_thread_blocked, id=14572, stack(0x000000da96800000,0x000000da96900000)]
  0x00000268c86d4800 JavaThread "jar transforms Thread 4" [_thread_blocked, id=2740, stack(0x000000da96900000,0x000000da96a00000)]
  0x00000268c86d5800 JavaThread "jar transforms Thread 5" [_thread_blocked, id=8832, stack(0x000000da96a00000,0x000000da96b00000)]
  0x00000268c86d3000 JavaThread "jar transforms Thread 6" [_thread_blocked, id=7300, stack(0x000000da96b00000,0x000000da96c00000)]
  0x00000268c86d0000 JavaThread "jar transforms Thread 7" [_thread_blocked, id=14584, stack(0x000000da96c00000,0x000000da96d00000)]
  0x00000268c86d1800 JavaThread "jar transforms Thread 8" [_thread_blocked, id=3000, stack(0x000000da96d00000,0x000000da96e00000)]
  0x00000268c86d2000 JavaThread "Memory manager" [_thread_blocked, id=4628, stack(0x000000da96e00000,0x000000da96f00000)]
  0x00000268c86d0800 JavaThread "build event listener" [_thread_blocked, id=2368, stack(0x000000da96f00000,0x000000da97000000)]
  0x00000268c86dc000 JavaThread "pool-3-thread-1" [_thread_blocked, id=17960, stack(0x000000da97000000,0x000000da97100000)]
  0x00000268c86d9800 JavaThread "build event listener" [_thread_blocked, id=13920, stack(0x000000da97100000,0x000000da97200000)]
  0x00000268c86da800 JavaThread "Execution worker for ':'" [_thread_blocked, id=13924, stack(0x000000da97200000,0x000000da97300000)]
  0x00000268c86db000 JavaThread "Execution worker for ':' Thread 2" [_thread_blocked, id=2800, stack(0x000000da97300000,0x000000da97400000)]
  0x00000268c86dd000 JavaThread "Execution worker for ':' Thread 3" [_thread_blocked, id=1584, stack(0x000000da97400000,0x000000da97500000)]
  0x00000268c86d7000 JavaThread "Execution worker for ':' Thread 4" [_thread_blocked, id=13800, stack(0x000000da97500000,0x000000da97600000)]
  0x00000268c86dd800 JavaThread "Execution worker for ':' Thread 5" [_thread_blocked, id=14020, stack(0x000000da97600000,0x000000da97700000)]
  0x00000268c86d8000 JavaThread "Execution worker for ':' Thread 6" [_thread_blocked, id=4380, stack(0x000000da97700000,0x000000da97800000)]
  0x00000268c86de800 JavaThread "Execution worker for ':' Thread 7" [_thread_blocked, id=13012, stack(0x000000da97800000,0x000000da97900000)]
  0x00000268c86d8800 JavaThread "Cache worker for execution history cache (C:\Users\ASUS\AndroidStudioProjects\gigiibuhamil\.gradle\7.0.2\executionHistory)" [_thread_blocked, id=17160, stack(0x000000da97900000,0x000000da97a00000)]
  0x00000268ca19a800 JavaThread "WorkerExecutor Queue" [_thread_blocked, id=13244, stack(0x000000da97a00000,0x000000da97b00000)]
  0x00000268ca19c800 JavaThread "pool-4-thread-1" [_thread_blocked, id=17228, stack(0x000000da97b00000,0x000000da97c00000)]
  0x00000268ca19d000 JavaThread "stderr" [_thread_in_native, id=15376, stack(0x000000da97c00000,0x000000da97d00000)]
  0x00000268ca198800 JavaThread "stdout" [_thread_in_native, id=608, stack(0x000000da97d00000,0x000000da97e00000)]

Other Threads:
=>0x00000268c30e0000 VMThread "VM Thread" [stack: 0x000000da93400000,0x000000da93500000] [id=15036]
  0x00000268c3be4800 WatcherThread [stack: 0x000000da93e00000,0x000000da93f00000] [id=12824]
  0x00000268a8c88800 GCTaskThread "GC Thread#0" [stack: 0x000000da92f00000,0x000000da93000000] [id=7216]
  0x00000268c4741000 GCTaskThread "GC Thread#1" [stack: 0x000000da93f00000,0x000000da94000000] [id=2884]
  0x00000268c45d0800 GCTaskThread "GC Thread#2" [stack: 0x000000da94000000,0x000000da94100000] [id=10068]
  0x00000268c45ee000 GCTaskThread "GC Thread#3" [stack: 0x000000da94b00000,0x000000da94c00000] [id=9780]
  0x00000268c45eb000 GCTaskThread "GC Thread#4" [stack: 0x000000da94c00000,0x000000da94d00000] [id=12152]
  0x00000268c45e7800 GCTaskThread "GC Thread#5" [stack: 0x000000da94d00000,0x000000da94e00000] [id=7604]
  0x00000268c45ed000 GCTaskThread "GC Thread#6" [stack: 0x000000da94e00000,0x000000da94f00000] [id=15664]
  0x00000268c45ea000 GCTaskThread "GC Thread#7" [stack: 0x000000da94f00000,0x000000da95000000] [id=5888]
  0x00000268a8cb8000 ConcurrentGCThread "G1 Main Marker" [stack: 0x000000da93000000,0x000000da93100000] [id=11100]
  0x00000268a8cb9800 ConcurrentGCThread "G1 Conc#0" [stack: 0x000000da93100000,0x000000da93200000] [id=8800]
  0x00000268c45eb800 ConcurrentGCThread "G1 Conc#1" [stack: 0x000000da95200000,0x000000da95300000] [id=7956]
  0x00000268a8d4d800 ConcurrentGCThread "G1 Refine#0" [stack: 0x000000da93200000,0x000000da93300000] [id=14960]
  0x00000268c2f30800 ConcurrentGCThread "G1 Young RemSet Sampling" [stack: 0x000000da93300000,0x000000da93400000] [id=6076]

Threads with active compile tasks:
C2 CompilerThread0  26683 11995       4       com.android.tools.r8.graph.c0::a (89 bytes)
C1 CompilerThread0  26683 12098 %     3       com.android.tools.r8.internal.U6::a @ 5588 (6044 bytes)

VM state:at safepoint (normal execution)

VM Mutex/Monitor currently owned by a thread:  ([mutex/lock_event])
[0x00000268a8c68330] Threads_lock - owner thread: 0x00000268c30e0000
[0x00000268a8c68960] Heap_lock - owner thread: 0x00000268c86d4000

Heap address: 0x0000000080000000, size: 2048 MB, Compressed Oops mode: 32-bit
Narrow klass base: 0x0000000000000000, Narrow klass shift: 3
Compressed class space size: 1073741824 Address: 0x0000000100000000

Heap:
 garbage-first heap   total 270336K, used 181248K [0x0000000080000000, 0x0000000100000000)
  region size 1024K, 2 young (2048K), 2 survivors (2048K)
 Metaspace       used 98274K, capacity 100672K, committed 100812K, reserved 1136640K
  class space    used 12595K, capacity 13540K, committed 13568K, reserved 1048576K
Heap Regions: E=young(eden), S=young(survivor), O=old, HS=humongous(starts), HC=humongous(continues), CS=collection set, F=free, A=archive, TAMS=top-at-mark-start (previous, next)
|   0|0x0000000080000000, 0x0000000080100000, 0x0000000080100000|100%| O|  |TAMS 0x0000000080100000, 0x0000000080000000| Untracked 
|   1|0x0000000080100000, 0x0000000080200000, 0x0000000080200000|100%| O|  |TAMS 0x0000000080200000, 0x0000000080100000| Untracked 
|   2|0x0000000080200000, 0x0000000080300000, 0x0000000080300000|100%| O|  |TAMS 0x0000000080300000, 0x0000000080200000| Untracked 
|   3|0x0000000080300000, 0x0000000080400000, 0x0000000080400000|100%|HS|  |TAMS 0x0000000080400000, 0x0000000080300000| Complete 
|   4|0x0000000080400000, 0x0000000080500000, 0x0000000080500000|100%|HC|  |TAMS 0x0000000080500000, 0x0000000080400000| Complete 
|   5|0x0000000080500000, 0x0000000080600000, 0x0000000080600000|100%|HC|  |TAMS 0x0000000080600000, 0x0000000080500000| Complete 
|   6|0x0000000080600000, 0x0000000080700000, 0x0000000080700000|100%| O|  |TAMS 0x0000000080700000, 0x0000000080600000| Untracked 
|   7|0x0000000080700000, 0x0000000080800000, 0x0000000080800000|100%| O|  |TAMS 0x0000000080800000, 0x0000000080700000| Untracked 
|   8|0x0000000080800000, 0x0000000080900000, 0x0000000080900000|100%| O|  |TAMS 0x0000000080900000, 0x0000000080800000| Untracked 
|   9|0x0000000080900000, 0x0000000080a00000, 0x0000000080a00000|100%| O|  |TAMS 0x0000000080a00000, 0x0000000080900000| Complete 
|  10|0x0000000080a00000, 0x0000000080b00000, 0x0000000080b00000|100%| O|  |TAMS 0x0000000080b00000, 0x0000000080a00000| Untracked 
|  11|0x0000000080b00000, 0x0000000080c00000, 0x0000000080c00000|100%| O|  |TAMS 0x0000000080c00000, 0x0000000080b00000| Untracked 
|  12|0x0000000080c00000, 0x0000000080d00000, 0x0000000080d00000|100%| O|  |TAMS 0x0000000080d00000, 0x0000000080c00000| Untracked 
|  13|0x0000000080d00000, 0x0000000080e00000, 0x0000000080e00000|100%| O|  |TAMS 0x0000000080e00000, 0x0000000080d00000| Untracked 
|  14|0x0000000080e00000, 0x0000000080f00000, 0x0000000080f00000|100%| O|  |TAMS 0x0000000080f00000, 0x0000000080e00000| Untracked 
|  15|0x0000000080f00000, 0x0000000081000000, 0x0000000081000000|100%| O|  |TAMS 0x0000000081000000, 0x0000000080f00000| Untracked 
|  16|0x0000000081000000, 0x0000000081100000, 0x0000000081100000|100%| O|  |TAMS 0x0000000081100000, 0x0000000081000000| Untracked 
|  17|0x0000000081100000, 0x0000000081200000, 0x0000000081200000|100%| O|  |TAMS 0x0000000081200000, 0x0000000081100000| Untracked 
|  18|0x0000000081200000, 0x0000000081300000, 0x0000000081300000|100%|HS|  |TAMS 0x0000000081300000, 0x0000000081200000| Complete 
|  19|0x0000000081300000, 0x0000000081400000, 0x0000000081400000|100%| O|  |TAMS 0x0000000081400000, 0x0000000081300000| Untracked 
|  20|0x0000000081400000, 0x0000000081500000, 0x0000000081500000|100%| O|  |TAMS 0x0000000081500000, 0x0000000081400000| Untracked 
|  21|0x0000000081500000, 0x0000000081600000, 0x0000000081600000|100%| O|  |TAMS 0x0000000081600000, 0x0000000081500000| Untracked 
|  22|0x0000000081600000, 0x0000000081700000, 0x0000000081700000|100%| O|  |TAMS 0x0000000081700000, 0x0000000081600000| Untracked 
|  23|0x0000000081700000, 0x0000000081800000, 0x0000000081800000|100%| O|  |TAMS 0x0000000081800000, 0x0000000081700000| Untracked 
|  24|0x0000000081800000, 0x0000000081900000, 0x0000000081900000|100%| O|  |TAMS 0x0000000081900000, 0x0000000081800000| Untracked 
|  25|0x0000000081900000, 0x0000000081a00000, 0x0000000081a00000|100%| O|  |TAMS 0x0000000081a00000, 0x0000000081900000| Untracked 
|  26|0x0000000081a00000, 0x0000000081b00000, 0x0000000081b00000|100%|HS|  |TAMS 0x0000000081b00000, 0x0000000081a00000| Complete 
|  27|0x0000000081b00000, 0x0000000081c00000, 0x0000000081c00000|100%|HS|  |TAMS 0x0000000081c00000, 0x0000000081b00000| Complete 
|  28|0x0000000081c00000, 0x0000000081d00000, 0x0000000081d00000|100%|HS|  |TAMS 0x0000000081d00000, 0x0000000081c00000| Complete 
|  29|0x0000000081d00000, 0x0000000081e00000, 0x0000000081e00000|100%|HC|  |TAMS 0x0000000081e00000, 0x0000000081d00000| Complete 
|  30|0x0000000081e00000, 0x0000000081f00000, 0x0000000081f00000|100%|HC|  |TAMS 0x0000000081f00000, 0x0000000081e00000| Complete 
|  31|0x0000000081f00000, 0x0000000082000000, 0x0000000082000000|100%|HS|  |TAMS 0x0000000082000000, 0x0000000081f00000| Complete 
|  32|0x0000000082000000, 0x0000000082100000, 0x0000000082100000|100%|HC|  |TAMS 0x0000000082100000, 0x0000000082000000| Complete 
|  33|0x0000000082100000, 0x0000000082200000, 0x0000000082200000|100%| O|  |TAMS 0x0000000082200000, 0x0000000082100000| Untracked 
|  34|0x0000000082200000, 0x0000000082300000, 0x0000000082300000|100%| O|  |TAMS 0x0000000082300000, 0x0000000082200000| Untracked 
|  35|0x0000000082300000, 0x0000000082400000, 0x0000000082400000|100%| O|  |TAMS 0x0000000082400000, 0x0000000082300000| Untracked 
|  36|0x0000000082400000, 0x0000000082500000, 0x0000000082500000|100%| O|  |TAMS 0x0000000082500000, 0x0000000082400000| Complete 
|  37|0x0000000082500000, 0x0000000082600000, 0x0000000082600000|100%| O|  |TAMS 0x0000000082600000, 0x0000000082500000| Complete 
|  38|0x0000000082600000, 0x0000000082700000, 0x0000000082700000|100%| O|  |TAMS 0x0000000082700000, 0x0000000082600000| Complete 
|  39|0x0000000082700000, 0x0000000082800000, 0x0000000082800000|100%| O|  |TAMS 0x0000000082800000, 0x0000000082700000| Complete 
|  40|0x0000000082800000, 0x0000000082900000, 0x0000000082900000|100%| O|  |TAMS 0x0000000082900000, 0x0000000082800000| Complete 
|  41|0x0000000082900000, 0x0000000082a00000, 0x0000000082a00000|100%| O|  |TAMS 0x0000000082a00000, 0x0000000082900000| Untracked 
|  42|0x0000000082a00000, 0x0000000082b00000, 0x0000000082b00000|100%| O|  |TAMS 0x0000000082b00000, 0x0000000082a00000| Untracked 
|  43|0x0000000082b00000, 0x0000000082c00000, 0x0000000082c00000|100%| O|  |TAMS 0x0000000082c00000, 0x0000000082b00000| Complete 
|  44|0x0000000082c00000, 0x0000000082d00000, 0x0000000082d00000|100%| O|  |TAMS 0x0000000082d00000, 0x0000000082c00000| Untracked 
|  45|0x0000000082d00000, 0x0000000082e00000, 0x0000000082e00000|100%| O|  |TAMS 0x0000000082e00000, 0x0000000082d00000| Untracked 
|  46|0x0000000082e00000, 0x0000000082f00000, 0x0000000082f00000|100%| O|  |TAMS 0x0000000082f00000, 0x0000000082e00000| Untracked 
|  47|0x0000000082f00000, 0x0000000083000000, 0x0000000083000000|100%| O|  |TAMS 0x0000000083000000, 0x0000000082f00000| Untracked 
|  48|0x0000000083000000, 0x0000000083100000, 0x0000000083100000|100%| O|  |TAMS 0x0000000083100000, 0x0000000083000000| Untracked 
|  49|0x0000000083100000, 0x0000000083200000, 0x0000000083200000|100%| O|  |TAMS 0x0000000083200000, 0x0000000083100000| Complete 
|  50|0x0000000083200000, 0x0000000083300000, 0x0000000083300000|100%| O|  |TAMS 0x0000000083300000, 0x0000000083200000| Untracked 
|  51|0x0000000083300000, 0x0000000083400000, 0x0000000083400000|100%| O|  |TAMS 0x0000000083400000, 0x0000000083300000| Untracked 
|  52|0x0000000083400000, 0x0000000083500000, 0x0000000083500000|100%| O|  |TAMS 0x0000000083500000, 0x0000000083400000| Untracked 
|  53|0x0000000083500000, 0x0000000083600000, 0x0000000083600000|100%| O|  |TAMS 0x0000000083600000, 0x0000000083500000| Untracked 
|  54|0x0000000083600000, 0x0000000083700000, 0x0000000083700000|100%| O|  |TAMS 0x0000000083700000, 0x0000000083600000| Untracked 
|  55|0x0000000083700000, 0x0000000083800000, 0x0000000083800000|100%| O|  |TAMS 0x0000000083800000, 0x0000000083700000| Complete 
|  56|0x0000000083800000, 0x0000000083900000, 0x0000000083900000|100%| O|  |TAMS 0x0000000083900000, 0x0000000083800000| Untracked 
|  57|0x0000000083900000, 0x0000000083a00000, 0x0000000083a00000|100%| O|  |TAMS 0x0000000083a00000, 0x0000000083900000| Untracked 
|  58|0x0000000083a00000, 0x0000000083b00000, 0x0000000083b00000|100%| O|  |TAMS 0x0000000083b00000, 0x0000000083a00000| Complete 
|  59|0x0000000083b00000, 0x0000000083c00000, 0x0000000083c00000|100%| O|  |TAMS 0x0000000083c00000, 0x0000000083b00000| Untracked 
|  60|0x0000000083c00000, 0x0000000083d00000, 0x0000000083d00000|100%| O|  |TAMS 0x0000000083d00000, 0x0000000083c00000| Complete 
|  61|0x0000000083d00000, 0x0000000083e00000, 0x0000000083e00000|100%| O|  |TAMS 0x0000000083e00000, 0x0000000083d00000| Untracked 
|  62|0x0000000083e00000, 0x0000000083f00000, 0x0000000083f00000|100%| O|  |TAMS 0x0000000083f00000, 0x0000000083e00000| Untracked 
|  63|0x0000000083f00000, 0x0000000084000000, 0x0000000084000000|100%| O|  |TAMS 0x0000000084000000, 0x0000000083f00000| Untracked 
|  64|0x0000000084000000, 0x0000000084100000, 0x0000000084100000|100%| O|  |TAMS 0x0000000084100000, 0x0000000084000000| Untracked 
|  65|0x0000000084100000, 0x0000000084200000, 0x0000000084200000|100%| O|  |TAMS 0x0000000084200000, 0x0000000084100000| Complete 
|  66|0x0000000084200000, 0x0000000084300000, 0x0000000084300000|100%| O|  |TAMS 0x0000000084300000, 0x0000000084200000| Untracked 
|  67|0x0000000084300000, 0x0000000084400000, 0x0000000084400000|100%| O|  |TAMS 0x0000000084400000, 0x0000000084300000| Untracked 
|  68|0x0000000084400000, 0x0000000084500000, 0x0000000084500000|100%| O|  |TAMS 0x0000000084500000, 0x0000000084400000| Untracked 
|  69|0x0000000084500000, 0x0000000084600000, 0x0000000084600000|100%| O|  |TAMS 0x0000000084600000, 0x0000000084500000| Untracked 
|  70|0x0000000084600000, 0x0000000084700000, 0x0000000084700000|100%| O|  |TAMS 0x0000000084700000, 0x0000000084600000| Untracked 
|  71|0x0000000084700000, 0x0000000084800000, 0x0000000084800000|100%| O|  |TAMS 0x0000000084800000, 0x0000000084700000| Untracked 
|  72|0x0000000084800000, 0x0000000084900000, 0x0000000084900000|100%| O|  |TAMS 0x0000000084900000, 0x0000000084800000| Untracked 
|  73|0x0000000084900000, 0x0000000084a00000, 0x0000000084a00000|100%| O|  |TAMS 0x0000000084a00000, 0x0000000084900000| Untracked 
|  74|0x0000000084a00000, 0x0000000084b00000, 0x0000000084b00000|100%| O|  |TAMS 0x0000000084b00000, 0x0000000084a00000| Untracked 
|  75|0x0000000084b00000, 0x0000000084c00000, 0x0000000084c00000|100%| O|  |TAMS 0x0000000084c00000, 0x0000000084b00000| Complete 
|  76|0x0000000084c00000, 0x0000000084d00000, 0x0000000084d00000|100%| O|  |TAMS 0x0000000084d00000, 0x0000000084c00000| Complete 
|  77|0x0000000084d00000, 0x0000000084e00000, 0x0000000084e00000|100%| O|  |TAMS 0x0000000084e00000, 0x0000000084d00000| Untracked 
|  78|0x0000000084e00000, 0x0000000084f00000, 0x0000000084f00000|100%| O|  |TAMS 0x0000000084f00000, 0x0000000084e00000| Untracked 
|  79|0x0000000084f00000, 0x0000000085000000, 0x0000000085000000|100%| O|  |TAMS 0x0000000085000000, 0x0000000084f00000| Untracked 
|  80|0x0000000085000000, 0x0000000085100000, 0x0000000085100000|100%| O|  |TAMS 0x0000000085100000, 0x0000000085000000| Untracked 
|  81|0x0000000085100000, 0x0000000085200000, 0x0000000085200000|100%| O|  |TAMS 0x0000000085200000, 0x0000000085100000| Complete 
|  82|0x0000000085200000, 0x0000000085300000, 0x0000000085300000|100%| O|  |TAMS 0x0000000085300000, 0x0000000085200000| Complete 
|  83|0x0000000085300000, 0x0000000085400000, 0x0000000085400000|100%| O|  |TAMS 0x0000000085400000, 0x0000000085300000| Untracked 
|  84|0x0000000085400000, 0x0000000085500000, 0x0000000085500000|100%| O|  |TAMS 0x0000000085500000, 0x0000000085400000| Untracked 
|  85|0x0000000085500000, 0x0000000085600000, 0x0000000085600000|100%| O|  |TAMS 0x0000000085600000, 0x0000000085500000| Untracked 
|  86|0x0000000085600000, 0x0000000085700000, 0x0000000085700000|100%| O|  |TAMS 0x0000000085700000, 0x0000000085600000| Untracked 
|  87|0x0000000085700000, 0x0000000085800000, 0x0000000085800000|100%| O|  |TAMS 0x0000000085800000, 0x0000000085700000| Untracked 
|  88|0x0000000085800000, 0x0000000085900000, 0x0000000085900000|100%| O|  |TAMS 0x0000000085900000, 0x0000000085800000| Complete 
|  89|0x0000000085900000, 0x0000000085a00000, 0x0000000085a00000|100%| O|  |TAMS 0x0000000085a00000, 0x0000000085900000| Complete 
|  90|0x0000000085a00000, 0x0000000085b00000, 0x0000000085b00000|100%| O|  |TAMS 0x0000000085b00000, 0x0000000085a00000| Untracked 
|  91|0x0000000085b00000, 0x0000000085c00000, 0x0000000085c00000|100%| O|  |TAMS 0x0000000085c00000, 0x0000000085b00000| Untracked 
|  92|0x0000000085c00000, 0x0000000085d00000, 0x0000000085d00000|100%| O|  |TAMS 0x0000000085d00000, 0x0000000085c00000| Complete 
|  93|0x0000000085d00000, 0x0000000085e00000, 0x0000000085e00000|100%| O|  |TAMS 0x0000000085e00000, 0x0000000085d00000| Complete 
|  94|0x0000000085e00000, 0x0000000085f00000, 0x0000000085f00000|100%|HS|  |TAMS 0x0000000085f00000, 0x0000000085e00000| Complete 
|  95|0x0000000085f00000, 0x0000000086000000, 0x0000000086000000|100%| O|  |TAMS 0x0000000086000000, 0x0000000085f00000| Untracked 
|  96|0x0000000086000000, 0x0000000086100000, 0x0000000086100000|100%| O|  |TAMS 0x0000000086100000, 0x0000000086000000| Untracked 
|  97|0x0000000086100000, 0x0000000086200000, 0x0000000086200000|100%| O|  |TAMS 0x0000000086200000, 0x0000000086100000| Untracked 
|  98|0x0000000086200000, 0x0000000086300000, 0x0000000086300000|100%| O|  |TAMS 0x0000000086300000, 0x0000000086200000| Untracked 
|  99|0x0000000086300000, 0x0000000086400000, 0x0000000086400000|100%| O|  |TAMS 0x0000000086400000, 0x0000000086300000| Untracked 
| 100|0x0000000086400000, 0x0000000086500000, 0x0000000086500000|100%| O|  |TAMS 0x0000000086500000, 0x0000000086400000| Untracked 
| 101|0x0000000086500000, 0x0000000086600000, 0x0000000086600000|100%| O|  |TAMS 0x0000000086600000, 0x0000000086500000| Untracked 
| 102|0x0000000086600000, 0x0000000086700000, 0x0000000086700000|100%| O|  |TAMS 0x0000000086700000, 0x0000000086600000| Untracked 
| 103|0x0000000086700000, 0x0000000086800000, 0x0000000086800000|100%| O|  |TAMS 0x0000000086800000, 0x0000000086700000| Complete 
| 104|0x0000000086800000, 0x0000000086900000, 0x0000000086900000|100%| O|  |TAMS 0x0000000086900000, 0x0000000086800000| Untracked 
| 105|0x0000000086900000, 0x0000000086a00000, 0x0000000086a00000|100%| O|  |TAMS 0x0000000086a00000, 0x0000000086900000| Complete 
| 106|0x0000000086a00000, 0x0000000086b00000, 0x0000000086b00000|100%| O|  |TAMS 0x0000000086b00000, 0x0000000086a00000| Complete 
| 107|0x0000000086b00000, 0x0000000086c00000, 0x0000000086c00000|100%| O|  |TAMS 0x0000000086c00000, 0x0000000086b00000| Complete 
| 108|0x0000000086c00000, 0x0000000086d00000, 0x0000000086d00000|100%| O|  |TAMS 0x0000000086d00000, 0x0000000086c00000| Complete 
| 109|0x0000000086d00000, 0x0000000086e00000, 0x0000000086e00000|100%| O|  |TAMS 0x0000000086e00000, 0x0000000086d00000| Untracked 
| 110|0x0000000086e00000, 0x0000000086f00000, 0x0000000086f00000|100%| O|  |TAMS 0x0000000086f00000, 0x0000000086e00000| Untracked 
| 111|0x0000000086f00000, 0x0000000087000000, 0x0000000087000000|100%| O|  |TAMS 0x0000000087000000, 0x0000000086f00000| Untracked 
| 112|0x0000000087000000, 0x0000000087100000, 0x0000000087100000|100%| O|  |TAMS 0x0000000087100000, 0x0000000087000000| Untracked 
| 113|0x0000000087100000, 0x0000000087200000, 0x0000000087200000|100%| O|  |TAMS 0x0000000087200000, 0x0000000087100000| Untracked 
| 114|0x0000000087200000, 0x0000000087300000, 0x0000000087300000|100%| O|  |TAMS 0x0000000087300000, 0x0000000087200000| Untracked 
| 115|0x0000000087300000, 0x0000000087400000, 0x0000000087400000|100%| O|  |TAMS 0x0000000087400000, 0x0000000087300000| Untracked 
| 116|0x0000000087400000, 0x0000000087500000, 0x0000000087500000|100%| O|  |TAMS 0x0000000087500000, 0x0000000087400000| Untracked 
| 117|0x0000000087500000, 0x0000000087600000, 0x0000000087600000|100%| O|  |TAMS 0x0000000087600000, 0x0000000087500000| Untracked 
| 118|0x0000000087600000, 0x0000000087700000, 0x0000000087700000|100%| O|  |TAMS 0x0000000087700000, 0x0000000087600000| Untracked 
| 119|0x0000000087700000, 0x0000000087800000, 0x0000000087800000|100%| O|  |TAMS 0x0000000087800000, 0x0000000087700000| Untracked 
| 120|0x0000000087800000, 0x0000000087900000, 0x0000000087900000|100%| O|  |TAMS 0x0000000087900000, 0x0000000087800000| Untracked 
| 121|0x0000000087900000, 0x0000000087a00000, 0x0000000087a00000|100%| O|  |TAMS 0x0000000087a00000, 0x0000000087900000| Complete 
| 122|0x0000000087a00000, 0x0000000087b00000, 0x0000000087b00000|100%| O|  |TAMS 0x0000000087b00000, 0x0000000087a00000| Complete 
| 123|0x0000000087b00000, 0x0000000087c00000, 0x0000000087c00000|100%| O|  |TAMS 0x0000000087c00000, 0x0000000087b00000| Complete 
| 124|0x0000000087c00000, 0x0000000087d00000, 0x0000000087d00000|100%| O|  |TAMS 0x0000000087d00000, 0x0000000087c00000| Untracked 
| 125|0x0000000087d00000, 0x0000000087e00000, 0x0000000087e00000|100%| O|  |TAMS 0x0000000087e00000, 0x0000000087d00000| Untracked 
| 126|0x0000000087e00000, 0x0000000087f00000, 0x0000000087f00000|100%| O|  |TAMS 0x0000000087f00000, 0x0000000087e00000| Untracked 
| 127|0x0000000087f00000, 0x0000000088000000, 0x0000000088000000|100%| O|  |TAMS 0x0000000088000000, 0x0000000087f00000| Complete 
| 128|0x0000000088000000, 0x0000000088100000, 0x0000000088100000|100%| O|  |TAMS 0x0000000088100000, 0x0000000088000000| Complete 
| 129|0x0000000088100000, 0x0000000088200000, 0x0000000088200000|100%| O|  |TAMS 0x0000000088200000, 0x0000000088100000| Untracked 
| 130|0x0000000088200000, 0x0000000088300000, 0x0000000088300000|100%| O|  |TAMS 0x0000000088300000, 0x0000000088200000| Untracked 
| 131|0x0000000088300000, 0x0000000088400000, 0x0000000088400000|100%| O|  |TAMS 0x0000000088400000, 0x0000000088300000| Untracked 
| 132|0x0000000088400000, 0x0000000088500000, 0x0000000088500000|100%| O|  |TAMS 0x0000000088500000, 0x0000000088400000| Untracked 
| 133|0x0000000088500000, 0x0000000088600000, 0x0000000088600000|100%| O|  |TAMS 0x0000000088600000, 0x0000000088500000| Complete 
| 134|0x0000000088600000, 0x0000000088700000, 0x0000000088700000|100%| O|  |TAMS 0x0000000088700000, 0x0000000088600000| Complete 
| 135|0x0000000088700000, 0x0000000088800000, 0x0000000088800000|100%| O|  |TAMS 0x0000000088800000, 0x0000000088700000| Untracked 
| 136|0x0000000088800000, 0x0000000088900000, 0x0000000088900000|100%| O|  |TAMS 0x0000000088900000, 0x0000000088800000| Untracked 
| 137|0x0000000088900000, 0x0000000088a00000, 0x0000000088a00000|100%| O|  |TAMS 0x0000000088a00000, 0x0000000088900000| Untracked 
| 138|0x0000000088a00000, 0x0000000088b00000, 0x0000000088b00000|100%| O|  |TAMS 0x0000000088b00000, 0x0000000088a00000| Untracked 
| 139|0x0000000088b00000, 0x0000000088c00000, 0x0000000088c00000|100%| O|  |TAMS 0x0000000088c00000, 0x0000000088b00000| Untracked 
| 140|0x0000000088c00000, 0x0000000088d00000, 0x0000000088d00000|100%| O|  |TAMS 0x0000000088d00000, 0x0000000088c00000| Untracked 
| 141|0x0000000088d00000, 0x0000000088e00000, 0x0000000088e00000|100%| O|  |TAMS 0x0000000088e00000, 0x0000000088d00000| Untracked 
| 142|0x0000000088e00000, 0x0000000088f00000, 0x0000000088f00000|100%| O|  |TAMS 0x0000000088f00000, 0x0000000088e00000| Complete 
| 143|0x0000000088f00000, 0x0000000089000000, 0x0000000089000000|100%| O|  |TAMS 0x0000000089000000, 0x0000000088f00000| Untracked 
| 144|0x0000000089000000, 0x0000000089100000, 0x0000000089100000|100%| O|  |TAMS 0x0000000089100000, 0x0000000089000000| Untracked 
| 145|0x0000000089100000, 0x0000000089200000, 0x0000000089200000|100%| O|  |TAMS 0x0000000089200000, 0x0000000089100000| Untracked 
| 146|0x0000000089200000, 0x0000000089300000, 0x0000000089300000|100%| O|  |TAMS 0x0000000089300000, 0x0000000089200000| Complete 
| 147|0x0000000089300000, 0x0000000089400000, 0x0000000089400000|100%| O|  |TAMS 0x0000000089400000, 0x0000000089300000| Complete 
| 148|0x0000000089400000, 0x0000000089500000, 0x0000000089500000|100%| O|  |TAMS 0x0000000089500000, 0x0000000089400000| Untracked 
| 149|0x0000000089500000, 0x0000000089600000, 0x0000000089600000|100%| O|  |TAMS 0x0000000089600000, 0x0000000089500000| Untracked 
| 150|0x0000000089600000, 0x0000000089700000, 0x0000000089700000|100%| O|  |TAMS 0x0000000089700000, 0x0000000089600000| Untracked 
| 151|0x0000000089700000, 0x0000000089800000, 0x0000000089800000|100%| O|  |TAMS 0x0000000089800000, 0x0000000089700000| Untracked 
| 152|0x0000000089800000, 0x0000000089900000, 0x0000000089900000|100%| O|  |TAMS 0x0000000089900000, 0x0000000089800000| Untracked 
| 153|0x0000000089900000, 0x0000000089a00000, 0x0000000089a00000|100%| O|  |TAMS 0x0000000089a00000, 0x0000000089900000| Untracked 
| 154|0x0000000089a00000, 0x0000000089b00000, 0x0000000089b00000|100%| O|  |TAMS 0x0000000089b00000, 0x0000000089a00000| Untracked 
| 155|0x0000000089b00000, 0x0000000089c00000, 0x0000000089c00000|100%| O|  |TAMS 0x0000000089c00000, 0x0000000089b00000| Complete 
| 156|0x0000000089c00000, 0x0000000089d00000, 0x0000000089d00000|100%| O|  |TAMS 0x0000000089d00000, 0x0000000089c00000| Complete 
| 157|0x0000000089d00000, 0x0000000089e00000, 0x0000000089e00000|100%| O|  |TAMS 0x0000000089d4cc00, 0x0000000089d00000| Complete 
| 158|0x0000000089e00000, 0x0000000089f00000, 0x0000000089f00000|100%| O|  |TAMS 0x0000000089e00000, 0x0000000089e00000| Untracked 
| 159|0x0000000089f00000, 0x000000008a000000, 0x000000008a000000|100%| O|  |TAMS 0x0000000089f00000, 0x0000000089f00000| Untracked 
| 160|0x000000008a000000, 0x000000008a100000, 0x000000008a100000|100%| O|  |TAMS 0x000000008a000000, 0x000000008a000000| Untracked 
| 161|0x000000008a100000, 0x000000008a200000, 0x000000008a200000|100%| O|  |TAMS 0x000000008a100000, 0x000000008a100000| Untracked 
| 162|0x000000008a200000, 0x000000008a300000, 0x000000008a300000|100%| O|  |TAMS 0x000000008a200000, 0x000000008a200000| Untracked 
| 163|0x000000008a300000, 0x000000008a400000, 0x000000008a400000|100%| O|  |TAMS 0x000000008a300000, 0x000000008a300000| Untracked 
| 164|0x000000008a400000, 0x000000008a500000, 0x000000008a500000|100%| O|  |TAMS 0x000000008a400000, 0x000000008a400000| Untracked 
| 165|0x000000008a500000, 0x000000008a600000, 0x000000008a600000|100%| O|  |TAMS 0x000000008a500000, 0x000000008a500000| Untracked 
| 166|0x000000008a600000, 0x000000008a700000, 0x000000008a700000|100%| O|  |TAMS 0x000000008a600000, 0x000000008a600000| Untracked 
| 167|0x000000008a700000, 0x000000008a800000, 0x000000008a800000|100%| O|  |TAMS 0x000000008a700000, 0x000000008a700000| Untracked 
| 168|0x000000008a800000, 0x000000008a900000, 0x000000008a900000|100%| O|  |TAMS 0x000000008a800000, 0x000000008a800000| Untracked 
| 169|0x000000008a900000, 0x000000008aa00000, 0x000000008aa00000|100%| O|  |TAMS 0x000000008a900000, 0x000000008a900000| Untracked 
| 170|0x000000008aa00000, 0x000000008ab00000, 0x000000008ab00000|100%| O|  |TAMS 0x000000008aa00000, 0x000000008aa00000| Untracked 
| 171|0x000000008ab00000, 0x000000008ac00000, 0x000000008ac00000|100%| O|  |TAMS 0x000000008ab00000, 0x000000008ab00000| Untracked 
| 172|0x000000008ac00000, 0x000000008ad00000, 0x000000008ad00000|100%| O|  |TAMS 0x000000008ac00000, 0x000000008ac00000| Untracked 
| 173|0x000000008ad00000, 0x000000008ae00000, 0x000000008ae00000|100%| O|  |TAMS 0x000000008ad00000, 0x000000008ad00000| Untracked 
| 174|0x000000008ae00000, 0x000000008af00000, 0x000000008af00000|100%| O|  |TAMS 0x000000008ae00000, 0x000000008ae00000| Untracked 
| 175|0x000000008af00000, 0x000000008af00000, 0x000000008b000000|  0%| F|  |TAMS 0x000000008af00000, 0x000000008af00000| Untracked 
| 176|0x000000008b000000, 0x000000008b000000, 0x000000008b100000|  0%| F|  |TAMS 0x000000008b000000, 0x000000008b000000| Untracked 
| 177|0x000000008b100000, 0x000000008b100000, 0x000000008b200000|  0%| F|  |TAMS 0x000000008b100000, 0x000000008b100000| Untracked 
| 178|0x000000008b200000, 0x000000008b200000, 0x000000008b300000|  0%| F|  |TAMS 0x000000008b200000, 0x000000008b200000| Untracked 
| 179|0x000000008b300000, 0x000000008b300000, 0x000000008b400000|  0%| F|  |TAMS 0x000000008b300000, 0x000000008b300000| Untracked 
| 180|0x000000008b400000, 0x000000008b400000, 0x000000008b500000|  0%| F|  |TAMS 0x000000008b400000, 0x000000008b400000| Untracked 
| 181|0x000000008b500000, 0x000000008b500000, 0x000000008b600000|  0%| F|  |TAMS 0x000000008b500000, 0x000000008b500000| Untracked 
| 182|0x000000008b600000, 0x000000008b600000, 0x000000008b700000|  0%| F|  |TAMS 0x000000008b600000, 0x000000008b600000| Untracked 
| 183|0x000000008b700000, 0x000000008b700000, 0x000000008b800000|  0%| F|  |TAMS 0x000000008b700000, 0x000000008b700000| Untracked 
| 184|0x000000008b800000, 0x000000008b800000, 0x000000008b900000|  0%| F|  |TAMS 0x000000008b800000, 0x000000008b800000| Untracked 
| 185|0x000000008b900000, 0x000000008b900000, 0x000000008ba00000|  0%| F|  |TAMS 0x000000008b900000, 0x000000008b900000| Untracked 
| 186|0x000000008ba00000, 0x000000008ba00000, 0x000000008bb00000|  0%| F|  |TAMS 0x000000008ba00000, 0x000000008ba00000| Untracked 
| 187|0x000000008bb00000, 0x000000008bb00000, 0x000000008bc00000|  0%| F|  |TAMS 0x000000008bb00000, 0x000000008bb00000| Untracked 
| 188|0x000000008bc00000, 0x000000008bc00000, 0x000000008bd00000|  0%| F|  |TAMS 0x000000008bc00000, 0x000000008bc00000| Untracked 
| 189|0x000000008bd00000, 0x000000008bd00000, 0x000000008be00000|  0%| F|  |TAMS 0x000000008bd00000, 0x000000008bd00000| Untracked 
| 190|0x000000008be00000, 0x000000008be00000, 0x000000008bf00000|  0%| F|  |TAMS 0x000000008be00000, 0x000000008be00000| Untracked 
| 191|0x000000008bf00000, 0x000000008bf00000, 0x000000008c000000|  0%| F|  |TAMS 0x000000008bf00000, 0x000000008bf00000| Untracked 
| 192|0x000000008c000000, 0x000000008c000000, 0x000000008c100000|  0%| F|  |TAMS 0x000000008c000000, 0x000000008c000000| Untracked 
| 193|0x000000008c100000, 0x000000008c100000, 0x000000008c200000|  0%| F|  |TAMS 0x000000008c100000, 0x000000008c100000| Untracked 
| 194|0x000000008c200000, 0x000000008c200000, 0x000000008c300000|  0%| F|  |TAMS 0x000000008c200000, 0x000000008c200000| Untracked 
| 195|0x000000008c300000, 0x000000008c300000, 0x000000008c400000|  0%| F|  |TAMS 0x000000008c300000, 0x000000008c300000| Untracked 
| 196|0x000000008c400000, 0x000000008c400000, 0x000000008c500000|  0%| F|  |TAMS 0x000000008c400000, 0x000000008c400000| Untracked 
| 197|0x000000008c500000, 0x000000008c500000, 0x000000008c600000|  0%| F|  |TAMS 0x000000008c500000, 0x000000008c500000| Untracked 
| 198|0x000000008c600000, 0x000000008c600000, 0x000000008c700000|  0%| F|  |TAMS 0x000000008c600000, 0x000000008c600000| Untracked 
| 199|0x000000008c700000, 0x000000008c700000, 0x000000008c800000|  0%| F|  |TAMS 0x000000008c700000, 0x000000008c700000| Untracked 
| 200|0x000000008c800000, 0x000000008c800000, 0x000000008c900000|  0%| F|  |TAMS 0x000000008c800000, 0x000000008c800000| Untracked 
| 201|0x000000008c900000, 0x000000008c900000, 0x000000008ca00000|  0%| F|  |TAMS 0x000000008c900000, 0x000000008c900000| Untracked 
| 202|0x000000008ca00000, 0x000000008ca00000, 0x000000008cb00000|  0%| F|  |TAMS 0x000000008ca00000, 0x000000008ca00000| Untracked 
| 203|0x000000008cb00000, 0x000000008cb00000, 0x000000008cc00000|  0%| F|  |TAMS 0x000000008cb00000, 0x000000008cb00000| Untracked 
| 204|0x000000008cc00000, 0x000000008cc00000, 0x000000008cd00000|  0%| F|  |TAMS 0x000000008cc00000, 0x000000008cc00000| Untracked 
| 205|0x000000008cd00000, 0x000000008ce00000, 0x000000008ce00000|100%| S|CS|TAMS 0x000000008cd00000, 0x000000008cd00000| Complete 
| 206|0x000000008ce00000, 0x000000008cf00000, 0x000000008cf00000|100%| S|CS|TAMS 0x000000008ce00000, 0x000000008ce00000| Complete 
| 207|0x000000008cf00000, 0x000000008cf00000, 0x000000008d000000|  0%| F|  |TAMS 0x000000008cf00000, 0x000000008cf00000| Untracked 
| 208|0x000000008d000000, 0x000000008d000000, 0x000000008d100000|  0%| F|  |TAMS 0x000000008d000000, 0x000000008d000000| Untracked 
| 209|0x000000008d100000, 0x000000008d100000, 0x000000008d200000|  0%| F|  |TAMS 0x000000008d100000, 0x000000008d100000| Untracked 
| 210|0x000000008d200000, 0x000000008d200000, 0x000000008d300000|  0%| F|  |TAMS 0x000000008d200000, 0x000000008d200000| Untracked 
| 211|0x000000008d300000, 0x000000008d300000, 0x000000008d400000|  0%| F|  |TAMS 0x000000008d300000, 0x000000008d300000| Untracked 
| 212|0x000000008d400000, 0x000000008d400000, 0x000000008d500000|  0%| F|  |TAMS 0x000000008d400000, 0x000000008d400000| Untracked 
| 213|0x000000008d500000, 0x000000008d500000, 0x000000008d600000|  0%| F|  |TAMS 0x000000008d500000, 0x000000008d500000| Untracked 
| 214|0x000000008d600000, 0x000000008d600000, 0x000000008d700000|  0%| F|  |TAMS 0x000000008d600000, 0x000000008d600000| Untracked 
| 215|0x000000008d700000, 0x000000008d700000, 0x000000008d800000|  0%| F|  |TAMS 0x000000008d700000, 0x000000008d700000| Untracked 
| 216|0x000000008d800000, 0x000000008d800000, 0x000000008d900000|  0%| F|  |TAMS 0x000000008d800000, 0x000000008d800000| Untracked 
| 217|0x000000008d900000, 0x000000008d900000, 0x000000008da00000|  0%| F|  |TAMS 0x000000008d900000, 0x000000008d900000| Untracked 
| 218|0x000000008da00000, 0x000000008da00000, 0x000000008db00000|  0%| F|  |TAMS 0x000000008da00000, 0x000000008da00000| Untracked 
| 219|0x000000008db00000, 0x000000008db00000, 0x000000008dc00000|  0%| F|  |TAMS 0x000000008db00000, 0x000000008db00000| Untracked 

Card table byte_map: [0x00000268bbe90000,0x00000268bc290000] _byte_map_base: 0x00000268bba90000

Marking Bits (Prev, Next): (CMBitMap*) 0x00000268a8caf668, (CMBitMap*) 0x00000268a8caf6a0
 Prev Bits: [0x00000268bc690000, 0x00000268be690000)
 Next Bits: [0x00000268be690000, 0x00000268c0690000)

Polling page: 0x00000268a6c20000

Metaspace:

Usage:
  Non-class:     85.09 MB capacity,    83.67 MB ( 98%) used,     1.15 MB (  1%) free+waste,   279.19 KB ( <1%) overhead. 
      Class:     13.22 MB capacity,    12.30 MB ( 93%) used,   817.96 KB (  6%) free+waste,   126.69 KB ( <1%) overhead. 
       Both:     98.31 MB capacity,    95.97 MB ( 98%) used,     1.94 MB (  2%) free+waste,   405.88 KB ( <1%) overhead. 

Virtual space:
  Non-class space:       86.00 MB reserved,      85.20 MB (>99%) committed 
      Class space:        1.00 GB reserved,      13.25 MB (  1%) committed 
             Both:        1.08 GB reserved,      98.45 MB (  9%) committed 

Chunk freelists:
   Non-Class:  112.00 KB
       Class:  28.00 KB
        Both:  140.00 KB

MaxMetaspaceSize: 17179869184.00 GB
CompressedClassSpaceSize: 1.00 GB

CodeHeap 'non-profiled nmethods': size=120000Kb used=4642Kb max_used=4642Kb free=115357Kb
 bounds [0x00000268b4230000, 0x00000268b46c0000, 0x00000268bb760000]
CodeHeap 'profiled nmethods': size=120000Kb used=22524Kb max_used=22524Kb free=97475Kb
 bounds [0x00000268acd00000, 0x00000268ae300000, 0x00000268b4230000]
CodeHeap 'non-nmethods': size=5760Kb used=2303Kb max_used=2341Kb free=3456Kb
 bounds [0x00000268ac760000, 0x00000268ac9d0000, 0x00000268acd00000]
 total_blobs=12535 nmethods=11625 adapters=821
 compilation: enabled
              stopped_count=0, restarted_count=0
 full_count=0

Compilation events (20 events):
Event: 26.579 Thread 0x00000268c3a71000 nmethod 12082 0x00000268ae2fc390 code [0x00000268ae2fc560, 0x00000268ae2fc7c8]
Event: 26.579 Thread 0x00000268c3a6d800 nmethod 12009 0x00000268b46b7f90 code [0x00000268b46b8120, 0x00000268b46b8438]
Event: 26.579 Thread 0x00000268c3a6d800 11995       4       com.android.tools.r8.graph.c0::a (89 bytes)
Event: 26.581 Thread 0x00000268c3a71000 12083       2       com.android.tools.r8.internal.Br::a (18 bytes)
Event: 26.582 Thread 0x00000268c3a71000 nmethod 12083 0x00000268ae2fc910 code [0x00000268ae2fcac0, 0x00000268ae2fcc08]
Event: 26.582 Thread 0x00000268c3a71000 12084       2       com.android.tools.r8.internal.Is$$Lambda$1367/0x0000000100ba7c40::accept (20 bytes)
Event: 26.582 Thread 0x00000268c3a71000 nmethod 12084 0x00000268ae2fcc90 code [0x00000268ae2fce40, 0x00000268ae2fcfa8]
Event: 26.582 Thread 0x00000268c3a71000 12086       2       com.android.tools.r8.internal.Z4::a (161 bytes)
Event: 26.583 Thread 0x00000268c3a71000 nmethod 12086 0x00000268ae2fd090 code [0x00000268ae2fd2c0, 0x00000268ae2fdbe8]
Event: 26.583 Thread 0x00000268c3a71000 12087       2       com.android.tools.r8.graph.G0::b (61 bytes)
Event: 26.584 Thread 0x00000268c3a71000 nmethod 12087 0x00000268ae2fdd90 code [0x00000268ae2fdf80, 0x00000268ae2fe5b8]
Event: 26.584 Thread 0x00000268c3a71000 12085       2       com.android.tools.r8.internal.Is::a (80 bytes)
Event: 26.584 Thread 0x00000268c3a71000 nmethod 12085 0x00000268ae2fe710 code [0x00000268ae2fe920, 0x00000268ae2fec78]
Event: 26.589 Thread 0x00000268c3a71000 12090       2       com.android.tools.r8.graph.H0::a (64 bytes)
Event: 26.589 Thread 0x00000268c3a71000 nmethod 12090 0x00000268ae2fee90 code [0x00000268ae2ff040, 0x00000268ae2ff1d8]
Event: 26.589 Thread 0x00000268c3a71000 12094       1       com.android.tools.r8.graph.B::D (5 bytes)
Event: 26.589 Thread 0x00000268c3a71000 nmethod 12094 0x00000268b46b8590 code [0x00000268b46b8740, 0x00000268b46b87f8]
Event: 26.589 Thread 0x00000268c3a71000 12092       1       com.android.tools.r8.graph.B::g (5 bytes)
Event: 26.597 Thread 0x00000268c3a71000 nmethod 12092 0x00000268b46b8890 code [0x00000268b46b8a40, 0x00000268b46b8af8]
Event: 26.597 Thread 0x00000268c3a71000 12098 %     3       com.android.tools.r8.internal.U6::a @ 5588 (6044 bytes)

GC Heap History (20 events):
Event: 20.580 GC heap after
{Heap after GC invocations=24 (full 0):
 garbage-first heap   total 225280K, used 93498K [0x0000000080000000, 0x0000000100000000)
  region size 1024K, 9 young (9216K), 9 survivors (9216K)
 Metaspace       used 87795K, capacity 90046K, committed 90188K, reserved 1128448K
  class space    used 11247K, capacity 12097K, committed 12160K, reserved 1048576K
}
Event: 22.976 GC heap before
{Heap before GC invocations=24 (full 0):
 garbage-first heap   total 225280K, used 174394K [0x0000000080000000, 0x0000000100000000)
  region size 1024K, 89 young (91136K), 9 survivors (9216K)
 Metaspace       used 88802K, capacity 91129K, committed 91340K, reserved 1128448K
  class space    used 11352K, capacity 12197K, committed 12288K, reserved 1048576K
}
Event: 23.010 GC heap after
{Heap after GC invocations=25 (full 0):
 garbage-first heap   total 225280K, used 98170K [0x0000000080000000, 0x0000000100000000)
  region size 1024K, 7 young (7168K), 7 survivors (7168K)
 Metaspace       used 88802K, capacity 91129K, committed 91340K, reserved 1128448K
  class space    used 11352K, capacity 12197K, committed 12288K, reserved 1048576K
}
Event: 23.977 GC heap before
{Heap before GC invocations=25 (full 0):
 garbage-first heap   total 225280K, used 178042K [0x0000000080000000, 0x0000000100000000)
  region size 1024K, 86 young (88064K), 7 survivors (7168K)
 Metaspace       used 90754K, capacity 93082K, committed 93388K, reserved 1130496K
  class space    used 11621K, capacity 12485K, committed 12544K, reserved 1048576K
}
Event: 23.996 GC heap after
{Heap after GC invocations=26 (full 0):
 garbage-first heap   total 225280K, used 100878K [0x0000000080000000, 0x0000000100000000)
  region size 1024K, 5 young (5120K), 5 survivors (5120K)
 Metaspace       used 90754K, capacity 93082K, committed 93388K, reserved 1130496K
  class space    used 11621K, capacity 12485K, committed 12544K, reserved 1048576K
}
Event: 24.675 GC heap before
{Heap before GC invocations=26 (full 0):
 garbage-first heap   total 225280K, used 181774K [0x0000000080000000, 0x0000000100000000)
  region size 1024K, 85 young (87040K), 5 survivors (5120K)
 Metaspace       used 93150K, capacity 95520K, committed 95820K, reserved 1132544K
  class space    used 11909K, capacity 12804K, committed 12928K, reserved 1048576K
}
Event: 24.695 GC heap after
{Heap after GC invocations=27 (full 0):
 garbage-first heap   total 225280K, used 117157K [0x0000000080000000, 0x0000000100000000)
  region size 1024K, 11 young (11264K), 11 survivors (11264K)
 Metaspace       used 93150K, capacity 95520K, committed 95820K, reserved 1132544K
  class space    used 11909K, capacity 12804K, committed 12928K, reserved 1048576K
}
Event: 25.003 GC heap before
{Heap before GC invocations=27 (full 0):
 garbage-first heap   total 225280K, used 177573K [0x0000000080000000, 0x0000000100000000)
  region size 1024K, 71 young (72704K), 11 survivors (11264K)
 Metaspace       used 94682K, capacity 97151K, committed 97228K, reserved 1134592K
  class space    used 12136K, capacity 13054K, committed 13056K, reserved 1048576K
}
Event: 25.035 GC heap after
{Heap after GC invocations=28 (full 0):
 garbage-first heap   total 225280K, used 134329K [0x0000000080000000, 0x0000000100000000)
  region size 1024K, 9 young (9216K), 9 survivors (9216K)
 Metaspace       used 94682K, capacity 97151K, committed 97228K, reserved 1134592K
  class space    used 12136K, capacity 13054K, committed 13056K, reserved 1048576K
}
Event: 25.783 GC heap before
{Heap before GC invocations=28 (full 0):
 garbage-first heap   total 225280K, used 176313K [0x0000000080000000, 0x0000000100000000)
  region size 1024K, 50 young (51200K), 9 survivors (9216K)
 Metaspace       used 95567K, capacity 97922K, committed 98508K, reserved 1134592K
  class space    used 12223K, capacity 13125K, committed 13312K, reserved 1048576K
}
Event: 25.797 GC heap after
{Heap after GC invocations=29 (full 0):
 garbage-first heap   total 225280K, used 145159K [0x0000000080000000, 0x0000000100000000)
  region size 1024K, 7 young (7168K), 7 survivors (7168K)
 Metaspace       used 95567K, capacity 97922K, committed 98508K, reserved 1134592K
  class space    used 12223K, capacity 13125K, committed 13312K, reserved 1048576K
}
Event: 26.012 GC heap before
{Heap before GC invocations=30 (full 0):
 garbage-first heap   total 225280K, used 177927K [0x0000000080000000, 0x0000000100000000)
  region size 1024K, 40 young (40960K), 7 survivors (7168K)
 Metaspace       used 96469K, capacity 98880K, committed 99404K, reserved 1134592K
  class space    used 12365K, capacity 13272K, committed 13440K, reserved 1048576K
}
Event: 26.023 GC heap after
{Heap after GC invocations=31 (full 0):
 garbage-first heap   total 225280K, used 156568K [0x0000000080000000, 0x0000000100000000)
  region size 1024K, 5 young (5120K), 5 survivors (5120K)
 Metaspace       used 96469K, capacity 98880K, committed 99404K, reserved 1134592K
  class space    used 12365K, capacity 13272K, committed 13440K, reserved 1048576K
}
Event: 26.141 GC heap before
{Heap before GC invocations=31 (full 0):
 garbage-first heap   total 225280K, used 183192K [0x0000000080000000, 0x0000000100000000)
  region size 1024K, 31 young (31744K), 5 survivors (5120K)
 Metaspace       used 97054K, capacity 99432K, committed 99660K, reserved 1136640K
  class space    used 12443K, capacity 13370K, committed 13440K, reserved 1048576K
}
Event: 26.154 GC heap after
{Heap after GC invocations=32 (full 0):
 garbage-first heap   total 225280K, used 165171K [0x0000000080000000, 0x0000000100000000)
  region size 1024K, 4 young (4096K), 4 survivors (4096K)
 Metaspace       used 97054K, capacity 99432K, committed 99660K, reserved 1136640K
  class space    used 12443K, capacity 13370K, committed 13440K, reserved 1048576K
}
Event: 26.318 GC heap before
{Heap before GC invocations=32 (full 0):
 garbage-first heap   total 225280K, used 184627K [0x0000000080000000, 0x0000000100000000)
  region size 1024K, 24 young (24576K), 4 survivors (4096K)
 Metaspace       used 97728K, capacity 100113K, committed 100556K, reserved 1136640K
  class space    used 12540K, capacity 13469K, committed 13568K, reserved 1048576K
}
Event: 26.328 GC heap after
{Heap after GC invocations=33 (full 0):
 garbage-first heap   total 225280K, used 171967K [0x0000000080000000, 0x0000000100000000)
  region size 1024K, 3 young (3072K), 3 survivors (3072K)
 Metaspace       used 97728K, capacity 100113K, committed 100556K, reserved 1136640K
  class space    used 12540K, capacity 13469K, committed 13568K, reserved 1048576K
}
Event: 26.513 GC heap before
{Heap before GC invocations=33 (full 0):
 garbage-first heap   total 225280K, used 189375K [0x0000000080000000, 0x0000000100000000)
  region size 1024K, 20 young (20480K), 3 survivors (3072K)
 Metaspace       used 97968K, capacity 100312K, committed 100812K, reserved 1136640K
  class space    used 12523K, capacity 13400K, committed 13568K, reserved 1048576K
}
Event: 26.526 GC heap after
{Heap after GC invocations=34 (full 0):
 garbage-first heap   total 225280K, used 177340K [0x0000000080000000, 0x0000000100000000)
  region size 1024K, 3 young (3072K), 3 survivors (3072K)
 Metaspace       used 97968K, capacity 100312K, committed 100812K, reserved 1136640K
  class space    used 12523K, capacity 13400K, committed 13568K, reserved 1048576K
}
Event: 26.618 GC heap before
{Heap before GC invocations=35 (full 0):
 garbage-first heap   total 225280K, used 190652K [0x0000000080000000, 0x0000000100000000)
  region size 1024K, 16 young (16384K), 3 survivors (3072K)
 Metaspace       used 98274K, capacity 100672K, committed 100812K, reserved 1136640K
  class space    used 12595K, capacity 13540K, committed 13568K, reserved 1048576K
}

Deoptimization events (20 events):
Event: 26.404 Thread 0x00000268c8183800 DEOPT PACKING pc=0x00000268ae29f3ea sp=0x000000da964f9270
Event: 26.404 Thread 0x00000268c8183800 DEOPT UNPACKING pc=0x00000268ac7876ce sp=0x000000da964f86e0 mode 0
Event: 26.448 Thread 0x00000268c8185000 DEOPT PACKING pc=0x00000268ae29f3ea sp=0x000000da966f9720
Event: 26.448 Thread 0x00000268c8185000 DEOPT UNPACKING pc=0x00000268ac7876ce sp=0x000000da966f8b90 mode 0
Event: 26.455 Thread 0x00000268c8185000 DEOPT PACKING pc=0x00000268ae29f3ea sp=0x000000da966f9640
Event: 26.455 Thread 0x00000268c8185000 DEOPT UNPACKING pc=0x00000268ac7876ce sp=0x000000da966f8ab0 mode 0
Event: 26.464 Thread 0x00000268c8185000 DEOPT PACKING pc=0x00000268ae29f3ea sp=0x000000da966f8fd0
Event: 26.464 Thread 0x00000268c8185000 DEOPT UNPACKING pc=0x00000268ac7876ce sp=0x000000da966f8440 mode 0
Event: 26.472 Thread 0x00000268c86d4000 DEOPT PACKING pc=0x00000268ae29f3ea sp=0x000000da968f9600
Event: 26.472 Thread 0x00000268c86d4000 DEOPT UNPACKING pc=0x00000268ac7876ce sp=0x000000da968f8a70 mode 0
Event: 26.497 Thread 0x00000268c86d4000 DEOPT PACKING pc=0x00000268ae29f3ea sp=0x000000da968f9470
Event: 26.497 Thread 0x00000268c86d4000 DEOPT UNPACKING pc=0x00000268ac7876ce sp=0x000000da968f88e0 mode 0
Event: 26.506 Thread 0x00000268c8185000 DEOPT PACKING pc=0x00000268ae29f3ea sp=0x000000da966f9720
Event: 26.506 Thread 0x00000268c8185000 DEOPT UNPACKING pc=0x00000268ac7876ce sp=0x000000da966f8b90 mode 0
Event: 26.529 Thread 0x00000268c8185000 DEOPT PACKING pc=0x00000268ae29f3ea sp=0x000000da966f9720
Event: 26.529 Thread 0x00000268c8185000 DEOPT UNPACKING pc=0x00000268ac7876ce sp=0x000000da966f8b90 mode 0
Event: 26.539 Thread 0x00000268c8185000 DEOPT PACKING pc=0x00000268ae29f3ea sp=0x000000da966f96f0
Event: 26.539 Thread 0x00000268c8185000 DEOPT UNPACKING pc=0x00000268ac7876ce sp=0x000000da966f8b60 mode 0
Event: 26.596 Thread 0x00000268c8185000 DEOPT PACKING pc=0x00000268ae2f4204 sp=0x000000da966fa1e0
Event: 26.596 Thread 0x00000268c8185000 DEOPT UNPACKING pc=0x00000268ac7876ce sp=0x000000da966f95e8 mode 0

Classes redefined (0 events):
No events

Internal exceptions (20 events):
Event: 24.599 Thread 0x00000268c86d4000 Exception <a 'sun/nio/fs/WindowsException'{0x000000008a3b8058}> (0x000000008a3b8058) thrown at [./src/hotspot/share/prims/jni.cpp, line 615]
Event: 24.611 Thread 0x00000268c8186000 Exception <a 'sun/nio/fs/WindowsException'{0x0000000089dfa9d8}> (0x0000000089dfa9d8) thrown at [./src/hotspot/share/prims/jni.cpp, line 615]
Event: 24.760 Thread 0x00000268c8185000 Exception <a 'sun/nio/fs/WindowsException'{0x000000008c9abd60}> (0x000000008c9abd60) thrown at [./src/hotspot/share/prims/jni.cpp, line 615]
Event: 24.860 Thread 0x00000268ca19a800 Exception <a 'java/lang/NoSuchMethodError'{0x000000008be81b40}: 'void java.lang.invoke.DirectMethodHandle$Holder.invokeStatic(java.lang.Object, long)'> (0x000000008be81b40) thrown at [./src/hotspot/share/interpreter/linkResolver.cpp, line 773]
Event: 24.862 Thread 0x00000268ca19a800 Exception <a 'java/lang/NoSuchMethodError'{0x000000008be86d58}: 'java.lang.Object java.lang.invoke.DirectMethodHandle$Holder.invokeStatic(java.lang.Object, long)'> (0x000000008be86d58) thrown at [./src/hotspot/share/interpreter/linkResolver.cpp, line 773]
Event: 24.869 Thread 0x00000268ca19a800 Exception <a 'java/lang/NoSuchMethodError'{0x000000008be950c0}: 'java.lang.Object java.lang.invoke.DirectMethodHandle$Holder.invokeStaticInit(java.lang.Object, java.lang.Object, long, java.lang.Object)'> (0x000000008be950c0) thrown at [./src/hotspot/share/interpreter/linkResolver.cpp, line 773]
Event: 24.869 Thread 0x00000268ca19a800 Exception <a 'java/lang/NoSuchMethodError'{0x000000008be9b258}: 'java.lang.Object java.lang.invoke.DirectMethodHandle$Holder.invokeStatic(java.lang.Object, java.lang.Object, long)'> (0x000000008be9b258) thrown at [./src/hotspot/share/interpreter/linkResolver.cpp, line 773]
Event: 24.871 Thread 0x00000268ca19a800 Exception <a 'java/lang/NoSuchMethodError'{0x000000008bea17d0}: 'java.lang.Object java.lang.invoke.Invokers$Holder.linkToTargetMethod(java.lang.Object, long, java.lang.Object)'> (0x000000008bea17d0) thrown at [./src/hotspot/share/interpreter/linkResolver.cpp, line 773]
Event: 25.040 Thread 0x00000268c8186000 Implicit null exception at 0x00000268b43e4b20 to 0x00000268b43e4d40
Event: 25.041 Thread 0x00000268c8186000 Exception <a 'java/lang/NoSuchMethodError'{0x000000008db11018}: 'java.lang.Object java.lang.invoke.DirectMethodHandle$Holder.invokeStatic(java.lang.Object, java.lang.Object, java.lang.Object, java.lang.Object, java.lang.Object, java.lang.Object, java.lang.Object, java.lang.Object, java.lang.Object, java.lang.Object, java.lang.Object, java.lang.Object, java.lang.Object, java.lang.Object, java.lang.Object, java.lang.Object, java.lang.Object, java.lang.Object, int, java.lang.Object)'> (0x000000008db11018) thr
Event: 25.042 Thread 0x00000268c8186000 Exception <a 'java/lang/NoSuchMethodError'{0x000000008db17310}: 'java.lang.Object java.lang.invoke.DirectMethodHandle$Holder.invokeStaticInit(java.lang.Object, java.lang.Object, java.lang.Object, java.lang.Object, java.lang.Object, java.lang.Object, java.lang.Object, java.lang.Object, java.lang.Object, java.lang.Object, java.lang.Object, java.lang.Object, java.lang.Object, java.lang.Object, java.lang.Object, java.lang.Object, java.lang.Object, java.lang.Object, int, java.lang.Object)'> (0x000000008db17310)
Event: 25.101 Thread 0x00000268c86d4000 Exception <a 'java/lang/IncompatibleClassChangeError'{0x000000008d1d9c18}: Found class java.lang.Object, but interface was expected> (0x000000008d1d9c18) thrown at [./src/hotspot/share/interpreter/linkResolver.cpp, line 839]
Event: 25.928 Thread 0x00000268c8187800 Exception <a 'java/lang/NoSuchMethodError'{0x000000008cb2f160}: 'int java.lang.invoke.DirectMethodHandle$Holder.invokeVirtual(java.lang.Object, java.lang.Object, java.lang.Object, java.lang.Object)'> (0x000000008cb2f160) thrown at [./src/hotspot/share/interpreter/linkResolver.cpp, line 773]
Event: 25.928 Thread 0x00000268c8184000 Exception <a 'java/lang/NoSuchMethodError'{0x000000008cb38120}: 'int java.lang.invoke.DirectMethodHandle$Holder.invokeVirtual(java.lang.Object, java.lang.Object, java.lang.Object, java.lang.Object)'> (0x000000008cb38120) thrown at [./src/hotspot/share/interpreter/linkResolver.cpp, line 773]
Event: 25.991 Thread 0x00000268c8187800 Exception <a 'java/lang/NoSuchMethodError'{0x000000008bf5ff28}: 'void java.lang.invoke.DirectMethodHandle$Holder.invokeStatic(java.lang.Object, java.lang.Object, java.lang.Object, int)'> (0x000000008bf5ff28) thrown at [./src/hotspot/share/interpreter/linkResolver.cpp, line 773]
Event: 25.994 Thread 0x00000268c8187800 Exception <a 'java/lang/IncompatibleClassChangeError'{0x000000008bfc81e0}: Found class java.lang.Object, but interface was expected> (0x000000008bfc81e0) thrown at [./src/hotspot/share/interpreter/linkResolver.cpp, line 839]
Event: 26.287 Thread 0x00000268c8186000 Exception <a 'java/lang/NoSuchMethodError'{0x000000008ccce950}: 'int java.lang.invoke.DirectMethodHandle$Holder.invokeVirtual(java.lang.Object, java.lang.Object, java.lang.Object)'> (0x000000008ccce950) thrown at [./src/hotspot/share/interpreter/linkResolver.cpp, line 773]
Event: 26.534 Thread 0x00000268c8183800 Exception <a 'java/lang/NoSuchMethodError'{0x000000008dbfcf38}: 'java.lang.Object java.lang.invoke.DirectMethodHandle$Holder.invokeStatic(java.lang.Object, int, java.lang.Object, java.lang.Object)'> (0x000000008dbfcf38) thrown at [./src/hotspot/share/interpreter/linkResolver.cpp, line 773]
Event: 26.534 Thread 0x00000268c8186000 Exception <a 'java/lang/NoSuchMethodError'{0x000000008da0e080}: 'java.lang.Object java.lang.invoke.DirectMethodHandle$Holder.invokeStatic(java.lang.Object, int, java.lang.Object, java.lang.Object)'> (0x000000008da0e080) thrown at [./src/hotspot/share/interpreter/linkResolver.cpp, line 773]
Event: 26.535 Thread 0x00000268c86d4000 Exception <a 'java/lang/NoSuchMethodError'{0x000000008dbf5c80}: 'java.lang.Object java.lang.invoke.DirectMethodHandle$Holder.invokeStatic(java.lang.Object, int, java.lang.Object, java.lang.Object)'> (0x000000008dbf5c80) thrown at [./src/hotspot/share/interpreter/linkResolver.cpp, line 773]

Events (20 events):
Event: 26.603 loading class com/android/tools/r8/utils/b0 done
Event: 26.604 loading class com/android/tools/r8/utils/b0
Event: 26.604 loading class com/android/tools/r8/utils/b0 done
Event: 26.604 loading class com/android/tools/r8/utils/b0
Event: 26.604 loading class com/android/tools/r8/utils/b0 done
Event: 26.604 loading class com/android/tools/r8/internal/ed
Event: 26.604 loading class com/android/tools/r8/internal/ed done
Event: 26.605 loading class com/android/tools/r8/internal/x4$a
Event: 26.605 loading class com/android/tools/r8/internal/x4$a done
Event: 26.605 loading class com/android/tools/r8/graph/Z
Event: 26.605 loading class com/android/tools/r8/graph/Z done
Event: 26.605 loading class com/android/tools/r8/ir/conversion/i
Event: 26.605 loading class com/android/tools/r8/ir/conversion/i done
Event: 26.605 loading class com/android/tools/r8/graph/O
Event: 26.605 loading class com/android/tools/r8/graph/O done
Event: 26.606 loading class com/android/tools/r8/internal/xj
Event: 26.606 loading class com/android/tools/r8/internal/xj done
Event: 26.607 loading class com/android/tools/r8/internal/Qr$a
Event: 26.607 loading class com/android/tools/r8/internal/Qr$a done
Event: 26.616 Executing VM operation: G1CollectForAllocation


Dynamic libraries:
0x00007ff674cf0000 - 0x00007ff674cfa000 	C:\Program Files\Android\Android Studio1\jre\bin\java.exe
0x00007ffee6580000 - 0x00007ffee6789000 	C:\WINDOWS\SYSTEM32\ntdll.dll
0x00007ffee5200000 - 0x00007ffee52bd000 	C:\WINDOWS\System32\KERNEL32.DLL
0x00007ffee3c10000 - 0x00007ffee3f84000 	C:\WINDOWS\System32\KERNELBASE.dll
0x00007ffee3a70000 - 0x00007ffee3b81000 	C:\WINDOWS\System32\ucrtbase.dll
0x00007ffed0300000 - 0x00007ffed0317000 	C:\Program Files\Android\Android Studio1\jre\bin\VCRUNTIME140.dll
0x00007ffed02a0000 - 0x00007ffed02b9000 	C:\Program Files\Android\Android Studio1\jre\bin\jli.dll
0x00007ffee4dc0000 - 0x00007ffee4f6c000 	C:\WINDOWS\System32\USER32.dll
0x00007ffee40c0000 - 0x00007ffee40e6000 	C:\WINDOWS\System32\win32u.dll
0x00007ffece2f0000 - 0x00007ffece595000 	C:\WINDOWS\WinSxS\amd64_microsoft.windows.common-controls_6595b64144ccf1df_6.0.22000.120_none_9d947278b86cc467\COMCTL32.dll
0x00007ffee5920000 - 0x00007ffee5949000 	C:\WINDOWS\System32\GDI32.dll
0x00007ffee5950000 - 0x00007ffee59f3000 	C:\WINDOWS\System32\msvcrt.dll
0x00007ffee4190000 - 0x00007ffee42a2000 	C:\WINDOWS\System32\gdi32full.dll
0x00007ffee40f0000 - 0x00007ffee418d000 	C:\WINDOWS\System32\msvcp_win.dll
0x00007ffee4d80000 - 0x00007ffee4db1000 	C:\WINDOWS\System32\IMM32.DLL
0x00007ffeaca90000 - 0x00007ffeacb2d000 	C:\Program Files\Android\Android Studio1\jre\bin\msvcp140.dll
0x00007ffe973a0000 - 0x00007ffe97e6f000 	C:\Program Files\Android\Android Studio1\jre\bin\server\jvm.dll
0x00007ffee4f70000 - 0x00007ffee501e000 	C:\WINDOWS\System32\ADVAPI32.dll
0x00007ffee5160000 - 0x00007ffee51fe000 	C:\WINDOWS\System32\sechost.dll
0x00007ffee5040000 - 0x00007ffee5160000 	C:\WINDOWS\System32\RPCRT4.dll
0x00007ffee5a00000 - 0x00007ffee5a08000 	C:\WINDOWS\System32\PSAPI.DLL
0x00007ffec1120000 - 0x00007ffec1129000 	C:\WINDOWS\SYSTEM32\WSOCK32.dll
0x00007ffed5670000 - 0x00007ffed567a000 	C:\WINDOWS\SYSTEM32\VERSION.dll
0x00007ffee5a10000 - 0x00007ffee5a7f000 	C:\WINDOWS\System32\WS2_32.dll
0x00007ffedc4b0000 - 0x00007ffedc4e3000 	C:\WINDOWS\SYSTEM32\WINMM.dll
0x00007ffee2c60000 - 0x00007ffee2c78000 	C:\WINDOWS\SYSTEM32\kernel.appcore.dll
0x00007ffedc920000 - 0x00007ffedc931000 	C:\Program Files\Android\Android Studio1\jre\bin\verify.dll
0x00007ffee1070000 - 0x00007ffee1291000 	C:\WINDOWS\SYSTEM32\DBGHELP.DLL
0x00007ffec4850000 - 0x00007ffec4881000 	C:\WINDOWS\SYSTEM32\dbgcore.DLL
0x00007ffee3b90000 - 0x00007ffee3c0f000 	C:\WINDOWS\System32\bcryptPrimitives.dll
0x00007ffedc610000 - 0x00007ffedc639000 	C:\Program Files\Android\Android Studio1\jre\bin\java.dll
0x00007ffedd910000 - 0x00007ffedd91b000 	C:\Program Files\Android\Android Studio1\jre\bin\jimage.dll
0x00007ffed2de0000 - 0x00007ffed2df8000 	C:\Program Files\Android\Android Studio1\jre\bin\zip.dll
0x00007ffee5a80000 - 0x00007ffee622e000 	C:\WINDOWS\System32\SHELL32.dll
0x00007ffee1bf0000 - 0x00007ffee2458000 	C:\WINDOWS\SYSTEM32\windows.storage.dll
0x00007ffee4a00000 - 0x00007ffee4d78000 	C:\WINDOWS\System32\combase.dll
0x00007ffee1a80000 - 0x00007ffee1be6000 	C:\WINDOWS\SYSTEM32\wintypes.dll
0x00007ffee6230000 - 0x00007ffee631a000 	C:\WINDOWS\System32\SHCORE.dll
0x00007ffee53f0000 - 0x00007ffee544d000 	C:\WINDOWS\System32\shlwapi.dll
0x00007ffee39a0000 - 0x00007ffee39c1000 	C:\WINDOWS\SYSTEM32\profapi.dll
0x00007ffed0240000 - 0x00007ffed025a000 	C:\Program Files\Android\Android Studio1\jre\bin\net.dll
0x00007ffeddd60000 - 0x00007ffedde6c000 	C:\WINDOWS\SYSTEM32\WINHTTP.dll
0x00007ffee3090000 - 0x00007ffee30f7000 	C:\WINDOWS\system32\mswsock.dll
0x00007ffed00b0000 - 0x00007ffed00c4000 	C:\Program Files\Android\Android Studio1\jre\bin\nio.dll
0x00007ffed0320000 - 0x00007ffed0347000 	C:\Users\ASUS\.gradle\native\8bec1ad78214c89d9ad589b4d07fe93259594b29d510b10fafb7a158f7737e5d\windows-amd64\native-platform.dll
0x00007ffea23e0000 - 0x00007ffea251d000 	C:\Users\ASUS\.gradle\native\53dbd7edfb1c66fb8903c78663c9afc45aea4f116125fa6feffd364cf09443e8\windows-amd64\native-platform-file-events.dll
0x00007ffedc4f0000 - 0x00007ffedc4fa000 	C:\Program Files\Android\Android Studio1\jre\bin\management.dll
0x00007ffed2dd0000 - 0x00007ffed2ddc000 	C:\Program Files\Android\Android Studio1\jre\bin\management_ext.dll
0x00007ffee32d0000 - 0x00007ffee32e8000 	C:\WINDOWS\SYSTEM32\CRYPTSP.dll
0x00007ffee2bc0000 - 0x00007ffee2bf5000 	C:\WINDOWS\system32\rsaenh.dll
0x00007ffee3180000 - 0x00007ffee31a9000 	C:\WINDOWS\SYSTEM32\USERENV.dll
0x00007ffee3450000 - 0x00007ffee3477000 	C:\WINDOWS\SYSTEM32\bcrypt.dll
0x00007ffee32f0000 - 0x00007ffee32fc000 	C:\WINDOWS\SYSTEM32\CRYPTBASE.dll
0x00007ffee2790000 - 0x00007ffee27bd000 	C:\WINDOWS\SYSTEM32\IPHLPAPI.DLL
0x00007ffee52c0000 - 0x00007ffee52c9000 	C:\WINDOWS\System32\NSI.dll
0x00007ffeddf40000 - 0x00007ffeddf59000 	C:\WINDOWS\SYSTEM32\dhcpcsvc6.DLL
0x00007ffede330000 - 0x00007ffede34e000 	C:\WINDOWS\SYSTEM32\dhcpcsvc.DLL
0x00007ffee2800000 - 0x00007ffee28e7000 	C:\WINDOWS\SYSTEM32\DNSAPI.dll

dbghelp: loaded successfully - version: 4.0.5 - missing functions: none
symbol engine: initialized successfully - sym options: 0x614 - pdb path: .;C:\Program Files\Android\Android Studio1\jre\bin;C:\WINDOWS\SYSTEM32;C:\WINDOWS\WinSxS\amd64_microsoft.windows.common-controls_6595b64144ccf1df_6.0.22000.120_none_9d947278b86cc467;C:\Program Files\Android\Android Studio1\jre\bin\server;C:\Users\ASUS\.gradle\native\8bec1ad78214c89d9ad589b4d07fe93259594b29d510b10fafb7a158f7737e5d\windows-amd64;C:\Users\ASUS\.gradle\native\53dbd7edfb1c66fb8903c78663c9afc45aea4f116125fa6feffd364cf09443e8\windows-amd64

VM Arguments:
jvm_args: --add-opens=java.base/java.util=ALL-UNNAMED --add-opens=java.base/java.lang=ALL-UNNAMED --add-opens=java.base/java.lang.invoke=ALL-UNNAMED --add-opens=java.base/java.util=ALL-UNNAMED --add-opens=java.prefs/java.util.prefs=ALL-UNNAMED --add-opens=java.prefs/java.util.prefs=ALL-UNNAMED --add-opens=java.base/java.nio.charset=ALL-UNNAMED --add-opens=java.base/java.net=ALL-UNNAMED --add-opens=java.base/java.util.concurrent.atomic=ALL-UNNAMED -Xmx2048m -Dfile.encoding=UTF-8 -Duser.country=ID -Duser.language=en -Duser.variant 
java_command: org.gradle.launcher.daemon.bootstrap.GradleDaemon 7.0.2
java_class_path (initial): C:\Users\ASUS\.gradle\wrapper\dists\gradle-7.0.2-bin\857tjihv64xamwrf0h14cai3r\gradle-7.0.2\lib\gradle-launcher-7.0.2.jar
Launcher Type: SUN_STANDARD

[Global flags]
     intx CICompilerCount                          = 4                                         {product} {ergonomic}
     uint ConcGCThreads                            = 2                                         {product} {ergonomic}
     uint G1ConcRefinementThreads                  = 8                                         {product} {ergonomic}
   size_t G1HeapRegionSize                         = 1048576                                   {product} {ergonomic}
    uintx GCDrainStackTargetSize                   = 64                                        {product} {ergonomic}
   size_t InitialHeapSize                          = 132120576                                 {product} {ergonomic}
   size_t MarkStackSize                            = 4194304                                   {product} {ergonomic}
   size_t MaxHeapSize                              = 2147483648                                {product} {command line}
   size_t MaxNewSize                               = 1287651328                                {product} {ergonomic}
   size_t MinHeapDeltaBytes                        = 1048576                                   {product} {ergonomic}
    uintx NonNMethodCodeHeapSize                   = 5836300                                {pd product} {ergonomic}
    uintx NonProfiledCodeHeapSize                  = 122910970                              {pd product} {ergonomic}
    uintx ProfiledCodeHeapSize                     = 122910970                              {pd product} {ergonomic}
    uintx ReservedCodeCacheSize                    = 251658240                              {pd product} {ergonomic}
     bool SegmentedCodeCache                       = true                                      {product} {ergonomic}
     bool UseCompressedClassPointers               = true                                 {lp64_product} {ergonomic}
     bool UseCompressedOops                        = true                                 {lp64_product} {ergonomic}
     bool UseG1GC                                  = true                                      {product} {ergonomic}
     bool UseLargePagesIndividualAllocation        = false                                  {pd product} {ergonomic}

Logging:
Log output configuration:
 #0: stdout all=warning uptime,level,tags
 #1: stderr all=off uptime,level,tags

Environment Variables:
PATH=C:\Users\ASUS\platform-tools_r31.0.3-windows\platform-tools\systrace\catapult\common\bin;C:\Python310\;C:\ProgramData\Oracle\Java\javapath;C:\Program Files\Common Files\Oracle\Java\javapath;C:\Windows\system32;C:\Windows;C:\Windows\System32\Wbem;C:\Windows\System32\WindowsPowerShell\v1.0\;C:\Windows\System32\OpenSSH\;C:\Program Files (x86)\NVIDIA Corporation\PhysX\Common;C:\Program Files\NVIDIA Corporation\NVIDIA NvDLISR;C:\composer;C:\ProgramData\ComposerSetup\bin;C:\Program Files\gradle-6.9.1\bin;C:\WINDOWS\system32;C:\WINDOWS;C:\WINDOWS\System32\Wbem;C:\WINDOWS\System32\WindowsPowerShell\v1.0\;C:\WINDOWS\System32\OpenSSH\;C:\Program Files\nodejs\;C:\ProgramData\chocolatey\bin;C:\Users\ASUS\flutter\bin;C:\Program Files\Git\bin;C:\Program Files\Git\cmd;C:\Users\ASUS\AppData\Local\Android\sdk\tools\bin;C:\Users\ASUS\flutter\bin;C:\Users\ASUS\AppData\Local\Microsoft\WindowsApps;C:\Program Files\MongoDB\Server\4.4\bin;C:\xampp\php;C:\Users\ASUS\AppData\Roaming\Composer\vendor\bin;C:\Python27;C:\Program Files\gradle-6.9.1\bin;C:\Users\ASUS\AppData\Roaming\npm;C:\Users\ASUS\AppData\Local\Android\sdk\tools\bin;C:\Users\ASUS\AppData\Local\Programs\Microsoft VS Code\bin
USERNAME=ASUS
OS=Windows_NT
PROCESSOR_IDENTIFIER=Intel64 Family 6 Model 158 Stepping 10, GenuineIntel



---------------  S Y S T E M  ---------------

OS: Windows 10 , 64 bit Build 22000 (10.0.22000.434)
OS uptime: 9 days 2:07 hours

CPU:total 8 (initial active 8) (4 cores per cpu, 2 threads per core) family 6 model 158 stepping 10 microcode 0xde, cmov, cx8, fxsr, mmx, sse, sse2, sse3, ssse3, sse4.1, sse4.2, popcnt, avx, avx2, aes, clmul, erms, 3dnowpref, lzcnt, ht, tsc, tscinvbit, bmi1, bmi2, adx, fma

Memory: 4k page, system-wide physical 8047M (214M free)
TotalPageFile size 32623M (AvailPageFile size 35M)
current process WorkingSet (physical memory assigned to process): 474M, peak: 474M
current process commit charge ("private bytes"): 639M, peak: 683M

vm_info: OpenJDK 64-Bit Server VM (11.0.10+0-b96-7249189) for windows-amd64 JRE (11.0.10+0-b96-7249189), built on Mar 31 2021 21:44:00 by "builder" with MS VC++ 14.0 (VS2015)

END.
