#
# There is insufficient memory for the Java Runtime Environment to continue.
# Native memory allocation (mmap) failed to map 195035136 bytes for Failed to commit area from 0x0000000094d00000 to 0x00000000a0700000 of length 195035136.
# Possible reasons:
#   The system is out of physical RAM or swap space
#   The process is running with CompressedOops enabled, and the Java Heap may be blocking the growth of the native heap
# Possible solutions:
#   Reduce memory load on the system
#   Increase physical memory or swap space
#   Check if swap backing store is full
#   Decrease Java heap size (-Xmx/-Xms)
#   Decrease number of Java threads
#   Decrease Java thread stack sizes (-Xss)
#   Set larger code cache with -XX:ReservedCodeCacheSize=
#   JVM is running with Unscaled Compressed Oops mode in which the Java heap is
#     placed in the first 4GB address space. The Java Heap base address is the
#     maximum limit for the native heap growth. Please use -XX:HeapBaseMinAddress
#     to set the Java Heap base and to place the Java Heap above 4GB virtual address.
# This output file may be truncated or incomplete.
#
#  Out of Memory Error (./src/hotspot/os/windows/os_windows.cpp:3301), pid=17156, tid=15168
#
# JRE version: OpenJDK Runtime Environment (11.0.10) (build 11.0.10+0-b96-7249189)
# Java VM: OpenJDK 64-Bit Server VM (11.0.10+0-b96-7249189, mixed mode, tiered, compressed oops, g1 gc, windows-amd64)
# No core dump will be written. Minidumps are not enabled by default on client versions of Windows
#

---------------  S U M M A R Y ------------

Command Line: --add-opens=java.base/java.util=ALL-UNNAMED --add-opens=java.base/java.lang=ALL-UNNAMED --add-opens=java.base/java.lang.invoke=ALL-UNNAMED --add-opens=java.base/java.util=ALL-UNNAMED --add-opens=java.prefs/java.util.prefs=ALL-UNNAMED --add-opens=java.prefs/java.util.prefs=ALL-UNNAMED --add-opens=java.base/java.nio.charset=ALL-UNNAMED --add-opens=java.base/java.net=ALL-UNNAMED --add-opens=java.base/java.util.concurrent.atomic=ALL-UNNAMED -Xmx2048m -Dfile.encoding=UTF-8 -Duser.country=ID -Duser.language=en -Duser.variant org.gradle.launcher.daemon.bootstrap.GradleDaemon 7.0.2

Host: Intel(R) Core(TM) i5-8300H CPU @ 2.30GHz, 8 cores, 7G,  Windows 10 , 64 bit Build 22000 (10.0.22000.434)
Time: Wed Mar 30 10:18:21 2022 SE Asia Standard Time elapsed time: 28.968545 seconds (0d 0h 0m 28s)

---------------  T H R E A D  ---------------

Current thread (0x0000022eff5a0800):  VMThread "VM Thread" [stack: 0x00000084f9800000,0x00000084f9900000] [id=15168]

Stack: [0x00000084f9800000,0x00000084f9900000]
[error occurred during error reporting (printing stack bounds), id 0xc0000005, EXCEPTION_ACCESS_VIOLATION (0xc0000005) at pc=0x0000022eecc20f2d]

Native frames: (J=compiled Java code, j=interpreted, Vv=VM code, C=native code)
V  [jvm.dll+0x5ecfaa]
V  [jvm.dll+0x722bd5]
V  [jvm.dll+0x72412d]
V  [jvm.dll+0x724745]
V  [jvm.dll+0x7246fb]
V  [jvm.dll+0x5ec348]
V  [jvm.dll+0x5ecad8]
C  [ntdll.dll+0xa86ef]
C  [ntdll.dll+0x35aea]
C  [ntdll.dll+0xa76fe]
C  0x0000022eecc20f2d

VM_Operation (0x00000084fcaf8df0): G1CollectForAllocation, mode: safepoint, requested by thread 0x0000022e86b94000


---------------  P R O C E S S  ---------------

Threads class SMR info:
_java_thread_list=0x0000022e8a0960a0, length=62, elements={
0x0000022ee9132000, 0x0000022eff5a4800, 0x0000022eff5a7800, 0x0000022e84042800,
0x0000022eff5bf800, 0x0000022eff5c2000, 0x0000022eff5cd000, 0x0000022eff5d1800,
0x0000022eff5d3000, 0x0000022e8419e800, 0x0000022e86b5b000, 0x0000022e85891000,
0x0000022e86743800, 0x0000022e85ef0000, 0x0000022e86173800, 0x0000022e86584000,
0x0000022e85a1b800, 0x0000022e874e1800, 0x0000022e860ce800, 0x0000022e860cd000,
0x0000022e860cb000, 0x0000022e860cf800, 0x0000022e860cc000, 0x0000022e860cd800,
0x0000022e860ca800, 0x0000022e860d1000, 0x0000022e860d0000, 0x0000022e86b8c000,
0x0000022e86b86800, 0x0000022e86b87000, 0x0000022e86b8d000, 0x0000022e86b89800,
0x0000022e86b8b000, 0x0000022e86b8d800, 0x0000022e86b88000, 0x0000022e86b8f800,
0x0000022e86b91800, 0x0000022e86b90000, 0x0000022e86b92800, 0x0000022e86b93800,
0x0000022e86b94000, 0x0000022e86b91000, 0x0000022e86b8e800, 0x0000022e86b95000,
0x0000022e87bf3000, 0x0000022e87bf7000, 0x0000022e87bf6000, 0x0000022e87bf7800,
0x0000022e87bf5800, 0x0000022e87bf2000, 0x0000022e87bf8800, 0x0000022e87bf3800,
0x0000022e87bf4800, 0x0000022e865a7800, 0x0000022e865a6000, 0x0000022e865a9800,
0x0000022e865aa000, 0x0000022e865a8800, 0x0000022e865ab000, 0x0000022e865a5000,
0x0000022e865ac000, 0x0000022e865ac800
}

Java Threads: ( => current thread )
  0x0000022ee9132000 JavaThread "main" [_thread_blocked, id=14020, stack(0x00000084f9200000,0x00000084f9300000)]
  0x0000022eff5a4800 JavaThread "Reference Handler" daemon [_thread_blocked, id=7984, stack(0x00000084f9900000,0x00000084f9a00000)]
  0x0000022eff5a7800 JavaThread "Finalizer" daemon [_thread_blocked, id=17024, stack(0x00000084f9a00000,0x00000084f9b00000)]
  0x0000022e84042800 JavaThread "Signal Dispatcher" daemon [_thread_blocked, id=14320, stack(0x00000084f9b00000,0x00000084f9c00000)]
  0x0000022eff5bf800 JavaThread "Attach Listener" daemon [_thread_blocked, id=12064, stack(0x00000084f9c00000,0x00000084f9d00000)]
  0x0000022eff5c2000 JavaThread "Service Thread" daemon [_thread_blocked, id=17448, stack(0x00000084f9d00000,0x00000084f9e00000)]
  0x0000022eff5cd000 JavaThread "C2 CompilerThread0" daemon [_thread_in_native, id=4968, stack(0x00000084f9e00000,0x00000084f9f00000)]
  0x0000022eff5d1800 JavaThread "C1 CompilerThread0" daemon [_thread_blocked, id=1324, stack(0x00000084f9f00000,0x00000084fa000000)]
  0x0000022eff5d3000 JavaThread "Sweeper thread" daemon [_thread_blocked, id=1276, stack(0x00000084fa000000,0x00000084fa100000)]
  0x0000022e8419e800 JavaThread "Common-Cleaner" daemon [_thread_blocked, id=14664, stack(0x00000084fa100000,0x00000084fa200000)]
  0x0000022e86b5b000 JavaThread "Daemon health stats" [_thread_blocked, id=18172, stack(0x00000084fa600000,0x00000084fa700000)]
  0x0000022e85891000 JavaThread "Incoming local TCP Connector on port 54227" [_thread_in_native, id=5552, stack(0x00000084fa300000,0x00000084fa400000)]
  0x0000022e86743800 JavaThread "Daemon periodic checks" [_thread_blocked, id=15048, stack(0x00000084fa700000,0x00000084fa800000)]
  0x0000022e85ef0000 JavaThread "Daemon" [_thread_blocked, id=13812, stack(0x00000084fa800000,0x00000084fa900000)]
  0x0000022e86173800 JavaThread "Handler for socket connection from /127.0.0.1:54227 to /127.0.0.1:54228" [_thread_in_native, id=7604, stack(0x00000084fa900000,0x00000084faa00000)]
  0x0000022e86584000 JavaThread "Cancel handler" [_thread_blocked, id=8800, stack(0x00000084faa00000,0x00000084fab00000)]
  0x0000022e85a1b800 JavaThread "Daemon worker" [_thread_blocked, id=8092, stack(0x00000084fab00000,0x00000084fac00000)]
  0x0000022e874e1800 JavaThread "Asynchronous log dispatcher for DefaultDaemonConnection: socket connection from /127.0.0.1:54227 to /127.0.0.1:54228" [_thread_blocked, id=5728, stack(0x00000084fac00000,0x00000084fad00000)]
  0x0000022e860ce800 JavaThread "Stdin handler" [_thread_blocked, id=13460, stack(0x00000084fad00000,0x00000084fae00000)]
  0x0000022e860cd000 JavaThread "Daemon client event forwarder" [_thread_blocked, id=4456, stack(0x00000084fae00000,0x00000084faf00000)]
  0x0000022e860cb000 JavaThread "Cache worker for file hash cache (C:\Users\ASUS\.gradle\caches\7.0.2\fileHashes)" [_thread_blocked, id=6148, stack(0x00000084fb400000,0x00000084fb500000)]
  0x0000022e860cf800 JavaThread "File lock request listener" [_thread_in_native, id=5096, stack(0x00000084fb500000,0x00000084fb600000)]
  0x0000022e860cc000 JavaThread "Cache worker for journal cache (C:\Users\ASUS\.gradle\caches\journal-1)" [_thread_blocked, id=11856, stack(0x00000084fb700000,0x00000084fb800000)]
  0x0000022e860cd800 JavaThread "Cache worker for file hash cache (C:\Users\ASUS\AndroidStudioProjects\gigiibuhamil\.gradle\7.0.2\fileHashes)" [_thread_blocked, id=18120, stack(0x00000084fb900000,0x00000084fba00000)]
  0x0000022e860ca800 JavaThread "File watcher server" daemon [_thread_blocked, id=13928, stack(0x00000084fba00000,0x00000084fbb00000)]
  0x0000022e860d1000 JavaThread "File watcher consumer" daemon [_thread_blocked, id=256, stack(0x00000084fbb00000,0x00000084fbc00000)]
  0x0000022e860d0000 JavaThread "Cache worker for checksums cache (C:\Users\ASUS\AndroidStudioProjects\gigiibuhamil\.gradle\checksums)" [_thread_blocked, id=9292, stack(0x00000084fbc00000,0x00000084fbd00000)]
  0x0000022e86b8c000 JavaThread "Cache worker for cache directory md-supplier (C:\Users\ASUS\.gradle\caches\7.0.2\md-supplier)" [_thread_blocked, id=13704, stack(0x00000084fbd00000,0x00000084fbe00000)]
  0x0000022e86b86800 JavaThread "Cache worker for cache directory md-rule (C:\Users\ASUS\.gradle\caches\7.0.2\md-rule)" [_thread_blocked, id=8912, stack(0x00000084fbe00000,0x00000084fbf00000)]
  0x0000022e86b87000 JavaThread "Cache worker for execution history cache (C:\Users\ASUS\.gradle\caches\7.0.2\executionHistory)" [_thread_blocked, id=18044, stack(0x00000084fbf00000,0x00000084fc000000)]
  0x0000022e86b8d000 JavaThread "jar transforms" [_thread_blocked, id=3188, stack(0x00000084fc000000,0x00000084fc100000)]
  0x0000022e86b89800 JavaThread "jar transforms Thread 2" [_thread_blocked, id=9148, stack(0x00000084fc100000,0x00000084fc200000)]
  0x0000022e86b8b000 JavaThread "Cache worker for file content cache (C:\Users\ASUS\.gradle\caches\7.0.2\fileContent)" [_thread_blocked, id=13868, stack(0x00000084fc200000,0x00000084fc300000)]
  0x0000022e86b8d800 JavaThread "Cache worker for dependencies-accessors (C:\Users\ASUS\AndroidStudioProjects\gigiibuhamil\.gradle\7.0.2\dependencies-accessors)" [_thread_blocked, id=7456, stack(0x00000084fc300000,0x00000084fc400000)]
  0x0000022e86b88000 JavaThread "jar transforms Thread 3" [_thread_blocked, id=7300, stack(0x00000084fc400000,0x00000084fc500000)]
  0x0000022e86b8f800 JavaThread "Cache worker for Build Output Cleanup Cache (C:\Users\ASUS\AndroidStudioProjects\gigiibuhamil\.gradle\buildOutputCleanup)" [_thread_blocked, id=2368, stack(0x00000084fc500000,0x00000084fc600000)]
  0x0000022e86b91800 JavaThread "Build operations" [_thread_blocked, id=11688, stack(0x00000084fc600000,0x00000084fc700000)]
  0x0000022e86b90000 JavaThread "Build operations Thread 2" [_thread_blocked, id=13384, stack(0x00000084fc700000,0x00000084fc800000)]
  0x0000022e86b92800 JavaThread "Build operations Thread 3" [_thread_blocked, id=14572, stack(0x00000084fc800000,0x00000084fc900000)]
  0x0000022e86b93800 JavaThread "Build operations Thread 4" [_thread_blocked, id=17984, stack(0x00000084fc900000,0x00000084fca00000)]
  0x0000022e86b94000 JavaThread "Build operations Thread 5" [_thread_blocked, id=4380, stack(0x00000084fca00000,0x00000084fcb00000)]
  0x0000022e86b91000 JavaThread "Build operations Thread 6" [_thread_blocked, id=13156, stack(0x00000084fcb00000,0x00000084fcc00000)]
  0x0000022e86b8e800 JavaThread "Build operations Thread 7" [_thread_blocked, id=17960, stack(0x00000084fcc00000,0x00000084fcd00000)]
  0x0000022e86b95000 JavaThread "Build operations Thread 8" [_thread_blocked, id=184, stack(0x00000084fcd00000,0x00000084fce00000)]
  0x0000022e87bf3000 JavaThread "jar transforms Thread 4" [_thread_blocked, id=8400, stack(0x00000084fce00000,0x00000084fcf00000)]
  0x0000022e87bf7000 JavaThread "jar transforms Thread 5" [_thread_blocked, id=5520, stack(0x00000084fcf00000,0x00000084fd000000)]
  0x0000022e87bf6000 JavaThread "jar transforms Thread 6" [_thread_blocked, id=16608, stack(0x00000084fd000000,0x00000084fd100000)]
  0x0000022e87bf7800 JavaThread "jar transforms Thread 7" [_thread_blocked, id=4336, stack(0x00000084fd100000,0x00000084fd200000)]
  0x0000022e87bf5800 JavaThread "jar transforms Thread 8" [_thread_blocked, id=14660, stack(0x00000084fd200000,0x00000084fd300000)]
  0x0000022e87bf2000 JavaThread "Memory manager" [_thread_blocked, id=16976, stack(0x00000084fb800000,0x00000084fb900000)]
  0x0000022e87bf8800 JavaThread "build event listener" [_thread_blocked, id=14984, stack(0x00000084fd300000,0x00000084fd400000)]
  0x0000022e87bf3800 JavaThread "pool-3-thread-1" [_thread_blocked, id=1360, stack(0x00000084fd400000,0x00000084fd500000)]
  0x0000022e87bf4800 JavaThread "build event listener" [_thread_blocked, id=11088, stack(0x00000084fd500000,0x00000084fd600000)]
  0x0000022e865a7800 JavaThread "Execution worker for ':'" [_thread_blocked, id=4628, stack(0x00000084fd600000,0x00000084fd700000)]
  0x0000022e865a6000 JavaThread "Execution worker for ':' Thread 2" [_thread_blocked, id=16336, stack(0x00000084fd700000,0x00000084fd800000)]
  0x0000022e865a9800 JavaThread "Execution worker for ':' Thread 3" [_thread_blocked, id=2900, stack(0x00000084fd800000,0x00000084fd900000)]
  0x0000022e865aa000 JavaThread "Execution worker for ':' Thread 4" [_thread_blocked, id=9976, stack(0x00000084fd900000,0x00000084fda00000)]
  0x0000022e865a8800 JavaThread "Execution worker for ':' Thread 5" [_thread_blocked, id=16580, stack(0x00000084fda00000,0x00000084fdb00000)]
  0x0000022e865ab000 JavaThread "Execution worker for ':' Thread 6" [_thread_blocked, id=12608, stack(0x00000084fdb00000,0x00000084fdc00000)]
  0x0000022e865a5000 JavaThread "Execution worker for ':' Thread 7" [_thread_blocked, id=15632, stack(0x00000084fdc00000,0x00000084fdd00000)]
  0x0000022e865ac000 JavaThread "Cache worker for execution history cache (C:\Users\ASUS\AndroidStudioProjects\gigiibuhamil\.gradle\7.0.2\executionHistory)" [_thread_blocked, id=7516, stack(0x00000084fdd00000,0x00000084fde00000)]
  0x0000022e865ac800 JavaThread "WorkerExecutor Queue" [_thread_blocked, id=684, stack(0x00000084fde00000,0x00000084fdf00000)]

Other Threads:
=>0x0000022eff5a0800 VMThread "VM Thread" [stack: 0x00000084f9800000,0x00000084f9900000] [id=15168]
  0x0000022e841c9800 WatcherThread [stack: 0x00000084fa200000,0x00000084fa300000] [id=18364]
  0x0000022ee6fde800 GCTaskThread "GC Thread#0" [stack: 0x00000084f9300000,0x00000084f9400000] [id=4528]
  0x0000022e84d5e800 GCTaskThread "GC Thread#1" [stack: 0x00000084fa400000,0x00000084fa500000] [id=9736]
  0x0000022e84ab3000 GCTaskThread "GC Thread#2" [stack: 0x00000084fa500000,0x00000084fa600000] [id=17424]
  0x0000022e85654800 GCTaskThread "GC Thread#3" [stack: 0x00000084faf00000,0x00000084fb000000] [id=15236]
  0x0000022e8669d000 GCTaskThread "GC Thread#4" [stack: 0x00000084fb000000,0x00000084fb100000] [id=5740]
  0x0000022e8616e000 GCTaskThread "GC Thread#5" [stack: 0x00000084fb100000,0x00000084fb200000] [id=7396]
  0x0000022e8616e800 GCTaskThread "GC Thread#6" [stack: 0x00000084fb200000,0x00000084fb300000] [id=5996]
  0x0000022e8516d800 GCTaskThread "GC Thread#7" [stack: 0x00000084fb300000,0x00000084fb400000] [id=4252]
  0x0000022ee917a800 ConcurrentGCThread "G1 Main Marker" [stack: 0x00000084f9400000,0x00000084f9500000] [id=16500]
  0x0000022ee917c000 ConcurrentGCThread "G1 Conc#0" [stack: 0x00000084f9500000,0x00000084f9600000] [id=5776]
  0x0000022e86962800 ConcurrentGCThread "G1 Conc#1" [stack: 0x00000084fb600000,0x00000084fb700000] [id=5356]
  0x0000022ee920d800 ConcurrentGCThread "G1 Refine#0" [stack: 0x00000084f9600000,0x00000084f9700000] [id=2676]
  0x0000022ee920e800 ConcurrentGCThread "G1 Young RemSet Sampling" [stack: 0x00000084f9700000,0x00000084f9800000] [id=15404]

Threads with active compile tasks:
C2 CompilerThread0  29037 12994       4       com.android.tools.r8.internal.oh::a (990 bytes)
C1 CompilerThread0  29037 13057       3       com.android.tools.r8.ir.regalloc.a::a (3985 bytes)

VM state:at safepoint (normal execution)

VM Mutex/Monitor currently owned by a thread:  ([mutex/lock_event])
[0x0000022ee912e730] Threads_lock - owner thread: 0x0000022eff5a0800
[0x0000022ee912f0c0] Heap_lock - owner thread: 0x0000022e86b94000

Heap address: 0x0000000080000000, size: 2048 MB, Compressed Oops mode: 32-bit
Narrow klass base: 0x0000000000000000, Narrow klass shift: 3
Compressed class space size: 1073741824 Address: 0x0000000100000000

Heap:
 garbage-first heap   total 531456K, used 227429K [0x0000000080000000, 0x0000000100000000)
  region size 1024K, 5 young (5120K), 5 survivors (5120K)
 Metaspace       used 102200K, capacity 104704K, committed 105592K, reserved 1140736K
  class space    used 13187K, capacity 14134K, committed 14464K, reserved 1048576K
Heap Regions: E=young(eden), S=young(survivor), O=old, HS=humongous(starts), HC=humongous(continues), CS=collection set, F=free, A=archive, TAMS=top-at-mark-start (previous, next)
|   0|0x0000000080000000, 0x0000000080100000, 0x0000000080100000|100%| O|  |TAMS 0x0000000080100000, 0x0000000080000000| Untracked 
|   1|0x0000000080100000, 0x0000000080200000, 0x0000000080200000|100%| O|  |TAMS 0x0000000080200000, 0x0000000080100000| Untracked 
|   2|0x0000000080200000, 0x0000000080300000, 0x0000000080300000|100%| O|  |TAMS 0x0000000080300000, 0x0000000080200000| Untracked 
|   3|0x0000000080300000, 0x0000000080400000, 0x0000000080400000|100%|HS|  |TAMS 0x0000000080400000, 0x0000000080300000| Complete 
|   4|0x0000000080400000, 0x0000000080500000, 0x0000000080500000|100%|HC|  |TAMS 0x0000000080500000, 0x0000000080400000| Complete 
|   5|0x0000000080500000, 0x0000000080600000, 0x0000000080600000|100%|HC|  |TAMS 0x0000000080600000, 0x0000000080500000| Complete 
|   6|0x0000000080600000, 0x0000000080700000, 0x0000000080700000|100%| O|  |TAMS 0x0000000080700000, 0x0000000080600000| Untracked 
|   7|0x0000000080700000, 0x0000000080800000, 0x0000000080800000|100%| O|  |TAMS 0x0000000080800000, 0x0000000080700000| Untracked 
|   8|0x0000000080800000, 0x0000000080900000, 0x0000000080900000|100%| O|  |TAMS 0x0000000080900000, 0x0000000080800000| Untracked 
|   9|0x0000000080900000, 0x0000000080a00000, 0x0000000080a00000|100%| O|  |TAMS 0x0000000080a00000, 0x0000000080900000| Untracked 
|  10|0x0000000080a00000, 0x0000000080b00000, 0x0000000080b00000|100%| O|  |TAMS 0x0000000080b00000, 0x0000000080a00000| Untracked 
|  11|0x0000000080b00000, 0x0000000080c00000, 0x0000000080c00000|100%| O|  |TAMS 0x0000000080c00000, 0x0000000080b00000| Untracked 
|  12|0x0000000080c00000, 0x0000000080d00000, 0x0000000080d00000|100%| O|  |TAMS 0x0000000080d00000, 0x0000000080c00000| Untracked 
|  13|0x0000000080d00000, 0x0000000080e00000, 0x0000000080e00000|100%| O|  |TAMS 0x0000000080e00000, 0x0000000080d00000| Untracked 
|  14|0x0000000080e00000, 0x0000000080f00000, 0x0000000080f00000|100%| O|  |TAMS 0x0000000080f00000, 0x0000000080e00000| Untracked 
|  15|0x0000000080f00000, 0x0000000081000000, 0x0000000081000000|100%| O|  |TAMS 0x0000000081000000, 0x0000000080f00000| Untracked 
|  16|0x0000000081000000, 0x0000000081100000, 0x0000000081100000|100%| O|  |TAMS 0x0000000081100000, 0x0000000081000000| Untracked 
|  17|0x0000000081100000, 0x0000000081200000, 0x0000000081200000|100%| O|  |TAMS 0x0000000081200000, 0x0000000081100000| Complete 
|  18|0x0000000081200000, 0x0000000081300000, 0x0000000081300000|100%|HS|  |TAMS 0x0000000081300000, 0x0000000081200000| Complete 
|  19|0x0000000081300000, 0x0000000081400000, 0x0000000081400000|100%| O|  |TAMS 0x0000000081400000, 0x0000000081300000| Untracked 
|  20|0x0000000081400000, 0x0000000081500000, 0x0000000081500000|100%| O|  |TAMS 0x0000000081500000, 0x0000000081400000| Untracked 
|  21|0x0000000081500000, 0x0000000081600000, 0x0000000081600000|100%| O|  |TAMS 0x0000000081600000, 0x0000000081500000| Complete 
|  22|0x0000000081600000, 0x0000000081700000, 0x0000000081700000|100%| O|  |TAMS 0x0000000081700000, 0x0000000081600000| Untracked 
|  23|0x0000000081700000, 0x0000000081800000, 0x0000000081800000|100%| O|  |TAMS 0x0000000081800000, 0x0000000081700000| Untracked 
|  24|0x0000000081800000, 0x0000000081900000, 0x0000000081900000|100%| O|  |TAMS 0x0000000081900000, 0x0000000081800000| Untracked 
|  25|0x0000000081900000, 0x0000000081a00000, 0x0000000081a00000|100%| O|  |TAMS 0x0000000081a00000, 0x0000000081900000| Untracked 
|  26|0x0000000081a00000, 0x0000000081b00000, 0x0000000081b00000|100%| O|  |TAMS 0x0000000081b00000, 0x0000000081a00000| Untracked 
|  27|0x0000000081b00000, 0x0000000081c00000, 0x0000000081c00000|100%|HS|  |TAMS 0x0000000081c00000, 0x0000000081b00000| Complete 
|  28|0x0000000081c00000, 0x0000000081d00000, 0x0000000081d00000|100%|HS|  |TAMS 0x0000000081d00000, 0x0000000081c00000| Complete 
|  29|0x0000000081d00000, 0x0000000081e00000, 0x0000000081e00000|100%|HS|  |TAMS 0x0000000081e00000, 0x0000000081d00000| Complete 
|  30|0x0000000081e00000, 0x0000000081f00000, 0x0000000081f00000|100%|HC|  |TAMS 0x0000000081f00000, 0x0000000081e00000| Complete 
|  31|0x0000000081f00000, 0x0000000082000000, 0x0000000082000000|100%|HC|  |TAMS 0x0000000082000000, 0x0000000081f00000| Complete 
|  32|0x0000000082000000, 0x0000000082100000, 0x0000000082100000|100%|HS|  |TAMS 0x0000000082100000, 0x0000000082000000| Complete 
|  33|0x0000000082100000, 0x0000000082200000, 0x0000000082200000|100%|HC|  |TAMS 0x0000000082200000, 0x0000000082100000| Complete 
|  34|0x0000000082200000, 0x0000000082300000, 0x0000000082300000|100%| O|  |TAMS 0x0000000082300000, 0x0000000082200000| Untracked 
|  35|0x0000000082300000, 0x0000000082400000, 0x0000000082400000|100%| O|  |TAMS 0x0000000082400000, 0x0000000082300000| Complete 
|  36|0x0000000082400000, 0x0000000082500000, 0x0000000082500000|100%| O|  |TAMS 0x0000000082500000, 0x0000000082400000| Complete 
|  37|0x0000000082500000, 0x0000000082600000, 0x0000000082600000|100%| O|  |TAMS 0x0000000082600000, 0x0000000082500000| Complete 
|  38|0x0000000082600000, 0x0000000082700000, 0x0000000082700000|100%| O|  |TAMS 0x0000000082700000, 0x0000000082600000| Complete 
|  39|0x0000000082700000, 0x0000000082800000, 0x0000000082800000|100%| O|  |TAMS 0x0000000082800000, 0x0000000082700000| Complete 
|  40|0x0000000082800000, 0x0000000082900000, 0x0000000082900000|100%| O|  |TAMS 0x0000000082900000, 0x0000000082800000| Complete 
|  41|0x0000000082900000, 0x0000000082a00000, 0x0000000082a00000|100%| O|  |TAMS 0x0000000082a00000, 0x0000000082900000| Untracked 
|  42|0x0000000082a00000, 0x0000000082b00000, 0x0000000082b00000|100%| O|  |TAMS 0x0000000082b00000, 0x0000000082a00000| Untracked 
|  43|0x0000000082b00000, 0x0000000082c00000, 0x0000000082c00000|100%| O|  |TAMS 0x0000000082c00000, 0x0000000082b00000| Untracked 
|  44|0x0000000082c00000, 0x0000000082d00000, 0x0000000082d00000|100%| O|  |TAMS 0x0000000082d00000, 0x0000000082c00000| Untracked 
|  45|0x0000000082d00000, 0x0000000082e00000, 0x0000000082e00000|100%| O|  |TAMS 0x0000000082e00000, 0x0000000082d00000| Complete 
|  46|0x0000000082e00000, 0x0000000082f00000, 0x0000000082f00000|100%| O|  |TAMS 0x0000000082f00000, 0x0000000082e00000| Untracked 
|  47|0x0000000082f00000, 0x0000000083000000, 0x0000000083000000|100%| O|  |TAMS 0x0000000083000000, 0x0000000082f00000| Untracked 
|  48|0x0000000083000000, 0x0000000083100000, 0x0000000083100000|100%| O|  |TAMS 0x0000000083100000, 0x0000000083000000| Complete 
|  49|0x0000000083100000, 0x0000000083200000, 0x0000000083200000|100%| O|  |TAMS 0x0000000083200000, 0x0000000083100000| Complete 
|  50|0x0000000083200000, 0x0000000083300000, 0x0000000083300000|100%| O|  |TAMS 0x0000000083300000, 0x0000000083200000| Untracked 
|  51|0x0000000083300000, 0x0000000083400000, 0x0000000083400000|100%| O|  |TAMS 0x0000000083400000, 0x0000000083300000| Untracked 
|  52|0x0000000083400000, 0x0000000083500000, 0x0000000083500000|100%| O|  |TAMS 0x0000000083500000, 0x0000000083400000| Untracked 
|  53|0x0000000083500000, 0x0000000083600000, 0x0000000083600000|100%| O|  |TAMS 0x0000000083600000, 0x0000000083500000| Untracked 
|  54|0x0000000083600000, 0x0000000083700000, 0x0000000083700000|100%| O|  |TAMS 0x0000000083700000, 0x0000000083600000| Untracked 
|  55|0x0000000083700000, 0x0000000083800000, 0x0000000083800000|100%| O|  |TAMS 0x0000000083800000, 0x0000000083700000| Untracked 
|  56|0x0000000083800000, 0x0000000083900000, 0x0000000083900000|100%| O|  |TAMS 0x0000000083900000, 0x0000000083800000| Untracked 
|  57|0x0000000083900000, 0x0000000083a00000, 0x0000000083a00000|100%| O|  |TAMS 0x0000000083a00000, 0x0000000083900000| Untracked 
|  58|0x0000000083a00000, 0x0000000083b00000, 0x0000000083b00000|100%| O|  |TAMS 0x0000000083b00000, 0x0000000083a00000| Untracked 
|  59|0x0000000083b00000, 0x0000000083c00000, 0x0000000083c00000|100%| O|  |TAMS 0x0000000083c00000, 0x0000000083b00000| Untracked 
|  60|0x0000000083c00000, 0x0000000083d00000, 0x0000000083d00000|100%| O|  |TAMS 0x0000000083d00000, 0x0000000083c00000| Untracked 
|  61|0x0000000083d00000, 0x0000000083e00000, 0x0000000083e00000|100%| O|  |TAMS 0x0000000083e00000, 0x0000000083d00000| Untracked 
|  62|0x0000000083e00000, 0x0000000083f00000, 0x0000000083f00000|100%| O|  |TAMS 0x0000000083f00000, 0x0000000083e00000| Untracked 
|  63|0x0000000083f00000, 0x0000000084000000, 0x0000000084000000|100%| O|  |TAMS 0x0000000084000000, 0x0000000083f00000| Complete 
|  64|0x0000000084000000, 0x0000000084100000, 0x0000000084100000|100%| O|  |TAMS 0x0000000084100000, 0x0000000084000000| Untracked 
|  65|0x0000000084100000, 0x0000000084200000, 0x0000000084200000|100%| O|  |TAMS 0x0000000084200000, 0x0000000084100000| Untracked 
|  66|0x0000000084200000, 0x0000000084300000, 0x0000000084300000|100%| O|  |TAMS 0x0000000084300000, 0x0000000084200000| Untracked 
|  67|0x0000000084300000, 0x0000000084400000, 0x0000000084400000|100%| O|  |TAMS 0x0000000084400000, 0x0000000084300000| Complete 
|  68|0x0000000084400000, 0x0000000084500000, 0x0000000084500000|100%| O|  |TAMS 0x0000000084500000, 0x0000000084400000| Complete 
|  69|0x0000000084500000, 0x0000000084600000, 0x0000000084600000|100%| O|  |TAMS 0x0000000084600000, 0x0000000084500000| Untracked 
|  70|0x0000000084600000, 0x0000000084700000, 0x0000000084700000|100%| O|  |TAMS 0x0000000084700000, 0x0000000084600000| Untracked 
|  71|0x0000000084700000, 0x0000000084800000, 0x0000000084800000|100%| O|  |TAMS 0x0000000084800000, 0x0000000084700000| Untracked 
|  72|0x0000000084800000, 0x0000000084900000, 0x0000000084900000|100%| O|  |TAMS 0x0000000084900000, 0x0000000084800000| Untracked 
|  73|0x0000000084900000, 0x0000000084a00000, 0x0000000084a00000|100%| O|  |TAMS 0x0000000084a00000, 0x0000000084900000| Untracked 
|  74|0x0000000084a00000, 0x0000000084b00000, 0x0000000084b00000|100%| O|  |TAMS 0x0000000084b00000, 0x0000000084a00000| Untracked 
|  75|0x0000000084b00000, 0x0000000084c00000, 0x0000000084c00000|100%| O|  |TAMS 0x0000000084c00000, 0x0000000084b00000| Complete 
|  76|0x0000000084c00000, 0x0000000084d00000, 0x0000000084d00000|100%| O|  |TAMS 0x0000000084d00000, 0x0000000084c00000| Complete 
|  77|0x0000000084d00000, 0x0000000084e00000, 0x0000000084e00000|100%| O|  |TAMS 0x0000000084e00000, 0x0000000084d00000| Untracked 
|  78|0x0000000084e00000, 0x0000000084f00000, 0x0000000084f00000|100%| O|  |TAMS 0x0000000084f00000, 0x0000000084e00000| Untracked 
|  79|0x0000000084f00000, 0x0000000085000000, 0x0000000085000000|100%| O|  |TAMS 0x0000000085000000, 0x0000000084f00000| Complete 
|  80|0x0000000085000000, 0x0000000085100000, 0x0000000085100000|100%| O|  |TAMS 0x0000000085100000, 0x0000000085000000| Untracked 
|  81|0x0000000085100000, 0x0000000085200000, 0x0000000085200000|100%| O|  |TAMS 0x0000000085200000, 0x0000000085100000| Complete 
|  82|0x0000000085200000, 0x0000000085300000, 0x0000000085300000|100%| O|  |TAMS 0x0000000085300000, 0x0000000085200000| Untracked 
|  83|0x0000000085300000, 0x0000000085400000, 0x0000000085400000|100%| O|  |TAMS 0x0000000085400000, 0x0000000085300000| Untracked 
|  84|0x0000000085400000, 0x0000000085500000, 0x0000000085500000|100%| O|  |TAMS 0x0000000085500000, 0x0000000085400000| Complete 
|  85|0x0000000085500000, 0x0000000085600000, 0x0000000085600000|100%| O|  |TAMS 0x0000000085600000, 0x0000000085500000| Untracked 
|  86|0x0000000085600000, 0x0000000085700000, 0x0000000085700000|100%| O|  |TAMS 0x0000000085700000, 0x0000000085600000| Complete 
|  87|0x0000000085700000, 0x0000000085800000, 0x0000000085800000|100%| O|  |TAMS 0x0000000085800000, 0x0000000085700000| Complete 
|  88|0x0000000085800000, 0x0000000085900000, 0x0000000085900000|100%| O|  |TAMS 0x0000000085900000, 0x0000000085800000| Untracked 
|  89|0x0000000085900000, 0x0000000085a00000, 0x0000000085a00000|100%|HS|  |TAMS 0x0000000085a00000, 0x0000000085900000| Complete 
|  90|0x0000000085a00000, 0x0000000085b00000, 0x0000000085b00000|100%| O|  |TAMS 0x0000000085b00000, 0x0000000085a00000| Untracked 
|  91|0x0000000085b00000, 0x0000000085c00000, 0x0000000085c00000|100%| O|  |TAMS 0x0000000085c00000, 0x0000000085b00000| Untracked 
|  92|0x0000000085c00000, 0x0000000085d00000, 0x0000000085d00000|100%| O|  |TAMS 0x0000000085d00000, 0x0000000085c00000| Untracked 
|  93|0x0000000085d00000, 0x0000000085e00000, 0x0000000085e00000|100%| O|  |TAMS 0x0000000085e00000, 0x0000000085d00000| Untracked 
|  94|0x0000000085e00000, 0x0000000085f00000, 0x0000000085f00000|100%| O|  |TAMS 0x0000000085f00000, 0x0000000085e00000| Untracked 
|  95|0x0000000085f00000, 0x0000000086000000, 0x0000000086000000|100%| O|  |TAMS 0x0000000086000000, 0x0000000085f00000| Untracked 
|  96|0x0000000086000000, 0x0000000086100000, 0x0000000086100000|100%| O|  |TAMS 0x0000000086100000, 0x0000000086000000| Untracked 
|  97|0x0000000086100000, 0x0000000086200000, 0x0000000086200000|100%| O|  |TAMS 0x0000000086200000, 0x0000000086100000| Untracked 
|  98|0x0000000086200000, 0x0000000086300000, 0x0000000086300000|100%| O|  |TAMS 0x0000000086300000, 0x0000000086200000| Untracked 
|  99|0x0000000086300000, 0x0000000086400000, 0x0000000086400000|100%| O|  |TAMS 0x0000000086400000, 0x0000000086300000| Untracked 
| 100|0x0000000086400000, 0x0000000086500000, 0x0000000086500000|100%| O|  |TAMS 0x0000000086500000, 0x0000000086400000| Untracked 
| 101|0x0000000086500000, 0x0000000086600000, 0x0000000086600000|100%| O|  |TAMS 0x0000000086600000, 0x0000000086500000| Untracked 
| 102|0x0000000086600000, 0x0000000086700000, 0x0000000086700000|100%| O|  |TAMS 0x0000000086700000, 0x0000000086600000| Untracked 
| 103|0x0000000086700000, 0x0000000086800000, 0x0000000086800000|100%| O|  |TAMS 0x0000000086800000, 0x0000000086700000| Untracked 
| 104|0x0000000086800000, 0x0000000086900000, 0x0000000086900000|100%| O|  |TAMS 0x0000000086900000, 0x0000000086800000| Complete 
| 105|0x0000000086900000, 0x0000000086a00000, 0x0000000086a00000|100%| O|  |TAMS 0x000000008695bc00, 0x0000000086900000| Untracked 
| 106|0x0000000086a00000, 0x0000000086b00000, 0x0000000086b00000|100%| O|  |TAMS 0x0000000086b00000, 0x0000000086a00000| Complete 
| 107|0x0000000086b00000, 0x0000000086c00000, 0x0000000086c00000|100%| O|  |TAMS 0x0000000086c00000, 0x0000000086b00000| Complete 
| 108|0x0000000086c00000, 0x0000000086d00000, 0x0000000086d00000|100%| O|  |TAMS 0x0000000086d00000, 0x0000000086c00000| Complete 
| 109|0x0000000086d00000, 0x0000000086e00000, 0x0000000086e00000|100%| O|  |TAMS 0x0000000086e00000, 0x0000000086d00000| Untracked 
| 110|0x0000000086e00000, 0x0000000086f00000, 0x0000000086f00000|100%| O|  |TAMS 0x0000000086f00000, 0x0000000086e00000| Complete 
| 111|0x0000000086f00000, 0x0000000087000000, 0x0000000087000000|100%| O|  |TAMS 0x0000000087000000, 0x0000000086f00000| Complete 
| 112|0x0000000087000000, 0x0000000087100000, 0x0000000087100000|100%| O|  |TAMS 0x0000000087100000, 0x0000000087000000| Untracked 
| 113|0x0000000087100000, 0x0000000087200000, 0x0000000087200000|100%| O|  |TAMS 0x0000000087200000, 0x0000000087100000| Untracked 
| 114|0x0000000087200000, 0x0000000087300000, 0x0000000087300000|100%| O|  |TAMS 0x0000000087300000, 0x0000000087200000| Untracked 
| 115|0x0000000087300000, 0x0000000087400000, 0x0000000087400000|100%| O|  |TAMS 0x0000000087400000, 0x0000000087300000| Untracked 
| 116|0x0000000087400000, 0x0000000087500000, 0x0000000087500000|100%| O|  |TAMS 0x0000000087500000, 0x0000000087400000| Untracked 
| 117|0x0000000087500000, 0x0000000087600000, 0x0000000087600000|100%| O|  |TAMS 0x0000000087600000, 0x0000000087500000| Complete 
| 118|0x0000000087600000, 0x0000000087700000, 0x0000000087700000|100%| O|  |TAMS 0x0000000087700000, 0x0000000087600000| Complete 
| 119|0x0000000087700000, 0x0000000087800000, 0x0000000087800000|100%| O|  |TAMS 0x0000000087800000, 0x0000000087700000| Complete 
| 120|0x0000000087800000, 0x0000000087900000, 0x0000000087900000|100%| O|  |TAMS 0x0000000087900000, 0x0000000087800000| Complete 
| 121|0x0000000087900000, 0x0000000087a00000, 0x0000000087a00000|100%| O|  |TAMS 0x0000000087a00000, 0x0000000087900000| Complete 
| 122|0x0000000087a00000, 0x0000000087b00000, 0x0000000087b00000|100%| O|  |TAMS 0x0000000087b00000, 0x0000000087a00000| Complete 
| 123|0x0000000087b00000, 0x0000000087c00000, 0x0000000087c00000|100%| O|  |TAMS 0x0000000087c00000, 0x0000000087b00000| Untracked 
| 124|0x0000000087c00000, 0x0000000087d00000, 0x0000000087d00000|100%| O|  |TAMS 0x0000000087d00000, 0x0000000087c00000| Untracked 
| 125|0x0000000087d00000, 0x0000000087e00000, 0x0000000087e00000|100%| O|  |TAMS 0x0000000087e00000, 0x0000000087d00000| Untracked 
| 126|0x0000000087e00000, 0x0000000087f00000, 0x0000000087f00000|100%| O|  |TAMS 0x0000000087f00000, 0x0000000087e00000| Untracked 
| 127|0x0000000087f00000, 0x0000000088000000, 0x0000000088000000|100%| O|  |TAMS 0x0000000088000000, 0x0000000087f00000| Untracked 
| 128|0x0000000088000000, 0x0000000088100000, 0x0000000088100000|100%| O|  |TAMS 0x0000000088100000, 0x0000000088000000| Untracked 
| 129|0x0000000088100000, 0x0000000088200000, 0x0000000088200000|100%| O|  |TAMS 0x0000000088200000, 0x0000000088100000| Complete 
| 130|0x0000000088200000, 0x0000000088300000, 0x0000000088300000|100%| O|  |TAMS 0x0000000088300000, 0x0000000088200000| Complete 
| 131|0x0000000088300000, 0x0000000088400000, 0x0000000088400000|100%| O|  |TAMS 0x0000000088400000, 0x0000000088300000| Complete 
| 132|0x0000000088400000, 0x0000000088500000, 0x0000000088500000|100%| O|  |TAMS 0x0000000088500000, 0x0000000088400000| Complete 
| 133|0x0000000088500000, 0x0000000088600000, 0x0000000088600000|100%| O|  |TAMS 0x0000000088600000, 0x0000000088500000| Complete 
| 134|0x0000000088600000, 0x0000000088700000, 0x0000000088700000|100%| O|  |TAMS 0x0000000088700000, 0x0000000088600000| Complete 
| 135|0x0000000088700000, 0x0000000088800000, 0x0000000088800000|100%| O|  |TAMS 0x0000000088800000, 0x0000000088700000| Complete 
| 136|0x0000000088800000, 0x0000000088900000, 0x0000000088900000|100%| O|  |TAMS 0x0000000088900000, 0x0000000088800000| Untracked 
| 137|0x0000000088900000, 0x0000000088a00000, 0x0000000088a00000|100%| O|  |TAMS 0x0000000088a00000, 0x0000000088900000| Complete 
| 138|0x0000000088a00000, 0x0000000088b00000, 0x0000000088b00000|100%| O|  |TAMS 0x0000000088a00000, 0x0000000088a00000| Untracked 
| 139|0x0000000088b00000, 0x0000000088c00000, 0x0000000088c00000|100%| O|  |TAMS 0x0000000088c00000, 0x0000000088b00000| Complete 
| 140|0x0000000088c00000, 0x0000000088d00000, 0x0000000088d00000|100%| O|  |TAMS 0x0000000088d00000, 0x0000000088c00000| Complete 
| 141|0x0000000088d00000, 0x0000000088e00000, 0x0000000088e00000|100%| O|  |TAMS 0x0000000088e00000, 0x0000000088d00000| Complete 
| 142|0x0000000088e00000, 0x0000000088f00000, 0x0000000088f00000|100%| O|  |TAMS 0x0000000088f00000, 0x0000000088e00000| Complete 
| 143|0x0000000088f00000, 0x0000000089000000, 0x0000000089000000|100%| O|  |TAMS 0x0000000089000000, 0x0000000088f00000| Complete 
| 144|0x0000000089000000, 0x0000000089100000, 0x0000000089100000|100%| O|  |TAMS 0x0000000089100000, 0x0000000089000000| Untracked 
| 145|0x0000000089100000, 0x0000000089200000, 0x0000000089200000|100%| O|  |TAMS 0x0000000089200000, 0x0000000089100000| Untracked 
| 146|0x0000000089200000, 0x0000000089300000, 0x0000000089300000|100%| O|  |TAMS 0x0000000089300000, 0x0000000089200000| Complete 
| 147|0x0000000089300000, 0x0000000089400000, 0x0000000089400000|100%| O|  |TAMS 0x0000000089400000, 0x0000000089300000| Complete 
| 148|0x0000000089400000, 0x0000000089500000, 0x0000000089500000|100%| O|  |TAMS 0x0000000089500000, 0x0000000089400000| Complete 
| 149|0x0000000089500000, 0x0000000089600000, 0x0000000089600000|100%| O|  |TAMS 0x0000000089600000, 0x0000000089500000| Complete 
| 150|0x0000000089600000, 0x0000000089700000, 0x0000000089700000|100%| O|  |TAMS 0x0000000089700000, 0x0000000089600000| Complete 
| 151|0x0000000089700000, 0x0000000089800000, 0x0000000089800000|100%| O|  |TAMS 0x0000000089800000, 0x0000000089700000| Complete 
| 152|0x0000000089800000, 0x0000000089900000, 0x0000000089900000|100%| O|  |TAMS 0x0000000089900000, 0x0000000089800000| Complete 
| 153|0x0000000089900000, 0x0000000089a00000, 0x0000000089a00000|100%| O|  |TAMS 0x0000000089a00000, 0x0000000089900000| Complete 
| 154|0x0000000089a00000, 0x0000000089b00000, 0x0000000089b00000|100%| O|  |TAMS 0x0000000089b00000, 0x0000000089a00000| Complete 
| 155|0x0000000089b00000, 0x0000000089c00000, 0x0000000089c00000|100%| O|  |TAMS 0x0000000089c00000, 0x0000000089b00000| Untracked 
| 156|0x0000000089c00000, 0x0000000089d00000, 0x0000000089d00000|100%| O|  |TAMS 0x0000000089d00000, 0x0000000089c00000| Complete 
| 157|0x0000000089d00000, 0x0000000089e00000, 0x0000000089e00000|100%| O|  |TAMS 0x0000000089e00000, 0x0000000089d00000| Complete 
| 158|0x0000000089e00000, 0x0000000089f00000, 0x0000000089f00000|100%| O|  |TAMS 0x0000000089f00000, 0x0000000089e00000| Complete 
| 159|0x0000000089f00000, 0x000000008a000000, 0x000000008a000000|100%| O|  |TAMS 0x000000008a000000, 0x0000000089f00000| Complete 
| 160|0x000000008a000000, 0x000000008a100000, 0x000000008a100000|100%| O|  |TAMS 0x000000008a100000, 0x000000008a000000| Complete 
| 161|0x000000008a100000, 0x000000008a200000, 0x000000008a200000|100%| O|  |TAMS 0x000000008a200000, 0x000000008a100000| Untracked 
| 162|0x000000008a200000, 0x000000008a300000, 0x000000008a300000|100%| O|  |TAMS 0x000000008a300000, 0x000000008a200000| Untracked 
| 163|0x000000008a300000, 0x000000008a400000, 0x000000008a400000|100%| O|  |TAMS 0x000000008a400000, 0x000000008a300000| Untracked 
| 164|0x000000008a400000, 0x000000008a500000, 0x000000008a500000|100%| O|  |TAMS 0x000000008a500000, 0x000000008a400000| Untracked 
| 165|0x000000008a500000, 0x000000008a600000, 0x000000008a600000|100%| O|  |TAMS 0x000000008a600000, 0x000000008a500000| Untracked 
| 166|0x000000008a600000, 0x000000008a700000, 0x000000008a700000|100%| O|  |TAMS 0x000000008a700000, 0x000000008a600000| Complete 
| 167|0x000000008a700000, 0x000000008a800000, 0x000000008a800000|100%| O|  |TAMS 0x000000008a800000, 0x000000008a700000| Untracked 
| 168|0x000000008a800000, 0x000000008a900000, 0x000000008a900000|100%| O|  |TAMS 0x000000008a900000, 0x000000008a800000| Complete 
| 169|0x000000008a900000, 0x000000008aa00000, 0x000000008aa00000|100%| O|  |TAMS 0x000000008aa00000, 0x000000008a900000| Untracked 
| 170|0x000000008aa00000, 0x000000008ab00000, 0x000000008ab00000|100%| O|  |TAMS 0x000000008ab00000, 0x000000008aa00000| Untracked 
| 171|0x000000008ab00000, 0x000000008ac00000, 0x000000008ac00000|100%| O|  |TAMS 0x000000008ac00000, 0x000000008ab00000| Untracked 
| 172|0x000000008ac00000, 0x000000008ad00000, 0x000000008ad00000|100%| O|  |TAMS 0x000000008ad00000, 0x000000008ac00000| Untracked 
| 173|0x000000008ad00000, 0x000000008ae00000, 0x000000008ae00000|100%| O|  |TAMS 0x000000008ae00000, 0x000000008ad00000| Untracked 
| 174|0x000000008ae00000, 0x000000008af00000, 0x000000008af00000|100%| O|  |TAMS 0x000000008af00000, 0x000000008ae00000| Untracked 
| 175|0x000000008af00000, 0x000000008b000000, 0x000000008b000000|100%| O|  |TAMS 0x000000008b000000, 0x000000008af00000| Untracked 
| 176|0x000000008b000000, 0x000000008b100000, 0x000000008b100000|100%| O|  |TAMS 0x000000008b100000, 0x000000008b000000| Untracked 
| 177|0x000000008b100000, 0x000000008b200000, 0x000000008b200000|100%| O|  |TAMS 0x000000008b200000, 0x000000008b100000| Untracked 
| 178|0x000000008b200000, 0x000000008b300000, 0x000000008b300000|100%| O|  |TAMS 0x000000008b300000, 0x000000008b200000| Complete 
| 179|0x000000008b300000, 0x000000008b400000, 0x000000008b400000|100%| O|  |TAMS 0x000000008b400000, 0x000000008b300000| Complete 
| 180|0x000000008b400000, 0x000000008b500000, 0x000000008b500000|100%| O|  |TAMS 0x000000008b500000, 0x000000008b400000| Untracked 
| 181|0x000000008b500000, 0x000000008b600000, 0x000000008b600000|100%| O|  |TAMS 0x000000008b600000, 0x000000008b500000| Untracked 
| 182|0x000000008b600000, 0x000000008b700000, 0x000000008b700000|100%| O|  |TAMS 0x000000008b700000, 0x000000008b600000| Untracked 
| 183|0x000000008b700000, 0x000000008b800000, 0x000000008b800000|100%| O|  |TAMS 0x000000008b800000, 0x000000008b700000| Untracked 
| 184|0x000000008b800000, 0x000000008b900000, 0x000000008b900000|100%| O|  |TAMS 0x000000008b900000, 0x000000008b800000| Complete 
| 185|0x000000008b900000, 0x000000008ba00000, 0x000000008ba00000|100%| O|  |TAMS 0x000000008ba00000, 0x000000008b900000| Untracked 
| 186|0x000000008ba00000, 0x000000008bb00000, 0x000000008bb00000|100%| O|  |TAMS 0x000000008bb00000, 0x000000008ba00000| Complete 
| 187|0x000000008bb00000, 0x000000008bc00000, 0x000000008bc00000|100%| O|  |TAMS 0x000000008bc00000, 0x000000008bb00000| Complete 
| 188|0x000000008bc00000, 0x000000008bd00000, 0x000000008bd00000|100%| O|  |TAMS 0x000000008bd00000, 0x000000008bc00000| Complete 
| 189|0x000000008bd00000, 0x000000008be00000, 0x000000008be00000|100%| O|  |TAMS 0x000000008be00000, 0x000000008bd00000| Untracked 
| 190|0x000000008be00000, 0x000000008bf00000, 0x000000008bf00000|100%| O|  |TAMS 0x000000008bf00000, 0x000000008be00000| Untracked 
| 191|0x000000008bf00000, 0x000000008c000000, 0x000000008c000000|100%| O|  |TAMS 0x000000008c000000, 0x000000008bf00000| Untracked 
| 192|0x000000008c000000, 0x000000008c100000, 0x000000008c100000|100%| O|  |TAMS 0x000000008c100000, 0x000000008c000000| Untracked 
| 193|0x000000008c100000, 0x000000008c200000, 0x000000008c200000|100%| O|  |TAMS 0x000000008c200000, 0x000000008c100000| Untracked 
| 194|0x000000008c200000, 0x000000008c300000, 0x000000008c300000|100%| O|  |TAMS 0x000000008c300000, 0x000000008c200000| Complete 
| 195|0x000000008c300000, 0x000000008c400000, 0x000000008c400000|100%| O|  |TAMS 0x000000008c400000, 0x000000008c300000| Complete 
| 196|0x000000008c400000, 0x000000008c500000, 0x000000008c500000|100%| O|  |TAMS 0x000000008c500000, 0x000000008c400000| Complete 
| 197|0x000000008c500000, 0x000000008c600000, 0x000000008c600000|100%| O|  |TAMS 0x000000008c600000, 0x000000008c500000| Complete 
| 198|0x000000008c600000, 0x000000008c700000, 0x000000008c700000|100%| O|  |TAMS 0x000000008c700000, 0x000000008c600000| Untracked 
| 199|0x000000008c700000, 0x000000008c800000, 0x000000008c800000|100%| O|  |TAMS 0x000000008c800000, 0x000000008c700000| Untracked 
| 200|0x000000008c800000, 0x000000008c900000, 0x000000008c900000|100%| O|  |TAMS 0x000000008c900000, 0x000000008c800000| Untracked 
| 201|0x000000008c900000, 0x000000008ca00000, 0x000000008ca00000|100%| O|  |TAMS 0x000000008ca00000, 0x000000008c900000| Untracked 
| 202|0x000000008ca00000, 0x000000008cb00000, 0x000000008cb00000|100%| O|  |TAMS 0x000000008cb00000, 0x000000008ca00000| Untracked 
| 203|0x000000008cb00000, 0x000000008cc00000, 0x000000008cc00000|100%| O|  |TAMS 0x000000008cc00000, 0x000000008cb00000| Untracked 
| 204|0x000000008cc00000, 0x000000008cd00000, 0x000000008cd00000|100%| O|  |TAMS 0x000000008cd00000, 0x000000008cc00000| Untracked 
| 205|0x000000008cd00000, 0x000000008ce00000, 0x000000008ce00000|100%| O|  |TAMS 0x000000008ce00000, 0x000000008cd00000| Complete 
| 206|0x000000008ce00000, 0x000000008cf00000, 0x000000008cf00000|100%| O|  |TAMS 0x000000008cf00000, 0x000000008ce00000| Complete 
| 207|0x000000008cf00000, 0x000000008d000000, 0x000000008d000000|100%| O|  |TAMS 0x000000008d000000, 0x000000008cf00000| Complete 
| 208|0x000000008d000000, 0x000000008d100000, 0x000000008d100000|100%| O|  |TAMS 0x000000008d100000, 0x000000008d000000| Untracked 
| 209|0x000000008d100000, 0x000000008d200000, 0x000000008d200000|100%| O|  |TAMS 0x000000008d200000, 0x000000008d100000| Untracked 
| 210|0x000000008d200000, 0x000000008d300000, 0x000000008d300000|100%| O|  |TAMS 0x000000008d300000, 0x000000008d200000| Complete 
| 211|0x000000008d300000, 0x000000008d400000, 0x000000008d400000|100%| O|  |TAMS 0x000000008d400000, 0x000000008d300000| Untracked 
| 212|0x000000008d400000, 0x000000008d500000, 0x000000008d500000|100%| O|  |TAMS 0x000000008d500000, 0x000000008d400000| Complete 
| 213|0x000000008d500000, 0x000000008d600000, 0x000000008d600000|100%| O|  |TAMS 0x000000008d600000, 0x000000008d500000| Untracked 
| 214|0x000000008d600000, 0x000000008d700000, 0x000000008d700000|100%| O|  |TAMS 0x000000008d700000, 0x000000008d600000| Complete 
| 215|0x000000008d700000, 0x000000008d800000, 0x000000008d800000|100%| O|  |TAMS 0x000000008d800000, 0x000000008d700000| Untracked 
| 216|0x000000008d800000, 0x000000008d900000, 0x000000008d900000|100%| O|  |TAMS 0x000000008d800000, 0x000000008d800000| Untracked 
| 217|0x000000008d900000, 0x000000008d967a00, 0x000000008da00000| 40%| O|  |TAMS 0x000000008d900000, 0x000000008d900000| Untracked 
| 218|0x000000008da00000, 0x000000008da00000, 0x000000008db00000|  0%| F|  |TAMS 0x000000008da00000, 0x000000008da00000| Untracked 
| 219|0x000000008db00000, 0x000000008db00000, 0x000000008dc00000|  0%| F|  |TAMS 0x000000008db00000, 0x000000008db00000| Untracked 
| 220|0x000000008dc00000, 0x000000008dc00000, 0x000000008dd00000|  0%| F|  |TAMS 0x000000008dc00000, 0x000000008dc00000| Untracked 
| 221|0x000000008dd00000, 0x000000008dd00000, 0x000000008de00000|  0%| F|  |TAMS 0x000000008dd00000, 0x000000008dd00000| Untracked 
| 222|0x000000008de00000, 0x000000008de00000, 0x000000008df00000|  0%| F|  |TAMS 0x000000008de00000, 0x000000008de00000| Untracked 
| 223|0x000000008df00000, 0x000000008df00000, 0x000000008e000000|  0%| F|  |TAMS 0x000000008df00000, 0x000000008df00000| Untracked 
| 224|0x000000008e000000, 0x000000008e000000, 0x000000008e100000|  0%| F|  |TAMS 0x000000008e000000, 0x000000008e000000| Untracked 
| 225|0x000000008e100000, 0x000000008e100000, 0x000000008e200000|  0%| F|  |TAMS 0x000000008e100000, 0x000000008e100000| Untracked 
| 226|0x000000008e200000, 0x000000008e200000, 0x000000008e300000|  0%| F|  |TAMS 0x000000008e200000, 0x000000008e200000| Untracked 
| 227|0x000000008e300000, 0x000000008e300000, 0x000000008e400000|  0%| F|  |TAMS 0x000000008e300000, 0x000000008e300000| Untracked 
| 228|0x000000008e400000, 0x000000008e400000, 0x000000008e500000|  0%| F|  |TAMS 0x000000008e400000, 0x000000008e400000| Untracked 
| 229|0x000000008e500000, 0x000000008e500000, 0x000000008e600000|  0%| F|  |TAMS 0x000000008e500000, 0x000000008e500000| Untracked 
| 230|0x000000008e600000, 0x000000008e600000, 0x000000008e700000|  0%| F|  |TAMS 0x000000008e600000, 0x000000008e600000| Untracked 
| 231|0x000000008e700000, 0x000000008e700000, 0x000000008e800000|  0%| F|  |TAMS 0x000000008e700000, 0x000000008e700000| Untracked 
| 232|0x000000008e800000, 0x000000008e800000, 0x000000008e900000|  0%| F|  |TAMS 0x000000008e800000, 0x000000008e800000| Untracked 
| 233|0x000000008e900000, 0x000000008e900000, 0x000000008ea00000|  0%| F|  |TAMS 0x000000008e900000, 0x000000008e900000| Untracked 
| 234|0x000000008ea00000, 0x000000008ea00000, 0x000000008eb00000|  0%| F|  |TAMS 0x000000008ea00000, 0x000000008ea00000| Untracked 
| 235|0x000000008eb00000, 0x000000008eb00000, 0x000000008ec00000|  0%| F|  |TAMS 0x000000008eb00000, 0x000000008eb00000| Untracked 
| 236|0x000000008ec00000, 0x000000008ec00000, 0x000000008ed00000|  0%| F|  |TAMS 0x000000008ec00000, 0x000000008ec00000| Untracked 
| 237|0x000000008ed00000, 0x000000008ed00000, 0x000000008ee00000|  0%| F|  |TAMS 0x000000008ed00000, 0x000000008ed00000| Untracked 
| 238|0x000000008ee00000, 0x000000008ee00000, 0x000000008ef00000|  0%| F|  |TAMS 0x000000008ee00000, 0x000000008ee00000| Untracked 
| 239|0x000000008ef00000, 0x000000008ef00000, 0x000000008f000000|  0%| F|  |TAMS 0x000000008ef00000, 0x000000008ef00000| Untracked 
| 240|0x000000008f000000, 0x000000008f000000, 0x000000008f100000|  0%| F|  |TAMS 0x000000008f000000, 0x000000008f000000| Untracked 
| 241|0x000000008f100000, 0x000000008f100000, 0x000000008f200000|  0%| F|  |TAMS 0x000000008f100000, 0x000000008f100000| Untracked 
| 242|0x000000008f200000, 0x000000008f200000, 0x000000008f300000|  0%| F|  |TAMS 0x000000008f200000, 0x000000008f200000| Untracked 
| 243|0x000000008f300000, 0x000000008f300000, 0x000000008f400000|  0%| F|  |TAMS 0x000000008f300000, 0x000000008f300000| Untracked 
| 244|0x000000008f400000, 0x000000008f400000, 0x000000008f500000|  0%| F|  |TAMS 0x000000008f400000, 0x000000008f400000| Untracked 
| 245|0x000000008f500000, 0x000000008f500000, 0x000000008f600000|  0%| F|  |TAMS 0x000000008f500000, 0x000000008f500000| Untracked 
| 246|0x000000008f600000, 0x000000008f600000, 0x000000008f700000|  0%| F|  |TAMS 0x000000008f600000, 0x000000008f600000| Untracked 
| 247|0x000000008f700000, 0x000000008f700000, 0x000000008f800000|  0%| F|  |TAMS 0x000000008f700000, 0x000000008f700000| Untracked 
| 248|0x000000008f800000, 0x000000008f800000, 0x000000008f900000|  0%| F|  |TAMS 0x000000008f800000, 0x000000008f800000| Untracked 
| 249|0x000000008f900000, 0x000000008f900000, 0x000000008fa00000|  0%| F|  |TAMS 0x000000008f900000, 0x000000008f900000| Untracked 
| 250|0x000000008fa00000, 0x000000008fa00000, 0x000000008fb00000|  0%| F|  |TAMS 0x000000008fa00000, 0x000000008fa00000| Untracked 
| 251|0x000000008fb00000, 0x000000008fb00000, 0x000000008fc00000|  0%| F|  |TAMS 0x000000008fb00000, 0x000000008fb00000| Untracked 
| 252|0x000000008fc00000, 0x000000008fc00000, 0x000000008fd00000|  0%| F|  |TAMS 0x000000008fc00000, 0x000000008fc00000| Untracked 
| 253|0x000000008fd00000, 0x000000008fd00000, 0x000000008fe00000|  0%| F|  |TAMS 0x000000008fd00000, 0x000000008fd00000| Untracked 
| 254|0x000000008fe00000, 0x000000008fe00000, 0x000000008ff00000|  0%| F|  |TAMS 0x000000008fe00000, 0x000000008fe00000| Untracked 
| 255|0x000000008ff00000, 0x000000008ff00000, 0x0000000090000000|  0%| F|  |TAMS 0x000000008ff00000, 0x000000008ff00000| Untracked 
| 256|0x0000000090000000, 0x0000000090000000, 0x0000000090100000|  0%| F|  |TAMS 0x0000000090000000, 0x0000000090000000| Untracked 
| 257|0x0000000090100000, 0x0000000090100000, 0x0000000090200000|  0%| F|  |TAMS 0x0000000090100000, 0x0000000090100000| Untracked 
| 258|0x0000000090200000, 0x0000000090200000, 0x0000000090300000|  0%| F|  |TAMS 0x0000000090200000, 0x0000000090200000| Untracked 
| 259|0x0000000090300000, 0x0000000090300000, 0x0000000090400000|  0%| F|  |TAMS 0x0000000090300000, 0x0000000090300000| Untracked 
| 260|0x0000000090400000, 0x0000000090400000, 0x0000000090500000|  0%| F|  |TAMS 0x0000000090400000, 0x0000000090400000| Untracked 
| 261|0x0000000090500000, 0x0000000090500000, 0x0000000090600000|  0%| F|  |TAMS 0x0000000090500000, 0x0000000090500000| Untracked 
| 262|0x0000000090600000, 0x0000000090600000, 0x0000000090700000|  0%| F|  |TAMS 0x0000000090600000, 0x0000000090600000| Untracked 
| 263|0x0000000090700000, 0x0000000090700000, 0x0000000090800000|  0%| F|  |TAMS 0x0000000090700000, 0x0000000090700000| Untracked 
| 264|0x0000000090800000, 0x0000000090800000, 0x0000000090900000|  0%| F|  |TAMS 0x0000000090800000, 0x0000000090800000| Untracked 
| 265|0x0000000090900000, 0x0000000090900000, 0x0000000090a00000|  0%| F|  |TAMS 0x0000000090900000, 0x0000000090900000| Untracked 
| 266|0x0000000090a00000, 0x0000000090a00000, 0x0000000090b00000|  0%| F|  |TAMS 0x0000000090a00000, 0x0000000090a00000| Untracked 
| 267|0x0000000090b00000, 0x0000000090b00000, 0x0000000090c00000|  0%| F|  |TAMS 0x0000000090b00000, 0x0000000090b00000| Untracked 
| 268|0x0000000090c00000, 0x0000000090c00000, 0x0000000090d00000|  0%| F|  |TAMS 0x0000000090c00000, 0x0000000090c00000| Untracked 
| 269|0x0000000090d00000, 0x0000000090d00000, 0x0000000090e00000|  0%| F|  |TAMS 0x0000000090d00000, 0x0000000090d00000| Untracked 
| 270|0x0000000090e00000, 0x0000000090e00000, 0x0000000090f00000|  0%| F|  |TAMS 0x0000000090e00000, 0x0000000090e00000| Untracked 
| 271|0x0000000090f00000, 0x0000000090f00000, 0x0000000091000000|  0%| F|  |TAMS 0x0000000090f00000, 0x0000000090f00000| Untracked 
| 272|0x0000000091000000, 0x0000000091000000, 0x0000000091100000|  0%| F|  |TAMS 0x0000000091000000, 0x0000000091000000| Untracked 
| 273|0x0000000091100000, 0x0000000091100000, 0x0000000091200000|  0%| F|  |TAMS 0x0000000091100000, 0x0000000091100000| Untracked 
| 274|0x0000000091200000, 0x0000000091200000, 0x0000000091300000|  0%| F|  |TAMS 0x0000000091200000, 0x0000000091200000| Untracked 
| 275|0x0000000091300000, 0x0000000091300000, 0x0000000091400000|  0%| F|  |TAMS 0x0000000091300000, 0x0000000091300000| Untracked 
| 276|0x0000000091400000, 0x0000000091400000, 0x0000000091500000|  0%| F|  |TAMS 0x0000000091400000, 0x0000000091400000| Untracked 
| 277|0x0000000091500000, 0x00000000915b1cb0, 0x0000000091600000| 69%| S|CS|TAMS 0x0000000091500000, 0x0000000091500000| Complete 
| 278|0x0000000091600000, 0x0000000091700000, 0x0000000091700000|100%| S|CS|TAMS 0x0000000091600000, 0x0000000091600000| Complete 
| 279|0x0000000091700000, 0x0000000091700000, 0x0000000091800000|  0%| F|  |TAMS 0x0000000091700000, 0x0000000091700000| Untracked 
| 280|0x0000000091800000, 0x0000000091800000, 0x0000000091900000|  0%| F|  |TAMS 0x0000000091800000, 0x0000000091800000| Untracked 
| 281|0x0000000091900000, 0x0000000091900000, 0x0000000091a00000|  0%| F|  |TAMS 0x0000000091900000, 0x0000000091900000| Untracked 
| 282|0x0000000091a00000, 0x0000000091a00000, 0x0000000091b00000|  0%| F|  |TAMS 0x0000000091a00000, 0x0000000091a00000| Untracked 
| 283|0x0000000091b00000, 0x0000000091b00000, 0x0000000091c00000|  0%| F|  |TAMS 0x0000000091b00000, 0x0000000091b00000| Untracked 
| 284|0x0000000091c00000, 0x0000000091c00000, 0x0000000091d00000|  0%| F|  |TAMS 0x0000000091c00000, 0x0000000091c00000| Untracked 
| 285|0x0000000091d00000, 0x0000000091e00000, 0x0000000091e00000|100%| S|CS|TAMS 0x0000000091d00000, 0x0000000091d00000| Complete 
| 286|0x0000000091e00000, 0x0000000091f00000, 0x0000000091f00000|100%| S|CS|TAMS 0x0000000091e00000, 0x0000000091e00000| Complete 
| 287|0x0000000091f00000, 0x0000000092000000, 0x0000000092000000|100%| S|CS|TAMS 0x0000000091f00000, 0x0000000091f00000| Complete 
| 288|0x0000000092000000, 0x0000000092000000, 0x0000000092100000|  0%| F|  |TAMS 0x0000000092000000, 0x0000000092000000| Untracked 
| 289|0x0000000092100000, 0x0000000092100000, 0x0000000092200000|  0%| F|  |TAMS 0x0000000092100000, 0x0000000092100000| Untracked 
| 290|0x0000000092200000, 0x0000000092200000, 0x0000000092300000|  0%| F|  |TAMS 0x0000000092200000, 0x0000000092200000| Untracked 
| 291|0x0000000092300000, 0x0000000092300000, 0x0000000092400000|  0%| F|  |TAMS 0x0000000092300000, 0x0000000092300000| Untracked 
| 292|0x0000000092400000, 0x0000000092400000, 0x0000000092500000|  0%| F|  |TAMS 0x0000000092400000, 0x0000000092400000| Untracked 
| 293|0x0000000092500000, 0x0000000092500000, 0x0000000092600000|  0%| F|  |TAMS 0x0000000092500000, 0x0000000092500000| Untracked 
| 294|0x0000000092600000, 0x0000000092600000, 0x0000000092700000|  0%| F|  |TAMS 0x0000000092600000, 0x0000000092600000| Untracked 
| 295|0x0000000092700000, 0x0000000092700000, 0x0000000092800000|  0%| F|  |TAMS 0x0000000092700000, 0x0000000092700000| Untracked 
| 296|0x0000000092800000, 0x0000000092800000, 0x0000000092900000|  0%| F|  |TAMS 0x0000000092800000, 0x0000000092800000| Untracked 
| 297|0x0000000092900000, 0x0000000092900000, 0x0000000092a00000|  0%| F|  |TAMS 0x0000000092900000, 0x0000000092900000| Untracked 
| 298|0x0000000092a00000, 0x0000000092a00000, 0x0000000092b00000|  0%| F|  |TAMS 0x0000000092a00000, 0x0000000092a00000| Untracked 
| 299|0x0000000092b00000, 0x0000000092b00000, 0x0000000092c00000|  0%| F|  |TAMS 0x0000000092b00000, 0x0000000092b00000| Untracked 
| 300|0x0000000092c00000, 0x0000000092c00000, 0x0000000092d00000|  0%| F|  |TAMS 0x0000000092c00000, 0x0000000092c00000| Untracked 
| 301|0x0000000092d00000, 0x0000000092d00000, 0x0000000092e00000|  0%| F|  |TAMS 0x0000000092d00000, 0x0000000092d00000| Untracked 
| 302|0x0000000092e00000, 0x0000000092e00000, 0x0000000092f00000|  0%| F|  |TAMS 0x0000000092e00000, 0x0000000092e00000| Untracked 
| 303|0x0000000092f00000, 0x0000000092f00000, 0x0000000093000000|  0%| F|  |TAMS 0x0000000092f00000, 0x0000000092f00000| Untracked 
| 304|0x0000000093000000, 0x0000000093000000, 0x0000000093100000|  0%| F|  |TAMS 0x0000000093000000, 0x0000000093000000| Untracked 
| 305|0x0000000093100000, 0x0000000093100000, 0x0000000093200000|  0%| F|  |TAMS 0x0000000093100000, 0x0000000093100000| Untracked 
| 306|0x0000000093200000, 0x0000000093200000, 0x0000000093300000|  0%| F|  |TAMS 0x0000000093200000, 0x0000000093200000| Untracked 
| 307|0x0000000093300000, 0x0000000093300000, 0x0000000093400000|  0%| F|  |TAMS 0x0000000093300000, 0x0000000093300000| Untracked 
| 308|0x0000000093400000, 0x0000000093400000, 0x0000000093500000|  0%| F|  |TAMS 0x0000000093400000, 0x0000000093400000| Untracked 
| 309|0x0000000093500000, 0x0000000093500000, 0x0000000093600000|  0%| F|  |TAMS 0x0000000093500000, 0x0000000093500000| Untracked 
| 310|0x0000000093600000, 0x0000000093600000, 0x0000000093700000|  0%| F|  |TAMS 0x0000000093600000, 0x0000000093600000| Untracked 
| 311|0x0000000093700000, 0x0000000093700000, 0x0000000093800000|  0%| F|  |TAMS 0x0000000093700000, 0x0000000093700000| Untracked 
| 312|0x0000000093800000, 0x0000000093800000, 0x0000000093900000|  0%| F|  |TAMS 0x0000000093800000, 0x0000000093800000| Untracked 
| 313|0x0000000093900000, 0x0000000093900000, 0x0000000093a00000|  0%| F|  |TAMS 0x0000000093900000, 0x0000000093900000| Untracked 
| 314|0x0000000093a00000, 0x0000000093a00000, 0x0000000093b00000|  0%| F|  |TAMS 0x0000000093a00000, 0x0000000093a00000| Untracked 
| 315|0x0000000093b00000, 0x0000000093b00000, 0x0000000093c00000|  0%| F|  |TAMS 0x0000000093b00000, 0x0000000093b00000| Untracked 
| 316|0x0000000093c00000, 0x0000000093c00000, 0x0000000093d00000|  0%| F|  |TAMS 0x0000000093c00000, 0x0000000093c00000| Untracked 
| 317|0x0000000093d00000, 0x0000000093d00000, 0x0000000093e00000|  0%| F|  |TAMS 0x0000000093d00000, 0x0000000093d00000| Untracked 
| 318|0x0000000093e00000, 0x0000000093e00000, 0x0000000093f00000|  0%| F|  |TAMS 0x0000000093e00000, 0x0000000093e00000| Untracked 
| 319|0x0000000093f00000, 0x0000000093f00000, 0x0000000094000000|  0%| F|  |TAMS 0x0000000093f00000, 0x0000000093f00000| Untracked 
| 320|0x0000000094000000, 0x0000000094000000, 0x0000000094100000|  0%| F|  |TAMS 0x0000000094000000, 0x0000000094000000| Untracked 
| 321|0x0000000094100000, 0x0000000094100000, 0x0000000094200000|  0%| F|  |TAMS 0x0000000094100000, 0x0000000094100000| Untracked 
| 322|0x0000000094200000, 0x0000000094200000, 0x0000000094300000|  0%| F|  |TAMS 0x0000000094200000, 0x0000000094200000| Untracked 
| 323|0x0000000094300000, 0x0000000094300000, 0x0000000094400000|  0%| F|  |TAMS 0x0000000094300000, 0x0000000094300000| Untracked 
| 324|0x0000000094400000, 0x0000000094400000, 0x0000000094500000|  0%| F|  |TAMS 0x0000000094400000, 0x0000000094400000| Untracked 
| 325|0x0000000094500000, 0x0000000094500000, 0x0000000094600000|  0%| F|  |TAMS 0x0000000094500000, 0x0000000094500000| Untracked 
| 326|0x0000000094600000, 0x0000000094600000, 0x0000000094700000|  0%| F|  |TAMS 0x0000000094600000, 0x0000000094600000| Untracked 
| 327|0x0000000094700000, 0x0000000094700000, 0x0000000094800000|  0%| F|  |TAMS 0x0000000094700000, 0x0000000094700000| Untracked 
| 328|0x0000000094800000, 0x0000000094800000, 0x0000000094900000|  0%| F|  |TAMS 0x0000000094800000, 0x0000000094800000| Untracked 
| 329|0x0000000094900000, 0x0000000094900000, 0x0000000094a00000|  0%| F|  |TAMS 0x0000000094900000, 0x0000000094900000| Untracked 
| 330|0x0000000094a00000, 0x0000000094a00000, 0x0000000094b00000|  0%| F|  |TAMS 0x0000000094a00000, 0x0000000094a00000| Untracked 
| 331|0x0000000094b00000, 0x0000000094b00000, 0x0000000094c00000|  0%| F|  |TAMS 0x0000000094b00000, 0x0000000094b00000| Untracked 
| 332|0x0000000094c00000, 0x0000000094c00000, 0x0000000094d00000|  0%| F|  |TAMS 0x0000000094c00000, 0x0000000094c00000| Untracked 

Card table byte_map: [0x0000022efc350000,0x0000022efc750000] _byte_map_base: 0x0000022efbf50000

Marking Bits (Prev, Next): (CMBitMap*) 0x0000022ee91718c8, (CMBitMap*) 0x0000022ee9171900
 Prev Bits: [0x0000022efcb50000, 0x0000022efeb50000)
 Next Bits: [0x0000022e80000000, 0x0000022e82000000)

Polling page: 0x0000022ee7140000

Metaspace:

Usage:
  Non-class:     88.45 MB capacity,    86.93 MB ( 98%) used,     1.23 MB (  1%) free+waste,   293.25 KB ( <1%) overhead. 
      Class:     13.80 MB capacity,    12.88 MB ( 93%) used,   815.76 KB (  6%) free+waste,   130.88 KB ( <1%) overhead. 
       Both:    102.25 MB capacity,    99.80 MB ( 98%) used,     2.03 MB (  2%) free+waste,   424.13 KB ( <1%) overhead. 

Virtual space:
  Non-class space:       90.00 MB reserved,      88.99 MB ( 99%) committed 
      Class space:        1.00 GB reserved,      14.13 MB (  1%) committed 
             Both:        1.09 GB reserved,     103.12 MB (  9%) committed 

Chunk freelists:
   Non-Class:  430.00 KB
       Class:  298.00 KB
        Both:  728.00 KB

MaxMetaspaceSize: 17179869184.00 GB
CompressedClassSpaceSize: 1.00 GB

CodeHeap 'non-profiled nmethods': size=120000Kb used=5414Kb max_used=5414Kb free=114585Kb
 bounds [0x0000022ef46f0000, 0x0000022ef4c40000, 0x0000022efbc20000]
CodeHeap 'profiled nmethods': size=120000Kb used=26141Kb max_used=26141Kb free=93859Kb
 bounds [0x0000022eed1c0000, 0x0000022eeeb50000, 0x0000022ef46f0000]
CodeHeap 'non-nmethods': size=5760Kb used=2303Kb max_used=2339Kb free=3456Kb
 bounds [0x0000022eecc20000, 0x0000022eece90000, 0x0000022eed1c0000]
 total_blobs=13554 nmethods=12641 adapters=823
 compilation: enabled
              stopped_count=0, restarted_count=0
 full_count=0

Compilation events (20 events):
Event: 28.887 Thread 0x0000022eff5d1800 nmethod 13028 0x0000022eeeb3c110 code [0x0000022eeeb3c360, 0x0000022eeeb3cc88]
Event: 28.887 Thread 0x0000022eff5d1800 12961       3       com.android.tools.r8.internal.ca::a (19 bytes)
Event: 28.888 Thread 0x0000022eff5d1800 nmethod 12961 0x0000022eeeb3d010 code [0x0000022eeeb3d1e0, 0x0000022eeeb3d528]
Event: 28.888 Thread 0x0000022eff5d1800 13016       3       com.android.tools.r8.internal.fa::c (30 bytes)
Event: 28.888 Thread 0x0000022eff5d1800 nmethod 13016 0x0000022eeeb3d610 code [0x0000022eeeb3d7c0, 0x0000022eeeb3d8d8]
Event: 28.888 Thread 0x0000022eff5d1800 13043       3       com.android.tools.r8.internal.Me::a (704 bytes)
Event: 28.892 Thread 0x0000022eff5d1800 nmethod 13043 0x0000022eeeb3d990 code [0x0000022eeeb3de40, 0x0000022eeeb40398]
Event: 28.892 Thread 0x0000022eff5d1800 13050 %     3       java.util.ArrayDeque::contains @ 35 (80 bytes)
Event: 28.893 Thread 0x0000022eff5d1800 nmethod 13050% 0x0000022eeeb41190 code [0x0000022eeeb41380, 0x0000022eeeb41888]
Event: 28.893 Thread 0x0000022eff5d1800 12899       2       com.android.tools.r8.internal.XC::b (268 bytes)
Event: 28.895 Thread 0x0000022eff5d1800 nmethod 12899 0x0000022eeeb41a90 code [0x0000022eeeb41e00, 0x0000022eeeb42978]
Event: 28.895 Thread 0x0000022eff5d1800 12908       2       com.android.tools.r8.internal.i2::f (38 bytes)
Event: 28.897 Thread 0x0000022eff5d1800 nmethod 12908 0x0000022eeeb43090 code [0x0000022eeeb43280, 0x0000022eeeb43638]
Event: 28.897 Thread 0x0000022eff5d1800 12910       2       com.android.tools.r8.internal.Of::g (55 bytes)
Event: 28.898 Thread 0x0000022eff5d1800 nmethod 12910 0x0000022eeeb43890 code [0x0000022eeeb43a80, 0x0000022eeeb43d18]
Event: 28.898 Thread 0x0000022eff5d1800 12895       2       java.util.Arrays$ArrayList::forEach (43 bytes)
Event: 28.898 Thread 0x0000022eff5d1800 nmethod 12895 0x0000022eeeb43e90 code [0x0000022eeeb44060, 0x0000022eeeb442d8]
Event: 28.898 Thread 0x0000022eff5d1800 13045       3       com.android.tools.r8.internal.i2::h (206 bytes)
Event: 28.900 Thread 0x0000022eff5d1800 nmethod 13045 0x0000022eeeb44490 code [0x0000022eeeb44880, 0x0000022eeeb46a58]
Event: 28.900 Thread 0x0000022eff5d1800 13057       3       com.android.tools.r8.ir.regalloc.a::a (3985 bytes)

GC Heap History (20 events):
Event: 26.990 GC heap after
{Heap after GC invocations=32 (full 0):
 garbage-first heap   total 225280K, used 157948K [0x0000000080000000, 0x0000000100000000)
  region size 1024K, 5 young (5120K), 5 survivors (5120K)
 Metaspace       used 96240K, capacity 98622K, committed 98936K, reserved 1134592K
  class space    used 12413K, capacity 13322K, committed 13440K, reserved 1048576K
}
Event: 27.044 GC heap before
{Heap before GC invocations=33 (full 0):
 garbage-first heap   total 225280K, used 183548K [0x0000000080000000, 0x0000000100000000)
  region size 1024K, 30 young (30720K), 5 survivors (5120K)
 Metaspace       used 96598K, capacity 99006K, committed 99192K, reserved 1134592K
  class space    used 12458K, capacity 13386K, committed 13440K, reserved 1048576K
}
Event: 27.058 GC heap after
{Heap after GC invocations=34 (full 0):
 garbage-first heap   total 270336K, used 164669K [0x0000000080000000, 0x0000000100000000)
  region size 1024K, 4 young (4096K), 4 survivors (4096K)
 Metaspace       used 96598K, capacity 99006K, committed 99192K, reserved 1134592K
  class space    used 12458K, capacity 13386K, committed 13440K, reserved 1048576K
}
Event: 27.093 GC heap before
{Heap before GC invocations=34 (full 0):
 garbage-first heap   total 270336K, used 172861K [0x0000000080000000, 0x0000000100000000)
  region size 1024K, 14 young (14336K), 4 survivors (4096K)
 Metaspace       used 96863K, capacity 99294K, committed 99448K, reserved 1134592K
  class space    used 12491K, capacity 13418K, committed 13440K, reserved 1048576K
}
Event: 27.102 GC heap after
{Heap after GC invocations=35 (full 0):
 garbage-first heap   total 270336K, used 166581K [0x0000000080000000, 0x0000000100000000)
  region size 1024K, 2 young (2048K), 2 survivors (2048K)
 Metaspace       used 96863K, capacity 99294K, committed 99448K, reserved 1134592K
  class space    used 12491K, capacity 13418K, committed 13440K, reserved 1048576K
}
Event: 27.230 GC heap before
{Heap before GC invocations=35 (full 0):
 garbage-first heap   total 270336K, used 206517K [0x0000000080000000, 0x0000000100000000)
  region size 1024K, 42 young (43008K), 2 survivors (2048K)
 Metaspace       used 98123K, capacity 100792K, committed 100856K, reserved 1136640K
  class space    used 12726K, capacity 13779K, committed 13824K, reserved 1048576K
}
Event: 27.245 GC heap after
{Heap after GC invocations=36 (full 0):
 garbage-first heap   total 270336K, used 179169K [0x0000000080000000, 0x0000000100000000)
  region size 1024K, 6 young (6144K), 6 survivors (6144K)
 Metaspace       used 98123K, capacity 100792K, committed 100856K, reserved 1136640K
  class space    used 12726K, capacity 13779K, committed 13824K, reserved 1048576K
}
Event: 27.397 GC heap before
{Heap before GC invocations=36 (full 0):
 garbage-first heap   total 270336K, used 213985K [0x0000000080000000, 0x0000000100000000)
  region size 1024K, 40 young (40960K), 6 survivors (6144K)
 Metaspace       used 98682K, capacity 101353K, committed 101496K, reserved 1136640K
  class space    used 12827K, capacity 13901K, committed 13952K, reserved 1048576K
}
Event: 27.410 GC heap after
{Heap after GC invocations=37 (full 0):
 garbage-first heap   total 270336K, used 189289K [0x0000000080000000, 0x0000000100000000)
  region size 1024K, 5 young (5120K), 5 survivors (5120K)
 Metaspace       used 98682K, capacity 101353K, committed 101496K, reserved 1136640K
  class space    used 12827K, capacity 13901K, committed 13952K, reserved 1048576K
}
Event: 27.532 GC heap before
{Heap before GC invocations=37 (full 0):
 garbage-first heap   total 270336K, used 217961K [0x0000000080000000, 0x0000000100000000)
  region size 1024K, 34 young (34816K), 5 survivors (5120K)
 Metaspace       used 99083K, capacity 101608K, committed 102136K, reserved 1136640K
  class space    used 12883K, capacity 13888K, committed 14080K, reserved 1048576K
}
Event: 27.545 GC heap after
{Heap after GC invocations=38 (full 0):
 garbage-first heap   total 270336K, used 198589K [0x0000000080000000, 0x0000000100000000)
  region size 1024K, 5 young (5120K), 5 survivors (5120K)
 Metaspace       used 99083K, capacity 101608K, committed 102136K, reserved 1136640K
  class space    used 12883K, capacity 13888K, committed 14080K, reserved 1048576K
}
Event: 27.646 GC heap before
{Heap before GC invocations=38 (full 0):
 garbage-first heap   total 270336K, used 223165K [0x0000000080000000, 0x0000000100000000)
  region size 1024K, 30 young (30720K), 5 survivors (5120K)
 Metaspace       used 99610K, capacity 102162K, committed 102776K, reserved 1138688K
  class space    used 12971K, capacity 13990K, committed 14208K, reserved 1048576K
}
Event: 27.661 GC heap after
{Heap after GC invocations=39 (full 0):
 garbage-first heap   total 340992K, used 206034K [0x0000000080000000, 0x0000000100000000)
  region size 1024K, 4 young (4096K), 4 survivors (4096K)
 Metaspace       used 99610K, capacity 102162K, committed 102776K, reserved 1138688K
  class space    used 12971K, capacity 13990K, committed 14208K, reserved 1048576K
}
Event: 28.059 GC heap before
{Heap before GC invocations=40 (full 0):
 garbage-first heap   total 340992K, used 258258K [0x0000000080000000, 0x0000000100000000)
  region size 1024K, 56 young (57344K), 4 survivors (4096K)
 Metaspace       used 101585K, capacity 104259K, committed 104440K, reserved 1138688K
  class space    used 13266K, capacity 14325K, committed 14336K, reserved 1048576K
}
Event: 28.072 GC heap after
{Heap after GC invocations=41 (full 0):
 garbage-first heap   total 340992K, used 220106K [0x0000000080000000, 0x0000000100000000)
  region size 1024K, 7 young (7168K), 7 survivors (7168K)
 Metaspace       used 101585K, capacity 104259K, committed 104440K, reserved 1138688K
  class space    used 13266K, capacity 14325K, committed 14336K, reserved 1048576K
}
Event: 28.152 GC heap before
{Heap before GC invocations=41 (full 0):
 garbage-first heap   total 340992K, used 229322K [0x0000000080000000, 0x0000000100000000)
  region size 1024K, 16 young (16384K), 7 survivors (7168K)
 Metaspace       used 101655K, capacity 104336K, committed 104440K, reserved 1138688K
  class space    used 13276K, capacity 14329K, committed 14336K, reserved 1048576K
}
Event: 28.160 GC heap after
{Heap after GC invocations=42 (full 0):
 garbage-first heap   total 340992K, used 218506K [0x0000000080000000, 0x0000000100000000)
  region size 1024K, 2 young (2048K), 2 survivors (2048K)
 Metaspace       used 101655K, capacity 104336K, committed 104440K, reserved 1138688K
  class space    used 13276K, capacity 14329K, committed 14336K, reserved 1048576K
}
Event: 28.455 GC heap before
{Heap before GC invocations=42 (full 0):
 garbage-first heap   total 340992K, used 265610K [0x0000000080000000, 0x0000000100000000)
  region size 1024K, 48 young (49152K), 2 survivors (2048K)
 Metaspace       used 102015K, capacity 104696K, committed 104824K, reserved 1140736K
  class space    used 13323K, capacity 14402K, committed 14464K, reserved 1048576K
}
Event: 28.464 GC heap after
{Heap after GC invocations=43 (full 0):
 garbage-first heap   total 340992K, used 225647K [0x0000000080000000, 0x0000000100000000)
  region size 1024K, 6 young (6144K), 6 survivors (6144K)
 Metaspace       used 102015K, capacity 104696K, committed 104824K, reserved 1140736K
  class space    used 13323K, capacity 14402K, committed 14464K, reserved 1048576K
}
Event: 28.945 GC heap before
{Heap before GC invocations=44 (full 0):
 garbage-first heap   total 340992K, used 270703K [0x0000000080000000, 0x0000000100000000)
  region size 1024K, 51 young (52224K), 6 survivors (6144K)
 Metaspace       used 102200K, capacity 104704K, committed 105592K, reserved 1140736K
  class space    used 13187K, capacity 14134K, committed 14464K, reserved 1048576K
}

Deoptimization events (20 events):
Event: 28.546 Thread 0x0000022e86b90000 DEOPT PACKING pc=0x0000022ef4c2654c sp=0x00000084fc7fa0f0
Event: 28.546 Thread 0x0000022e86b90000 DEOPT UNPACKING pc=0x0000022eecc478af sp=0x00000084fc7fa0c8 mode 2
Event: 28.546 Thread 0x0000022e86b90000 Uncommon trap: trap_request=0xffffffbe fr.pc=0x0000022ef4c2654c relative=0x00000000000008ec
Event: 28.546 Thread 0x0000022e86b90000 Uncommon trap: reason=profile_predicate action=maybe_recompile pc=0x0000022ef4c2654c method=com.android.tools.r8.internal.xj.b(Ljava/lang/Iterable;Lcom/android/tools/r8/internal/aw;)Z @ 22 c2
Event: 28.546 Thread 0x0000022e86b90000 DEOPT PACKING pc=0x0000022ef4c2654c sp=0x00000084fc7fa0f0
Event: 28.546 Thread 0x0000022e86b90000 DEOPT UNPACKING pc=0x0000022eecc478af sp=0x00000084fc7fa0c8 mode 2
Event: 28.546 Thread 0x0000022e86b90000 Uncommon trap: trap_request=0xffffffbe fr.pc=0x0000022ef4c2654c relative=0x00000000000008ec
Event: 28.546 Thread 0x0000022e86b90000 Uncommon trap: reason=profile_predicate action=maybe_recompile pc=0x0000022ef4c2654c method=com.android.tools.r8.internal.xj.b(Ljava/lang/Iterable;Lcom/android/tools/r8/internal/aw;)Z @ 22 c2
Event: 28.546 Thread 0x0000022e86b90000 DEOPT PACKING pc=0x0000022ef4c2654c sp=0x00000084fc7fa0f0
Event: 28.546 Thread 0x0000022e86b90000 DEOPT UNPACKING pc=0x0000022eecc478af sp=0x00000084fc7fa0c8 mode 2
Event: 28.587 Thread 0x0000022e86b91800 DEOPT PACKING pc=0x0000022eee9cc9ed sp=0x00000084fc6f96d0
Event: 28.587 Thread 0x0000022e86b91800 DEOPT UNPACKING pc=0x0000022eecc476ce sp=0x00000084fc6f8eb0 mode 0
Event: 28.619 Thread 0x0000022e86b92800 DEOPT PACKING pc=0x0000022eeeaa89e3 sp=0x00000084fc8f9d20
Event: 28.619 Thread 0x0000022e86b92800 DEOPT UNPACKING pc=0x0000022eecc476ce sp=0x00000084fc8f9200 mode 0
Event: 28.656 Thread 0x0000022e86b94000 DEOPT PACKING pc=0x0000022eee944fa2 sp=0x00000084fcaf9140
Event: 28.656 Thread 0x0000022e86b94000 DEOPT UNPACKING pc=0x0000022eecc476ce sp=0x00000084fcaf85c0 mode 0
Event: 28.900 Thread 0x0000022e86b92800 DEOPT PACKING pc=0x0000022eee9667a2 sp=0x00000084fc8f98c0
Event: 28.900 Thread 0x0000022e86b92800 DEOPT UNPACKING pc=0x0000022eecc476ce sp=0x00000084fc8f9098 mode 0
Event: 28.915 Thread 0x0000022e86b94000 DEOPT PACKING pc=0x0000022eeea62fda sp=0x00000084fcaf8770
Event: 28.915 Thread 0x0000022e86b94000 DEOPT UNPACKING pc=0x0000022eecc476ce sp=0x00000084fcaf7ce0 mode 0

Classes redefined (0 events):
No events

Internal exceptions (20 events):
Event: 27.179 Thread 0x0000022e86b91000 Exception <a 'java/lang/NoSuchMethodError'{0x000000008ed89750}: 'java.lang.Object java.lang.invoke.DirectMethodHandle$Holder.invokeStatic(java.lang.Object, int, java.lang.Object, java.lang.Object)'> (0x000000008ed89750) thrown at [./src/hotspot/share/interpreter/linkResolver.cpp, line 773]
Event: 27.179 Thread 0x0000022e86b91800 Exception <a 'java/lang/NoSuchMethodError'{0x000000008edef0c0}: 'java.lang.Object java.lang.invoke.DirectMethodHandle$Holder.invokeStatic(java.lang.Object, int, java.lang.Object, java.lang.Object)'> (0x000000008edef0c0) thrown at [./src/hotspot/share/interpreter/linkResolver.cpp, line 773]
Event: 27.179 Thread 0x0000022e86b95000 Exception <a 'java/lang/NoSuchMethodError'{0x000000008edf2298}: 'java.lang.Object java.lang.invoke.DirectMethodHandle$Holder.invokeStatic(java.lang.Object, int, java.lang.Object, java.lang.Object)'> (0x000000008edf2298) thrown at [./src/hotspot/share/interpreter/linkResolver.cpp, line 773]
Event: 27.179 Thread 0x0000022e86b8e800 Exception <a 'java/lang/NoSuchMethodError'{0x000000008ed832e0}: 'java.lang.Object java.lang.invoke.DirectMethodHandle$Holder.invokeStatic(java.lang.Object, int, java.lang.Object, java.lang.Object)'> (0x000000008ed832e0) thrown at [./src/hotspot/share/interpreter/linkResolver.cpp, line 773]
Event: 27.179 Thread 0x0000022e86b90000 Exception <a 'java/lang/NoSuchMethodError'{0x000000008ee1a620}: 'java.lang.Object java.lang.invoke.DirectMethodHandle$Holder.invokeStatic(java.lang.Object, int, java.lang.Object, java.lang.Object)'> (0x000000008ee1a620) thrown at [./src/hotspot/share/interpreter/linkResolver.cpp, line 773]
Event: 27.179 Thread 0x0000022e86b92800 Exception <a 'java/lang/NoSuchMethodError'{0x000000008ed729f0}: 'java.lang.Object java.lang.invoke.DirectMethodHandle$Holder.invokeStatic(java.lang.Object, int, java.lang.Object, java.lang.Object)'> (0x000000008ed729f0) thrown at [./src/hotspot/share/interpreter/linkResolver.cpp, line 773]
Event: 27.307 Thread 0x0000022e86b91000 Exception <a 'java/lang/NoSuchMethodError'{0x000000008fa64228}: 'java.lang.Object java.lang.invoke.Invokers$Holder.linkToTargetMethod(java.lang.Object, java.lang.Object, java.lang.Object, java.lang.Object, java.lang.Object, java.lang.Object, java.lang.Object)'> (0x000000008fa64228) thrown at [./src/hotspot/share/interpreter/linkResolver.cpp, line 773]
Event: 27.307 Thread 0x0000022e86b95000 Exception <a 'java/lang/NoSuchMethodError'{0x000000009045b6c8}: 'java.lang.Object java.lang.invoke.Invokers$Holder.linkToTargetMethod(java.lang.Object, java.lang.Object, java.lang.Object, java.lang.Object, java.lang.Object, java.lang.Object, java.lang.Object)'> (0x000000009045b6c8) thrown at [./src/hotspot/share/interpreter/linkResolver.cpp, line 773]
Event: 27.323 Thread 0x0000022e86b95000 Exception <a 'java/lang/NoSuchMethodError'{0x000000008f736ba0}: 'int java.lang.invoke.DirectMethodHandle$Holder.invokeSpecial(java.lang.Object, java.lang.Object, java.lang.Object, java.lang.Object, java.lang.Object)'> (0x000000008f736ba0) thrown at [./src/hotspot/share/interpreter/linkResolver.cpp, line 773]
Event: 27.456 Thread 0x0000022e86b8e800 Exception <a 'java/lang/NoSuchMethodError'{0x000000008f9857f0}: 'java.lang.Object java.lang.invoke.DirectMethodHandle$Holder.invokeVirtual(java.lang.Object, java.lang.Object, int, java.lang.Object)'> (0x000000008f9857f0) thrown at [./src/hotspot/share/interpreter/linkResolver.cpp, line 773]
Event: 27.456 Thread 0x0000022e86b95000 Exception <a 'java/lang/NoSuchMethodError'{0x000000008f95dfa0}: 'java.lang.Object java.lang.invoke.DirectMethodHandle$Holder.invokeVirtual(java.lang.Object, java.lang.Object, int, java.lang.Object)'> (0x000000008f95dfa0) thrown at [./src/hotspot/share/interpreter/linkResolver.cpp, line 773]
Event: 27.459 Thread 0x0000022e86b91800 Exception <a 'java/lang/NoSuchMethodError'{0x000000008f92e490}: 'java.lang.Object java.lang.invoke.DirectMethodHandle$Holder.invokeVirtual(java.lang.Object, java.lang.Object, int, java.lang.Object)'> (0x000000008f92e490) thrown at [./src/hotspot/share/interpreter/linkResolver.cpp, line 773]
Event: 27.555 Thread 0x0000022e86b91000 Exception <a 'java/lang/NoSuchMethodError'{0x00000000906e5e40}: 'void java.lang.invoke.DirectMethodHandle$Holder.invokeVirtual(java.lang.Object, java.lang.Object, int, java.lang.Object)'> (0x00000000906e5e40) thrown at [./src/hotspot/share/interpreter/linkResolver.cpp, line 773]
Event: 27.555 Thread 0x0000022e86b91800 Exception <a 'java/lang/NoSuchMethodError'{0x00000000905bce50}: 'void java.lang.invoke.DirectMethodHandle$Holder.invokeVirtual(java.lang.Object, java.lang.Object, int, java.lang.Object)'> (0x00000000905bce50) thrown at [./src/hotspot/share/interpreter/linkResolver.cpp, line 773]
Event: 27.578 Thread 0x0000022e86b8e800 Exception <a 'java/lang/IncompatibleClassChangeError'{0x000000008ffc5bc8}: Found class java.lang.Object, but interface was expected> (0x000000008ffc5bc8) thrown at [./src/hotspot/share/interpreter/linkResolver.cpp, line 839]
Event: 27.581 Thread 0x0000022e86b8e800 Exception <a 'java/lang/IncompatibleClassChangeError'{0x000000008feccc10}: Found class java.lang.Object, but interface was expected> (0x000000008feccc10) thrown at [./src/hotspot/share/interpreter/linkResolver.cpp, line 839]
Event: 27.711 Thread 0x0000022e86b94000 Exception <a 'java/lang/NoSuchMethodError'{0x000000009451fad8}: 'int java.lang.invoke.DirectMethodHandle$Holder.invokeSpecial(java.lang.Object, java.lang.Object, java.lang.Object, int, java.lang.Object)'> (0x000000009451fad8) thrown at [./src/hotspot/share/interpreter/linkResolver.cpp, line 773]
Event: 27.731 Thread 0x0000022e86b90000 Exception <a 'java/lang/NoSuchMethodError'{0x0000000094cd82f8}: 'java.lang.Object java.lang.invoke.DirectMethodHandle$Holder.newInvokeSpecial(java.lang.Object, int)'> (0x0000000094cd82f8) thrown at [./src/hotspot/share/interpreter/linkResolver.cpp, line 773]
Event: 27.837 Thread 0x0000022e86b92800 Exception <a 'java/lang/NoSuchMethodError'{0x00000000930a6e60}: 'int java.lang.invoke.DirectMethodHandle$Holder.invokeInterface(java.lang.Object, java.lang.Object, int)'> (0x00000000930a6e60) thrown at [./src/hotspot/share/interpreter/linkResolver.cpp, line 773]
Event: 28.172 Thread 0x0000022e86b92800 Exception <a 'java/lang/NoSuchMethodError'{0x0000000094b60438}: 'java.lang.Object java.lang.invoke.DirectMethodHandle$Holder.invokeInterface(java.lang.Object, java.lang.Object, int)'> (0x0000000094b60438) thrown at [./src/hotspot/share/interpreter/linkResolver.cpp, line 773]

Events (20 events):
Event: 28.707 loading class com/android/tools/r8/internal/ch done
Event: 28.708 loading class com/android/tools/r8/internal/ah
Event: 28.708 loading class com/android/tools/r8/internal/ah done
Event: 28.709 loading class com/android/tools/r8/internal/Ug
Event: 28.709 loading class com/android/tools/r8/internal/Ug done
Event: 28.713 Executing VM operation: CGC_Operation
Event: 28.750 Executing VM operation: CGC_Operation done
Event: 28.764 loading class com/android/tools/r8/code/S2
Event: 28.764 loading class com/android/tools/r8/code/S2 done
Event: 28.766 loading class com/android/tools/r8/code/S3
Event: 28.766 loading class com/android/tools/r8/code/S3 done
Event: 28.767 loading class com/android/tools/r8/code/C3
Event: 28.767 loading class com/android/tools/r8/code/C3 done
Event: 28.802 Executing VM operation: ICBufferFull
Event: 28.803 Executing VM operation: ICBufferFull done
Event: 28.867 Executing VM operation: ICBufferFull
Event: 28.868 Executing VM operation: ICBufferFull done
Event: 28.910 Executing VM operation: CGC_Operation
Event: 28.911 Executing VM operation: CGC_Operation done
Event: 28.942 Executing VM operation: G1CollectForAllocation


Dynamic libraries:
0x00007ff674cf0000 - 0x00007ff674cfa000 	C:\Program Files\Android\Android Studio1\jre\bin\java.exe
0x00007ffee6580000 - 0x00007ffee6789000 	C:\WINDOWS\SYSTEM32\ntdll.dll
0x00007ffee5200000 - 0x00007ffee52bd000 	C:\WINDOWS\System32\KERNEL32.DLL
0x00007ffee3c10000 - 0x00007ffee3f84000 	C:\WINDOWS\System32\KERNELBASE.dll
0x00007ffee3a70000 - 0x00007ffee3b81000 	C:\WINDOWS\System32\ucrtbase.dll
0x00007ffed02a0000 - 0x00007ffed02b9000 	C:\Program Files\Android\Android Studio1\jre\bin\jli.dll
0x00007ffed0300000 - 0x00007ffed0317000 	C:\Program Files\Android\Android Studio1\jre\bin\VCRUNTIME140.dll
0x00007ffee4dc0000 - 0x00007ffee4f6c000 	C:\WINDOWS\System32\USER32.dll
0x00007ffece2f0000 - 0x00007ffece595000 	C:\WINDOWS\WinSxS\amd64_microsoft.windows.common-controls_6595b64144ccf1df_6.0.22000.120_none_9d947278b86cc467\COMCTL32.dll
0x00007ffee40c0000 - 0x00007ffee40e6000 	C:\WINDOWS\System32\win32u.dll
0x00007ffee5950000 - 0x00007ffee59f3000 	C:\WINDOWS\System32\msvcrt.dll
0x00007ffee5920000 - 0x00007ffee5949000 	C:\WINDOWS\System32\GDI32.dll
0x00007ffee4190000 - 0x00007ffee42a2000 	C:\WINDOWS\System32\gdi32full.dll
0x00007ffee40f0000 - 0x00007ffee418d000 	C:\WINDOWS\System32\msvcp_win.dll
0x00007ffee4d80000 - 0x00007ffee4db1000 	C:\WINDOWS\System32\IMM32.DLL
0x00007ffeaca90000 - 0x00007ffeacb2d000 	C:\Program Files\Android\Android Studio1\jre\bin\msvcp140.dll
0x00007ffe973a0000 - 0x00007ffe97e6f000 	C:\Program Files\Android\Android Studio1\jre\bin\server\jvm.dll
0x00007ffee4f70000 - 0x00007ffee501e000 	C:\WINDOWS\System32\ADVAPI32.dll
0x00007ffee5160000 - 0x00007ffee51fe000 	C:\WINDOWS\System32\sechost.dll
0x00007ffee5040000 - 0x00007ffee5160000 	C:\WINDOWS\System32\RPCRT4.dll
0x00007ffee5a00000 - 0x00007ffee5a08000 	C:\WINDOWS\System32\PSAPI.DLL
0x00007ffec1120000 - 0x00007ffec1129000 	C:\WINDOWS\SYSTEM32\WSOCK32.dll
0x00007ffedc4b0000 - 0x00007ffedc4e3000 	C:\WINDOWS\SYSTEM32\WINMM.dll
0x00007ffee5a10000 - 0x00007ffee5a7f000 	C:\WINDOWS\System32\WS2_32.dll
0x00007ffed5670000 - 0x00007ffed567a000 	C:\WINDOWS\SYSTEM32\VERSION.dll
0x00007ffee2c60000 - 0x00007ffee2c78000 	C:\WINDOWS\SYSTEM32\kernel.appcore.dll
0x00007ffedc920000 - 0x00007ffedc931000 	C:\Program Files\Android\Android Studio1\jre\bin\verify.dll
0x00007ffee1070000 - 0x00007ffee1291000 	C:\WINDOWS\SYSTEM32\DBGHELP.DLL
0x00007ffec4850000 - 0x00007ffec4881000 	C:\WINDOWS\SYSTEM32\dbgcore.DLL
0x00007ffee3b90000 - 0x00007ffee3c0f000 	C:\WINDOWS\System32\bcryptPrimitives.dll
0x00007ffedc610000 - 0x00007ffedc639000 	C:\Program Files\Android\Android Studio1\jre\bin\java.dll
0x00007ffedd910000 - 0x00007ffedd91b000 	C:\Program Files\Android\Android Studio1\jre\bin\jimage.dll
0x00007ffed2de0000 - 0x00007ffed2df8000 	C:\Program Files\Android\Android Studio1\jre\bin\zip.dll
0x00007ffee5a80000 - 0x00007ffee622e000 	C:\WINDOWS\System32\SHELL32.dll
0x00007ffee1bf0000 - 0x00007ffee2458000 	C:\WINDOWS\SYSTEM32\windows.storage.dll
0x00007ffee4a00000 - 0x00007ffee4d78000 	C:\WINDOWS\System32\combase.dll
0x00007ffee1a80000 - 0x00007ffee1be6000 	C:\WINDOWS\SYSTEM32\wintypes.dll
0x00007ffee6230000 - 0x00007ffee631a000 	C:\WINDOWS\System32\SHCORE.dll
0x00007ffee53f0000 - 0x00007ffee544d000 	C:\WINDOWS\System32\shlwapi.dll
0x00007ffee39a0000 - 0x00007ffee39c1000 	C:\WINDOWS\SYSTEM32\profapi.dll
0x00007ffed0240000 - 0x00007ffed025a000 	C:\Program Files\Android\Android Studio1\jre\bin\net.dll
0x00007ffeddd60000 - 0x00007ffedde6c000 	C:\WINDOWS\SYSTEM32\WINHTTP.dll
0x00007ffee3090000 - 0x00007ffee30f7000 	C:\WINDOWS\system32\mswsock.dll
0x00007ffed00b0000 - 0x00007ffed00c4000 	C:\Program Files\Android\Android Studio1\jre\bin\nio.dll
0x00007ffecce50000 - 0x00007ffecce77000 	C:\Users\ASUS\.gradle\native\8bec1ad78214c89d9ad589b4d07fe93259594b29d510b10fafb7a158f7737e5d\windows-amd64\native-platform.dll
0x00007ffeac8c0000 - 0x00007ffeac9fd000 	C:\Users\ASUS\.gradle\native\53dbd7edfb1c66fb8903c78663c9afc45aea4f116125fa6feffd364cf09443e8\windows-amd64\native-platform-file-events.dll
0x00007ffedc4f0000 - 0x00007ffedc4fa000 	C:\Program Files\Android\Android Studio1\jre\bin\management.dll
0x00007ffed2dd0000 - 0x00007ffed2ddc000 	C:\Program Files\Android\Android Studio1\jre\bin\management_ext.dll
0x00007ffee32d0000 - 0x00007ffee32e8000 	C:\WINDOWS\SYSTEM32\CRYPTSP.dll
0x00007ffee2bc0000 - 0x00007ffee2bf5000 	C:\WINDOWS\system32\rsaenh.dll
0x00007ffee3180000 - 0x00007ffee31a9000 	C:\WINDOWS\SYSTEM32\USERENV.dll
0x00007ffee3450000 - 0x00007ffee3477000 	C:\WINDOWS\SYSTEM32\bcrypt.dll
0x00007ffee32f0000 - 0x00007ffee32fc000 	C:\WINDOWS\SYSTEM32\CRYPTBASE.dll
0x00007ffee2790000 - 0x00007ffee27bd000 	C:\WINDOWS\SYSTEM32\IPHLPAPI.DLL
0x00007ffee52c0000 - 0x00007ffee52c9000 	C:\WINDOWS\System32\NSI.dll
0x00007ffeddf40000 - 0x00007ffeddf59000 	C:\WINDOWS\SYSTEM32\dhcpcsvc6.DLL
0x00007ffede330000 - 0x00007ffede34e000 	C:\WINDOWS\SYSTEM32\dhcpcsvc.DLL
0x00007ffee2800000 - 0x00007ffee28e7000 	C:\WINDOWS\SYSTEM32\DNSAPI.dll

dbghelp: loaded successfully - version: 4.0.5 - missing functions: none
symbol engine: initialized successfully - sym options: 0x614 - pdb path: .;C:\Program Files\Android\Android Studio1\jre\bin;C:\WINDOWS\SYSTEM32;C:\WINDOWS\WinSxS\amd64_microsoft.windows.common-controls_6595b64144ccf1df_6.0.22000.120_none_9d947278b86cc467;C:\Program Files\Android\Android Studio1\jre\bin\server;C:\Users\ASUS\.gradle\native\8bec1ad78214c89d9ad589b4d07fe93259594b29d510b10fafb7a158f7737e5d\windows-amd64;C:\Users\ASUS\.gradle\native\53dbd7edfb1c66fb8903c78663c9afc45aea4f116125fa6feffd364cf09443e8\windows-amd64

VM Arguments:
jvm_args: --add-opens=java.base/java.util=ALL-UNNAMED --add-opens=java.base/java.lang=ALL-UNNAMED --add-opens=java.base/java.lang.invoke=ALL-UNNAMED --add-opens=java.base/java.util=ALL-UNNAMED --add-opens=java.prefs/java.util.prefs=ALL-UNNAMED --add-opens=java.prefs/java.util.prefs=ALL-UNNAMED --add-opens=java.base/java.nio.charset=ALL-UNNAMED --add-opens=java.base/java.net=ALL-UNNAMED --add-opens=java.base/java.util.concurrent.atomic=ALL-UNNAMED -Xmx2048m -Dfile.encoding=UTF-8 -Duser.country=ID -Duser.language=en -Duser.variant 
java_command: org.gradle.launcher.daemon.bootstrap.GradleDaemon 7.0.2
java_class_path (initial): C:\Users\ASUS\.gradle\wrapper\dists\gradle-7.0.2-bin\857tjihv64xamwrf0h14cai3r\gradle-7.0.2\lib\gradle-launcher-7.0.2.jar
Launcher Type: SUN_STANDARD

[Global flags]
     intx CICompilerCount                          = 4                                         {product} {ergonomic}
     uint ConcGCThreads                            = 2                                         {product} {ergonomic}
     uint G1ConcRefinementThreads                  = 8                                         {product} {ergonomic}
   size_t G1HeapRegionSize                         = 1048576                                   {product} {ergonomic}
    uintx GCDrainStackTargetSize                   = 64                                        {product} {ergonomic}
   size_t InitialHeapSize                          = 132120576                                 {product} {ergonomic}
   size_t MarkStackSize                            = 4194304                                   {product} {ergonomic}
   size_t MaxHeapSize                              = 2147483648                                {product} {command line}
   size_t MaxNewSize                               = 1287651328                                {product} {ergonomic}
   size_t MinHeapDeltaBytes                        = 1048576                                   {product} {ergonomic}
    uintx NonNMethodCodeHeapSize                   = 5836300                                {pd product} {ergonomic}
    uintx NonProfiledCodeHeapSize                  = 122910970                              {pd product} {ergonomic}
    uintx ProfiledCodeHeapSize                     = 122910970                              {pd product} {ergonomic}
    uintx ReservedCodeCacheSize                    = 251658240                              {pd product} {ergonomic}
     bool SegmentedCodeCache                       = true                                      {product} {ergonomic}
     bool UseCompressedClassPointers               = true                                 {lp64_product} {ergonomic}
     bool UseCompressedOops                        = true                                 {lp64_product} {ergonomic}
     bool UseG1GC                                  = true                                      {product} {ergonomic}
     bool UseLargePagesIndividualAllocation        = false                                  {pd product} {ergonomic}

Logging:
Log output configuration:
 #0: stdout all=warning uptime,level,tags
 #1: stderr all=off uptime,level,tags

Environment Variables:
PATH=C:\Users\ASUS\platform-tools_r31.0.3-windows\platform-tools\systrace\catapult\common\bin;C:\Python310\;C:\ProgramData\Oracle\Java\javapath;C:\Program Files\Common Files\Oracle\Java\javapath;C:\Windows\system32;C:\Windows;C:\Windows\System32\Wbem;C:\Windows\System32\WindowsPowerShell\v1.0\;C:\Windows\System32\OpenSSH\;C:\Program Files (x86)\NVIDIA Corporation\PhysX\Common;C:\Program Files\NVIDIA Corporation\NVIDIA NvDLISR;C:\composer;C:\ProgramData\ComposerSetup\bin;C:\Program Files\gradle-6.9.1\bin;C:\WINDOWS\system32;C:\WINDOWS;C:\WINDOWS\System32\Wbem;C:\WINDOWS\System32\WindowsPowerShell\v1.0\;C:\WINDOWS\System32\OpenSSH\;C:\Program Files\nodejs\;C:\ProgramData\chocolatey\bin;C:\Users\ASUS\flutter\bin;C:\Program Files\Git\bin;C:\Program Files\Git\cmd;C:\Users\ASUS\AppData\Local\Android\sdk\tools\bin;C:\Users\ASUS\flutter\bin;C:\Users\ASUS\AppData\Local\Microsoft\WindowsApps;C:\Program Files\MongoDB\Server\4.4\bin;C:\xampp\php;C:\Users\ASUS\AppData\Roaming\Composer\vendor\bin;C:\Python27;C:\Program Files\gradle-6.9.1\bin;C:\Users\ASUS\AppData\Roaming\npm;C:\Users\ASUS\AppData\Local\Android\sdk\tools\bin;C:\Users\ASUS\AppData\Local\Programs\Microsoft VS Code\bin
USERNAME=ASUS
OS=Windows_NT
PROCESSOR_IDENTIFIER=Intel64 Family 6 Model 158 Stepping 10, GenuineIntel



---------------  S Y S T E M  ---------------

OS: Windows 10 , 64 bit Build 22000 (10.0.22000.434)
OS uptime: 9 days 2:28 hours

CPU:total 8 (initial active 8) (4 cores per cpu, 2 threads per core) family 6 model 158 stepping 10 microcode 0xde, cmov, cx8, fxsr, mmx, sse, sse2, sse3, ssse3, sse4.1, sse4.2, popcnt, avx, avx2, aes, clmul, erms, 3dnowpref, lzcnt, ht, tsc, tscinvbit, bmi1, bmi2, adx, fma

Memory: 4k page, system-wide physical 8047M (275M free)
TotalPageFile size 32623M (AvailPageFile size 4M)
current process WorkingSet (physical memory assigned to process): 603M, peak: 603M
current process commit charge ("private bytes"): 790M, peak: 976M

vm_info: OpenJDK 64-Bit Server VM (11.0.10+0-b96-7249189) for windows-amd64 JRE (11.0.10+0-b96-7249189), built on Mar 31 2021 21:44:00 by "builder" with MS VC++ 14.0 (VS2015)

END.
