#
# There is insufficient memory for the Java Runtime Environment to continue.
# Native memory allocation (malloc) failed to allocate 1163856 bytes for Chunk::new
# Possible reasons:
#   The system is out of physical RAM or swap space
#   The process is running with CompressedOops enabled, and the Java Heap may be blocking the growth of the native heap
# Possible solutions:
#   Reduce memory load on the system
#   Increase physical memory or swap space
#   Check if swap backing store is full
#   Decrease Java heap size (-Xmx/-Xms)
#   Decrease number of Java threads
#   Decrease Java thread stack sizes (-Xss)
#   Set larger code cache with -XX:ReservedCodeCacheSize=
#   JVM is running with Unscaled Compressed Oops mode in which the Java heap is
#     placed in the first 4GB address space. The Java Heap base address is the
#     maximum limit for the native heap growth. Please use -XX:HeapBaseMinAddress
#     to set the Java Heap base and to place the Java Heap above 4GB virtual address.
# This output file may be truncated or incomplete.
#
#  Out of Memory Error (./src/hotspot/share/memory/arena.cpp:197), pid=9724, tid=11872
#
# JRE version: OpenJDK Runtime Environment (11.0.10) (build 11.0.10+0-b96-7249189)
# Java VM: OpenJDK 64-Bit Server VM (11.0.10+0-b96-7249189, mixed mode, tiered, compressed oops, g1 gc, windows-amd64)
# No core dump will be written. Minidumps are not enabled by default on client versions of Windows
#

---------------  S U M M A R Y ------------

Command Line: --add-opens=java.base/java.util=ALL-UNNAMED --add-opens=java.base/java.lang=ALL-UNNAMED --add-opens=java.base/java.lang.invoke=ALL-UNNAMED --add-opens=java.base/java.util=ALL-UNNAMED --add-opens=java.prefs/java.util.prefs=ALL-UNNAMED --add-opens=java.prefs/java.util.prefs=ALL-UNNAMED --add-opens=java.base/java.nio.charset=ALL-UNNAMED --add-opens=java.base/java.net=ALL-UNNAMED --add-opens=java.base/java.util.concurrent.atomic=ALL-UNNAMED -Xmx2048m -Dfile.encoding=UTF-8 -Duser.country=ID -Duser.language=en -Duser.variant org.gradle.launcher.daemon.bootstrap.GradleDaemon 7.0.2

Host: Intel(R) Core(TM) i5-8300H CPU @ 2.30GHz, 8 cores, 7G,  Windows 10 , 64 bit Build 22000 (10.0.22000.434)
Time: Wed Mar 30 09:54:03 2022 SE Asia Standard Time elapsed time: 22.251268 seconds (0d 0h 0m 22s)

---------------  T H R E A D  ---------------

Current thread (0x0000023d1f59f000):  JavaThread "C2 CompilerThread0" daemon [_thread_in_native, id=11872, stack(0x000000a736000000,0x000000a736100000)]


Current CompileTask:
C2:  22251 8574       4       sun.reflect.generics.parser.SignatureParser::parsePackageNameAndSimpleClassTypeSignature (119 bytes)

Stack: [0x000000a736000000,0x000000a736100000]
Native frames: (J=compiled Java code, j=interpreted, Vv=VM code, C=native code)
V  [jvm.dll+0x5ecfaa]
V  [jvm.dll+0x722bd5]
V  [jvm.dll+0x72412d]
V  [jvm.dll+0x7247e3]
V  [jvm.dll+0x242928]
V  [jvm.dll+0xbc4fc]
V  [jvm.dll+0xbca0c]
V  [jvm.dll+0x352d7d]
V  [jvm.dll+0x197e0c]
V  [jvm.dll+0x1fb70e]
V  [jvm.dll+0x1fa7f4]
V  [jvm.dll+0x18354c]
V  [jvm.dll+0x208ee7]
V  [jvm.dll+0x207731]
V  [jvm.dll+0x6eb1cf]
V  [jvm.dll+0x6e3d45]
V  [jvm.dll+0x5ebe96]
C  [ucrtbase.dll+0x26c0c]
C  [KERNEL32.DLL+0x154e0]
C  [ntdll.dll+0x485b]


---------------  P R O C E S S  ---------------

Threads class SMR info:
_java_thread_list=0x0000023d22a22770, length=61, elements={
0x0000023d02fde000, 0x0000023d1f574800, 0x0000023d1f580000, 0x0000023d1ff12800,
0x0000023d1f58f000, 0x0000023d1f591800, 0x0000023d1f59f000, 0x0000023d1f5a2800,
0x0000023d1f5a5800, 0x0000023d20068000, 0x0000023d21f24800, 0x0000023d21f20800,
0x0000023d21f21000, 0x0000023d21f23000, 0x0000023d21f27000, 0x0000023d21f22000,
0x0000023d21f25800, 0x0000023d21f26000, 0x0000023d21f23800, 0x0000023d2200e800,
0x0000023d2200b000, 0x0000023d22010000, 0x0000023d2200c000, 0x0000023d2200a800,
0x0000023d2200f000, 0x0000023d22012800, 0x0000023d22011000, 0x0000023d22011800,
0x0000023d2200c800, 0x0000023d2200d800, 0x0000023d22016800, 0x0000023d22015000,
0x0000023d22018000, 0x0000023d22015800, 0x0000023d22014000, 0x0000023d24209000,
0x0000023d2420a000, 0x0000023d24206000, 0x0000023d2420a800, 0x0000023d2420b800,
0x0000023d2420c800, 0x0000023d24207800, 0x0000023d24208000, 0x0000023d24206800,
0x0000023d2420f000, 0x0000023d2420e000, 0x0000023d2420f800, 0x0000023d24212000,
0x0000023d24210800, 0x0000023d24211000, 0x0000023d24213000, 0x0000023d2420d000,
0x0000023d24213800, 0x0000023d24214800, 0x0000023d28614000, 0x0000023d28615000,
0x0000023d28616800, 0x0000023d28616000, 0x0000023d28618000, 0x0000023d28619000,
0x0000023d28617800
}

Java Threads: ( => current thread )
  0x0000023d02fde000 JavaThread "main" [_thread_blocked, id=6596, stack(0x000000a735400000,0x000000a735500000)]
  0x0000023d1f574800 JavaThread "Reference Handler" daemon [_thread_blocked, id=14020, stack(0x000000a735b00000,0x000000a735c00000)]
  0x0000023d1f580000 JavaThread "Finalizer" daemon [_thread_blocked, id=4380, stack(0x000000a735c00000,0x000000a735d00000)]
  0x0000023d1ff12800 JavaThread "Signal Dispatcher" daemon [_thread_blocked, id=13012, stack(0x000000a735d00000,0x000000a735e00000)]
  0x0000023d1f58f000 JavaThread "Attach Listener" daemon [_thread_blocked, id=17160, stack(0x000000a735e00000,0x000000a735f00000)]
  0x0000023d1f591800 JavaThread "Service Thread" daemon [_thread_blocked, id=9092, stack(0x000000a735f00000,0x000000a736000000)]
=>0x0000023d1f59f000 JavaThread "C2 CompilerThread0" daemon [_thread_in_native, id=11872, stack(0x000000a736000000,0x000000a736100000)]
  0x0000023d1f5a2800 JavaThread "C1 CompilerThread0" daemon [_thread_blocked, id=6296, stack(0x000000a736100000,0x000000a736200000)]
  0x0000023d1f5a5800 JavaThread "Sweeper thread" daemon [_thread_blocked, id=860, stack(0x000000a736200000,0x000000a736300000)]
  0x0000023d20068000 JavaThread "Common-Cleaner" daemon [_thread_blocked, id=17800, stack(0x000000a736300000,0x000000a736400000)]
  0x0000023d21f24800 JavaThread "Daemon health stats" [_thread_blocked, id=10836, stack(0x000000a736700000,0x000000a736800000)]
  0x0000023d21f20800 JavaThread "Incoming local TCP Connector on port 53193" [_thread_in_native, id=8008, stack(0x000000a736800000,0x000000a736900000)]
  0x0000023d21f21000 JavaThread "Daemon periodic checks" [_thread_blocked, id=5468, stack(0x000000a736900000,0x000000a736a00000)]
  0x0000023d21f23000 JavaThread "Daemon" [_thread_blocked, id=4340, stack(0x000000a736a00000,0x000000a736b00000)]
  0x0000023d21f27000 JavaThread "Handler for socket connection from /127.0.0.1:53193 to /127.0.0.1:53194" [_thread_in_native, id=13888, stack(0x000000a736b00000,0x000000a736c00000)]
  0x0000023d21f22000 JavaThread "Cancel handler" [_thread_blocked, id=3988, stack(0x000000a736c00000,0x000000a736d00000)]
  0x0000023d21f25800 JavaThread "Daemon worker" [_thread_blocked, id=1744, stack(0x000000a736d00000,0x000000a736e00000)]
  0x0000023d21f26000 JavaThread "Asynchronous log dispatcher for DefaultDaemonConnection: socket connection from /127.0.0.1:53193 to /127.0.0.1:53194" [_thread_blocked, id=9740, stack(0x000000a736e00000,0x000000a736f00000)]
  0x0000023d21f23800 JavaThread "Stdin handler" [_thread_blocked, id=14968, stack(0x000000a736f00000,0x000000a737000000)]
  0x0000023d2200e800 JavaThread "Daemon client event forwarder" [_thread_blocked, id=15176, stack(0x000000a737000000,0x000000a737100000)]
  0x0000023d2200b000 JavaThread "Cache worker for file hash cache (C:\Users\ASUS\.gradle\caches\7.0.2\fileHashes)" [_thread_blocked, id=16624, stack(0x000000a737600000,0x000000a737700000)]
  0x0000023d22010000 JavaThread "File lock request listener" [_thread_in_native, id=9592, stack(0x000000a737700000,0x000000a737800000)]
  0x0000023d2200c000 JavaThread "Cache worker for journal cache (C:\Users\ASUS\.gradle\caches\journal-1)" [_thread_blocked, id=7840, stack(0x000000a737900000,0x000000a737a00000)]
  0x0000023d2200a800 JavaThread "Cache worker for file hash cache (C:\Users\ASUS\AndroidStudioProjects\gigiibuhamil\.gradle\7.0.2\fileHashes)" [_thread_blocked, id=2924, stack(0x000000a737a00000,0x000000a737b00000)]
  0x0000023d2200f000 JavaThread "File watcher server" daemon [_thread_in_native, id=8616, stack(0x000000a737b00000,0x000000a737c00000)]
  0x0000023d22012800 JavaThread "File watcher consumer" daemon [_thread_blocked, id=13244, stack(0x000000a737c00000,0x000000a737d00000)]
  0x0000023d22011000 JavaThread "Cache worker for checksums cache (C:\Users\ASUS\AndroidStudioProjects\gigiibuhamil\.gradle\checksums)" [_thread_blocked, id=17704, stack(0x000000a737d00000,0x000000a737e00000)]
  0x0000023d22011800 JavaThread "Cache worker for cache directory md-supplier (C:\Users\ASUS\.gradle\caches\7.0.2\md-supplier)" [_thread_blocked, id=12076, stack(0x000000a737e00000,0x000000a737f00000)]
  0x0000023d2200c800 JavaThread "Cache worker for cache directory md-rule (C:\Users\ASUS\.gradle\caches\7.0.2\md-rule)" [_thread_blocked, id=16704, stack(0x000000a737f00000,0x000000a738000000)]
  0x0000023d2200d800 JavaThread "Cache worker for execution history cache (C:\Users\ASUS\.gradle\caches\7.0.2\executionHistory)" [_thread_blocked, id=5456, stack(0x000000a738000000,0x000000a738100000)]
  0x0000023d22016800 JavaThread "jar transforms" [_thread_blocked, id=2356, stack(0x000000a738100000,0x000000a738200000)]
  0x0000023d22015000 JavaThread "jar transforms Thread 2" [_thread_blocked, id=2108, stack(0x000000a738200000,0x000000a738300000)]
  0x0000023d22018000 JavaThread "Cache worker for file content cache (C:\Users\ASUS\.gradle\caches\7.0.2\fileContent)" [_thread_blocked, id=17228, stack(0x000000a738300000,0x000000a738400000)]
  0x0000023d22015800 JavaThread "Cache worker for dependencies-accessors (C:\Users\ASUS\AndroidStudioProjects\gigiibuhamil\.gradle\7.0.2\dependencies-accessors)" [_thread_blocked, id=14872, stack(0x000000a738400000,0x000000a738500000)]
  0x0000023d22014000 JavaThread "jar transforms Thread 3" [_thread_blocked, id=15376, stack(0x000000a738500000,0x000000a738600000)]
  0x0000023d24209000 JavaThread "Cache worker for Build Output Cleanup Cache (C:\Users\ASUS\AndroidStudioProjects\gigiibuhamil\.gradle\buildOutputCleanup)" [_thread_blocked, id=608, stack(0x000000a738600000,0x000000a738700000)]
  0x0000023d2420a000 JavaThread "Build operations" [_thread_blocked, id=11908, stack(0x000000a738700000,0x000000a738800000)]
  0x0000023d24206000 JavaThread "Build operations Thread 2" [_thread_blocked, id=3232, stack(0x000000a738800000,0x000000a738900000)]
  0x0000023d2420a800 JavaThread "Build operations Thread 3" [_thread_blocked, id=6248, stack(0x000000a738900000,0x000000a738a00000)]
  0x0000023d2420b800 JavaThread "Build operations Thread 4" [_thread_blocked, id=5728, stack(0x000000a738a00000,0x000000a738b00000)]
  0x0000023d2420c800 JavaThread "Build operations Thread 5" [_thread_blocked, id=6380, stack(0x000000a738b00000,0x000000a738c00000)]
  0x0000023d24207800 JavaThread "Build operations Thread 6" [_thread_blocked, id=14316, stack(0x000000a738c00000,0x000000a738d00000)]
  0x0000023d24208000 JavaThread "Build operations Thread 7" [_thread_blocked, id=10516, stack(0x000000a738d00000,0x000000a738e00000)]
  0x0000023d24206800 JavaThread "Build operations Thread 8" [_thread_blocked, id=2632, stack(0x000000a738e00000,0x000000a738f00000)]
  0x0000023d2420f000 JavaThread "jar transforms Thread 4" [_thread_blocked, id=11972, stack(0x000000a738f00000,0x000000a739000000)]
  0x0000023d2420e000 JavaThread "jar transforms Thread 5" [_thread_blocked, id=4912, stack(0x000000a739000000,0x000000a739100000)]
  0x0000023d2420f800 JavaThread "jar transforms Thread 6" [_thread_blocked, id=3216, stack(0x000000a739100000,0x000000a739200000)]
  0x0000023d24212000 JavaThread "jar transforms Thread 7" [_thread_blocked, id=14420, stack(0x000000a739200000,0x000000a739300000)]
  0x0000023d24210800 JavaThread "jar transforms Thread 8" [_thread_blocked, id=17460, stack(0x000000a739300000,0x000000a739400000)]
  0x0000023d24211000 JavaThread "Memory manager" [_thread_blocked, id=16652, stack(0x000000a739400000,0x000000a739500000)]
  0x0000023d24213000 JavaThread "build event listener" [_thread_blocked, id=17424, stack(0x000000a739500000,0x000000a739600000)]
  0x0000023d2420d000 JavaThread "pool-3-thread-1" [_thread_blocked, id=10820, stack(0x000000a739600000,0x000000a739700000)]
  0x0000023d24213800 JavaThread "build event listener" [_thread_blocked, id=15152, stack(0x000000a739700000,0x000000a739800000)]
  0x0000023d24214800 JavaThread "Execution worker for ':'" [_thread_blocked, id=5348, stack(0x000000a739800000,0x000000a739900000)]
  0x0000023d28614000 JavaThread "Execution worker for ':' Thread 2" [_thread_blocked, id=16632, stack(0x000000a739900000,0x000000a739a00000)]
  0x0000023d28615000 JavaThread "Execution worker for ':' Thread 3" [_thread_in_native, id=8988, stack(0x000000a739a00000,0x000000a739b00000)]
  0x0000023d28616800 JavaThread "Execution worker for ':' Thread 4" [_thread_blocked, id=15080, stack(0x000000a739b00000,0x000000a739c00000)]
  0x0000023d28616000 JavaThread "Execution worker for ':' Thread 5" [_thread_blocked, id=15584, stack(0x000000a739c00000,0x000000a739d00000)]
  0x0000023d28618000 JavaThread "Execution worker for ':' Thread 6" [_thread_blocked, id=8996, stack(0x000000a739d00000,0x000000a739e00000)]
  0x0000023d28619000 JavaThread "Execution worker for ':' Thread 7" [_thread_blocked, id=9308, stack(0x000000a739e00000,0x000000a739f00000)]
  0x0000023d28617800 JavaThread "Cache worker for execution history cache (C:\Users\ASUS\AndroidStudioProjects\gigiibuhamil\.gradle\7.0.2\executionHistory)" [_thread_blocked, id=14308, stack(0x000000a739f00000,0x000000a73a000000)]

Other Threads:
  0x0000023d1f571000 VMThread "VM Thread" [stack: 0x000000a735a00000,0x000000a735b00000] [id=13800]
  0x0000023d2009c000 WatcherThread [stack: 0x000000a736400000,0x000000a736500000] [id=9708]
  0x0000023d03189000 GCTaskThread "GC Thread#0" [stack: 0x000000a735500000,0x000000a735600000] [id=17960]
  0x0000023d201f9800 GCTaskThread "GC Thread#1" [stack: 0x000000a736500000,0x000000a736600000] [id=1452]
  0x0000023d20673000 GCTaskThread "GC Thread#2" [stack: 0x000000a736600000,0x000000a736700000] [id=1736]
  0x0000023d21542000 GCTaskThread "GC Thread#3" [stack: 0x000000a737100000,0x000000a737200000] [id=3972]
  0x0000023d218c3800 GCTaskThread "GC Thread#4" [stack: 0x000000a737200000,0x000000a737300000] [id=7432]
  0x0000023d209a8000 GCTaskThread "GC Thread#5" [stack: 0x000000a737300000,0x000000a737400000] [id=10224]
  0x0000023d220d7800 GCTaskThread "GC Thread#6" [stack: 0x000000a737400000,0x000000a737500000] [id=3444]
  0x0000023d21fbe800 GCTaskThread "GC Thread#7" [stack: 0x000000a737500000,0x000000a737600000] [id=10420]
  0x0000023d031ba800 ConcurrentGCThread "G1 Main Marker" [stack: 0x000000a735600000,0x000000a735700000] [id=13920]
  0x0000023d031bb800 ConcurrentGCThread "G1 Conc#0" [stack: 0x000000a735700000,0x000000a735800000] [id=13924]
  0x0000023d20d8a000 ConcurrentGCThread "G1 Conc#1" [stack: 0x000000a737800000,0x000000a737900000] [id=9524]
  0x0000023d0324e000 ConcurrentGCThread "G1 Refine#0" [stack: 0x000000a735800000,0x000000a735900000] [id=2800]
  0x0000023d1f3c0800 ConcurrentGCThread "G1 Young RemSet Sampling" [stack: 0x000000a735900000,0x000000a735a00000] [id=1584]

Threads with active compile tasks:
C2 CompilerThread0  22317 8574       4       sun.reflect.generics.parser.SignatureParser::parsePackageNameAndSimpleClassTypeSignature (119 bytes)

VM state:not at safepoint (normal execution)

VM Mutex/Monitor currently owned by a thread: None

Heap address: 0x0000000080000000, size: 2048 MB, Compressed Oops mode: 32-bit
Narrow klass base: 0x0000000000000000, Narrow klass shift: 3
Compressed class space size: 1073741824 Address: 0x0000000100000000

Heap:
 garbage-first heap   total 187392K, used 142136K [0x0000000080000000, 0x0000000100000000)
  region size 1024K, 80 young (81920K), 10 survivors (10240K)
 Metaspace       used 86488K, capacity 88534K, committed 88780K, reserved 1126400K
  class space    used 11170K, capacity 11953K, committed 12032K, reserved 1048576K
Heap Regions: E=young(eden), S=young(survivor), O=old, HS=humongous(starts), HC=humongous(continues), CS=collection set, F=free, A=archive, TAMS=top-at-mark-start (previous, next)
|   0|0x0000000080000000, 0x0000000080100000, 0x0000000080100000|100%| O|  |TAMS 0x0000000080100000, 0x0000000080000000| Untracked 
|   1|0x0000000080100000, 0x0000000080200000, 0x0000000080200000|100%| O|  |TAMS 0x0000000080200000, 0x0000000080100000| Untracked 
|   2|0x0000000080200000, 0x0000000080300000, 0x0000000080300000|100%| O|  |TAMS 0x0000000080300000, 0x0000000080200000| Untracked 
|   3|0x0000000080300000, 0x0000000080400000, 0x0000000080400000|100%|HS|  |TAMS 0x0000000080400000, 0x0000000080300000| Complete 
|   4|0x0000000080400000, 0x0000000080500000, 0x0000000080500000|100%|HC|  |TAMS 0x0000000080500000, 0x0000000080400000| Complete 
|   5|0x0000000080500000, 0x0000000080600000, 0x0000000080600000|100%|HC|  |TAMS 0x0000000080600000, 0x0000000080500000| Complete 
|   6|0x0000000080600000, 0x0000000080700000, 0x0000000080700000|100%| O|  |TAMS 0x0000000080700000, 0x0000000080600000| Untracked 
|   7|0x0000000080700000, 0x0000000080800000, 0x0000000080800000|100%| O|  |TAMS 0x0000000080800000, 0x0000000080700000| Untracked 
|   8|0x0000000080800000, 0x0000000080900000, 0x0000000080900000|100%| O|  |TAMS 0x0000000080900000, 0x0000000080800000| Untracked 
|   9|0x0000000080900000, 0x0000000080a00000, 0x0000000080a00000|100%| O|  |TAMS 0x0000000080a00000, 0x0000000080900000| Untracked 
|  10|0x0000000080a00000, 0x0000000080b00000, 0x0000000080b00000|100%| O|  |TAMS 0x0000000080b00000, 0x0000000080a00000| Untracked 
|  11|0x0000000080b00000, 0x0000000080c00000, 0x0000000080c00000|100%| O|  |TAMS 0x0000000080c00000, 0x0000000080b00000| Untracked 
|  12|0x0000000080c00000, 0x0000000080d00000, 0x0000000080d00000|100%| O|  |TAMS 0x0000000080d00000, 0x0000000080c00000| Untracked 
|  13|0x0000000080d00000, 0x0000000080e00000, 0x0000000080e00000|100%| O|  |TAMS 0x0000000080e00000, 0x0000000080d00000| Untracked 
|  14|0x0000000080e00000, 0x0000000080f00000, 0x0000000080f00000|100%| O|  |TAMS 0x0000000080f00000, 0x0000000080e00000| Untracked 
|  15|0x0000000080f00000, 0x0000000081000000, 0x0000000081000000|100%| O|  |TAMS 0x0000000081000000, 0x0000000080f00000| Untracked 
|  16|0x0000000081000000, 0x0000000081100000, 0x0000000081100000|100%| O|  |TAMS 0x0000000081100000, 0x0000000081000000| Untracked 
|  17|0x0000000081100000, 0x0000000081200000, 0x0000000081200000|100%| O|  |TAMS 0x0000000081200000, 0x0000000081100000| Untracked 
|  18|0x0000000081200000, 0x0000000081300000, 0x0000000081300000|100%| O|  |TAMS 0x0000000081300000, 0x0000000081200000| Untracked 
|  19|0x0000000081300000, 0x0000000081400000, 0x0000000081400000|100%| O|  |TAMS 0x0000000081400000, 0x0000000081300000| Untracked 
|  20|0x0000000081400000, 0x0000000081500000, 0x0000000081500000|100%| O|  |TAMS 0x0000000081500000, 0x0000000081400000| Untracked 
|  21|0x0000000081500000, 0x0000000081600000, 0x0000000081600000|100%| O|  |TAMS 0x0000000081600000, 0x0000000081500000| Untracked 
|  22|0x0000000081600000, 0x0000000081700000, 0x0000000081700000|100%| O|  |TAMS 0x0000000081700000, 0x0000000081600000| Untracked 
|  23|0x0000000081700000, 0x0000000081800000, 0x0000000081800000|100%| O|  |TAMS 0x0000000081800000, 0x0000000081700000| Untracked 
|  24|0x0000000081800000, 0x0000000081900000, 0x0000000081900000|100%| O|  |TAMS 0x0000000081900000, 0x0000000081800000| Untracked 
|  25|0x0000000081900000, 0x0000000081a00000, 0x0000000081a00000|100%| O|  |TAMS 0x0000000081a00000, 0x0000000081900000| Untracked 
|  26|0x0000000081a00000, 0x0000000081b00000, 0x0000000081b00000|100%|HS|  |TAMS 0x0000000081b00000, 0x0000000081a00000| Complete 
|  27|0x0000000081b00000, 0x0000000081c00000, 0x0000000081c00000|100%|HS|  |TAMS 0x0000000081c00000, 0x0000000081b00000| Complete 
|  28|0x0000000081c00000, 0x0000000081d00000, 0x0000000081d00000|100%|HS|  |TAMS 0x0000000081d00000, 0x0000000081c00000| Complete 
|  29|0x0000000081d00000, 0x0000000081e00000, 0x0000000081e00000|100%|HS|  |TAMS 0x0000000081e00000, 0x0000000081d00000| Complete 
|  30|0x0000000081e00000, 0x0000000081f00000, 0x0000000081f00000|100%|HC|  |TAMS 0x0000000081f00000, 0x0000000081e00000| Complete 
|  31|0x0000000081f00000, 0x0000000082000000, 0x0000000082000000|100%|HC|  |TAMS 0x0000000082000000, 0x0000000081f00000| Complete 
|  32|0x0000000082000000, 0x0000000082100000, 0x0000000082100000|100%|HS|  |TAMS 0x0000000082100000, 0x0000000082000000| Complete 
|  33|0x0000000082100000, 0x0000000082200000, 0x0000000082200000|100%|HC|  |TAMS 0x0000000082200000, 0x0000000082100000| Complete 
|  34|0x0000000082200000, 0x0000000082300000, 0x0000000082300000|100%| O|  |TAMS 0x0000000082300000, 0x0000000082200000| Untracked 
|  35|0x0000000082300000, 0x0000000082400000, 0x0000000082400000|100%| O|  |TAMS 0x0000000082400000, 0x0000000082300000| Untracked 
|  36|0x0000000082400000, 0x0000000082500000, 0x0000000082500000|100%| O|  |TAMS 0x0000000082500000, 0x0000000082400000| Untracked 
|  37|0x0000000082500000, 0x0000000082600000, 0x0000000082600000|100%| O|  |TAMS 0x0000000082600000, 0x0000000082500000| Untracked 
|  38|0x0000000082600000, 0x0000000082700000, 0x0000000082700000|100%| O|  |TAMS 0x0000000082700000, 0x0000000082600000| Untracked 
|  39|0x0000000082700000, 0x0000000082800000, 0x0000000082800000|100%| O|  |TAMS 0x0000000082800000, 0x0000000082700000| Untracked 
|  40|0x0000000082800000, 0x0000000082900000, 0x0000000082900000|100%| O|  |TAMS 0x0000000082900000, 0x0000000082800000| Untracked 
|  41|0x0000000082900000, 0x0000000082a00000, 0x0000000082a00000|100%| O|  |TAMS 0x0000000082a00000, 0x0000000082900000| Untracked 
|  42|0x0000000082a00000, 0x0000000082b00000, 0x0000000082b00000|100%| O|  |TAMS 0x0000000082b00000, 0x0000000082a00000| Untracked 
|  43|0x0000000082b00000, 0x0000000082c00000, 0x0000000082c00000|100%| O|  |TAMS 0x0000000082c00000, 0x0000000082b00000| Untracked 
|  44|0x0000000082c00000, 0x0000000082d00000, 0x0000000082d00000|100%| O|  |TAMS 0x0000000082d00000, 0x0000000082c00000| Untracked 
|  45|0x0000000082d00000, 0x0000000082e00000, 0x0000000082e00000|100%| O|  |TAMS 0x0000000082e00000, 0x0000000082d00000| Untracked 
|  46|0x0000000082e00000, 0x0000000082f00000, 0x0000000082f00000|100%| O|  |TAMS 0x0000000082f00000, 0x0000000082e00000| Untracked 
|  47|0x0000000082f00000, 0x0000000083000000, 0x0000000083000000|100%| O|  |TAMS 0x0000000083000000, 0x0000000082f00000| Untracked 
|  48|0x0000000083000000, 0x0000000083100000, 0x0000000083100000|100%| O|  |TAMS 0x0000000083100000, 0x0000000083000000| Untracked 
|  49|0x0000000083100000, 0x0000000083200000, 0x0000000083200000|100%| O|  |TAMS 0x0000000083200000, 0x0000000083100000| Untracked 
|  50|0x0000000083200000, 0x0000000083300000, 0x0000000083300000|100%| O|  |TAMS 0x000000008324e400, 0x0000000083200000| Untracked 
|  51|0x0000000083300000, 0x0000000083400000, 0x0000000083400000|100%| O|  |TAMS 0x0000000083300000, 0x0000000083300000| Untracked 
|  52|0x0000000083400000, 0x0000000083500000, 0x0000000083500000|100%| O|  |TAMS 0x0000000083400000, 0x0000000083400000| Untracked 
|  53|0x0000000083500000, 0x0000000083600000, 0x0000000083600000|100%| O|  |TAMS 0x0000000083500000, 0x0000000083500000| Untracked 
|  54|0x0000000083600000, 0x0000000083700000, 0x0000000083700000|100%| O|  |TAMS 0x0000000083600000, 0x0000000083600000| Untracked 
|  55|0x0000000083700000, 0x0000000083800000, 0x0000000083800000|100%| O|  |TAMS 0x0000000083700000, 0x0000000083700000| Untracked 
|  56|0x0000000083800000, 0x0000000083900000, 0x0000000083900000|100%| O|  |TAMS 0x0000000083800000, 0x0000000083800000| Untracked 
|  57|0x0000000083900000, 0x0000000083a00000, 0x0000000083a00000|100%| O|  |TAMS 0x0000000083900000, 0x0000000083900000| Untracked 
|  58|0x0000000083a00000, 0x0000000083b00000, 0x0000000083b00000|100%| O|  |TAMS 0x0000000083a00000, 0x0000000083a00000| Untracked 
|  59|0x0000000083b00000, 0x0000000083c00000, 0x0000000083c00000|100%| O|  |TAMS 0x0000000083b00000, 0x0000000083b00000| Untracked 
|  60|0x0000000083c00000, 0x0000000083d00000, 0x0000000083d00000|100%| O|  |TAMS 0x0000000083c00000, 0x0000000083c00000| Untracked 
|  61|0x0000000083d00000, 0x0000000083daa400, 0x0000000083e00000| 66%| O|  |TAMS 0x0000000083d00000, 0x0000000083d00000| Untracked 
|  62|0x0000000083e00000, 0x0000000083e00000, 0x0000000083f00000|  0%| F|  |TAMS 0x0000000083e00000, 0x0000000083e00000| Untracked 
|  63|0x0000000083f00000, 0x0000000083f00000, 0x0000000084000000|  0%| F|  |TAMS 0x0000000083f00000, 0x0000000083f00000| Untracked 
|  64|0x0000000084000000, 0x0000000084000000, 0x0000000084100000|  0%| F|  |TAMS 0x0000000084000000, 0x0000000084000000| Untracked 
|  65|0x0000000084100000, 0x0000000084100000, 0x0000000084200000|  0%| F|  |TAMS 0x0000000084100000, 0x0000000084100000| Untracked 
|  66|0x0000000084200000, 0x0000000084200000, 0x0000000084300000|  0%| F|  |TAMS 0x0000000084200000, 0x0000000084200000| Untracked 
|  67|0x0000000084300000, 0x0000000084300000, 0x0000000084400000|  0%| F|  |TAMS 0x0000000084300000, 0x0000000084300000| Untracked 
|  68|0x0000000084400000, 0x0000000084400000, 0x0000000084500000|  0%| F|  |TAMS 0x0000000084400000, 0x0000000084400000| Untracked 
|  69|0x0000000084500000, 0x0000000084500000, 0x0000000084600000|  0%| F|  |TAMS 0x0000000084500000, 0x0000000084500000| Untracked 
|  70|0x0000000084600000, 0x0000000084600000, 0x0000000084700000|  0%| F|  |TAMS 0x0000000084600000, 0x0000000084600000| Untracked 
|  71|0x0000000084700000, 0x0000000084700000, 0x0000000084800000|  0%| F|  |TAMS 0x0000000084700000, 0x0000000084700000| Untracked 
|  72|0x0000000084800000, 0x0000000084800000, 0x0000000084900000|  0%| F|  |TAMS 0x0000000084800000, 0x0000000084800000| Untracked 
|  73|0x0000000084900000, 0x0000000084900000, 0x0000000084a00000|  0%| F|  |TAMS 0x0000000084900000, 0x0000000084900000| Untracked 
|  74|0x0000000084a00000, 0x0000000084a00000, 0x0000000084b00000|  0%| F|  |TAMS 0x0000000084a00000, 0x0000000084a00000| Untracked 
|  75|0x0000000084b00000, 0x0000000084b00000, 0x0000000084c00000|  0%| F|  |TAMS 0x0000000084b00000, 0x0000000084b00000| Untracked 
|  76|0x0000000084c00000, 0x0000000084c00000, 0x0000000084d00000|  0%| F|  |TAMS 0x0000000084c00000, 0x0000000084c00000| Untracked 
|  77|0x0000000084d00000, 0x0000000084d00000, 0x0000000084e00000|  0%| F|  |TAMS 0x0000000084d00000, 0x0000000084d00000| Untracked 
|  78|0x0000000084e00000, 0x0000000084e00000, 0x0000000084f00000|  0%| F|  |TAMS 0x0000000084e00000, 0x0000000084e00000| Untracked 
|  79|0x0000000084f00000, 0x0000000084f00000, 0x0000000085000000|  0%| F|  |TAMS 0x0000000084f00000, 0x0000000084f00000| Untracked 
|  80|0x0000000085000000, 0x0000000085000000, 0x0000000085100000|  0%| F|  |TAMS 0x0000000085000000, 0x0000000085000000| Untracked 
|  81|0x0000000085100000, 0x0000000085100000, 0x0000000085200000|  0%| F|  |TAMS 0x0000000085100000, 0x0000000085100000| Untracked 
|  82|0x0000000085200000, 0x0000000085200000, 0x0000000085300000|  0%| F|  |TAMS 0x0000000085200000, 0x0000000085200000| Untracked 
|  83|0x0000000085300000, 0x0000000085300000, 0x0000000085400000|  0%| F|  |TAMS 0x0000000085300000, 0x0000000085300000| Untracked 
|  84|0x0000000085400000, 0x0000000085400000, 0x0000000085500000|  0%| F|  |TAMS 0x0000000085400000, 0x0000000085400000| Untracked 
|  85|0x0000000085500000, 0x0000000085500000, 0x0000000085600000|  0%| F|  |TAMS 0x0000000085500000, 0x0000000085500000| Untracked 
|  86|0x0000000085600000, 0x0000000085600000, 0x0000000085700000|  0%| F|  |TAMS 0x0000000085600000, 0x0000000085600000| Untracked 
|  87|0x0000000085700000, 0x0000000085700000, 0x0000000085800000|  0%| F|  |TAMS 0x0000000085700000, 0x0000000085700000| Untracked 
|  88|0x0000000085800000, 0x0000000085800000, 0x0000000085900000|  0%| F|  |TAMS 0x0000000085800000, 0x0000000085800000| Untracked 
|  89|0x0000000085900000, 0x0000000085900000, 0x0000000085a00000|  0%| F|  |TAMS 0x0000000085900000, 0x0000000085900000| Untracked 
|  90|0x0000000085a00000, 0x0000000085a00000, 0x0000000085b00000|  0%| F|  |TAMS 0x0000000085a00000, 0x0000000085a00000| Untracked 
|  91|0x0000000085b00000, 0x0000000085b00000, 0x0000000085c00000|  0%| F|  |TAMS 0x0000000085b00000, 0x0000000085b00000| Untracked 
|  92|0x0000000085c00000, 0x0000000085c00000, 0x0000000085d00000|  0%| F|  |TAMS 0x0000000085c00000, 0x0000000085c00000| Untracked 
|  93|0x0000000085d00000, 0x0000000085d00000, 0x0000000085e00000|  0%| F|  |TAMS 0x0000000085d00000, 0x0000000085d00000| Untracked 
|  94|0x0000000085e00000, 0x0000000085e00000, 0x0000000085f00000|  0%| F|  |TAMS 0x0000000085e00000, 0x0000000085e00000| Untracked 
|  95|0x0000000085f00000, 0x0000000085f00000, 0x0000000086000000|  0%| F|  |TAMS 0x0000000085f00000, 0x0000000085f00000| Untracked 
|  96|0x0000000086000000, 0x0000000086000000, 0x0000000086100000|  0%| F|  |TAMS 0x0000000086000000, 0x0000000086000000| Untracked 
|  97|0x0000000086100000, 0x0000000086100000, 0x0000000086200000|  0%| F|  |TAMS 0x0000000086100000, 0x0000000086100000| Untracked 
|  98|0x0000000086200000, 0x0000000086200000, 0x0000000086300000|  0%| F|  |TAMS 0x0000000086200000, 0x0000000086200000| Untracked 
|  99|0x0000000086300000, 0x0000000086300000, 0x0000000086400000|  0%| F|  |TAMS 0x0000000086300000, 0x0000000086300000| Untracked 
| 100|0x0000000086400000, 0x0000000086400000, 0x0000000086500000|  0%| F|  |TAMS 0x0000000086400000, 0x0000000086400000| Untracked 
| 101|0x0000000086500000, 0x0000000086523ff0, 0x0000000086600000| 14%| S|CS|TAMS 0x0000000086500000, 0x0000000086500000| Complete 
| 102|0x0000000086600000, 0x0000000086700000, 0x0000000086700000|100%| S|CS|TAMS 0x0000000086600000, 0x0000000086600000| Complete 
| 103|0x0000000086700000, 0x0000000086800000, 0x0000000086800000|100%| S|CS|TAMS 0x0000000086700000, 0x0000000086700000| Complete 
| 104|0x0000000086800000, 0x0000000086900000, 0x0000000086900000|100%| S|CS|TAMS 0x0000000086800000, 0x0000000086800000| Complete 
| 105|0x0000000086900000, 0x0000000086a00000, 0x0000000086a00000|100%| S|CS|TAMS 0x0000000086900000, 0x0000000086900000| Complete 
| 106|0x0000000086a00000, 0x0000000086b00000, 0x0000000086b00000|100%| S|CS|TAMS 0x0000000086a00000, 0x0000000086a00000| Complete 
| 107|0x0000000086b00000, 0x0000000086c00000, 0x0000000086c00000|100%| S|CS|TAMS 0x0000000086b00000, 0x0000000086b00000| Complete 
| 108|0x0000000086c00000, 0x0000000086d00000, 0x0000000086d00000|100%| S|CS|TAMS 0x0000000086c00000, 0x0000000086c00000| Complete 
| 109|0x0000000086d00000, 0x0000000086e00000, 0x0000000086e00000|100%| S|CS|TAMS 0x0000000086d00000, 0x0000000086d00000| Complete 
| 110|0x0000000086e00000, 0x0000000086f00000, 0x0000000086f00000|100%| S|CS|TAMS 0x0000000086e00000, 0x0000000086e00000| Complete 
| 111|0x0000000086f00000, 0x0000000086f00000, 0x0000000087000000|  0%| F|  |TAMS 0x0000000086f00000, 0x0000000086f00000| Untracked 
| 112|0x0000000087000000, 0x0000000087000000, 0x0000000087100000|  0%| F|  |TAMS 0x0000000087000000, 0x0000000087000000| Untracked 
| 113|0x0000000087100000, 0x00000000871b8e48, 0x0000000087200000| 72%| E|  |TAMS 0x0000000087100000, 0x0000000087100000| Complete 
| 114|0x0000000087200000, 0x0000000087300000, 0x0000000087300000|100%| E|CS|TAMS 0x0000000087200000, 0x0000000087200000| Complete 
| 115|0x0000000087300000, 0x0000000087400000, 0x0000000087400000|100%| E|CS|TAMS 0x0000000087300000, 0x0000000087300000| Complete 
| 116|0x0000000087400000, 0x0000000087500000, 0x0000000087500000|100%| E|CS|TAMS 0x0000000087400000, 0x0000000087400000| Complete 
| 117|0x0000000087500000, 0x0000000087600000, 0x0000000087600000|100%| E|CS|TAMS 0x0000000087500000, 0x0000000087500000| Complete 
| 118|0x0000000087600000, 0x0000000087700000, 0x0000000087700000|100%| E|CS|TAMS 0x0000000087600000, 0x0000000087600000| Complete 
| 119|0x0000000087700000, 0x0000000087800000, 0x0000000087800000|100%| E|CS|TAMS 0x0000000087700000, 0x0000000087700000| Complete 
| 120|0x0000000087800000, 0x0000000087900000, 0x0000000087900000|100%| E|CS|TAMS 0x0000000087800000, 0x0000000087800000| Complete 
| 121|0x0000000087900000, 0x0000000087a00000, 0x0000000087a00000|100%| E|  |TAMS 0x0000000087900000, 0x0000000087900000| Complete 
| 122|0x0000000087a00000, 0x0000000087b00000, 0x0000000087b00000|100%| E|CS|TAMS 0x0000000087a00000, 0x0000000087a00000| Complete 
| 123|0x0000000087b00000, 0x0000000087c00000, 0x0000000087c00000|100%| E|CS|TAMS 0x0000000087b00000, 0x0000000087b00000| Complete 
| 124|0x0000000087c00000, 0x0000000087d00000, 0x0000000087d00000|100%| E|CS|TAMS 0x0000000087c00000, 0x0000000087c00000| Complete 
| 125|0x0000000087d00000, 0x0000000087e00000, 0x0000000087e00000|100%| E|CS|TAMS 0x0000000087d00000, 0x0000000087d00000| Complete 
| 126|0x0000000087e00000, 0x0000000087f00000, 0x0000000087f00000|100%| E|CS|TAMS 0x0000000087e00000, 0x0000000087e00000| Complete 
| 127|0x0000000087f00000, 0x0000000088000000, 0x0000000088000000|100%| E|CS|TAMS 0x0000000087f00000, 0x0000000087f00000| Complete 
| 128|0x0000000088000000, 0x0000000088100000, 0x0000000088100000|100%| E|CS|TAMS 0x0000000088000000, 0x0000000088000000| Complete 
| 129|0x0000000088100000, 0x0000000088200000, 0x0000000088200000|100%| E|CS|TAMS 0x0000000088100000, 0x0000000088100000| Complete 
| 130|0x0000000088200000, 0x0000000088300000, 0x0000000088300000|100%| E|CS|TAMS 0x0000000088200000, 0x0000000088200000| Complete 
| 131|0x0000000088300000, 0x0000000088400000, 0x0000000088400000|100%| E|CS|TAMS 0x0000000088300000, 0x0000000088300000| Complete 
| 132|0x0000000088400000, 0x0000000088500000, 0x0000000088500000|100%| E|CS|TAMS 0x0000000088400000, 0x0000000088400000| Complete 
| 133|0x0000000088500000, 0x0000000088600000, 0x0000000088600000|100%| E|CS|TAMS 0x0000000088500000, 0x0000000088500000| Complete 
| 134|0x0000000088600000, 0x0000000088700000, 0x0000000088700000|100%| E|CS|TAMS 0x0000000088600000, 0x0000000088600000| Complete 
| 135|0x0000000088700000, 0x0000000088800000, 0x0000000088800000|100%| E|CS|TAMS 0x0000000088700000, 0x0000000088700000| Complete 
| 136|0x0000000088800000, 0x0000000088900000, 0x0000000088900000|100%| E|CS|TAMS 0x0000000088800000, 0x0000000088800000| Complete 
| 137|0x0000000088900000, 0x0000000088a00000, 0x0000000088a00000|100%| E|CS|TAMS 0x0000000088900000, 0x0000000088900000| Complete 
| 138|0x0000000088a00000, 0x0000000088b00000, 0x0000000088b00000|100%| E|CS|TAMS 0x0000000088a00000, 0x0000000088a00000| Complete 
| 139|0x0000000088b00000, 0x0000000088c00000, 0x0000000088c00000|100%| E|CS|TAMS 0x0000000088b00000, 0x0000000088b00000| Complete 
| 140|0x0000000088c00000, 0x0000000088d00000, 0x0000000088d00000|100%| E|CS|TAMS 0x0000000088c00000, 0x0000000088c00000| Complete 
| 141|0x0000000088d00000, 0x0000000088e00000, 0x0000000088e00000|100%| E|CS|TAMS 0x0000000088d00000, 0x0000000088d00000| Complete 
| 142|0x0000000088e00000, 0x0000000088f00000, 0x0000000088f00000|100%| E|CS|TAMS 0x0000000088e00000, 0x0000000088e00000| Complete 
| 143|0x0000000088f00000, 0x0000000089000000, 0x0000000089000000|100%| E|CS|TAMS 0x0000000088f00000, 0x0000000088f00000| Complete 
| 144|0x0000000089000000, 0x0000000089100000, 0x0000000089100000|100%| E|CS|TAMS 0x0000000089000000, 0x0000000089000000| Complete 
| 145|0x0000000089100000, 0x0000000089200000, 0x0000000089200000|100%| E|CS|TAMS 0x0000000089100000, 0x0000000089100000| Complete 
| 146|0x0000000089200000, 0x0000000089300000, 0x0000000089300000|100%| E|CS|TAMS 0x0000000089200000, 0x0000000089200000| Complete 
| 147|0x0000000089300000, 0x0000000089400000, 0x0000000089400000|100%| E|CS|TAMS 0x0000000089300000, 0x0000000089300000| Complete 
| 148|0x0000000089400000, 0x0000000089500000, 0x0000000089500000|100%| E|CS|TAMS 0x0000000089400000, 0x0000000089400000| Complete 
| 149|0x0000000089500000, 0x0000000089600000, 0x0000000089600000|100%| E|CS|TAMS 0x0000000089500000, 0x0000000089500000| Complete 
| 150|0x0000000089600000, 0x0000000089700000, 0x0000000089700000|100%| E|CS|TAMS 0x0000000089600000, 0x0000000089600000| Complete 
| 151|0x0000000089700000, 0x0000000089800000, 0x0000000089800000|100%| E|CS|TAMS 0x0000000089700000, 0x0000000089700000| Complete 
| 152|0x0000000089800000, 0x0000000089900000, 0x0000000089900000|100%| E|CS|TAMS 0x0000000089800000, 0x0000000089800000| Complete 
| 153|0x0000000089900000, 0x00000000899ffff8, 0x0000000089a00000| 99%| E|CS|TAMS 0x0000000089900000, 0x0000000089900000| Complete 
| 154|0x0000000089a00000, 0x0000000089b00000, 0x0000000089b00000|100%| E|CS|TAMS 0x0000000089a00000, 0x0000000089a00000| Complete 
| 155|0x0000000089b00000, 0x0000000089c00000, 0x0000000089c00000|100%| E|CS|TAMS 0x0000000089b00000, 0x0000000089b00000| Complete 
| 156|0x0000000089c00000, 0x0000000089d00000, 0x0000000089d00000|100%| E|CS|TAMS 0x0000000089c00000, 0x0000000089c00000| Complete 
| 157|0x0000000089d00000, 0x0000000089e00000, 0x0000000089e00000|100%| E|CS|TAMS 0x0000000089d00000, 0x0000000089d00000| Complete 
| 158|0x0000000089e00000, 0x0000000089f00000, 0x0000000089f00000|100%| E|CS|TAMS 0x0000000089e00000, 0x0000000089e00000| Complete 
| 159|0x0000000089f00000, 0x000000008a000000, 0x000000008a000000|100%| E|CS|TAMS 0x0000000089f00000, 0x0000000089f00000| Complete 
| 160|0x000000008a000000, 0x000000008a100000, 0x000000008a100000|100%| E|CS|TAMS 0x000000008a000000, 0x000000008a000000| Complete 
| 161|0x000000008a100000, 0x000000008a200000, 0x000000008a200000|100%| E|CS|TAMS 0x000000008a100000, 0x000000008a100000| Complete 
| 162|0x000000008a200000, 0x000000008a300000, 0x000000008a300000|100%| E|CS|TAMS 0x000000008a200000, 0x000000008a200000| Complete 
| 163|0x000000008a300000, 0x000000008a400000, 0x000000008a400000|100%| E|CS|TAMS 0x000000008a300000, 0x000000008a300000| Complete 
| 164|0x000000008a400000, 0x000000008a500000, 0x000000008a500000|100%| E|CS|TAMS 0x000000008a400000, 0x000000008a400000| Complete 
| 165|0x000000008a500000, 0x000000008a600000, 0x000000008a600000|100%| E|CS|TAMS 0x000000008a500000, 0x000000008a500000| Complete 
| 166|0x000000008a600000, 0x000000008a700000, 0x000000008a700000|100%| E|CS|TAMS 0x000000008a600000, 0x000000008a600000| Complete 
| 167|0x000000008a700000, 0x000000008a800000, 0x000000008a800000|100%| E|CS|TAMS 0x000000008a700000, 0x000000008a700000| Complete 
| 168|0x000000008a800000, 0x000000008a900000, 0x000000008a900000|100%| E|CS|TAMS 0x000000008a800000, 0x000000008a800000| Complete 
| 169|0x000000008a900000, 0x000000008aa00000, 0x000000008aa00000|100%| E|CS|TAMS 0x000000008a900000, 0x000000008a900000| Complete 
| 170|0x000000008aa00000, 0x000000008ab00000, 0x000000008ab00000|100%| E|CS|TAMS 0x000000008aa00000, 0x000000008aa00000| Complete 
| 171|0x000000008ab00000, 0x000000008ac00000, 0x000000008ac00000|100%| E|CS|TAMS 0x000000008ab00000, 0x000000008ab00000| Complete 
| 172|0x000000008ac00000, 0x000000008ad00000, 0x000000008ad00000|100%| E|CS|TAMS 0x000000008ac00000, 0x000000008ac00000| Complete 
| 173|0x000000008ad00000, 0x000000008ae00000, 0x000000008ae00000|100%| E|CS|TAMS 0x000000008ad00000, 0x000000008ad00000| Complete 
| 174|0x000000008ae00000, 0x000000008af00000, 0x000000008af00000|100%| E|CS|TAMS 0x000000008ae00000, 0x000000008ae00000| Complete 
| 175|0x000000008af00000, 0x000000008b000000, 0x000000008b000000|100%| E|CS|TAMS 0x000000008af00000, 0x000000008af00000| Complete 
| 176|0x000000008b000000, 0x000000008b100000, 0x000000008b100000|100%| E|CS|TAMS 0x000000008b000000, 0x000000008b000000| Complete 
| 177|0x000000008b100000, 0x000000008b200000, 0x000000008b200000|100%| E|CS|TAMS 0x000000008b100000, 0x000000008b100000| Complete 
| 178|0x000000008b200000, 0x000000008b300000, 0x000000008b300000|100%| E|CS|TAMS 0x000000008b200000, 0x000000008b200000| Complete 
| 179|0x000000008b300000, 0x000000008b400000, 0x000000008b400000|100%| E|CS|TAMS 0x000000008b300000, 0x000000008b300000| Complete 
| 180|0x000000008b400000, 0x000000008b500000, 0x000000008b500000|100%| E|CS|TAMS 0x000000008b400000, 0x000000008b400000| Complete 
| 181|0x000000008b500000, 0x000000008b600000, 0x000000008b600000|100%| E|CS|TAMS 0x000000008b500000, 0x000000008b500000| Complete 
| 182|0x000000008b600000, 0x000000008b700000, 0x000000008b700000|100%| E|CS|TAMS 0x000000008b600000, 0x000000008b600000| Complete 

Card table byte_map: [0x0000023d182a0000,0x0000023d186a0000] _byte_map_base: 0x0000023d17ea0000

Marking Bits (Prev, Next): (CMBitMap*) 0x0000023d031b1a00, (CMBitMap*) 0x0000023d031b19c8
 Prev Bits: [0x0000023d1aaa0000, 0x0000023d1caa0000)
 Next Bits: [0x0000023d18aa0000, 0x0000023d1aaa0000)

Polling page: 0x0000023d03250000

Metaspace:

Usage:
  Non-class:     74.79 MB capacity,    73.56 MB ( 98%) used,     1.00 MB (  1%) free+waste,   227.13 KB ( <1%) overhead. 
      Class:     11.67 MB capacity,    10.91 MB ( 93%) used,   677.74 KB (  6%) free+waste,   105.00 KB ( <1%) overhead. 
       Both:     86.46 MB capacity,    84.47 MB ( 98%) used,     1.67 MB (  2%) free+waste,   332.13 KB ( <1%) overhead. 

Virtual space:
  Non-class space:       76.00 MB reserved,      74.95 MB ( 99%) committed 
      Class space:        1.00 GB reserved,      11.75 MB (  1%) committed 
             Both:        1.07 GB reserved,      86.70 MB (  8%) committed 

Chunk freelists:
   Non-Class:  38.00 KB
       Class:  15.00 KB
        Both:  53.00 KB

MaxMetaspaceSize: 17179869184.00 GB
CompressedClassSpaceSize: 1.00 GB

CodeHeap 'non-profiled nmethods': size=120000Kb used=3547Kb max_used=3547Kb free=116453Kb
 bounds [0x0000023d0ff00000, 0x0000023d10280000, 0x0000023d17430000]
CodeHeap 'profiled nmethods': size=120000Kb used=17356Kb max_used=17356Kb free=102643Kb
 bounds [0x0000023d089d0000, 0x0000023d09ad0000, 0x0000023d0ff00000]
CodeHeap 'non-nmethods': size=5760Kb used=2276Kb max_used=2313Kb free=3483Kb
 bounds [0x0000023d08430000, 0x0000023d086a0000, 0x0000023d089d0000]
 total_blobs=9367 nmethods=8489 adapters=789
 compilation: enabled
              stopped_count=0, restarted_count=0
 full_count=0

Compilation events (20 events):
Event: 22.226 Thread 0x0000023d1f5a2800 8714       3       org.gradle.api.internal.artifacts.repositories.resolver.DirectDependencyMetadataAdapter_Decorated::getOriginalMetadata (39 bytes)
Event: 22.227 Thread 0x0000023d1f5a2800 nmethod 8714 0x0000023d09a98a90 code [0x0000023d09a98d00, 0x0000023d09a99828]
Event: 22.227 Thread 0x0000023d1f5a2800 8715       3       org.gradle.api.internal.artifacts.repositories.resolver.AbstractDependencyMetadataAdapter::getOriginalMetadata (17 bytes)
Event: 22.227 Thread 0x0000023d1f5a2800 nmethod 8715 0x0000023d09a99b10 code [0x0000023d09a99ce0, 0x0000023d09a99fa8]
Event: 22.228 Thread 0x0000023d1f5a2800 8717       3       org.gradle.api.internal.artifacts.ivyservice.ivyresolve.strategy.AbstractStringVersionSelector::getSelector (5 bytes)
Event: 22.229 Thread 0x0000023d1f5a2800 nmethod 8717 0x0000023d09a9a090 code [0x0000023d09a9a240, 0x0000023d09a9a358]
Event: 22.230 Thread 0x0000023d1f5a2800 8718       3       org.gradle.api.internal.artifacts.ivyservice.resolveengine.graph.builder.ResolveState$$Lambda$424/0x0000000100608c40::apply (20 bytes)
Event: 22.231 Thread 0x0000023d1f5a2800 nmethod 8718 0x0000023d09a9a410 code [0x0000023d09a9a5e0, 0x0000023d09a9a828]
Event: 22.231 Thread 0x0000023d1f5a2800 8719       3       org.gradle.api.internal.artifacts.ivyservice.resolveengine.graph.builder.ModuleResolveState::<init> (121 bytes)
Event: 22.233 Thread 0x0000023d1f5a2800 nmethod 8719 0x0000023d09a9a910 code [0x0000023d09a9ac00, 0x0000023d09a9bdb8]
Event: 22.233 Thread 0x0000023d1f5a2800 8722       3       java.util.Comparator::thenComparing (12 bytes)
Event: 22.235 Thread 0x0000023d1f5a2800 nmethod 8722 0x0000023d09a9c390 code [0x0000023d09a9c5e0, 0x0000023d09a9cf48]
Event: 22.235 Thread 0x0000023d1f5a2800 8720       3       org.gradle.api.internal.artifacts.ivyservice.resolveengine.graph.builder.ModuleSelectors::<init> (89 bytes)
Event: 22.238 Thread 0x0000023d1f5a2800 nmethod 8720 0x0000023d09a9d290 code [0x0000023d09a9d760, 0x0000023d09aa00e8]
Event: 22.238 Thread 0x0000023d1f5a2800 8723   !   3       org.gradle.api.internal.artifacts.ivyservice.DefaultArtifactCaches$LateInitWritableArtifactCacheLockingManager::getDelegate (52 bytes)
Event: 22.238 Thread 0x0000023d1f5a2800 nmethod 8723 0x0000023d09aa0c10 code [0x0000023d09aa0de0, 0x0000023d09aa1328]
Event: 22.238 Thread 0x0000023d1f5a2800 8721       3       java.util.Comparator::thenComparing (11 bytes)
Event: 22.239 Thread 0x0000023d1f5a2800 nmethod 8721 0x0000023d09aa1490 code [0x0000023d09aa16c0, 0x0000023d09aa1e38]
Event: 22.244 Thread 0x0000023d1f5a2800 8724       3       org.gradle.api.internal.artifacts.ivyservice.resolveengine.graph.builder.ResolveState$SelectorCacheKey::equals (71 bytes)
Event: 22.245 Thread 0x0000023d1f5a2800 nmethod 8724 0x0000023d09aa2110 code [0x0000023d09aa2300, 0x0000023d09aa27a8]

GC Heap History (20 events):
Event: 6.353 GC heap before
{Heap before GC invocations=7 (full 0):
 garbage-first heap   total 129024K, used 23732K [0x0000000080000000, 0x0000000100000000)
  region size 1024K, 10 young (10240K), 6 survivors (6144K)
 Metaspace       used 34984K, capacity 35800K, committed 35840K, reserved 1081344K
  class space    used 4533K, capacity 4833K, committed 4864K, reserved 1048576K
}
Event: 6.363 GC heap after
{Heap after GC invocations=8 (full 0):
 garbage-first heap   total 129024K, used 22067K [0x0000000080000000, 0x0000000100000000)
  region size 1024K, 4 young (4096K), 4 survivors (4096K)
 Metaspace       used 34984K, capacity 35800K, committed 35840K, reserved 1081344K
  class space    used 4533K, capacity 4833K, committed 4864K, reserved 1048576K
}
Event: 7.101 GC heap before
{Heap before GC invocations=9 (full 0):
 garbage-first heap   total 129024K, used 78387K [0x0000000080000000, 0x0000000100000000)
  region size 1024K, 56 young (57344K), 4 survivors (4096K)
 Metaspace       used 38700K, capacity 39634K, committed 39884K, reserved 1083392K
  class space    used 4935K, capacity 5252K, committed 5376K, reserved 1048576K
}
Event: 7.111 GC heap after
{Heap after GC invocations=10 (full 0):
 garbage-first heap   total 129024K, used 26067K [0x0000000080000000, 0x0000000100000000)
  region size 1024K, 7 young (7168K), 7 survivors (7168K)
 Metaspace       used 38700K, capacity 39634K, committed 39884K, reserved 1083392K
  class space    used 4935K, capacity 5252K, committed 5376K, reserved 1048576K
}
Event: 7.960 GC heap before
{Heap before GC invocations=10 (full 0):
 garbage-first heap   total 129024K, used 80339K [0x0000000080000000, 0x0000000100000000)
  region size 1024K, 60 young (61440K), 7 survivors (7168K)
 Metaspace       used 43509K, capacity 44591K, committed 44876K, reserved 1087488K
  class space    used 5557K, capacity 5961K, committed 6016K, reserved 1048576K
}
Event: 7.975 GC heap after
{Heap after GC invocations=11 (full 0):
 garbage-first heap   total 155648K, used 29146K [0x0000000080000000, 0x0000000100000000)
  region size 1024K, 7 young (7168K), 7 survivors (7168K)
 Metaspace       used 43509K, capacity 44591K, committed 44876K, reserved 1087488K
  class space    used 5557K, capacity 5961K, committed 6016K, reserved 1048576K
}
Event: 9.486 GC heap before
{Heap before GC invocations=11 (full 0):
 garbage-first heap   total 155648K, used 93658K [0x0000000080000000, 0x0000000100000000)
  region size 1024K, 71 young (72704K), 7 survivors (7168K)
 Metaspace       used 47151K, capacity 48431K, committed 48716K, reserved 1091584K
  class space    used 6022K, capacity 6490K, committed 6528K, reserved 1048576K
}
Event: 9.498 GC heap after
{Heap after GC invocations=12 (full 0):
 garbage-first heap   total 155648K, used 34432K [0x0000000080000000, 0x0000000100000000)
  region size 1024K, 8 young (8192K), 8 survivors (8192K)
 Metaspace       used 47151K, capacity 48431K, committed 48716K, reserved 1091584K
  class space    used 6022K, capacity 6490K, committed 6528K, reserved 1048576K
}
Event: 11.090 GC heap before
{Heap before GC invocations=12 (full 0):
 garbage-first heap   total 155648K, used 110208K [0x0000000080000000, 0x0000000100000000)
  region size 1024K, 75 young (76800K), 8 survivors (8192K)
 Metaspace       used 54081K, capacity 55481K, committed 55628K, reserved 1097728K
  class space    used 6873K, capacity 7438K, committed 7552K, reserved 1048576K
}
Event: 11.106 GC heap after
{Heap after GC invocations=13 (full 0):
 garbage-first heap   total 155648K, used 52086K [0x0000000080000000, 0x0000000100000000)
  region size 1024K, 10 young (10240K), 10 survivors (10240K)
 Metaspace       used 54081K, capacity 55481K, committed 55628K, reserved 1097728K
  class space    used 6873K, capacity 7438K, committed 7552K, reserved 1048576K
}
Event: 12.306 GC heap before
{Heap before GC invocations=13 (full 0):
 garbage-first heap   total 155648K, used 78710K [0x0000000080000000, 0x0000000100000000)
  region size 1024K, 37 young (37888K), 10 survivors (10240K)
 Metaspace       used 58622K, capacity 60111K, committed 60236K, reserved 1101824K
  class space    used 7397K, capacity 7975K, committed 8064K, reserved 1048576K
}
Event: 12.340 GC heap after
{Heap after GC invocations=14 (full 0):
 garbage-first heap   total 155648K, used 53453K [0x0000000080000000, 0x0000000100000000)
  region size 1024K, 2 young (2048K), 2 survivors (2048K)
 Metaspace       used 58622K, capacity 60111K, committed 60236K, reserved 1101824K
  class space    used 7397K, capacity 7975K, committed 8064K, reserved 1048576K
}
Event: 15.714 GC heap before
{Heap before GC invocations=15 (full 0):
 garbage-first heap   total 155648K, used 113869K [0x0000000080000000, 0x0000000100000000)
  region size 1024K, 61 young (62464K), 2 survivors (2048K)
 Metaspace       used 64687K, capacity 66201K, committed 66380K, reserved 1107968K
  class space    used 8159K, capacity 8735K, committed 8832K, reserved 1048576K
}
Event: 15.725 GC heap after
{Heap after GC invocations=16 (full 0):
 garbage-first heap   total 187392K, used 57380K [0x0000000080000000, 0x0000000100000000)
  region size 1024K, 6 young (6144K), 6 survivors (6144K)
 Metaspace       used 64687K, capacity 66201K, committed 66380K, reserved 1107968K
  class space    used 8159K, capacity 8735K, committed 8832K, reserved 1048576K
}
Event: 16.812 GC heap before
{Heap before GC invocations=16 (full 0):
 garbage-first heap   total 187392K, used 132132K [0x0000000080000000, 0x0000000100000000)
  region size 1024K, 79 young (80896K), 6 survivors (6144K)
 Metaspace       used 68490K, capacity 70180K, committed 70476K, reserved 1110016K
  class space    used 8614K, capacity 9263K, committed 9344K, reserved 1048576K
}
Event: 16.826 GC heap after
{Heap after GC invocations=17 (full 0):
 garbage-first heap   total 187392K, used 63201K [0x0000000080000000, 0x0000000100000000)
  region size 1024K, 10 young (10240K), 10 survivors (10240K)
 Metaspace       used 68490K, capacity 70180K, committed 70476K, reserved 1110016K
  class space    used 8614K, capacity 9263K, committed 9344K, reserved 1048576K
}
Event: 17.939 GC heap before
{Heap before GC invocations=17 (full 0):
 garbage-first heap   total 187392K, used 137953K [0x0000000080000000, 0x0000000100000000)
  region size 1024K, 83 young (84992K), 10 survivors (10240K)
 Metaspace       used 74131K, capacity 75818K, committed 75980K, reserved 1116160K
  class space    used 9513K, capacity 10155K, committed 10240K, reserved 1048576K
}
Event: 17.960 GC heap after
{Heap after GC invocations=18 (full 0):
 garbage-first heap   total 187392K, used 68484K [0x0000000080000000, 0x0000000100000000)
  region size 1024K, 6 young (6144K), 6 survivors (6144K)
 Metaspace       used 74131K, capacity 75818K, committed 75980K, reserved 1116160K
  class space    used 9513K, capacity 10155K, committed 10240K, reserved 1048576K
}
Event: 19.573 GC heap before
{Heap before GC invocations=18 (full 0):
 garbage-first heap   total 187392K, used 142212K [0x0000000080000000, 0x0000000100000000)
  region size 1024K, 78 young (79872K), 6 survivors (6144K)
 Metaspace       used 81345K, capacity 83071K, committed 83148K, reserved 1122304K
  class space    used 10514K, capacity 11188K, committed 11264K, reserved 1048576K
}
Event: 19.588 GC heap after
{Heap after GC invocations=19 (full 0):
 garbage-first heap   total 187392K, used 72504K [0x0000000080000000, 0x0000000100000000)
  region size 1024K, 10 young (10240K), 10 survivors (10240K)
 Metaspace       used 81345K, capacity 83071K, committed 83148K, reserved 1122304K
  class space    used 10514K, capacity 11188K, committed 11264K, reserved 1048576K
}

Deoptimization events (20 events):
Event: 20.760 Thread 0x0000023d28619000 DEOPT PACKING pc=0x0000023d10112688 sp=0x000000a739efea10
Event: 20.760 Thread 0x0000023d28619000 DEOPT UNPACKING pc=0x0000023d084578af sp=0x000000a739efea08 mode 2
Event: 21.155 Thread 0x0000023d28614000 Uncommon trap: trap_request=0xffffff4d fr.pc=0x0000023d100f3fa0 relative=0x0000000000000700
Event: 21.155 Thread 0x0000023d28614000 Uncommon trap: reason=unstable_if action=reinterpret pc=0x0000023d100f3fa0 method=org.gradle.internal.snapshot.VfsRelativePath.hasPrefix(Ljava/lang/String;Lorg/gradle/internal/snapshot/CaseSensitivity;)Z @ 90 c2
Event: 21.155 Thread 0x0000023d28614000 DEOPT PACKING pc=0x0000023d100f3fa0 sp=0x000000a7399fadc0
Event: 21.155 Thread 0x0000023d28614000 DEOPT UNPACKING pc=0x0000023d084578af sp=0x000000a7399fad48 mode 2
Event: 21.236 Thread 0x0000023d28614000 Uncommon trap: trap_request=0xffffff4d fr.pc=0x0000023d1022e3fc relative=0x00000000000005dc
Event: 21.236 Thread 0x0000023d28614000 Uncommon trap: reason=unstable_if action=reinterpret pc=0x0000023d1022e3fc method=java.util.regex.Matcher.search(I)Z @ 76 c2
Event: 21.236 Thread 0x0000023d28614000 DEOPT PACKING pc=0x0000023d1022e3fc sp=0x000000a7399fa6b0
Event: 21.236 Thread 0x0000023d28614000 DEOPT UNPACKING pc=0x0000023d084578af sp=0x000000a7399fa680 mode 2
Event: 21.236 Thread 0x0000023d28614000 Uncommon trap: trap_request=0xffffff4d fr.pc=0x0000023d10078f60 relative=0x0000000000000280
Event: 21.236 Thread 0x0000023d28614000 Uncommon trap: reason=unstable_if action=reinterpret pc=0x0000023d10078f60 method=java.util.regex.Matcher.reset()Ljava/util/regex/Matcher; @ 80 c2
Event: 21.236 Thread 0x0000023d28614000 DEOPT PACKING pc=0x0000023d10078f60 sp=0x000000a7399fa700
Event: 21.236 Thread 0x0000023d28614000 DEOPT UNPACKING pc=0x0000023d084578af sp=0x000000a7399fa698 mode 2
Event: 21.324 Thread 0x0000023d22012800 DEOPT PACKING pc=0x0000023d098cf544 sp=0x000000a737cfeaf0
Event: 21.324 Thread 0x0000023d22012800 DEOPT UNPACKING pc=0x0000023d084576ce sp=0x000000a737cfe090 mode 0
Event: 21.522 Thread 0x0000023d2200e800 DEOPT PACKING pc=0x0000023d099f972d sp=0x000000a7370fdef0
Event: 21.522 Thread 0x0000023d2200e800 DEOPT UNPACKING pc=0x0000023d084576ce sp=0x000000a7370fd3b0 mode 0
Event: 22.019 Thread 0x0000023d28615000 DEOPT PACKING pc=0x0000023d09877a3b sp=0x000000a739afabe0
Event: 22.020 Thread 0x0000023d28615000 DEOPT UNPACKING pc=0x0000023d084576ce sp=0x000000a739afa120 mode 0

Classes redefined (0 events):
No events

Internal exceptions (20 events):
Event: 20.587 Thread 0x0000023d24213000 Exception <a 'java/lang/NoSuchMethodError'{0x00000000888de318}: <clinit>> (0x00000000888de318) thrown at [./src/hotspot/share/prims/jni.cpp, line 1362]
Event: 20.603 Thread 0x0000023d24213000 Exception <a 'java/lang/NoSuchMethodError'{0x00000000888f2fa8}: <clinit>> (0x00000000888f2fa8) thrown at [./src/hotspot/share/prims/jni.cpp, line 1362]
Event: 20.608 Thread 0x0000023d24213000 Exception <a 'java/lang/NoSuchMethodError'{0x000000008875ba18}: <clinit>> (0x000000008875ba18) thrown at [./src/hotspot/share/prims/jni.cpp, line 1362]
Event: 20.765 Thread 0x0000023d2200e800 Exception <a 'java/lang/NoSuchMethodError'{0x0000000088547790}: <clinit>> (0x0000000088547790) thrown at [./src/hotspot/share/prims/jni.cpp, line 1362]
Event: 20.960 Thread 0x0000023d28614000 Exception <a 'java/lang/NoSuchMethodError'{0x00000000884cd138}: 'java.lang.Object java.lang.invoke.Invokers$Holder.linkToTargetMethod(java.lang.Object, java.lang.Object, java.lang.Object, int, java.lang.Object, java.lang.Object)'> (0x00000000884cd138) thrown at [./src/hotspot/share/interpreter/linkResolver.cpp, line 773]
Event: 20.990 Thread 0x0000023d28614000 Exception <a 'java/lang/IncompatibleClassChangeError'{0x00000000883347d0}: Found class java.lang.Object, but interface was expected> (0x00000000883347d0) thrown at [./src/hotspot/share/interpreter/linkResolver.cpp, line 839]
Event: 21.119 Thread 0x0000023d28614000 Exception <a 'java/lang/NoSuchMethodError'{0x0000000088118ca8}: 'int java.lang.invoke.DirectMethodHandle$Holder.invokeStaticInit(java.lang.Object, java.lang.Object, java.lang.Object, java.lang.Object, java.lang.Object)'> (0x0000000088118ca8) thrown at [./src/hotspot/share/interpreter/linkResolver.cpp, line 773]
Event: 21.169 Thread 0x0000023d28614000 Exception <a 'java/lang/NoSuchMethodError'{0x0000000088036310}: 'void java.lang.invoke.DirectMethodHandle$Holder.invokeVirtual(java.lang.Object, java.lang.Object)'> (0x0000000088036310) thrown at [./src/hotspot/share/interpreter/linkResolver.cpp, line 773]
Event: 21.278 Thread 0x0000023d28614000 Exception <a 'java/lang/NoSuchMethodError'{0x0000000087fb44c8}: 'void java.lang.invoke.DirectMethodHandle$Holder.invokeStatic(java.lang.Object, java.lang.Object, java.lang.Object, java.lang.Object, java.lang.Object, java.lang.Object, java.lang.Object)'> (0x0000000087fb44c8) thrown at [./src/hotspot/share/interpreter/linkResolver.cpp, line 773]
Event: 21.321 Thread 0x0000023d2200e800 Exception <a 'java/lang/NoSuchMethodError'{0x0000000087ee0d80}: <clinit>> (0x0000000087ee0d80) thrown at [./src/hotspot/share/prims/jni.cpp, line 1362]
Event: 21.405 Thread 0x0000023d28614000 Exception <a 'java/lang/ClassNotFoundException'{0x0000000087ca1588}: groovy/util/slurpersupport/NodeChildBeanInfo> (0x0000000087ca1588) thrown at [./src/hotspot/share/classfile/systemDictionary.cpp, line 231]
Event: 21.406 Thread 0x0000023d28614000 Exception <a 'java/lang/ClassNotFoundException'{0x0000000087cb7cd0}: groovy/util/slurpersupport/GPathResultBeanInfo> (0x0000000087cb7cd0) thrown at [./src/hotspot/share/classfile/systemDictionary.cpp, line 231]
Event: 21.407 Thread 0x0000023d28614000 Exception <a 'java/lang/ClassNotFoundException'{0x0000000087cce708}: groovy/util/slurpersupport/GPathResultCustomizer> (0x0000000087cce708) thrown at [./src/hotspot/share/classfile/systemDictionary.cpp, line 231]
Event: 21.411 Thread 0x0000023d28614000 Exception <a 'java/lang/ClassNotFoundException'{0x0000000087cf56c0}: groovy/util/slurpersupport/NodeChildCustomizer> (0x0000000087cf56c0) thrown at [./src/hotspot/share/classfile/systemDictionary.cpp, line 231]
Event: 21.426 Thread 0x0000023d28614000 Exception <a 'java/lang/ClassNotFoundException'{0x0000000087bf1f50}: groovy/util/slurpersupport/AttributesBeanInfo> (0x0000000087bf1f50) thrown at [./src/hotspot/share/classfile/systemDictionary.cpp, line 231]
Event: 21.426 Thread 0x0000023d28614000 Exception <a 'java/lang/ClassNotFoundException'{0x0000000087a08e78}: groovy/util/slurpersupport/NodeChildrenBeanInfo> (0x0000000087a08e78) thrown at [./src/hotspot/share/classfile/systemDictionary.cpp, line 231]
Event: 21.427 Thread 0x0000023d28614000 Exception <a 'java/lang/ClassNotFoundException'{0x0000000087a1f6d0}: groovy/util/slurpersupport/NodeChildrenCustomizer> (0x0000000087a1f6d0) thrown at [./src/hotspot/share/classfile/systemDictionary.cpp, line 231]
Event: 21.428 Thread 0x0000023d28614000 Exception <a 'java/lang/ClassNotFoundException'{0x0000000087a3d2e8}: groovy/util/slurpersupport/AttributesCustomizer> (0x0000000087a3d2e8) thrown at [./src/hotspot/share/classfile/systemDictionary.cpp, line 231]
Event: 21.437 Thread 0x0000023d28614000 Exception <a 'java/lang/ClassNotFoundException'{0x00000000879202c0}: groovy/util/slurpersupport/AttributeBeanInfo> (0x00000000879202c0) thrown at [./src/hotspot/share/classfile/systemDictionary.cpp, line 231]
Event: 21.437 Thread 0x0000023d28614000 Exception <a 'java/lang/ClassNotFoundException'{0x00000000879369d8}: groovy/util/slurpersupport/AttributeCustomizer> (0x00000000879369d8) thrown at [./src/hotspot/share/classfile/systemDictionary.cpp, line 231]

Events (20 events):
Event: 21.972 loading class com/android/build/gradle/internal/dependency/AndroidXDependencySubstitution$replaceOldSupportLibraries$1$1$1$2
Event: 21.972 loading class com/android/build/gradle/internal/dependency/AndroidXDependencySubstitution$replaceOldSupportLibraries$1$1$1$2 done
Event: 21.985 loading class org/gradle/api/internal/artifacts/repositories/resolver/DirectDependencyMetadataAdapter
Event: 21.985 loading class org/gradle/api/internal/artifacts/repositories/resolver/DirectDependencyMetadataAdapter done
Event: 21.986 loading class org/gradle/api/internal/artifacts/repositories/resolver/AbstractDependencyMetadataAdapter
Event: 21.986 loading class org/gradle/api/internal/artifacts/repositories/resolver/AbstractDependencyMetadataAdapter done
Event: 21.990 loading class org/gradle/internal/component/external/model/ivy/IvyDependencyDescriptor
Event: 21.990 loading class org/gradle/internal/component/external/model/ivy/IvyDependencyDescriptor done
Event: 21.999 loading class org/gradle/api/artifacts/DirectDependencyMetadata
Event: 21.999 loading class org/gradle/api/artifacts/DirectDependencyMetadata done
Event: 22.002 Executing VM operation: RevokeBias
Event: 22.003 Executing VM operation: RevokeBias done
Event: 22.004 Executing VM operation: RevokeBias
Event: 22.004 Executing VM operation: RevokeBias done
Event: 22.136 loading class org/gradle/internal/component/model/IvyArtifactName
Event: 22.136 loading class org/gradle/internal/component/model/IvyArtifactName done
Event: 22.136 loading class org/gradle/api/internal/artifacts/ivyservice/dependencysubstitution/DefaultDependencyArtifactSelector
Event: 22.136 loading class org/gradle/api/internal/artifacts/ivyservice/dependencysubstitution/DefaultDependencyArtifactSelector done
Event: 22.141 loading class org/gradle/internal/component/model/IvyArtifactName
Event: 22.141 loading class org/gradle/internal/component/model/IvyArtifactName done


Dynamic libraries:
0x00007ff674cf0000 - 0x00007ff674cfa000 	C:\Program Files\Android\Android Studio1\jre\bin\java.exe
0x00007ffee6580000 - 0x00007ffee6789000 	C:\WINDOWS\SYSTEM32\ntdll.dll
0x00007ffee5200000 - 0x00007ffee52bd000 	C:\WINDOWS\System32\KERNEL32.DLL
0x00007ffee3c10000 - 0x00007ffee3f84000 	C:\WINDOWS\System32\KERNELBASE.dll
0x00007ffee3a70000 - 0x00007ffee3b81000 	C:\WINDOWS\System32\ucrtbase.dll
0x00007ffed02a0000 - 0x00007ffed02b9000 	C:\Program Files\Android\Android Studio1\jre\bin\jli.dll
0x00007ffed0300000 - 0x00007ffed0317000 	C:\Program Files\Android\Android Studio1\jre\bin\VCRUNTIME140.dll
0x00007ffee4dc0000 - 0x00007ffee4f6c000 	C:\WINDOWS\System32\USER32.dll
0x00007ffece2f0000 - 0x00007ffece595000 	C:\WINDOWS\WinSxS\amd64_microsoft.windows.common-controls_6595b64144ccf1df_6.0.22000.120_none_9d947278b86cc467\COMCTL32.dll
0x00007ffee40c0000 - 0x00007ffee40e6000 	C:\WINDOWS\System32\win32u.dll
0x00007ffee5950000 - 0x00007ffee59f3000 	C:\WINDOWS\System32\msvcrt.dll
0x00007ffee5920000 - 0x00007ffee5949000 	C:\WINDOWS\System32\GDI32.dll
0x00007ffee4190000 - 0x00007ffee42a2000 	C:\WINDOWS\System32\gdi32full.dll
0x00007ffee40f0000 - 0x00007ffee418d000 	C:\WINDOWS\System32\msvcp_win.dll
0x00007ffee4d80000 - 0x00007ffee4db1000 	C:\WINDOWS\System32\IMM32.DLL
0x00007ffeaca90000 - 0x00007ffeacb2d000 	C:\Program Files\Android\Android Studio1\jre\bin\msvcp140.dll
0x00007ffe973a0000 - 0x00007ffe97e6f000 	C:\Program Files\Android\Android Studio1\jre\bin\server\jvm.dll
0x00007ffee4f70000 - 0x00007ffee501e000 	C:\WINDOWS\System32\ADVAPI32.dll
0x00007ffee5160000 - 0x00007ffee51fe000 	C:\WINDOWS\System32\sechost.dll
0x00007ffee5040000 - 0x00007ffee5160000 	C:\WINDOWS\System32\RPCRT4.dll
0x00007ffee5a00000 - 0x00007ffee5a08000 	C:\WINDOWS\System32\PSAPI.DLL
0x00007ffec1120000 - 0x00007ffec1129000 	C:\WINDOWS\SYSTEM32\WSOCK32.dll
0x00007ffedc4b0000 - 0x00007ffedc4e3000 	C:\WINDOWS\SYSTEM32\WINMM.dll
0x00007ffed5670000 - 0x00007ffed567a000 	C:\WINDOWS\SYSTEM32\VERSION.dll
0x00007ffee5a10000 - 0x00007ffee5a7f000 	C:\WINDOWS\System32\WS2_32.dll
0x00007ffee2c60000 - 0x00007ffee2c78000 	C:\WINDOWS\SYSTEM32\kernel.appcore.dll
0x00007ffedc920000 - 0x00007ffedc931000 	C:\Program Files\Android\Android Studio1\jre\bin\verify.dll
0x00007ffee1070000 - 0x00007ffee1291000 	C:\WINDOWS\SYSTEM32\DBGHELP.DLL
0x00007ffec4850000 - 0x00007ffec4881000 	C:\WINDOWS\SYSTEM32\dbgcore.DLL
0x00007ffee3b90000 - 0x00007ffee3c0f000 	C:\WINDOWS\System32\bcryptPrimitives.dll
0x00007ffedc610000 - 0x00007ffedc639000 	C:\Program Files\Android\Android Studio1\jre\bin\java.dll
0x00007ffedd910000 - 0x00007ffedd91b000 	C:\Program Files\Android\Android Studio1\jre\bin\jimage.dll
0x00007ffed2de0000 - 0x00007ffed2df8000 	C:\Program Files\Android\Android Studio1\jre\bin\zip.dll
0x00007ffee5a80000 - 0x00007ffee622e000 	C:\WINDOWS\System32\SHELL32.dll
0x00007ffee1bf0000 - 0x00007ffee2458000 	C:\WINDOWS\SYSTEM32\windows.storage.dll
0x00007ffee4a00000 - 0x00007ffee4d78000 	C:\WINDOWS\System32\combase.dll
0x00007ffee1a80000 - 0x00007ffee1be6000 	C:\WINDOWS\SYSTEM32\wintypes.dll
0x00007ffee6230000 - 0x00007ffee631a000 	C:\WINDOWS\System32\SHCORE.dll
0x00007ffee53f0000 - 0x00007ffee544d000 	C:\WINDOWS\System32\shlwapi.dll
0x00007ffee39a0000 - 0x00007ffee39c1000 	C:\WINDOWS\SYSTEM32\profapi.dll
0x00007ffed0240000 - 0x00007ffed025a000 	C:\Program Files\Android\Android Studio1\jre\bin\net.dll
0x00007ffeddd60000 - 0x00007ffedde6c000 	C:\WINDOWS\SYSTEM32\WINHTTP.dll
0x00007ffee3090000 - 0x00007ffee30f7000 	C:\WINDOWS\system32\mswsock.dll
0x00007ffed00b0000 - 0x00007ffed00c4000 	C:\Program Files\Android\Android Studio1\jre\bin\nio.dll
0x00007ffed0320000 - 0x00007ffed0347000 	C:\Users\ASUS\.gradle\native\8bec1ad78214c89d9ad589b4d07fe93259594b29d510b10fafb7a158f7737e5d\windows-amd64\native-platform.dll
0x00007ffea23e0000 - 0x00007ffea251d000 	C:\Users\ASUS\.gradle\native\53dbd7edfb1c66fb8903c78663c9afc45aea4f116125fa6feffd364cf09443e8\windows-amd64\native-platform-file-events.dll
0x00007ffedc4f0000 - 0x00007ffedc4fa000 	C:\Program Files\Android\Android Studio1\jre\bin\management.dll
0x00007ffed2dd0000 - 0x00007ffed2ddc000 	C:\Program Files\Android\Android Studio1\jre\bin\management_ext.dll
0x00007ffee32d0000 - 0x00007ffee32e8000 	C:\WINDOWS\SYSTEM32\CRYPTSP.dll
0x00007ffee2bc0000 - 0x00007ffee2bf5000 	C:\WINDOWS\system32\rsaenh.dll
0x00007ffee3180000 - 0x00007ffee31a9000 	C:\WINDOWS\SYSTEM32\USERENV.dll
0x00007ffee3450000 - 0x00007ffee3477000 	C:\WINDOWS\SYSTEM32\bcrypt.dll
0x00007ffee32f0000 - 0x00007ffee32fc000 	C:\WINDOWS\SYSTEM32\CRYPTBASE.dll
0x00007ffee2790000 - 0x00007ffee27bd000 	C:\WINDOWS\SYSTEM32\IPHLPAPI.DLL
0x00007ffee52c0000 - 0x00007ffee52c9000 	C:\WINDOWS\System32\NSI.dll
0x00007ffeddf40000 - 0x00007ffeddf59000 	C:\WINDOWS\SYSTEM32\dhcpcsvc6.DLL
0x00007ffede330000 - 0x00007ffede34e000 	C:\WINDOWS\SYSTEM32\dhcpcsvc.DLL
0x00007ffee2800000 - 0x00007ffee28e7000 	C:\WINDOWS\SYSTEM32\DNSAPI.dll

dbghelp: loaded successfully - version: 4.0.5 - missing functions: none
symbol engine: initialized successfully - sym options: 0x614 - pdb path: .;C:\Program Files\Android\Android Studio1\jre\bin;C:\WINDOWS\SYSTEM32;C:\WINDOWS\WinSxS\amd64_microsoft.windows.common-controls_6595b64144ccf1df_6.0.22000.120_none_9d947278b86cc467;C:\Program Files\Android\Android Studio1\jre\bin\server;C:\Users\ASUS\.gradle\native\8bec1ad78214c89d9ad589b4d07fe93259594b29d510b10fafb7a158f7737e5d\windows-amd64;C:\Users\ASUS\.gradle\native\53dbd7edfb1c66fb8903c78663c9afc45aea4f116125fa6feffd364cf09443e8\windows-amd64

VM Arguments:
jvm_args: --add-opens=java.base/java.util=ALL-UNNAMED --add-opens=java.base/java.lang=ALL-UNNAMED --add-opens=java.base/java.lang.invoke=ALL-UNNAMED --add-opens=java.base/java.util=ALL-UNNAMED --add-opens=java.prefs/java.util.prefs=ALL-UNNAMED --add-opens=java.prefs/java.util.prefs=ALL-UNNAMED --add-opens=java.base/java.nio.charset=ALL-UNNAMED --add-opens=java.base/java.net=ALL-UNNAMED --add-opens=java.base/java.util.concurrent.atomic=ALL-UNNAMED -Xmx2048m -Dfile.encoding=UTF-8 -Duser.country=ID -Duser.language=en -Duser.variant 
java_command: org.gradle.launcher.daemon.bootstrap.GradleDaemon 7.0.2
java_class_path (initial): C:\Users\ASUS\.gradle\wrapper\dists\gradle-7.0.2-bin\857tjihv64xamwrf0h14cai3r\gradle-7.0.2\lib\gradle-launcher-7.0.2.jar
Launcher Type: SUN_STANDARD

[Global flags]
     intx CICompilerCount                          = 4                                         {product} {ergonomic}
     uint ConcGCThreads                            = 2                                         {product} {ergonomic}
     uint G1ConcRefinementThreads                  = 8                                         {product} {ergonomic}
   size_t G1HeapRegionSize                         = 1048576                                   {product} {ergonomic}
    uintx GCDrainStackTargetSize                   = 64                                        {product} {ergonomic}
   size_t InitialHeapSize                          = 132120576                                 {product} {ergonomic}
   size_t MarkStackSize                            = 4194304                                   {product} {ergonomic}
   size_t MaxHeapSize                              = 2147483648                                {product} {command line}
   size_t MaxNewSize                               = 1287651328                                {product} {ergonomic}
   size_t MinHeapDeltaBytes                        = 1048576                                   {product} {ergonomic}
    uintx NonNMethodCodeHeapSize                   = 5836300                                {pd product} {ergonomic}
    uintx NonProfiledCodeHeapSize                  = 122910970                              {pd product} {ergonomic}
    uintx ProfiledCodeHeapSize                     = 122910970                              {pd product} {ergonomic}
    uintx ReservedCodeCacheSize                    = 251658240                              {pd product} {ergonomic}
     bool SegmentedCodeCache                       = true                                      {product} {ergonomic}
     bool UseCompressedClassPointers               = true                                 {lp64_product} {ergonomic}
     bool UseCompressedOops                        = true                                 {lp64_product} {ergonomic}
     bool UseG1GC                                  = true                                      {product} {ergonomic}
     bool UseLargePagesIndividualAllocation        = false                                  {pd product} {ergonomic}

Logging:
Log output configuration:
 #0: stdout all=warning uptime,level,tags
 #1: stderr all=off uptime,level,tags

Environment Variables:
PATH=C:\Users\ASUS\platform-tools_r31.0.3-windows\platform-tools\systrace\catapult\common\bin;C:\Python310\;C:\ProgramData\Oracle\Java\javapath;C:\Program Files\Common Files\Oracle\Java\javapath;C:\Windows\system32;C:\Windows;C:\Windows\System32\Wbem;C:\Windows\System32\WindowsPowerShell\v1.0\;C:\Windows\System32\OpenSSH\;C:\Program Files (x86)\NVIDIA Corporation\PhysX\Common;C:\Program Files\NVIDIA Corporation\NVIDIA NvDLISR;C:\composer;C:\ProgramData\ComposerSetup\bin;C:\Program Files\gradle-6.9.1\bin;C:\WINDOWS\system32;C:\WINDOWS;C:\WINDOWS\System32\Wbem;C:\WINDOWS\System32\WindowsPowerShell\v1.0\;C:\WINDOWS\System32\OpenSSH\;C:\Program Files\nodejs\;C:\ProgramData\chocolatey\bin;C:\Users\ASUS\flutter\bin;C:\Program Files\Git\bin;C:\Program Files\Git\cmd;C:\Users\ASUS\AppData\Local\Android\sdk\tools\bin;C:\Users\ASUS\flutter\bin;C:\Users\ASUS\AppData\Local\Microsoft\WindowsApps;C:\Program Files\MongoDB\Server\4.4\bin;C:\xampp\php;C:\Users\ASUS\AppData\Roaming\Composer\vendor\bin;C:\Python27;C:\Program Files\gradle-6.9.1\bin;C:\Users\ASUS\AppData\Roaming\npm;C:\Users\ASUS\AppData\Local\Android\sdk\tools\bin;C:\Users\ASUS\AppData\Local\Programs\Microsoft VS Code\bin
USERNAME=ASUS
OS=Windows_NT
PROCESSOR_IDENTIFIER=Intel64 Family 6 Model 158 Stepping 10, GenuineIntel



---------------  S Y S T E M  ---------------

OS: Windows 10 , 64 bit Build 22000 (10.0.22000.434)
OS uptime: 9 days 2:04 hours

CPU:total 8 (initial active 8) (4 cores per cpu, 2 threads per core) family 6 model 158 stepping 10 microcode 0xde, cmov, cx8, fxsr, mmx, sse, sse2, sse3, ssse3, sse4.1, sse4.2, popcnt, avx, avx2, aes, clmul, erms, 3dnowpref, lzcnt, ht, tsc, tscinvbit, bmi1, bmi2, adx, fma

Memory: 4k page, system-wide physical 8047M (86M free)
TotalPageFile size 32623M (AvailPageFile size 5M)
current process WorkingSet (physical memory assigned to process): 390M, peak: 404M
current process commit charge ("private bytes"): 444M, peak: 445M

vm_info: OpenJDK 64-Bit Server VM (11.0.10+0-b96-7249189) for windows-amd64 JRE (11.0.10+0-b96-7249189), built on Mar 31 2021 21:44:00 by "builder" with MS VC++ 14.0 (VS2015)

END.
