#
# There is insufficient memory for the Java Runtime Environment to continue.
# Native memory allocation (mmap) failed to map 138412032 bytes for Failed to commit area from 0x0000000090800000 to 0x0000000098c00000 of length 138412032.
# Possible reasons:
#   The system is out of physical RAM or swap space
#   The process is running with CompressedOops enabled, and the Java Heap may be blocking the growth of the native heap
# Possible solutions:
#   Reduce memory load on the system
#   Increase physical memory or swap space
#   Check if swap backing store is full
#   Decrease Java heap size (-Xmx/-Xms)
#   Decrease number of Java threads
#   Decrease Java thread stack sizes (-Xss)
#   Set larger code cache with -XX:ReservedCodeCacheSize=
#   JVM is running with Unscaled Compressed Oops mode in which the Java heap is
#     placed in the first 4GB address space. The Java Heap base address is the
#     maximum limit for the native heap growth. Please use -XX:HeapBaseMinAddress
#     to set the Java Heap base and to place the Java Heap above 4GB virtual address.
# This output file may be truncated or incomplete.
#
#  Out of Memory Error (./src/hotspot/os/windows/os_windows.cpp:3301), pid=14476, tid=13136
#
# JRE version: OpenJDK Runtime Environment (11.0.10) (build 11.0.10+0-b96-7249189)
# Java VM: OpenJDK 64-Bit Server VM (11.0.10+0-b96-7249189, mixed mode, tiered, compressed oops, g1 gc, windows-amd64)
# No core dump will be written. Minidumps are not enabled by default on client versions of Windows
#

---------------  S U M M A R Y ------------

Command Line: --add-opens=java.base/java.util=ALL-UNNAMED --add-opens=java.base/java.lang=ALL-UNNAMED --add-opens=java.base/java.lang.invoke=ALL-UNNAMED --add-opens=java.base/java.util=ALL-UNNAMED --add-opens=java.prefs/java.util.prefs=ALL-UNNAMED --add-opens=java.prefs/java.util.prefs=ALL-UNNAMED --add-opens=java.base/java.nio.charset=ALL-UNNAMED --add-opens=java.base/java.net=ALL-UNNAMED --add-opens=java.base/java.util.concurrent.atomic=ALL-UNNAMED -Xmx2048m -Dfile.encoding=UTF-8 -Duser.country=ID -Duser.language=en -Duser.variant org.gradle.launcher.daemon.bootstrap.GradleDaemon 7.0.2

Host: Intel(R) Core(TM) i5-8300H CPU @ 2.30GHz, 8 cores, 7G,  Windows 10 , 64 bit Build 22000 (10.0.22000.434)
Time: Wed Mar 30 10:07:52 2022 SE Asia Standard Time elapsed time: 35.212705 seconds (0d 0h 0m 35s)

---------------  T H R E A D  ---------------

Current thread (0x000001a2f2fc0800):  VMThread "VM Thread" [stack: 0x0000002896b00000,0x0000002896c00000] [id=13136]

Stack: [0x0000002896b00000,0x0000002896c00000]
[error occurred during error reporting (printing stack bounds), id 0xc0000005, EXCEPTION_ACCESS_VIOLATION (0xc0000005) at pc=0x000001a2dc5b0f2d]

Native frames: (J=compiled Java code, j=interpreted, Vv=VM code, C=native code)
V  [jvm.dll+0x5ecfaa]
V  [jvm.dll+0x722bd5]
V  [jvm.dll+0x72412d]
V  [jvm.dll+0x724745]
V  [jvm.dll+0x7246fb]
V  [jvm.dll+0x5ec348]
V  [jvm.dll+0x5ecad8]
C  [ntdll.dll+0xa86ef]
C  [ntdll.dll+0x35aea]
C  [ntdll.dll+0xa76fe]
C  0x000001a2dc5b0f2d

VM_Operation (0x00000028998f83f0): G1CollectForAllocation, mode: safepoint, requested by thread 0x000001a2f9540800


---------------  P R O C E S S  ---------------

Threads class SMR info:
_java_thread_list=0x000001a2ff07fad0, length=65, elements={
0x000001a2d8abe000, 0x000001a2f2fc4800, 0x000001a2f2fc7800, 0x000001a2f3942800,
0x000001a2f2fdc800, 0x000001a2f2fdf800, 0x000001a2f2ff0000, 0x000001a2f2ff1000,
0x000001a2f2ff4000, 0x000001a2f3a95800, 0x000001a2f58e4000, 0x000001a2f3b8b000,
0x000001a2f5723800, 0x000001a2f643a800, 0x000001a2f6eaf000, 0x000001a2f52f3000,
0x000001a2f6d90000, 0x000001a2f5b65800, 0x000001a2f5b08000, 0x000001a2f6276000,
0x000001a2f6277000, 0x000001a2f6277800, 0x000001a2f6278800, 0x000001a2f6279800,
0x000001a2f6274800, 0x000001a2f6273800, 0x000001a2f627a000, 0x000001a2f6275800,
0x000001a2f9543000, 0x000001a2f953f000, 0x000001a2f953e800, 0x000001a2f9540000,
0x000001a2f9545800, 0x000001a2f9542800, 0x000001a2f9545000, 0x000001a2f9546800,
0x000001a2f9540800, 0x000001a2f954b800, 0x000001a2f9548000, 0x000001a2f954d000,
0x000001a2f954a800, 0x000001a2f9549000, 0x000001a2f9547800, 0x000001a2f954c000,
0x000001a2f9549800, 0x000001a2f605e000, 0x000001a2f605f000, 0x000001a2f605b000,
0x000001a2f605b800, 0x000001a2f6060000, 0x000001a2f605c800, 0x000001a2f6062000,
0x000001a2f6060800, 0x000001a2f6061800, 0x000001a2f6063000, 0x000001a2f605d800,
0x000001a2f6069800, 0x000001a2f6068800, 0x000001a2f6066800, 0x000001a2f6067000,
0x000001a2f6064000, 0x000001a2f6064800, 0x000001a2f6068000, 0x000001a2f6065800,
0x000001a284584800
}

Java Threads: ( => current thread )
  0x000001a2d8abe000 JavaThread "main" [_thread_blocked, id=15304, stack(0x0000002896500000,0x0000002896600000)]
  0x000001a2f2fc4800 JavaThread "Reference Handler" daemon [_thread_blocked, id=5704, stack(0x0000002896c00000,0x0000002896d00000)]
  0x000001a2f2fc7800 JavaThread "Finalizer" daemon [_thread_blocked, id=10020, stack(0x0000002896d00000,0x0000002896e00000)]
  0x000001a2f3942800 JavaThread "Signal Dispatcher" daemon [_thread_blocked, id=1668, stack(0x0000002896e00000,0x0000002896f00000)]
  0x000001a2f2fdc800 JavaThread "Attach Listener" daemon [_thread_blocked, id=3244, stack(0x0000002896f00000,0x0000002897000000)]
  0x000001a2f2fdf800 JavaThread "Service Thread" daemon [_thread_blocked, id=7192, stack(0x0000002897000000,0x0000002897100000)]
  0x000001a2f2ff0000 JavaThread "C2 CompilerThread0" daemon [_thread_blocked, id=2696, stack(0x0000002897100000,0x0000002897200000)]
  0x000001a2f2ff1000 JavaThread "C1 CompilerThread0" daemon [_thread_blocked, id=2956, stack(0x0000002897200000,0x0000002897300000)]
  0x000001a2f2ff4000 JavaThread "Sweeper thread" daemon [_thread_blocked, id=2812, stack(0x0000002897300000,0x0000002897400000)]
  0x000001a2f3a95800 JavaThread "Common-Cleaner" daemon [_thread_blocked, id=15868, stack(0x0000002897400000,0x0000002897500000)]
  0x000001a2f58e4000 JavaThread "Daemon health stats" [_thread_blocked, id=1692, stack(0x0000002897a00000,0x0000002897b00000)]
  0x000001a2f3b8b000 JavaThread "Incoming local TCP Connector on port 53695" [_thread_in_native, id=5144, stack(0x0000002897600000,0x0000002897700000)]
  0x000001a2f5723800 JavaThread "Daemon periodic checks" [_thread_blocked, id=14936, stack(0x0000002897700000,0x0000002897800000)]
  0x000001a2f643a800 JavaThread "Daemon" [_thread_blocked, id=8064, stack(0x0000002897b00000,0x0000002897c00000)]
  0x000001a2f6eaf000 JavaThread "Handler for socket connection from /127.0.0.1:53695 to /127.0.0.1:53696" [_thread_in_native, id=7424, stack(0x0000002897c00000,0x0000002897d00000)]
  0x000001a2f52f3000 JavaThread "Cancel handler" [_thread_blocked, id=8364, stack(0x0000002897d00000,0x0000002897e00000)]
  0x000001a2f6d90000 JavaThread "Daemon worker" [_thread_blocked, id=17528, stack(0x0000002897e00000,0x0000002897f00000)]
  0x000001a2f5b65800 JavaThread "Asynchronous log dispatcher for DefaultDaemonConnection: socket connection from /127.0.0.1:53695 to /127.0.0.1:53696" [_thread_blocked, id=1592, stack(0x0000002897f00000,0x0000002898000000)]
  0x000001a2f5b08000 JavaThread "Stdin handler" [_thread_blocked, id=10832, stack(0x0000002898000000,0x0000002898100000)]
  0x000001a2f6276000 JavaThread "Daemon client event forwarder" [_thread_blocked, id=6584, stack(0x0000002898100000,0x0000002898200000)]
  0x000001a2f6277000 JavaThread "Cache worker for file hash cache (C:\Users\ASUS\.gradle\caches\7.0.2\fileHashes)" [_thread_blocked, id=11792, stack(0x0000002898700000,0x0000002898800000)]
  0x000001a2f6277800 JavaThread "File lock request listener" [_thread_in_native, id=1744, stack(0x0000002898800000,0x0000002898900000)]
  0x000001a2f6278800 JavaThread "Cache worker for journal cache (C:\Users\ASUS\.gradle\caches\journal-1)" [_thread_blocked, id=11936, stack(0x0000002898a00000,0x0000002898b00000)]
  0x000001a2f6279800 JavaThread "Cache worker for file hash cache (C:\Users\ASUS\AndroidStudioProjects\gigiibuhamil\.gradle\7.0.2\fileHashes)" [_thread_blocked, id=15212, stack(0x0000002898c00000,0x0000002898d00000)]
  0x000001a2f6274800 JavaThread "File watcher server" daemon [_thread_blocked, id=5692, stack(0x0000002898d00000,0x0000002898e00000)]
  0x000001a2f6273800 JavaThread "File watcher consumer" daemon [_thread_blocked, id=12972, stack(0x0000002898e00000,0x0000002898f00000)]
  0x000001a2f627a000 JavaThread "Cache worker for checksums cache (C:\Users\ASUS\AndroidStudioProjects\gigiibuhamil\.gradle\checksums)" [_thread_blocked, id=13596, stack(0x0000002898f00000,0x0000002899000000)]
  0x000001a2f6275800 JavaThread "Cache worker for cache directory md-supplier (C:\Users\ASUS\.gradle\caches\7.0.2\md-supplier)" [_thread_blocked, id=12944, stack(0x0000002899000000,0x0000002899100000)]
  0x000001a2f9543000 JavaThread "Cache worker for cache directory md-rule (C:\Users\ASUS\.gradle\caches\7.0.2\md-rule)" [_thread_blocked, id=17964, stack(0x0000002899100000,0x0000002899200000)]
  0x000001a2f953f000 JavaThread "Cache worker for execution history cache (C:\Users\ASUS\.gradle\caches\7.0.2\executionHistory)" [_thread_blocked, id=11048, stack(0x0000002899200000,0x0000002899300000)]
  0x000001a2f953e800 JavaThread "jar transforms" [_thread_blocked, id=9060, stack(0x0000002898b00000,0x0000002898c00000)]
  0x000001a2f9540000 JavaThread "jar transforms Thread 2" [_thread_blocked, id=5584, stack(0x0000002899300000,0x0000002899400000)]
  0x000001a2f9545800 JavaThread "Cache worker for file content cache (C:\Users\ASUS\.gradle\caches\7.0.2\fileContent)" [_thread_blocked, id=12464, stack(0x0000002899400000,0x0000002899500000)]
  0x000001a2f9542800 JavaThread "Cache worker for dependencies-accessors (C:\Users\ASUS\AndroidStudioProjects\gigiibuhamil\.gradle\7.0.2\dependencies-accessors)" [_thread_blocked, id=4868, stack(0x0000002899500000,0x0000002899600000)]
  0x000001a2f9545000 JavaThread "jar transforms Thread 3" [_thread_blocked, id=3092, stack(0x0000002899600000,0x0000002899700000)]
  0x000001a2f9546800 JavaThread "Cache worker for Build Output Cleanup Cache (C:\Users\ASUS\AndroidStudioProjects\gigiibuhamil\.gradle\buildOutputCleanup)" [_thread_blocked, id=1152, stack(0x0000002899700000,0x0000002899800000)]
  0x000001a2f9540800 JavaThread "Build operations" [_thread_blocked, id=4704, stack(0x0000002899800000,0x0000002899900000)]
  0x000001a2f954b800 JavaThread "Build operations Thread 2" [_thread_blocked, id=13428, stack(0x0000002899900000,0x0000002899a00000)]
  0x000001a2f9548000 JavaThread "Build operations Thread 3" [_thread_blocked, id=13812, stack(0x0000002899a00000,0x0000002899b00000)]
  0x000001a2f954d000 JavaThread "Build operations Thread 4" [_thread_blocked, id=15952, stack(0x0000002899b00000,0x0000002899c00000)]
  0x000001a2f954a800 JavaThread "Build operations Thread 5" [_thread_blocked, id=5836, stack(0x0000002899c00000,0x0000002899d00000)]
  0x000001a2f9549000 JavaThread "Build operations Thread 6" [_thread_blocked, id=6600, stack(0x0000002899d00000,0x0000002899e00000)]
  0x000001a2f9547800 JavaThread "Build operations Thread 7" [_thread_blocked, id=10964, stack(0x0000002899e00000,0x0000002899f00000)]
  0x000001a2f954c000 JavaThread "Build operations Thread 8" [_thread_blocked, id=13600, stack(0x0000002899f00000,0x000000289a000000)]
  0x000001a2f9549800 JavaThread "jar transforms Thread 4" [_thread_blocked, id=13820, stack(0x000000289a000000,0x000000289a100000)]
  0x000001a2f605e000 JavaThread "jar transforms Thread 5" [_thread_blocked, id=13172, stack(0x000000289a100000,0x000000289a200000)]
  0x000001a2f605f000 JavaThread "jar transforms Thread 6" [_thread_blocked, id=4144, stack(0x000000289a200000,0x000000289a300000)]
  0x000001a2f605b000 JavaThread "jar transforms Thread 7" [_thread_blocked, id=12472, stack(0x000000289a300000,0x000000289a400000)]
  0x000001a2f605b800 JavaThread "jar transforms Thread 8" [_thread_blocked, id=2984, stack(0x000000289a400000,0x000000289a500000)]
  0x000001a2f6060000 JavaThread "Memory manager" [_thread_blocked, id=3972, stack(0x000000289a500000,0x000000289a600000)]
  0x000001a2f605c800 JavaThread "build event listener" [_thread_blocked, id=14872, stack(0x000000289a600000,0x000000289a700000)]
  0x000001a2f6062000 JavaThread "pool-3-thread-1" [_thread_blocked, id=6380, stack(0x000000289a700000,0x000000289a800000)]
  0x000001a2f6060800 JavaThread "build event listener" [_thread_blocked, id=11972, stack(0x000000289a800000,0x000000289a900000)]
  0x000001a2f6061800 JavaThread "Execution worker for ':'" [_thread_blocked, id=17228, stack(0x000000289a900000,0x000000289aa00000)]
  0x000001a2f6063000 JavaThread "Execution worker for ':' Thread 2" [_thread_blocked, id=14316, stack(0x000000289aa00000,0x000000289ab00000)]
  0x000001a2f605d800 JavaThread "Execution worker for ':' Thread 3" [_thread_blocked, id=11908, stack(0x000000289ab00000,0x000000289ac00000)]
  0x000001a2f6069800 JavaThread "Execution worker for ':' Thread 4" [_thread_blocked, id=15036, stack(0x000000289ac00000,0x000000289ad00000)]
  0x000001a2f6068800 JavaThread "Execution worker for ':' Thread 5" [_thread_blocked, id=12752, stack(0x000000289ad00000,0x000000289ae00000)]
  0x000001a2f6066800 JavaThread "Execution worker for ':' Thread 6" [_thread_blocked, id=16056, stack(0x000000289ae00000,0x000000289af00000)]
  0x000001a2f6067000 JavaThread "Execution worker for ':' Thread 7" [_thread_blocked, id=15176, stack(0x000000289af00000,0x000000289b000000)]
  0x000001a2f6064000 JavaThread "Cache worker for execution history cache (C:\Users\ASUS\AndroidStudioProjects\gigiibuhamil\.gradle\7.0.2\executionHistory)" [_thread_blocked, id=15376, stack(0x000000289b000000,0x000000289b100000)]
  0x000001a2f6064800 JavaThread "WorkerExecutor Queue" [_thread_blocked, id=5432, stack(0x000000289b100000,0x000000289b200000)]
  0x000001a2f6068000 JavaThread "pool-4-thread-1" [_thread_blocked, id=8408, stack(0x000000289b400000,0x000000289b500000)]
  0x000001a2f6065800 JavaThread "stderr" [_thread_in_native, id=12504, stack(0x000000289b500000,0x000000289b600000)]
  0x000001a284584800 JavaThread "stdout" [_thread_in_native, id=6296, stack(0x000000289b600000,0x000000289b700000)]

Other Threads:
=>0x000001a2f2fc0800 VMThread "VM Thread" [stack: 0x0000002896b00000,0x0000002896c00000] [id=13136]
  0x000001a2f3acb000 WatcherThread [stack: 0x0000002897500000,0x0000002897600000] [id=3532]
  0x000001a2d8ad9800 GCTaskThread "GC Thread#0" [stack: 0x0000002896600000,0x0000002896700000] [id=10296]
  0x000001a2f47b7800 GCTaskThread "GC Thread#1" [stack: 0x0000002897800000,0x0000002897900000] [id=5844]
  0x000001a2f473f000 GCTaskThread "GC Thread#2" [stack: 0x0000002897900000,0x0000002897a00000] [id=8796]
  0x000001a2f594a800 GCTaskThread "GC Thread#3" [stack: 0x0000002898200000,0x0000002898300000] [id=4148]
  0x000001a2f627b800 GCTaskThread "GC Thread#4" [stack: 0x0000002898300000,0x0000002898400000] [id=8352]
  0x000001a2f57dc800 GCTaskThread "GC Thread#5" [stack: 0x0000002898400000,0x0000002898500000] [id=9856]
  0x000001a2f57dd800 GCTaskThread "GC Thread#6" [stack: 0x0000002898500000,0x0000002898600000] [id=12952]
  0x000001a2f455a800 GCTaskThread "GC Thread#7" [stack: 0x0000002898600000,0x0000002898700000] [id=14112]
  0x000001a2d8b09800 ConcurrentGCThread "G1 Main Marker" [stack: 0x0000002896700000,0x0000002896800000] [id=7828]
  0x000001a2d8b0a800 ConcurrentGCThread "G1 Conc#0" [stack: 0x0000002896800000,0x0000002896900000] [id=4416]
  0x000001a2f58d3000 ConcurrentGCThread "G1 Conc#1" [stack: 0x0000002898900000,0x0000002898a00000] [id=10148]
  0x000001a2d8b9e000 ConcurrentGCThread "G1 Refine#0" [stack: 0x0000002896900000,0x0000002896a00000] [id=6520]
  0x000001a2f2e10800 ConcurrentGCThread "G1 Young RemSet Sampling" [stack: 0x0000002896a00000,0x0000002896b00000] [id=9956]

Threads with active compile tasks:
C2 CompilerThread0  35245 11891       4       java.util.concurrent.ConcurrentLinkedQueue::add (6 bytes)
C1 CompilerThread0  35245 11956 %     3       com.android.tools.r8.internal.U6::a @ 66 (6044 bytes)

VM state:at safepoint (normal execution)

VM Mutex/Monitor currently owned by a thread:  ([mutex/lock_event])
[0x000001a2d8aba910] Threads_lock - owner thread: 0x000001a2f2fc0800
[0x000001a2d8abab50] Heap_lock - owner thread: 0x000001a2f9540800

OutOfMemory and StackOverflow Exception counts:
OutOfMemoryError java_heap_errors=1
LinkageErrors=152

Heap address: 0x0000000080000000, size: 2048 MB, Compressed Oops mode: 32-bit
Narrow klass base: 0x0000000000000000, Narrow klass shift: 3
Compressed class space size: 1073741824 Address: 0x0000000100000000

Heap:
 garbage-first heap   total 405504K, used 183939K [0x0000000080000000, 0x0000000100000000)
  region size 1024K, 2 young (2048K), 2 survivors (2048K)
 Metaspace       used 98630K, capacity 101244K, committed 101324K, reserved 1136640K
  class space    used 12722K, capacity 13771K, committed 13824K, reserved 1048576K
Heap Regions: E=young(eden), S=young(survivor), O=old, HS=humongous(starts), HC=humongous(continues), CS=collection set, F=free, A=archive, TAMS=top-at-mark-start (previous, next)
|   0|0x0000000080000000, 0x0000000080100000, 0x0000000080100000|100%| O|  |TAMS 0x0000000080100000, 0x0000000080000000| Complete 
|   1|0x0000000080100000, 0x0000000080200000, 0x0000000080200000|100%| O|  |TAMS 0x0000000080200000, 0x0000000080100000| Untracked 
|   2|0x0000000080200000, 0x0000000080300000, 0x0000000080300000|100%| O|  |TAMS 0x0000000080300000, 0x0000000080200000| Complete 
|   3|0x0000000080300000, 0x0000000080400000, 0x0000000080400000|100%|HS|  |TAMS 0x0000000080400000, 0x0000000080300000| Complete 
|   4|0x0000000080400000, 0x0000000080500000, 0x0000000080500000|100%|HC|  |TAMS 0x0000000080500000, 0x0000000080400000| Complete 
|   5|0x0000000080500000, 0x0000000080600000, 0x0000000080600000|100%|HC|  |TAMS 0x0000000080600000, 0x0000000080500000| Complete 
|   6|0x0000000080600000, 0x0000000080700000, 0x0000000080700000|100%| O|  |TAMS 0x0000000080700000, 0x0000000080600000| Untracked 
|   7|0x0000000080700000, 0x0000000080800000, 0x0000000080800000|100%| O|  |TAMS 0x0000000080800000, 0x0000000080700000| Untracked 
|   8|0x0000000080800000, 0x0000000080900000, 0x0000000080900000|100%| O|  |TAMS 0x0000000080900000, 0x0000000080800000| Untracked 
|   9|0x0000000080900000, 0x0000000080a00000, 0x0000000080a00000|100%| O|  |TAMS 0x0000000080a00000, 0x0000000080900000| Untracked 
|  10|0x0000000080a00000, 0x0000000080b00000, 0x0000000080b00000|100%| O|  |TAMS 0x0000000080b00000, 0x0000000080a00000| Untracked 
|  11|0x0000000080b00000, 0x0000000080c00000, 0x0000000080c00000|100%| O|  |TAMS 0x0000000080c00000, 0x0000000080b00000| Untracked 
|  12|0x0000000080c00000, 0x0000000080d00000, 0x0000000080d00000|100%| O|  |TAMS 0x0000000080d00000, 0x0000000080c00000| Complete 
|  13|0x0000000080d00000, 0x0000000080e00000, 0x0000000080e00000|100%| O|  |TAMS 0x0000000080e00000, 0x0000000080d00000| Untracked 
|  14|0x0000000080e00000, 0x0000000080f00000, 0x0000000080f00000|100%| O|  |TAMS 0x0000000080f00000, 0x0000000080e00000| Untracked 
|  15|0x0000000080f00000, 0x0000000081000000, 0x0000000081000000|100%| O|  |TAMS 0x0000000081000000, 0x0000000080f00000| Untracked 
|  16|0x0000000081000000, 0x0000000081100000, 0x0000000081100000|100%| O|  |TAMS 0x0000000081100000, 0x0000000081000000| Untracked 
|  17|0x0000000081100000, 0x0000000081200000, 0x0000000081200000|100%| O|  |TAMS 0x0000000081200000, 0x0000000081100000| Untracked 
|  18|0x0000000081200000, 0x0000000081300000, 0x0000000081300000|100%| O|  |TAMS 0x0000000081300000, 0x0000000081200000| Complete 
|  19|0x0000000081300000, 0x0000000081400000, 0x0000000081400000|100%| O|  |TAMS 0x0000000081400000, 0x0000000081300000| Untracked 
|  20|0x0000000081400000, 0x0000000081500000, 0x0000000081500000|100%| O|  |TAMS 0x0000000081500000, 0x0000000081400000| Untracked 
|  21|0x0000000081500000, 0x0000000081600000, 0x0000000081600000|100%| O|  |TAMS 0x0000000081600000, 0x0000000081500000| Untracked 
|  22|0x0000000081600000, 0x0000000081700000, 0x0000000081700000|100%| O|  |TAMS 0x0000000081700000, 0x0000000081600000| Complete 
|  23|0x0000000081700000, 0x0000000081800000, 0x0000000081800000|100%| O|  |TAMS 0x0000000081800000, 0x0000000081700000| Untracked 
|  24|0x0000000081800000, 0x0000000081900000, 0x0000000081900000|100%| O|  |TAMS 0x0000000081900000, 0x0000000081800000| Untracked 
|  25|0x0000000081900000, 0x0000000081a00000, 0x0000000081a00000|100%| O|  |TAMS 0x0000000081a00000, 0x0000000081900000| Untracked 
|  26|0x0000000081a00000, 0x0000000081b00000, 0x0000000081b00000|100%| O|  |TAMS 0x0000000081b00000, 0x0000000081a00000| Complete 
|  27|0x0000000081b00000, 0x0000000081c00000, 0x0000000081c00000|100%|HS|  |TAMS 0x0000000081c00000, 0x0000000081b00000| Complete 
|  28|0x0000000081c00000, 0x0000000081d00000, 0x0000000081d00000|100%|HS|  |TAMS 0x0000000081d00000, 0x0000000081c00000| Complete 
|  29|0x0000000081d00000, 0x0000000081e00000, 0x0000000081e00000|100%|HS|  |TAMS 0x0000000081e00000, 0x0000000081d00000| Complete 
|  30|0x0000000081e00000, 0x0000000081f00000, 0x0000000081f00000|100%|HS|  |TAMS 0x0000000081f00000, 0x0000000081e00000| Complete 
|  31|0x0000000081f00000, 0x0000000082000000, 0x0000000082000000|100%|HC|  |TAMS 0x0000000082000000, 0x0000000081f00000| Complete 
|  32|0x0000000082000000, 0x0000000082100000, 0x0000000082100000|100%|HC|  |TAMS 0x0000000082100000, 0x0000000082000000| Complete 
|  33|0x0000000082100000, 0x0000000082200000, 0x0000000082200000|100%|HS|  |TAMS 0x0000000082200000, 0x0000000082100000| Complete 
|  34|0x0000000082200000, 0x0000000082300000, 0x0000000082300000|100%|HC|  |TAMS 0x0000000082300000, 0x0000000082200000| Complete 
|  35|0x0000000082300000, 0x0000000082400000, 0x0000000082400000|100%| O|  |TAMS 0x0000000082400000, 0x0000000082300000| Untracked 
|  36|0x0000000082400000, 0x0000000082500000, 0x0000000082500000|100%| O|  |TAMS 0x0000000082500000, 0x0000000082400000| Untracked 
|  37|0x0000000082500000, 0x0000000082600000, 0x0000000082600000|100%| O|  |TAMS 0x0000000082600000, 0x0000000082500000| Complete 
|  38|0x0000000082600000, 0x0000000082700000, 0x0000000082700000|100%| O|  |TAMS 0x0000000082700000, 0x0000000082600000| Complete 
|  39|0x0000000082700000, 0x0000000082800000, 0x0000000082800000|100%| O|  |TAMS 0x0000000082800000, 0x0000000082700000| Untracked 
|  40|0x0000000082800000, 0x0000000082900000, 0x0000000082900000|100%| O|  |TAMS 0x0000000082900000, 0x0000000082800000| Untracked 
|  41|0x0000000082900000, 0x0000000082a00000, 0x0000000082a00000|100%| O|  |TAMS 0x0000000082a00000, 0x0000000082900000| Complete 
|  42|0x0000000082a00000, 0x0000000082b00000, 0x0000000082b00000|100%| O|  |TAMS 0x0000000082b00000, 0x0000000082a00000| Untracked 
|  43|0x0000000082b00000, 0x0000000082c00000, 0x0000000082c00000|100%| O|  |TAMS 0x0000000082c00000, 0x0000000082b00000| Untracked 
|  44|0x0000000082c00000, 0x0000000082d00000, 0x0000000082d00000|100%| O|  |TAMS 0x0000000082d00000, 0x0000000082c00000| Untracked 
|  45|0x0000000082d00000, 0x0000000082e00000, 0x0000000082e00000|100%| O|  |TAMS 0x0000000082e00000, 0x0000000082d00000| Untracked 
|  46|0x0000000082e00000, 0x0000000082f00000, 0x0000000082f00000|100%| O|  |TAMS 0x0000000082f00000, 0x0000000082e00000| Untracked 
|  47|0x0000000082f00000, 0x0000000083000000, 0x0000000083000000|100%| O|  |TAMS 0x0000000083000000, 0x0000000082f00000| Untracked 
|  48|0x0000000083000000, 0x0000000083100000, 0x0000000083100000|100%| O|  |TAMS 0x0000000083100000, 0x0000000083000000| Untracked 
|  49|0x0000000083100000, 0x0000000083100000, 0x0000000083200000|  0%| F|  |TAMS 0x0000000083100000, 0x0000000083100000| Untracked 
|  50|0x0000000083200000, 0x0000000083300000, 0x0000000083300000|100%| O|  |TAMS 0x0000000083300000, 0x0000000083200000| Complete 
|  51|0x0000000083300000, 0x0000000083400000, 0x0000000083400000|100%| O|  |TAMS 0x0000000083400000, 0x0000000083300000| Complete 
|  52|0x0000000083400000, 0x0000000083500000, 0x0000000083500000|100%| O|  |TAMS 0x0000000083500000, 0x0000000083400000| Untracked 
|  53|0x0000000083500000, 0x0000000083600000, 0x0000000083600000|100%| O|  |TAMS 0x0000000083600000, 0x0000000083500000| Untracked 
|  54|0x0000000083600000, 0x0000000083700000, 0x0000000083700000|100%| O|  |TAMS 0x0000000083700000, 0x0000000083600000| Untracked 
|  55|0x0000000083700000, 0x0000000083800000, 0x0000000083800000|100%| O|  |TAMS 0x0000000083800000, 0x0000000083700000| Untracked 
|  56|0x0000000083800000, 0x0000000083900000, 0x0000000083900000|100%| O|  |TAMS 0x0000000083900000, 0x0000000083800000| Untracked 
|  57|0x0000000083900000, 0x0000000083a00000, 0x0000000083a00000|100%| O|  |TAMS 0x0000000083a00000, 0x0000000083900000| Complete 
|  58|0x0000000083a00000, 0x0000000083b00000, 0x0000000083b00000|100%| O|  |TAMS 0x0000000083b00000, 0x0000000083a00000| Untracked 
|  59|0x0000000083b00000, 0x0000000083c00000, 0x0000000083c00000|100%| O|  |TAMS 0x0000000083c00000, 0x0000000083b00000| Untracked 
|  60|0x0000000083c00000, 0x0000000083d00000, 0x0000000083d00000|100%| O|  |TAMS 0x0000000083d00000, 0x0000000083c00000| Untracked 
|  61|0x0000000083d00000, 0x0000000083e00000, 0x0000000083e00000|100%| O|  |TAMS 0x0000000083e00000, 0x0000000083d00000| Untracked 
|  62|0x0000000083e00000, 0x0000000083f00000, 0x0000000083f00000|100%| O|  |TAMS 0x0000000083f00000, 0x0000000083e00000| Untracked 
|  63|0x0000000083f00000, 0x0000000084000000, 0x0000000084000000|100%| O|  |TAMS 0x0000000084000000, 0x0000000083f00000| Untracked 
|  64|0x0000000084000000, 0x0000000084100000, 0x0000000084100000|100%| O|  |TAMS 0x0000000084100000, 0x0000000084000000| Complete 
|  65|0x0000000084100000, 0x0000000084200000, 0x0000000084200000|100%| O|  |TAMS 0x0000000084200000, 0x0000000084100000| Untracked 
|  66|0x0000000084200000, 0x0000000084300000, 0x0000000084300000|100%| O|  |TAMS 0x0000000084300000, 0x0000000084200000| Untracked 
|  67|0x0000000084300000, 0x0000000084400000, 0x0000000084400000|100%| O|  |TAMS 0x0000000084400000, 0x0000000084300000| Untracked 
|  68|0x0000000084400000, 0x0000000084500000, 0x0000000084500000|100%| O|  |TAMS 0x0000000084500000, 0x0000000084400000| Complete 
|  69|0x0000000084500000, 0x0000000084600000, 0x0000000084600000|100%| O|  |TAMS 0x0000000084600000, 0x0000000084500000| Untracked 
|  70|0x0000000084600000, 0x0000000084700000, 0x0000000084700000|100%| O|  |TAMS 0x0000000084700000, 0x0000000084600000| Untracked 
|  71|0x0000000084700000, 0x0000000084800000, 0x0000000084800000|100%| O|  |TAMS 0x0000000084800000, 0x0000000084700000| Untracked 
|  72|0x0000000084800000, 0x0000000084900000, 0x0000000084900000|100%| O|  |TAMS 0x0000000084900000, 0x0000000084800000| Untracked 
|  73|0x0000000084900000, 0x0000000084a00000, 0x0000000084a00000|100%| O|  |TAMS 0x0000000084a00000, 0x0000000084900000| Complete 
|  74|0x0000000084a00000, 0x0000000084b00000, 0x0000000084b00000|100%| O|  |TAMS 0x0000000084b00000, 0x0000000084a00000| Untracked 
|  75|0x0000000084b00000, 0x0000000084c00000, 0x0000000084c00000|100%| O|  |TAMS 0x0000000084c00000, 0x0000000084b00000| Untracked 
|  76|0x0000000084c00000, 0x0000000084d00000, 0x0000000084d00000|100%| O|  |TAMS 0x0000000084d00000, 0x0000000084c00000| Untracked 
|  77|0x0000000084d00000, 0x0000000084e00000, 0x0000000084e00000|100%| O|  |TAMS 0x0000000084e00000, 0x0000000084d00000| Untracked 
|  78|0x0000000084e00000, 0x0000000084f00000, 0x0000000084f00000|100%| O|  |TAMS 0x0000000084f00000, 0x0000000084e00000| Untracked 
|  79|0x0000000084f00000, 0x0000000085000000, 0x0000000085000000|100%| O|  |TAMS 0x0000000085000000, 0x0000000084f00000| Complete 
|  80|0x0000000085000000, 0x0000000085100000, 0x0000000085100000|100%| O|  |TAMS 0x0000000085100000, 0x0000000085000000| Complete 
|  81|0x0000000085100000, 0x0000000085200000, 0x0000000085200000|100%| O|  |TAMS 0x0000000085200000, 0x0000000085100000| Untracked 
|  82|0x0000000085200000, 0x0000000085300000, 0x0000000085300000|100%| O|  |TAMS 0x0000000085300000, 0x0000000085200000| Untracked 
|  83|0x0000000085300000, 0x0000000085400000, 0x0000000085400000|100%| O|  |TAMS 0x0000000085400000, 0x0000000085300000| Complete 
|  84|0x0000000085400000, 0x0000000085500000, 0x0000000085500000|100%| O|  |TAMS 0x0000000085500000, 0x0000000085400000| Complete 
|  85|0x0000000085500000, 0x0000000085600000, 0x0000000085600000|100%| O|  |TAMS 0x0000000085600000, 0x0000000085500000| Complete 
|  86|0x0000000085600000, 0x0000000085700000, 0x0000000085700000|100%| O|  |TAMS 0x0000000085700000, 0x0000000085600000| Untracked 
|  87|0x0000000085700000, 0x0000000085800000, 0x0000000085800000|100%| O|  |TAMS 0x0000000085800000, 0x0000000085700000| Complete 
|  88|0x0000000085800000, 0x0000000085900000, 0x0000000085900000|100%| O|  |TAMS 0x0000000085900000, 0x0000000085800000| Complete 
|  89|0x0000000085900000, 0x0000000085a00000, 0x0000000085a00000|100%| O|  |TAMS 0x0000000085a00000, 0x0000000085900000| Complete 
|  90|0x0000000085a00000, 0x0000000085b00000, 0x0000000085b00000|100%| O|  |TAMS 0x0000000085b00000, 0x0000000085a00000| Untracked 
|  91|0x0000000085b00000, 0x0000000085c00000, 0x0000000085c00000|100%| O|  |TAMS 0x0000000085c00000, 0x0000000085b00000| Complete 
|  92|0x0000000085c00000, 0x0000000085c00000, 0x0000000085d00000|  0%| F|  |TAMS 0x0000000085c00000, 0x0000000085c00000| Untracked 
|  93|0x0000000085d00000, 0x0000000085e00000, 0x0000000085e00000|100%| O|  |TAMS 0x0000000085e00000, 0x0000000085d00000| Complete 
|  94|0x0000000085e00000, 0x0000000085f00000, 0x0000000085f00000|100%| O|  |TAMS 0x0000000085f00000, 0x0000000085e00000| Untracked 
|  95|0x0000000085f00000, 0x0000000086000000, 0x0000000086000000|100%| O|  |TAMS 0x0000000086000000, 0x0000000085f00000| Untracked 
|  96|0x0000000086000000, 0x0000000086100000, 0x0000000086100000|100%| O|  |TAMS 0x0000000086100000, 0x0000000086000000| Untracked 
|  97|0x0000000086100000, 0x0000000086200000, 0x0000000086200000|100%| O|  |TAMS 0x0000000086200000, 0x0000000086100000| Untracked 
|  98|0x0000000086200000, 0x0000000086300000, 0x0000000086300000|100%| O|  |TAMS 0x0000000086200000, 0x0000000086200000| Untracked 
|  99|0x0000000086300000, 0x0000000086400000, 0x0000000086400000|100%| O|  |TAMS 0x0000000086400000, 0x0000000086300000| Untracked 
| 100|0x0000000086400000, 0x0000000086500000, 0x0000000086500000|100%| O|  |TAMS 0x0000000086500000, 0x0000000086400000| Complete 
| 101|0x0000000086500000, 0x0000000086600000, 0x0000000086600000|100%| O|  |TAMS 0x0000000086600000, 0x0000000086500000| Untracked 
| 102|0x0000000086600000, 0x0000000086700000, 0x0000000086700000|100%| O|  |TAMS 0x0000000086700000, 0x0000000086600000| Untracked 
| 103|0x0000000086700000, 0x0000000086800000, 0x0000000086800000|100%| O|  |TAMS 0x0000000086800000, 0x0000000086700000| Untracked 
| 104|0x0000000086800000, 0x0000000086900000, 0x0000000086900000|100%| O|  |TAMS 0x0000000086900000, 0x0000000086800000| Untracked 
| 105|0x0000000086900000, 0x0000000086a00000, 0x0000000086a00000|100%| O|  |TAMS 0x0000000086a00000, 0x0000000086900000| Untracked 
| 106|0x0000000086a00000, 0x0000000086b00000, 0x0000000086b00000|100%| O|  |TAMS 0x0000000086b00000, 0x0000000086a00000| Complete 
| 107|0x0000000086b00000, 0x0000000086c00000, 0x0000000086c00000|100%| O|  |TAMS 0x0000000086c00000, 0x0000000086b00000| Complete 
| 108|0x0000000086c00000, 0x0000000086d00000, 0x0000000086d00000|100%| O|  |TAMS 0x0000000086d00000, 0x0000000086c00000| Complete 
| 109|0x0000000086d00000, 0x0000000086d00000, 0x0000000086e00000|  0%| F|  |TAMS 0x0000000086d00000, 0x0000000086d00000| Untracked 
| 110|0x0000000086e00000, 0x0000000086e00000, 0x0000000086f00000|  0%| F|  |TAMS 0x0000000086e00000, 0x0000000086e00000| Untracked 
| 111|0x0000000086f00000, 0x0000000086f00000, 0x0000000087000000|  0%| F|  |TAMS 0x0000000086f00000, 0x0000000086f00000| Untracked 
| 112|0x0000000087000000, 0x0000000087000000, 0x0000000087100000|  0%| F|  |TAMS 0x0000000087000000, 0x0000000087000000| Untracked 
| 113|0x0000000087100000, 0x0000000087100000, 0x0000000087200000|  0%| F|  |TAMS 0x0000000087100000, 0x0000000087100000| Untracked 
| 114|0x0000000087200000, 0x0000000087200000, 0x0000000087300000|  0%| F|  |TAMS 0x0000000087200000, 0x0000000087200000| Untracked 
| 115|0x0000000087300000, 0x0000000087300000, 0x0000000087400000|  0%| F|  |TAMS 0x0000000087300000, 0x0000000087300000| Untracked 
| 116|0x0000000087400000, 0x0000000087500000, 0x0000000087500000|100%| O|  |TAMS 0x0000000087500000, 0x0000000087400000| Complete 
| 117|0x0000000087500000, 0x0000000087600000, 0x0000000087600000|100%| O|  |TAMS 0x0000000087600000, 0x0000000087500000| Untracked 
| 118|0x0000000087600000, 0x0000000087700000, 0x0000000087700000|100%| O|  |TAMS 0x0000000087700000, 0x0000000087600000| Untracked 
| 119|0x0000000087700000, 0x0000000087800000, 0x0000000087800000|100%| O|  |TAMS 0x0000000087800000, 0x0000000087700000| Complete 
| 120|0x0000000087800000, 0x0000000087900000, 0x0000000087900000|100%| O|  |TAMS 0x0000000087900000, 0x0000000087800000| Complete 
| 121|0x0000000087900000, 0x0000000087a00000, 0x0000000087a00000|100%| O|  |TAMS 0x0000000087a00000, 0x0000000087900000| Complete 
| 122|0x0000000087a00000, 0x0000000087b00000, 0x0000000087b00000|100%| O|  |TAMS 0x0000000087b00000, 0x0000000087a00000| Untracked 
| 123|0x0000000087b00000, 0x0000000087c00000, 0x0000000087c00000|100%| O|  |TAMS 0x0000000087c00000, 0x0000000087b00000| Untracked 
| 124|0x0000000087c00000, 0x0000000087d00000, 0x0000000087d00000|100%| O|  |TAMS 0x0000000087d00000, 0x0000000087c00000| Untracked 
| 125|0x0000000087d00000, 0x0000000087e00000, 0x0000000087e00000|100%| O|  |TAMS 0x0000000087e00000, 0x0000000087d00000| Untracked 
| 126|0x0000000087e00000, 0x0000000087f00000, 0x0000000087f00000|100%| O|  |TAMS 0x0000000087f00000, 0x0000000087e00000| Untracked 
| 127|0x0000000087f00000, 0x0000000088000000, 0x0000000088000000|100%| O|  |TAMS 0x0000000088000000, 0x0000000087f00000| Untracked 
| 128|0x0000000088000000, 0x0000000088100000, 0x0000000088100000|100%| O|  |TAMS 0x0000000088100000, 0x0000000088000000| Untracked 
| 129|0x0000000088100000, 0x0000000088200000, 0x0000000088200000|100%| O|  |TAMS 0x0000000088200000, 0x0000000088100000| Untracked 
| 130|0x0000000088200000, 0x0000000088300000, 0x0000000088300000|100%| O|  |TAMS 0x0000000088300000, 0x0000000088200000| Untracked 
| 131|0x0000000088300000, 0x0000000088400000, 0x0000000088400000|100%| O|  |TAMS 0x0000000088400000, 0x0000000088300000| Untracked 
| 132|0x0000000088400000, 0x0000000088500000, 0x0000000088500000|100%| O|  |TAMS 0x0000000088500000, 0x0000000088400000| Complete 
| 133|0x0000000088500000, 0x0000000088600000, 0x0000000088600000|100%| O|  |TAMS 0x0000000088600000, 0x0000000088500000| Complete 
| 134|0x0000000088600000, 0x0000000088700000, 0x0000000088700000|100%| O|  |TAMS 0x0000000088700000, 0x0000000088600000| Complete 
| 135|0x0000000088700000, 0x0000000088800000, 0x0000000088800000|100%| O|  |TAMS 0x0000000088800000, 0x0000000088700000| Complete 
| 136|0x0000000088800000, 0x0000000088800000, 0x0000000088900000|  0%| F|  |TAMS 0x0000000088800000, 0x0000000088800000| Untracked 
| 137|0x0000000088900000, 0x0000000088a00000, 0x0000000088a00000|100%| O|  |TAMS 0x0000000088a00000, 0x0000000088900000| Complete 
| 138|0x0000000088a00000, 0x0000000088b00000, 0x0000000088b00000|100%| O|  |TAMS 0x0000000088b00000, 0x0000000088a00000| Untracked 
| 139|0x0000000088b00000, 0x0000000088c00000, 0x0000000088c00000|100%| O|  |TAMS 0x0000000088c00000, 0x0000000088b00000| Complete 
| 140|0x0000000088c00000, 0x0000000088c00000, 0x0000000088d00000|  0%| F|  |TAMS 0x0000000088c00000, 0x0000000088c00000| Untracked 
| 141|0x0000000088d00000, 0x0000000088e00000, 0x0000000088e00000|100%| O|  |TAMS 0x0000000088e00000, 0x0000000088d00000| Complete 
| 142|0x0000000088e00000, 0x0000000088f00000, 0x0000000088f00000|100%| O|  |TAMS 0x0000000088f00000, 0x0000000088e00000| Untracked 
| 143|0x0000000088f00000, 0x0000000089000000, 0x0000000089000000|100%| O|  |TAMS 0x0000000089000000, 0x0000000088f00000| Untracked 
| 144|0x0000000089000000, 0x0000000089100000, 0x0000000089100000|100%| O|  |TAMS 0x0000000089100000, 0x0000000089000000| Untracked 
| 145|0x0000000089100000, 0x0000000089200000, 0x0000000089200000|100%| O|  |TAMS 0x0000000089200000, 0x0000000089100000| Untracked 
| 146|0x0000000089200000, 0x0000000089300000, 0x0000000089300000|100%| O|  |TAMS 0x0000000089300000, 0x0000000089200000| Untracked 
| 147|0x0000000089300000, 0x0000000089400000, 0x0000000089400000|100%| O|  |TAMS 0x0000000089400000, 0x0000000089300000| Untracked 
| 148|0x0000000089400000, 0x0000000089500000, 0x0000000089500000|100%| O|  |TAMS 0x0000000089500000, 0x0000000089400000| Untracked 
| 149|0x0000000089500000, 0x0000000089600000, 0x0000000089600000|100%| O|  |TAMS 0x0000000089600000, 0x0000000089500000| Untracked 
| 150|0x0000000089600000, 0x0000000089700000, 0x0000000089700000|100%| O|  |TAMS 0x0000000089700000, 0x0000000089600000| Untracked 
| 151|0x0000000089700000, 0x0000000089800000, 0x0000000089800000|100%| O|  |TAMS 0x0000000089800000, 0x0000000089700000| Untracked 
| 152|0x0000000089800000, 0x0000000089900000, 0x0000000089900000|100%| O|  |TAMS 0x0000000089900000, 0x0000000089800000| Untracked 
| 153|0x0000000089900000, 0x0000000089a00000, 0x0000000089a00000|100%| O|  |TAMS 0x0000000089a00000, 0x0000000089900000| Complete 
| 154|0x0000000089a00000, 0x0000000089b00000, 0x0000000089b00000|100%| O|  |TAMS 0x0000000089a34e00, 0x0000000089a00000| Untracked 
| 155|0x0000000089b00000, 0x0000000089c00000, 0x0000000089c00000|100%| O|  |TAMS 0x0000000089b00000, 0x0000000089b00000| Untracked 
| 156|0x0000000089c00000, 0x0000000089d00000, 0x0000000089d00000|100%| O|  |TAMS 0x0000000089c00000, 0x0000000089c00000| Untracked 
| 157|0x0000000089d00000, 0x0000000089e00000, 0x0000000089e00000|100%| O|  |TAMS 0x0000000089d00000, 0x0000000089d00000| Untracked 
| 158|0x0000000089e00000, 0x0000000089f00000, 0x0000000089f00000|100%| O|  |TAMS 0x0000000089e00000, 0x0000000089e00000| Untracked 
| 159|0x0000000089f00000, 0x000000008a000000, 0x000000008a000000|100%| O|  |TAMS 0x0000000089f00000, 0x0000000089f00000| Untracked 
| 160|0x000000008a000000, 0x000000008a100000, 0x000000008a100000|100%| O|  |TAMS 0x000000008a000000, 0x000000008a000000| Untracked 
| 161|0x000000008a100000, 0x000000008a200000, 0x000000008a200000|100%| O|  |TAMS 0x000000008a100000, 0x000000008a100000| Untracked 
| 162|0x000000008a200000, 0x000000008a300000, 0x000000008a300000|100%| O|  |TAMS 0x000000008a200000, 0x000000008a200000| Untracked 
| 163|0x000000008a300000, 0x000000008a400000, 0x000000008a400000|100%| O|  |TAMS 0x000000008a300000, 0x000000008a300000| Untracked 
| 164|0x000000008a400000, 0x000000008a500000, 0x000000008a500000|100%| O|  |TAMS 0x000000008a400000, 0x000000008a400000| Untracked 
| 165|0x000000008a500000, 0x000000008a600000, 0x000000008a600000|100%| O|  |TAMS 0x000000008a500000, 0x000000008a500000| Untracked 
| 166|0x000000008a600000, 0x000000008a700000, 0x000000008a700000|100%| O|  |TAMS 0x000000008a600000, 0x000000008a600000| Untracked 
| 167|0x000000008a700000, 0x000000008a800000, 0x000000008a800000|100%| O|  |TAMS 0x000000008a700000, 0x000000008a700000| Untracked 
| 168|0x000000008a800000, 0x000000008a900000, 0x000000008a900000|100%| O|  |TAMS 0x000000008a800000, 0x000000008a800000| Untracked 
| 169|0x000000008a900000, 0x000000008aa00000, 0x000000008aa00000|100%| O|  |TAMS 0x000000008a900000, 0x000000008a900000| Untracked 
| 170|0x000000008aa00000, 0x000000008ab00000, 0x000000008ab00000|100%| O|  |TAMS 0x000000008aa00000, 0x000000008aa00000| Untracked 
| 171|0x000000008ab00000, 0x000000008ac00000, 0x000000008ac00000|100%| O|  |TAMS 0x000000008ab00000, 0x000000008ab00000| Untracked 
| 172|0x000000008ac00000, 0x000000008ad00000, 0x000000008ad00000|100%| O|  |TAMS 0x000000008ac00000, 0x000000008ac00000| Untracked 
| 173|0x000000008ad00000, 0x000000008ae00000, 0x000000008ae00000|100%| O|  |TAMS 0x000000008ad00000, 0x000000008ad00000| Untracked 
| 174|0x000000008ae00000, 0x000000008af00000, 0x000000008af00000|100%| O|  |TAMS 0x000000008ae00000, 0x000000008ae00000| Untracked 
| 175|0x000000008af00000, 0x000000008b000000, 0x000000008b000000|100%| O|  |TAMS 0x000000008af00000, 0x000000008af00000| Untracked 
| 176|0x000000008b000000, 0x000000008b100000, 0x000000008b100000|100%| O|  |TAMS 0x000000008b000000, 0x000000008b000000| Untracked 
| 177|0x000000008b100000, 0x000000008b200000, 0x000000008b200000|100%| O|  |TAMS 0x000000008b100000, 0x000000008b100000| Untracked 
| 178|0x000000008b200000, 0x000000008b300000, 0x000000008b300000|100%| O|  |TAMS 0x000000008b200000, 0x000000008b200000| Untracked 
| 179|0x000000008b300000, 0x000000008b400000, 0x000000008b400000|100%| O|  |TAMS 0x000000008b300000, 0x000000008b300000| Untracked 
| 180|0x000000008b400000, 0x000000008b500000, 0x000000008b500000|100%| O|  |TAMS 0x000000008b400000, 0x000000008b400000| Untracked 
| 181|0x000000008b500000, 0x000000008b600000, 0x000000008b600000|100%| O|  |TAMS 0x000000008b500000, 0x000000008b500000| Untracked 
| 182|0x000000008b600000, 0x000000008b700000, 0x000000008b700000|100%| O|  |TAMS 0x000000008b600000, 0x000000008b600000| Untracked 
| 183|0x000000008b700000, 0x000000008b800000, 0x000000008b800000|100%| O|  |TAMS 0x000000008b700000, 0x000000008b700000| Untracked 
| 184|0x000000008b800000, 0x000000008b900000, 0x000000008b900000|100%| O|  |TAMS 0x000000008b800000, 0x000000008b800000| Untracked 
| 185|0x000000008b900000, 0x000000008ba00000, 0x000000008ba00000|100%| O|  |TAMS 0x000000008b900000, 0x000000008b900000| Untracked 
| 186|0x000000008ba00000, 0x000000008bb00000, 0x000000008bb00000|100%| O|  |TAMS 0x000000008ba00000, 0x000000008ba00000| Untracked 
| 187|0x000000008bb00000, 0x000000008bc00000, 0x000000008bc00000|100%| O|  |TAMS 0x000000008bb00000, 0x000000008bb00000| Untracked 
| 188|0x000000008bc00000, 0x000000008bd00000, 0x000000008bd00000|100%| O|  |TAMS 0x000000008bc00000, 0x000000008bc00000| Untracked 
| 189|0x000000008bd00000, 0x000000008bd7ea00, 0x000000008be00000| 49%| O|  |TAMS 0x000000008bd00000, 0x000000008bd00000| Untracked 
| 190|0x000000008be00000, 0x000000008be00000, 0x000000008bf00000|  0%| F|  |TAMS 0x000000008be00000, 0x000000008be00000| Untracked 
| 191|0x000000008bf00000, 0x000000008bf00000, 0x000000008c000000|  0%| F|  |TAMS 0x000000008bf00000, 0x000000008bf00000| Untracked 
| 192|0x000000008c000000, 0x000000008c000000, 0x000000008c100000|  0%| F|  |TAMS 0x000000008c000000, 0x000000008c000000| Untracked 
| 193|0x000000008c100000, 0x000000008c100000, 0x000000008c200000|  0%| F|  |TAMS 0x000000008c100000, 0x000000008c100000| Untracked 
| 194|0x000000008c200000, 0x000000008c200000, 0x000000008c300000|  0%| F|  |TAMS 0x000000008c200000, 0x000000008c200000| Untracked 
| 195|0x000000008c300000, 0x000000008c300000, 0x000000008c400000|  0%| F|  |TAMS 0x000000008c300000, 0x000000008c300000| Untracked 
| 196|0x000000008c400000, 0x000000008c400000, 0x000000008c500000|  0%| F|  |TAMS 0x000000008c400000, 0x000000008c400000| Untracked 
| 197|0x000000008c500000, 0x000000008c500000, 0x000000008c600000|  0%| F|  |TAMS 0x000000008c500000, 0x000000008c500000| Untracked 
| 198|0x000000008c600000, 0x000000008c600000, 0x000000008c700000|  0%| F|  |TAMS 0x000000008c600000, 0x000000008c600000| Untracked 
| 199|0x000000008c700000, 0x000000008c700000, 0x000000008c800000|  0%| F|  |TAMS 0x000000008c700000, 0x000000008c700000| Untracked 
| 200|0x000000008c800000, 0x000000008c800000, 0x000000008c900000|  0%| F|  |TAMS 0x000000008c800000, 0x000000008c800000| Untracked 
| 201|0x000000008c900000, 0x000000008c900000, 0x000000008ca00000|  0%| F|  |TAMS 0x000000008c900000, 0x000000008c900000| Untracked 
| 202|0x000000008ca00000, 0x000000008ca00000, 0x000000008cb00000|  0%| F|  |TAMS 0x000000008ca00000, 0x000000008ca00000| Untracked 
| 203|0x000000008cb00000, 0x000000008cb00000, 0x000000008cc00000|  0%| F|  |TAMS 0x000000008cb00000, 0x000000008cb00000| Untracked 
| 204|0x000000008cc00000, 0x000000008cc00000, 0x000000008cd00000|  0%| F|  |TAMS 0x000000008cc00000, 0x000000008cc00000| Untracked 
| 205|0x000000008cd00000, 0x000000008cd00000, 0x000000008ce00000|  0%| F|  |TAMS 0x000000008cd00000, 0x000000008cd00000| Untracked 
| 206|0x000000008ce00000, 0x000000008ce00000, 0x000000008cf00000|  0%| F|  |TAMS 0x000000008ce00000, 0x000000008ce00000| Untracked 
| 207|0x000000008cf00000, 0x000000008cf00000, 0x000000008d000000|  0%| F|  |TAMS 0x000000008cf00000, 0x000000008cf00000| Untracked 
| 208|0x000000008d000000, 0x000000008d000000, 0x000000008d100000|  0%| F|  |TAMS 0x000000008d000000, 0x000000008d000000| Untracked 
| 209|0x000000008d100000, 0x000000008d100000, 0x000000008d200000|  0%| F|  |TAMS 0x000000008d100000, 0x000000008d100000| Untracked 
| 210|0x000000008d200000, 0x000000008d200000, 0x000000008d300000|  0%| F|  |TAMS 0x000000008d200000, 0x000000008d200000| Untracked 
| 211|0x000000008d300000, 0x000000008d300000, 0x000000008d400000|  0%| F|  |TAMS 0x000000008d300000, 0x000000008d300000| Untracked 
| 212|0x000000008d400000, 0x000000008d400000, 0x000000008d500000|  0%| F|  |TAMS 0x000000008d400000, 0x000000008d400000| Untracked 
| 213|0x000000008d500000, 0x000000008d500000, 0x000000008d600000|  0%| F|  |TAMS 0x000000008d500000, 0x000000008d500000| Untracked 
| 214|0x000000008d600000, 0x000000008d600000, 0x000000008d700000|  0%| F|  |TAMS 0x000000008d600000, 0x000000008d600000| Untracked 
| 215|0x000000008d700000, 0x000000008d700000, 0x000000008d800000|  0%| F|  |TAMS 0x000000008d700000, 0x000000008d700000| Untracked 
| 216|0x000000008d800000, 0x000000008d800000, 0x000000008d900000|  0%| F|  |TAMS 0x000000008d800000, 0x000000008d800000| Untracked 
| 217|0x000000008d900000, 0x000000008d900000, 0x000000008da00000|  0%| F|  |TAMS 0x000000008d900000, 0x000000008d900000| Untracked 
| 218|0x000000008da00000, 0x000000008da00000, 0x000000008db00000|  0%| F|  |TAMS 0x000000008da00000, 0x000000008da00000| Untracked 
| 219|0x000000008db00000, 0x000000008db00000, 0x000000008dc00000|  0%| F|  |TAMS 0x000000008db00000, 0x000000008db00000| Untracked 
| 220|0x000000008dc00000, 0x000000008dc00000, 0x000000008dd00000|  0%| F|  |TAMS 0x000000008dc00000, 0x000000008dc00000| Untracked 
| 221|0x000000008dd00000, 0x000000008dd00000, 0x000000008de00000|  0%| F|  |TAMS 0x000000008dd00000, 0x000000008dd00000| Untracked 
| 222|0x000000008de00000, 0x000000008de00000, 0x000000008df00000|  0%| F|  |TAMS 0x000000008de00000, 0x000000008de00000| Untracked 
| 223|0x000000008df00000, 0x000000008df00000, 0x000000008e000000|  0%| F|  |TAMS 0x000000008df00000, 0x000000008df00000| Untracked 
| 224|0x000000008e000000, 0x000000008e000000, 0x000000008e100000|  0%| F|  |TAMS 0x000000008e000000, 0x000000008e000000| Untracked 
| 225|0x000000008e100000, 0x000000008e100000, 0x000000008e200000|  0%| F|  |TAMS 0x000000008e100000, 0x000000008e100000| Untracked 
| 226|0x000000008e200000, 0x000000008e200000, 0x000000008e300000|  0%| F|  |TAMS 0x000000008e200000, 0x000000008e200000| Untracked 
| 227|0x000000008e300000, 0x000000008e300000, 0x000000008e400000|  0%| F|  |TAMS 0x000000008e300000, 0x000000008e300000| Untracked 
| 228|0x000000008e400000, 0x000000008e400000, 0x000000008e500000|  0%| F|  |TAMS 0x000000008e400000, 0x000000008e400000| Untracked 
| 229|0x000000008e500000, 0x000000008e500000, 0x000000008e600000|  0%| F|  |TAMS 0x000000008e500000, 0x000000008e500000| Untracked 
| 230|0x000000008e600000, 0x000000008e600000, 0x000000008e700000|  0%| F|  |TAMS 0x000000008e600000, 0x000000008e600000| Untracked 
| 231|0x000000008e700000, 0x000000008e700000, 0x000000008e800000|  0%| F|  |TAMS 0x000000008e700000, 0x000000008e700000| Untracked 
| 232|0x000000008e800000, 0x000000008e800000, 0x000000008e900000|  0%| F|  |TAMS 0x000000008e800000, 0x000000008e800000| Untracked 
| 233|0x000000008e900000, 0x000000008e900000, 0x000000008ea00000|  0%| F|  |TAMS 0x000000008e900000, 0x000000008e900000| Untracked 
| 234|0x000000008ea00000, 0x000000008ea00000, 0x000000008eb00000|  0%| F|  |TAMS 0x000000008ea00000, 0x000000008ea00000| Untracked 
| 235|0x000000008eb00000, 0x000000008eb00000, 0x000000008ec00000|  0%| F|  |TAMS 0x000000008eb00000, 0x000000008eb00000| Untracked 
| 236|0x000000008ec00000, 0x000000008ec00000, 0x000000008ed00000|  0%| F|  |TAMS 0x000000008ec00000, 0x000000008ec00000| Untracked 
| 237|0x000000008ed00000, 0x000000008ed00000, 0x000000008ee00000|  0%| F|  |TAMS 0x000000008ed00000, 0x000000008ed00000| Untracked 
| 238|0x000000008ee00000, 0x000000008ee00000, 0x000000008ef00000|  0%| F|  |TAMS 0x000000008ee00000, 0x000000008ee00000| Untracked 
| 239|0x000000008ef00000, 0x000000008ef00000, 0x000000008f000000|  0%| F|  |TAMS 0x000000008ef00000, 0x000000008ef00000| Untracked 
| 240|0x000000008f000000, 0x000000008f000000, 0x000000008f100000|  0%| F|  |TAMS 0x000000008f000000, 0x000000008f000000| Untracked 
| 241|0x000000008f100000, 0x000000008f100000, 0x000000008f200000|  0%| F|  |TAMS 0x000000008f100000, 0x000000008f100000| Untracked 
| 242|0x000000008f200000, 0x000000008f200000, 0x000000008f300000|  0%| F|  |TAMS 0x000000008f200000, 0x000000008f200000| Untracked 
| 243|0x000000008f300000, 0x000000008f300000, 0x000000008f400000|  0%| F|  |TAMS 0x000000008f300000, 0x000000008f300000| Untracked 
| 244|0x000000008f400000, 0x000000008f400000, 0x000000008f500000|  0%| F|  |TAMS 0x000000008f400000, 0x000000008f400000| Untracked 
| 245|0x000000008f500000, 0x000000008f500000, 0x000000008f600000|  0%| F|  |TAMS 0x000000008f500000, 0x000000008f500000| Untracked 
| 246|0x000000008f600000, 0x000000008f600000, 0x000000008f700000|  0%| F|  |TAMS 0x000000008f600000, 0x000000008f600000| Untracked 
| 247|0x000000008f700000, 0x000000008f700000, 0x000000008f800000|  0%| F|  |TAMS 0x000000008f700000, 0x000000008f700000| Untracked 
| 248|0x000000008f800000, 0x000000008f800000, 0x000000008f900000|  0%| F|  |TAMS 0x000000008f800000, 0x000000008f800000| Untracked 
| 249|0x000000008f900000, 0x000000008f900000, 0x000000008fa00000|  0%| F|  |TAMS 0x000000008f900000, 0x000000008f900000| Untracked 
| 250|0x000000008fa00000, 0x000000008fa00000, 0x000000008fb00000|  0%| F|  |TAMS 0x000000008fa00000, 0x000000008fa00000| Untracked 
| 251|0x000000008fb00000, 0x000000008fb00000, 0x000000008fc00000|  0%| F|  |TAMS 0x000000008fb00000, 0x000000008fb00000| Untracked 
| 252|0x000000008fc00000, 0x000000008fc00000, 0x000000008fd00000|  0%| F|  |TAMS 0x000000008fc00000, 0x000000008fc00000| Untracked 
| 253|0x000000008fd00000, 0x000000008fd00000, 0x000000008fe00000|  0%| F|  |TAMS 0x000000008fd00000, 0x000000008fd00000| Untracked 
| 254|0x000000008fe00000, 0x000000008fe22230, 0x000000008ff00000| 13%| S|CS|TAMS 0x000000008fe00000, 0x000000008fe00000| Complete 
| 255|0x000000008ff00000, 0x0000000090000000, 0x0000000090000000|100%| S|CS|TAMS 0x000000008ff00000, 0x000000008ff00000| Complete 
| 256|0x0000000090000000, 0x0000000090000000, 0x0000000090100000|  0%| F|  |TAMS 0x0000000090000000, 0x0000000090000000| Untracked 
| 257|0x0000000090100000, 0x0000000090100000, 0x0000000090200000|  0%| F|  |TAMS 0x0000000090100000, 0x0000000090100000| Untracked 
| 258|0x0000000090200000, 0x0000000090200000, 0x0000000090300000|  0%| F|  |TAMS 0x0000000090200000, 0x0000000090200000| Untracked 
| 259|0x0000000090300000, 0x0000000090300000, 0x0000000090400000|  0%| F|  |TAMS 0x0000000090300000, 0x0000000090300000| Untracked 
| 260|0x0000000090400000, 0x0000000090400000, 0x0000000090500000|  0%| F|  |TAMS 0x0000000090400000, 0x0000000090400000| Untracked 
| 261|0x0000000090500000, 0x0000000090500000, 0x0000000090600000|  0%| F|  |TAMS 0x0000000090500000, 0x0000000090500000| Untracked 
| 262|0x0000000090600000, 0x0000000090600000, 0x0000000090700000|  0%| F|  |TAMS 0x0000000090600000, 0x0000000090600000| Untracked 
| 263|0x0000000090700000, 0x0000000090700000, 0x0000000090800000|  0%| F|  |TAMS 0x0000000090700000, 0x0000000090700000| Untracked 

Card table byte_map: [0x000001a2ebce0000,0x000001a2ec0e0000] _byte_map_base: 0x000001a2eb8e0000

Marking Bits (Prev, Next): (CMBitMap*) 0x000001a2d8b00808, (CMBitMap*) 0x000001a2d8b00840
 Prev Bits: [0x000001a2ec4e0000, 0x000001a2ee4e0000)
 Next Bits: [0x000001a2ee4e0000, 0x000001a2f04e0000)

Polling page: 0x000001a2d82a0000

Metaspace:

Usage:
  Non-class:     85.42 MB capacity,    83.89 MB ( 98%) used,     1.24 MB (  1%) free+waste,   300.50 KB ( <1%) overhead. 
      Class:     13.45 MB capacity,    12.42 MB ( 92%) used,   906.98 KB (  7%) free+waste,   141.13 KB (  1%) overhead. 
       Both:     98.87 MB capacity,    96.32 MB ( 97%) used,     2.12 MB (  2%) free+waste,   441.63 KB ( <1%) overhead. 

Virtual space:
  Non-class space:       86.00 MB reserved,      85.45 MB (>99%) committed 
      Class space:        1.00 GB reserved,      13.50 MB (  1%) committed 
             Both:        1.08 GB reserved,      98.95 MB (  9%) committed 

Chunk freelists:
   Non-Class:  0 bytes
       Class:  0 bytes
        Both:  0 bytes

MaxMetaspaceSize: 17179869184.00 GB
CompressedClassSpaceSize: 1.00 GB

CodeHeap 'non-profiled nmethods': size=120000Kb used=5034Kb max_used=5034Kb free=114965Kb
 bounds [0x000001a2e4080000, 0x000001a2e4570000, 0x000001a2eb5b0000]
CodeHeap 'profiled nmethods': size=120000Kb used=23996Kb max_used=23996Kb free=96003Kb
 bounds [0x000001a2dcb50000, 0x000001a2de2c0000, 0x000001a2e4080000]
CodeHeap 'non-nmethods': size=5760Kb used=2302Kb max_used=2321Kb free=3457Kb
 bounds [0x000001a2dc5b0000, 0x000001a2dc820000, 0x000001a2dcb50000]
 total_blobs=12517 nmethods=11607 adapters=821
 compilation: enabled
              stopped_count=0, restarted_count=0
 full_count=0

Compilation events (20 events):
Event: 35.185 Thread 0x000001a2f2ff1000 nmethod 11940 0x000001a2de2bb010 code [0x000001a2de2bb1c0, 0x000001a2de2bb378]
Event: 35.185 Thread 0x000001a2f2ff1000 11942       3       com.android.tools.r8.graph.z::e (9 bytes)
Event: 35.185 Thread 0x000001a2f2ff1000 nmethod 11942 0x000001a2de2bb410 code [0x000001a2de2bb5c0, 0x000001a2de2bb6e8]
Event: 35.185 Thread 0x000001a2f2ff1000 11943       3       com.android.tools.r8.internal.hr::d (68 bytes)
Event: 35.185 Thread 0x000001a2f2ff1000 nmethod 11943 0x000001a2de2bb790 code [0x000001a2de2bb980, 0x000001a2de2bbcd8]
Event: 35.185 Thread 0x000001a2f2ff1000 11944       3       com.android.tools.r8.internal.gr::d (100 bytes)
Event: 35.188 Thread 0x000001a2f2ff1000 nmethod 11944 0x000001a2de2bbe10 code [0x000001a2de2bc060, 0x000001a2de2bc938]
Event: 35.188 Thread 0x000001a2f2ff1000 11945       3       com.android.tools.r8.internal.gr$$Lambda$1536/0x0000000100d5e040::get$Lambda (9 bytes)
Event: 35.188 Thread 0x000001a2f2ff1000 nmethod 11945 0x000001a2de2bcc90 code [0x000001a2de2bce60, 0x000001a2de2bd0b8]
Event: 35.188 Thread 0x000001a2f2ff1000 11946       3       com.android.tools.r8.internal.gr$$Lambda$1536/0x0000000100d5e040::<init> (10 bytes)
Event: 35.188 Thread 0x000001a2f2ff1000 nmethod 11946 0x000001a2de2bd190 code [0x000001a2de2bd340, 0x000001a2de2bd4f8]
Event: 35.188 Thread 0x000001a2f2ff1000 11947       3       com.android.tools.r8.internal.gr$$Lambda$1542/0x0000000100d5f840::<init> (10 bytes)
Event: 35.188 Thread 0x000001a2f2ff1000 nmethod 11947 0x000001a2de2bd590 code [0x000001a2de2bd740, 0x000001a2de2bd8f8]
Event: 35.188 Thread 0x000001a2f2ff1000 11948       3       com.android.tools.r8.internal.gr$$Lambda$1542/0x0000000100d5f840::get$Lambda (9 bytes)
Event: 35.189 Thread 0x000001a2f2ff1000 nmethod 11948 0x000001a2de2bd990 code [0x000001a2de2bdb60, 0x000001a2de2bddb8]
Event: 35.191 Thread 0x000001a2f2ff1000 11952       3       java.lang.invoke.MemberName::asSpecial (89 bytes)
Event: 35.192 Thread 0x000001a2f2ff1000 nmethod 11952 0x000001a2de2bde90 code [0x000001a2de2be160, 0x000001a2de2beda8]
Event: 35.193 Thread 0x000001a2f2ff1000 11953       1       com.android.tools.r8.graph.H0::L (2 bytes)
Event: 35.193 Thread 0x000001a2f2ff1000 nmethod 11953 0x000001a2e456a790 code [0x000001a2e456a940, 0x000001a2e456a9f8]
Event: 35.193 Thread 0x000001a2f2ff1000 11956 %     3       com.android.tools.r8.internal.U6::a @ 66 (6044 bytes)

GC Heap History (20 events):
Event: 32.765 GC heap after
{Heap after GC invocations=34 (full 0):
 garbage-first heap   total 187392K, used 102030K [0x0000000080000000, 0x0000000100000000)
  region size 1024K, 5 young (5120K), 5 survivors (5120K)
 Metaspace       used 88667K, capacity 90823K, committed 91084K, reserved 1128448K
  class space    used 11310K, capacity 12113K, committed 12288K, reserved 1048576K
}
Event: 33.081 GC heap before
{Heap before GC invocations=34 (full 0):
 garbage-first heap   total 187392K, used 151182K [0x0000000080000000, 0x0000000100000000)
  region size 1024K, 54 young (55296K), 5 survivors (5120K)
 Metaspace       used 89569K, capacity 91724K, committed 91980K, reserved 1128448K
  class space    used 11434K, capacity 12241K, committed 12416K, reserved 1048576K
}
Event: 33.091 GC heap after
{Heap after GC invocations=35 (full 0):
 garbage-first heap   total 187392K, used 104108K [0x0000000080000000, 0x0000000100000000)
  region size 1024K, 4 young (4096K), 4 survivors (4096K)
 Metaspace       used 89569K, capacity 91724K, committed 91980K, reserved 1128448K
  class space    used 11434K, capacity 12241K, committed 12416K, reserved 1048576K
}
Event: 33.434 GC heap before
{Heap before GC invocations=36 (full 0):
 garbage-first heap   total 187392K, used 153260K [0x0000000080000000, 0x0000000100000000)
  region size 1024K, 52 young (53248K), 4 survivors (4096K)
 Metaspace       used 91127K, capacity 93377K, committed 93772K, reserved 1130496K
  class space    used 11655K, capacity 12512K, committed 12672K, reserved 1048576K
}
Event: 33.446 GC heap after
{Heap after GC invocations=37 (full 0):
 garbage-first heap   total 225280K, used 109428K [0x0000000080000000, 0x0000000100000000)
  region size 1024K, 7 young (7168K), 7 survivors (7168K)
 Metaspace       used 91127K, capacity 93377K, committed 93772K, reserved 1130496K
  class space    used 11655K, capacity 12512K, committed 12672K, reserved 1048576K
}
Event: 33.479 GC heap before
{Heap before GC invocations=37 (full 0):
 garbage-first heap   total 225280K, used 113524K [0x0000000080000000, 0x0000000100000000)
  region size 1024K, 11 young (11264K), 7 survivors (7168K)
 Metaspace       used 91472K, capacity 93687K, committed 94028K, reserved 1130496K
  class space    used 11710K, capacity 12530K, committed 12672K, reserved 1048576K
}
Event: 33.485 GC heap after
{Heap after GC invocations=38 (full 0):
 garbage-first heap   total 225280K, used 110213K [0x0000000080000000, 0x0000000100000000)
  region size 1024K, 1 young (1024K), 1 survivors (1024K)
 Metaspace       used 91472K, capacity 93687K, committed 94028K, reserved 1130496K
  class space    used 11710K, capacity 12530K, committed 12672K, reserved 1048576K
}
Event: 33.681 GC heap before
{Heap before GC invocations=38 (full 0):
 garbage-first heap   total 225280K, used 171653K [0x0000000080000000, 0x0000000100000000)
  region size 1024K, 62 young (63488K), 1 survivors (1024K)
 Metaspace       used 93062K, capacity 95346K, committed 95564K, reserved 1132544K
  class space    used 11905K, capacity 12762K, committed 12928K, reserved 1048576K
}
Event: 33.691 GC heap after
{Heap after GC invocations=39 (full 0):
 garbage-first heap   total 225280K, used 127096K [0x0000000080000000, 0x0000000100000000)
  region size 1024K, 8 young (8192K), 8 survivors (8192K)
 Metaspace       used 93062K, capacity 95346K, committed 95564K, reserved 1132544K
  class space    used 11905K, capacity 12762K, committed 12928K, reserved 1048576K
}
Event: 33.958 GC heap before
{Heap before GC invocations=39 (full 0):
 garbage-first heap   total 225280K, used 177272K [0x0000000080000000, 0x0000000100000000)
  region size 1024K, 58 young (59392K), 8 survivors (8192K)
 Metaspace       used 94130K, capacity 96436K, committed 96588K, reserved 1132544K
  class space    used 12039K, capacity 12894K, committed 12928K, reserved 1048576K
}
Event: 33.969 GC heap after
{Heap after GC invocations=40 (full 0):
 garbage-first heap   total 225280K, used 144984K [0x0000000080000000, 0x0000000100000000)
  region size 1024K, 8 young (8192K), 8 survivors (8192K)
 Metaspace       used 94130K, capacity 96436K, committed 96588K, reserved 1132544K
  class space    used 12039K, capacity 12894K, committed 12928K, reserved 1048576K
}
Event: 34.113 GC heap before
{Heap before GC invocations=41 (full 0):
 garbage-first heap   total 225280K, used 179800K [0x0000000080000000, 0x0000000100000000)
  region size 1024K, 43 young (44032K), 8 survivors (8192K)
 Metaspace       used 95397K, capacity 97787K, committed 98124K, reserved 1134592K
  class space    used 12210K, capacity 13095K, committed 13184K, reserved 1048576K
}
Event: 34.127 GC heap after
{Heap after GC invocations=42 (full 0):
 garbage-first heap   total 270336K, used 151257K [0x0000000080000000, 0x0000000100000000)
  region size 1024K, 6 young (6144K), 6 survivors (6144K)
 Metaspace       used 95397K, capacity 97787K, committed 98124K, reserved 1134592K
  class space    used 12210K, capacity 13095K, committed 13184K, reserved 1048576K
}
Event: 34.389 GC heap before
{Heap before GC invocations=42 (full 0):
 garbage-first heap   total 270336K, used 205529K [0x0000000080000000, 0x0000000100000000)
  region size 1024K, 60 young (61440K), 6 survivors (6144K)
 Metaspace       used 96795K, capacity 99243K, committed 99404K, reserved 1134592K
  class space    used 12422K, capacity 13345K, committed 13440K, reserved 1048576K
}
Event: 34.408 GC heap after
{Heap after GC invocations=43 (full 0):
 garbage-first heap   total 270336K, used 166099K [0x0000000080000000, 0x0000000100000000)
  region size 1024K, 8 young (8192K), 8 survivors (8192K)
 Metaspace       used 96795K, capacity 99243K, committed 99404K, reserved 1134592K
  class space    used 12422K, capacity 13345K, committed 13440K, reserved 1048576K
}
Event: 34.756 GC heap before
{Heap before GC invocations=43 (full 0):
 garbage-first heap   total 270336K, used 211155K [0x0000000080000000, 0x0000000100000000)
  region size 1024K, 52 young (53248K), 8 survivors (8192K)
 Metaspace       used 97031K, capacity 99446K, committed 99660K, reserved 1136640K
  class space    used 12441K, capacity 13348K, committed 13440K, reserved 1048576K
}
Event: 34.773 GC heap after
{Heap after GC invocations=44 (full 0):
 garbage-first heap   total 270336K, used 184320K [0x0000000080000000, 0x0000000100000000)
  region size 1024K, 7 young (7168K), 7 survivors (7168K)
 Metaspace       used 97031K, capacity 99446K, committed 99660K, reserved 1136640K
  class space    used 12441K, capacity 13348K, committed 13440K, reserved 1048576K
}
Event: 35.002 GC heap before
{Heap before GC invocations=45 (full 0):
 garbage-first heap   total 270336K, used 216064K [0x0000000080000000, 0x0000000100000000)
  region size 1024K, 39 young (39936K), 7 survivors (7168K)
 Metaspace       used 97417K, capacity 99824K, committed 100172K, reserved 1136640K
  class space    used 12484K, capacity 13387K, committed 13440K, reserved 1048576K
}
Event: 35.014 GC heap after
{Heap after GC invocations=46 (full 0):
 garbage-first heap   total 270336K, used 191290K [0x0000000080000000, 0x0000000100000000)
  region size 1024K, 5 young (5120K), 5 survivors (5120K)
 Metaspace       used 97417K, capacity 99824K, committed 100172K, reserved 1136640K
  class space    used 12484K, capacity 13387K, committed 13440K, reserved 1048576K
}
Event: 35.195 GC heap before
{Heap before GC invocations=46 (full 0):
 garbage-first heap   total 270336K, used 199482K [0x0000000080000000, 0x0000000100000000)
  region size 1024K, 13 young (13312K), 5 survivors (5120K)
 Metaspace       used 98630K, capacity 101244K, committed 101324K, reserved 1136640K
  class space    used 12722K, capacity 13771K, committed 13824K, reserved 1048576K
}

Deoptimization events (20 events):
Event: 34.868 Thread 0x000001a2f954d000 Uncommon trap: trap_request=0xffffff4d fr.pc=0x000001a2e4556a8c relative=0x000000000000152c
Event: 34.868 Thread 0x000001a2f954d000 Uncommon trap: reason=unstable_if action=reinterpret pc=0x000001a2e4556a8c method=com.android.tools.r8.internal.E9.e(Ljava/lang/String;)[Ljava/lang/String; @ 27 c2
Event: 34.868 Thread 0x000001a2f954d000 DEOPT PACKING pc=0x000001a2e4556a8c sp=0x0000002899bf9270
Event: 34.868 Thread 0x000001a2f954d000 DEOPT UNPACKING pc=0x000001a2dc5d78af sp=0x0000002899bf9260 mode 2
Event: 34.976 Thread 0x000001a2f954c000 DEOPT PACKING pc=0x000001a2de273277 sp=0x0000002899ff90f0
Event: 34.976 Thread 0x000001a2f954c000 DEOPT UNPACKING pc=0x000001a2dc5d76ce sp=0x0000002899ff8668 mode 0
Event: 34.976 Thread 0x000001a2f954b800 DEOPT PACKING pc=0x000001a2dded0ac4 sp=0x00000028999fccd0
Event: 34.976 Thread 0x000001a2f954b800 DEOPT UNPACKING pc=0x000001a2dc5d76ce sp=0x00000028999fc1c8 mode 0
Event: 34.977 Thread 0x000001a2f954b800 DEOPT PACKING pc=0x000001a2dde89eac sp=0x00000028999fce10
Event: 34.977 Thread 0x000001a2f954b800 DEOPT UNPACKING pc=0x000001a2dc5d76ce sp=0x00000028999fc2c0 mode 0
Event: 34.977 Thread 0x000001a2f954b800 DEOPT PACKING pc=0x000001a2ddebba94 sp=0x00000028999fd490
Event: 34.977 Thread 0x000001a2f954b800 DEOPT UNPACKING pc=0x000001a2dc5d76ce sp=0x00000028999fca30 mode 0
Event: 34.978 Thread 0x000001a2f954b800 Uncommon trap: trap_request=0xffffffde fr.pc=0x000001a2e425fb54 relative=0x0000000000000514
Event: 34.978 Thread 0x000001a2f954b800 Uncommon trap: reason=class_check action=maybe_recompile pc=0x000001a2e425fb54 method=java.lang.Throwable.<init>(Ljava/lang/String;Ljava/lang/Throwable;)V @ 24 c2
Event: 34.978 Thread 0x000001a2f954b800 DEOPT PACKING pc=0x000001a2e425fb54 sp=0x00000028999fdec0
Event: 34.978 Thread 0x000001a2f954b800 DEOPT UNPACKING pc=0x000001a2dc5d78af sp=0x00000028999fde88 mode 2
Event: 34.999 Thread 0x000001a2f954c000 DEOPT PACKING pc=0x000001a2de273277 sp=0x0000002899ff90f0
Event: 34.999 Thread 0x000001a2f954c000 DEOPT UNPACKING pc=0x000001a2dc5d76ce sp=0x0000002899ff8668 mode 0
Event: 35.194 Thread 0x000001a2f9548000 DEOPT PACKING pc=0x000001a2de273277 sp=0x0000002899af8f60
Event: 35.194 Thread 0x000001a2f9548000 DEOPT UNPACKING pc=0x000001a2dc5d76ce sp=0x0000002899af84d8 mode 0

Classes redefined (0 events):
No events

Internal exceptions (20 events):
Event: 34.148 Thread 0x000001a2f6064800 Exception <a 'java/lang/NoSuchMethodError'{0x0000000090317f58}: 'void java.lang.invoke.DirectMethodHandle$Holder.invokeStatic(java.lang.Object, long)'> (0x0000000090317f58) thrown at [./src/hotspot/share/interpreter/linkResolver.cpp, line 773]
Event: 34.150 Thread 0x000001a2f6064800 Exception <a 'java/lang/NoSuchMethodError'{0x0000000090322c08}: 'java.lang.Object java.lang.invoke.DirectMethodHandle$Holder.invokeStaticInit(java.lang.Object, java.lang.Object, long, java.lang.Object)'> (0x0000000090322c08) thrown at [./src/hotspot/share/interpreter/linkResolver.cpp, line 773]
Event: 34.151 Thread 0x000001a2f6064800 Exception <a 'java/lang/NoSuchMethodError'{0x0000000090328e48}: 'java.lang.Object java.lang.invoke.DirectMethodHandle$Holder.invokeStatic(java.lang.Object, java.lang.Object, long)'> (0x0000000090328e48) thrown at [./src/hotspot/share/interpreter/linkResolver.cpp, line 773]
Event: 34.152 Thread 0x000001a2f6064800 Exception <a 'java/lang/NoSuchMethodError'{0x000000009032f3c0}: 'java.lang.Object java.lang.invoke.Invokers$Holder.linkToTargetMethod(java.lang.Object, long, java.lang.Object)'> (0x000000009032f3c0) thrown at [./src/hotspot/share/interpreter/linkResolver.cpp, line 773]
Event: 34.190 Thread 0x000001a2f954d000 Exception <a 'java/lang/NoSuchMethodError'{0x000000008fddf978}: 'int java.lang.invoke.DirectMethodHandle$Holder.invokeVirtual(java.lang.Object, java.lang.Object, java.lang.Object, java.lang.Object)'> (0x000000008fddf978) thrown at [./src/hotspot/share/interpreter/linkResolver.cpp, line 773]
Event: 34.190 Thread 0x000001a2f9548000 Exception <a 'java/lang/NoSuchMethodError'{0x000000008fcd54d8}: 'int java.lang.invoke.DirectMethodHandle$Holder.invokeVirtual(java.lang.Object, java.lang.Object, java.lang.Object, java.lang.Object)'> (0x000000008fcd54d8) thrown at [./src/hotspot/share/interpreter/linkResolver.cpp, line 773]
Event: 34.190 Thread 0x000001a2f9547800 Exception <a 'java/lang/NoSuchMethodError'{0x000000008fcd0680}: 'int java.lang.invoke.DirectMethodHandle$Holder.invokeVirtual(java.lang.Object, java.lang.Object, java.lang.Object, java.lang.Object)'> (0x000000008fcd0680) thrown at [./src/hotspot/share/interpreter/linkResolver.cpp, line 773]
Event: 34.190 Thread 0x000001a2f954a800 Exception <a 'java/lang/NoSuchMethodError'{0x000000008fcdd9d8}: 'int java.lang.invoke.DirectMethodHandle$Holder.invokeVirtual(java.lang.Object, java.lang.Object, java.lang.Object, java.lang.Object)'> (0x000000008fcdd9d8) thrown at [./src/hotspot/share/interpreter/linkResolver.cpp, line 773]
Event: 34.262 Thread 0x000001a2f954a800 Exception <a 'java/lang/NoSuchMethodError'{0x000000008ee22120}: 'void java.lang.invoke.DirectMethodHandle$Holder.invokeStatic(java.lang.Object, java.lang.Object, java.lang.Object, int)'> (0x000000008ee22120) thrown at [./src/hotspot/share/interpreter/linkResolver.cpp, line 773]
Event: 34.262 Thread 0x000001a2f954d000 Exception <a 'java/lang/NoSuchMethodError'{0x000000008eeced00}: 'void java.lang.invoke.DirectMethodHandle$Holder.invokeStatic(java.lang.Object, java.lang.Object, java.lang.Object, int)'> (0x000000008eeced00) thrown at [./src/hotspot/share/interpreter/linkResolver.cpp, line 773]
Event: 34.263 Thread 0x000001a2f954a800 Exception <a 'java/lang/IncompatibleClassChangeError'{0x000000008eef77a8}: Found class java.lang.Object, but interface was expected> (0x000000008eef77a8) thrown at [./src/hotspot/share/interpreter/linkResolver.cpp, line 839]
Event: 34.593 Thread 0x000001a2f954d000 Exception <a 'java/lang/NoSuchMethodError'{0x000000008ed89f60}: 'int java.lang.invoke.DirectMethodHandle$Holder.invokeVirtual(java.lang.Object, java.lang.Object, java.lang.Object)'> (0x000000008ed89f60) thrown at [./src/hotspot/share/interpreter/linkResolver.cpp, line 773]
Event: 34.625 Thread 0x000001a2f9540800 Exception <a 'java/lang/NoSuchMethodError'{0x000000008ea4b8b8}: 'int java.lang.invoke.DirectMethodHandle$Holder.invokeVirtual(java.lang.Object, java.lang.Object, java.lang.Object)'> (0x000000008ea4b8b8) thrown at [./src/hotspot/share/interpreter/linkResolver.cpp, line 773]
Event: 34.862 Thread 0x000001a2f954b800 Exception <a 'java/lang/OutOfMemoryError'{0x000000008f5c0dc0}> (0x000000008f5c0dc0) thrown at [./src/hotspot/share/prims/jni.cpp, line 636]
Event: 34.866 Thread 0x000001a2f954b800 Implicit null exception at 0x000001a2e4372d1b to 0x000001a2e43734d4
Event: 34.965 Thread 0x000001a2f954b800 Exception <a 'java/lang/NoSuchMethodError'{0x000000008eb2c770}: 'void java.lang.invoke.DirectMethodHandle$Holder.invokeStatic(java.lang.Object, java.lang.Object, java.lang.Object, java.lang.Object, java.lang.Object, java.lang.Object, java.lang.Object)'> (0x000000008eb2c770) thrown at [./src/hotspot/share/interpreter/linkResolver.cpp, line 773]
Event: 34.998 Thread 0x000001a2f954b800 Exception <a 'sun/nio/fs/WindowsException'{0x000000008e988068}> (0x000000008e988068) thrown at [./src/hotspot/share/prims/jni.cpp, line 615]
Event: 35.153 Thread 0x000001a2f9540800 Exception <a 'java/lang/NoSuchMethodError'{0x00000000904ddd60}: 'java.lang.Object java.lang.invoke.DirectMethodHandle$Holder.invokeStatic(java.lang.Object, int, java.lang.Object, java.lang.Object)'> (0x00000000904ddd60) thrown at [./src/hotspot/share/interpreter/linkResolver.cpp, line 773]
Event: 35.155 Thread 0x000001a2f954c000 Exception <a 'java/lang/NoSuchMethodError'{0x00000000904e0180}: 'java.lang.Object java.lang.invoke.DirectMethodHandle$Holder.invokeStatic(java.lang.Object, int, java.lang.Object, java.lang.Object)'> (0x00000000904e0180) thrown at [./src/hotspot/share/interpreter/linkResolver.cpp, line 773]
Event: 35.157 Thread 0x000001a2f954d000 Exception <a 'java/lang/NoSuchMethodError'{0x00000000904dc9e8}: 'java.lang.Object java.lang.invoke.DirectMethodHandle$Holder.invokeStatic(java.lang.Object, int, java.lang.Object, java.lang.Object)'> (0x00000000904dc9e8) thrown at [./src/hotspot/share/interpreter/linkResolver.cpp, line 773]

Events (20 events):
Event: 35.193 loading class com/android/tools/r8/graph/V0 done
Event: 35.193 loading class com/android/tools/r8/graph/V0
Event: 35.193 loading class com/android/tools/r8/graph/V0 done
Event: 35.193 loading class com/android/tools/r8/graph/V0
Event: 35.193 loading class com/android/tools/r8/graph/V0 done
Event: 35.193 loading class com/android/tools/r8/internal/t4
Event: 35.193 loading class com/android/tools/r8/internal/t4 done
Event: 35.193 loading class com/android/tools/r8/internal/Is
Event: 35.193 loading class com/android/tools/r8/internal/Is done
Event: 35.193 loading class com/android/tools/r8/internal/Is
Event: 35.193 loading class com/android/tools/r8/internal/Is done
Event: 35.194 loading class com/android/tools/r8/graph/Z
Event: 35.194 loading class com/android/tools/r8/graph/Z done
Event: 35.194 loading class com/android/tools/r8/graph/Z
Event: 35.194 loading class com/android/tools/r8/graph/Z done
Event: 35.194 loading class com/android/tools/r8/utils/X
Event: 35.194 loading class com/android/tools/r8/utils/X done
Event: 35.194 loading class com/android/tools/r8/utils/X
Event: 35.194 loading class com/android/tools/r8/utils/X done
Event: 35.195 Executing VM operation: G1CollectForAllocation


Dynamic libraries:
0x00007ff674cf0000 - 0x00007ff674cfa000 	C:\Program Files\Android\Android Studio1\jre\bin\java.exe
0x00007ffee6580000 - 0x00007ffee6789000 	C:\WINDOWS\SYSTEM32\ntdll.dll
0x00007ffee5200000 - 0x00007ffee52bd000 	C:\WINDOWS\System32\KERNEL32.DLL
0x00007ffee3c10000 - 0x00007ffee3f84000 	C:\WINDOWS\System32\KERNELBASE.dll
0x00007ffee3a70000 - 0x00007ffee3b81000 	C:\WINDOWS\System32\ucrtbase.dll
0x00007ffed0300000 - 0x00007ffed0317000 	C:\Program Files\Android\Android Studio1\jre\bin\VCRUNTIME140.dll
0x00007ffed02a0000 - 0x00007ffed02b9000 	C:\Program Files\Android\Android Studio1\jre\bin\jli.dll
0x00007ffee4dc0000 - 0x00007ffee4f6c000 	C:\WINDOWS\System32\USER32.dll
0x00007ffece2f0000 - 0x00007ffece595000 	C:\WINDOWS\WinSxS\amd64_microsoft.windows.common-controls_6595b64144ccf1df_6.0.22000.120_none_9d947278b86cc467\COMCTL32.dll
0x00007ffee40c0000 - 0x00007ffee40e6000 	C:\WINDOWS\System32\win32u.dll
0x00007ffee5950000 - 0x00007ffee59f3000 	C:\WINDOWS\System32\msvcrt.dll
0x00007ffee5920000 - 0x00007ffee5949000 	C:\WINDOWS\System32\GDI32.dll
0x00007ffee4190000 - 0x00007ffee42a2000 	C:\WINDOWS\System32\gdi32full.dll
0x00007ffee40f0000 - 0x00007ffee418d000 	C:\WINDOWS\System32\msvcp_win.dll
0x00007ffee4d80000 - 0x00007ffee4db1000 	C:\WINDOWS\System32\IMM32.DLL
0x00007ffeaca90000 - 0x00007ffeacb2d000 	C:\Program Files\Android\Android Studio1\jre\bin\msvcp140.dll
0x00007ffe973a0000 - 0x00007ffe97e6f000 	C:\Program Files\Android\Android Studio1\jre\bin\server\jvm.dll
0x00007ffee4f70000 - 0x00007ffee501e000 	C:\WINDOWS\System32\ADVAPI32.dll
0x00007ffee5160000 - 0x00007ffee51fe000 	C:\WINDOWS\System32\sechost.dll
0x00007ffee5040000 - 0x00007ffee5160000 	C:\WINDOWS\System32\RPCRT4.dll
0x00007ffee5a00000 - 0x00007ffee5a08000 	C:\WINDOWS\System32\PSAPI.DLL
0x00007ffec1120000 - 0x00007ffec1129000 	C:\WINDOWS\SYSTEM32\WSOCK32.dll
0x00007ffedc4b0000 - 0x00007ffedc4e3000 	C:\WINDOWS\SYSTEM32\WINMM.dll
0x00007ffed5670000 - 0x00007ffed567a000 	C:\WINDOWS\SYSTEM32\VERSION.dll
0x00007ffee5a10000 - 0x00007ffee5a7f000 	C:\WINDOWS\System32\WS2_32.dll
0x00007ffee2c60000 - 0x00007ffee2c78000 	C:\WINDOWS\SYSTEM32\kernel.appcore.dll
0x00007ffedc920000 - 0x00007ffedc931000 	C:\Program Files\Android\Android Studio1\jre\bin\verify.dll
0x00007ffee1070000 - 0x00007ffee1291000 	C:\WINDOWS\SYSTEM32\DBGHELP.DLL
0x00007ffec4850000 - 0x00007ffec4881000 	C:\WINDOWS\SYSTEM32\dbgcore.DLL
0x00007ffee3b90000 - 0x00007ffee3c0f000 	C:\WINDOWS\System32\bcryptPrimitives.dll
0x00007ffedc610000 - 0x00007ffedc639000 	C:\Program Files\Android\Android Studio1\jre\bin\java.dll
0x00007ffedd910000 - 0x00007ffedd91b000 	C:\Program Files\Android\Android Studio1\jre\bin\jimage.dll
0x00007ffed2de0000 - 0x00007ffed2df8000 	C:\Program Files\Android\Android Studio1\jre\bin\zip.dll
0x00007ffee5a80000 - 0x00007ffee622e000 	C:\WINDOWS\System32\SHELL32.dll
0x00007ffee1bf0000 - 0x00007ffee2458000 	C:\WINDOWS\SYSTEM32\windows.storage.dll
0x00007ffee4a00000 - 0x00007ffee4d78000 	C:\WINDOWS\System32\combase.dll
0x00007ffee1a80000 - 0x00007ffee1be6000 	C:\WINDOWS\SYSTEM32\wintypes.dll
0x00007ffee6230000 - 0x00007ffee631a000 	C:\WINDOWS\System32\SHCORE.dll
0x00007ffee53f0000 - 0x00007ffee544d000 	C:\WINDOWS\System32\shlwapi.dll
0x00007ffee39a0000 - 0x00007ffee39c1000 	C:\WINDOWS\SYSTEM32\profapi.dll
0x00007ffed0240000 - 0x00007ffed025a000 	C:\Program Files\Android\Android Studio1\jre\bin\net.dll
0x00007ffeddd60000 - 0x00007ffedde6c000 	C:\WINDOWS\SYSTEM32\WINHTTP.dll
0x00007ffee3090000 - 0x00007ffee30f7000 	C:\WINDOWS\system32\mswsock.dll
0x00007ffed00b0000 - 0x00007ffed00c4000 	C:\Program Files\Android\Android Studio1\jre\bin\nio.dll
0x00007ffed0320000 - 0x00007ffed0347000 	C:\Users\ASUS\.gradle\native\8bec1ad78214c89d9ad589b4d07fe93259594b29d510b10fafb7a158f7737e5d\windows-amd64\native-platform.dll
0x00007ffea23e0000 - 0x00007ffea251d000 	C:\Users\ASUS\.gradle\native\53dbd7edfb1c66fb8903c78663c9afc45aea4f116125fa6feffd364cf09443e8\windows-amd64\native-platform-file-events.dll
0x00007ffedc4f0000 - 0x00007ffedc4fa000 	C:\Program Files\Android\Android Studio1\jre\bin\management.dll
0x00007ffed2dd0000 - 0x00007ffed2ddc000 	C:\Program Files\Android\Android Studio1\jre\bin\management_ext.dll
0x00007ffee32d0000 - 0x00007ffee32e8000 	C:\WINDOWS\SYSTEM32\CRYPTSP.dll
0x00007ffee2bc0000 - 0x00007ffee2bf5000 	C:\WINDOWS\system32\rsaenh.dll
0x00007ffee3180000 - 0x00007ffee31a9000 	C:\WINDOWS\SYSTEM32\USERENV.dll
0x00007ffee3450000 - 0x00007ffee3477000 	C:\WINDOWS\SYSTEM32\bcrypt.dll
0x00007ffee32f0000 - 0x00007ffee32fc000 	C:\WINDOWS\SYSTEM32\CRYPTBASE.dll
0x00007ffee2790000 - 0x00007ffee27bd000 	C:\WINDOWS\SYSTEM32\IPHLPAPI.DLL
0x00007ffee52c0000 - 0x00007ffee52c9000 	C:\WINDOWS\System32\NSI.dll
0x00007ffeddf40000 - 0x00007ffeddf59000 	C:\WINDOWS\SYSTEM32\dhcpcsvc6.DLL
0x00007ffede330000 - 0x00007ffede34e000 	C:\WINDOWS\SYSTEM32\dhcpcsvc.DLL
0x00007ffee2800000 - 0x00007ffee28e7000 	C:\WINDOWS\SYSTEM32\DNSAPI.dll

dbghelp: loaded successfully - version: 4.0.5 - missing functions: none
symbol engine: initialized successfully - sym options: 0x614 - pdb path: .;C:\Program Files\Android\Android Studio1\jre\bin;C:\WINDOWS\SYSTEM32;C:\WINDOWS\WinSxS\amd64_microsoft.windows.common-controls_6595b64144ccf1df_6.0.22000.120_none_9d947278b86cc467;C:\Program Files\Android\Android Studio1\jre\bin\server;C:\Users\ASUS\.gradle\native\8bec1ad78214c89d9ad589b4d07fe93259594b29d510b10fafb7a158f7737e5d\windows-amd64;C:\Users\ASUS\.gradle\native\53dbd7edfb1c66fb8903c78663c9afc45aea4f116125fa6feffd364cf09443e8\windows-amd64

VM Arguments:
jvm_args: --add-opens=java.base/java.util=ALL-UNNAMED --add-opens=java.base/java.lang=ALL-UNNAMED --add-opens=java.base/java.lang.invoke=ALL-UNNAMED --add-opens=java.base/java.util=ALL-UNNAMED --add-opens=java.prefs/java.util.prefs=ALL-UNNAMED --add-opens=java.prefs/java.util.prefs=ALL-UNNAMED --add-opens=java.base/java.nio.charset=ALL-UNNAMED --add-opens=java.base/java.net=ALL-UNNAMED --add-opens=java.base/java.util.concurrent.atomic=ALL-UNNAMED -Xmx2048m -Dfile.encoding=UTF-8 -Duser.country=ID -Duser.language=en -Duser.variant 
java_command: org.gradle.launcher.daemon.bootstrap.GradleDaemon 7.0.2
java_class_path (initial): C:\Users\ASUS\.gradle\wrapper\dists\gradle-7.0.2-bin\857tjihv64xamwrf0h14cai3r\gradle-7.0.2\lib\gradle-launcher-7.0.2.jar
Launcher Type: SUN_STANDARD

[Global flags]
     intx CICompilerCount                          = 4                                         {product} {ergonomic}
     uint ConcGCThreads                            = 2                                         {product} {ergonomic}
     uint G1ConcRefinementThreads                  = 8                                         {product} {ergonomic}
   size_t G1HeapRegionSize                         = 1048576                                   {product} {ergonomic}
    uintx GCDrainStackTargetSize                   = 64                                        {product} {ergonomic}
   size_t InitialHeapSize                          = 132120576                                 {product} {ergonomic}
   size_t MarkStackSize                            = 4194304                                   {product} {ergonomic}
   size_t MaxHeapSize                              = 2147483648                                {product} {command line}
   size_t MaxNewSize                               = 1287651328                                {product} {ergonomic}
   size_t MinHeapDeltaBytes                        = 1048576                                   {product} {ergonomic}
    uintx NonNMethodCodeHeapSize                   = 5836300                                {pd product} {ergonomic}
    uintx NonProfiledCodeHeapSize                  = 122910970                              {pd product} {ergonomic}
    uintx ProfiledCodeHeapSize                     = 122910970                              {pd product} {ergonomic}
    uintx ReservedCodeCacheSize                    = 251658240                              {pd product} {ergonomic}
     bool SegmentedCodeCache                       = true                                      {product} {ergonomic}
     bool UseCompressedClassPointers               = true                                 {lp64_product} {ergonomic}
     bool UseCompressedOops                        = true                                 {lp64_product} {ergonomic}
     bool UseG1GC                                  = true                                      {product} {ergonomic}
     bool UseLargePagesIndividualAllocation        = false                                  {pd product} {ergonomic}

Logging:
Log output configuration:
 #0: stdout all=warning uptime,level,tags
 #1: stderr all=off uptime,level,tags

Environment Variables:
PATH=C:\Users\ASUS\platform-tools_r31.0.3-windows\platform-tools\systrace\catapult\common\bin;C:\Python310\;C:\ProgramData\Oracle\Java\javapath;C:\Program Files\Common Files\Oracle\Java\javapath;C:\Windows\system32;C:\Windows;C:\Windows\System32\Wbem;C:\Windows\System32\WindowsPowerShell\v1.0\;C:\Windows\System32\OpenSSH\;C:\Program Files (x86)\NVIDIA Corporation\PhysX\Common;C:\Program Files\NVIDIA Corporation\NVIDIA NvDLISR;C:\composer;C:\ProgramData\ComposerSetup\bin;C:\Program Files\gradle-6.9.1\bin;C:\WINDOWS\system32;C:\WINDOWS;C:\WINDOWS\System32\Wbem;C:\WINDOWS\System32\WindowsPowerShell\v1.0\;C:\WINDOWS\System32\OpenSSH\;C:\Program Files\nodejs\;C:\ProgramData\chocolatey\bin;C:\Users\ASUS\flutter\bin;C:\Program Files\Git\bin;C:\Program Files\Git\cmd;C:\Users\ASUS\AppData\Local\Android\sdk\tools\bin;C:\Users\ASUS\flutter\bin;C:\Users\ASUS\AppData\Local\Microsoft\WindowsApps;C:\Program Files\MongoDB\Server\4.4\bin;C:\xampp\php;C:\Users\ASUS\AppData\Roaming\Composer\vendor\bin;C:\Python27;C:\Program Files\gradle-6.9.1\bin;C:\Users\ASUS\AppData\Roaming\npm;C:\Users\ASUS\AppData\Local\Android\sdk\tools\bin;C:\Users\ASUS\AppData\Local\Programs\Microsoft VS Code\bin
USERNAME=ASUS
OS=Windows_NT
PROCESSOR_IDENTIFIER=Intel64 Family 6 Model 158 Stepping 10, GenuineIntel



---------------  S Y S T E M  ---------------

OS: Windows 10 , 64 bit Build 22000 (10.0.22000.434)
OS uptime: 9 days 2:18 hours

CPU:total 8 (initial active 8) (4 cores per cpu, 2 threads per core) family 6 model 158 stepping 10 microcode 0xde, cmov, cx8, fxsr, mmx, sse, sse2, sse3, ssse3, sse4.1, sse4.2, popcnt, avx, avx2, aes, clmul, erms, 3dnowpref, lzcnt, ht, tsc, tscinvbit, bmi1, bmi2, adx, fma

Memory: 4k page, system-wide physical 8047M (327M free)
TotalPageFile size 32623M (AvailPageFile size 76M)
current process WorkingSet (physical memory assigned to process): 500M, peak: 542M
current process commit charge ("private bytes"): 613M, peak: 745M

vm_info: OpenJDK 64-Bit Server VM (11.0.10+0-b96-7249189) for windows-amd64 JRE (11.0.10+0-b96-7249189), built on Mar 31 2021 21:44:00 by "builder" with MS VC++ 14.0 (VS2015)

END.
