#
# There is insufficient memory for the Java Runtime Environment to continue.
# Native memory allocation (malloc) failed to allocate 32744 bytes for ChunkPool::allocate
# Possible reasons:
#   The system is out of physical RAM or swap space
#   The process is running with CompressedOops enabled, and the Java Heap may be blocking the growth of the native heap
# Possible solutions:
#   Reduce memory load on the system
#   Increase physical memory or swap space
#   Check if swap backing store is full
#   Decrease Java heap size (-Xmx/-Xms)
#   Decrease number of Java threads
#   Decrease Java thread stack sizes (-Xss)
#   Set larger code cache with -XX:ReservedCodeCacheSize=
#   JVM is running with Unscaled Compressed Oops mode in which the Java heap is
#     placed in the first 4GB address space. The Java Heap base address is the
#     maximum limit for the native heap growth. Please use -XX:HeapBaseMinAddress
#     to set the Java Heap base and to place the Java Heap above 4GB virtual address.
# This output file may be truncated or incomplete.
#
#  Out of Memory Error (./src/hotspot/share/memory/arena.cpp:81), pid=7092, tid=3472
#
# JRE version: OpenJDK Runtime Environment (11.0.10) (build 11.0.10+0-b96-7249189)
# Java VM: OpenJDK 64-Bit Server VM (11.0.10+0-b96-7249189, mixed mode, tiered, compressed oops, g1 gc, windows-amd64)
# No core dump will be written. Minidumps are not enabled by default on client versions of Windows
#

---------------  S U M M A R Y ------------

Command Line: --add-opens=java.base/java.util=ALL-UNNAMED --add-opens=java.base/java.lang=ALL-UNNAMED --add-opens=java.base/java.lang.invoke=ALL-UNNAMED --add-opens=java.base/java.util=ALL-UNNAMED --add-opens=java.prefs/java.util.prefs=ALL-UNNAMED --add-opens=java.prefs/java.util.prefs=ALL-UNNAMED --add-opens=java.base/java.nio.charset=ALL-UNNAMED --add-opens=java.base/java.net=ALL-UNNAMED --add-opens=java.base/java.util.concurrent.atomic=ALL-UNNAMED -Xmx2048m -Dfile.encoding=UTF-8 -Duser.country=ID -Duser.language=en -Duser.variant org.gradle.launcher.daemon.bootstrap.GradleDaemon 7.0.2

Host: Intel(R) Core(TM) i5-8300H CPU @ 2.30GHz, 8 cores, 7G,  Windows 10 , 64 bit Build 22000 (10.0.22000.434)
Time: Wed Mar 30 09:55:32 2022 SE Asia Standard Time elapsed time: 74.332134 seconds (0d 0h 1m 14s)

---------------  T H R E A D  ---------------

Current thread (0x000001d0b86a4000):  JavaThread "C1 CompilerThread0" daemon [_thread_in_native, id=3472, stack(0x0000001911200000,0x0000001911300000)]


Current CompileTask:
C1:  74332 16989 %     3       com.android.tools.r8.ir.regalloc.a::a @ 614 (3985 bytes)

Stack: [0x0000001911200000,0x0000001911300000]
Native frames: (J=compiled Java code, j=interpreted, Vv=VM code, C=native code)
V  [jvm.dll+0x5ecfaa]
V  [jvm.dll+0x722bd5]
V  [jvm.dll+0x72412d]
V  [jvm.dll+0x7247e3]
V  [jvm.dll+0x242928]
V  [jvm.dll+0xbc75b]
V  [jvm.dll+0xbca0c]
V  [jvm.dll+0x1dab25]
V  [jvm.dll+0xc9f99]
V  [jvm.dll+0xda332]
V  [jvm.dll+0x14cf7c]
V  [jvm.dll+0x1483ce]
V  [jvm.dll+0x1470cf]
V  [jvm.dll+0x13ce0b]
V  [jvm.dll+0x13f643]
V  [jvm.dll+0x13f48b]
V  [jvm.dll+0x1235a4]
V  [jvm.dll+0x1232c5]
V  [jvm.dll+0x1233e3]
V  [jvm.dll+0x1226f7]
V  [jvm.dll+0x1242c7]
V  [jvm.dll+0x208ee7]
V  [jvm.dll+0x207731]
V  [jvm.dll+0x6eb1cf]
V  [jvm.dll+0x6e3d45]
V  [jvm.dll+0x5ebe96]
C  [ucrtbase.dll+0x26c0c]
C  [KERNEL32.DLL+0x154e0]
C  [ntdll.dll+0x485b]


---------------  P R O C E S S  ---------------

Threads class SMR info:
_java_thread_list=0x000001d0c105d100, length=71, elements={
0x000001d09b8dd800, 0x000001d0b7ce4800, 0x000001d0b7ce5800, 0x000001d0b8674800,
0x000001d0b8676000, 0x000001d0b8679000, 0x000001d0b8682000, 0x000001d0b86a4000,
0x000001d0b7d0c000, 0x000001d0b87e7000, 0x000001d0ba02d000, 0x000001d0b9be6800,
0x000001d0ba5ff000, 0x000001d0ba1d1800, 0x000001d0ba64d800, 0x000001d0b973f800,
0x000001d0b9568000, 0x000001d0ba748800, 0x000001d0ba944800, 0x000001d0ba946800,
0x000001d0ba947000, 0x000001d0ba949800, 0x000001d0ba94b800, 0x000001d0ba945800,
0x000001d0ba948000, 0x000001d0bba55800, 0x000001d0bba58800, 0x000001d0bba57000,
0x000001d0bba59800, 0x000001d0bba56000, 0x000001d0bba54800, 0x000001d0bba5c000,
0x000001d0bba5d800, 0x000001d0bba5b000, 0x000001d0bba5e800, 0x000001d0bba61800,
0x000001d0bba62800, 0x000001d0ba94a800, 0x000001d0ba949000, 0x000001d0bd20f800,
0x000001d0bd210000, 0x000001d0bd211000, 0x000001d0bd20d800, 0x000001d0bd20e800,
0x000001d0bd20c000, 0x000001d0bd20b800, 0x000001d0bd212800, 0x000001d0bd212000,
0x000001d0bd20d000, 0x000001d0bd214000, 0x000001d0bd218800, 0x000001d0bd219000,
0x000001d0bd215000, 0x000001d0bd216800, 0x000001d0bd216000, 0x000001d0bd213800,
0x000001d0bd21a000, 0x000001d0bd217800, 0x000001d0bba60000, 0x000001d0bf5ae000,
0x000001d0bf5af000, 0x000001d0bf5ac800, 0x000001d0bf5ab000, 0x000001d0bf5ad800,
0x000001d0bf5a9000, 0x000001d0bf5af800, 0x000001d0bcbb4000, 0x000001d0bcbb1800,
0x000001d0bcbb5000, 0x000001d0bcbb2800, 0x000001d0bcbb1000
}

Java Threads: ( => current thread )
  0x000001d09b8dd800 JavaThread "main" [_thread_blocked, id=18224, stack(0x0000001910500000,0x0000001910600000)]
  0x000001d0b7ce4800 JavaThread "Reference Handler" daemon [_thread_blocked, id=4764, stack(0x0000001910c00000,0x0000001910d00000)]
  0x000001d0b7ce5800 JavaThread "Finalizer" daemon [_thread_blocked, id=10020, stack(0x0000001910d00000,0x0000001910e00000)]
  0x000001d0b8674800 JavaThread "Signal Dispatcher" daemon [_thread_blocked, id=5756, stack(0x0000001910e00000,0x0000001910f00000)]
  0x000001d0b8676000 JavaThread "Attach Listener" daemon [_thread_blocked, id=2908, stack(0x0000001910f00000,0x0000001911000000)]
  0x000001d0b8679000 JavaThread "Service Thread" daemon [_thread_blocked, id=9060, stack(0x0000001911000000,0x0000001911100000)]
  0x000001d0b8682000 JavaThread "C2 CompilerThread0" daemon [_thread_in_native, id=12464, stack(0x0000001911100000,0x0000001911200000)]
=>0x000001d0b86a4000 JavaThread "C1 CompilerThread0" daemon [_thread_in_native, id=3472, stack(0x0000001911200000,0x0000001911300000)]
  0x000001d0b7d0c000 JavaThread "Sweeper thread" daemon [_thread_blocked, id=5584, stack(0x0000001911300000,0x0000001911400000)]
  0x000001d0b87e7000 JavaThread "Common-Cleaner" daemon [_thread_blocked, id=16944, stack(0x0000001911400000,0x0000001911500000)]
  0x000001d0ba02d000 JavaThread "Daemon health stats" [_thread_blocked, id=13796, stack(0x0000001911a00000,0x0000001911b00000)]
  0x000001d0b9be6800 JavaThread "Incoming local TCP Connector on port 53221" [_thread_in_native, id=11384, stack(0x0000001911600000,0x0000001911700000)]
  0x000001d0ba5ff000 JavaThread "Daemon periodic checks" [_thread_blocked, id=12684, stack(0x0000001911900000,0x0000001911a00000)]
  0x000001d0ba1d1800 JavaThread "Daemon" [_thread_blocked, id=6996, stack(0x0000001911c00000,0x0000001911d00000)]
  0x000001d0ba64d800 JavaThread "Handler for socket connection from /127.0.0.1:53221 to /127.0.0.1:53222" [_thread_in_native, id=8092, stack(0x0000001911d00000,0x0000001911e00000)]
  0x000001d0b973f800 JavaThread "Cancel handler" [_thread_blocked, id=6848, stack(0x0000001911e00000,0x0000001911f00000)]
  0x000001d0b9568000 JavaThread "Daemon worker" [_thread_blocked, id=17328, stack(0x0000001911f00000,0x0000001912000000)]
  0x000001d0ba748800 JavaThread "Asynchronous log dispatcher for DefaultDaemonConnection: socket connection from /127.0.0.1:53221 to /127.0.0.1:53222" [_thread_blocked, id=2512, stack(0x0000001912100000,0x0000001912200000)]
  0x000001d0ba944800 JavaThread "Daemon client event forwarder" [_thread_blocked, id=6840, stack(0x0000001912300000,0x0000001912400000)]
  0x000001d0ba946800 JavaThread "Cache worker for file hash cache (C:\Users\ASUS\.gradle\caches\7.0.2\fileHashes)" [_thread_blocked, id=11544, stack(0x0000001912000000,0x0000001912100000)]
  0x000001d0ba947000 JavaThread "File lock request listener" [_thread_in_native, id=2456, stack(0x0000001912400000,0x0000001912500000)]
  0x000001d0ba949800 JavaThread "Cache worker for journal cache (C:\Users\ASUS\.gradle\caches\journal-1)" [_thread_blocked, id=5304, stack(0x0000001912a00000,0x0000001912b00000)]
  0x000001d0ba94b800 JavaThread "Cache worker for file hash cache (C:\Users\ASUS\AndroidStudioProjects\gigiibuhamil\.gradle\7.0.2\fileHashes)" [_thread_blocked, id=9136, stack(0x0000001912d00000,0x0000001912e00000)]
  0x000001d0ba945800 JavaThread "File watcher server" daemon [_thread_in_native, id=10384, stack(0x0000001912e00000,0x0000001912f00000)]
  0x000001d0ba948000 JavaThread "File watcher consumer" daemon [_thread_blocked, id=17976, stack(0x0000001912f00000,0x0000001913000000)]
  0x000001d0bba55800 JavaThread "Cache worker for checksums cache (C:\Users\ASUS\AndroidStudioProjects\gigiibuhamil\.gradle\checksums)" [_thread_blocked, id=1532, stack(0x0000001913000000,0x0000001913100000)]
  0x000001d0bba58800 JavaThread "Cache worker for cache directory md-supplier (C:\Users\ASUS\.gradle\caches\7.0.2\md-supplier)" [_thread_blocked, id=15132, stack(0x0000001913100000,0x0000001913200000)]
  0x000001d0bba57000 JavaThread "Cache worker for cache directory md-rule (C:\Users\ASUS\.gradle\caches\7.0.2\md-rule)" [_thread_blocked, id=18392, stack(0x0000001913200000,0x0000001913300000)]
  0x000001d0bba59800 JavaThread "Cache worker for execution history cache (C:\Users\ASUS\.gradle\caches\7.0.2\executionHistory)" [_thread_blocked, id=12952, stack(0x0000001913300000,0x0000001913400000)]
  0x000001d0bba56000 JavaThread "jar transforms" [_thread_blocked, id=684, stack(0x0000001913400000,0x0000001913500000)]
  0x000001d0bba54800 JavaThread "jar transforms Thread 2" [_thread_blocked, id=2408, stack(0x0000001913500000,0x0000001913600000)]
  0x000001d0bba5c000 JavaThread "Cache worker for file content cache (C:\Users\ASUS\.gradle\caches\7.0.2\fileContent)" [_thread_blocked, id=14676, stack(0x0000001913600000,0x0000001913700000)]
  0x000001d0bba5d800 JavaThread "Cache worker for dependencies-accessors (C:\Users\ASUS\AndroidStudioProjects\gigiibuhamil\.gradle\7.0.2\dependencies-accessors)" [_thread_blocked, id=11056, stack(0x0000001913700000,0x0000001913800000)]
  0x000001d0bba5b000 JavaThread "jar transforms Thread 3" [_thread_blocked, id=10592, stack(0x0000001912c00000,0x0000001912d00000)]
  0x000001d0bba5e800 JavaThread "Cache worker for Build Output Cleanup Cache (C:\Users\ASUS\AndroidStudioProjects\gigiibuhamil\.gradle\buildOutputCleanup)" [_thread_blocked, id=4192, stack(0x0000001913800000,0x0000001913900000)]
  0x000001d0bba61800 JavaThread "Build operations" [_thread_blocked, id=14484, stack(0x0000001913900000,0x0000001913a00000)]
  0x000001d0bba62800 JavaThread "Build operations Thread 2" [_thread_in_Java, id=11676, stack(0x0000001913a00000,0x0000001913b00000)]
  0x000001d0ba94a800 JavaThread "Build operations Thread 3" [_thread_in_Java, id=12596, stack(0x0000001913b00000,0x0000001913c00000)]
  0x000001d0ba949000 JavaThread "Build operations Thread 4" [_thread_in_Java, id=17252, stack(0x0000001913c00000,0x0000001913d00000)]
  0x000001d0bd20f800 JavaThread "Build operations Thread 5" [_thread_blocked, id=17544, stack(0x0000001913d00000,0x0000001913e00000)]
  0x000001d0bd210000 JavaThread "Build operations Thread 6" [_thread_in_Java, id=12264, stack(0x0000001913e00000,0x0000001913f00000)]
  0x000001d0bd211000 JavaThread "Build operations Thread 7" [_thread_in_Java, id=5916, stack(0x0000001913f00000,0x0000001914000000)]
  0x000001d0bd20d800 JavaThread "Build operations Thread 8" [_thread_in_Java, id=15192, stack(0x0000001914000000,0x0000001914100000)]
  0x000001d0bd20e800 JavaThread "jar transforms Thread 4" [_thread_blocked, id=13228, stack(0x0000001914100000,0x0000001914200000)]
  0x000001d0bd20c000 JavaThread "jar transforms Thread 5" [_thread_blocked, id=7964, stack(0x0000001914200000,0x0000001914300000)]
  0x000001d0bd20b800 JavaThread "jar transforms Thread 6" [_thread_blocked, id=7456, stack(0x0000001914300000,0x0000001914400000)]
  0x000001d0bd212800 JavaThread "jar transforms Thread 7" [_thread_blocked, id=12396, stack(0x0000001914400000,0x0000001914500000)]
  0x000001d0bd212000 JavaThread "jar transforms Thread 8" [_thread_blocked, id=18036, stack(0x0000001914500000,0x0000001914600000)]
  0x000001d0bd20d000 JavaThread "Memory manager" [_thread_blocked, id=12828, stack(0x0000001912b00000,0x0000001912c00000)]
  0x000001d0bd214000 JavaThread "build event listener" [_thread_blocked, id=12616, stack(0x0000001914600000,0x0000001914700000)]
  0x000001d0bd218800 JavaThread "pool-3-thread-1" [_thread_blocked, id=1684, stack(0x0000001914700000,0x0000001914800000)]
  0x000001d0bd219000 JavaThread "build event listener" [_thread_blocked, id=6948, stack(0x0000001914800000,0x0000001914900000)]
  0x000001d0bd215000 JavaThread "Execution worker for ':'" [_thread_blocked, id=9228, stack(0x0000001914900000,0x0000001914a00000)]
  0x000001d0bd216800 JavaThread "Execution worker for ':' Thread 2" [_thread_blocked, id=3836, stack(0x0000001914a00000,0x0000001914b00000)]
  0x000001d0bd216000 JavaThread "Execution worker for ':' Thread 3" [_thread_blocked, id=12320, stack(0x0000001914b00000,0x0000001914c00000)]
  0x000001d0bd213800 JavaThread "Execution worker for ':' Thread 4" [_thread_blocked, id=1732, stack(0x0000001914c00000,0x0000001914d00000)]
  0x000001d0bd21a000 JavaThread "Execution worker for ':' Thread 5" [_thread_blocked, id=13224, stack(0x0000001914d00000,0x0000001914e00000)]
  0x000001d0bd217800 JavaThread "Execution worker for ':' Thread 6" [_thread_blocked, id=13056, stack(0x0000001914e00000,0x0000001914f00000)]
  0x000001d0bba60000 JavaThread "Execution worker for ':' Thread 7" [_thread_blocked, id=7904, stack(0x0000001914f00000,0x0000001915000000)]
  0x000001d0bf5ae000 JavaThread "Cache worker for execution history cache (C:\Users\ASUS\AndroidStudioProjects\gigiibuhamil\.gradle\7.0.2\executionHistory)" [_thread_blocked, id=6520, stack(0x0000001915000000,0x0000001915100000)]
  0x000001d0bf5af000 JavaThread "WorkerExecutor Queue" [_thread_blocked, id=10856, stack(0x0000001915300000,0x0000001915400000)]
  0x000001d0bf5ac800 JavaThread "WorkerExecutor Queue Thread 2" [_thread_blocked, id=15924, stack(0x0000001915400000,0x0000001915500000)]
  0x000001d0bf5ab000 JavaThread "WorkerExecutor Queue Thread 3" [_thread_blocked, id=14016, stack(0x0000001915600000,0x0000001915700000)]
  0x000001d0bf5ad800 JavaThread "WorkerExecutor Queue Thread 4" [_thread_blocked, id=10296, stack(0x0000001915700000,0x0000001915800000)]
  0x000001d0bf5a9000 JavaThread "WorkerExecutor Queue Thread 5" [_thread_blocked, id=15304, stack(0x0000001915800000,0x0000001915900000)]
  0x000001d0bf5af800 JavaThread "WorkerExecutor Queue Thread 6" [_thread_blocked, id=16236, stack(0x0000001915900000,0x0000001915a00000)]
  0x000001d0bcbb4000 JavaThread "WorkerExecutor Queue Thread 7" [_thread_blocked, id=10992, stack(0x0000001915a00000,0x0000001915b00000)]
  0x000001d0bcbb1800 JavaThread "WorkerExecutor Queue Thread 8" [_thread_blocked, id=18168, stack(0x0000001915b00000,0x0000001915c00000)]
  0x000001d0bcbb5000 JavaThread "pool-4-thread-1" [_thread_blocked, id=14688, stack(0x0000001910200000,0x0000001910300000)]
  0x000001d0bcbb2800 JavaThread "stderr" [_thread_in_native, id=15144, stack(0x0000001910300000,0x0000001910400000)]
  0x000001d0bcbb1000 JavaThread "stdout" [_thread_in_native, id=11472, stack(0x0000001910400000,0x0000001910500000)]

Other Threads:
  0x000001d0b7ce0800 VMThread "VM Thread" [stack: 0x0000001910b00000,0x0000001910c00000] [id=9656]
  0x000001d0b87fe000 WatcherThread [stack: 0x0000001911500000,0x0000001911600000] [id=14112]
  0x000001d09b8f9000 GCTaskThread "GC Thread#0" [stack: 0x0000001910600000,0x0000001910700000] [id=12888]
  0x000001d0b8d40000 GCTaskThread "GC Thread#1" [stack: 0x0000001911700000,0x0000001911800000] [id=3244]
  0x000001d0b8dec800 GCTaskThread "GC Thread#2" [stack: 0x0000001911800000,0x0000001911900000] [id=11036]
  0x000001d0bae7d800 GCTaskThread "GC Thread#3" [stack: 0x0000001911b00000,0x0000001911c00000] [id=17616]
  0x000001d0b99dd000 GCTaskThread "GC Thread#4" [stack: 0x0000001912500000,0x0000001912600000] [id=14188]
  0x000001d0b97f0800 GCTaskThread "GC Thread#5" [stack: 0x0000001912600000,0x0000001912700000] [id=10532]
  0x000001d0b97f1800 GCTaskThread "GC Thread#6" [stack: 0x0000001912700000,0x0000001912800000] [id=15932]
  0x000001d0b882a000 GCTaskThread "GC Thread#7" [stack: 0x0000001912800000,0x0000001912900000] [id=16836]
  0x000001d09b929800 ConcurrentGCThread "G1 Main Marker" [stack: 0x0000001910700000,0x0000001910800000] [id=8240]
  0x000001d09b92b000 ConcurrentGCThread "G1 Conc#0" [stack: 0x0000001910800000,0x0000001910900000] [id=9040]
  0x000001d0b8a06800 ConcurrentGCThread "G1 Conc#1" [stack: 0x0000001912900000,0x0000001912a00000] [id=3884]
  0x000001d09b9be000 ConcurrentGCThread "G1 Refine#0" [stack: 0x0000001910900000,0x0000001910a00000] [id=13016]
  0x000001d0bb8ac000 ConcurrentGCThread "G1 Refine#1" [stack: 0x0000001915500000,0x0000001915600000] [id=7732]
  0x000001d0b7b30800 ConcurrentGCThread "G1 Young RemSet Sampling" [stack: 0x0000001910a00000,0x0000001910b00000] [id=4768]

Threads with active compile tasks:
C2 CompilerThread0  74412 16545 %     4       com.android.tools.r8.internal.U6::a @ 66 (6044 bytes)
C1 CompilerThread0  74412 16989 %     3       com.android.tools.r8.ir.regalloc.a::a @ 614 (3985 bytes)

VM state:not at safepoint (normal execution)

VM Mutex/Monitor currently owned by a thread: None

OutOfMemory and StackOverflow Exception counts:
OutOfMemoryError java_heap_errors=1
LinkageErrors=187

Heap address: 0x0000000080000000, size: 2048 MB, Compressed Oops mode: 32-bit
Narrow klass base: 0x0000000000000000, Narrow klass shift: 3
Compressed class space size: 1073741824 Address: 0x0000000100000000

Heap:
 garbage-first heap   total 270336K, used 196488K [0x0000000080000000, 0x0000000100000000)
  region size 1024K, 69 young (70656K), 7 survivors (7168K)
 Metaspace       used 112872K, capacity 115863K, committed 116044K, reserved 1150976K
  class space    used 14225K, capacity 15385K, committed 15488K, reserved 1048576K
Heap Regions: E=young(eden), S=young(survivor), O=old, HS=humongous(starts), HC=humongous(continues), CS=collection set, F=free, A=archive, TAMS=top-at-mark-start (previous, next)
|   0|0x0000000080000000, 0x0000000080100000, 0x0000000080100000|100%| O|  |TAMS 0x0000000080100000, 0x0000000080000000| Untracked 
|   1|0x0000000080100000, 0x0000000080200000, 0x0000000080200000|100%| O|  |TAMS 0x0000000080200000, 0x0000000080100000| Untracked 
|   2|0x0000000080200000, 0x0000000080300000, 0x0000000080300000|100%| O|  |TAMS 0x0000000080300000, 0x0000000080200000| Untracked 
|   3|0x0000000080300000, 0x0000000080400000, 0x0000000080400000|100%|HS|  |TAMS 0x0000000080400000, 0x0000000080300000| Complete 
|   4|0x0000000080400000, 0x0000000080500000, 0x0000000080500000|100%|HC|  |TAMS 0x0000000080500000, 0x0000000080400000| Complete 
|   5|0x0000000080500000, 0x0000000080600000, 0x0000000080600000|100%|HC|  |TAMS 0x0000000080600000, 0x0000000080500000| Complete 
|   6|0x0000000080600000, 0x0000000080700000, 0x0000000080700000|100%| O|  |TAMS 0x0000000080700000, 0x0000000080600000| Untracked 
|   7|0x0000000080700000, 0x0000000080800000, 0x0000000080800000|100%| O|  |TAMS 0x0000000080800000, 0x0000000080700000| Untracked 
|   8|0x0000000080800000, 0x0000000080900000, 0x0000000080900000|100%| O|  |TAMS 0x0000000080900000, 0x0000000080800000| Untracked 
|   9|0x0000000080900000, 0x0000000080a00000, 0x0000000080a00000|100%| O|  |TAMS 0x0000000080a00000, 0x0000000080900000| Untracked 
|  10|0x0000000080a00000, 0x0000000080b00000, 0x0000000080b00000|100%| O|  |TAMS 0x0000000080b00000, 0x0000000080a00000| Untracked 
|  11|0x0000000080b00000, 0x0000000080c00000, 0x0000000080c00000|100%| O|  |TAMS 0x0000000080c00000, 0x0000000080b00000| Untracked 
|  12|0x0000000080c00000, 0x0000000080d00000, 0x0000000080d00000|100%| O|  |TAMS 0x0000000080d00000, 0x0000000080c00000| Untracked 
|  13|0x0000000080d00000, 0x0000000080e00000, 0x0000000080e00000|100%| O|  |TAMS 0x0000000080e00000, 0x0000000080d00000| Untracked 
|  14|0x0000000080e00000, 0x0000000080f00000, 0x0000000080f00000|100%| O|  |TAMS 0x0000000080f00000, 0x0000000080e00000| Untracked 
|  15|0x0000000080f00000, 0x0000000081000000, 0x0000000081000000|100%|HS|  |TAMS 0x0000000081000000, 0x0000000080f00000| Complete 
|  16|0x0000000081000000, 0x0000000081100000, 0x0000000081100000|100%| O|  |TAMS 0x0000000081100000, 0x0000000081000000| Untracked 
|  17|0x0000000081100000, 0x0000000081200000, 0x0000000081200000|100%| O|  |TAMS 0x0000000081200000, 0x0000000081100000| Untracked 
|  18|0x0000000081200000, 0x0000000081300000, 0x0000000081300000|100%| O|  |TAMS 0x0000000081300000, 0x0000000081200000| Untracked 
|  19|0x0000000081300000, 0x0000000081400000, 0x0000000081400000|100%| O|  |TAMS 0x0000000081400000, 0x0000000081300000| Untracked 
|  20|0x0000000081400000, 0x0000000081500000, 0x0000000081500000|100%| O|  |TAMS 0x0000000081500000, 0x0000000081400000| Untracked 
|  21|0x0000000081500000, 0x0000000081600000, 0x0000000081600000|100%| O|  |TAMS 0x0000000081600000, 0x0000000081500000| Untracked 
|  22|0x0000000081600000, 0x0000000081700000, 0x0000000081700000|100%| O|  |TAMS 0x0000000081700000, 0x0000000081600000| Untracked 
|  23|0x0000000081700000, 0x0000000081800000, 0x0000000081800000|100%|HS|  |TAMS 0x0000000081800000, 0x0000000081700000| Complete 
|  24|0x0000000081800000, 0x0000000081900000, 0x0000000081900000|100%|HS|  |TAMS 0x0000000081900000, 0x0000000081800000| Complete 
|  25|0x0000000081900000, 0x0000000081a00000, 0x0000000081a00000|100%|HS|  |TAMS 0x0000000081a00000, 0x0000000081900000| Complete 
|  26|0x0000000081a00000, 0x0000000081b00000, 0x0000000081b00000|100%|HC|  |TAMS 0x0000000081b00000, 0x0000000081a00000| Complete 
|  27|0x0000000081b00000, 0x0000000081c00000, 0x0000000081c00000|100%|HC|  |TAMS 0x0000000081c00000, 0x0000000081b00000| Complete 
|  28|0x0000000081c00000, 0x0000000081d00000, 0x0000000081d00000|100%|HS|  |TAMS 0x0000000081d00000, 0x0000000081c00000| Complete 
|  29|0x0000000081d00000, 0x0000000081e00000, 0x0000000081e00000|100%|HC|  |TAMS 0x0000000081e00000, 0x0000000081d00000| Complete 
|  30|0x0000000081e00000, 0x0000000081f00000, 0x0000000081f00000|100%| O|  |TAMS 0x0000000081f00000, 0x0000000081e00000| Untracked 
|  31|0x0000000081f00000, 0x0000000082000000, 0x0000000082000000|100%| O|  |TAMS 0x0000000082000000, 0x0000000081f00000| Untracked 
|  32|0x0000000082000000, 0x0000000082100000, 0x0000000082100000|100%| O|  |TAMS 0x0000000082100000, 0x0000000082000000| Untracked 
|  33|0x0000000082100000, 0x0000000082200000, 0x0000000082200000|100%| O|  |TAMS 0x0000000082200000, 0x0000000082100000| Untracked 
|  34|0x0000000082200000, 0x0000000082300000, 0x0000000082300000|100%| O|  |TAMS 0x0000000082300000, 0x0000000082200000| Untracked 
|  35|0x0000000082300000, 0x0000000082400000, 0x0000000082400000|100%| O|  |TAMS 0x0000000082400000, 0x0000000082300000| Untracked 
|  36|0x0000000082400000, 0x0000000082500000, 0x0000000082500000|100%| O|  |TAMS 0x0000000082500000, 0x0000000082400000| Untracked 
|  37|0x0000000082500000, 0x0000000082600000, 0x0000000082600000|100%| O|  |TAMS 0x0000000082600000, 0x0000000082500000| Untracked 
|  38|0x0000000082600000, 0x0000000082700000, 0x0000000082700000|100%| O|  |TAMS 0x0000000082700000, 0x0000000082600000| Untracked 
|  39|0x0000000082700000, 0x0000000082800000, 0x0000000082800000|100%| O|  |TAMS 0x0000000082800000, 0x0000000082700000| Untracked 
|  40|0x0000000082800000, 0x0000000082900000, 0x0000000082900000|100%| O|  |TAMS 0x0000000082900000, 0x0000000082800000| Untracked 
|  41|0x0000000082900000, 0x0000000082a00000, 0x0000000082a00000|100%| O|  |TAMS 0x0000000082a00000, 0x0000000082900000| Untracked 
|  42|0x0000000082a00000, 0x0000000082b00000, 0x0000000082b00000|100%| O|  |TAMS 0x0000000082b00000, 0x0000000082a00000| Untracked 
|  43|0x0000000082b00000, 0x0000000082c00000, 0x0000000082c00000|100%| O|  |TAMS 0x0000000082c00000, 0x0000000082b00000| Untracked 
|  44|0x0000000082c00000, 0x0000000082d00000, 0x0000000082d00000|100%| O|  |TAMS 0x0000000082d00000, 0x0000000082c00000| Untracked 
|  45|0x0000000082d00000, 0x0000000082e00000, 0x0000000082e00000|100%| O|  |TAMS 0x0000000082e00000, 0x0000000082d00000| Untracked 
|  46|0x0000000082e00000, 0x0000000082f00000, 0x0000000082f00000|100%| O|  |TAMS 0x0000000082f00000, 0x0000000082e00000| Untracked 
|  47|0x0000000082f00000, 0x0000000083000000, 0x0000000083000000|100%| O|  |TAMS 0x0000000083000000, 0x0000000082f00000| Untracked 
|  48|0x0000000083000000, 0x0000000083100000, 0x0000000083100000|100%| O|  |TAMS 0x0000000083100000, 0x0000000083000000| Untracked 
|  49|0x0000000083100000, 0x0000000083200000, 0x0000000083200000|100%| O|  |TAMS 0x0000000083200000, 0x0000000083100000| Untracked 
|  50|0x0000000083200000, 0x0000000083300000, 0x0000000083300000|100%| O|  |TAMS 0x0000000083300000, 0x0000000083200000| Untracked 
|  51|0x0000000083300000, 0x0000000083400000, 0x0000000083400000|100%| O|  |TAMS 0x0000000083400000, 0x0000000083300000| Untracked 
|  52|0x0000000083400000, 0x0000000083500000, 0x0000000083500000|100%| O|  |TAMS 0x0000000083500000, 0x0000000083400000| Untracked 
|  53|0x0000000083500000, 0x0000000083600000, 0x0000000083600000|100%| O|  |TAMS 0x0000000083600000, 0x0000000083500000| Untracked 
|  54|0x0000000083600000, 0x0000000083700000, 0x0000000083700000|100%| O|  |TAMS 0x0000000083700000, 0x0000000083600000| Untracked 
|  55|0x0000000083700000, 0x0000000083800000, 0x0000000083800000|100%| O|  |TAMS 0x0000000083800000, 0x0000000083700000| Untracked 
|  56|0x0000000083800000, 0x0000000083900000, 0x0000000083900000|100%| O|  |TAMS 0x0000000083900000, 0x0000000083800000| Untracked 
|  57|0x0000000083900000, 0x0000000083a00000, 0x0000000083a00000|100%| O|  |TAMS 0x0000000083a00000, 0x0000000083900000| Untracked 
|  58|0x0000000083a00000, 0x0000000083b00000, 0x0000000083b00000|100%| O|  |TAMS 0x0000000083b00000, 0x0000000083a00000| Untracked 
|  59|0x0000000083b00000, 0x0000000083c00000, 0x0000000083c00000|100%| O|  |TAMS 0x0000000083c00000, 0x0000000083b00000| Untracked 
|  60|0x0000000083c00000, 0x0000000083d00000, 0x0000000083d00000|100%| O|  |TAMS 0x0000000083d00000, 0x0000000083c00000| Untracked 
|  61|0x0000000083d00000, 0x0000000083e00000, 0x0000000083e00000|100%| O|  |TAMS 0x0000000083e00000, 0x0000000083d00000| Untracked 
|  62|0x0000000083e00000, 0x0000000083f00000, 0x0000000083f00000|100%| O|  |TAMS 0x0000000083f00000, 0x0000000083e00000| Untracked 
|  63|0x0000000083f00000, 0x0000000084000000, 0x0000000084000000|100%| O|  |TAMS 0x0000000084000000, 0x0000000083f00000| Untracked 
|  64|0x0000000084000000, 0x0000000084100000, 0x0000000084100000|100%| O|  |TAMS 0x0000000084100000, 0x0000000084000000| Untracked 
|  65|0x0000000084100000, 0x0000000084200000, 0x0000000084200000|100%| O|  |TAMS 0x0000000084200000, 0x0000000084100000| Untracked 
|  66|0x0000000084200000, 0x0000000084300000, 0x0000000084300000|100%| O|  |TAMS 0x0000000084300000, 0x0000000084200000| Untracked 
|  67|0x0000000084300000, 0x0000000084400000, 0x0000000084400000|100%| O|  |TAMS 0x0000000084400000, 0x0000000084300000| Untracked 
|  68|0x0000000084400000, 0x0000000084500000, 0x0000000084500000|100%| O|  |TAMS 0x0000000084500000, 0x0000000084400000| Untracked 
|  69|0x0000000084500000, 0x0000000084600000, 0x0000000084600000|100%| O|  |TAMS 0x0000000084600000, 0x0000000084500000| Untracked 
|  70|0x0000000084600000, 0x0000000084700000, 0x0000000084700000|100%| O|  |TAMS 0x0000000084700000, 0x0000000084600000| Untracked 
|  71|0x0000000084700000, 0x0000000084800000, 0x0000000084800000|100%| O|  |TAMS 0x0000000084800000, 0x0000000084700000| Untracked 
|  72|0x0000000084800000, 0x0000000084900000, 0x0000000084900000|100%| O|  |TAMS 0x0000000084900000, 0x0000000084800000| Untracked 
|  73|0x0000000084900000, 0x0000000084a00000, 0x0000000084a00000|100%| O|  |TAMS 0x0000000084a00000, 0x0000000084900000| Untracked 
|  74|0x0000000084a00000, 0x0000000084b00000, 0x0000000084b00000|100%| O|  |TAMS 0x0000000084b00000, 0x0000000084a00000| Untracked 
|  75|0x0000000084b00000, 0x0000000084c00000, 0x0000000084c00000|100%| O|  |TAMS 0x0000000084c00000, 0x0000000084b00000| Untracked 
|  76|0x0000000084c00000, 0x0000000084d00000, 0x0000000084d00000|100%| O|  |TAMS 0x0000000084d00000, 0x0000000084c00000| Untracked 
|  77|0x0000000084d00000, 0x0000000084e00000, 0x0000000084e00000|100%| O|  |TAMS 0x0000000084e00000, 0x0000000084d00000| Untracked 
|  78|0x0000000084e00000, 0x0000000084f00000, 0x0000000084f00000|100%| O|  |TAMS 0x0000000084f00000, 0x0000000084e00000| Untracked 
|  79|0x0000000084f00000, 0x0000000085000000, 0x0000000085000000|100%| O|  |TAMS 0x0000000085000000, 0x0000000084f00000| Untracked 
|  80|0x0000000085000000, 0x0000000085100000, 0x0000000085100000|100%| O|  |TAMS 0x0000000085100000, 0x0000000085000000| Untracked 
|  81|0x0000000085100000, 0x0000000085200000, 0x0000000085200000|100%| O|  |TAMS 0x0000000085200000, 0x0000000085100000| Untracked 
|  82|0x0000000085200000, 0x0000000085300000, 0x0000000085300000|100%| O|  |TAMS 0x0000000085300000, 0x0000000085200000| Untracked 
|  83|0x0000000085300000, 0x0000000085400000, 0x0000000085400000|100%| O|  |TAMS 0x0000000085400000, 0x0000000085300000| Untracked 
|  84|0x0000000085400000, 0x0000000085500000, 0x0000000085500000|100%| O|  |TAMS 0x0000000085500000, 0x0000000085400000| Untracked 
|  85|0x0000000085500000, 0x0000000085600000, 0x0000000085600000|100%| O|  |TAMS 0x0000000085600000, 0x0000000085500000| Untracked 
|  86|0x0000000085600000, 0x0000000085700000, 0x0000000085700000|100%| O|  |TAMS 0x0000000085700000, 0x0000000085600000| Untracked 
|  87|0x0000000085700000, 0x0000000085800000, 0x0000000085800000|100%| O|  |TAMS 0x0000000085800000, 0x0000000085700000| Untracked 
|  88|0x0000000085800000, 0x0000000085900000, 0x0000000085900000|100%| O|  |TAMS 0x0000000085800000, 0x0000000085800000| Untracked 
|  89|0x0000000085900000, 0x0000000085a00000, 0x0000000085a00000|100%| O|  |TAMS 0x0000000085a00000, 0x0000000085900000| Untracked 
|  90|0x0000000085a00000, 0x0000000085b00000, 0x0000000085b00000|100%| O|  |TAMS 0x0000000085b00000, 0x0000000085a00000| Untracked 
|  91|0x0000000085b00000, 0x0000000085c00000, 0x0000000085c00000|100%| O|  |TAMS 0x0000000085c00000, 0x0000000085b00000| Untracked 
|  92|0x0000000085c00000, 0x0000000085d00000, 0x0000000085d00000|100%| O|  |TAMS 0x0000000085d00000, 0x0000000085c00000| Untracked 
|  93|0x0000000085d00000, 0x0000000085e00000, 0x0000000085e00000|100%| O|  |TAMS 0x0000000085e00000, 0x0000000085d00000| Untracked 
|  94|0x0000000085e00000, 0x0000000085f00000, 0x0000000085f00000|100%| O|  |TAMS 0x0000000085f00000, 0x0000000085e00000| Untracked 
|  95|0x0000000085f00000, 0x0000000086000000, 0x0000000086000000|100%| O|  |TAMS 0x0000000085f00000, 0x0000000085f00000| Untracked 
|  96|0x0000000086000000, 0x0000000086100000, 0x0000000086100000|100%| O|  |TAMS 0x0000000086100000, 0x0000000086000000| Untracked 
|  97|0x0000000086100000, 0x0000000086200000, 0x0000000086200000|100%| O|  |TAMS 0x0000000086200000, 0x0000000086100000| Untracked 
|  98|0x0000000086200000, 0x0000000086300000, 0x0000000086300000|100%| O|  |TAMS 0x0000000086200000, 0x0000000086200000| Untracked 
|  99|0x0000000086300000, 0x0000000086400000, 0x0000000086400000|100%| O|  |TAMS 0x0000000086300000, 0x0000000086300000| Untracked 
| 100|0x0000000086400000, 0x0000000086500000, 0x0000000086500000|100%| O|  |TAMS 0x0000000086500000, 0x0000000086400000| Untracked 
| 101|0x0000000086500000, 0x0000000086600000, 0x0000000086600000|100%| O|  |TAMS 0x0000000086600000, 0x0000000086500000| Untracked 
| 102|0x0000000086600000, 0x0000000086700000, 0x0000000086700000|100%| O|  |TAMS 0x0000000086700000, 0x0000000086600000| Untracked 
| 103|0x0000000086700000, 0x0000000086800000, 0x0000000086800000|100%| O|  |TAMS 0x0000000086759400, 0x0000000086700000| Untracked 
| 104|0x0000000086800000, 0x0000000086900000, 0x0000000086900000|100%| O|  |TAMS 0x0000000086800000, 0x0000000086800000| Untracked 
| 105|0x0000000086900000, 0x0000000086a00000, 0x0000000086a00000|100%| O|  |TAMS 0x0000000086900000, 0x0000000086900000| Untracked 
| 106|0x0000000086a00000, 0x0000000086b00000, 0x0000000086b00000|100%| O|  |TAMS 0x0000000086a00000, 0x0000000086a00000| Untracked 
| 107|0x0000000086b00000, 0x0000000086c00000, 0x0000000086c00000|100%| O|  |TAMS 0x0000000086b00000, 0x0000000086b00000| Untracked 
| 108|0x0000000086c00000, 0x0000000086d00000, 0x0000000086d00000|100%| O|  |TAMS 0x0000000086c00000, 0x0000000086c00000| Untracked 
| 109|0x0000000086d00000, 0x0000000086e00000, 0x0000000086e00000|100%| O|  |TAMS 0x0000000086d00000, 0x0000000086d00000| Untracked 
| 110|0x0000000086e00000, 0x0000000086f00000, 0x0000000086f00000|100%| O|  |TAMS 0x0000000086e00000, 0x0000000086e00000| Untracked 
| 111|0x0000000086f00000, 0x0000000087000000, 0x0000000087000000|100%| O|  |TAMS 0x0000000086f00000, 0x0000000086f00000| Untracked 
| 112|0x0000000087000000, 0x0000000087100000, 0x0000000087100000|100%| O|  |TAMS 0x0000000087000000, 0x0000000087000000| Untracked 
| 113|0x0000000087100000, 0x0000000087200000, 0x0000000087200000|100%| O|  |TAMS 0x0000000087100000, 0x0000000087100000| Untracked 
| 114|0x0000000087200000, 0x0000000087300000, 0x0000000087300000|100%| O|  |TAMS 0x0000000087200000, 0x0000000087200000| Untracked 
| 115|0x0000000087300000, 0x0000000087400000, 0x0000000087400000|100%| O|  |TAMS 0x0000000087300000, 0x0000000087300000| Untracked 
| 116|0x0000000087400000, 0x0000000087500000, 0x0000000087500000|100%| O|  |TAMS 0x0000000087400000, 0x0000000087400000| Untracked 
| 117|0x0000000087500000, 0x0000000087600000, 0x0000000087600000|100%| O|  |TAMS 0x0000000087500000, 0x0000000087500000| Untracked 
| 118|0x0000000087600000, 0x0000000087700000, 0x0000000087700000|100%| O|  |TAMS 0x0000000087600000, 0x0000000087600000| Untracked 
| 119|0x0000000087700000, 0x0000000087800000, 0x0000000087800000|100%| O|  |TAMS 0x0000000087700000, 0x0000000087700000| Untracked 
| 120|0x0000000087800000, 0x0000000087900000, 0x0000000087900000|100%| O|  |TAMS 0x0000000087800000, 0x0000000087800000| Untracked 
| 121|0x0000000087900000, 0x0000000087a00000, 0x0000000087a00000|100%| O|  |TAMS 0x0000000087900000, 0x0000000087900000| Untracked 
| 122|0x0000000087a00000, 0x0000000087b00000, 0x0000000087b00000|100%| O|  |TAMS 0x0000000087a00000, 0x0000000087a00000| Untracked 
| 123|0x0000000087b00000, 0x0000000087b73200, 0x0000000087c00000| 44%| O|  |TAMS 0x0000000087b00000, 0x0000000087b00000| Untracked 
| 124|0x0000000087c00000, 0x0000000087d00000, 0x0000000087d00000|100%|HS|  |TAMS 0x0000000087c00000, 0x0000000087c00000| Complete 
| 125|0x0000000087d00000, 0x0000000087d00000, 0x0000000087e00000|  0%| F|  |TAMS 0x0000000087d00000, 0x0000000087d00000| Untracked 
| 126|0x0000000087e00000, 0x0000000087e00000, 0x0000000087f00000|  0%| F|  |TAMS 0x0000000087e00000, 0x0000000087e00000| Untracked 
| 127|0x0000000087f00000, 0x0000000088000000, 0x0000000088000000|100%| O|  |TAMS 0x0000000088000000, 0x0000000087f00000| Untracked 
| 128|0x0000000088000000, 0x0000000088000000, 0x0000000088100000|  0%| F|  |TAMS 0x0000000088000000, 0x0000000088000000| Untracked 
| 129|0x0000000088100000, 0x0000000088100000, 0x0000000088200000|  0%| F|  |TAMS 0x0000000088100000, 0x0000000088100000| Untracked 
| 130|0x0000000088200000, 0x0000000088200000, 0x0000000088300000|  0%| F|  |TAMS 0x0000000088200000, 0x0000000088200000| Untracked 
| 131|0x0000000088300000, 0x0000000088300000, 0x0000000088400000|  0%| F|  |TAMS 0x0000000088300000, 0x0000000088300000| Untracked 
| 132|0x0000000088400000, 0x0000000088400000, 0x0000000088500000|  0%| F|  |TAMS 0x0000000088400000, 0x0000000088400000| Untracked 
| 133|0x0000000088500000, 0x0000000088500000, 0x0000000088600000|  0%| F|  |TAMS 0x0000000088500000, 0x0000000088500000| Untracked 
| 134|0x0000000088600000, 0x0000000088600000, 0x0000000088700000|  0%| F|  |TAMS 0x0000000088600000, 0x0000000088600000| Untracked 
| 135|0x0000000088700000, 0x0000000088700000, 0x0000000088800000|  0%| F|  |TAMS 0x0000000088700000, 0x0000000088700000| Untracked 
| 136|0x0000000088800000, 0x0000000088800000, 0x0000000088900000|  0%| F|  |TAMS 0x0000000088800000, 0x0000000088800000| Untracked 
| 137|0x0000000088900000, 0x0000000088900000, 0x0000000088a00000|  0%| F|  |TAMS 0x0000000088900000, 0x0000000088900000| Untracked 
| 138|0x0000000088a00000, 0x0000000088a00000, 0x0000000088b00000|  0%| F|  |TAMS 0x0000000088a00000, 0x0000000088a00000| Untracked 
| 139|0x0000000088b00000, 0x0000000088b00000, 0x0000000088c00000|  0%| F|  |TAMS 0x0000000088b00000, 0x0000000088b00000| Untracked 
| 140|0x0000000088c00000, 0x0000000088c00000, 0x0000000088d00000|  0%| F|  |TAMS 0x0000000088c00000, 0x0000000088c00000| Untracked 
| 141|0x0000000088d00000, 0x0000000088d00000, 0x0000000088e00000|  0%| F|  |TAMS 0x0000000088d00000, 0x0000000088d00000| Untracked 
| 142|0x0000000088e00000, 0x0000000088e00000, 0x0000000088f00000|  0%| F|  |TAMS 0x0000000088e00000, 0x0000000088e00000| Untracked 
| 143|0x0000000088f00000, 0x0000000088f00000, 0x0000000089000000|  0%| F|  |TAMS 0x0000000088f00000, 0x0000000088f00000| Untracked 
| 144|0x0000000089000000, 0x0000000089000000, 0x0000000089100000|  0%| F|  |TAMS 0x0000000089000000, 0x0000000089000000| Untracked 
| 145|0x0000000089100000, 0x0000000089100000, 0x0000000089200000|  0%| F|  |TAMS 0x0000000089100000, 0x0000000089100000| Untracked 
| 146|0x0000000089200000, 0x0000000089200000, 0x0000000089300000|  0%| F|  |TAMS 0x0000000089200000, 0x0000000089200000| Untracked 
| 147|0x0000000089300000, 0x0000000089300000, 0x0000000089400000|  0%| F|  |TAMS 0x0000000089300000, 0x0000000089300000| Untracked 
| 148|0x0000000089400000, 0x0000000089400000, 0x0000000089500000|  0%| F|  |TAMS 0x0000000089400000, 0x0000000089400000| Untracked 
| 149|0x0000000089500000, 0x0000000089500000, 0x0000000089600000|  0%| F|  |TAMS 0x0000000089500000, 0x0000000089500000| Untracked 
| 150|0x0000000089600000, 0x0000000089600000, 0x0000000089700000|  0%| F|  |TAMS 0x0000000089600000, 0x0000000089600000| Untracked 
| 151|0x0000000089700000, 0x0000000089700000, 0x0000000089800000|  0%| F|  |TAMS 0x0000000089700000, 0x0000000089700000| Untracked 
| 152|0x0000000089800000, 0x0000000089800000, 0x0000000089900000|  0%| F|  |TAMS 0x0000000089800000, 0x0000000089800000| Untracked 
| 153|0x0000000089900000, 0x0000000089900000, 0x0000000089a00000|  0%| F|  |TAMS 0x0000000089900000, 0x0000000089900000| Untracked 
| 154|0x0000000089a00000, 0x0000000089a00000, 0x0000000089b00000|  0%| F|  |TAMS 0x0000000089a00000, 0x0000000089a00000| Untracked 
| 155|0x0000000089b00000, 0x0000000089b00000, 0x0000000089c00000|  0%| F|  |TAMS 0x0000000089b00000, 0x0000000089b00000| Untracked 
| 156|0x0000000089c00000, 0x0000000089c00000, 0x0000000089d00000|  0%| F|  |TAMS 0x0000000089c00000, 0x0000000089c00000| Untracked 
| 157|0x0000000089d00000, 0x0000000089d00000, 0x0000000089e00000|  0%| F|  |TAMS 0x0000000089d00000, 0x0000000089d00000| Untracked 
| 158|0x0000000089e00000, 0x0000000089e00000, 0x0000000089f00000|  0%| F|  |TAMS 0x0000000089e00000, 0x0000000089e00000| Untracked 
| 159|0x0000000089f00000, 0x0000000089f00000, 0x000000008a000000|  0%| F|  |TAMS 0x0000000089f00000, 0x0000000089f00000| Untracked 
| 160|0x000000008a000000, 0x000000008a000000, 0x000000008a100000|  0%| F|  |TAMS 0x000000008a000000, 0x000000008a000000| Untracked 
| 161|0x000000008a100000, 0x000000008a100000, 0x000000008a200000|  0%| F|  |TAMS 0x000000008a100000, 0x000000008a100000| Untracked 
| 162|0x000000008a200000, 0x000000008a200000, 0x000000008a300000|  0%| F|  |TAMS 0x000000008a200000, 0x000000008a200000| Untracked 
| 163|0x000000008a300000, 0x000000008a300000, 0x000000008a400000|  0%| F|  |TAMS 0x000000008a300000, 0x000000008a300000| Untracked 
| 164|0x000000008a400000, 0x000000008a400000, 0x000000008a500000|  0%| F|  |TAMS 0x000000008a400000, 0x000000008a400000| Untracked 
| 165|0x000000008a500000, 0x000000008a500000, 0x000000008a600000|  0%| F|  |TAMS 0x000000008a500000, 0x000000008a500000| Untracked 
| 166|0x000000008a600000, 0x000000008a600000, 0x000000008a700000|  0%| F|  |TAMS 0x000000008a600000, 0x000000008a600000| Untracked 
| 167|0x000000008a700000, 0x000000008a700000, 0x000000008a800000|  0%| F|  |TAMS 0x000000008a700000, 0x000000008a700000| Untracked 
| 168|0x000000008a800000, 0x000000008a800000, 0x000000008a900000|  0%| F|  |TAMS 0x000000008a800000, 0x000000008a800000| Untracked 
| 169|0x000000008a900000, 0x000000008a900000, 0x000000008aa00000|  0%| F|  |TAMS 0x000000008a900000, 0x000000008a900000| Untracked 
| 170|0x000000008aa00000, 0x000000008aa00000, 0x000000008ab00000|  0%| F|  |TAMS 0x000000008aa00000, 0x000000008aa00000| Untracked 
| 171|0x000000008ab00000, 0x000000008ab00000, 0x000000008ac00000|  0%| F|  |TAMS 0x000000008ab00000, 0x000000008ab00000| Untracked 
| 172|0x000000008ac00000, 0x000000008ac00000, 0x000000008ad00000|  0%| F|  |TAMS 0x000000008ac00000, 0x000000008ac00000| Untracked 
| 173|0x000000008ad00000, 0x000000008ad00000, 0x000000008ae00000|  0%| F|  |TAMS 0x000000008ad00000, 0x000000008ad00000| Untracked 
| 174|0x000000008ae00000, 0x000000008ae00000, 0x000000008af00000|  0%| F|  |TAMS 0x000000008ae00000, 0x000000008ae00000| Untracked 
| 175|0x000000008af00000, 0x000000008af00000, 0x000000008b000000|  0%| F|  |TAMS 0x000000008af00000, 0x000000008af00000| Untracked 
| 176|0x000000008b000000, 0x000000008b000000, 0x000000008b100000|  0%| F|  |TAMS 0x000000008b000000, 0x000000008b000000| Untracked 
| 177|0x000000008b100000, 0x000000008b100000, 0x000000008b200000|  0%| F|  |TAMS 0x000000008b100000, 0x000000008b100000| Untracked 
| 178|0x000000008b200000, 0x000000008b200000, 0x000000008b300000|  0%| F|  |TAMS 0x000000008b200000, 0x000000008b200000| Untracked 
| 179|0x000000008b300000, 0x000000008b300000, 0x000000008b400000|  0%| F|  |TAMS 0x000000008b300000, 0x000000008b300000| Untracked 
| 180|0x000000008b400000, 0x000000008b400000, 0x000000008b500000|  0%| F|  |TAMS 0x000000008b400000, 0x000000008b400000| Untracked 
| 181|0x000000008b500000, 0x000000008b56ef10, 0x000000008b600000| 43%| S|CS|TAMS 0x000000008b500000, 0x000000008b500000| Complete 
| 182|0x000000008b600000, 0x000000008b700000, 0x000000008b700000|100%| S|CS|TAMS 0x000000008b600000, 0x000000008b600000| Complete 
| 183|0x000000008b700000, 0x000000008b800000, 0x000000008b800000|100%| S|CS|TAMS 0x000000008b700000, 0x000000008b700000| Complete 
| 184|0x000000008b800000, 0x000000008b900000, 0x000000008b900000|100%| S|CS|TAMS 0x000000008b800000, 0x000000008b800000| Complete 
| 185|0x000000008b900000, 0x000000008ba00000, 0x000000008ba00000|100%| S|CS|TAMS 0x000000008b900000, 0x000000008b900000| Complete 
| 186|0x000000008ba00000, 0x000000008bb00000, 0x000000008bb00000|100%| S|CS|TAMS 0x000000008ba00000, 0x000000008ba00000| Complete 
| 187|0x000000008bb00000, 0x000000008bc00000, 0x000000008bc00000|100%| S|CS|TAMS 0x000000008bb00000, 0x000000008bb00000| Complete 
| 188|0x000000008bc00000, 0x000000008bc00000, 0x000000008bd00000|  0%| F|  |TAMS 0x000000008bc00000, 0x000000008bc00000| Untracked 
| 189|0x000000008bd00000, 0x000000008bd00000, 0x000000008be00000|  0%| F|  |TAMS 0x000000008bd00000, 0x000000008bd00000| Untracked 
| 190|0x000000008be00000, 0x000000008be00000, 0x000000008bf00000|  0%| F|  |TAMS 0x000000008be00000, 0x000000008be00000| Untracked 
| 191|0x000000008bf00000, 0x000000008bf00000, 0x000000008c000000|  0%| F|  |TAMS 0x000000008bf00000, 0x000000008bf00000| Untracked 
| 192|0x000000008c000000, 0x000000008c000000, 0x000000008c100000|  0%| F|  |TAMS 0x000000008c000000, 0x000000008c000000| Untracked 
| 193|0x000000008c100000, 0x000000008c100000, 0x000000008c200000|  0%| F|  |TAMS 0x000000008c100000, 0x000000008c100000| Untracked 
| 194|0x000000008c200000, 0x000000008c200000, 0x000000008c300000|  0%| F|  |TAMS 0x000000008c200000, 0x000000008c200000| Untracked 
| 195|0x000000008c300000, 0x000000008c300000, 0x000000008c400000|  0%| F|  |TAMS 0x000000008c300000, 0x000000008c300000| Untracked 
| 196|0x000000008c400000, 0x000000008c400000, 0x000000008c500000|  0%| F|  |TAMS 0x000000008c400000, 0x000000008c400000| Untracked 
| 197|0x000000008c500000, 0x000000008c500000, 0x000000008c600000|  0%| F|  |TAMS 0x000000008c500000, 0x000000008c500000| Untracked 
| 198|0x000000008c600000, 0x000000008c600000, 0x000000008c700000|  0%| F|  |TAMS 0x000000008c600000, 0x000000008c600000| Untracked 
| 199|0x000000008c700000, 0x000000008c700000, 0x000000008c800000|  0%| F|  |TAMS 0x000000008c700000, 0x000000008c700000| Untracked 
| 200|0x000000008c800000, 0x000000008c800000, 0x000000008c900000|  0%| F|  |TAMS 0x000000008c800000, 0x000000008c800000| Untracked 
| 201|0x000000008c900000, 0x000000008c915ea8, 0x000000008ca00000|  8%| E|  |TAMS 0x000000008c900000, 0x000000008c900000| Complete 
| 202|0x000000008ca00000, 0x000000008cb00000, 0x000000008cb00000|100%| E|CS|TAMS 0x000000008ca00000, 0x000000008ca00000| Complete 
| 203|0x000000008cb00000, 0x000000008cc00000, 0x000000008cc00000|100%| E|CS|TAMS 0x000000008cb00000, 0x000000008cb00000| Complete 
| 204|0x000000008cc00000, 0x000000008cd00000, 0x000000008cd00000|100%| E|CS|TAMS 0x000000008cc00000, 0x000000008cc00000| Complete 
| 205|0x000000008cd00000, 0x000000008ce00000, 0x000000008ce00000|100%| E|CS|TAMS 0x000000008cd00000, 0x000000008cd00000| Complete 
| 206|0x000000008ce00000, 0x000000008cf00000, 0x000000008cf00000|100%| E|CS|TAMS 0x000000008ce00000, 0x000000008ce00000| Complete 
| 207|0x000000008cf00000, 0x000000008d000000, 0x000000008d000000|100%| E|CS|TAMS 0x000000008cf00000, 0x000000008cf00000| Complete 
| 208|0x000000008d000000, 0x000000008d100000, 0x000000008d100000|100%| E|  |TAMS 0x000000008d000000, 0x000000008d000000| Complete 
| 209|0x000000008d100000, 0x000000008d200000, 0x000000008d200000|100%| E|CS|TAMS 0x000000008d100000, 0x000000008d100000| Complete 
| 210|0x000000008d200000, 0x000000008d300000, 0x000000008d300000|100%| E|CS|TAMS 0x000000008d200000, 0x000000008d200000| Complete 
| 211|0x000000008d300000, 0x000000008d400000, 0x000000008d400000|100%| E|CS|TAMS 0x000000008d300000, 0x000000008d300000| Complete 
| 212|0x000000008d400000, 0x000000008d500000, 0x000000008d500000|100%| E|CS|TAMS 0x000000008d400000, 0x000000008d400000| Complete 
| 213|0x000000008d500000, 0x000000008d600000, 0x000000008d600000|100%| E|CS|TAMS 0x000000008d500000, 0x000000008d500000| Complete 
| 214|0x000000008d600000, 0x000000008d700000, 0x000000008d700000|100%| E|CS|TAMS 0x000000008d600000, 0x000000008d600000| Complete 
| 215|0x000000008d700000, 0x000000008d800000, 0x000000008d800000|100%| E|CS|TAMS 0x000000008d700000, 0x000000008d700000| Complete 
| 216|0x000000008d800000, 0x000000008d900000, 0x000000008d900000|100%| E|CS|TAMS 0x000000008d800000, 0x000000008d800000| Complete 
| 217|0x000000008d900000, 0x000000008da00000, 0x000000008da00000|100%| E|CS|TAMS 0x000000008d900000, 0x000000008d900000| Complete 
| 218|0x000000008da00000, 0x000000008db00000, 0x000000008db00000|100%| E|CS|TAMS 0x000000008da00000, 0x000000008da00000| Complete 
| 219|0x000000008db00000, 0x000000008dc00000, 0x000000008dc00000|100%| E|CS|TAMS 0x000000008db00000, 0x000000008db00000| Complete 
| 220|0x000000008dc00000, 0x000000008dd00000, 0x000000008dd00000|100%| E|CS|TAMS 0x000000008dc00000, 0x000000008dc00000| Complete 
| 221|0x000000008dd00000, 0x000000008de00000, 0x000000008de00000|100%| E|CS|TAMS 0x000000008dd00000, 0x000000008dd00000| Complete 
| 222|0x000000008de00000, 0x000000008df00000, 0x000000008df00000|100%| E|CS|TAMS 0x000000008de00000, 0x000000008de00000| Complete 
| 223|0x000000008df00000, 0x000000008e000000, 0x000000008e000000|100%| E|CS|TAMS 0x000000008df00000, 0x000000008df00000| Complete 
| 224|0x000000008e000000, 0x000000008e100000, 0x000000008e100000|100%| E|CS|TAMS 0x000000008e000000, 0x000000008e000000| Complete 
| 225|0x000000008e100000, 0x000000008e200000, 0x000000008e200000|100%| E|CS|TAMS 0x000000008e100000, 0x000000008e100000| Complete 
| 226|0x000000008e200000, 0x000000008e300000, 0x000000008e300000|100%| E|CS|TAMS 0x000000008e200000, 0x000000008e200000| Complete 
| 227|0x000000008e300000, 0x000000008e400000, 0x000000008e400000|100%| E|CS|TAMS 0x000000008e300000, 0x000000008e300000| Complete 
| 228|0x000000008e400000, 0x000000008e500000, 0x000000008e500000|100%| E|CS|TAMS 0x000000008e400000, 0x000000008e400000| Complete 
| 229|0x000000008e500000, 0x000000008e600000, 0x000000008e600000|100%| E|CS|TAMS 0x000000008e500000, 0x000000008e500000| Complete 
| 230|0x000000008e600000, 0x000000008e700000, 0x000000008e700000|100%| E|CS|TAMS 0x000000008e600000, 0x000000008e600000| Complete 
| 231|0x000000008e700000, 0x000000008e800000, 0x000000008e800000|100%| E|CS|TAMS 0x000000008e700000, 0x000000008e700000| Complete 
| 232|0x000000008e800000, 0x000000008e900000, 0x000000008e900000|100%| E|CS|TAMS 0x000000008e800000, 0x000000008e800000| Complete 
| 233|0x000000008e900000, 0x000000008ea00000, 0x000000008ea00000|100%| E|CS|TAMS 0x000000008e900000, 0x000000008e900000| Complete 
| 234|0x000000008ea00000, 0x000000008eb00000, 0x000000008eb00000|100%| E|CS|TAMS 0x000000008ea00000, 0x000000008ea00000| Complete 
| 235|0x000000008eb00000, 0x000000008ec00000, 0x000000008ec00000|100%| E|CS|TAMS 0x000000008eb00000, 0x000000008eb00000| Complete 
| 236|0x000000008ec00000, 0x000000008ed00000, 0x000000008ed00000|100%| E|CS|TAMS 0x000000008ec00000, 0x000000008ec00000| Complete 
| 237|0x000000008ed00000, 0x000000008ee00000, 0x000000008ee00000|100%| E|CS|TAMS 0x000000008ed00000, 0x000000008ed00000| Complete 
| 238|0x000000008ee00000, 0x000000008ef00000, 0x000000008ef00000|100%| E|CS|TAMS 0x000000008ee00000, 0x000000008ee00000| Complete 
| 239|0x000000008ef00000, 0x000000008f000000, 0x000000008f000000|100%| E|CS|TAMS 0x000000008ef00000, 0x000000008ef00000| Complete 
| 240|0x000000008f000000, 0x000000008f100000, 0x000000008f100000|100%| E|CS|TAMS 0x000000008f000000, 0x000000008f000000| Complete 
| 241|0x000000008f100000, 0x000000008f200000, 0x000000008f200000|100%| E|CS|TAMS 0x000000008f100000, 0x000000008f100000| Complete 
| 242|0x000000008f200000, 0x000000008f300000, 0x000000008f300000|100%| E|CS|TAMS 0x000000008f200000, 0x000000008f200000| Complete 
| 243|0x000000008f300000, 0x000000008f400000, 0x000000008f400000|100%| E|CS|TAMS 0x000000008f300000, 0x000000008f300000| Complete 
| 244|0x000000008f400000, 0x000000008f500000, 0x000000008f500000|100%| E|CS|TAMS 0x000000008f400000, 0x000000008f400000| Complete 
| 245|0x000000008f500000, 0x000000008f600000, 0x000000008f600000|100%| E|CS|TAMS 0x000000008f500000, 0x000000008f500000| Complete 
| 246|0x000000008f600000, 0x000000008f700000, 0x000000008f700000|100%| E|CS|TAMS 0x000000008f600000, 0x000000008f600000| Complete 
| 247|0x000000008f700000, 0x000000008f800000, 0x000000008f800000|100%| E|CS|TAMS 0x000000008f700000, 0x000000008f700000| Complete 
| 248|0x000000008f800000, 0x000000008f900000, 0x000000008f900000|100%| E|CS|TAMS 0x000000008f800000, 0x000000008f800000| Complete 
| 249|0x000000008f900000, 0x000000008fa00000, 0x000000008fa00000|100%| E|CS|TAMS 0x000000008f900000, 0x000000008f900000| Complete 
| 250|0x000000008fa00000, 0x000000008fb00000, 0x000000008fb00000|100%| E|CS|TAMS 0x000000008fa00000, 0x000000008fa00000| Complete 
| 251|0x000000008fb00000, 0x000000008fc00000, 0x000000008fc00000|100%| E|CS|TAMS 0x000000008fb00000, 0x000000008fb00000| Complete 
| 252|0x000000008fc00000, 0x000000008fd00000, 0x000000008fd00000|100%| E|CS|TAMS 0x000000008fc00000, 0x000000008fc00000| Complete 
| 253|0x000000008fd00000, 0x000000008fe00000, 0x000000008fe00000|100%| E|CS|TAMS 0x000000008fd00000, 0x000000008fd00000| Complete 
| 254|0x000000008fe00000, 0x000000008ff00000, 0x000000008ff00000|100%| E|CS|TAMS 0x000000008fe00000, 0x000000008fe00000| Complete 
| 255|0x000000008ff00000, 0x0000000090000000, 0x0000000090000000|100%| E|CS|TAMS 0x000000008ff00000, 0x000000008ff00000| Complete 
| 256|0x0000000090000000, 0x0000000090100000, 0x0000000090100000|100%| E|CS|TAMS 0x0000000090000000, 0x0000000090000000| Complete 
| 257|0x0000000090100000, 0x0000000090200000, 0x0000000090200000|100%| E|CS|TAMS 0x0000000090100000, 0x0000000090100000| Complete 
| 258|0x0000000090200000, 0x0000000090300000, 0x0000000090300000|100%| E|CS|TAMS 0x0000000090200000, 0x0000000090200000| Complete 
| 259|0x0000000090300000, 0x0000000090400000, 0x0000000090400000|100%| E|CS|TAMS 0x0000000090300000, 0x0000000090300000| Complete 
| 260|0x0000000090400000, 0x0000000090500000, 0x0000000090500000|100%| E|CS|TAMS 0x0000000090400000, 0x0000000090400000| Complete 
| 261|0x0000000090500000, 0x0000000090600000, 0x0000000090600000|100%| E|CS|TAMS 0x0000000090500000, 0x0000000090500000| Complete 
| 262|0x0000000090600000, 0x0000000090700000, 0x0000000090700000|100%| E|CS|TAMS 0x0000000090600000, 0x0000000090600000| Complete 
| 263|0x0000000090700000, 0x0000000090800000, 0x0000000090800000|100%| E|CS|TAMS 0x0000000090700000, 0x0000000090700000| Complete 

Card table byte_map: [0x000001d0b0a10000,0x000001d0b0e10000] _byte_map_base: 0x000001d0b0610000

Marking Bits (Prev, Next): (CMBitMap*) 0x000001d09b920df0, (CMBitMap*) 0x000001d09b920db8
 Prev Bits: [0x000001d0b3210000, 0x000001d0b5210000)
 Next Bits: [0x000001d0b1210000, 0x000001d0b3210000)

Polling page: 0x000001d09b7a0000

Metaspace:

Usage:
  Non-class:     98.12 MB capacity,    96.34 MB ( 98%) used,     1.44 MB (  1%) free+waste,   359.63 KB ( <1%) overhead. 
      Class:     15.02 MB capacity,    13.89 MB ( 92%) used,   996.92 KB (  6%) free+waste,   162.56 KB (  1%) overhead. 
       Both:    113.15 MB capacity,   110.23 MB ( 97%) used,     2.41 MB (  2%) free+waste,   522.19 KB ( <1%) overhead. 

Virtual space:
  Non-class space:      100.00 MB reserved,      98.20 MB ( 98%) committed 
      Class space:        1.00 GB reserved,      15.13 MB (  1%) committed 
             Both:        1.10 GB reserved,     113.32 MB ( 10%) committed 

Chunk freelists:
   Non-Class:  14.00 KB
       Class:  7.00 KB
        Both:  21.00 KB

MaxMetaspaceSize: 17179869184.00 GB
CompressedClassSpaceSize: 1.00 GB

CodeHeap 'non-profiled nmethods': size=120000Kb used=8401Kb max_used=8401Kb free=111598Kb
 bounds [0x000001d0a8670000, 0x000001d0a8eb0000, 0x000001d0afba0000]
CodeHeap 'profiled nmethods': size=120000Kb used=36489Kb max_used=36489Kb free=83510Kb
 bounds [0x000001d0a1140000, 0x000001d0a34f0000, 0x000001d0a8670000]
CodeHeap 'non-nmethods': size=5760Kb used=2321Kb max_used=2354Kb free=3439Kb
 bounds [0x000001d0a0ba0000, 0x000001d0a0e10000, 0x000001d0a1140000]
 total_blobs=17417 nmethods=16481 adapters=846
 compilation: enabled
              stopped_count=0, restarted_count=0
 full_count=0

Compilation events (20 events):
Event: 74.248 Thread 0x000001d0b86a4000 nmethod 16969 0x000001d0a34d8690 code [0x000001d0a34d8ae0, 0x000001d0a34da718]
Event: 74.248 Thread 0x000001d0b86a4000 16970       2       com.android.tools.r8.internal.Me::a (128 bytes)
Event: 74.249 Thread 0x000001d0b86a4000 nmethod 16970 0x000001d0a34dba10 code [0x000001d0a34dbc60, 0x000001d0a34dc258]
Event: 74.250 Thread 0x000001d0b86a4000 16964       2       java.util.HashMap$Node::setValue (12 bytes)
Event: 74.250 Thread 0x000001d0b86a4000 nmethod 16964 0x000001d0a34dc690 code [0x000001d0a34dc840, 0x000001d0a34dc998]
Event: 74.250 Thread 0x000001d0b86a4000 16963       2       com.android.tools.r8.internal.i2::a (12 bytes)
Event: 74.250 Thread 0x000001d0b86a4000 nmethod 16963 0x000001d0a34dca10 code [0x000001d0a34dcbc0, 0x000001d0a34dcce8]
Event: 74.250 Thread 0x000001d0b86a4000 16975       2       com.android.tools.r8.internal.Rz::<init> (89 bytes)
Event: 74.251 Thread 0x000001d0b86a4000 nmethod 16975 0x000001d0a34dcd90 code [0x000001d0a34dcfc0, 0x000001d0a34dd578]
Event: 74.251 Thread 0x000001d0b86a4000 16974       2       com.android.tools.r8.internal.m4::b (87 bytes)
Event: 74.252 Thread 0x000001d0b86a4000 nmethod 16974 0x000001d0a34dd790 code [0x000001d0a34dd9c0, 0x000001d0a34de018]
Event: 74.252 Thread 0x000001d0b86a4000 16967       2       com.android.tools.r8.internal.Xi::a (220 bytes)
Event: 74.254 Thread 0x000001d0b86a4000 nmethod 16967 0x000001d0a34de310 code [0x000001d0a34de600, 0x000001d0a34df468]
Event: 74.254 Thread 0x000001d0b86a4000 16982       2       com.android.tools.r8.internal.X4::a (366 bytes)
Event: 74.256 Thread 0x000001d0b86a4000 nmethod 16982 0x000001d0a34dfb10 code [0x000001d0a34dff20, 0x000001d0a34e0f38]
Event: 74.256 Thread 0x000001d0b86a4000 16971       2       com.android.tools.r8.internal.Me::a (126 bytes)
Event: 74.257 Thread 0x000001d0b86a4000 nmethod 16971 0x000001d0a34e1810 code [0x000001d0a34e1a20, 0x000001d0a34e1f58]
Event: 74.258 Thread 0x000001d0b86a4000 16986       2       com.android.tools.r8.internal.uc::b (36 bytes)
Event: 74.258 Thread 0x000001d0b86a4000 nmethod 16986 0x000001d0a34e2290 code [0x000001d0a34e2480, 0x000001d0a34e2658]
Event: 74.258 Thread 0x000001d0b86a4000 16989 %     3       com.android.tools.r8.ir.regalloc.a::a @ 614 (3985 bytes)

GC Heap History (20 events):
Event: 57.466 GC heap before
{Heap before GC invocations=48 (full 0):
 garbage-first heap   total 225280K, used 171271K [0x0000000080000000, 0x0000000100000000)
  region size 1024K, 55 young (56320K), 7 survivors (7168K)
 Metaspace       used 95785K, capacity 97960K, committed 98252K, reserved 1134592K
  class space    used 11880K, capacity 12716K, committed 12800K, reserved 1048576K
}
Event: 57.480 GC heap after
{Heap after GC invocations=49 (full 0):
 garbage-first heap   total 225280K, used 110931K [0x0000000080000000, 0x0000000100000000)
  region size 1024K, 4 young (4096K), 4 survivors (4096K)
 Metaspace       used 95785K, capacity 97960K, committed 98252K, reserved 1134592K
  class space    used 11880K, capacity 12716K, committed 12800K, reserved 1048576K
}
Event: 57.930 GC heap before
{Heap before GC invocations=49 (full 0):
 garbage-first heap   total 225280K, used 118099K [0x0000000080000000, 0x0000000100000000)
  region size 1024K, 11 young (11264K), 4 survivors (4096K)
 Metaspace       used 95869K, capacity 98045K, committed 98252K, reserved 1134592K
  class space    used 11891K, capacity 12723K, committed 12800K, reserved 1048576K
}
Event: 57.943 GC heap after
{Heap after GC invocations=50 (full 0):
 garbage-first heap   total 225280K, used 110085K [0x0000000080000000, 0x0000000100000000)
  region size 1024K, 1 young (1024K), 1 survivors (1024K)
 Metaspace       used 95869K, capacity 98045K, committed 98252K, reserved 1134592K
  class space    used 11891K, capacity 12723K, committed 12800K, reserved 1048576K
}
Event: 62.229 GC heap before
{Heap before GC invocations=50 (full 0):
 garbage-first heap   total 225280K, used 165381K [0x0000000080000000, 0x0000000100000000)
  region size 1024K, 56 young (57344K), 1 survivors (1024K)
 Metaspace       used 99104K, capacity 101345K, committed 101452K, reserved 1138688K
  class space    used 12297K, capacity 13140K, committed 13184K, reserved 1048576K
}
Event: 62.246 GC heap after
{Heap after GC invocations=51 (full 0):
 garbage-first heap   total 225280K, used 111374K [0x0000000080000000, 0x0000000100000000)
  region size 1024K, 2 young (2048K), 2 survivors (2048K)
 Metaspace       used 99104K, capacity 101345K, committed 101452K, reserved 1138688K
  class space    used 12297K, capacity 13140K, committed 13184K, reserved 1048576K
}
Event: 64.808 GC heap before
{Heap before GC invocations=52 (full 0):
 garbage-first heap   total 225280K, used 167694K [0x0000000080000000, 0x0000000100000000)
  region size 1024K, 60 young (61440K), 2 survivors (2048K)
 Metaspace       used 99530K, capacity 101842K, committed 102092K, reserved 1138688K
  class space    used 12337K, capacity 13214K, committed 13312K, reserved 1048576K
}
Event: 64.823 GC heap after
{Heap after GC invocations=53 (full 0):
 garbage-first heap   total 225280K, used 114312K [0x0000000080000000, 0x0000000100000000)
  region size 1024K, 7 young (7168K), 7 survivors (7168K)
 Metaspace       used 99530K, capacity 101842K, committed 102092K, reserved 1138688K
  class space    used 12337K, capacity 13214K, committed 13312K, reserved 1048576K
}
Event: 64.910 GC heap before
{Heap before GC invocations=53 (full 0):
 garbage-first heap   total 225280K, used 117384K [0x0000000080000000, 0x0000000100000000)
  region size 1024K, 11 young (11264K), 7 survivors (7168K)
 Metaspace       used 99530K, capacity 101842K, committed 102092K, reserved 1138688K
  class space    used 12337K, capacity 13214K, committed 13312K, reserved 1048576K
}
Event: 64.938 GC heap after
{Heap after GC invocations=54 (full 0):
 garbage-first heap   total 225280K, used 107253K [0x0000000080000000, 0x0000000100000000)
  region size 1024K, 2 young (2048K), 2 survivors (2048K)
 Metaspace       used 99530K, capacity 101842K, committed 102092K, reserved 1138688K
  class space    used 12337K, capacity 13214K, committed 13312K, reserved 1048576K
}
Event: 66.416 GC heap before
{Heap before GC invocations=54 (full 0):
 garbage-first heap   total 225280K, used 168693K [0x0000000080000000, 0x0000000100000000)
  region size 1024K, 63 young (64512K), 2 survivors (2048K)
 Metaspace       used 99649K, capacity 101915K, committed 102092K, reserved 1138688K
  class space    used 12348K, capacity 13215K, committed 13312K, reserved 1048576K
}
Event: 66.447 GC heap after
{Heap after GC invocations=55 (full 0):
 garbage-first heap   total 270336K, used 112941K [0x0000000080000000, 0x0000000100000000)
  region size 1024K, 7 young (7168K), 7 survivors (7168K)
 Metaspace       used 99649K, capacity 101915K, committed 102092K, reserved 1138688K
  class space    used 12348K, capacity 13215K, committed 13312K, reserved 1048576K
}
Event: 69.136 GC heap before
{Heap before GC invocations=56 (full 0):
 garbage-first heap   total 270336K, used 195885K [0x0000000080000000, 0x0000000100000000)
  region size 1024K, 89 young (91136K), 7 survivors (7168K)
 Metaspace       used 101798K, capacity 104162K, committed 104396K, reserved 1140736K
  class space    used 12600K, capacity 13515K, committed 13568K, reserved 1048576K
}
Event: 69.154 GC heap after
{Heap after GC invocations=57 (full 0):
 garbage-first heap   total 270336K, used 119568K [0x0000000080000000, 0x0000000100000000)
  region size 1024K, 11 young (11264K), 11 survivors (11264K)
 Metaspace       used 101798K, capacity 104162K, committed 104396K, reserved 1140736K
  class space    used 12600K, capacity 13515K, committed 13568K, reserved 1048576K
}
Event: 69.230 GC heap before
{Heap before GC invocations=57 (full 0):
 garbage-first heap   total 270336K, used 120592K [0x0000000080000000, 0x0000000100000000)
  region size 1024K, 13 young (13312K), 11 survivors (11264K)
 Metaspace       used 101858K, capacity 104226K, committed 104396K, reserved 1140736K
  class space    used 12614K, capacity 13515K, committed 13568K, reserved 1048576K
}
Event: 69.247 GC heap after
{Heap after GC invocations=58 (full 0):
 garbage-first heap   total 270336K, used 116844K [0x0000000080000000, 0x0000000100000000)
  region size 1024K, 2 young (2048K), 2 survivors (2048K)
 Metaspace       used 101858K, capacity 104226K, committed 104396K, reserved 1140736K
  class space    used 12614K, capacity 13515K, committed 13568K, reserved 1048576K
}
Event: 72.060 GC heap before
{Heap before GC invocations=58 (full 0):
 garbage-first heap   total 270336K, used 198764K [0x0000000080000000, 0x0000000100000000)
  region size 1024K, 83 young (84992K), 2 survivors (2048K)
 Metaspace       used 107553K, capacity 110168K, committed 110284K, reserved 1144832K
  class space    used 13451K, capacity 14496K, committed 14592K, reserved 1048576K
}
Event: 72.082 GC heap after
{Heap after GC invocations=59 (full 0):
 garbage-first heap   total 270336K, used 128693K [0x0000000080000000, 0x0000000100000000)
  region size 1024K, 11 young (11264K), 11 survivors (11264K)
 Metaspace       used 107553K, capacity 110168K, committed 110284K, reserved 1144832K
  class space    used 13451K, capacity 14496K, committed 14592K, reserved 1048576K
}
Event: 73.512 GC heap before
{Heap before GC invocations=59 (full 0):
 garbage-first heap   total 270336K, used 206517K [0x0000000080000000, 0x0000000100000000)
  region size 1024K, 87 young (89088K), 11 survivors (11264K)
 Metaspace       used 112054K, capacity 114954K, committed 115148K, reserved 1148928K
  class space    used 14123K, capacity 15279K, committed 15360K, reserved 1048576K
}
Event: 73.545 GC heap after
{Heap after GC invocations=60 (full 0):
 garbage-first heap   total 270336K, used 134024K [0x0000000080000000, 0x0000000100000000)
  region size 1024K, 7 young (7168K), 7 survivors (7168K)
 Metaspace       used 112054K, capacity 114954K, committed 115148K, reserved 1148928K
  class space    used 14123K, capacity 15279K, committed 15360K, reserved 1048576K
}

Deoptimization events (20 events):
Event: 74.008 Thread 0x000001d0ba949000 DEOPT PACKING pc=0x000001d0a2e15fc4 sp=0x0000001913cfcbf0
Event: 74.008 Thread 0x000001d0ba949000 DEOPT UNPACKING pc=0x000001d0a0bc76ce sp=0x0000001913cfc0d8 mode 0
Event: 74.008 Thread 0x000001d0ba949000 DEOPT PACKING pc=0x000001d0a2c401ac sp=0x0000001913cfcd20
Event: 74.008 Thread 0x000001d0ba949000 DEOPT UNPACKING pc=0x000001d0a0bc76ce sp=0x0000001913cfc1d0 mode 0
Event: 74.008 Thread 0x000001d0ba949000 DEOPT PACKING pc=0x000001d0a2c22894 sp=0x0000001913cfd3a0
Event: 74.008 Thread 0x000001d0ba949000 DEOPT UNPACKING pc=0x000001d0a0bc76ce sp=0x0000001913cfc940 mode 0
Event: 74.116 Thread 0x000001d0bba62800 DEOPT PACKING pc=0x000001d0a2e15fc4 sp=0x0000001913afcf00
Event: 74.116 Thread 0x000001d0bba62800 DEOPT UNPACKING pc=0x000001d0a0bc76ce sp=0x0000001913afc3e8 mode 0
Event: 74.116 Thread 0x000001d0bba62800 DEOPT PACKING pc=0x000001d0a2c401ac sp=0x0000001913afd030
Event: 74.116 Thread 0x000001d0bba62800 DEOPT UNPACKING pc=0x000001d0a0bc76ce sp=0x0000001913afc4e0 mode 0
Event: 74.116 Thread 0x000001d0bba62800 DEOPT PACKING pc=0x000001d0a2c22894 sp=0x0000001913afd6b0
Event: 74.116 Thread 0x000001d0bba62800 DEOPT UNPACKING pc=0x000001d0a0bc76ce sp=0x0000001913afcc50 mode 0
Event: 74.129 Thread 0x000001d0bd210000 DEOPT PACKING pc=0x000001d0a3289642 sp=0x0000001913ef92b0
Event: 74.129 Thread 0x000001d0bd210000 DEOPT UNPACKING pc=0x000001d0a0bc76ce sp=0x0000001913ef8780 mode 0
Event: 74.152 Thread 0x000001d0ba949000 DEOPT PACKING pc=0x000001d0a2f5ccd3 sp=0x0000001913cfb2e0
Event: 74.152 Thread 0x000001d0ba949000 DEOPT UNPACKING pc=0x000001d0a0bc76ce sp=0x0000001913cfa818 mode 0
Event: 74.324 Thread 0x000001d0bd20f800 Uncommon trap: trap_request=0xffffffde fr.pc=0x000001d0a87dd9d4 relative=0x0000000000000514
Event: 74.324 Thread 0x000001d0bd20f800 Uncommon trap: reason=class_check action=maybe_recompile pc=0x000001d0a87dd9d4 method=java.lang.Throwable.<init>(Ljava/lang/String;Ljava/lang/Throwable;)V @ 24 c2
Event: 74.324 Thread 0x000001d0bd20f800 DEOPT PACKING pc=0x000001d0a87dd9d4 sp=0x0000001913dfad30
Event: 74.324 Thread 0x000001d0bd20f800 DEOPT UNPACKING pc=0x000001d0a0bc78af sp=0x0000001913dfad10 mode 2

Classes redefined (0 events):
No events

Internal exceptions (20 events):
Event: 72.504 Thread 0x000001d0ba949000 Exception <a 'java/lang/NoSuchMethodError'{0x000000008f255360}: 'java.lang.Object java.lang.invoke.DirectMethodHandle$Holder.newInvokeSpecial(java.lang.Object, int)'> (0x000000008f255360) thrown at [./src/hotspot/share/interpreter/linkResolver.cpp, line 773]
Event: 72.716 Thread 0x000001d0bd20d800 Exception <a 'java/lang/NoSuchMethodError'{0x000000008e223868}: 'int java.lang.invoke.DirectMethodHandle$Holder.invokeInterface(java.lang.Object, java.lang.Object, int)'> (0x000000008e223868) thrown at [./src/hotspot/share/interpreter/linkResolver.cpp, line 773]
Event: 72.878 Thread 0x000001d0ba949000 Exception <a 'java/lang/NoSuchMethodError'{0x000000008dd21d30}: 'void java.lang.invoke.DirectMethodHandle$Holder.invokeSpecial(java.lang.Object, java.lang.Object, int, java.lang.Object, java.lang.Object, java.lang.Object, java.lang.Object)'> (0x000000008dd21d30) thrown at [./src/hotspot/share/interpreter/linkResolver.cpp, line 773]
Event: 72.878 Thread 0x000001d0bba62800 Exception <a 'java/lang/NoSuchMethodError'{0x000000008d9f2350}: 'void java.lang.invoke.DirectMethodHandle$Holder.invokeSpecial(java.lang.Object, java.lang.Object, int, java.lang.Object, java.lang.Object, java.lang.Object, java.lang.Object)'> (0x000000008d9f2350) thrown at [./src/hotspot/share/interpreter/linkResolver.cpp, line 773]
Event: 72.883 Thread 0x000001d0ba949000 Exception <a 'java/lang/NoSuchMethodError'{0x000000008dd2d208}: 'java.lang.Object java.lang.invoke.Invokers$Holder.linkToTargetMethod(java.lang.Object, int, java.lang.Object, java.lang.Object, java.lang.Object, java.lang.Object)'> (0x000000008dd2d208) thrown at [./src/hotspot/share/interpreter/linkResolver.cpp, line 773]
Event: 72.884 Thread 0x000001d0bba62800 Exception <a 'java/lang/NoSuchMethodError'{0x000000008d9fd3b8}: 'java.lang.Object java.lang.invoke.Invokers$Holder.linkToTargetMethod(java.lang.Object, int, java.lang.Object, java.lang.Object, java.lang.Object, java.lang.Object)'> (0x000000008d9fd3b8) thrown at [./src/hotspot/share/interpreter/linkResolver.cpp, line 773]
Event: 72.885 Thread 0x000001d0ba949000 Exception <a 'java/lang/NoSuchMethodError'{0x000000008d8022e8}: 'void java.lang.invoke.DirectMethodHandle$Holder.invokeSpecial(java.lang.Object, java.lang.Object, java.lang.Object, java.lang.Object, java.lang.Object, java.lang.Object, java.lang.Object, java.lang.Object, java.lang.Object)'> (0x000000008d8022e8) thrown at [./src/hotspot/share/interpreter/linkResolver.cpp, line 773]
Event: 72.906 Thread 0x000001d0bd20d800 Implicit null exception at 0x000001d0a87fb6eb to 0x000001d0a87fb70c
Event: 72.909 Thread 0x000001d0bba62800 Exception <a 'java/lang/NoSuchMethodError'{0x000000008d7ef328}: 'void java.lang.invoke.DirectMethodHandle$Holder.invokeStatic(java.lang.Object, java.lang.Object, java.lang.Object, java.lang.Object, java.lang.Object, java.lang.Object, java.lang.Object, java.lang.Object)'> (0x000000008d7ef328) thrown at [./src/hotspot/share/interpreter/linkResolver.cpp, line 773]
Event: 73.253 Thread 0x000001d0ba949000 Exception <a 'java/lang/IncompatibleClassChangeError'{0x000000008c7d3688}: Found class java.lang.Object, but interface was expected> (0x000000008c7d3688) thrown at [./src/hotspot/share/interpreter/linkResolver.cpp, line 839]
Event: 73.314 Thread 0x000001d0bd20d800 Exception <a 'java/lang/NoSuchMethodError'{0x000000008c31e608}: 'java.lang.Object java.lang.invoke.DirectMethodHandle$Holder.invokeInterface(java.lang.Object, java.lang.Object, int)'> (0x000000008c31e608) thrown at [./src/hotspot/share/interpreter/linkResolver.cpp, line 773]
Event: 73.739 Thread 0x000001d0ba949000 Exception <a 'java/lang/NoSuchMethodError'{0x000000008fe316a8}: 'void java.lang.invoke.DirectMethodHandle$Holder.invokeVirtual(java.lang.Object, java.lang.Object, int)'> (0x000000008fe316a8) thrown at [./src/hotspot/share/interpreter/linkResolver.cpp, line 773]
Event: 73.833 Thread 0x000001d0ba949000 Exception <a 'sun/nio/fs/WindowsException'{0x000000008fc12ce0}> (0x000000008fc12ce0) thrown at [./src/hotspot/share/prims/jni.cpp, line 615]
Event: 73.880 Thread 0x000001d0bba62800 Exception <a 'sun/nio/fs/WindowsException'{0x000000009068e9c0}> (0x000000009068e9c0) thrown at [./src/hotspot/share/prims/jni.cpp, line 615]
Event: 73.880 Thread 0x000001d0bd20f800 Exception <a 'sun/nio/fs/WindowsException'{0x000000008fd364a0}> (0x000000008fd364a0) thrown at [./src/hotspot/share/prims/jni.cpp, line 615]
Event: 74.036 Thread 0x000001d0ba949000 Exception <a 'sun/nio/fs/WindowsException'{0x000000008f561240}> (0x000000008f561240) thrown at [./src/hotspot/share/prims/jni.cpp, line 615]
Event: 74.120 Thread 0x000001d0ba949000 Exception <a 'sun/nio/fs/WindowsException'{0x000000008ebfab38}> (0x000000008ebfab38) thrown at [./src/hotspot/share/prims/jni.cpp, line 615]
Event: 74.162 Thread 0x000001d0ba949000 Exception <a 'sun/nio/fs/WindowsException'{0x000000008e4c03e0}> (0x000000008e4c03e0) thrown at [./src/hotspot/share/prims/jni.cpp, line 615]
Event: 74.290 Thread 0x000001d0bba62800 Exception <a 'sun/nio/fs/WindowsException'{0x000000008d5b3358}> (0x000000008d5b3358) thrown at [./src/hotspot/share/prims/jni.cpp, line 615]
Event: 74.323 Thread 0x000001d0bd20f800 Exception <a 'java/lang/OutOfMemoryError'{0x000000008ce6bd70}> (0x000000008ce6bd70) thrown at [./src/hotspot/share/prims/jni.cpp, line 636]

Events (20 events):
Event: 73.885 loading class com/android/tools/r8/code/x
Event: 73.885 loading class com/android/tools/r8/code/x done
Event: 73.888 loading class com/android/tools/r8/internal/Nv
Event: 73.888 loading class com/android/tools/r8/internal/Nv done
Event: 74.065 Executing VM operation: ICBufferFull
Event: 74.065 Executing VM operation: ICBufferFull done
Event: 74.075 loading class com/android/tools/r8/internal/Os
Event: 74.075 loading class com/android/tools/r8/internal/Os done
Event: 74.075 loading class com/android/tools/r8/internal/Os
Event: 74.075 loading class com/android/tools/r8/internal/Os done
Event: 74.081 loading class com/android/tools/r8/internal/ba
Event: 74.081 loading class com/android/tools/r8/internal/ba done
Event: 74.263 Executing VM operation: ICBufferFull
Event: 74.265 Executing VM operation: ICBufferFull done
Event: 74.301 loading class com/android/tools/r8/code/K3
Event: 74.301 loading class com/android/tools/r8/code/K3 done
Event: 74.303 loading class com/android/tools/r8/internal/m4
Event: 74.303 loading class com/android/tools/r8/internal/m4 done
Event: 74.323 loading class java/util/zip/DataFormatException
Event: 74.324 loading class java/util/zip/DataFormatException done


Dynamic libraries:
0x00007ff674cf0000 - 0x00007ff674cfa000 	C:\Program Files\Android\Android Studio1\jre\bin\java.exe
0x00007ffee6580000 - 0x00007ffee6789000 	C:\WINDOWS\SYSTEM32\ntdll.dll
0x00007ffee5200000 - 0x00007ffee52bd000 	C:\WINDOWS\System32\KERNEL32.DLL
0x00007ffee3c10000 - 0x00007ffee3f84000 	C:\WINDOWS\System32\KERNELBASE.dll
0x00007ffee3a70000 - 0x00007ffee3b81000 	C:\WINDOWS\System32\ucrtbase.dll
0x00007ffed02a0000 - 0x00007ffed02b9000 	C:\Program Files\Android\Android Studio1\jre\bin\jli.dll
0x00007ffed0300000 - 0x00007ffed0317000 	C:\Program Files\Android\Android Studio1\jre\bin\VCRUNTIME140.dll
0x00007ffee4dc0000 - 0x00007ffee4f6c000 	C:\WINDOWS\System32\USER32.dll
0x00007ffece2f0000 - 0x00007ffece595000 	C:\WINDOWS\WinSxS\amd64_microsoft.windows.common-controls_6595b64144ccf1df_6.0.22000.120_none_9d947278b86cc467\COMCTL32.dll
0x00007ffee40c0000 - 0x00007ffee40e6000 	C:\WINDOWS\System32\win32u.dll
0x00007ffee5950000 - 0x00007ffee59f3000 	C:\WINDOWS\System32\msvcrt.dll
0x00007ffee5920000 - 0x00007ffee5949000 	C:\WINDOWS\System32\GDI32.dll
0x00007ffee4190000 - 0x00007ffee42a2000 	C:\WINDOWS\System32\gdi32full.dll
0x00007ffee40f0000 - 0x00007ffee418d000 	C:\WINDOWS\System32\msvcp_win.dll
0x00007ffee4d80000 - 0x00007ffee4db1000 	C:\WINDOWS\System32\IMM32.DLL
0x00007ffeaca90000 - 0x00007ffeacb2d000 	C:\Program Files\Android\Android Studio1\jre\bin\msvcp140.dll
0x00007ffe973a0000 - 0x00007ffe97e6f000 	C:\Program Files\Android\Android Studio1\jre\bin\server\jvm.dll
0x00007ffee4f70000 - 0x00007ffee501e000 	C:\WINDOWS\System32\ADVAPI32.dll
0x00007ffee5160000 - 0x00007ffee51fe000 	C:\WINDOWS\System32\sechost.dll
0x00007ffee5040000 - 0x00007ffee5160000 	C:\WINDOWS\System32\RPCRT4.dll
0x00007ffee5a00000 - 0x00007ffee5a08000 	C:\WINDOWS\System32\PSAPI.DLL
0x00007ffec1120000 - 0x00007ffec1129000 	C:\WINDOWS\SYSTEM32\WSOCK32.dll
0x00007ffed5670000 - 0x00007ffed567a000 	C:\WINDOWS\SYSTEM32\VERSION.dll
0x00007ffee5a10000 - 0x00007ffee5a7f000 	C:\WINDOWS\System32\WS2_32.dll
0x00007ffedc4b0000 - 0x00007ffedc4e3000 	C:\WINDOWS\SYSTEM32\WINMM.dll
0x00007ffee2c60000 - 0x00007ffee2c78000 	C:\WINDOWS\SYSTEM32\kernel.appcore.dll
0x00007ffedc920000 - 0x00007ffedc931000 	C:\Program Files\Android\Android Studio1\jre\bin\verify.dll
0x00007ffee1070000 - 0x00007ffee1291000 	C:\WINDOWS\SYSTEM32\DBGHELP.DLL
0x00007ffec4850000 - 0x00007ffec4881000 	C:\WINDOWS\SYSTEM32\dbgcore.DLL
0x00007ffee3b90000 - 0x00007ffee3c0f000 	C:\WINDOWS\System32\bcryptPrimitives.dll
0x00007ffedc610000 - 0x00007ffedc639000 	C:\Program Files\Android\Android Studio1\jre\bin\java.dll
0x00007ffedd910000 - 0x00007ffedd91b000 	C:\Program Files\Android\Android Studio1\jre\bin\jimage.dll
0x00007ffed2de0000 - 0x00007ffed2df8000 	C:\Program Files\Android\Android Studio1\jre\bin\zip.dll
0x00007ffee5a80000 - 0x00007ffee622e000 	C:\WINDOWS\System32\SHELL32.dll
0x00007ffee1bf0000 - 0x00007ffee2458000 	C:\WINDOWS\SYSTEM32\windows.storage.dll
0x00007ffee4a00000 - 0x00007ffee4d78000 	C:\WINDOWS\System32\combase.dll
0x00007ffee1a80000 - 0x00007ffee1be6000 	C:\WINDOWS\SYSTEM32\wintypes.dll
0x00007ffee6230000 - 0x00007ffee631a000 	C:\WINDOWS\System32\SHCORE.dll
0x00007ffee53f0000 - 0x00007ffee544d000 	C:\WINDOWS\System32\shlwapi.dll
0x00007ffee39a0000 - 0x00007ffee39c1000 	C:\WINDOWS\SYSTEM32\profapi.dll
0x00007ffed0240000 - 0x00007ffed025a000 	C:\Program Files\Android\Android Studio1\jre\bin\net.dll
0x00007ffeddd60000 - 0x00007ffedde6c000 	C:\WINDOWS\SYSTEM32\WINHTTP.dll
0x00007ffee3090000 - 0x00007ffee30f7000 	C:\WINDOWS\system32\mswsock.dll
0x00007ffed00b0000 - 0x00007ffed00c4000 	C:\Program Files\Android\Android Studio1\jre\bin\nio.dll
0x00007ffed0320000 - 0x00007ffed0347000 	C:\Users\ASUS\.gradle\native\8bec1ad78214c89d9ad589b4d07fe93259594b29d510b10fafb7a158f7737e5d\windows-amd64\native-platform.dll
0x00007ffea23e0000 - 0x00007ffea251d000 	C:\Users\ASUS\.gradle\native\53dbd7edfb1c66fb8903c78663c9afc45aea4f116125fa6feffd364cf09443e8\windows-amd64\native-platform-file-events.dll
0x00007ffedc4f0000 - 0x00007ffedc4fa000 	C:\Program Files\Android\Android Studio1\jre\bin\management.dll
0x00007ffed2dd0000 - 0x00007ffed2ddc000 	C:\Program Files\Android\Android Studio1\jre\bin\management_ext.dll
0x00007ffee32d0000 - 0x00007ffee32e8000 	C:\WINDOWS\SYSTEM32\CRYPTSP.dll
0x00007ffee2bc0000 - 0x00007ffee2bf5000 	C:\WINDOWS\system32\rsaenh.dll
0x00007ffee3180000 - 0x00007ffee31a9000 	C:\WINDOWS\SYSTEM32\USERENV.dll
0x00007ffee3450000 - 0x00007ffee3477000 	C:\WINDOWS\SYSTEM32\bcrypt.dll
0x00007ffee32f0000 - 0x00007ffee32fc000 	C:\WINDOWS\SYSTEM32\CRYPTBASE.dll
0x00007ffee2790000 - 0x00007ffee27bd000 	C:\WINDOWS\SYSTEM32\IPHLPAPI.DLL
0x00007ffee52c0000 - 0x00007ffee52c9000 	C:\WINDOWS\System32\NSI.dll
0x00007ffeddf40000 - 0x00007ffeddf59000 	C:\WINDOWS\SYSTEM32\dhcpcsvc6.DLL
0x00007ffede330000 - 0x00007ffede34e000 	C:\WINDOWS\SYSTEM32\dhcpcsvc.DLL
0x00007ffee2800000 - 0x00007ffee28e7000 	C:\WINDOWS\SYSTEM32\DNSAPI.dll

dbghelp: loaded successfully - version: 4.0.5 - missing functions: none
symbol engine: initialized successfully - sym options: 0x614 - pdb path: .;C:\Program Files\Android\Android Studio1\jre\bin;C:\WINDOWS\SYSTEM32;C:\WINDOWS\WinSxS\amd64_microsoft.windows.common-controls_6595b64144ccf1df_6.0.22000.120_none_9d947278b86cc467;C:\Program Files\Android\Android Studio1\jre\bin\server;C:\Users\ASUS\.gradle\native\8bec1ad78214c89d9ad589b4d07fe93259594b29d510b10fafb7a158f7737e5d\windows-amd64;C:\Users\ASUS\.gradle\native\53dbd7edfb1c66fb8903c78663c9afc45aea4f116125fa6feffd364cf09443e8\windows-amd64

VM Arguments:
jvm_args: --add-opens=java.base/java.util=ALL-UNNAMED --add-opens=java.base/java.lang=ALL-UNNAMED --add-opens=java.base/java.lang.invoke=ALL-UNNAMED --add-opens=java.base/java.util=ALL-UNNAMED --add-opens=java.prefs/java.util.prefs=ALL-UNNAMED --add-opens=java.prefs/java.util.prefs=ALL-UNNAMED --add-opens=java.base/java.nio.charset=ALL-UNNAMED --add-opens=java.base/java.net=ALL-UNNAMED --add-opens=java.base/java.util.concurrent.atomic=ALL-UNNAMED -Xmx2048m -Dfile.encoding=UTF-8 -Duser.country=ID -Duser.language=en -Duser.variant 
java_command: org.gradle.launcher.daemon.bootstrap.GradleDaemon 7.0.2
java_class_path (initial): C:\Users\ASUS\.gradle\wrapper\dists\gradle-7.0.2-bin\857tjihv64xamwrf0h14cai3r\gradle-7.0.2\lib\gradle-launcher-7.0.2.jar
Launcher Type: SUN_STANDARD

[Global flags]
     intx CICompilerCount                          = 4                                         {product} {ergonomic}
     uint ConcGCThreads                            = 2                                         {product} {ergonomic}
     uint G1ConcRefinementThreads                  = 8                                         {product} {ergonomic}
   size_t G1HeapRegionSize                         = 1048576                                   {product} {ergonomic}
    uintx GCDrainStackTargetSize                   = 64                                        {product} {ergonomic}
   size_t InitialHeapSize                          = 132120576                                 {product} {ergonomic}
   size_t MarkStackSize                            = 4194304                                   {product} {ergonomic}
   size_t MaxHeapSize                              = 2147483648                                {product} {command line}
   size_t MaxNewSize                               = 1287651328                                {product} {ergonomic}
   size_t MinHeapDeltaBytes                        = 1048576                                   {product} {ergonomic}
    uintx NonNMethodCodeHeapSize                   = 5836300                                {pd product} {ergonomic}
    uintx NonProfiledCodeHeapSize                  = 122910970                              {pd product} {ergonomic}
    uintx ProfiledCodeHeapSize                     = 122910970                              {pd product} {ergonomic}
    uintx ReservedCodeCacheSize                    = 251658240                              {pd product} {ergonomic}
     bool SegmentedCodeCache                       = true                                      {product} {ergonomic}
     bool UseCompressedClassPointers               = true                                 {lp64_product} {ergonomic}
     bool UseCompressedOops                        = true                                 {lp64_product} {ergonomic}
     bool UseG1GC                                  = true                                      {product} {ergonomic}
     bool UseLargePagesIndividualAllocation        = false                                  {pd product} {ergonomic}

Logging:
Log output configuration:
 #0: stdout all=warning uptime,level,tags
 #1: stderr all=off uptime,level,tags

Environment Variables:
PATH=C:\Users\ASUS\platform-tools_r31.0.3-windows\platform-tools\systrace\catapult\common\bin;C:\Python310\;C:\ProgramData\Oracle\Java\javapath;C:\Program Files\Common Files\Oracle\Java\javapath;C:\Windows\system32;C:\Windows;C:\Windows\System32\Wbem;C:\Windows\System32\WindowsPowerShell\v1.0\;C:\Windows\System32\OpenSSH\;C:\Program Files (x86)\NVIDIA Corporation\PhysX\Common;C:\Program Files\NVIDIA Corporation\NVIDIA NvDLISR;C:\composer;C:\ProgramData\ComposerSetup\bin;C:\Program Files\gradle-6.9.1\bin;C:\WINDOWS\system32;C:\WINDOWS;C:\WINDOWS\System32\Wbem;C:\WINDOWS\System32\WindowsPowerShell\v1.0\;C:\WINDOWS\System32\OpenSSH\;C:\Program Files\nodejs\;C:\ProgramData\chocolatey\bin;C:\Users\ASUS\flutter\bin;C:\Program Files\Git\bin;C:\Program Files\Git\cmd;C:\Users\ASUS\AppData\Local\Android\sdk\tools\bin;C:\Users\ASUS\flutter\bin;C:\Users\ASUS\AppData\Local\Microsoft\WindowsApps;C:\Program Files\MongoDB\Server\4.4\bin;C:\xampp\php;C:\Users\ASUS\AppData\Roaming\Composer\vendor\bin;C:\Python27;C:\Program Files\gradle-6.9.1\bin;C:\Users\ASUS\AppData\Roaming\npm;C:\Users\ASUS\AppData\Local\Android\sdk\tools\bin;C:\Users\ASUS\AppData\Local\Programs\Microsoft VS Code\bin
USERNAME=ASUS
OS=Windows_NT
PROCESSOR_IDENTIFIER=Intel64 Family 6 Model 158 Stepping 10, GenuineIntel



---------------  S Y S T E M  ---------------

OS: Windows 10 , 64 bit Build 22000 (10.0.22000.434)
OS uptime: 9 days 2:06 hours

CPU:total 8 (initial active 8) (4 cores per cpu, 2 threads per core) family 6 model 158 stepping 10 microcode 0xde, cmov, cx8, fxsr, mmx, sse, sse2, sse3, ssse3, sse4.1, sse4.2, popcnt, avx, avx2, aes, clmul, erms, 3dnowpref, lzcnt, ht, tsc, tscinvbit, bmi1, bmi2, adx, fma

Memory: 4k page, system-wide physical 8047M (72M free)
TotalPageFile size 32623M (AvailPageFile size 9M)
current process WorkingSet (physical memory assigned to process): 453M, peak: 462M
current process commit charge ("private bytes"): 640M, peak: 647M

vm_info: OpenJDK 64-Bit Server VM (11.0.10+0-b96-7249189) for windows-amd64 JRE (11.0.10+0-b96-7249189), built on Mar 31 2021 21:44:00 by "builder" with MS VC++ 14.0 (VS2015)

END.
