#
# There is insufficient memory for the Java Runtime Environment to continue.
# Native memory allocation (mmap) failed to map 55574528 bytes for Failed to commit area from 0x0000000090800000 to 0x0000000093d00000 of length 55574528.
# Possible reasons:
#   The system is out of physical RAM or swap space
#   The process is running with CompressedOops enabled, and the Java Heap may be blocking the growth of the native heap
# Possible solutions:
#   Reduce memory load on the system
#   Increase physical memory or swap space
#   Check if swap backing store is full
#   Decrease Java heap size (-Xmx/-Xms)
#   Decrease number of Java threads
#   Decrease Java thread stack sizes (-Xss)
#   Set larger code cache with -XX:ReservedCodeCacheSize=
#   JVM is running with Unscaled Compressed Oops mode in which the Java heap is
#     placed in the first 4GB address space. The Java Heap base address is the
#     maximum limit for the native heap growth. Please use -XX:HeapBaseMinAddress
#     to set the Java Heap base and to place the Java Heap above 4GB virtual address.
# This output file may be truncated or incomplete.
#
#  Out of Memory Error (./src/hotspot/os/windows/os_windows.cpp:3301), pid=17904, tid=16512
#
# JRE version: OpenJDK Runtime Environment (11.0.10) (build 11.0.10+0-b96-7249189)
# Java VM: OpenJDK 64-Bit Server VM (11.0.10+0-b96-7249189, mixed mode, tiered, compressed oops, g1 gc, windows-amd64)
# No core dump will be written. Minidumps are not enabled by default on client versions of Windows
#

---------------  S U M M A R Y ------------

Command Line: --add-opens=java.base/java.util=ALL-UNNAMED --add-opens=java.base/java.lang=ALL-UNNAMED --add-opens=java.base/java.lang.invoke=ALL-UNNAMED --add-opens=java.base/java.util=ALL-UNNAMED --add-opens=java.prefs/java.util.prefs=ALL-UNNAMED --add-opens=java.prefs/java.util.prefs=ALL-UNNAMED --add-opens=java.base/java.nio.charset=ALL-UNNAMED --add-opens=java.base/java.net=ALL-UNNAMED --add-opens=java.base/java.util.concurrent.atomic=ALL-UNNAMED -Xmx2048m -Dfile.encoding=UTF-8 -Duser.country=ID -Duser.language=en -Duser.variant org.gradle.launcher.daemon.bootstrap.GradleDaemon 7.0.2

Host: Intel(R) Core(TM) i5-8300H CPU @ 2.30GHz, 8 cores, 7G,  Windows 10 , 64 bit Build 22000 (10.0.22000.434)
Time: Wed Mar 30 10:09:51 2022 SE Asia Standard Time elapsed time: 21.464321 seconds (0d 0h 0m 21s)

---------------  T H R E A D  ---------------

Current thread (0x0000027aa5db0800):  VMThread "VM Thread" [stack: 0x000000d521400000,0x000000d521500000] [id=16512]

Stack: [0x000000d521400000,0x000000d521500000]
[error occurred during error reporting (printing stack bounds), id 0xc0000005, EXCEPTION_ACCESS_VIOLATION (0xc0000005) at pc=0x0000027a8f440f2d]

Native frames: (J=compiled Java code, j=interpreted, Vv=VM code, C=native code)
V  [jvm.dll+0x5ecfaa]
V  [jvm.dll+0x722bd5]
V  [jvm.dll+0x72412d]
V  [jvm.dll+0x724745]
V  [jvm.dll+0x7246fb]
V  [jvm.dll+0x5ec348]
V  [jvm.dll+0x5ecad8]
C  [ntdll.dll+0xa86ef]
C  [ntdll.dll+0x35aea]
C  [ntdll.dll+0xa76fe]
C  0x0000027a8f440f2d

VM_Operation (0x000000d5246fa470): G1CollectForAllocation, mode: safepoint, requested by thread 0x0000027aa92b7800


---------------  P R O C E S S  ---------------

Threads class SMR info:
_java_thread_list=0x0000027aae8c1da0, length=62, elements={
0x0000027a8b94e000, 0x0000027aa5db2800, 0x0000027aa5db5800, 0x0000027aa6734800,
0x0000027aa6736000, 0x0000027aa6737000, 0x0000027aa673a000, 0x0000027aa673b800,
0x0000027aa6749000, 0x0000027aa687c800, 0x0000027aa8292000, 0x0000027aa7e58800,
0x0000027aa7b61000, 0x0000027aa7ebb800, 0x0000027aa7e55000, 0x0000027aa8078000,
0x0000027aa8919000, 0x0000027aa773d800, 0x0000027aa8f8b800, 0x0000027aa86f2800,
0x0000027aa86f3000, 0x0000027aa86f4000, 0x0000027aa86f1800, 0x0000027aa86ee000,
0x0000027aa86f0000, 0x0000027aa86f0800, 0x0000027aa86f5000, 0x0000027aa86ef000,
0x0000027aa8c96000, 0x0000027aa8c97000, 0x0000027aa8c94800, 0x0000027aa8c93800,
0x0000027aa8c97800, 0x0000027aa8c99000, 0x0000027aa92b8800, 0x0000027aa92b9800,
0x0000027aa92ba000, 0x0000027aa92bd800, 0x0000027aa92bc800, 0x0000027aa92bb000,
0x0000027aa92bc000, 0x0000027aa92b7800, 0x0000027aa92be800, 0x0000027aa92c1800,
0x0000027aa92c4000, 0x0000027aa92bf000, 0x0000027aa92c5000, 0x0000027aa92c3000,
0x0000027aa92c0000, 0x0000027aa92c5800, 0x0000027aa92c0800, 0x0000027aa92c2800,
0x0000027aae9f3000, 0x0000027aae9f2800, 0x0000027aae9f4000, 0x0000027aae9ee800,
0x0000027aae9f5000, 0x0000027aae9ef000, 0x0000027aae9f0000, 0x0000027aae9f0800,
0x0000027aae9f1800, 0x0000027aa6cc3000
}

Java Threads: ( => current thread )
  0x0000027a8b94e000 JavaThread "main" [_thread_blocked, id=6540, stack(0x000000d520e00000,0x000000d520f00000)]
  0x0000027aa5db2800 JavaThread "Reference Handler" daemon [_thread_blocked, id=7432, stack(0x000000d521500000,0x000000d521600000)]
  0x0000027aa5db5800 JavaThread "Finalizer" daemon [_thread_blocked, id=4684, stack(0x000000d521600000,0x000000d521700000)]
  0x0000027aa6734800 JavaThread "Signal Dispatcher" daemon [_thread_blocked, id=9088, stack(0x000000d521700000,0x000000d521800000)]
  0x0000027aa6736000 JavaThread "Attach Listener" daemon [_thread_blocked, id=15296, stack(0x000000d521800000,0x000000d521900000)]
  0x0000027aa6737000 JavaThread "Service Thread" daemon [_thread_blocked, id=10996, stack(0x000000d521900000,0x000000d521a00000)]
  0x0000027aa673a000 JavaThread "C2 CompilerThread0" daemon [_thread_blocked, id=8728, stack(0x000000d521a00000,0x000000d521b00000)]
  0x0000027aa673b800 JavaThread "C1 CompilerThread0" daemon [_thread_blocked, id=9120, stack(0x000000d521b00000,0x000000d521c00000)]
  0x0000027aa6749000 JavaThread "Sweeper thread" daemon [_thread_blocked, id=7276, stack(0x000000d521c00000,0x000000d521d00000)]
  0x0000027aa687c800 JavaThread "Common-Cleaner" daemon [_thread_blocked, id=8320, stack(0x000000d521d00000,0x000000d521e00000)]
  0x0000027aa8292000 JavaThread "Daemon health stats" [_thread_blocked, id=5436, stack(0x000000d522100000,0x000000d522200000)]
  0x0000027aa7e58800 JavaThread "Incoming local TCP Connector on port 53836" [_thread_in_native, id=15240, stack(0x000000d522200000,0x000000d522300000)]
  0x0000027aa7b61000 JavaThread "Daemon periodic checks" [_thread_blocked, id=2304, stack(0x000000d522300000,0x000000d522400000)]
  0x0000027aa7ebb800 JavaThread "Daemon" [_thread_blocked, id=14528, stack(0x000000d522400000,0x000000d522500000)]
  0x0000027aa7e55000 JavaThread "Handler for socket connection from /127.0.0.1:53836 to /127.0.0.1:53837" [_thread_in_native, id=18296, stack(0x000000d522500000,0x000000d522600000)]
  0x0000027aa8078000 JavaThread "Cancel handler" [_thread_blocked, id=4724, stack(0x000000d522600000,0x000000d522700000)]
  0x0000027aa8919000 JavaThread "Daemon worker" [_thread_blocked, id=9732, stack(0x000000d522700000,0x000000d522800000)]
  0x0000027aa773d800 JavaThread "Asynchronous log dispatcher for DefaultDaemonConnection: socket connection from /127.0.0.1:53836 to /127.0.0.1:53837" [_thread_blocked, id=10436, stack(0x000000d522800000,0x000000d522900000)]
  0x0000027aa8f8b800 JavaThread "Stdin handler" [_thread_blocked, id=4760, stack(0x000000d522900000,0x000000d522a00000)]
  0x0000027aa86f2800 JavaThread "Daemon client event forwarder" [_thread_blocked, id=12136, stack(0x000000d522a00000,0x000000d522b00000)]
  0x0000027aa86f3000 JavaThread "Cache worker for file hash cache (C:\Users\ASUS\.gradle\caches\7.0.2\fileHashes)" [_thread_blocked, id=10584, stack(0x000000d523000000,0x000000d523100000)]
  0x0000027aa86f4000 JavaThread "File lock request listener" [_thread_in_native, id=9716, stack(0x000000d523100000,0x000000d523200000)]
  0x0000027aa86f1800 JavaThread "Cache worker for journal cache (C:\Users\ASUS\.gradle\caches\journal-1)" [_thread_blocked, id=6068, stack(0x000000d523300000,0x000000d523400000)]
  0x0000027aa86ee000 JavaThread "Cache worker for file hash cache (C:\Users\ASUS\AndroidStudioProjects\gigiibuhamil\.gradle\7.0.2\fileHashes)" [_thread_blocked, id=3020, stack(0x000000d523400000,0x000000d523500000)]
  0x0000027aa86f0000 JavaThread "File watcher server" daemon [_thread_blocked, id=8888, stack(0x000000d523500000,0x000000d523600000)]
  0x0000027aa86f0800 JavaThread "File watcher consumer" daemon [_thread_blocked, id=13724, stack(0x000000d523600000,0x000000d523700000)]
  0x0000027aa86f5000 JavaThread "Cache worker for checksums cache (C:\Users\ASUS\AndroidStudioProjects\gigiibuhamil\.gradle\checksums)" [_thread_blocked, id=9872, stack(0x000000d523700000,0x000000d523800000)]
  0x0000027aa86ef000 JavaThread "Cache worker for cache directory md-supplier (C:\Users\ASUS\.gradle\caches\7.0.2\md-supplier)" [_thread_blocked, id=17148, stack(0x000000d523800000,0x000000d523900000)]
  0x0000027aa8c96000 JavaThread "Cache worker for cache directory md-rule (C:\Users\ASUS\.gradle\caches\7.0.2\md-rule)" [_thread_blocked, id=17940, stack(0x000000d523900000,0x000000d523a00000)]
  0x0000027aa8c97000 JavaThread "Cache worker for execution history cache (C:\Users\ASUS\.gradle\caches\7.0.2\executionHistory)" [_thread_blocked, id=17188, stack(0x000000d523a00000,0x000000d523b00000)]
  0x0000027aa8c94800 JavaThread "jar transforms" [_thread_blocked, id=1808, stack(0x000000d523b00000,0x000000d523c00000)]
  0x0000027aa8c93800 JavaThread "jar transforms Thread 2" [_thread_blocked, id=5720, stack(0x000000d523c00000,0x000000d523d00000)]
  0x0000027aa8c97800 JavaThread "Cache worker for file content cache (C:\Users\ASUS\.gradle\caches\7.0.2\fileContent)" [_thread_blocked, id=10932, stack(0x000000d523d00000,0x000000d523e00000)]
  0x0000027aa8c99000 JavaThread "Cache worker for dependencies-accessors (C:\Users\ASUS\AndroidStudioProjects\gigiibuhamil\.gradle\7.0.2\dependencies-accessors)" [_thread_blocked, id=17176, stack(0x000000d523e00000,0x000000d523f00000)]
  0x0000027aa92b8800 JavaThread "jar transforms Thread 3" [_thread_blocked, id=8876, stack(0x000000d523f00000,0x000000d524000000)]
  0x0000027aa92b9800 JavaThread "Cache worker for Build Output Cleanup Cache (C:\Users\ASUS\AndroidStudioProjects\gigiibuhamil\.gradle\buildOutputCleanup)" [_thread_blocked, id=16380, stack(0x000000d524000000,0x000000d524100000)]
  0x0000027aa92ba000 JavaThread "Build operations" [_thread_blocked, id=18012, stack(0x000000d524100000,0x000000d524200000)]
  0x0000027aa92bd800 JavaThread "Build operations Thread 2" [_thread_blocked, id=15660, stack(0x000000d524200000,0x000000d524300000)]
  0x0000027aa92bc800 JavaThread "Build operations Thread 3" [_thread_blocked, id=12556, stack(0x000000d524300000,0x000000d524400000)]
  0x0000027aa92bb000 JavaThread "Build operations Thread 4" [_thread_blocked, id=3756, stack(0x000000d524400000,0x000000d524500000)]
  0x0000027aa92bc000 JavaThread "Build operations Thread 5" [_thread_blocked, id=18004, stack(0x000000d524500000,0x000000d524600000)]
  0x0000027aa92b7800 JavaThread "Build operations Thread 6" [_thread_blocked, id=9776, stack(0x000000d524600000,0x000000d524700000)]
  0x0000027aa92be800 JavaThread "Build operations Thread 7" [_thread_blocked, id=16716, stack(0x000000d524700000,0x000000d524800000)]
  0x0000027aa92c1800 JavaThread "Build operations Thread 8" [_thread_blocked, id=9480, stack(0x000000d524800000,0x000000d524900000)]
  0x0000027aa92c4000 JavaThread "jar transforms Thread 4" [_thread_blocked, id=17384, stack(0x000000d524900000,0x000000d524a00000)]
  0x0000027aa92bf000 JavaThread "jar transforms Thread 5" [_thread_blocked, id=10160, stack(0x000000d524a00000,0x000000d524b00000)]
  0x0000027aa92c5000 JavaThread "jar transforms Thread 6" [_thread_blocked, id=14784, stack(0x000000d524b00000,0x000000d524c00000)]
  0x0000027aa92c3000 JavaThread "jar transforms Thread 7" [_thread_blocked, id=6820, stack(0x000000d524c00000,0x000000d524d00000)]
  0x0000027aa92c0000 JavaThread "jar transforms Thread 8" [_thread_blocked, id=16028, stack(0x000000d524d00000,0x000000d524e00000)]
  0x0000027aa92c5800 JavaThread "Memory manager" [_thread_blocked, id=18160, stack(0x000000d524e00000,0x000000d524f00000)]
  0x0000027aa92c0800 JavaThread "build event listener" [_thread_blocked, id=16488, stack(0x000000d524f00000,0x000000d525000000)]
  0x0000027aa92c2800 JavaThread "pool-3-thread-1" [_thread_blocked, id=14108, stack(0x000000d525000000,0x000000d525100000)]
  0x0000027aae9f3000 JavaThread "build event listener" [_thread_blocked, id=10016, stack(0x000000d525100000,0x000000d525200000)]
  0x0000027aae9f2800 JavaThread "Execution worker for ':'" [_thread_blocked, id=17312, stack(0x000000d525200000,0x000000d525300000)]
  0x0000027aae9f4000 JavaThread "Execution worker for ':' Thread 2" [_thread_blocked, id=4672, stack(0x000000d525300000,0x000000d525400000)]
  0x0000027aae9ee800 JavaThread "Execution worker for ':' Thread 3" [_thread_blocked, id=2456, stack(0x000000d525400000,0x000000d525500000)]
  0x0000027aae9f5000 JavaThread "Execution worker for ':' Thread 4" [_thread_blocked, id=11544, stack(0x000000d525500000,0x000000d525600000)]
  0x0000027aae9ef000 JavaThread "Execution worker for ':' Thread 5" [_thread_blocked, id=8764, stack(0x000000d525600000,0x000000d525700000)]
  0x0000027aae9f0000 JavaThread "Execution worker for ':' Thread 6" [_thread_blocked, id=15484, stack(0x000000d525700000,0x000000d525800000)]
  0x0000027aae9f0800 JavaThread "Execution worker for ':' Thread 7" [_thread_blocked, id=16632, stack(0x000000d525800000,0x000000d525900000)]
  0x0000027aae9f1800 JavaThread "Cache worker for execution history cache (C:\Users\ASUS\AndroidStudioProjects\gigiibuhamil\.gradle\7.0.2\executionHistory)" [_thread_blocked, id=8380, stack(0x000000d525900000,0x000000d525a00000)]
  0x0000027aa6cc3000 JavaThread "WorkerExecutor Queue" [_thread_blocked, id=8988, stack(0x000000d525a00000,0x000000d525b00000)]

Other Threads:
=>0x0000027aa5db0800 VMThread "VM Thread" [stack: 0x000000d521400000,0x000000d521500000] [id=16512]
  0x0000027aa68a5800 WatcherThread [stack: 0x000000d521e00000,0x000000d521f00000] [id=8644]
  0x0000027a8b968800 GCTaskThread "GC Thread#0" [stack: 0x000000d520f00000,0x000000d521000000] [id=4080]
  0x0000027aa7275000 GCTaskThread "GC Thread#1" [stack: 0x000000d521f00000,0x000000d522000000] [id=12116]
  0x0000027aa733e800 GCTaskThread "GC Thread#2" [stack: 0x000000d522000000,0x000000d522100000] [id=872]
  0x0000027aa709f000 GCTaskThread "GC Thread#3" [stack: 0x000000d522b00000,0x000000d522c00000] [id=6536]
  0x0000027aa88ba800 GCTaskThread "GC Thread#4" [stack: 0x000000d522c00000,0x000000d522d00000] [id=2700]
  0x0000027aa88b8800 GCTaskThread "GC Thread#5" [stack: 0x000000d522d00000,0x000000d522e00000] [id=6700]
  0x0000027aa88b9000 GCTaskThread "GC Thread#6" [stack: 0x000000d522e00000,0x000000d522f00000] [id=14524]
  0x0000027aa88db800 GCTaskThread "GC Thread#7" [stack: 0x000000d522f00000,0x000000d523000000] [id=3236]
  0x0000027a8b99b000 ConcurrentGCThread "G1 Main Marker" [stack: 0x000000d521000000,0x000000d521100000] [id=7832]
  0x0000027a8b99d800 ConcurrentGCThread "G1 Conc#0" [stack: 0x000000d521100000,0x000000d521200000] [id=15380]
  0x0000027aa8a69800 ConcurrentGCThread "G1 Conc#1" [stack: 0x000000d523200000,0x000000d523300000] [id=1256]
  0x0000027a8ba2e000 ConcurrentGCThread "G1 Refine#0" [stack: 0x000000d521200000,0x000000d521300000] [id=8148]
  0x0000027aa5c02800 ConcurrentGCThread "G1 Young RemSet Sampling" [stack: 0x000000d521300000,0x000000d521400000] [id=15812]

Threads with active compile tasks:
C2 CompilerThread0  21497 12562       4       com.android.tools.r8.internal.Hj::hasNext (7 bytes)
C1 CompilerThread0  21497 13165       2       com.android.tools.r8.internal.Mv::a (430 bytes)

VM state:at safepoint (normal execution)

VM Mutex/Monitor currently owned by a thread:  ([mutex/lock_event])
[0x0000027a8b94a270] Threads_lock - owner thread: 0x0000027aa5db0800
[0x0000027a8b94a930] Heap_lock - owner thread: 0x0000027aa92b7800

Heap address: 0x0000000080000000, size: 2048 MB, Compressed Oops mode: 32-bit
Narrow klass base: 0x0000000000000000, Narrow klass shift: 3
Compressed class space size: 1073741824 Address: 0x0000000100000000

Heap:
 garbage-first heap   total 324608K, used 171814K [0x0000000080000000, 0x0000000100000000)
  region size 1024K, 6 young (6144K), 6 survivors (6144K)
 Metaspace       used 103648K, capacity 106512K, committed 106700K, reserved 1140736K
  class space    used 13583K, capacity 14722K, committed 14848K, reserved 1048576K
Heap Regions: E=young(eden), S=young(survivor), O=old, HS=humongous(starts), HC=humongous(continues), CS=collection set, F=free, A=archive, TAMS=top-at-mark-start (previous, next)
|   0|0x0000000080000000, 0x0000000080100000, 0x0000000080100000|100%| O|  |TAMS 0x0000000080100000, 0x0000000080100000| Untracked 
|   1|0x0000000080100000, 0x0000000080200000, 0x0000000080200000|100%| O|  |TAMS 0x0000000080200000, 0x0000000080200000| Untracked 
|   2|0x0000000080200000, 0x0000000080300000, 0x0000000080300000|100%| O|  |TAMS 0x0000000080300000, 0x0000000080300000| Untracked 
|   3|0x0000000080300000, 0x0000000080400000, 0x0000000080400000|100%|HS|  |TAMS 0x0000000080400000, 0x0000000080400000| Complete 
|   4|0x0000000080400000, 0x0000000080500000, 0x0000000080500000|100%|HC|  |TAMS 0x0000000080500000, 0x0000000080500000| Complete 
|   5|0x0000000080500000, 0x0000000080600000, 0x0000000080600000|100%|HC|  |TAMS 0x0000000080600000, 0x0000000080600000| Complete 
|   6|0x0000000080600000, 0x0000000080700000, 0x0000000080700000|100%| O|  |TAMS 0x0000000080700000, 0x0000000080700000| Untracked 
|   7|0x0000000080700000, 0x0000000080800000, 0x0000000080800000|100%| O|  |TAMS 0x0000000080800000, 0x0000000080800000| Untracked 
|   8|0x0000000080800000, 0x0000000080900000, 0x0000000080900000|100%| O|  |TAMS 0x0000000080900000, 0x0000000080900000| Untracked 
|   9|0x0000000080900000, 0x0000000080a00000, 0x0000000080a00000|100%| O|  |TAMS 0x0000000080a00000, 0x0000000080a00000| Untracked 
|  10|0x0000000080a00000, 0x0000000080b00000, 0x0000000080b00000|100%| O|  |TAMS 0x0000000080b00000, 0x0000000080b00000| Untracked 
|  11|0x0000000080b00000, 0x0000000080c00000, 0x0000000080c00000|100%| O|  |TAMS 0x0000000080c00000, 0x0000000080c00000| Untracked 
|  12|0x0000000080c00000, 0x0000000080d00000, 0x0000000080d00000|100%| O|  |TAMS 0x0000000080d00000, 0x0000000080d00000| Untracked 
|  13|0x0000000080d00000, 0x0000000080e00000, 0x0000000080e00000|100%| O|  |TAMS 0x0000000080e00000, 0x0000000080e00000| Untracked 
|  14|0x0000000080e00000, 0x0000000080f00000, 0x0000000080f00000|100%| O|  |TAMS 0x0000000080f00000, 0x0000000080f00000| Untracked 
|  15|0x0000000080f00000, 0x0000000081000000, 0x0000000081000000|100%| O|  |TAMS 0x0000000081000000, 0x0000000081000000| Untracked 
|  16|0x0000000081000000, 0x0000000081100000, 0x0000000081100000|100%| O|  |TAMS 0x0000000081100000, 0x0000000081100000| Untracked 
|  17|0x0000000081100000, 0x0000000081200000, 0x0000000081200000|100%| O|  |TAMS 0x0000000081200000, 0x0000000081200000| Untracked 
|  18|0x0000000081200000, 0x0000000081300000, 0x0000000081300000|100%| O|  |TAMS 0x0000000081300000, 0x0000000081300000| Untracked 
|  19|0x0000000081300000, 0x0000000081400000, 0x0000000081400000|100%| O|  |TAMS 0x0000000081400000, 0x0000000081400000| Untracked 
|  20|0x0000000081400000, 0x0000000081500000, 0x0000000081500000|100%| O|  |TAMS 0x0000000081500000, 0x0000000081500000| Untracked 
|  21|0x0000000081500000, 0x0000000081600000, 0x0000000081600000|100%| O|  |TAMS 0x0000000081600000, 0x0000000081600000| Untracked 
|  22|0x0000000081600000, 0x0000000081700000, 0x0000000081700000|100%| O|  |TAMS 0x0000000081700000, 0x0000000081700000| Untracked 
|  23|0x0000000081700000, 0x0000000081800000, 0x0000000081800000|100%| O|  |TAMS 0x0000000081800000, 0x0000000081800000| Untracked 
|  24|0x0000000081800000, 0x0000000081900000, 0x0000000081900000|100%| O|  |TAMS 0x0000000081900000, 0x0000000081900000| Untracked 
|  25|0x0000000081900000, 0x0000000081a00000, 0x0000000081a00000|100%| O|  |TAMS 0x0000000081a00000, 0x0000000081a00000| Untracked 
|  26|0x0000000081a00000, 0x0000000081b00000, 0x0000000081b00000|100%|HS|  |TAMS 0x0000000081b00000, 0x0000000081b00000| Complete 
|  27|0x0000000081b00000, 0x0000000081c00000, 0x0000000081c00000|100%|HS|  |TAMS 0x0000000081c00000, 0x0000000081c00000| Complete 
|  28|0x0000000081c00000, 0x0000000081d00000, 0x0000000081d00000|100%|HS|  |TAMS 0x0000000081d00000, 0x0000000081d00000| Complete 
|  29|0x0000000081d00000, 0x0000000081e00000, 0x0000000081e00000|100%|HS|  |TAMS 0x0000000081e00000, 0x0000000081e00000| Complete 
|  30|0x0000000081e00000, 0x0000000081f00000, 0x0000000081f00000|100%|HC|  |TAMS 0x0000000081f00000, 0x0000000081f00000| Complete 
|  31|0x0000000081f00000, 0x0000000082000000, 0x0000000082000000|100%|HC|  |TAMS 0x0000000082000000, 0x0000000082000000| Complete 
|  32|0x0000000082000000, 0x0000000082100000, 0x0000000082100000|100%|HS|  |TAMS 0x0000000082100000, 0x0000000082100000| Complete 
|  33|0x0000000082100000, 0x0000000082200000, 0x0000000082200000|100%|HC|  |TAMS 0x0000000082200000, 0x0000000082200000| Complete 
|  34|0x0000000082200000, 0x0000000082300000, 0x0000000082300000|100%| O|  |TAMS 0x0000000082300000, 0x0000000082300000| Untracked 
|  35|0x0000000082300000, 0x0000000082400000, 0x0000000082400000|100%| O|  |TAMS 0x0000000082400000, 0x0000000082400000| Untracked 
|  36|0x0000000082400000, 0x0000000082500000, 0x0000000082500000|100%| O|  |TAMS 0x0000000082500000, 0x0000000082500000| Untracked 
|  37|0x0000000082500000, 0x0000000082600000, 0x0000000082600000|100%| O|  |TAMS 0x0000000082600000, 0x0000000082600000| Untracked 
|  38|0x0000000082600000, 0x0000000082700000, 0x0000000082700000|100%| O|  |TAMS 0x0000000082700000, 0x0000000082700000| Untracked 
|  39|0x0000000082700000, 0x0000000082800000, 0x0000000082800000|100%| O|  |TAMS 0x0000000082800000, 0x0000000082800000| Untracked 
|  40|0x0000000082800000, 0x0000000082900000, 0x0000000082900000|100%| O|  |TAMS 0x0000000082900000, 0x0000000082900000| Untracked 
|  41|0x0000000082900000, 0x0000000082a00000, 0x0000000082a00000|100%| O|  |TAMS 0x0000000082a00000, 0x0000000082a00000| Untracked 
|  42|0x0000000082a00000, 0x0000000082b00000, 0x0000000082b00000|100%| O|  |TAMS 0x0000000082b00000, 0x0000000082b00000| Untracked 
|  43|0x0000000082b00000, 0x0000000082c00000, 0x0000000082c00000|100%| O|  |TAMS 0x0000000082c00000, 0x0000000082c00000| Untracked 
|  44|0x0000000082c00000, 0x0000000082d00000, 0x0000000082d00000|100%| O|  |TAMS 0x0000000082d00000, 0x0000000082d00000| Untracked 
|  45|0x0000000082d00000, 0x0000000082e00000, 0x0000000082e00000|100%| O|  |TAMS 0x0000000082e00000, 0x0000000082e00000| Untracked 
|  46|0x0000000082e00000, 0x0000000082f00000, 0x0000000082f00000|100%| O|  |TAMS 0x0000000082f00000, 0x0000000082f00000| Untracked 
|  47|0x0000000082f00000, 0x0000000083000000, 0x0000000083000000|100%| O|  |TAMS 0x0000000083000000, 0x0000000083000000| Untracked 
|  48|0x0000000083000000, 0x0000000083100000, 0x0000000083100000|100%| O|  |TAMS 0x0000000083100000, 0x0000000083100000| Untracked 
|  49|0x0000000083100000, 0x0000000083200000, 0x0000000083200000|100%| O|  |TAMS 0x0000000083200000, 0x0000000083200000| Untracked 
|  50|0x0000000083200000, 0x0000000083300000, 0x0000000083300000|100%| O|  |TAMS 0x0000000083300000, 0x0000000083300000| Untracked 
|  51|0x0000000083300000, 0x0000000083400000, 0x0000000083400000|100%| O|  |TAMS 0x0000000083400000, 0x0000000083400000| Untracked 
|  52|0x0000000083400000, 0x0000000083500000, 0x0000000083500000|100%| O|  |TAMS 0x0000000083500000, 0x0000000083500000| Untracked 
|  53|0x0000000083500000, 0x0000000083600000, 0x0000000083600000|100%| O|  |TAMS 0x0000000083600000, 0x0000000083600000| Untracked 
|  54|0x0000000083600000, 0x0000000083700000, 0x0000000083700000|100%| O|  |TAMS 0x0000000083700000, 0x0000000083700000| Untracked 
|  55|0x0000000083700000, 0x0000000083800000, 0x0000000083800000|100%| O|  |TAMS 0x0000000083800000, 0x0000000083800000| Untracked 
|  56|0x0000000083800000, 0x0000000083900000, 0x0000000083900000|100%| O|  |TAMS 0x0000000083900000, 0x0000000083900000| Untracked 
|  57|0x0000000083900000, 0x0000000083a00000, 0x0000000083a00000|100%| O|  |TAMS 0x0000000083a00000, 0x0000000083a00000| Untracked 
|  58|0x0000000083a00000, 0x0000000083b00000, 0x0000000083b00000|100%| O|  |TAMS 0x0000000083b00000, 0x0000000083b00000| Untracked 
|  59|0x0000000083b00000, 0x0000000083c00000, 0x0000000083c00000|100%| O|  |TAMS 0x0000000083c00000, 0x0000000083c00000| Untracked 
|  60|0x0000000083c00000, 0x0000000083d00000, 0x0000000083d00000|100%| O|  |TAMS 0x0000000083d00000, 0x0000000083d00000| Untracked 
|  61|0x0000000083d00000, 0x0000000083e00000, 0x0000000083e00000|100%| O|  |TAMS 0x0000000083e00000, 0x0000000083e00000| Untracked 
|  62|0x0000000083e00000, 0x0000000083f00000, 0x0000000083f00000|100%| O|  |TAMS 0x0000000083f00000, 0x0000000083f00000| Untracked 
|  63|0x0000000083f00000, 0x0000000084000000, 0x0000000084000000|100%| O|  |TAMS 0x0000000084000000, 0x0000000084000000| Untracked 
|  64|0x0000000084000000, 0x0000000084100000, 0x0000000084100000|100%| O|  |TAMS 0x0000000084100000, 0x0000000084100000| Untracked 
|  65|0x0000000084100000, 0x0000000084200000, 0x0000000084200000|100%| O|  |TAMS 0x0000000084200000, 0x0000000084200000| Untracked 
|  66|0x0000000084200000, 0x0000000084300000, 0x0000000084300000|100%| O|  |TAMS 0x0000000084300000, 0x0000000084300000| Untracked 
|  67|0x0000000084300000, 0x0000000084400000, 0x0000000084400000|100%| O|  |TAMS 0x0000000084400000, 0x0000000084400000| Untracked 
|  68|0x0000000084400000, 0x0000000084500000, 0x0000000084500000|100%| O|  |TAMS 0x0000000084500000, 0x0000000084500000| Untracked 
|  69|0x0000000084500000, 0x0000000084600000, 0x0000000084600000|100%| O|  |TAMS 0x0000000084600000, 0x0000000084600000| Untracked 
|  70|0x0000000084600000, 0x0000000084700000, 0x0000000084700000|100%| O|  |TAMS 0x0000000084700000, 0x0000000084700000| Untracked 
|  71|0x0000000084700000, 0x0000000084800000, 0x0000000084800000|100%| O|  |TAMS 0x0000000084800000, 0x0000000084800000| Untracked 
|  72|0x0000000084800000, 0x0000000084900000, 0x0000000084900000|100%| O|  |TAMS 0x0000000084900000, 0x0000000084900000| Untracked 
|  73|0x0000000084900000, 0x0000000084a00000, 0x0000000084a00000|100%| O|  |TAMS 0x0000000084a00000, 0x0000000084a00000| Untracked 
|  74|0x0000000084a00000, 0x0000000084b00000, 0x0000000084b00000|100%| O|  |TAMS 0x0000000084b00000, 0x0000000084b00000| Untracked 
|  75|0x0000000084b00000, 0x0000000084c00000, 0x0000000084c00000|100%| O|  |TAMS 0x0000000084c00000, 0x0000000084c00000| Untracked 
|  76|0x0000000084c00000, 0x0000000084d00000, 0x0000000084d00000|100%| O|  |TAMS 0x0000000084d00000, 0x0000000084d00000| Untracked 
|  77|0x0000000084d00000, 0x0000000084e00000, 0x0000000084e00000|100%| O|  |TAMS 0x0000000084e00000, 0x0000000084e00000| Untracked 
|  78|0x0000000084e00000, 0x0000000084f00000, 0x0000000084f00000|100%| O|  |TAMS 0x0000000084f00000, 0x0000000084f00000| Untracked 
|  79|0x0000000084f00000, 0x0000000085000000, 0x0000000085000000|100%| O|  |TAMS 0x0000000085000000, 0x0000000085000000| Untracked 
|  80|0x0000000085000000, 0x0000000085100000, 0x0000000085100000|100%| O|  |TAMS 0x0000000085100000, 0x0000000085100000| Untracked 
|  81|0x0000000085100000, 0x0000000085200000, 0x0000000085200000|100%| O|  |TAMS 0x0000000085200000, 0x0000000085200000| Untracked 
|  82|0x0000000085200000, 0x0000000085300000, 0x0000000085300000|100%| O|  |TAMS 0x0000000085300000, 0x0000000085300000| Untracked 
|  83|0x0000000085300000, 0x0000000085400000, 0x0000000085400000|100%| O|  |TAMS 0x0000000085400000, 0x0000000085400000| Untracked 
|  84|0x0000000085400000, 0x0000000085500000, 0x0000000085500000|100%| O|  |TAMS 0x0000000085500000, 0x0000000085500000| Untracked 
|  85|0x0000000085500000, 0x0000000085600000, 0x0000000085600000|100%| O|  |TAMS 0x0000000085600000, 0x0000000085600000| Untracked 
|  86|0x0000000085600000, 0x0000000085700000, 0x0000000085700000|100%| O|  |TAMS 0x0000000085700000, 0x0000000085700000| Untracked 
|  87|0x0000000085700000, 0x0000000085800000, 0x0000000085800000|100%| O|  |TAMS 0x0000000085800000, 0x0000000085800000| Untracked 
|  88|0x0000000085800000, 0x0000000085900000, 0x0000000085900000|100%| O|  |TAMS 0x0000000085900000, 0x0000000085900000| Untracked 
|  89|0x0000000085900000, 0x0000000085a00000, 0x0000000085a00000|100%| O|  |TAMS 0x0000000085a00000, 0x0000000085a00000| Untracked 
|  90|0x0000000085a00000, 0x0000000085b00000, 0x0000000085b00000|100%| O|  |TAMS 0x0000000085b00000, 0x0000000085b00000| Untracked 
|  91|0x0000000085b00000, 0x0000000085c00000, 0x0000000085c00000|100%|HS|  |TAMS 0x0000000085c00000, 0x0000000085c00000| Complete 
|  92|0x0000000085c00000, 0x0000000085d00000, 0x0000000085d00000|100%| O|  |TAMS 0x0000000085d00000, 0x0000000085d00000| Untracked 
|  93|0x0000000085d00000, 0x0000000085e00000, 0x0000000085e00000|100%| O|  |TAMS 0x0000000085d00000, 0x0000000085e00000| Untracked 
|  94|0x0000000085e00000, 0x0000000085ec9800, 0x0000000085f00000| 78%| O|  |TAMS 0x0000000085e00000, 0x0000000085ec9800| Untracked 
|  95|0x0000000085f00000, 0x0000000085f00000, 0x0000000086000000|  0%| F|  |TAMS 0x0000000085f00000, 0x0000000085f00000| Untracked 
|  96|0x0000000086000000, 0x0000000086100000, 0x0000000086100000|100%| O|  |TAMS 0x0000000086100000, 0x0000000086100000| Untracked 
|  97|0x0000000086100000, 0x0000000086100000, 0x0000000086200000|  0%| F|  |TAMS 0x0000000086100000, 0x0000000086100000| Untracked 
|  98|0x0000000086200000, 0x0000000086300000, 0x0000000086300000|100%| O|  |TAMS 0x0000000086300000, 0x0000000086300000| Untracked 
|  99|0x0000000086300000, 0x0000000086400000, 0x0000000086400000|100%| O|  |TAMS 0x0000000086400000, 0x0000000086400000| Untracked 
| 100|0x0000000086400000, 0x0000000086500000, 0x0000000086500000|100%| O|  |TAMS 0x0000000086500000, 0x0000000086500000| Untracked 
| 101|0x0000000086500000, 0x0000000086600000, 0x0000000086600000|100%| O|  |TAMS 0x0000000086600000, 0x0000000086600000| Untracked 
| 102|0x0000000086600000, 0x0000000086700000, 0x0000000086700000|100%| O|  |TAMS 0x0000000086700000, 0x0000000086700000| Untracked 
| 103|0x0000000086700000, 0x0000000086800000, 0x0000000086800000|100%| O|  |TAMS 0x0000000086800000, 0x0000000086800000| Untracked 
| 104|0x0000000086800000, 0x0000000086900000, 0x0000000086900000|100%| O|  |TAMS 0x0000000086900000, 0x0000000086900000| Untracked 
| 105|0x0000000086900000, 0x0000000086a00000, 0x0000000086a00000|100%| O|  |TAMS 0x0000000086a00000, 0x0000000086a00000| Untracked 
| 106|0x0000000086a00000, 0x0000000086b00000, 0x0000000086b00000|100%| O|  |TAMS 0x0000000086b00000, 0x0000000086b00000| Untracked 
| 107|0x0000000086b00000, 0x0000000086c00000, 0x0000000086c00000|100%| O|  |TAMS 0x0000000086c00000, 0x0000000086c00000| Untracked 
| 108|0x0000000086c00000, 0x0000000086d00000, 0x0000000086d00000|100%| O|  |TAMS 0x0000000086d00000, 0x0000000086d00000| Untracked 
| 109|0x0000000086d00000, 0x0000000086e00000, 0x0000000086e00000|100%| O|  |TAMS 0x0000000086e00000, 0x0000000086e00000| Untracked 
| 110|0x0000000086e00000, 0x0000000086e00000, 0x0000000086f00000|  0%| F|  |TAMS 0x0000000086e00000, 0x0000000086e00000| Untracked 
| 111|0x0000000086f00000, 0x0000000086f00000, 0x0000000087000000|  0%| F|  |TAMS 0x0000000086f00000, 0x0000000086f00000| Untracked 
| 112|0x0000000087000000, 0x0000000087100000, 0x0000000087100000|100%| O|  |TAMS 0x0000000087100000, 0x0000000087100000| Untracked 
| 113|0x0000000087100000, 0x0000000087200000, 0x0000000087200000|100%| O|  |TAMS 0x0000000087200000, 0x0000000087200000| Untracked 
| 114|0x0000000087200000, 0x0000000087300000, 0x0000000087300000|100%| O|  |TAMS 0x0000000087300000, 0x0000000087300000| Untracked 
| 115|0x0000000087300000, 0x0000000087400000, 0x0000000087400000|100%| O|  |TAMS 0x0000000087400000, 0x0000000087400000| Untracked 
| 116|0x0000000087400000, 0x0000000087500000, 0x0000000087500000|100%| O|  |TAMS 0x0000000087500000, 0x0000000087500000| Untracked 
| 117|0x0000000087500000, 0x0000000087600000, 0x0000000087600000|100%| O|  |TAMS 0x0000000087600000, 0x0000000087600000| Untracked 
| 118|0x0000000087600000, 0x0000000087700000, 0x0000000087700000|100%| O|  |TAMS 0x0000000087700000, 0x0000000087700000| Untracked 
| 119|0x0000000087700000, 0x0000000087800000, 0x0000000087800000|100%| O|  |TAMS 0x0000000087800000, 0x0000000087800000| Untracked 
| 120|0x0000000087800000, 0x0000000087900000, 0x0000000087900000|100%| O|  |TAMS 0x0000000087900000, 0x0000000087900000| Untracked 
| 121|0x0000000087900000, 0x0000000087a00000, 0x0000000087a00000|100%| O|  |TAMS 0x0000000087a00000, 0x0000000087a00000| Untracked 
| 122|0x0000000087a00000, 0x0000000087b00000, 0x0000000087b00000|100%| O|  |TAMS 0x0000000087b00000, 0x0000000087b00000| Untracked 
| 123|0x0000000087b00000, 0x0000000087c00000, 0x0000000087c00000|100%| O|  |TAMS 0x0000000087c00000, 0x0000000087c00000| Untracked 
| 124|0x0000000087c00000, 0x0000000087d00000, 0x0000000087d00000|100%| O|  |TAMS 0x0000000087d00000, 0x0000000087d00000| Untracked 
| 125|0x0000000087d00000, 0x0000000087e00000, 0x0000000087e00000|100%| O|  |TAMS 0x0000000087e00000, 0x0000000087e00000| Untracked 
| 126|0x0000000087e00000, 0x0000000087f00000, 0x0000000087f00000|100%| O|  |TAMS 0x0000000087f00000, 0x0000000087f00000| Untracked 
| 127|0x0000000087f00000, 0x0000000088000000, 0x0000000088000000|100%| O|  |TAMS 0x0000000088000000, 0x0000000088000000| Untracked 
| 128|0x0000000088000000, 0x0000000088100000, 0x0000000088100000|100%| O|  |TAMS 0x0000000088100000, 0x0000000088100000| Untracked 
| 129|0x0000000088100000, 0x0000000088200000, 0x0000000088200000|100%| O|  |TAMS 0x0000000088200000, 0x0000000088200000| Untracked 
| 130|0x0000000088200000, 0x0000000088200000, 0x0000000088300000|  0%| F|  |TAMS 0x0000000088200000, 0x0000000088200000| Untracked 
| 131|0x0000000088300000, 0x0000000088400000, 0x0000000088400000|100%| O|  |TAMS 0x0000000088400000, 0x0000000088400000| Untracked 
| 132|0x0000000088400000, 0x0000000088500000, 0x0000000088500000|100%| O|  |TAMS 0x0000000088500000, 0x0000000088500000| Untracked 
| 133|0x0000000088500000, 0x0000000088600000, 0x0000000088600000|100%| O|  |TAMS 0x0000000088600000, 0x0000000088600000| Untracked 
| 134|0x0000000088600000, 0x0000000088700000, 0x0000000088700000|100%| O|  |TAMS 0x0000000088700000, 0x0000000088700000| Untracked 
| 135|0x0000000088700000, 0x0000000088800000, 0x0000000088800000|100%| O|  |TAMS 0x0000000088800000, 0x0000000088800000| Untracked 
| 136|0x0000000088800000, 0x0000000088900000, 0x0000000088900000|100%| O|  |TAMS 0x0000000088900000, 0x0000000088900000| Untracked 
| 137|0x0000000088900000, 0x0000000088a00000, 0x0000000088a00000|100%| O|  |TAMS 0x0000000088a00000, 0x0000000088a00000| Untracked 
| 138|0x0000000088a00000, 0x0000000088b00000, 0x0000000088b00000|100%| O|  |TAMS 0x0000000088b00000, 0x0000000088b00000| Untracked 
| 139|0x0000000088b00000, 0x0000000088c00000, 0x0000000088c00000|100%| O|  |TAMS 0x0000000088c00000, 0x0000000088c00000| Untracked 
| 140|0x0000000088c00000, 0x0000000088d00000, 0x0000000088d00000|100%| O|  |TAMS 0x0000000088d00000, 0x0000000088d00000| Untracked 
| 141|0x0000000088d00000, 0x0000000088e00000, 0x0000000088e00000|100%| O|  |TAMS 0x0000000088e00000, 0x0000000088e00000| Untracked 
| 142|0x0000000088e00000, 0x0000000088f00000, 0x0000000088f00000|100%| O|  |TAMS 0x0000000088e5fe00, 0x0000000088f00000| Untracked 
| 143|0x0000000088f00000, 0x0000000089000000, 0x0000000089000000|100%| O|  |TAMS 0x0000000088f00000, 0x0000000089000000| Untracked 
| 144|0x0000000089000000, 0x0000000089100000, 0x0000000089100000|100%| O|  |TAMS 0x0000000089000000, 0x0000000089100000| Untracked 
| 145|0x0000000089100000, 0x0000000089200000, 0x0000000089200000|100%| O|  |TAMS 0x0000000089100000, 0x0000000089200000| Untracked 
| 146|0x0000000089200000, 0x0000000089300000, 0x0000000089300000|100%| O|  |TAMS 0x0000000089200000, 0x0000000089300000| Untracked 
| 147|0x0000000089300000, 0x0000000089400000, 0x0000000089400000|100%| O|  |TAMS 0x0000000089300000, 0x0000000089400000| Untracked 
| 148|0x0000000089400000, 0x0000000089500000, 0x0000000089500000|100%| O|  |TAMS 0x0000000089400000, 0x0000000089500000| Untracked 
| 149|0x0000000089500000, 0x0000000089600000, 0x0000000089600000|100%| O|  |TAMS 0x0000000089500000, 0x0000000089600000| Untracked 
| 150|0x0000000089600000, 0x0000000089700000, 0x0000000089700000|100%| O|  |TAMS 0x0000000089600000, 0x0000000089700000| Untracked 
| 151|0x0000000089700000, 0x0000000089800000, 0x0000000089800000|100%| O|  |TAMS 0x0000000089700000, 0x0000000089800000| Untracked 
| 152|0x0000000089800000, 0x0000000089900000, 0x0000000089900000|100%| O|  |TAMS 0x0000000089800000, 0x0000000089900000| Untracked 
| 153|0x0000000089900000, 0x0000000089a00000, 0x0000000089a00000|100%| O|  |TAMS 0x0000000089900000, 0x0000000089a00000| Untracked 
| 154|0x0000000089a00000, 0x0000000089b00000, 0x0000000089b00000|100%| O|  |TAMS 0x0000000089a00000, 0x0000000089b00000| Untracked 
| 155|0x0000000089b00000, 0x0000000089c00000, 0x0000000089c00000|100%| O|  |TAMS 0x0000000089b00000, 0x0000000089c00000| Untracked 
| 156|0x0000000089c00000, 0x0000000089d00000, 0x0000000089d00000|100%| O|  |TAMS 0x0000000089c00000, 0x0000000089d00000| Untracked 
| 157|0x0000000089d00000, 0x0000000089e00000, 0x0000000089e00000|100%| O|  |TAMS 0x0000000089d00000, 0x0000000089e00000| Untracked 
| 158|0x0000000089e00000, 0x0000000089f00000, 0x0000000089f00000|100%| O|  |TAMS 0x0000000089e00000, 0x0000000089f00000| Untracked 
| 159|0x0000000089f00000, 0x000000008a000000, 0x000000008a000000|100%| O|  |TAMS 0x0000000089f00000, 0x000000008a000000| Untracked 
| 160|0x000000008a000000, 0x000000008a100000, 0x000000008a100000|100%| O|  |TAMS 0x000000008a000000, 0x000000008a100000| Untracked 
| 161|0x000000008a100000, 0x000000008a200000, 0x000000008a200000|100%| O|  |TAMS 0x000000008a100000, 0x000000008a200000| Untracked 
| 162|0x000000008a200000, 0x000000008a300000, 0x000000008a300000|100%| O|  |TAMS 0x000000008a200000, 0x000000008a300000| Untracked 
| 163|0x000000008a300000, 0x000000008a400000, 0x000000008a400000|100%| O|  |TAMS 0x000000008a300000, 0x000000008a400000| Untracked 
| 164|0x000000008a400000, 0x000000008a500000, 0x000000008a500000|100%| O|  |TAMS 0x000000008a400000, 0x000000008a500000| Untracked 
| 165|0x000000008a500000, 0x000000008a600000, 0x000000008a600000|100%| O|  |TAMS 0x000000008a500000, 0x000000008a600000| Untracked 
| 166|0x000000008a600000, 0x000000008a700000, 0x000000008a700000|100%| O|  |TAMS 0x000000008a600000, 0x000000008a700000| Untracked 
| 167|0x000000008a700000, 0x000000008a700000, 0x000000008a800000|  0%| F|  |TAMS 0x000000008a700000, 0x000000008a700000| Untracked 
| 168|0x000000008a800000, 0x000000008a800000, 0x000000008a900000|  0%| F|  |TAMS 0x000000008a800000, 0x000000008a800000| Untracked 
| 169|0x000000008a900000, 0x000000008a900000, 0x000000008aa00000|  0%| F|  |TAMS 0x000000008a900000, 0x000000008a900000| Untracked 
| 170|0x000000008aa00000, 0x000000008aa00000, 0x000000008ab00000|  0%| F|  |TAMS 0x000000008aa00000, 0x000000008aa00000| Untracked 
| 171|0x000000008ab00000, 0x000000008ab00000, 0x000000008ac00000|  0%| F|  |TAMS 0x000000008ab00000, 0x000000008ab00000| Untracked 
| 172|0x000000008ac00000, 0x000000008ac00000, 0x000000008ad00000|  0%| F|  |TAMS 0x000000008ac00000, 0x000000008ac00000| Untracked 
| 173|0x000000008ad00000, 0x000000008ad00000, 0x000000008ae00000|  0%| F|  |TAMS 0x000000008ad00000, 0x000000008ad00000| Untracked 
| 174|0x000000008ae00000, 0x000000008ae00000, 0x000000008af00000|  0%| F|  |TAMS 0x000000008ae00000, 0x000000008ae00000| Untracked 
| 175|0x000000008af00000, 0x000000008af00000, 0x000000008b000000|  0%| F|  |TAMS 0x000000008af00000, 0x000000008af00000| Untracked 
| 176|0x000000008b000000, 0x000000008b000000, 0x000000008b100000|  0%| F|  |TAMS 0x000000008b000000, 0x000000008b000000| Untracked 
| 177|0x000000008b100000, 0x000000008b100000, 0x000000008b200000|  0%| F|  |TAMS 0x000000008b100000, 0x000000008b100000| Untracked 
| 178|0x000000008b200000, 0x000000008b200000, 0x000000008b300000|  0%| F|  |TAMS 0x000000008b200000, 0x000000008b200000| Untracked 
| 179|0x000000008b300000, 0x000000008b300000, 0x000000008b400000|  0%| F|  |TAMS 0x000000008b300000, 0x000000008b300000| Untracked 
| 180|0x000000008b400000, 0x000000008b400000, 0x000000008b500000|  0%| F|  |TAMS 0x000000008b400000, 0x000000008b400000| Untracked 
| 181|0x000000008b500000, 0x000000008b500000, 0x000000008b600000|  0%| F|  |TAMS 0x000000008b500000, 0x000000008b500000| Untracked 
| 182|0x000000008b600000, 0x000000008b600000, 0x000000008b700000|  0%| F|  |TAMS 0x000000008b600000, 0x000000008b600000| Untracked 
| 183|0x000000008b700000, 0x000000008b700000, 0x000000008b800000|  0%| F|  |TAMS 0x000000008b700000, 0x000000008b700000| Untracked 
| 184|0x000000008b800000, 0x000000008b800000, 0x000000008b900000|  0%| F|  |TAMS 0x000000008b800000, 0x000000008b800000| Untracked 
| 185|0x000000008b900000, 0x000000008b900000, 0x000000008ba00000|  0%| F|  |TAMS 0x000000008b900000, 0x000000008b900000| Untracked 
| 186|0x000000008ba00000, 0x000000008ba00000, 0x000000008bb00000|  0%| F|  |TAMS 0x000000008ba00000, 0x000000008ba00000| Untracked 
| 187|0x000000008bb00000, 0x000000008bb00000, 0x000000008bc00000|  0%| F|  |TAMS 0x000000008bb00000, 0x000000008bb00000| Untracked 
| 188|0x000000008bc00000, 0x000000008bc00000, 0x000000008bd00000|  0%| F|  |TAMS 0x000000008bc00000, 0x000000008bc00000| Untracked 
| 189|0x000000008bd00000, 0x000000008bd00000, 0x000000008be00000|  0%| F|  |TAMS 0x000000008bd00000, 0x000000008bd00000| Untracked 
| 190|0x000000008be00000, 0x000000008be00000, 0x000000008bf00000|  0%| F|  |TAMS 0x000000008be00000, 0x000000008be00000| Untracked 
| 191|0x000000008bf00000, 0x000000008bf00000, 0x000000008c000000|  0%| F|  |TAMS 0x000000008bf00000, 0x000000008bf00000| Untracked 
| 192|0x000000008c000000, 0x000000008c000000, 0x000000008c100000|  0%| F|  |TAMS 0x000000008c000000, 0x000000008c000000| Untracked 
| 193|0x000000008c100000, 0x000000008c100000, 0x000000008c200000|  0%| F|  |TAMS 0x000000008c100000, 0x000000008c100000| Untracked 
| 194|0x000000008c200000, 0x000000008c200000, 0x000000008c300000|  0%| F|  |TAMS 0x000000008c200000, 0x000000008c200000| Untracked 
| 195|0x000000008c300000, 0x000000008c300000, 0x000000008c400000|  0%| F|  |TAMS 0x000000008c300000, 0x000000008c300000| Untracked 
| 196|0x000000008c400000, 0x000000008c400000, 0x000000008c500000|  0%| F|  |TAMS 0x000000008c400000, 0x000000008c400000| Untracked 
| 197|0x000000008c500000, 0x000000008c500000, 0x000000008c600000|  0%| F|  |TAMS 0x000000008c500000, 0x000000008c500000| Untracked 
| 198|0x000000008c600000, 0x000000008c600000, 0x000000008c700000|  0%| F|  |TAMS 0x000000008c600000, 0x000000008c600000| Untracked 
| 199|0x000000008c700000, 0x000000008c700000, 0x000000008c800000|  0%| F|  |TAMS 0x000000008c700000, 0x000000008c700000| Untracked 
| 200|0x000000008c800000, 0x000000008c800000, 0x000000008c900000|  0%| F|  |TAMS 0x000000008c800000, 0x000000008c800000| Untracked 
| 201|0x000000008c900000, 0x000000008c900000, 0x000000008ca00000|  0%| F|  |TAMS 0x000000008c900000, 0x000000008c900000| Untracked 
| 202|0x000000008ca00000, 0x000000008ca00000, 0x000000008cb00000|  0%| F|  |TAMS 0x000000008ca00000, 0x000000008ca00000| Untracked 
| 203|0x000000008cb00000, 0x000000008cb00000, 0x000000008cc00000|  0%| F|  |TAMS 0x000000008cb00000, 0x000000008cb00000| Untracked 
| 204|0x000000008cc00000, 0x000000008cc00000, 0x000000008cd00000|  0%| F|  |TAMS 0x000000008cc00000, 0x000000008cc00000| Untracked 
| 205|0x000000008cd00000, 0x000000008cd00000, 0x000000008ce00000|  0%| F|  |TAMS 0x000000008cd00000, 0x000000008cd00000| Untracked 
| 206|0x000000008ce00000, 0x000000008ce00000, 0x000000008cf00000|  0%| F|  |TAMS 0x000000008ce00000, 0x000000008ce00000| Untracked 
| 207|0x000000008cf00000, 0x000000008cf00000, 0x000000008d000000|  0%| F|  |TAMS 0x000000008cf00000, 0x000000008cf00000| Untracked 
| 208|0x000000008d000000, 0x000000008d000000, 0x000000008d100000|  0%| F|  |TAMS 0x000000008d000000, 0x000000008d000000| Untracked 
| 209|0x000000008d100000, 0x000000008d100000, 0x000000008d200000|  0%| F|  |TAMS 0x000000008d100000, 0x000000008d100000| Untracked 
| 210|0x000000008d200000, 0x000000008d200000, 0x000000008d300000|  0%| F|  |TAMS 0x000000008d200000, 0x000000008d200000| Untracked 
| 211|0x000000008d300000, 0x000000008d400000, 0x000000008d400000|100%| S|CS|TAMS 0x000000008d300000, 0x000000008d300000| Complete 
| 212|0x000000008d400000, 0x000000008d500000, 0x000000008d500000|100%| S|CS|TAMS 0x000000008d400000, 0x000000008d400000| Complete 
| 213|0x000000008d500000, 0x000000008d600000, 0x000000008d600000|100%| S|CS|TAMS 0x000000008d500000, 0x000000008d500000| Complete 
| 214|0x000000008d600000, 0x000000008d700000, 0x000000008d700000|100%| S|CS|TAMS 0x000000008d600000, 0x000000008d600000| Complete 
| 215|0x000000008d700000, 0x000000008d800000, 0x000000008d800000|100%| S|CS|TAMS 0x000000008d700000, 0x000000008d700000| Complete 
| 216|0x000000008d800000, 0x000000008d900000, 0x000000008d900000|100%| S|CS|TAMS 0x000000008d800000, 0x000000008d800000| Complete 
| 217|0x000000008d900000, 0x000000008d900000, 0x000000008da00000|  0%| F|  |TAMS 0x000000008d900000, 0x000000008d900000| Untracked 
| 218|0x000000008da00000, 0x000000008da00000, 0x000000008db00000|  0%| F|  |TAMS 0x000000008da00000, 0x000000008da00000| Untracked 
| 219|0x000000008db00000, 0x000000008db00000, 0x000000008dc00000|  0%| F|  |TAMS 0x000000008db00000, 0x000000008db00000| Untracked 
| 220|0x000000008dc00000, 0x000000008dc00000, 0x000000008dd00000|  0%| F|  |TAMS 0x000000008dc00000, 0x000000008dc00000| Untracked 
| 221|0x000000008dd00000, 0x000000008dd00000, 0x000000008de00000|  0%| F|  |TAMS 0x000000008dd00000, 0x000000008dd00000| Untracked 
| 222|0x000000008de00000, 0x000000008de00000, 0x000000008df00000|  0%| F|  |TAMS 0x000000008de00000, 0x000000008de00000| Untracked 
| 223|0x000000008df00000, 0x000000008df00000, 0x000000008e000000|  0%| F|  |TAMS 0x000000008df00000, 0x000000008df00000| Untracked 
| 224|0x000000008e000000, 0x000000008e000000, 0x000000008e100000|  0%| F|  |TAMS 0x000000008e000000, 0x000000008e000000| Untracked 
| 225|0x000000008e100000, 0x000000008e100000, 0x000000008e200000|  0%| F|  |TAMS 0x000000008e100000, 0x000000008e100000| Untracked 
| 226|0x000000008e200000, 0x000000008e200000, 0x000000008e300000|  0%| F|  |TAMS 0x000000008e200000, 0x000000008e200000| Untracked 
| 227|0x000000008e300000, 0x000000008e300000, 0x000000008e400000|  0%| F|  |TAMS 0x000000008e300000, 0x000000008e300000| Untracked 
| 228|0x000000008e400000, 0x000000008e400000, 0x000000008e500000|  0%| F|  |TAMS 0x000000008e400000, 0x000000008e400000| Untracked 
| 229|0x000000008e500000, 0x000000008e500000, 0x000000008e600000|  0%| F|  |TAMS 0x000000008e500000, 0x000000008e500000| Untracked 
| 230|0x000000008e600000, 0x000000008e600000, 0x000000008e700000|  0%| F|  |TAMS 0x000000008e600000, 0x000000008e600000| Untracked 
| 231|0x000000008e700000, 0x000000008e700000, 0x000000008e800000|  0%| F|  |TAMS 0x000000008e700000, 0x000000008e700000| Untracked 
| 232|0x000000008e800000, 0x000000008e800000, 0x000000008e900000|  0%| F|  |TAMS 0x000000008e800000, 0x000000008e800000| Untracked 
| 233|0x000000008e900000, 0x000000008e900000, 0x000000008ea00000|  0%| F|  |TAMS 0x000000008e900000, 0x000000008e900000| Untracked 
| 234|0x000000008ea00000, 0x000000008ea00000, 0x000000008eb00000|  0%| F|  |TAMS 0x000000008ea00000, 0x000000008ea00000| Untracked 
| 235|0x000000008eb00000, 0x000000008eb00000, 0x000000008ec00000|  0%| F|  |TAMS 0x000000008eb00000, 0x000000008eb00000| Untracked 
| 236|0x000000008ec00000, 0x000000008ec00000, 0x000000008ed00000|  0%| F|  |TAMS 0x000000008ec00000, 0x000000008ec00000| Untracked 
| 237|0x000000008ed00000, 0x000000008ed00000, 0x000000008ee00000|  0%| F|  |TAMS 0x000000008ed00000, 0x000000008ed00000| Untracked 
| 238|0x000000008ee00000, 0x000000008ee00000, 0x000000008ef00000|  0%| F|  |TAMS 0x000000008ee00000, 0x000000008ee00000| Untracked 
| 239|0x000000008ef00000, 0x000000008ef00000, 0x000000008f000000|  0%| F|  |TAMS 0x000000008ef00000, 0x000000008ef00000| Untracked 
| 240|0x000000008f000000, 0x000000008f000000, 0x000000008f100000|  0%| F|  |TAMS 0x000000008f000000, 0x000000008f000000| Untracked 
| 241|0x000000008f100000, 0x000000008f100000, 0x000000008f200000|  0%| F|  |TAMS 0x000000008f100000, 0x000000008f100000| Untracked 
| 242|0x000000008f200000, 0x000000008f200000, 0x000000008f300000|  0%| F|  |TAMS 0x000000008f200000, 0x000000008f200000| Untracked 
| 243|0x000000008f300000, 0x000000008f300000, 0x000000008f400000|  0%| F|  |TAMS 0x000000008f300000, 0x000000008f300000| Untracked 
| 244|0x000000008f400000, 0x000000008f400000, 0x000000008f500000|  0%| F|  |TAMS 0x000000008f400000, 0x000000008f400000| Untracked 
| 245|0x000000008f500000, 0x000000008f500000, 0x000000008f600000|  0%| F|  |TAMS 0x000000008f500000, 0x000000008f500000| Untracked 
| 246|0x000000008f600000, 0x000000008f600000, 0x000000008f700000|  0%| F|  |TAMS 0x000000008f600000, 0x000000008f600000| Untracked 
| 247|0x000000008f700000, 0x000000008f700000, 0x000000008f800000|  0%| F|  |TAMS 0x000000008f700000, 0x000000008f700000| Untracked 
| 248|0x000000008f800000, 0x000000008f800000, 0x000000008f900000|  0%| F|  |TAMS 0x000000008f800000, 0x000000008f800000| Untracked 
| 249|0x000000008f900000, 0x000000008f900000, 0x000000008fa00000|  0%| F|  |TAMS 0x000000008f900000, 0x000000008f900000| Untracked 
| 250|0x000000008fa00000, 0x000000008fa00000, 0x000000008fb00000|  0%| F|  |TAMS 0x000000008fa00000, 0x000000008fa00000| Untracked 
| 251|0x000000008fb00000, 0x000000008fb00000, 0x000000008fc00000|  0%| F|  |TAMS 0x000000008fb00000, 0x000000008fb00000| Untracked 
| 252|0x000000008fc00000, 0x000000008fc00000, 0x000000008fd00000|  0%| F|  |TAMS 0x000000008fc00000, 0x000000008fc00000| Untracked 
| 253|0x000000008fd00000, 0x000000008fd00000, 0x000000008fe00000|  0%| F|  |TAMS 0x000000008fd00000, 0x000000008fd00000| Untracked 
| 254|0x000000008fe00000, 0x000000008fe00000, 0x000000008ff00000|  0%| F|  |TAMS 0x000000008fe00000, 0x000000008fe00000| Untracked 
| 255|0x000000008ff00000, 0x000000008ff00000, 0x0000000090000000|  0%| F|  |TAMS 0x000000008ff00000, 0x000000008ff00000| Untracked 
| 256|0x0000000090000000, 0x0000000090000000, 0x0000000090100000|  0%| F|  |TAMS 0x0000000090000000, 0x0000000090000000| Untracked 
| 257|0x0000000090100000, 0x0000000090100000, 0x0000000090200000|  0%| F|  |TAMS 0x0000000090100000, 0x0000000090100000| Untracked 
| 258|0x0000000090200000, 0x0000000090200000, 0x0000000090300000|  0%| F|  |TAMS 0x0000000090200000, 0x0000000090200000| Untracked 
| 259|0x0000000090300000, 0x0000000090300000, 0x0000000090400000|  0%| F|  |TAMS 0x0000000090300000, 0x0000000090300000| Untracked 
| 260|0x0000000090400000, 0x0000000090400000, 0x0000000090500000|  0%| F|  |TAMS 0x0000000090400000, 0x0000000090400000| Untracked 
| 261|0x0000000090500000, 0x0000000090500000, 0x0000000090600000|  0%| F|  |TAMS 0x0000000090500000, 0x0000000090500000| Untracked 
| 262|0x0000000090600000, 0x0000000090600000, 0x0000000090700000|  0%| F|  |TAMS 0x0000000090600000, 0x0000000090600000| Untracked 
| 263|0x0000000090700000, 0x0000000090700000, 0x0000000090800000|  0%| F|  |TAMS 0x0000000090700000, 0x0000000090700000| Untracked 

Card table byte_map: [0x0000027a9eb70000,0x0000027a9ef70000] _byte_map_base: 0x0000027a9e770000

Marking Bits (Prev, Next): (CMBitMap*) 0x0000027a8b9925d0, (CMBitMap*) 0x0000027a8b992598
 Prev Bits: [0x0000027aa1370000, 0x0000027aa3370000)
 Next Bits: [0x0000027a9f370000, 0x0000027aa1370000)

Polling page: 0x0000027a89ae0000

Metaspace:

Usage:
  Non-class:     89.64 MB capacity,    87.95 MB ( 98%) used,     1.36 MB (  2%) free+waste,   332.94 KB ( <1%) overhead. 
      Class:     14.38 MB capacity,    13.27 MB ( 92%) used,   980.50 KB (  7%) free+waste,   157.94 KB (  1%) overhead. 
       Both:    104.02 MB capacity,   101.22 MB ( 97%) used,     2.32 MB (  2%) free+waste,   490.88 KB ( <1%) overhead. 

Virtual space:
  Non-class space:       90.00 MB reserved,      89.70 MB (>99%) committed 
      Class space:        1.00 GB reserved,      14.50 MB (  1%) committed 
             Both:        1.09 GB reserved,     104.20 MB (  9%) committed 

Chunk freelists:
   Non-Class:  0 bytes
       Class:  0 bytes
        Both:  0 bytes

MaxMetaspaceSize: 17179869184.00 GB
CompressedClassSpaceSize: 1.00 GB

CodeHeap 'non-profiled nmethods': size=120000Kb used=4887Kb max_used=4887Kb free=115113Kb
 bounds [0x0000027a96f10000, 0x0000027a973e0000, 0x0000027a9e440000]
CodeHeap 'profiled nmethods': size=120000Kb used=25249Kb max_used=25249Kb free=94750Kb
 bounds [0x0000027a8f9e0000, 0x0000027a91290000, 0x0000027a96f10000]
CodeHeap 'non-nmethods': size=5760Kb used=2311Kb max_used=2341Kb free=3448Kb
 bounds [0x0000027a8f440000, 0x0000027a8f6b0000, 0x0000027a8f9e0000]
 total_blobs=13681 nmethods=12765 adapters=826
 compilation: enabled
              stopped_count=0, restarted_count=0
 full_count=0

Compilation events (20 events):
Event: 21.443 Thread 0x0000027aa673a000 nmethod 12685 0x0000027a973d4890 code [0x0000027a973d4a20, 0x0000027a973d4ab8]
Event: 21.443 Thread 0x0000027aa673a000 12703       4       com.android.tools.r8.internal.QG::f0 (8 bytes)
Event: 21.443 Thread 0x0000027aa673b800 nmethod 13157 0x0000027a91286e90 code [0x0000027a912870a0, 0x0000027a91287358]
Event: 21.443 Thread 0x0000027aa673b800 13162       2       com.android.tools.r8.internal.Nv::d (14 bytes)
Event: 21.444 Thread 0x0000027aa673b800 nmethod 13162 0x0000027a91287590 code [0x0000027a91287740, 0x0000027a91287888]
Event: 21.444 Thread 0x0000027aa673b800 13133       1       com.android.tools.r8.internal.Nv::O (2 bytes)
Event: 21.444 Thread 0x0000027aa673b800 nmethod 13133 0x0000027a973d4b90 code [0x0000027a973d4d40, 0x0000027a973d4df8]
Event: 21.444 Thread 0x0000027aa673b800 13163       2       com.android.tools.r8.ir.regalloc.b::A (50 bytes)
Event: 21.444 Thread 0x0000027aa673a000 nmethod 12703 0x0000027a973d4e90 code [0x0000027a973d5020, 0x0000027a973d50b8]
Event: 21.444 Thread 0x0000027aa673b800 nmethod 13163 0x0000027a91287990 code [0x0000027a91287b40, 0x0000027a91287c78]
Event: 21.444 Thread 0x0000027aa673a000 12606       4       com.android.tools.r8.internal.gk::a0 (2 bytes)
Event: 21.444 Thread 0x0000027aa673b800 13164       2       com.android.tools.r8.internal.af::e2 (81 bytes)
Event: 21.445 Thread 0x0000027aa673a000 nmethod 12606 0x0000027a973d5190 code [0x0000027a973d5320, 0x0000027a973d5378]
Event: 21.445 Thread 0x0000027aa673a000 12584       4       com.android.tools.r8.internal.n2::hasNext (10 bytes)
Event: 21.447 Thread 0x0000027aa673b800 nmethod 13164 0x0000027a91287d10 code [0x0000027a91287f20, 0x0000027a912883d8]
Event: 21.447 Thread 0x0000027aa673b800 13165       2       com.android.tools.r8.internal.Mv::a (430 bytes)
Event: 21.447 Thread 0x0000027aa673a000 nmethod 12584 0x0000027a973d5410 code [0x0000027a973d55a0, 0x0000027a973d5638]
Event: 21.447 Thread 0x0000027aa673a000 12572       4       com.android.tools.r8.internal.HA::size (6 bytes)
Event: 21.448 Thread 0x0000027aa673a000 nmethod 12572 0x0000027a973d5710 code [0x0000027a973d58a0, 0x0000027a973d5918]
Event: 21.448 Thread 0x0000027aa673a000 12562       4       com.android.tools.r8.internal.Hj::hasNext (7 bytes)

GC Heap History (20 events):
Event: 16.897 GC heap after
{Heap after GC invocations=22 (full 0):
 garbage-first heap   total 225280K, used 93362K [0x0000000080000000, 0x0000000100000000)
  region size 1024K, 9 young (9216K), 9 survivors (9216K)
 Metaspace       used 88408K, capacity 90731K, committed 91084K, reserved 1128448K
  class space    used 11344K, capacity 12181K, committed 12288K, reserved 1048576K
}
Event: 17.923 GC heap before
{Heap before GC invocations=22 (full 0):
 garbage-first heap   total 225280K, used 170162K [0x0000000080000000, 0x0000000100000000)
  region size 1024K, 85 young (87040K), 9 survivors (9216K)
 Metaspace       used 92661K, capacity 94926K, committed 95180K, reserved 1132544K
  class space    used 11858K, capacity 12719K, committed 12800K, reserved 1048576K
}
Event: 17.935 GC heap after
{Heap after GC invocations=23 (full 0):
 garbage-first heap   total 225280K, used 95453K [0x0000000080000000, 0x0000000100000000)
  region size 1024K, 3 young (3072K), 3 survivors (3072K)
 Metaspace       used 92661K, capacity 94926K, committed 95180K, reserved 1132544K
  class space    used 11858K, capacity 12719K, committed 12800K, reserved 1048576K
}
Event: 18.584 GC heap before
{Heap before GC invocations=23 (full 0):
 garbage-first heap   total 225280K, used 174301K [0x0000000080000000, 0x0000000100000000)
  region size 1024K, 81 young (82944K), 3 survivors (3072K)
 Metaspace       used 93167K, capacity 95527K, committed 95820K, reserved 1132544K
  class space    used 11924K, capacity 12828K, committed 12928K, reserved 1048576K
}
Event: 18.594 GC heap after
{Heap after GC invocations=24 (full 0):
 garbage-first heap   total 225280K, used 100393K [0x0000000080000000, 0x0000000100000000)
  region size 1024K, 8 young (8192K), 8 survivors (8192K)
 Metaspace       used 93167K, capacity 95527K, committed 95820K, reserved 1132544K
  class space    used 11924K, capacity 12828K, committed 12928K, reserved 1048576K
}
Event: 19.146 GC heap before
{Heap before GC invocations=24 (full 0):
 garbage-first heap   total 225280K, used 178217K [0x0000000080000000, 0x0000000100000000)
  region size 1024K, 84 young (86016K), 8 survivors (8192K)
 Metaspace       used 95309K, capacity 97745K, committed 97868K, reserved 1134592K
  class space    used 12239K, capacity 13139K, committed 13184K, reserved 1048576K
}
Event: 19.162 GC heap after
{Heap after GC invocations=25 (full 0):
 garbage-first heap   total 225280K, used 121940K [0x0000000080000000, 0x0000000100000000)
  region size 1024K, 11 young (11264K), 11 survivors (11264K)
 Metaspace       used 95309K, capacity 97745K, committed 97868K, reserved 1134592K
  class space    used 12239K, capacity 13139K, committed 13184K, reserved 1048576K
}
Event: 19.780 GC heap before
{Heap before GC invocations=25 (full 0):
 garbage-first heap   total 225280K, used 176212K [0x0000000080000000, 0x0000000100000000)
  region size 1024K, 65 young (66560K), 11 survivors (11264K)
 Metaspace       used 97401K, capacity 100027K, committed 100044K, reserved 1136640K
  class space    used 12563K, capacity 13553K, committed 13568K, reserved 1048576K
}
Event: 19.805 GC heap after
{Heap after GC invocations=26 (full 0):
 garbage-first heap   total 225280K, used 138718K [0x0000000080000000, 0x0000000100000000)
  region size 1024K, 9 young (9216K), 9 survivors (9216K)
 Metaspace       used 97401K, capacity 100027K, committed 100044K, reserved 1136640K
  class space    used 12563K, capacity 13553K, committed 13568K, reserved 1048576K
}
Event: 20.193 GC heap before
{Heap before GC invocations=27 (full 0):
 garbage-first heap   total 225280K, used 178654K [0x0000000080000000, 0x0000000100000000)
  region size 1024K, 49 young (50176K), 9 survivors (9216K)
 Metaspace       used 98303K, capacity 100814K, committed 101324K, reserved 1136640K
  class space    used 12641K, capacity 13593K, committed 13824K, reserved 1048576K
}
Event: 20.215 GC heap after
{Heap after GC invocations=28 (full 0):
 garbage-first heap   total 225280K, used 143360K [0x0000000080000000, 0x0000000100000000)
  region size 1024K, 7 young (7168K), 7 survivors (7168K)
 Metaspace       used 98303K, capacity 100814K, committed 101324K, reserved 1136640K
  class space    used 12641K, capacity 13593K, committed 13824K, reserved 1048576K
}
Event: 20.397 GC heap before
{Heap before GC invocations=28 (full 0):
 garbage-first heap   total 225280K, used 180224K [0x0000000080000000, 0x0000000100000000)
  region size 1024K, 44 young (45056K), 7 survivors (7168K)
 Metaspace       used 99711K, capacity 102512K, committed 102604K, reserved 1138688K
  class space    used 12934K, capacity 14043K, committed 14080K, reserved 1048576K
}
Event: 20.412 GC heap after
{Heap after GC invocations=29 (full 0):
 garbage-first heap   total 270336K, used 151935K [0x0000000080000000, 0x0000000100000000)
  region size 1024K, 6 young (6144K), 6 survivors (6144K)
 Metaspace       used 99711K, capacity 102512K, committed 102604K, reserved 1138688K
  class space    used 12934K, capacity 14043K, committed 14080K, reserved 1048576K
}
Event: 20.742 GC heap before
{Heap before GC invocations=29 (full 0):
 garbage-first heap   total 270336K, used 202111K [0x0000000080000000, 0x0000000100000000)
  region size 1024K, 55 young (56320K), 6 survivors (6144K)
 Metaspace       used 100704K, capacity 103386K, committed 103884K, reserved 1138688K
  class space    used 13095K, capacity 14149K, committed 14336K, reserved 1048576K
}
Event: 20.760 GC heap after
{Heap after GC invocations=30 (full 0):
 garbage-first heap   total 270336K, used 161196K [0x0000000080000000, 0x0000000100000000)
  region size 1024K, 7 young (7168K), 7 survivors (7168K)
 Metaspace       used 100704K, capacity 103386K, committed 103884K, reserved 1138688K
  class space    used 13095K, capacity 14149K, committed 14336K, reserved 1048576K
}
Event: 21.193 GC heap before
{Heap before GC invocations=31 (full 0):
 garbage-first heap   total 270336K, used 207276K [0x0000000080000000, 0x0000000100000000)
  region size 1024K, 53 young (54272K), 7 survivors (7168K)
 Metaspace       used 102615K, capacity 105426K, committed 105676K, reserved 1140736K
  class space    used 13417K, capacity 14532K, committed 14592K, reserved 1048576K
}
Event: 21.214 GC heap after
{Heap after GC invocations=32 (full 0):
 garbage-first heap   total 270336K, used 171762K [0x0000000080000000, 0x0000000100000000)
  region size 1024K, 7 young (7168K), 7 survivors (7168K)
 Metaspace       used 102615K, capacity 105426K, committed 105676K, reserved 1140736K
  class space    used 13417K, capacity 14532K, committed 14592K, reserved 1048576K
}
Event: 21.245 GC heap before
{Heap before GC invocations=32 (full 0):
 garbage-first heap   total 270336K, used 177906K [0x0000000080000000, 0x0000000100000000)
  region size 1024K, 13 young (13312K), 7 survivors (7168K)
 Metaspace       used 102700K, capacity 105496K, committed 105676K, reserved 1140736K
  class space    used 13437K, capacity 14534K, committed 14592K, reserved 1048576K
}
Event: 21.259 GC heap after
{Heap after GC invocations=33 (full 0):
 garbage-first heap   total 270336K, used 165888K [0x0000000080000000, 0x0000000100000000)
  region size 1024K, 2 young (2048K), 2 survivors (2048K)
 Metaspace       used 102700K, capacity 105496K, committed 105676K, reserved 1140736K
  class space    used 13437K, capacity 14534K, committed 14592K, reserved 1048576K
}
Event: 21.449 GC heap before
{Heap before GC invocations=33 (full 0):
 garbage-first heap   total 270336K, used 210944K [0x0000000080000000, 0x0000000100000000)
  region size 1024K, 47 young (48128K), 2 survivors (2048K)
 Metaspace       used 103648K, capacity 106512K, committed 106700K, reserved 1140736K
  class space    used 13583K, capacity 14722K, committed 14848K, reserved 1048576K
}

Deoptimization events (20 events):
Event: 21.130 Thread 0x0000027aa92bc000 DEOPT PACKING pc=0x0000027a972f7c10 sp=0x000000d5245f9810
Event: 21.130 Thread 0x0000027aa92bc000 DEOPT UNPACKING pc=0x0000027a8f4678af sp=0x000000d5245f97f0 mode 2
Event: 21.149 Thread 0x0000027aa92c1800 DEOPT PACKING pc=0x0000027a911998c7 sp=0x000000d5248f8900
Event: 21.149 Thread 0x0000027aa92c1800 DEOPT UNPACKING pc=0x0000027a8f4676ce sp=0x000000d5248f7d68 mode 0
Event: 21.165 Thread 0x0000027aa92c1800 Uncommon trap: trap_request=0xffffff4d fr.pc=0x0000027a971c1568 relative=0x00000000000027c8
Event: 21.165 Thread 0x0000027aa92c1800 Uncommon trap: reason=unstable_if action=reinterpret pc=0x0000027a971c1568 method=java.util.TreeMap.put(Ljava/lang/Object;Ljava/lang/Object;)Ljava/lang/Object; @ 163 c2
Event: 21.165 Thread 0x0000027aa92c1800 DEOPT PACKING pc=0x0000027a971c1568 sp=0x000000d5248f98a0
Event: 21.165 Thread 0x0000027aa92c1800 DEOPT UNPACKING pc=0x0000027a8f4678af sp=0x000000d5248f9860 mode 2
Event: 21.264 Thread 0x0000027aa92c1800 Uncommon trap: trap_request=0xffffff4d fr.pc=0x0000027a973b5cac relative=0x000000000000178c
Event: 21.264 Thread 0x0000027aa92c1800 Uncommon trap: reason=unstable_if action=reinterpret pc=0x0000027a973b5cac method=com.android.tools.r8.internal.oh.a(ILjava/lang/Object;)Ljava/lang/Object; @ 448 c2
Event: 21.264 Thread 0x0000027aa92c1800 DEOPT PACKING pc=0x0000027a973b5cac sp=0x000000d5248f9860
Event: 21.264 Thread 0x0000027aa92c1800 DEOPT UNPACKING pc=0x0000027a8f4678af sp=0x000000d5248f9830 mode 2
Event: 21.365 Thread 0x0000027aa92ba000 DEOPT PACKING pc=0x0000027a91215ee3 sp=0x000000d5241f9c40
Event: 21.365 Thread 0x0000027aa92ba000 DEOPT UNPACKING pc=0x0000027a8f4676ce sp=0x000000d5241f90d8 mode 0
Event: 21.366 Thread 0x0000027aa92ba000 Uncommon trap: trap_request=0xffffff4d fr.pc=0x0000027a9737a1d0 relative=0x0000000000000230
Event: 21.366 Thread 0x0000027aa92ba000 Uncommon trap: reason=unstable_if action=reinterpret pc=0x0000027a9737a1d0 method=com.android.tools.r8.graph.c0.a([C)I @ 44 c2
Event: 21.366 Thread 0x0000027aa92ba000 DEOPT PACKING pc=0x0000027a9737a1d0 sp=0x000000d5241f9c30
Event: 21.366 Thread 0x0000027aa92ba000 DEOPT UNPACKING pc=0x0000027a8f4678af sp=0x000000d5241f9ba8 mode 2
Event: 21.399 Thread 0x0000027aa92bb000 DEOPT PACKING pc=0x0000027a91252546 sp=0x000000d5244f9560
Event: 21.399 Thread 0x0000027aa92bb000 DEOPT UNPACKING pc=0x0000027a8f4676ce sp=0x000000d5244f89d8 mode 0

Classes redefined (0 events):
No events

Internal exceptions (20 events):
Event: 20.361 Thread 0x0000027aa92c1800 Exception <a 'java/lang/NoSuchMethodError'{0x000000008c080388}: 'java.lang.Object java.lang.invoke.DirectMethodHandle$Holder.invokeStatic(java.lang.Object, int, java.lang.Object, java.lang.Object)'> (0x000000008c080388) thrown at [./src/hotspot/share/interpreter/linkResolver.cpp, line 773]
Event: 20.361 Thread 0x0000027aa92bb000 Exception <a 'java/lang/NoSuchMethodError'{0x000000008c01caa8}: 'java.lang.Object java.lang.invoke.DirectMethodHandle$Holder.invokeStatic(java.lang.Object, int, java.lang.Object, java.lang.Object)'> (0x000000008c01caa8) thrown at [./src/hotspot/share/interpreter/linkResolver.cpp, line 773]
Event: 20.480 Thread 0x0000027aa92be800 Exception <a 'java/lang/NoSuchMethodError'{0x000000008fa3d700}: 'java.lang.Object java.lang.invoke.Invokers$Holder.linkToTargetMethod(java.lang.Object, java.lang.Object, java.lang.Object, java.lang.Object, java.lang.Object, java.lang.Object, java.lang.Object)'> (0x000000008fa3d700) thrown at [./src/hotspot/share/interpreter/linkResolver.cpp, line 773]
Event: 20.480 Thread 0x0000027aa92bd800 Exception <a 'java/lang/NoSuchMethodError'{0x00000000901af3c0}: 'java.lang.Object java.lang.invoke.Invokers$Holder.linkToTargetMethod(java.lang.Object, java.lang.Object, java.lang.Object, java.lang.Object, java.lang.Object, java.lang.Object, java.lang.Object)'> (0x00000000901af3c0) thrown at [./src/hotspot/share/interpreter/linkResolver.cpp, line 773]
Event: 20.500 Thread 0x0000027aa92bd800 Exception <a 'java/lang/NoSuchMethodError'{0x000000008f7f7d80}: 'int java.lang.invoke.DirectMethodHandle$Holder.invokeSpecial(java.lang.Object, java.lang.Object, java.lang.Object, java.lang.Object, java.lang.Object)'> (0x000000008f7f7d80) thrown at [./src/hotspot/share/interpreter/linkResolver.cpp, line 773]
Event: 20.646 Thread 0x0000027aa92bb000 Exception <a 'java/lang/NoSuchMethodError'{0x000000008e1346e0}: 'java.lang.Object java.lang.invoke.DirectMethodHandle$Holder.invokeVirtual(java.lang.Object, java.lang.Object, int, java.lang.Object)'> (0x000000008e1346e0) thrown at [./src/hotspot/share/interpreter/linkResolver.cpp, line 773]
Event: 20.646 Thread 0x0000027aa92c1800 Exception <a 'java/lang/NoSuchMethodError'{0x000000008e2318a0}: 'java.lang.Object java.lang.invoke.DirectMethodHandle$Holder.invokeVirtual(java.lang.Object, java.lang.Object, int, java.lang.Object)'> (0x000000008e2318a0) thrown at [./src/hotspot/share/interpreter/linkResolver.cpp, line 773]
Event: 20.646 Thread 0x0000027aa92be800 Exception <a 'java/lang/NoSuchMethodError'{0x000000008e4a3160}: 'java.lang.Object java.lang.invoke.DirectMethodHandle$Holder.invokeVirtual(java.lang.Object, java.lang.Object, int, java.lang.Object)'> (0x000000008e4a3160) thrown at [./src/hotspot/share/interpreter/linkResolver.cpp, line 773]
Event: 20.646 Thread 0x0000027aa92bc000 Exception <a 'java/lang/NoSuchMethodError'{0x000000008e13baf0}: 'java.lang.Object java.lang.invoke.DirectMethodHandle$Holder.invokeVirtual(java.lang.Object, java.lang.Object, int, java.lang.Object)'> (0x000000008e13baf0) thrown at [./src/hotspot/share/interpreter/linkResolver.cpp, line 773]
Event: 20.657 Thread 0x0000027aa92ba000 Exception <a 'java/lang/NoSuchMethodError'{0x000000008e373340}: 'java.lang.Object java.lang.invoke.DirectMethodHandle$Holder.invokeVirtual(java.lang.Object, java.lang.Object, int, java.lang.Object)'> (0x000000008e373340) thrown at [./src/hotspot/share/interpreter/linkResolver.cpp, line 773]
Event: 20.765 Thread 0x0000027aa92be800 Exception <a 'java/lang/NoSuchMethodError'{0x00000000907b6260}: 'void java.lang.invoke.DirectMethodHandle$Holder.invokeVirtual(java.lang.Object, java.lang.Object, int, java.lang.Object)'> (0x00000000907b6260) thrown at [./src/hotspot/share/interpreter/linkResolver.cpp, line 773]
Event: 20.822 Thread 0x0000027aa92be800 Exception <a 'java/lang/IncompatibleClassChangeError'{0x000000008fd049a0}: Found class java.lang.Object, but interface was expected> (0x000000008fd049a0) thrown at [./src/hotspot/share/interpreter/linkResolver.cpp, line 839]
Event: 20.829 Thread 0x0000027aa92be800 Exception <a 'java/lang/IncompatibleClassChangeError'{0x000000008fda4b20}: Found class java.lang.Object, but interface was expected> (0x000000008fda4b20) thrown at [./src/hotspot/share/interpreter/linkResolver.cpp, line 839]
Event: 20.979 Thread 0x0000027aa92bc800 Exception <a 'java/lang/NoSuchMethodError'{0x000000008ef69918}: 'java.lang.Object java.lang.invoke.DirectMethodHandle$Holder.newInvokeSpecial(java.lang.Object, int)'> (0x000000008ef69918) thrown at [./src/hotspot/share/interpreter/linkResolver.cpp, line 773]
Event: 21.188 Thread 0x0000027aa92c1800 Exception <a 'java/lang/NoSuchMethodError'{0x000000008dbcf7b8}: 'int java.lang.invoke.DirectMethodHandle$Holder.invokeInterface(java.lang.Object, java.lang.Object, int)'> (0x000000008dbcf7b8) thrown at [./src/hotspot/share/interpreter/linkResolver.cpp, line 773]
Event: 21.405 Thread 0x0000027aa92be800 Exception <a 'java/lang/NoSuchMethodError'{0x000000008e4d32a8}: 'void java.lang.invoke.DirectMethodHandle$Holder.invokeSpecial(java.lang.Object, java.lang.Object, int, java.lang.Object, java.lang.Object, java.lang.Object, java.lang.Object)'> (0x000000008e4d32a8) thrown at [./src/hotspot/share/interpreter/linkResolver.cpp, line 773]
Event: 21.406 Thread 0x0000027aa92be800 Exception <a 'java/lang/NoSuchMethodError'{0x000000008e3ba9b0}: 'java.lang.Object java.lang.invoke.Invokers$Holder.linkToTargetMethod(java.lang.Object, int, java.lang.Object, java.lang.Object, java.lang.Object, java.lang.Object)'> (0x000000008e3ba9b0) thrown at [./src/hotspot/share/interpreter/linkResolver.cpp, line 773]
Event: 21.407 Thread 0x0000027aa92be800 Exception <a 'java/lang/NoSuchMethodError'{0x000000008e3bee60}: 'void java.lang.invoke.DirectMethodHandle$Holder.invokeSpecial(java.lang.Object, java.lang.Object, java.lang.Object, java.lang.Object, java.lang.Object, java.lang.Object, java.lang.Object, java.lang.Object, java.lang.Object)'> (0x000000008e3bee60) thrown at [./src/hotspot/share/interpreter/linkResolver.cpp, line 773]
Event: 21.415 Thread 0x0000027aa92c1800 Exception <a 'java/lang/NoSuchMethodError'{0x000000008e1c78d8}: 'java.lang.Object java.lang.invoke.DirectMethodHandle$Holder.invokeInterface(java.lang.Object, java.lang.Object, int)'> (0x000000008e1c78d8) thrown at [./src/hotspot/share/interpreter/linkResolver.cpp, line 773]
Event: 21.415 Thread 0x0000027aa92be800 Exception <a 'java/lang/NoSuchMethodError'{0x000000008e1e8710}: 'void java.lang.invoke.DirectMethodHandle$Holder.invokeStatic(java.lang.Object, java.lang.Object, java.lang.Object, java.lang.Object, java.lang.Object, java.lang.Object, java.lang.Object, java.lang.Object)'> (0x000000008e1e8710) thrown at [./src/hotspot/share/interpreter/linkResolver.cpp, line 773]

Events (20 events):
Event: 21.438 loading class com/android/tools/r8/dex/w done
Event: 21.438 loading class com/android/tools/r8/internal/GE
Event: 21.438 loading class com/android/tools/r8/internal/GE done
Event: 21.438 loading class com/android/tools/r8/internal/GE
Event: 21.438 loading class com/android/tools/r8/internal/GE done
Event: 21.438 loading class com/android/tools/r8/internal/FE
Event: 21.438 loading class com/android/tools/r8/internal/FE done
Event: 21.439 loading class com/android/tools/r8/graph/E$b
Event: 21.439 loading class com/android/tools/r8/graph/E$b done
Event: 21.439 loading class com/android/tools/r8/graph/E$b
Event: 21.439 loading class com/android/tools/r8/graph/E$b done
Event: 21.439 loading class com/android/tools/r8/graph/E$b
Event: 21.439 loading class com/android/tools/r8/graph/E$b done
Event: 21.439 loading class com/android/tools/r8/code/R3
Event: 21.439 loading class com/android/tools/r8/code/R3 done
Event: 21.439 loading class com/android/tools/r8/graph/E$b
Event: 21.439 loading class com/android/tools/r8/graph/E$b done
Event: 21.445 Executing VM operation: G1CollectForAllocation
Event: 21.446 Executing VM operation: G1CollectForAllocation done
Event: 21.449 Executing VM operation: G1CollectForAllocation


Dynamic libraries:
0x00007ff674cf0000 - 0x00007ff674cfa000 	C:\Program Files\Android\Android Studio1\jre\bin\java.exe
0x00007ffee6580000 - 0x00007ffee6789000 	C:\WINDOWS\SYSTEM32\ntdll.dll
0x00007ffee5200000 - 0x00007ffee52bd000 	C:\WINDOWS\System32\KERNEL32.DLL
0x00007ffee3c10000 - 0x00007ffee3f84000 	C:\WINDOWS\System32\KERNELBASE.dll
0x00007ffed0300000 - 0x00007ffed0317000 	C:\Program Files\Android\Android Studio1\jre\bin\VCRUNTIME140.dll
0x00007ffed02a0000 - 0x00007ffed02b9000 	C:\Program Files\Android\Android Studio1\jre\bin\jli.dll
0x00007ffee4dc0000 - 0x00007ffee4f6c000 	C:\WINDOWS\System32\USER32.dll
0x00007ffee40c0000 - 0x00007ffee40e6000 	C:\WINDOWS\System32\win32u.dll
0x00007ffee5920000 - 0x00007ffee5949000 	C:\WINDOWS\System32\GDI32.dll
0x00007ffee4190000 - 0x00007ffee42a2000 	C:\WINDOWS\System32\gdi32full.dll
0x00007ffee40f0000 - 0x00007ffee418d000 	C:\WINDOWS\System32\msvcp_win.dll
0x00007ffee3a70000 - 0x00007ffee3b81000 	C:\WINDOWS\System32\ucrtbase.dll
0x00007ffece2f0000 - 0x00007ffece595000 	C:\WINDOWS\WinSxS\amd64_microsoft.windows.common-controls_6595b64144ccf1df_6.0.22000.120_none_9d947278b86cc467\COMCTL32.dll
0x00007ffee5950000 - 0x00007ffee59f3000 	C:\WINDOWS\System32\msvcrt.dll
0x00007ffee4d80000 - 0x00007ffee4db1000 	C:\WINDOWS\System32\IMM32.DLL
0x00007ffeaca90000 - 0x00007ffeacb2d000 	C:\Program Files\Android\Android Studio1\jre\bin\msvcp140.dll
0x00007ffe973a0000 - 0x00007ffe97e6f000 	C:\Program Files\Android\Android Studio1\jre\bin\server\jvm.dll
0x00007ffee4f70000 - 0x00007ffee501e000 	C:\WINDOWS\System32\ADVAPI32.dll
0x00007ffee5160000 - 0x00007ffee51fe000 	C:\WINDOWS\System32\sechost.dll
0x00007ffee5040000 - 0x00007ffee5160000 	C:\WINDOWS\System32\RPCRT4.dll
0x00007ffec1120000 - 0x00007ffec1129000 	C:\WINDOWS\SYSTEM32\WSOCK32.dll
0x00007ffee5a00000 - 0x00007ffee5a08000 	C:\WINDOWS\System32\PSAPI.DLL
0x00007ffee5a10000 - 0x00007ffee5a7f000 	C:\WINDOWS\System32\WS2_32.dll
0x00007ffedc4b0000 - 0x00007ffedc4e3000 	C:\WINDOWS\SYSTEM32\WINMM.dll
0x00007ffed5670000 - 0x00007ffed567a000 	C:\WINDOWS\SYSTEM32\VERSION.dll
0x00007ffee2c60000 - 0x00007ffee2c78000 	C:\WINDOWS\SYSTEM32\kernel.appcore.dll
0x00007ffedc920000 - 0x00007ffedc931000 	C:\Program Files\Android\Android Studio1\jre\bin\verify.dll
0x00007ffee1070000 - 0x00007ffee1291000 	C:\WINDOWS\SYSTEM32\DBGHELP.DLL
0x00007ffec4850000 - 0x00007ffec4881000 	C:\WINDOWS\SYSTEM32\dbgcore.DLL
0x00007ffee3b90000 - 0x00007ffee3c0f000 	C:\WINDOWS\System32\bcryptPrimitives.dll
0x00007ffedc610000 - 0x00007ffedc639000 	C:\Program Files\Android\Android Studio1\jre\bin\java.dll
0x00007ffedd910000 - 0x00007ffedd91b000 	C:\Program Files\Android\Android Studio1\jre\bin\jimage.dll
0x00007ffed2de0000 - 0x00007ffed2df8000 	C:\Program Files\Android\Android Studio1\jre\bin\zip.dll
0x00007ffee5a80000 - 0x00007ffee622e000 	C:\WINDOWS\System32\SHELL32.dll
0x00007ffee1bf0000 - 0x00007ffee2458000 	C:\WINDOWS\SYSTEM32\windows.storage.dll
0x00007ffee4a00000 - 0x00007ffee4d78000 	C:\WINDOWS\System32\combase.dll
0x00007ffee1a80000 - 0x00007ffee1be6000 	C:\WINDOWS\SYSTEM32\wintypes.dll
0x00007ffee6230000 - 0x00007ffee631a000 	C:\WINDOWS\System32\SHCORE.dll
0x00007ffee53f0000 - 0x00007ffee544d000 	C:\WINDOWS\System32\shlwapi.dll
0x00007ffee39a0000 - 0x00007ffee39c1000 	C:\WINDOWS\SYSTEM32\profapi.dll
0x00007ffed0240000 - 0x00007ffed025a000 	C:\Program Files\Android\Android Studio1\jre\bin\net.dll
0x00007ffeddd60000 - 0x00007ffedde6c000 	C:\WINDOWS\SYSTEM32\WINHTTP.dll
0x00007ffee3090000 - 0x00007ffee30f7000 	C:\WINDOWS\system32\mswsock.dll
0x00007ffed00b0000 - 0x00007ffed00c4000 	C:\Program Files\Android\Android Studio1\jre\bin\nio.dll
0x00007ffed0320000 - 0x00007ffed0347000 	C:\Users\ASUS\.gradle\native\8bec1ad78214c89d9ad589b4d07fe93259594b29d510b10fafb7a158f7737e5d\windows-amd64\native-platform.dll
0x00007ffea23e0000 - 0x00007ffea251d000 	C:\Users\ASUS\.gradle\native\53dbd7edfb1c66fb8903c78663c9afc45aea4f116125fa6feffd364cf09443e8\windows-amd64\native-platform-file-events.dll
0x00007ffedc4f0000 - 0x00007ffedc4fa000 	C:\Program Files\Android\Android Studio1\jre\bin\management.dll
0x00007ffed2dd0000 - 0x00007ffed2ddc000 	C:\Program Files\Android\Android Studio1\jre\bin\management_ext.dll
0x00007ffee32d0000 - 0x00007ffee32e8000 	C:\WINDOWS\SYSTEM32\CRYPTSP.dll
0x00007ffee2bc0000 - 0x00007ffee2bf5000 	C:\WINDOWS\system32\rsaenh.dll
0x00007ffee3180000 - 0x00007ffee31a9000 	C:\WINDOWS\SYSTEM32\USERENV.dll
0x00007ffee3450000 - 0x00007ffee3477000 	C:\WINDOWS\SYSTEM32\bcrypt.dll
0x00007ffee32f0000 - 0x00007ffee32fc000 	C:\WINDOWS\SYSTEM32\CRYPTBASE.dll
0x00007ffee2790000 - 0x00007ffee27bd000 	C:\WINDOWS\SYSTEM32\IPHLPAPI.DLL
0x00007ffee52c0000 - 0x00007ffee52c9000 	C:\WINDOWS\System32\NSI.dll
0x00007ffeddf40000 - 0x00007ffeddf59000 	C:\WINDOWS\SYSTEM32\dhcpcsvc6.DLL
0x00007ffede330000 - 0x00007ffede34e000 	C:\WINDOWS\SYSTEM32\dhcpcsvc.DLL
0x00007ffee2800000 - 0x00007ffee28e7000 	C:\WINDOWS\SYSTEM32\DNSAPI.dll

dbghelp: loaded successfully - version: 4.0.5 - missing functions: none
symbol engine: initialized successfully - sym options: 0x614 - pdb path: .;C:\Program Files\Android\Android Studio1\jre\bin;C:\WINDOWS\SYSTEM32;C:\WINDOWS\WinSxS\amd64_microsoft.windows.common-controls_6595b64144ccf1df_6.0.22000.120_none_9d947278b86cc467;C:\Program Files\Android\Android Studio1\jre\bin\server;C:\Users\ASUS\.gradle\native\8bec1ad78214c89d9ad589b4d07fe93259594b29d510b10fafb7a158f7737e5d\windows-amd64;C:\Users\ASUS\.gradle\native\53dbd7edfb1c66fb8903c78663c9afc45aea4f116125fa6feffd364cf09443e8\windows-amd64

VM Arguments:
jvm_args: --add-opens=java.base/java.util=ALL-UNNAMED --add-opens=java.base/java.lang=ALL-UNNAMED --add-opens=java.base/java.lang.invoke=ALL-UNNAMED --add-opens=java.base/java.util=ALL-UNNAMED --add-opens=java.prefs/java.util.prefs=ALL-UNNAMED --add-opens=java.prefs/java.util.prefs=ALL-UNNAMED --add-opens=java.base/java.nio.charset=ALL-UNNAMED --add-opens=java.base/java.net=ALL-UNNAMED --add-opens=java.base/java.util.concurrent.atomic=ALL-UNNAMED -Xmx2048m -Dfile.encoding=UTF-8 -Duser.country=ID -Duser.language=en -Duser.variant 
java_command: org.gradle.launcher.daemon.bootstrap.GradleDaemon 7.0.2
java_class_path (initial): C:\Users\ASUS\.gradle\wrapper\dists\gradle-7.0.2-bin\857tjihv64xamwrf0h14cai3r\gradle-7.0.2\lib\gradle-launcher-7.0.2.jar
Launcher Type: SUN_STANDARD

[Global flags]
     intx CICompilerCount                          = 4                                         {product} {ergonomic}
     uint ConcGCThreads                            = 2                                         {product} {ergonomic}
     uint G1ConcRefinementThreads                  = 8                                         {product} {ergonomic}
   size_t G1HeapRegionSize                         = 1048576                                   {product} {ergonomic}
    uintx GCDrainStackTargetSize                   = 64                                        {product} {ergonomic}
   size_t InitialHeapSize                          = 132120576                                 {product} {ergonomic}
   size_t MarkStackSize                            = 4194304                                   {product} {ergonomic}
   size_t MaxHeapSize                              = 2147483648                                {product} {command line}
   size_t MaxNewSize                               = 1287651328                                {product} {ergonomic}
   size_t MinHeapDeltaBytes                        = 1048576                                   {product} {ergonomic}
    uintx NonNMethodCodeHeapSize                   = 5836300                                {pd product} {ergonomic}
    uintx NonProfiledCodeHeapSize                  = 122910970                              {pd product} {ergonomic}
    uintx ProfiledCodeHeapSize                     = 122910970                              {pd product} {ergonomic}
    uintx ReservedCodeCacheSize                    = 251658240                              {pd product} {ergonomic}
     bool SegmentedCodeCache                       = true                                      {product} {ergonomic}
     bool UseCompressedClassPointers               = true                                 {lp64_product} {ergonomic}
     bool UseCompressedOops                        = true                                 {lp64_product} {ergonomic}
     bool UseG1GC                                  = true                                      {product} {ergonomic}
     bool UseLargePagesIndividualAllocation        = false                                  {pd product} {ergonomic}

Logging:
Log output configuration:
 #0: stdout all=warning uptime,level,tags
 #1: stderr all=off uptime,level,tags

Environment Variables:
PATH=C:\Users\ASUS\platform-tools_r31.0.3-windows\platform-tools\systrace\catapult\common\bin;C:\Python310\;C:\ProgramData\Oracle\Java\javapath;C:\Program Files\Common Files\Oracle\Java\javapath;C:\Windows\system32;C:\Windows;C:\Windows\System32\Wbem;C:\Windows\System32\WindowsPowerShell\v1.0\;C:\Windows\System32\OpenSSH\;C:\Program Files (x86)\NVIDIA Corporation\PhysX\Common;C:\Program Files\NVIDIA Corporation\NVIDIA NvDLISR;C:\composer;C:\ProgramData\ComposerSetup\bin;C:\Program Files\gradle-6.9.1\bin;C:\WINDOWS\system32;C:\WINDOWS;C:\WINDOWS\System32\Wbem;C:\WINDOWS\System32\WindowsPowerShell\v1.0\;C:\WINDOWS\System32\OpenSSH\;C:\Program Files\nodejs\;C:\ProgramData\chocolatey\bin;C:\Users\ASUS\flutter\bin;C:\Program Files\Git\bin;C:\Program Files\Git\cmd;C:\Users\ASUS\AppData\Local\Android\sdk\tools\bin;C:\Users\ASUS\flutter\bin;C:\Users\ASUS\AppData\Local\Microsoft\WindowsApps;C:\Program Files\MongoDB\Server\4.4\bin;C:\xampp\php;C:\Users\ASUS\AppData\Roaming\Composer\vendor\bin;C:\Python27;C:\Program Files\gradle-6.9.1\bin;C:\Users\ASUS\AppData\Roaming\npm;C:\Users\ASUS\AppData\Local\Android\sdk\tools\bin;C:\Users\ASUS\AppData\Local\Programs\Microsoft VS Code\bin
USERNAME=ASUS
OS=Windows_NT
PROCESSOR_IDENTIFIER=Intel64 Family 6 Model 158 Stepping 10, GenuineIntel



---------------  S Y S T E M  ---------------

OS: Windows 10 , 64 bit Build 22000 (10.0.22000.434)
OS uptime: 9 days 2:20 hours

CPU:total 8 (initial active 8) (4 cores per cpu, 2 threads per core) family 6 model 158 stepping 10 microcode 0xde, cmov, cx8, fxsr, mmx, sse, sse2, sse3, ssse3, sse4.1, sse4.2, popcnt, avx, avx2, aes, clmul, erms, 3dnowpref, lzcnt, ht, tsc, tscinvbit, bmi1, bmi2, adx, fma

Memory: 4k page, system-wide physical 8047M (97M free)
TotalPageFile size 32623M (AvailPageFile size 13M)
current process WorkingSet (physical memory assigned to process): 587M, peak: 587M
current process commit charge ("private bytes"): 679M, peak: 732M

vm_info: OpenJDK 64-Bit Server VM (11.0.10+0-b96-7249189) for windows-amd64 JRE (11.0.10+0-b96-7249189), built on Mar 31 2021 21:44:00 by "builder" with MS VC++ 14.0 (VS2015)

END.
