#
# There is insufficient memory for the Java Runtime Environment to continue.
# Native memory allocation (mmap) failed to map 55574528 bytes for Failed to commit area from 0x0000000090800000 to 0x0000000093d00000 of length 55574528.
# Possible reasons:
#   The system is out of physical RAM or swap space
#   The process is running with CompressedOops enabled, and the Java Heap may be blocking the growth of the native heap
# Possible solutions:
#   Reduce memory load on the system
#   Increase physical memory or swap space
#   Check if swap backing store is full
#   Decrease Java heap size (-Xmx/-Xms)
#   Decrease number of Java threads
#   Decrease Java thread stack sizes (-Xss)
#   Set larger code cache with -XX:ReservedCodeCacheSize=
#   JVM is running with Unscaled Compressed Oops mode in which the Java heap is
#     placed in the first 4GB address space. The Java Heap base address is the
#     maximum limit for the native heap growth. Please use -XX:HeapBaseMinAddress
#     to set the Java Heap base and to place the Java Heap above 4GB virtual address.
# This output file may be truncated or incomplete.
#
#  Out of Memory Error (./src/hotspot/os/windows/os_windows.cpp:3301), pid=16632, tid=6940
#
# JRE version: OpenJDK Runtime Environment (11.0.10) (build 11.0.10+0-b96-7249189)
# Java VM: OpenJDK 64-Bit Server VM (11.0.10+0-b96-7249189, mixed mode, tiered, compressed oops, g1 gc, windows-amd64)
# No core dump will be written. Minidumps are not enabled by default on client versions of Windows
#

---------------  S U M M A R Y ------------

Command Line: --add-opens=java.base/java.util=ALL-UNNAMED --add-opens=java.base/java.lang=ALL-UNNAMED --add-opens=java.base/java.lang.invoke=ALL-UNNAMED --add-opens=java.base/java.util=ALL-UNNAMED --add-opens=java.prefs/java.util.prefs=ALL-UNNAMED --add-opens=java.prefs/java.util.prefs=ALL-UNNAMED --add-opens=java.base/java.nio.charset=ALL-UNNAMED --add-opens=java.base/java.net=ALL-UNNAMED --add-opens=java.base/java.util.concurrent.atomic=ALL-UNNAMED -Xmx2048m -Dfile.encoding=UTF-8 -Duser.country=ID -Duser.language=en -Duser.variant org.gradle.launcher.daemon.bootstrap.GradleDaemon 7.0.2

Host: Intel(R) Core(TM) i5-8300H CPU @ 2.30GHz, 8 cores, 7G,  Windows 10 , 64 bit Build 22000 (10.0.22000.434)
Time: Wed Mar 30 10:26:05 2022 SE Asia Standard Time elapsed time: 70.334897 seconds (0d 0h 1m 10s)

---------------  T H R E A D  ---------------

Current thread (0x000001f81f102000):  VMThread "VM Thread" [stack: 0x0000004b35200000,0x0000004b35300000] [id=6940]

Stack: [0x0000004b35200000,0x0000004b35300000]
[error occurred during error reporting (printing stack bounds), id 0xc0000005, EXCEPTION_ACCESS_VIOLATION (0xc0000005) at pc=0x000001f808790f2d]

Native frames: (J=compiled Java code, j=interpreted, Vv=VM code, C=native code)
V  [jvm.dll+0x5ecfaa]
V  [jvm.dll+0x722bd5]
V  [jvm.dll+0x72412d]
V  [jvm.dll+0x724745]
V  [jvm.dll+0x7246fb]
V  [jvm.dll+0x5ec348]
V  [jvm.dll+0x5ecad8]
C  [ntdll.dll+0xa86ef]
C  [ntdll.dll+0x35aea]
C  [ntdll.dll+0xa76fe]
C  0x000001f808790f2d

VM_Operation (0x0000004b38af9a00): G1CollectForAllocation, mode: safepoint, requested by thread 0x000001f8226a4000


---------------  P R O C E S S  ---------------

Threads class SMR info:
_java_thread_list=0x000001f831997c20, length=68, elements={
0x000001f804ca3000, 0x000001f81f105800, 0x000001f81f10e800, 0x000001f81f121800,
0x000001f81f122800, 0x000001f81f126000, 0x000001f81f12f000, 0x000001f81fa98000,
0x000001f81fa99000, 0x000001f81fbe0800, 0x000001f81fbde000, 0x000001f81fbdf000,
0x000001f81fbdd800, 0x000001f81fbe0000, 0x000001f81fbdc800, 0x000001f821aba000,
0x000001f821ab8800, 0x000001f821ab9000, 0x000001f821abf000, 0x000001f821abb800,
0x000001f821abc800, 0x000001f81fc17800, 0x000001f81fc1c800, 0x000001f81fc18800,
0x000001f81fc1a000, 0x000001f81fc17000, 0x000001f81fc1e000, 0x000001f81fc1f000,
0x000001f81fc19000, 0x000001f81fc20000, 0x000001f82269a000, 0x000001f82269b000,
0x000001f822697000, 0x000001f822697800, 0x000001f82269b800, 0x000001f822698800,
0x000001f822696000, 0x000001f82269c800, 0x000001f82269d800, 0x000001f82269e000,
0x000001f82269f000, 0x000001f822699800, 0x000001f8226a3000, 0x000001f8226a0800,
0x000001f8226a1800, 0x000001f8226a0000, 0x000001f8226a2000, 0x000001f8226a4000,
0x000001f8226a4800, 0x000001f81fc20800, 0x000001f81fc1b000, 0x000001f81fc21800,
0x000001f81fc1b800, 0x000001f81fc1d800, 0x000001f81fc22000, 0x000001f81fc24800,
0x000001f81fc25800, 0x000001f821abd000, 0x000001f821aba800, 0x000001f821abe000,
0x000001f81fbe1800, 0x000001f81fbe3000, 0x000001f81fbe2000, 0x000001f82b788800,
0x000001f82b786000, 0x000001f82b78b000, 0x000001f82b787000, 0x000001f82b78a000
}

Java Threads: ( => current thread )
  0x000001f804ca3000 JavaThread "main" [_thread_blocked, id=288, stack(0x0000004b34c00000,0x0000004b34d00000)]
  0x000001f81f105800 JavaThread "Reference Handler" daemon [_thread_blocked, id=6232, stack(0x0000004b35300000,0x0000004b35400000)]
  0x000001f81f10e800 JavaThread "Finalizer" daemon [_thread_blocked, id=16148, stack(0x0000004b35400000,0x0000004b35500000)]
  0x000001f81f121800 JavaThread "Signal Dispatcher" daemon [_thread_blocked, id=14532, stack(0x0000004b35500000,0x0000004b35600000)]
  0x000001f81f122800 JavaThread "Attach Listener" daemon [_thread_blocked, id=12344, stack(0x0000004b35600000,0x0000004b35700000)]
  0x000001f81f126000 JavaThread "Service Thread" daemon [_thread_blocked, id=12228, stack(0x0000004b35700000,0x0000004b35800000)]
  0x000001f81f12f000 JavaThread "C2 CompilerThread0" daemon [_thread_in_native, id=13240, stack(0x0000004b35800000,0x0000004b35900000)]
  0x000001f81fa98000 JavaThread "C1 CompilerThread0" daemon [_thread_blocked, id=9284, stack(0x0000004b35900000,0x0000004b35a00000)]
  0x000001f81fa99000 JavaThread "Sweeper thread" daemon [_thread_blocked, id=10076, stack(0x0000004b35a00000,0x0000004b35b00000)]
  0x000001f81fbe0800 JavaThread "Common-Cleaner" daemon [_thread_blocked, id=10260, stack(0x0000004b35b00000,0x0000004b35c00000)]
  0x000001f81fbde000 JavaThread "Daemon health stats" [_thread_blocked, id=8824, stack(0x0000004b35f00000,0x0000004b36000000)]
  0x000001f81fbdf000 JavaThread "Incoming local TCP Connector on port 54409" [_thread_in_native, id=17648, stack(0x0000004b36000000,0x0000004b36100000)]
  0x000001f81fbdd800 JavaThread "Daemon periodic checks" [_thread_blocked, id=12020, stack(0x0000004b36400000,0x0000004b36500000)]
  0x000001f81fbe0000 JavaThread "Daemon" [_thread_blocked, id=2596, stack(0x0000004b36500000,0x0000004b36600000)]
  0x000001f81fbdc800 JavaThread "Daemon worker" [_thread_blocked, id=15644, stack(0x0000004b36800000,0x0000004b36900000)]
  0x000001f821aba000 JavaThread "Cache worker for file hash cache (C:\Users\ASUS\.gradle\caches\7.0.2\fileHashes)" [_thread_blocked, id=5476, stack(0x0000004b36c00000,0x0000004b36d00000)]
  0x000001f821ab8800 JavaThread "File lock request listener" [_thread_in_native, id=11996, stack(0x0000004b36d00000,0x0000004b36e00000)]
  0x000001f821ab9000 JavaThread "Cache worker for journal cache (C:\Users\ASUS\.gradle\caches\journal-1)" [_thread_blocked, id=15080, stack(0x0000004b37100000,0x0000004b37200000)]
  0x000001f821abf000 JavaThread "File watcher server" daemon [_thread_blocked, id=17764, stack(0x0000004b37300000,0x0000004b37400000)]
  0x000001f821abb800 JavaThread "File watcher consumer" daemon [_thread_blocked, id=16380, stack(0x0000004b37400000,0x0000004b37500000)]
  0x000001f821abc800 JavaThread "jar transforms" [_thread_blocked, id=10612, stack(0x0000004b37500000,0x0000004b37600000)]
  0x000001f81fc17800 JavaThread "jar transforms Thread 2" [_thread_blocked, id=10932, stack(0x0000004b37600000,0x0000004b37700000)]
  0x000001f81fc1c800 JavaThread "jar transforms Thread 3" [_thread_blocked, id=13716, stack(0x0000004b37700000,0x0000004b37800000)]
  0x000001f81fc18800 JavaThread "jar transforms Thread 4" [_thread_blocked, id=8248, stack(0x0000004b37800000,0x0000004b37900000)]
  0x000001f81fc1a000 JavaThread "jar transforms Thread 5" [_thread_blocked, id=11700, stack(0x0000004b37900000,0x0000004b37a00000)]
  0x000001f81fc17000 JavaThread "jar transforms Thread 6" [_thread_blocked, id=7972, stack(0x0000004b37a00000,0x0000004b37b00000)]
  0x000001f81fc1e000 JavaThread "jar transforms Thread 7" [_thread_blocked, id=5016, stack(0x0000004b37b00000,0x0000004b37c00000)]
  0x000001f81fc1f000 JavaThread "jar transforms Thread 8" [_thread_blocked, id=3076, stack(0x0000004b37c00000,0x0000004b37d00000)]
  0x000001f81fc19000 JavaThread "Cache worker for execution history cache (C:\Users\ASUS\.gradle\caches\7.0.2\executionHistory)" [_thread_blocked, id=12448, stack(0x0000004b38000000,0x0000004b38100000)]
  0x000001f81fc20000 JavaThread "Cache worker for file content cache (C:\Users\ASUS\.gradle\caches\7.0.2\fileContent)" [_thread_blocked, id=8832, stack(0x0000004b38100000,0x0000004b38200000)]
  0x000001f82269a000 JavaThread "Memory manager" [_thread_blocked, id=4144, stack(0x0000004b38c00000,0x0000004b38d00000)]
  0x000001f82269b000 JavaThread "pool-3-thread-1" [_thread_blocked, id=9916, stack(0x0000004b38d00000,0x0000004b38e00000)]
  0x000001f822697000 JavaThread "Handler for socket connection from /127.0.0.1:54409 to /127.0.0.1:54425" [_thread_in_native, id=13560, stack(0x0000004b36900000,0x0000004b36a00000)]
  0x000001f822697800 JavaThread "Cancel handler" [_thread_blocked, id=2860, stack(0x0000004b36a00000,0x0000004b36b00000)]
  0x000001f82269b800 JavaThread "Asynchronous log dispatcher for DefaultDaemonConnection: socket connection from /127.0.0.1:54409 to /127.0.0.1:54425" [_thread_blocked, id=17024, stack(0x0000004b36b00000,0x0000004b36c00000)]
  0x000001f822698800 JavaThread "Stdin handler" [_thread_blocked, id=13912, stack(0x0000004b37200000,0x0000004b37300000)]
  0x000001f822696000 JavaThread "Daemon client event forwarder" [_thread_blocked, id=12412, stack(0x0000004b37d00000,0x0000004b37e00000)]
  0x000001f82269c800 JavaThread "Cache worker for file hash cache (C:\Users\ASUS\AndroidStudioProjects\gigiibuhamil\.gradle\7.0.2\fileHashes)" [_thread_blocked, id=16712, stack(0x0000004b37e00000,0x0000004b37f00000)]
  0x000001f82269d800 JavaThread "Cache worker for checksums cache (C:\Users\ASUS\AndroidStudioProjects\gigiibuhamil\.gradle\checksums)" [_thread_blocked, id=15368, stack(0x0000004b37f00000,0x0000004b38000000)]
  0x000001f82269e000 JavaThread "Cache worker for cache directory md-supplier (C:\Users\ASUS\.gradle\caches\7.0.2\md-supplier)" [_thread_blocked, id=4640, stack(0x0000004b38200000,0x0000004b38300000)]
  0x000001f82269f000 JavaThread "Cache worker for cache directory md-rule (C:\Users\ASUS\.gradle\caches\7.0.2\md-rule)" [_thread_blocked, id=6848, stack(0x0000004b38300000,0x0000004b38400000)]
  0x000001f822699800 JavaThread "Cache worker for dependencies-accessors (C:\Users\ASUS\AndroidStudioProjects\gigiibuhamil\.gradle\7.0.2\dependencies-accessors)" [_thread_blocked, id=5720, stack(0x0000004b38400000,0x0000004b38500000)]
  0x000001f8226a3000 JavaThread "Cache worker for Build Output Cleanup Cache (C:\Users\ASUS\AndroidStudioProjects\gigiibuhamil\.gradle\buildOutputCleanup)" [_thread_blocked, id=15188, stack(0x0000004b38500000,0x0000004b38600000)]
  0x000001f8226a0800 JavaThread "Build operations" [_thread_blocked, id=2796, stack(0x0000004b38600000,0x0000004b38700000)]
  0x000001f8226a1800 JavaThread "Build operations Thread 2" [_thread_blocked, id=9296, stack(0x0000004b38700000,0x0000004b38800000)]
  0x000001f8226a0000 JavaThread "Build operations Thread 3" [_thread_blocked, id=8468, stack(0x0000004b38800000,0x0000004b38900000)]
  0x000001f8226a2000 JavaThread "Build operations Thread 4" [_thread_blocked, id=9148, stack(0x0000004b38900000,0x0000004b38a00000)]
  0x000001f8226a4000 JavaThread "Build operations Thread 5" [_thread_blocked, id=8912, stack(0x0000004b38a00000,0x0000004b38b00000)]
  0x000001f8226a4800 JavaThread "Build operations Thread 6" [_thread_blocked, id=1304, stack(0x0000004b38b00000,0x0000004b38c00000)]
  0x000001f81fc20800 JavaThread "Build operations Thread 7" [_thread_blocked, id=3416, stack(0x0000004b38e00000,0x0000004b38f00000)]
  0x000001f81fc1b000 JavaThread "Build operations Thread 8" [_thread_blocked, id=10820, stack(0x0000004b38f00000,0x0000004b39000000)]
  0x000001f81fc21800 JavaThread "build event listener" [_thread_blocked, id=15020, stack(0x0000004b39000000,0x0000004b39100000)]
  0x000001f81fc1b800 JavaThread "pool-6-thread-1" [_thread_blocked, id=2364, stack(0x0000004b39100000,0x0000004b39200000)]
  0x000001f81fc1d800 JavaThread "build event listener" [_thread_blocked, id=11344, stack(0x0000004b39200000,0x0000004b39300000)]
  0x000001f81fc22000 JavaThread "Execution worker for ':'" [_thread_blocked, id=16484, stack(0x0000004b39300000,0x0000004b39400000)]
  0x000001f81fc24800 JavaThread "Execution worker for ':' Thread 2" [_thread_blocked, id=15128, stack(0x0000004b39400000,0x0000004b39500000)]
  0x000001f81fc25800 JavaThread "Execution worker for ':' Thread 3" [_thread_blocked, id=13464, stack(0x0000004b39500000,0x0000004b39600000)]
  0x000001f821abd000 JavaThread "Execution worker for ':' Thread 4" [_thread_blocked, id=9836, stack(0x0000004b39600000,0x0000004b39700000)]
  0x000001f821aba800 JavaThread "Execution worker for ':' Thread 5" [_thread_blocked, id=9268, stack(0x0000004b39700000,0x0000004b39800000)]
  0x000001f821abe000 JavaThread "Execution worker for ':' Thread 6" [_thread_blocked, id=5468, stack(0x0000004b39800000,0x0000004b39900000)]
  0x000001f81fbe1800 JavaThread "Execution worker for ':' Thread 7" [_thread_blocked, id=6832, stack(0x0000004b39900000,0x0000004b39a00000)]
  0x000001f81fbe3000 JavaThread "Cache worker for execution history cache (C:\Users\ASUS\AndroidStudioProjects\gigiibuhamil\.gradle\7.0.2\executionHistory)" [_thread_blocked, id=4896, stack(0x0000004b39a00000,0x0000004b39b00000)]
  0x000001f81fbe2000 JavaThread "WorkerExecutor Queue" [_thread_blocked, id=9568, stack(0x0000004b34900000,0x0000004b34a00000)]
  0x000001f82b788800 JavaThread "WorkerExecutor Queue Thread 3" [_thread_blocked, id=12788, stack(0x0000004b34b00000,0x0000004b34c00000)]
  0x000001f82b786000 JavaThread "WorkerExecutor Queue Thread 4" [_thread_blocked, id=11376, stack(0x0000004b39b00000,0x0000004b39c00000)]
  0x000001f82b78b000 JavaThread "pool-7-thread-1" [_thread_blocked, id=12652, stack(0x0000004b39c00000,0x0000004b39d00000)]
  0x000001f82b787000 JavaThread "stderr" [_thread_in_native, id=12732, stack(0x0000004b39d00000,0x0000004b39e00000)]
  0x000001f82b78a000 JavaThread "stdout" [_thread_in_native, id=13172, stack(0x0000004b39e00000,0x0000004b39f00000)]

Other Threads:
=>0x000001f81f102000 VMThread "VM Thread" [stack: 0x0000004b35200000,0x0000004b35300000] [id=6940]
  0x000001f81fbfc800 WatcherThread [stack: 0x0000004b35c00000,0x0000004b35d00000] [id=16528]
  0x000001f804cb9800 GCTaskThread "GC Thread#0" [stack: 0x0000004b34d00000,0x0000004b34e00000] [id=5160]
  0x000001f81ff85800 GCTaskThread "GC Thread#1" [stack: 0x0000004b35d00000,0x0000004b35e00000] [id=6444]
  0x000001f81feec800 GCTaskThread "GC Thread#2" [stack: 0x0000004b35e00000,0x0000004b35f00000] [id=13076]
  0x000001f821af3800 GCTaskThread "GC Thread#3" [stack: 0x0000004b36100000,0x0000004b36200000] [id=8524]
  0x000001f821078000 GCTaskThread "GC Thread#4" [stack: 0x0000004b36200000,0x0000004b36300000] [id=8216]
  0x000001f820ea8000 GCTaskThread "GC Thread#5" [stack: 0x0000004b36300000,0x0000004b36400000] [id=5620]
  0x000001f820666800 GCTaskThread "GC Thread#6" [stack: 0x0000004b36e00000,0x0000004b36f00000] [id=3864]
  0x000001f820667000 GCTaskThread "GC Thread#7" [stack: 0x0000004b36f00000,0x0000004b37000000] [id=2328]
  0x000001f804cea000 ConcurrentGCThread "G1 Main Marker" [stack: 0x0000004b34e00000,0x0000004b34f00000] [id=15912]
  0x000001f804ceb800 ConcurrentGCThread "G1 Conc#0" [stack: 0x0000004b34f00000,0x0000004b35000000] [id=16760]
  0x000001f82146d000 ConcurrentGCThread "G1 Conc#1" [stack: 0x0000004b37000000,0x0000004b37100000] [id=3592]
  0x000001f81ef50800 ConcurrentGCThread "G1 Refine#0" [stack: 0x0000004b35000000,0x0000004b35100000] [id=16272]
  0x000001f81ef51000 ConcurrentGCThread "G1 Young RemSet Sampling" [stack: 0x0000004b35100000,0x0000004b35200000] [id=15884]

Threads with active compile tasks:
C2 CompilerThread0  70384 17753 %     4       com.android.tools.r8.internal.U6::a @ 2560 (6044 bytes)
C1 CompilerThread0  70384 18494       2       com.android.tools.r8.ir.regalloc.b::a (296 bytes)

VM state:at safepoint (normal execution)

VM Mutex/Monitor currently owned by a thread:  ([mutex/lock_event])
[0x000001f804c9ec00] Threads_lock - owner thread: 0x000001f81f102000
[0x000001f804c9e270] Heap_lock - owner thread: 0x000001f8226a4000

Heap address: 0x0000000080000000, size: 2048 MB, Compressed Oops mode: 32-bit
Narrow klass base: 0x0000000000000000, Narrow klass shift: 3
Compressed class space size: 1073741824 Address: 0x0000000100000000

Heap:
 garbage-first heap   total 324608K, used 210312K [0x0000000080000000, 0x0000000100000000)
  region size 1024K, 3 young (3072K), 3 survivors (3072K)
 Metaspace       used 130690K, capacity 134457K, committed 134656K, reserved 1165312K
  class space    used 16681K, capacity 18105K, committed 18176K, reserved 1048576K
Heap Regions: E=young(eden), S=young(survivor), O=old, HS=humongous(starts), HC=humongous(continues), CS=collection set, F=free, A=archive, TAMS=top-at-mark-start (previous, next)
|   0|0x0000000080000000, 0x0000000080100000, 0x0000000080100000|100%| O|  |TAMS 0x0000000080100000, 0x0000000080000000| Untracked 
|   1|0x0000000080100000, 0x0000000080200000, 0x0000000080200000|100%| O|  |TAMS 0x0000000080200000, 0x0000000080100000| Untracked 
|   2|0x0000000080200000, 0x0000000080300000, 0x0000000080300000|100%| O|  |TAMS 0x0000000080300000, 0x0000000080200000| Untracked 
|   3|0x0000000080300000, 0x0000000080400000, 0x0000000080400000|100%|HS|  |TAMS 0x0000000080400000, 0x0000000080300000| Complete 
|   4|0x0000000080400000, 0x0000000080500000, 0x0000000080500000|100%|HC|  |TAMS 0x0000000080500000, 0x0000000080400000| Complete 
|   5|0x0000000080500000, 0x0000000080600000, 0x0000000080600000|100%|HC|  |TAMS 0x0000000080600000, 0x0000000080500000| Complete 
|   6|0x0000000080600000, 0x0000000080700000, 0x0000000080700000|100%| O|  |TAMS 0x0000000080700000, 0x0000000080600000| Untracked 
|   7|0x0000000080700000, 0x0000000080800000, 0x0000000080800000|100%| O|  |TAMS 0x0000000080800000, 0x0000000080700000| Untracked 
|   8|0x0000000080800000, 0x0000000080900000, 0x0000000080900000|100%| O|  |TAMS 0x0000000080900000, 0x0000000080800000| Untracked 
|   9|0x0000000080900000, 0x0000000080a00000, 0x0000000080a00000|100%| O|  |TAMS 0x0000000080a00000, 0x0000000080900000| Untracked 
|  10|0x0000000080a00000, 0x0000000080b00000, 0x0000000080b00000|100%| O|  |TAMS 0x0000000080b00000, 0x0000000080a00000| Untracked 
|  11|0x0000000080b00000, 0x0000000080c00000, 0x0000000080c00000|100%| O|  |TAMS 0x0000000080c00000, 0x0000000080b00000| Untracked 
|  12|0x0000000080c00000, 0x0000000080d00000, 0x0000000080d00000|100%| O|  |TAMS 0x0000000080d00000, 0x0000000080c00000| Untracked 
|  13|0x0000000080d00000, 0x0000000080e00000, 0x0000000080e00000|100%| O|  |TAMS 0x0000000080e00000, 0x0000000080d00000| Untracked 
|  14|0x0000000080e00000, 0x0000000080f00000, 0x0000000080f00000|100%| O|  |TAMS 0x0000000080f00000, 0x0000000080e00000| Untracked 
|  15|0x0000000080f00000, 0x0000000081000000, 0x0000000081000000|100%|HS|  |TAMS 0x0000000081000000, 0x0000000080f00000| Complete 
|  16|0x0000000081000000, 0x0000000081100000, 0x0000000081100000|100%|HC|  |TAMS 0x0000000081100000, 0x0000000081000000| Complete 
|  17|0x0000000081100000, 0x0000000081200000, 0x0000000081200000|100%|HS|  |TAMS 0x0000000081200000, 0x0000000081100000| Complete 
|  18|0x0000000081200000, 0x0000000081300000, 0x0000000081300000|100%|HC|  |TAMS 0x0000000081300000, 0x0000000081200000| Complete 
|  19|0x0000000081300000, 0x0000000081400000, 0x0000000081400000|100%|HC|  |TAMS 0x0000000081400000, 0x0000000081300000| Complete 
|  20|0x0000000081400000, 0x0000000081500000, 0x0000000081500000|100%|HS|  |TAMS 0x0000000081500000, 0x0000000081400000| Complete 
|  21|0x0000000081500000, 0x0000000081600000, 0x0000000081600000|100%|HC|  |TAMS 0x0000000081600000, 0x0000000081500000| Complete 
|  22|0x0000000081600000, 0x0000000081700000, 0x0000000081700000|100%|HC|  |TAMS 0x0000000081700000, 0x0000000081600000| Complete 
|  23|0x0000000081700000, 0x0000000081800000, 0x0000000081800000|100%|HC|  |TAMS 0x0000000081800000, 0x0000000081700000| Complete 
|  24|0x0000000081800000, 0x0000000081900000, 0x0000000081900000|100%|HC|  |TAMS 0x0000000081900000, 0x0000000081800000| Complete 
|  25|0x0000000081900000, 0x0000000081a00000, 0x0000000081a00000|100%| O|  |TAMS 0x0000000081a00000, 0x0000000081900000| Untracked 
|  26|0x0000000081a00000, 0x0000000081b00000, 0x0000000081b00000|100%| O|  |TAMS 0x0000000081b00000, 0x0000000081a00000| Untracked 
|  27|0x0000000081b00000, 0x0000000081c00000, 0x0000000081c00000|100%| O|  |TAMS 0x0000000081c00000, 0x0000000081b00000| Untracked 
|  28|0x0000000081c00000, 0x0000000081d00000, 0x0000000081d00000|100%| O|  |TAMS 0x0000000081d00000, 0x0000000081c00000| Untracked 
|  29|0x0000000081d00000, 0x0000000081e00000, 0x0000000081e00000|100%| O|  |TAMS 0x0000000081e00000, 0x0000000081d00000| Untracked 
|  30|0x0000000081e00000, 0x0000000081f00000, 0x0000000081f00000|100%|HS|  |TAMS 0x0000000081f00000, 0x0000000081e00000| Complete 
|  31|0x0000000081f00000, 0x0000000082000000, 0x0000000082000000|100%|HC|  |TAMS 0x0000000082000000, 0x0000000081f00000| Complete 
|  32|0x0000000082000000, 0x0000000082100000, 0x0000000082100000|100%|HC|  |TAMS 0x0000000082100000, 0x0000000082000000| Complete 
|  33|0x0000000082100000, 0x0000000082200000, 0x0000000082200000|100%| O|  |TAMS 0x0000000082200000, 0x0000000082100000| Untracked 
|  34|0x0000000082200000, 0x0000000082300000, 0x0000000082300000|100%| O|  |TAMS 0x0000000082300000, 0x0000000082200000| Untracked 
|  35|0x0000000082300000, 0x0000000082400000, 0x0000000082400000|100%| O|  |TAMS 0x0000000082400000, 0x0000000082300000| Untracked 
|  36|0x0000000082400000, 0x0000000082500000, 0x0000000082500000|100%| O|  |TAMS 0x0000000082500000, 0x0000000082400000| Untracked 
|  37|0x0000000082500000, 0x0000000082600000, 0x0000000082600000|100%|HS|  |TAMS 0x0000000082600000, 0x0000000082500000| Complete 
|  38|0x0000000082600000, 0x0000000082700000, 0x0000000082700000|100%|HC|  |TAMS 0x0000000082700000, 0x0000000082600000| Complete 
|  39|0x0000000082700000, 0x0000000082800000, 0x0000000082800000|100%|HC|  |TAMS 0x0000000082800000, 0x0000000082700000| Complete 
|  40|0x0000000082800000, 0x0000000082900000, 0x0000000082900000|100%|HC|  |TAMS 0x0000000082900000, 0x0000000082800000| Complete 
|  41|0x0000000082900000, 0x0000000082a00000, 0x0000000082a00000|100%|HC|  |TAMS 0x0000000082a00000, 0x0000000082900000| Complete 
|  42|0x0000000082a00000, 0x0000000082b00000, 0x0000000082b00000|100%| O|  |TAMS 0x0000000082b00000, 0x0000000082a00000| Untracked 
|  43|0x0000000082b00000, 0x0000000082c00000, 0x0000000082c00000|100%| O|  |TAMS 0x0000000082c00000, 0x0000000082b00000| Untracked 
|  44|0x0000000082c00000, 0x0000000082d00000, 0x0000000082d00000|100%| O|  |TAMS 0x0000000082d00000, 0x0000000082c00000| Untracked 
|  45|0x0000000082d00000, 0x0000000082e00000, 0x0000000082e00000|100%| O|  |TAMS 0x0000000082e00000, 0x0000000082d00000| Untracked 
|  46|0x0000000082e00000, 0x0000000082f00000, 0x0000000082f00000|100%| O|  |TAMS 0x0000000082f00000, 0x0000000082e00000| Untracked 
|  47|0x0000000082f00000, 0x0000000083000000, 0x0000000083000000|100%| O|  |TAMS 0x0000000083000000, 0x0000000082f00000| Untracked 
|  48|0x0000000083000000, 0x0000000083100000, 0x0000000083100000|100%| O|  |TAMS 0x0000000083100000, 0x0000000083000000| Untracked 
|  49|0x0000000083100000, 0x0000000083200000, 0x0000000083200000|100%| O|  |TAMS 0x0000000083200000, 0x0000000083100000| Untracked 
|  50|0x0000000083200000, 0x0000000083300000, 0x0000000083300000|100%| O|  |TAMS 0x0000000083300000, 0x0000000083200000| Untracked 
|  51|0x0000000083300000, 0x0000000083400000, 0x0000000083400000|100%| O|  |TAMS 0x0000000083400000, 0x0000000083300000| Untracked 
|  52|0x0000000083400000, 0x0000000083500000, 0x0000000083500000|100%| O|  |TAMS 0x0000000083500000, 0x0000000083400000| Untracked 
|  53|0x0000000083500000, 0x0000000083600000, 0x0000000083600000|100%|HS|  |TAMS 0x0000000083600000, 0x0000000083500000| Complete 
|  54|0x0000000083600000, 0x0000000083700000, 0x0000000083700000|100%|HS|  |TAMS 0x0000000083700000, 0x0000000083600000| Complete 
|  55|0x0000000083700000, 0x0000000083800000, 0x0000000083800000|100%|HS|  |TAMS 0x0000000083800000, 0x0000000083700000| Complete 
|  56|0x0000000083800000, 0x0000000083900000, 0x0000000083900000|100%|HS|  |TAMS 0x0000000083900000, 0x0000000083800000| Complete 
|  57|0x0000000083900000, 0x0000000083a00000, 0x0000000083a00000|100%|HC|  |TAMS 0x0000000083a00000, 0x0000000083900000| Complete 
|  58|0x0000000083a00000, 0x0000000083b00000, 0x0000000083b00000|100%|HC|  |TAMS 0x0000000083b00000, 0x0000000083a00000| Complete 
|  59|0x0000000083b00000, 0x0000000083c00000, 0x0000000083c00000|100%|HS|  |TAMS 0x0000000083c00000, 0x0000000083b00000| Complete 
|  60|0x0000000083c00000, 0x0000000083d00000, 0x0000000083d00000|100%|HC|  |TAMS 0x0000000083d00000, 0x0000000083c00000| Complete 
|  61|0x0000000083d00000, 0x0000000083e00000, 0x0000000083e00000|100%| O|  |TAMS 0x0000000083e00000, 0x0000000083d00000| Untracked 
|  62|0x0000000083e00000, 0x0000000083f00000, 0x0000000083f00000|100%| O|  |TAMS 0x0000000083e00000, 0x0000000083e00000| Untracked 
|  63|0x0000000083f00000, 0x0000000084000000, 0x0000000084000000|100%| O|  |TAMS 0x0000000084000000, 0x0000000083f00000| Untracked 
|  64|0x0000000084000000, 0x0000000084100000, 0x0000000084100000|100%|HS|  |TAMS 0x0000000084100000, 0x0000000084000000| Complete 
|  65|0x0000000084100000, 0x0000000084200000, 0x0000000084200000|100%| O|  |TAMS 0x0000000084200000, 0x0000000084100000| Untracked 
|  66|0x0000000084200000, 0x0000000084300000, 0x0000000084300000|100%| O|  |TAMS 0x0000000084300000, 0x0000000084200000| Untracked 
|  67|0x0000000084300000, 0x0000000084400000, 0x0000000084400000|100%| O|  |TAMS 0x0000000084400000, 0x0000000084300000| Untracked 
|  68|0x0000000084400000, 0x0000000084500000, 0x0000000084500000|100%| O|  |TAMS 0x0000000084500000, 0x0000000084400000| Untracked 
|  69|0x0000000084500000, 0x0000000084600000, 0x0000000084600000|100%| O|  |TAMS 0x0000000084600000, 0x0000000084500000| Untracked 
|  70|0x0000000084600000, 0x0000000084700000, 0x0000000084700000|100%| O|  |TAMS 0x0000000084600000, 0x0000000084600000| Untracked 
|  71|0x0000000084700000, 0x0000000084800000, 0x0000000084800000|100%| O|  |TAMS 0x0000000084800000, 0x0000000084700000| Untracked 
|  72|0x0000000084800000, 0x0000000084900000, 0x0000000084900000|100%| O|  |TAMS 0x0000000084900000, 0x0000000084800000| Untracked 
|  73|0x0000000084900000, 0x0000000084a00000, 0x0000000084a00000|100%| O|  |TAMS 0x0000000084a00000, 0x0000000084900000| Untracked 
|  74|0x0000000084a00000, 0x0000000084b00000, 0x0000000084b00000|100%| O|  |TAMS 0x0000000084b00000, 0x0000000084a00000| Untracked 
|  75|0x0000000084b00000, 0x0000000084c00000, 0x0000000084c00000|100%| O|  |TAMS 0x0000000084c00000, 0x0000000084b00000| Untracked 
|  76|0x0000000084c00000, 0x0000000084d00000, 0x0000000084d00000|100%| O|  |TAMS 0x0000000084d00000, 0x0000000084c00000| Untracked 
|  77|0x0000000084d00000, 0x0000000084e00000, 0x0000000084e00000|100%| O|  |TAMS 0x0000000084e00000, 0x0000000084d00000| Untracked 
|  78|0x0000000084e00000, 0x0000000084f00000, 0x0000000084f00000|100%| O|  |TAMS 0x0000000084f00000, 0x0000000084e00000| Untracked 
|  79|0x0000000084f00000, 0x0000000085000000, 0x0000000085000000|100%| O|  |TAMS 0x0000000085000000, 0x0000000084f00000| Untracked 
|  80|0x0000000085000000, 0x0000000085100000, 0x0000000085100000|100%| O|  |TAMS 0x0000000085100000, 0x0000000085000000| Untracked 
|  81|0x0000000085100000, 0x0000000085200000, 0x0000000085200000|100%| O|  |TAMS 0x0000000085200000, 0x0000000085100000| Untracked 
|  82|0x0000000085200000, 0x0000000085300000, 0x0000000085300000|100%| O|  |TAMS 0x0000000085300000, 0x0000000085200000| Untracked 
|  83|0x0000000085300000, 0x0000000085400000, 0x0000000085400000|100%| O|  |TAMS 0x0000000085400000, 0x0000000085300000| Untracked 
|  84|0x0000000085400000, 0x0000000085500000, 0x0000000085500000|100%| O|  |TAMS 0x0000000085500000, 0x0000000085400000| Untracked 
|  85|0x0000000085500000, 0x0000000085600000, 0x0000000085600000|100%| O|  |TAMS 0x0000000085600000, 0x0000000085500000| Untracked 
|  86|0x0000000085600000, 0x0000000085700000, 0x0000000085700000|100%| O|  |TAMS 0x0000000085700000, 0x0000000085600000| Untracked 
|  87|0x0000000085700000, 0x0000000085800000, 0x0000000085800000|100%| O|  |TAMS 0x0000000085800000, 0x0000000085700000| Untracked 
|  88|0x0000000085800000, 0x0000000085900000, 0x0000000085900000|100%| O|  |TAMS 0x0000000085900000, 0x0000000085800000| Untracked 
|  89|0x0000000085900000, 0x0000000085a00000, 0x0000000085a00000|100%| O|  |TAMS 0x0000000085a00000, 0x0000000085900000| Untracked 
|  90|0x0000000085a00000, 0x0000000085b00000, 0x0000000085b00000|100%| O|  |TAMS 0x0000000085b00000, 0x0000000085a00000| Untracked 
|  91|0x0000000085b00000, 0x0000000085c00000, 0x0000000085c00000|100%| O|  |TAMS 0x0000000085c00000, 0x0000000085b00000| Untracked 
|  92|0x0000000085c00000, 0x0000000085d00000, 0x0000000085d00000|100%| O|  |TAMS 0x0000000085d00000, 0x0000000085c00000| Untracked 
|  93|0x0000000085d00000, 0x0000000085e00000, 0x0000000085e00000|100%| O|  |TAMS 0x0000000085e00000, 0x0000000085d00000| Untracked 
|  94|0x0000000085e00000, 0x0000000085f00000, 0x0000000085f00000|100%| O|  |TAMS 0x0000000085f00000, 0x0000000085e00000| Untracked 
|  95|0x0000000085f00000, 0x0000000086000000, 0x0000000086000000|100%| O|  |TAMS 0x0000000086000000, 0x0000000085f00000| Untracked 
|  96|0x0000000086000000, 0x0000000086100000, 0x0000000086100000|100%| O|  |TAMS 0x0000000086100000, 0x0000000086000000| Untracked 
|  97|0x0000000086100000, 0x0000000086200000, 0x0000000086200000|100%| O|  |TAMS 0x0000000086200000, 0x0000000086100000| Untracked 
|  98|0x0000000086200000, 0x0000000086300000, 0x0000000086300000|100%| O|  |TAMS 0x0000000086300000, 0x0000000086200000| Untracked 
|  99|0x0000000086300000, 0x0000000086400000, 0x0000000086400000|100%| O|  |TAMS 0x0000000086400000, 0x0000000086300000| Untracked 
| 100|0x0000000086400000, 0x0000000086500000, 0x0000000086500000|100%| O|  |TAMS 0x0000000086500000, 0x0000000086400000| Untracked 
| 101|0x0000000086500000, 0x0000000086600000, 0x0000000086600000|100%| O|  |TAMS 0x0000000086600000, 0x0000000086500000| Untracked 
| 102|0x0000000086600000, 0x0000000086700000, 0x0000000086700000|100%| O|  |TAMS 0x0000000086700000, 0x0000000086600000| Untracked 
| 103|0x0000000086700000, 0x0000000086800000, 0x0000000086800000|100%| O|  |TAMS 0x0000000086800000, 0x0000000086700000| Untracked 
| 104|0x0000000086800000, 0x0000000086900000, 0x0000000086900000|100%| O|  |TAMS 0x0000000086900000, 0x0000000086800000| Untracked 
| 105|0x0000000086900000, 0x0000000086a00000, 0x0000000086a00000|100%| O|  |TAMS 0x0000000086a00000, 0x0000000086900000| Untracked 
| 106|0x0000000086a00000, 0x0000000086b00000, 0x0000000086b00000|100%| O|  |TAMS 0x0000000086b00000, 0x0000000086a00000| Untracked 
| 107|0x0000000086b00000, 0x0000000086c00000, 0x0000000086c00000|100%| O|  |TAMS 0x0000000086c00000, 0x0000000086b00000| Untracked 
| 108|0x0000000086c00000, 0x0000000086d00000, 0x0000000086d00000|100%| O|  |TAMS 0x0000000086d00000, 0x0000000086c00000| Untracked 
| 109|0x0000000086d00000, 0x0000000086e00000, 0x0000000086e00000|100%| O|  |TAMS 0x0000000086e00000, 0x0000000086d00000| Untracked 
| 110|0x0000000086e00000, 0x0000000086f00000, 0x0000000086f00000|100%| O|  |TAMS 0x0000000086f00000, 0x0000000086e00000| Untracked 
| 111|0x0000000086f00000, 0x0000000087000000, 0x0000000087000000|100%| O|  |TAMS 0x0000000087000000, 0x0000000086f00000| Untracked 
| 112|0x0000000087000000, 0x0000000087100000, 0x0000000087100000|100%| O|  |TAMS 0x0000000087100000, 0x0000000087000000| Untracked 
| 113|0x0000000087100000, 0x0000000087200000, 0x0000000087200000|100%| O|  |TAMS 0x0000000087200000, 0x0000000087100000| Untracked 
| 114|0x0000000087200000, 0x0000000087300000, 0x0000000087300000|100%| O|  |TAMS 0x0000000087300000, 0x0000000087200000| Untracked 
| 115|0x0000000087300000, 0x0000000087400000, 0x0000000087400000|100%| O|  |TAMS 0x0000000087400000, 0x0000000087300000| Untracked 
| 116|0x0000000087400000, 0x0000000087500000, 0x0000000087500000|100%| O|  |TAMS 0x0000000087500000, 0x0000000087400000| Untracked 
| 117|0x0000000087500000, 0x0000000087600000, 0x0000000087600000|100%| O|  |TAMS 0x0000000087600000, 0x0000000087500000| Untracked 
| 118|0x0000000087600000, 0x0000000087700000, 0x0000000087700000|100%| O|  |TAMS 0x0000000087700000, 0x0000000087600000| Untracked 
| 119|0x0000000087700000, 0x0000000087800000, 0x0000000087800000|100%| O|  |TAMS 0x0000000087800000, 0x0000000087700000| Untracked 
| 120|0x0000000087800000, 0x0000000087900000, 0x0000000087900000|100%| O|  |TAMS 0x0000000087900000, 0x0000000087800000| Untracked 
| 121|0x0000000087900000, 0x0000000087a00000, 0x0000000087a00000|100%| O|  |TAMS 0x0000000087a00000, 0x0000000087900000| Untracked 
| 122|0x0000000087a00000, 0x0000000087b00000, 0x0000000087b00000|100%| O|  |TAMS 0x0000000087b00000, 0x0000000087a00000| Untracked 
| 123|0x0000000087b00000, 0x0000000087c00000, 0x0000000087c00000|100%| O|  |TAMS 0x0000000087c00000, 0x0000000087b00000| Untracked 
| 124|0x0000000087c00000, 0x0000000087d00000, 0x0000000087d00000|100%| O|  |TAMS 0x0000000087d00000, 0x0000000087c00000| Untracked 
| 125|0x0000000087d00000, 0x0000000087e00000, 0x0000000087e00000|100%| O|  |TAMS 0x0000000087e00000, 0x0000000087d00000| Untracked 
| 126|0x0000000087e00000, 0x0000000087f00000, 0x0000000087f00000|100%| O|  |TAMS 0x0000000087f00000, 0x0000000087e00000| Untracked 
| 127|0x0000000087f00000, 0x0000000088000000, 0x0000000088000000|100%| O|  |TAMS 0x0000000088000000, 0x0000000087f00000| Untracked 
| 128|0x0000000088000000, 0x0000000088100000, 0x0000000088100000|100%| O|  |TAMS 0x0000000088100000, 0x0000000088000000| Untracked 
| 129|0x0000000088100000, 0x0000000088200000, 0x0000000088200000|100%| O|  |TAMS 0x0000000088200000, 0x0000000088100000| Untracked 
| 130|0x0000000088200000, 0x0000000088300000, 0x0000000088300000|100%| O|  |TAMS 0x0000000088300000, 0x0000000088200000| Untracked 
| 131|0x0000000088300000, 0x0000000088400000, 0x0000000088400000|100%| O|  |TAMS 0x0000000088400000, 0x0000000088300000| Untracked 
| 132|0x0000000088400000, 0x0000000088500000, 0x0000000088500000|100%| O|  |TAMS 0x0000000088500000, 0x0000000088400000| Untracked 
| 133|0x0000000088500000, 0x0000000088600000, 0x0000000088600000|100%| O|  |TAMS 0x0000000088600000, 0x0000000088500000| Untracked 
| 134|0x0000000088600000, 0x0000000088700000, 0x0000000088700000|100%| O|  |TAMS 0x0000000088700000, 0x0000000088600000| Untracked 
| 135|0x0000000088700000, 0x0000000088800000, 0x0000000088800000|100%| O|  |TAMS 0x0000000088800000, 0x0000000088700000| Untracked 
| 136|0x0000000088800000, 0x0000000088900000, 0x0000000088900000|100%| O|  |TAMS 0x0000000088900000, 0x0000000088800000| Untracked 
| 137|0x0000000088900000, 0x0000000088a00000, 0x0000000088a00000|100%| O|  |TAMS 0x0000000088a00000, 0x0000000088900000| Untracked 
| 138|0x0000000088a00000, 0x0000000088b00000, 0x0000000088b00000|100%| O|  |TAMS 0x0000000088b00000, 0x0000000088a00000| Untracked 
| 139|0x0000000088b00000, 0x0000000088c00000, 0x0000000088c00000|100%| O|  |TAMS 0x0000000088c00000, 0x0000000088b00000| Untracked 
| 140|0x0000000088c00000, 0x0000000088d00000, 0x0000000088d00000|100%| O|  |TAMS 0x0000000088d00000, 0x0000000088c00000| Untracked 
| 141|0x0000000088d00000, 0x0000000088e00000, 0x0000000088e00000|100%| O|  |TAMS 0x0000000088e00000, 0x0000000088d00000| Untracked 
| 142|0x0000000088e00000, 0x0000000088f00000, 0x0000000088f00000|100%| O|  |TAMS 0x0000000088f00000, 0x0000000088e00000| Untracked 
| 143|0x0000000088f00000, 0x0000000089000000, 0x0000000089000000|100%| O|  |TAMS 0x0000000089000000, 0x0000000088f00000| Untracked 
| 144|0x0000000089000000, 0x0000000089100000, 0x0000000089100000|100%| O|  |TAMS 0x0000000089100000, 0x0000000089000000| Untracked 
| 145|0x0000000089100000, 0x0000000089200000, 0x0000000089200000|100%| O|  |TAMS 0x0000000089200000, 0x0000000089100000| Untracked 
| 146|0x0000000089200000, 0x0000000089300000, 0x0000000089300000|100%| O|  |TAMS 0x0000000089300000, 0x0000000089200000| Untracked 
| 147|0x0000000089300000, 0x0000000089400000, 0x0000000089400000|100%| O|  |TAMS 0x0000000089300000, 0x0000000089300000| Untracked 
| 148|0x0000000089400000, 0x0000000089500000, 0x0000000089500000|100%| O|  |TAMS 0x0000000089500000, 0x0000000089400000| Untracked 
| 149|0x0000000089500000, 0x0000000089600000, 0x0000000089600000|100%| O|  |TAMS 0x0000000089600000, 0x0000000089500000| Untracked 
| 150|0x0000000089600000, 0x0000000089700000, 0x0000000089700000|100%| O|  |TAMS 0x000000008966c200, 0x0000000089600000| Untracked 
| 151|0x0000000089700000, 0x0000000089800000, 0x0000000089800000|100%| O|  |TAMS 0x0000000089700000, 0x0000000089700000| Untracked 
| 152|0x0000000089800000, 0x0000000089900000, 0x0000000089900000|100%| O|  |TAMS 0x0000000089800000, 0x0000000089800000| Untracked 
| 153|0x0000000089900000, 0x0000000089a00000, 0x0000000089a00000|100%| O|  |TAMS 0x0000000089a00000, 0x0000000089900000| Untracked 
| 154|0x0000000089a00000, 0x0000000089b00000, 0x0000000089b00000|100%| O|  |TAMS 0x0000000089b00000, 0x0000000089a00000| Untracked 
| 155|0x0000000089b00000, 0x0000000089c00000, 0x0000000089c00000|100%| O|  |TAMS 0x0000000089c00000, 0x0000000089b00000| Untracked 
| 156|0x0000000089c00000, 0x0000000089d00000, 0x0000000089d00000|100%| O|  |TAMS 0x0000000089d00000, 0x0000000089c00000| Untracked 
| 157|0x0000000089d00000, 0x0000000089e00000, 0x0000000089e00000|100%| O|  |TAMS 0x0000000089e00000, 0x0000000089d00000| Untracked 
| 158|0x0000000089e00000, 0x0000000089f00000, 0x0000000089f00000|100%| O|  |TAMS 0x0000000089f00000, 0x0000000089e00000| Untracked 
| 159|0x0000000089f00000, 0x000000008a000000, 0x000000008a000000|100%| O|  |TAMS 0x000000008a000000, 0x0000000089f00000| Untracked 
| 160|0x000000008a000000, 0x000000008a100000, 0x000000008a100000|100%| O|  |TAMS 0x000000008a100000, 0x000000008a000000| Untracked 
| 161|0x000000008a100000, 0x000000008a200000, 0x000000008a200000|100%| O|  |TAMS 0x000000008a200000, 0x000000008a100000| Untracked 
| 162|0x000000008a200000, 0x000000008a300000, 0x000000008a300000|100%| O|  |TAMS 0x000000008a300000, 0x000000008a200000| Untracked 
| 163|0x000000008a300000, 0x000000008a400000, 0x000000008a400000|100%| O|  |TAMS 0x000000008a400000, 0x000000008a300000| Untracked 
| 164|0x000000008a400000, 0x000000008a500000, 0x000000008a500000|100%| O|  |TAMS 0x000000008a500000, 0x000000008a400000| Untracked 
| 165|0x000000008a500000, 0x000000008a600000, 0x000000008a600000|100%| O|  |TAMS 0x000000008a600000, 0x000000008a500000| Untracked 
| 166|0x000000008a600000, 0x000000008a700000, 0x000000008a700000|100%| O|  |TAMS 0x000000008a700000, 0x000000008a600000| Untracked 
| 167|0x000000008a700000, 0x000000008a800000, 0x000000008a800000|100%| O|  |TAMS 0x000000008a700000, 0x000000008a700000| Untracked 
| 168|0x000000008a800000, 0x000000008a900000, 0x000000008a900000|100%| O|  |TAMS 0x000000008a800000, 0x000000008a800000| Untracked 
| 169|0x000000008a900000, 0x000000008aa00000, 0x000000008aa00000|100%| O|  |TAMS 0x000000008a900000, 0x000000008a900000| Untracked 
| 170|0x000000008aa00000, 0x000000008ab00000, 0x000000008ab00000|100%| O|  |TAMS 0x000000008aa00000, 0x000000008aa00000| Untracked 
| 171|0x000000008ab00000, 0x000000008ac00000, 0x000000008ac00000|100%| O|  |TAMS 0x000000008ab00000, 0x000000008ab00000| Untracked 
| 172|0x000000008ac00000, 0x000000008ad00000, 0x000000008ad00000|100%| O|  |TAMS 0x000000008ac00000, 0x000000008ac00000| Untracked 
| 173|0x000000008ad00000, 0x000000008ae00000, 0x000000008ae00000|100%| O|  |TAMS 0x000000008ad00000, 0x000000008ad00000| Untracked 
| 174|0x000000008ae00000, 0x000000008af00000, 0x000000008af00000|100%| O|  |TAMS 0x000000008ae00000, 0x000000008ae00000| Untracked 
| 175|0x000000008af00000, 0x000000008b000000, 0x000000008b000000|100%| O|  |TAMS 0x000000008af00000, 0x000000008af00000| Untracked 
| 176|0x000000008b000000, 0x000000008b100000, 0x000000008b100000|100%| O|  |TAMS 0x000000008b000000, 0x000000008b000000| Untracked 
| 177|0x000000008b100000, 0x000000008b200000, 0x000000008b200000|100%| O|  |TAMS 0x000000008b100000, 0x000000008b100000| Untracked 
| 178|0x000000008b200000, 0x000000008b300000, 0x000000008b300000|100%| O|  |TAMS 0x000000008b200000, 0x000000008b200000| Untracked 
| 179|0x000000008b300000, 0x000000008b400000, 0x000000008b400000|100%| O|  |TAMS 0x000000008b300000, 0x000000008b300000| Untracked 
| 180|0x000000008b400000, 0x000000008b500000, 0x000000008b500000|100%| O|  |TAMS 0x000000008b400000, 0x000000008b400000| Untracked 
| 181|0x000000008b500000, 0x000000008b600000, 0x000000008b600000|100%| O|  |TAMS 0x000000008b500000, 0x000000008b500000| Untracked 
| 182|0x000000008b600000, 0x000000008b700000, 0x000000008b700000|100%| O|  |TAMS 0x000000008b600000, 0x000000008b600000| Untracked 
| 183|0x000000008b700000, 0x000000008b800000, 0x000000008b800000|100%| O|  |TAMS 0x000000008b700000, 0x000000008b700000| Untracked 
| 184|0x000000008b800000, 0x000000008b900000, 0x000000008b900000|100%| O|  |TAMS 0x000000008b800000, 0x000000008b800000| Untracked 
| 185|0x000000008b900000, 0x000000008ba00000, 0x000000008ba00000|100%| O|  |TAMS 0x000000008b900000, 0x000000008b900000| Untracked 
| 186|0x000000008ba00000, 0x000000008bb00000, 0x000000008bb00000|100%| O|  |TAMS 0x000000008ba00000, 0x000000008ba00000| Untracked 
| 187|0x000000008bb00000, 0x000000008bc00000, 0x000000008bc00000|100%| O|  |TAMS 0x000000008bb00000, 0x000000008bb00000| Untracked 
| 188|0x000000008bc00000, 0x000000008bd00000, 0x000000008bd00000|100%| O|  |TAMS 0x000000008bc00000, 0x000000008bc00000| Untracked 
| 189|0x000000008bd00000, 0x000000008be00000, 0x000000008be00000|100%| O|  |TAMS 0x000000008bd00000, 0x000000008bd00000| Untracked 
| 190|0x000000008be00000, 0x000000008bf00000, 0x000000008bf00000|100%| O|  |TAMS 0x000000008be00000, 0x000000008be00000| Untracked 
| 191|0x000000008bf00000, 0x000000008c000000, 0x000000008c000000|100%| O|  |TAMS 0x000000008bf00000, 0x000000008bf00000| Untracked 
| 192|0x000000008c000000, 0x000000008c100000, 0x000000008c100000|100%| O|  |TAMS 0x000000008c000000, 0x000000008c000000| Untracked 
| 193|0x000000008c100000, 0x000000008c200000, 0x000000008c200000|100%| O|  |TAMS 0x000000008c100000, 0x000000008c100000| Untracked 
| 194|0x000000008c200000, 0x000000008c300000, 0x000000008c300000|100%| O|  |TAMS 0x000000008c200000, 0x000000008c200000| Untracked 
| 195|0x000000008c300000, 0x000000008c400000, 0x000000008c400000|100%| O|  |TAMS 0x000000008c300000, 0x000000008c300000| Untracked 
| 196|0x000000008c400000, 0x000000008c500000, 0x000000008c500000|100%| O|  |TAMS 0x000000008c400000, 0x000000008c400000| Untracked 
| 197|0x000000008c500000, 0x000000008c600000, 0x000000008c600000|100%| O|  |TAMS 0x000000008c500000, 0x000000008c500000| Untracked 
| 198|0x000000008c600000, 0x000000008c700000, 0x000000008c700000|100%| O|  |TAMS 0x000000008c600000, 0x000000008c600000| Untracked 
| 199|0x000000008c700000, 0x000000008c800000, 0x000000008c800000|100%| O|  |TAMS 0x000000008c700000, 0x000000008c700000| Untracked 
| 200|0x000000008c800000, 0x000000008c900000, 0x000000008c900000|100%| O|  |TAMS 0x000000008c800000, 0x000000008c800000| Untracked 
| 201|0x000000008c900000, 0x000000008ca00000, 0x000000008ca00000|100%| O|  |TAMS 0x000000008c900000, 0x000000008c900000| Untracked 
| 202|0x000000008ca00000, 0x000000008cb00000, 0x000000008cb00000|100%| O|  |TAMS 0x000000008ca00000, 0x000000008ca00000| Untracked 
| 203|0x000000008cb00000, 0x000000008cb00000, 0x000000008cc00000|  0%| F|  |TAMS 0x000000008cb00000, 0x000000008cb00000| Untracked 
| 204|0x000000008cc00000, 0x000000008cc00000, 0x000000008cd00000|  0%| F|  |TAMS 0x000000008cc00000, 0x000000008cc00000| Untracked 
| 205|0x000000008cd00000, 0x000000008cd00000, 0x000000008ce00000|  0%| F|  |TAMS 0x000000008cd00000, 0x000000008cd00000| Untracked 
| 206|0x000000008ce00000, 0x000000008ce00000, 0x000000008cf00000|  0%| F|  |TAMS 0x000000008ce00000, 0x000000008ce00000| Untracked 
| 207|0x000000008cf00000, 0x000000008cf00000, 0x000000008d000000|  0%| F|  |TAMS 0x000000008cf00000, 0x000000008cf00000| Untracked 
| 208|0x000000008d000000, 0x000000008d000000, 0x000000008d100000|  0%| F|  |TAMS 0x000000008d000000, 0x000000008d000000| Untracked 
| 209|0x000000008d100000, 0x000000008d100000, 0x000000008d200000|  0%| F|  |TAMS 0x000000008d100000, 0x000000008d100000| Untracked 
| 210|0x000000008d200000, 0x000000008d200000, 0x000000008d300000|  0%| F|  |TAMS 0x000000008d200000, 0x000000008d200000| Untracked 
| 211|0x000000008d300000, 0x000000008d300000, 0x000000008d400000|  0%| F|  |TAMS 0x000000008d300000, 0x000000008d300000| Untracked 
| 212|0x000000008d400000, 0x000000008d400000, 0x000000008d500000|  0%| F|  |TAMS 0x000000008d400000, 0x000000008d400000| Untracked 
| 213|0x000000008d500000, 0x000000008d500000, 0x000000008d600000|  0%| F|  |TAMS 0x000000008d500000, 0x000000008d500000| Untracked 
| 214|0x000000008d600000, 0x000000008d600000, 0x000000008d700000|  0%| F|  |TAMS 0x000000008d600000, 0x000000008d600000| Untracked 
| 215|0x000000008d700000, 0x000000008d700000, 0x000000008d800000|  0%| F|  |TAMS 0x000000008d700000, 0x000000008d700000| Untracked 
| 216|0x000000008d800000, 0x000000008d800000, 0x000000008d900000|  0%| F|  |TAMS 0x000000008d800000, 0x000000008d800000| Untracked 
| 217|0x000000008d900000, 0x000000008d900000, 0x000000008da00000|  0%| F|  |TAMS 0x000000008d900000, 0x000000008d900000| Untracked 
| 218|0x000000008da00000, 0x000000008da00000, 0x000000008db00000|  0%| F|  |TAMS 0x000000008da00000, 0x000000008da00000| Untracked 
| 219|0x000000008db00000, 0x000000008db00000, 0x000000008dc00000|  0%| F|  |TAMS 0x000000008db00000, 0x000000008db00000| Untracked 
| 220|0x000000008dc00000, 0x000000008dc00000, 0x000000008dd00000|  0%| F|  |TAMS 0x000000008dc00000, 0x000000008dc00000| Untracked 
| 221|0x000000008dd00000, 0x000000008dd00000, 0x000000008de00000|  0%| F|  |TAMS 0x000000008dd00000, 0x000000008dd00000| Untracked 
| 222|0x000000008de00000, 0x000000008de00000, 0x000000008df00000|  0%| F|  |TAMS 0x000000008de00000, 0x000000008de00000| Untracked 
| 223|0x000000008df00000, 0x000000008df00000, 0x000000008e000000|  0%| F|  |TAMS 0x000000008df00000, 0x000000008df00000| Untracked 
| 224|0x000000008e000000, 0x000000008e000000, 0x000000008e100000|  0%| F|  |TAMS 0x000000008e000000, 0x000000008e000000| Untracked 
| 225|0x000000008e100000, 0x000000008e100000, 0x000000008e200000|  0%| F|  |TAMS 0x000000008e100000, 0x000000008e100000| Untracked 
| 226|0x000000008e200000, 0x000000008e200000, 0x000000008e300000|  0%| F|  |TAMS 0x000000008e200000, 0x000000008e200000| Untracked 
| 227|0x000000008e300000, 0x000000008e300000, 0x000000008e400000|  0%| F|  |TAMS 0x000000008e300000, 0x000000008e300000| Untracked 
| 228|0x000000008e400000, 0x000000008e400000, 0x000000008e500000|  0%| F|  |TAMS 0x000000008e400000, 0x000000008e400000| Untracked 
| 229|0x000000008e500000, 0x000000008e500000, 0x000000008e600000|  0%| F|  |TAMS 0x000000008e500000, 0x000000008e500000| Untracked 
| 230|0x000000008e600000, 0x000000008e600000, 0x000000008e700000|  0%| F|  |TAMS 0x000000008e600000, 0x000000008e600000| Untracked 
| 231|0x000000008e700000, 0x000000008e700000, 0x000000008e800000|  0%| F|  |TAMS 0x000000008e700000, 0x000000008e700000| Untracked 
| 232|0x000000008e800000, 0x000000008e800000, 0x000000008e900000|  0%| F|  |TAMS 0x000000008e800000, 0x000000008e800000| Untracked 
| 233|0x000000008e900000, 0x000000008e900000, 0x000000008ea00000|  0%| F|  |TAMS 0x000000008e900000, 0x000000008e900000| Untracked 
| 234|0x000000008ea00000, 0x000000008ea00000, 0x000000008eb00000|  0%| F|  |TAMS 0x000000008ea00000, 0x000000008ea00000| Untracked 
| 235|0x000000008eb00000, 0x000000008eb00000, 0x000000008ec00000|  0%| F|  |TAMS 0x000000008eb00000, 0x000000008eb00000| Untracked 
| 236|0x000000008ec00000, 0x000000008ec00000, 0x000000008ed00000|  0%| F|  |TAMS 0x000000008ec00000, 0x000000008ec00000| Untracked 
| 237|0x000000008ed00000, 0x000000008ed00000, 0x000000008ee00000|  0%| F|  |TAMS 0x000000008ed00000, 0x000000008ed00000| Untracked 
| 238|0x000000008ee00000, 0x000000008ee00000, 0x000000008ef00000|  0%| F|  |TAMS 0x000000008ee00000, 0x000000008ee00000| Untracked 
| 239|0x000000008ef00000, 0x000000008ef00000, 0x000000008f000000|  0%| F|  |TAMS 0x000000008ef00000, 0x000000008ef00000| Untracked 
| 240|0x000000008f000000, 0x000000008f000000, 0x000000008f100000|  0%| F|  |TAMS 0x000000008f000000, 0x000000008f000000| Untracked 
| 241|0x000000008f100000, 0x000000008f100000, 0x000000008f200000|  0%| F|  |TAMS 0x000000008f100000, 0x000000008f100000| Untracked 
| 242|0x000000008f200000, 0x000000008f262020, 0x000000008f300000| 38%| S|CS|TAMS 0x000000008f200000, 0x000000008f200000| Complete 
| 243|0x000000008f300000, 0x000000008f400000, 0x000000008f400000|100%| S|CS|TAMS 0x000000008f300000, 0x000000008f300000| Complete 
| 244|0x000000008f400000, 0x000000008f500000, 0x000000008f500000|100%| S|CS|TAMS 0x000000008f400000, 0x000000008f400000| Complete 
| 245|0x000000008f500000, 0x000000008f500000, 0x000000008f600000|  0%| F|  |TAMS 0x000000008f500000, 0x000000008f500000| Untracked 
| 246|0x000000008f600000, 0x000000008f600000, 0x000000008f700000|  0%| F|  |TAMS 0x000000008f600000, 0x000000008f600000| Untracked 
| 247|0x000000008f700000, 0x000000008f700000, 0x000000008f800000|  0%| F|  |TAMS 0x000000008f700000, 0x000000008f700000| Untracked 
| 248|0x000000008f800000, 0x000000008f800000, 0x000000008f900000|  0%| F|  |TAMS 0x000000008f800000, 0x000000008f800000| Untracked 
| 249|0x000000008f900000, 0x000000008f900000, 0x000000008fa00000|  0%| F|  |TAMS 0x000000008f900000, 0x000000008f900000| Untracked 
| 250|0x000000008fa00000, 0x000000008fa00000, 0x000000008fb00000|  0%| F|  |TAMS 0x000000008fa00000, 0x000000008fa00000| Untracked 
| 251|0x000000008fb00000, 0x000000008fb00000, 0x000000008fc00000|  0%| F|  |TAMS 0x000000008fb00000, 0x000000008fb00000| Untracked 
| 252|0x000000008fc00000, 0x000000008fc00000, 0x000000008fd00000|  0%| F|  |TAMS 0x000000008fc00000, 0x000000008fc00000| Untracked 
| 253|0x000000008fd00000, 0x000000008fd00000, 0x000000008fe00000|  0%| F|  |TAMS 0x000000008fd00000, 0x000000008fd00000| Untracked 
| 254|0x000000008fe00000, 0x000000008fe00000, 0x000000008ff00000|  0%| F|  |TAMS 0x000000008fe00000, 0x000000008fe00000| Untracked 
| 255|0x000000008ff00000, 0x000000008ff00000, 0x0000000090000000|  0%| F|  |TAMS 0x000000008ff00000, 0x000000008ff00000| Untracked 
| 256|0x0000000090000000, 0x0000000090000000, 0x0000000090100000|  0%| F|  |TAMS 0x0000000090000000, 0x0000000090000000| Untracked 
| 257|0x0000000090100000, 0x0000000090100000, 0x0000000090200000|  0%| F|  |TAMS 0x0000000090100000, 0x0000000090100000| Untracked 
| 258|0x0000000090200000, 0x0000000090200000, 0x0000000090300000|  0%| F|  |TAMS 0x0000000090200000, 0x0000000090200000| Untracked 
| 259|0x0000000090300000, 0x0000000090300000, 0x0000000090400000|  0%| F|  |TAMS 0x0000000090300000, 0x0000000090300000| Untracked 
| 260|0x0000000090400000, 0x0000000090400000, 0x0000000090500000|  0%| F|  |TAMS 0x0000000090400000, 0x0000000090400000| Untracked 
| 261|0x0000000090500000, 0x0000000090500000, 0x0000000090600000|  0%| F|  |TAMS 0x0000000090500000, 0x0000000090500000| Untracked 
| 262|0x0000000090600000, 0x0000000090600000, 0x0000000090700000|  0%| F|  |TAMS 0x0000000090600000, 0x0000000090600000| Untracked 
| 263|0x0000000090700000, 0x0000000090700000, 0x0000000090800000|  0%| F|  |TAMS 0x0000000090700000, 0x0000000090700000| Untracked 

Card table byte_map: [0x000001f817ec0000,0x000001f8182c0000] _byte_map_base: 0x000001f817ac0000

Marking Bits (Prev, Next): (CMBitMap*) 0x000001f804ce1280, (CMBitMap*) 0x000001f804ce1248
 Prev Bits: [0x000001f81a6c0000, 0x000001f81c6c0000)
 Next Bits: [0x000001f8186c0000, 0x000001f81a6c0000)

Polling page: 0x000001f804480000

Metaspace:

Usage:
  Non-class:    113.63 MB capacity,   111.34 MB ( 98%) used,     1.88 MB (  2%) free+waste,   415.31 KB ( <1%) overhead. 
      Class:     17.68 MB capacity,    16.29 MB ( 92%) used,     1.20 MB (  7%) free+waste,   190.38 KB (  1%) overhead. 
       Both:    131.31 MB capacity,   127.63 MB ( 97%) used,     3.09 MB (  2%) free+waste,   605.69 KB ( <1%) overhead. 

Virtual space:
  Non-class space:      114.00 MB reserved,     113.75 MB (>99%) committed 
      Class space:        1.00 GB reserved,      17.75 MB (  2%) committed 
             Both:        1.11 GB reserved,     131.50 MB ( 12%) committed 

Chunk freelists:
   Non-Class:  0 bytes
       Class:  7.00 KB
        Both:  7.00 KB

MaxMetaspaceSize: 17179869184.00 GB
CompressedClassSpaceSize: 1.00 GB

CodeHeap 'non-profiled nmethods': size=120000Kb used=7914Kb max_used=7914Kb free=112085Kb
 bounds [0x000001f810260000, 0x000001f810a20000, 0x000001f817790000]
CodeHeap 'profiled nmethods': size=120000Kb used=36345Kb max_used=36345Kb free=83654Kb
 bounds [0x000001f808d30000, 0x000001f80b0b0000, 0x000001f810260000]
CodeHeap 'non-nmethods': size=5760Kb used=2356Kb max_used=2392Kb free=3403Kb
 bounds [0x000001f808790000, 0x000001f808a00000, 0x000001f808d30000]
 total_blobs=18576 nmethods=17595 adapters=891
 compilation: enabled
              stopped_count=0, restarted_count=0
 full_count=0

Compilation events (20 events):
Event: 70.311 Thread 0x000001f81fa98000 nmethod 18464 0x000001f80b0a9390 code [0x000001f80b0a9540, 0x000001f80b0a9638]
Event: 70.311 Thread 0x000001f81fa98000 18465       2       java.util.IdentityHashMap::values (25 bytes)
Event: 70.311 Thread 0x000001f81fa98000 nmethod 18465 0x000001f80b0a9710 code [0x000001f80b0a98c0, 0x000001f80b0a9ad8]
Event: 70.311 Thread 0x000001f81fa98000 18470       2       com.android.tools.r8.internal.gk::a (4 bytes)
Event: 70.311 Thread 0x000001f81fa98000 nmethod 18470 0x000001f80b0a9b90 code [0x000001f80b0a9d40, 0x000001f80b0a9e38]
Event: 70.311 Thread 0x000001f81fa98000 18474       2       com.android.tools.r8.internal.iw::apply (47 bytes)
Event: 70.312 Thread 0x000001f81fa98000 nmethod 18474 0x000001f80b0a9f10 code [0x000001f80b0aa100, 0x000001f80b0aa388]
Event: 70.312 Thread 0x000001f81fa98000 18480       2       com.android.tools.r8.internal.QG::J (57 bytes)
Event: 70.313 Thread 0x000001f81fa98000 nmethod 18480 0x000001f80b0aa490 code [0x000001f80b0aa6e0, 0x000001f80b0aab98]
Event: 70.313 Thread 0x000001f81fa98000 18479       2       com.android.tools.r8.internal.QG::k (33 bytes)
Event: 70.313 Thread 0x000001f81fa98000 nmethod 18479 0x000001f80b0aae10 code [0x000001f80b0aafe0, 0x000001f80b0ab118]
Event: 70.313 Thread 0x000001f81fa98000 18486       2       com.android.tools.r8.internal.i2::a (14 bytes)
Event: 70.313 Thread 0x000001f81fa98000 nmethod 18486 0x000001f80b0ab210 code [0x000001f80b0ab400, 0x000001f80b0ab868]
Event: 70.313 Thread 0x000001f81fa98000 18487       2       com.android.tools.r8.internal.l2::<init> (32 bytes)
Event: 70.314 Thread 0x000001f81fa98000 nmethod 18487 0x000001f80b0aba90 code [0x000001f80b0abc80, 0x000001f80b0ac0a8]
Event: 70.314 Thread 0x000001f81fa98000 18492       2       com.android.tools.r8.ir.regalloc.a::a (270 bytes)
Event: 70.317 Thread 0x000001f81fa98000 nmethod 18492 0x000001f80b0ac290 code [0x000001f80b0ac600, 0x000001f80b0ad538]
Event: 70.317 Thread 0x000001f81fa98000 18495       2       java.util.TimSort::sort (229 bytes)
Event: 70.318 Thread 0x000001f81fa98000 nmethod 18495 0x000001f80b0ade10 code [0x000001f80b0ae040, 0x000001f80b0ae4d8]
Event: 70.318 Thread 0x000001f81fa98000 18494       2       com.android.tools.r8.ir.regalloc.b::a (296 bytes)

GC Heap History (20 events):
Event: 67.095 GC heap after
{Heap after GC invocations=58 (full 0):
 garbage-first heap   total 270336K, used 153664K [0x0000000080000000, 0x0000000100000000)
  region size 1024K, 6 young (6144K), 6 survivors (6144K)
 Metaspace       used 122780K, capacity 126107K, committed 126336K, reserved 1159168K
  class space    used 15436K, capacity 16682K, committed 16768K, reserved 1048576K
}
Event: 68.042 GC heap before
{Heap before GC invocations=59 (full 0):
 garbage-first heap   total 270336K, used 223296K [0x0000000080000000, 0x0000000100000000)
  region size 1024K, 74 young (75776K), 6 survivors (6144K)
 Metaspace       used 123374K, capacity 126616K, committed 126848K, reserved 1159168K
  class space    used 15496K, capacity 16732K, committed 16768K, reserved 1048576K
}
Event: 68.064 GC heap after
{Heap after GC invocations=60 (full 0):
 garbage-first heap   total 270336K, used 158909K [0x0000000080000000, 0x0000000100000000)
  region size 1024K, 10 young (10240K), 10 survivors (10240K)
 Metaspace       used 123374K, capacity 126616K, committed 126848K, reserved 1159168K
  class space    used 15496K, capacity 16732K, committed 16768K, reserved 1048576K
}
Event: 68.085 GC heap before
{Heap before GC invocations=60 (full 0):
 garbage-first heap   total 270336K, used 161981K [0x0000000080000000, 0x0000000100000000)
  region size 1024K, 13 young (13312K), 10 survivors (10240K)
 Metaspace       used 123483K, capacity 126785K, committed 126848K, reserved 1159168K
  class space    used 15516K, capacity 16767K, committed 16768K, reserved 1048576K
}
Event: 68.132 GC heap after
{Heap after GC invocations=61 (full 0):
 garbage-first heap   total 270336K, used 157254K [0x0000000080000000, 0x0000000100000000)
  region size 1024K, 2 young (2048K), 2 survivors (2048K)
 Metaspace       used 123483K, capacity 126785K, committed 126848K, reserved 1159168K
  class space    used 15516K, capacity 16767K, committed 16768K, reserved 1048576K
}
Event: 68.581 GC heap before
{Heap before GC invocations=61 (full 0):
 garbage-first heap   total 270336K, used 223814K [0x0000000080000000, 0x0000000100000000)
  region size 1024K, 68 young (69632K), 2 survivors (2048K)
 Metaspace       used 125153K, capacity 128539K, committed 128768K, reserved 1161216K
  class space    used 15764K, capacity 17039K, committed 17152K, reserved 1048576K
}
Event: 68.612 GC heap after
{Heap after GC invocations=62 (full 0):
 garbage-first heap   total 270336K, used 177584K [0x0000000080000000, 0x0000000100000000)
  region size 1024K, 9 young (9216K), 9 survivors (9216K)
 Metaspace       used 125153K, capacity 128539K, committed 128768K, reserved 1161216K
  class space    used 15764K, capacity 17039K, committed 17152K, reserved 1048576K
}
Event: 68.980 GC heap before
{Heap before GC invocations=62 (full 0):
 garbage-first heap   total 270336K, used 220592K [0x0000000080000000, 0x0000000100000000)
  region size 1024K, 52 young (53248K), 9 survivors (9216K)
 Metaspace       used 126141K, capacity 129554K, committed 129792K, reserved 1161216K
  class space    used 15874K, capacity 17142K, committed 17152K, reserved 1048576K
}
Event: 69.015 GC heap after
{Heap after GC invocations=63 (full 0):
 garbage-first heap   total 270336K, used 184601K [0x0000000080000000, 0x0000000100000000)
  region size 1024K, 7 young (7168K), 7 survivors (7168K)
 Metaspace       used 126141K, capacity 129554K, committed 129792K, reserved 1161216K
  class space    used 15874K, capacity 17142K, committed 17152K, reserved 1048576K
}
Event: 69.372 GC heap before
{Heap before GC invocations=64 (full 0):
 garbage-first heap   total 270336K, used 220441K [0x0000000080000000, 0x0000000100000000)
  region size 1024K, 43 young (44032K), 7 survivors (7168K)
 Metaspace       used 127051K, capacity 130558K, committed 130816K, reserved 1163264K
  class space    used 16025K, capacity 17338K, committed 17408K, reserved 1048576K
}
Event: 69.401 GC heap after
{Heap after GC invocations=65 (full 0):
 garbage-first heap   total 270336K, used 191099K [0x0000000080000000, 0x0000000100000000)
  region size 1024K, 6 young (6144K), 6 survivors (6144K)
 Metaspace       used 127051K, capacity 130558K, committed 130816K, reserved 1163264K
  class space    used 16025K, capacity 17338K, committed 17408K, reserved 1048576K
}
Event: 69.430 GC heap before
{Heap before GC invocations=65 (full 0):
 garbage-first heap   total 270336K, used 198267K [0x0000000080000000, 0x0000000100000000)
  region size 1024K, 13 young (13312K), 6 survivors (6144K)
 Metaspace       used 127089K, capacity 130602K, committed 130816K, reserved 1163264K
  class space    used 16033K, capacity 17374K, committed 17408K, reserved 1048576K
}
Event: 69.442 GC heap after
{Heap after GC invocations=66 (full 0):
 garbage-first heap   total 270336K, used 189798K [0x0000000080000000, 0x0000000100000000)
  region size 1024K, 2 young (2048K), 2 survivors (2048K)
 Metaspace       used 127089K, capacity 130602K, committed 130816K, reserved 1163264K
  class space    used 16033K, capacity 17374K, committed 17408K, reserved 1048576K
}
Event: 69.623 GC heap before
{Heap before GC invocations=66 (full 0):
 garbage-first heap   total 270336K, used 221542K [0x0000000080000000, 0x0000000100000000)
  region size 1024K, 34 young (34816K), 2 survivors (2048K)
 Metaspace       used 127933K, capacity 131467K, committed 131712K, reserved 1163264K
  class space    used 16190K, capacity 17532K, committed 17536K, reserved 1048576K
}
Event: 69.637 GC heap after
{Heap after GC invocations=67 (full 0):
 garbage-first heap   total 270336K, used 197273K [0x0000000080000000, 0x0000000100000000)
  region size 1024K, 5 young (5120K), 5 survivors (5120K)
 Metaspace       used 127933K, capacity 131467K, committed 131712K, reserved 1163264K
  class space    used 16190K, capacity 17532K, committed 17536K, reserved 1048576K
}
Event: 69.793 GC heap before
{Heap before GC invocations=67 (full 0):
 garbage-first heap   total 270336K, used 223897K [0x0000000080000000, 0x0000000100000000)
  region size 1024K, 32 young (32768K), 5 survivors (5120K)
 Metaspace       used 128595K, capacity 132135K, committed 132480K, reserved 1163264K
  class space    used 16328K, capacity 17693K, committed 17792K, reserved 1048576K
}
Event: 69.806 GC heap after
{Heap after GC invocations=68 (full 0):
 garbage-first heap   total 270336K, used 203174K [0x0000000080000000, 0x0000000100000000)
  region size 1024K, 4 young (4096K), 4 survivors (4096K)
 Metaspace       used 128595K, capacity 132135K, committed 132480K, reserved 1163264K
  class space    used 16328K, capacity 17693K, committed 17792K, reserved 1048576K
}
Event: 70.097 GC heap before
{Heap before GC invocations=68 (full 0):
 garbage-first heap   total 270336K, used 225702K [0x0000000080000000, 0x0000000100000000)
  region size 1024K, 27 young (27648K), 4 survivors (4096K)
 Metaspace       used 129974K, capacity 133660K, committed 133760K, reserved 1165312K
  class space    used 16561K, capacity 17971K, committed 18048K, reserved 1048576K
}
Event: 70.105 GC heap after
{Heap after GC invocations=69 (full 0):
 garbage-first heap   total 270336K, used 209475K [0x0000000080000000, 0x0000000100000000)
  region size 1024K, 4 young (4096K), 4 survivors (4096K)
 Metaspace       used 129974K, capacity 133660K, committed 133760K, reserved 1165312K
  class space    used 16561K, capacity 17971K, committed 18048K, reserved 1048576K
}
Event: 70.321 GC heap before
{Heap before GC invocations=69 (full 0):
 garbage-first heap   total 270336K, used 227907K [0x0000000080000000, 0x0000000100000000)
  region size 1024K, 23 young (23552K), 4 survivors (4096K)
 Metaspace       used 130690K, capacity 134457K, committed 134656K, reserved 1165312K
  class space    used 16681K, capacity 18105K, committed 18176K, reserved 1048576K
}

Deoptimization events (20 events):
Event: 70.240 Thread 0x000001f82b788800 DEOPT PACKING pc=0x000001f80ac1ac57 sp=0x0000004b34bfd320
Event: 70.240 Thread 0x000001f82b788800 DEOPT UNPACKING pc=0x000001f8087b76ce sp=0x0000004b34bfc888 mode 0
Event: 70.240 Thread 0x000001f82b788800 DEOPT PACKING pc=0x000001f80ac1ac57 sp=0x0000004b34bfd320
Event: 70.240 Thread 0x000001f82b788800 DEOPT UNPACKING pc=0x000001f8087b76ce sp=0x0000004b34bfc888 mode 0
Event: 70.241 Thread 0x000001f82b788800 DEOPT PACKING pc=0x000001f80ac1ac57 sp=0x0000004b34bfd320
Event: 70.241 Thread 0x000001f82b788800 DEOPT UNPACKING pc=0x000001f8087b76ce sp=0x0000004b34bfc888 mode 0
Event: 70.242 Thread 0x000001f82b788800 DEOPT PACKING pc=0x000001f80ac1ac57 sp=0x0000004b34bfd320
Event: 70.242 Thread 0x000001f82b788800 DEOPT UNPACKING pc=0x000001f8087b76ce sp=0x0000004b34bfc888 mode 0
Event: 70.243 Thread 0x000001f82b788800 DEOPT PACKING pc=0x000001f80ac1ac57 sp=0x0000004b34bfd320
Event: 70.243 Thread 0x000001f82b788800 DEOPT UNPACKING pc=0x000001f8087b76ce sp=0x0000004b34bfc888 mode 0
Event: 70.243 Thread 0x000001f82b788800 DEOPT PACKING pc=0x000001f80ac1ac57 sp=0x0000004b34bfd320
Event: 70.243 Thread 0x000001f82b788800 DEOPT UNPACKING pc=0x000001f8087b76ce sp=0x0000004b34bfc888 mode 0
Event: 70.244 Thread 0x000001f82b788800 DEOPT PACKING pc=0x000001f80ac1ac57 sp=0x0000004b34bfd320
Event: 70.244 Thread 0x000001f82b788800 DEOPT UNPACKING pc=0x000001f8087b76ce sp=0x0000004b34bfc888 mode 0
Event: 70.245 Thread 0x000001f82b788800 DEOPT PACKING pc=0x000001f80ac1ac57 sp=0x0000004b34bfd320
Event: 70.245 Thread 0x000001f82b788800 DEOPT UNPACKING pc=0x000001f8087b76ce sp=0x0000004b34bfc888 mode 0
Event: 70.313 Thread 0x000001f8226a0000 Uncommon trap: trap_request=0xffffff7e fr.pc=0x000001f8109b7450 relative=0x00000000000019d0
Event: 70.313 Thread 0x000001f8226a0000 Uncommon trap: reason=predicate action=maybe_recompile pc=0x000001f8109b7450 method=java.util.TimSort.reverseRange([Ljava/lang/Object;II)V @ 5 c2
Event: 70.313 Thread 0x000001f8226a0000 DEOPT PACKING pc=0x000001f8109b7450 sp=0x0000004b388f9760
Event: 70.313 Thread 0x000001f8226a0000 DEOPT UNPACKING pc=0x000001f8087b78af sp=0x0000004b388f9620 mode 2

Classes redefined (0 events):
No events

Internal exceptions (20 events):
Event: 68.473 Thread 0x000001f8226a4000 Exception <a 'java/lang/NoSuchMethodError'{0x000000008d976f18}: 'long java.lang.invoke.DirectMethodHandle$Holder.invokeStatic(java.lang.Object, long, java.lang.Object)'> (0x000000008d976f18) thrown at [./src/hotspot/share/interpreter/linkResolver.cpp, line 773]
Event: 68.481 Thread 0x000001f8226a0800 Exception <a 'sun/nio/fs/WindowsException'{0x000000008d1c94f8}> (0x000000008d1c94f8) thrown at [./src/hotspot/share/prims/jni.cpp, line 615]
Event: 68.548 Thread 0x000001f8226a4800 Exception <a 'java/lang/NoSuchMethodError'{0x000000008c794188}: 'void java.lang.invoke.DirectMethodHandle$Holder.invokeStatic(java.lang.Object, java.lang.Object, java.lang.Object, int)'> (0x000000008c794188) thrown at [./src/hotspot/share/interpreter/linkResolver.cpp, line 773]
Event: 68.558 Thread 0x000001f8226a4800 Exception <a 'java/lang/IncompatibleClassChangeError'{0x000000008c7b9018}: Found class java.lang.Object, but interface was expected> (0x000000008c7b9018) thrown at [./src/hotspot/share/interpreter/linkResolver.cpp, line 839]
Event: 68.558 Thread 0x000001f8226a4000 Exception <a 'java/lang/IncompatibleClassChangeError'{0x000000008c7173d0}: Found class java.lang.Object, but interface was expected> (0x000000008c7173d0) thrown at [./src/hotspot/share/interpreter/linkResolver.cpp, line 839]
Event: 69.503 Thread 0x000001f8226a2000 Exception <a 'java/lang/NoSuchMethodError'{0x0000000090668258}: 'int java.lang.invoke.DirectMethodHandle$Holder.invokeSpecial(java.lang.Object, java.lang.Object, java.lang.Object, java.lang.Object, java.lang.Object)'> (0x0000000090668258) thrown at [./src/hotspot/share/interpreter/linkResolver.cpp, line 773]
Event: 69.503 Thread 0x000001f8226a0000 Exception <a 'java/lang/NoSuchMethodError'{0x000000009059d410}: 'int java.lang.invoke.DirectMethodHandle$Holder.invokeSpecial(java.lang.Object, java.lang.Object, java.lang.Object, java.lang.Object, java.lang.Object)'> (0x000000009059d410) thrown at [./src/hotspot/share/interpreter/linkResolver.cpp, line 773]
Event: 69.504 Thread 0x000001f81fc20800 Exception <a 'java/lang/NoSuchMethodError'{0x00000000903a1bd0}: 'int java.lang.invoke.DirectMethodHandle$Holder.invokeSpecial(java.lang.Object, java.lang.Object, java.lang.Object, java.lang.Object, java.lang.Object)'> (0x00000000903a1bd0) thrown at [./src/hotspot/share/interpreter/linkResolver.cpp, line 773]
Event: 69.504 Thread 0x000001f8226a4000 Exception <a 'java/lang/NoSuchMethodError'{0x00000000901314a8}: 'int java.lang.invoke.DirectMethodHandle$Holder.invokeSpecial(java.lang.Object, java.lang.Object, java.lang.Object, java.lang.Object, java.lang.Object)'> (0x00000000901314a8) thrown at [./src/hotspot/share/interpreter/linkResolver.cpp, line 773]
Event: 69.646 Thread 0x000001f8226a2000 Exception <a 'java/lang/NoSuchMethodError'{0x0000000090761398}: 'java.lang.Object java.lang.invoke.DirectMethodHandle$Holder.invokeVirtual(java.lang.Object, java.lang.Object, int, java.lang.Object)'> (0x0000000090761398) thrown at [./src/hotspot/share/interpreter/linkResolver.cpp, line 773]
Event: 69.646 Thread 0x000001f8226a4000 Exception <a 'java/lang/NoSuchMethodError'{0x000000009077dce0}: 'java.lang.Object java.lang.invoke.DirectMethodHandle$Holder.invokeVirtual(java.lang.Object, java.lang.Object, int, java.lang.Object)'> (0x000000009077dce0) thrown at [./src/hotspot/share/interpreter/linkResolver.cpp, line 773]
Event: 69.646 Thread 0x000001f8226a4800 Exception <a 'java/lang/NoSuchMethodError'{0x000000009076fa10}: 'java.lang.Object java.lang.invoke.DirectMethodHandle$Holder.invokeVirtual(java.lang.Object, java.lang.Object, int, java.lang.Object)'> (0x000000009076fa10) thrown at [./src/hotspot/share/interpreter/linkResolver.cpp, line 773]
Event: 69.646 Thread 0x000001f8226a0000 Exception <a 'java/lang/NoSuchMethodError'{0x00000000906d0380}: 'java.lang.Object java.lang.invoke.DirectMethodHandle$Holder.invokeVirtual(java.lang.Object, java.lang.Object, int, java.lang.Object)'> (0x00000000906d0380) thrown at [./src/hotspot/share/interpreter/linkResolver.cpp, line 773]
Event: 69.648 Thread 0x000001f81fc20800 Exception <a 'java/lang/NoSuchMethodError'{0x000000009077abf8}: 'java.lang.Object java.lang.invoke.DirectMethodHandle$Holder.invokeVirtual(java.lang.Object, java.lang.Object, int, java.lang.Object)'> (0x000000009077abf8) thrown at [./src/hotspot/share/interpreter/linkResolver.cpp, line 773]
Event: 69.731 Thread 0x000001f8226a4800 Exception <a 'java/lang/NoSuchMethodError'{0x000000008f87f178}: 'void java.lang.invoke.DirectMethodHandle$Holder.invokeVirtual(java.lang.Object, java.lang.Object, int, java.lang.Object)'> (0x000000008f87f178) thrown at [./src/hotspot/share/interpreter/linkResolver.cpp, line 773]
Event: 69.732 Thread 0x000001f81fc20800 Exception <a 'java/lang/NoSuchMethodError'{0x000000008f9c30e8}: 'void java.lang.invoke.DirectMethodHandle$Holder.invokeVirtual(java.lang.Object, java.lang.Object, int, java.lang.Object)'> (0x000000008f9c30e8) thrown at [./src/hotspot/share/interpreter/linkResolver.cpp, line 773]
Event: 69.830 Thread 0x000001f8226a0800 Exception <a 'java/lang/IncompatibleClassChangeError'{0x00000000906eb420}: Found class java.lang.Object, but interface was expected> (0x00000000906eb420) thrown at [./src/hotspot/share/interpreter/linkResolver.cpp, line 839]
Event: 69.838 Thread 0x000001f8226a0800 Exception <a 'java/lang/IncompatibleClassChangeError'{0x00000000906f5ef8}: Found class java.lang.Object, but interface was expected> (0x00000000906f5ef8) thrown at [./src/hotspot/share/interpreter/linkResolver.cpp, line 839]
Event: 69.948 Thread 0x000001f8226a0800 Exception <a 'java/lang/NoSuchMethodError'{0x000000008fff9cd8}: 'java.lang.Object java.lang.invoke.DirectMethodHandle$Holder.newInvokeSpecial(java.lang.Object, int)'> (0x000000008fff9cd8) thrown at [./src/hotspot/share/interpreter/linkResolver.cpp, line 773]
Event: 70.161 Thread 0x000001f81fc20800 Exception <a 'java/lang/NoSuchMethodError'{0x00000000904b9618}: 'int java.lang.invoke.DirectMethodHandle$Holder.invokeInterface(java.lang.Object, java.lang.Object, int)'> (0x00000000904b9618) thrown at [./src/hotspot/share/interpreter/linkResolver.cpp, line 773]

Events (20 events):
Event: 70.286 loading class com/android/tools/r8/code/b3 done
Event: 70.288 loading class com/android/tools/r8/internal/rs
Event: 70.288 loading class com/android/tools/r8/internal/rs done
Event: 70.291 loading class com/android/tools/r8/internal/GA
Event: 70.291 loading class com/android/tools/r8/internal/GA done
Event: 70.292 loading class com/android/tools/r8/internal/FA$a
Event: 70.292 loading class com/android/tools/r8/internal/FA$a done
Event: 70.293 loading class com/android/tools/r8/internal/Pf
Event: 70.293 loading class com/android/tools/r8/internal/Pf done
Event: 70.294 loading class com/android/tools/r8/internal/m4
Event: 70.294 loading class com/android/tools/r8/internal/m4 done
Event: 70.297 loading class com/android/tools/r8/internal/Sb$a
Event: 70.297 loading class com/android/tools/r8/internal/Sb$a done
Event: 70.300 loading class com/android/tools/r8/internal/m4
Event: 70.300 loading class com/android/tools/r8/internal/m4 done
Event: 70.314 loading class com/android/tools/r8/internal/X$i$a
Event: 70.314 loading class com/android/tools/r8/internal/X$i$a done
Event: 70.315 loading class com/android/tools/r8/internal/Nv
Event: 70.315 loading class com/android/tools/r8/internal/Nv done
Event: 70.319 Executing VM operation: G1CollectForAllocation


Dynamic libraries:
0x00007ff674cf0000 - 0x00007ff674cfa000 	C:\Program Files\Android\Android Studio1\jre\bin\java.exe
0x00007ffee6580000 - 0x00007ffee6789000 	C:\WINDOWS\SYSTEM32\ntdll.dll
0x00007ffee5200000 - 0x00007ffee52bd000 	C:\WINDOWS\System32\KERNEL32.DLL
0x00007ffee3c10000 - 0x00007ffee3f84000 	C:\WINDOWS\System32\KERNELBASE.dll
0x00007ffee3a70000 - 0x00007ffee3b81000 	C:\WINDOWS\System32\ucrtbase.dll
0x00007ffed02a0000 - 0x00007ffed02b9000 	C:\Program Files\Android\Android Studio1\jre\bin\jli.dll
0x00007ffed0300000 - 0x00007ffed0317000 	C:\Program Files\Android\Android Studio1\jre\bin\VCRUNTIME140.dll
0x00007ffee4dc0000 - 0x00007ffee4f6c000 	C:\WINDOWS\System32\USER32.dll
0x00007ffece2f0000 - 0x00007ffece595000 	C:\WINDOWS\WinSxS\amd64_microsoft.windows.common-controls_6595b64144ccf1df_6.0.22000.120_none_9d947278b86cc467\COMCTL32.dll
0x00007ffee40c0000 - 0x00007ffee40e6000 	C:\WINDOWS\System32\win32u.dll
0x00007ffee5950000 - 0x00007ffee59f3000 	C:\WINDOWS\System32\msvcrt.dll
0x00007ffee5920000 - 0x00007ffee5949000 	C:\WINDOWS\System32\GDI32.dll
0x00007ffee4190000 - 0x00007ffee42a2000 	C:\WINDOWS\System32\gdi32full.dll
0x00007ffee40f0000 - 0x00007ffee418d000 	C:\WINDOWS\System32\msvcp_win.dll
0x00007ffee4d80000 - 0x00007ffee4db1000 	C:\WINDOWS\System32\IMM32.DLL
0x00007ffeaca90000 - 0x00007ffeacb2d000 	C:\Program Files\Android\Android Studio1\jre\bin\msvcp140.dll
0x00007ffe973a0000 - 0x00007ffe97e6f000 	C:\Program Files\Android\Android Studio1\jre\bin\server\jvm.dll
0x00007ffee4f70000 - 0x00007ffee501e000 	C:\WINDOWS\System32\ADVAPI32.dll
0x00007ffee5160000 - 0x00007ffee51fe000 	C:\WINDOWS\System32\sechost.dll
0x00007ffee5040000 - 0x00007ffee5160000 	C:\WINDOWS\System32\RPCRT4.dll
0x00007ffee5a00000 - 0x00007ffee5a08000 	C:\WINDOWS\System32\PSAPI.DLL
0x00007ffec1120000 - 0x00007ffec1129000 	C:\WINDOWS\SYSTEM32\WSOCK32.dll
0x00007ffed5670000 - 0x00007ffed567a000 	C:\WINDOWS\SYSTEM32\VERSION.dll
0x00007ffedc4b0000 - 0x00007ffedc4e3000 	C:\WINDOWS\SYSTEM32\WINMM.dll
0x00007ffee5a10000 - 0x00007ffee5a7f000 	C:\WINDOWS\System32\WS2_32.dll
0x00007ffee2c60000 - 0x00007ffee2c78000 	C:\WINDOWS\SYSTEM32\kernel.appcore.dll
0x00007ffedc920000 - 0x00007ffedc931000 	C:\Program Files\Android\Android Studio1\jre\bin\verify.dll
0x00007ffee1070000 - 0x00007ffee1291000 	C:\WINDOWS\SYSTEM32\DBGHELP.DLL
0x00007ffec4850000 - 0x00007ffec4881000 	C:\WINDOWS\SYSTEM32\dbgcore.DLL
0x00007ffee3b90000 - 0x00007ffee3c0f000 	C:\WINDOWS\System32\bcryptPrimitives.dll
0x00007ffedc610000 - 0x00007ffedc639000 	C:\Program Files\Android\Android Studio1\jre\bin\java.dll
0x00007ffedd910000 - 0x00007ffedd91b000 	C:\Program Files\Android\Android Studio1\jre\bin\jimage.dll
0x00007ffed2de0000 - 0x00007ffed2df8000 	C:\Program Files\Android\Android Studio1\jre\bin\zip.dll
0x00007ffee5a80000 - 0x00007ffee622e000 	C:\WINDOWS\System32\SHELL32.dll
0x00007ffee1bf0000 - 0x00007ffee2458000 	C:\WINDOWS\SYSTEM32\windows.storage.dll
0x00007ffee4a00000 - 0x00007ffee4d78000 	C:\WINDOWS\System32\combase.dll
0x00007ffee1a80000 - 0x00007ffee1be6000 	C:\WINDOWS\SYSTEM32\wintypes.dll
0x00007ffee6230000 - 0x00007ffee631a000 	C:\WINDOWS\System32\SHCORE.dll
0x00007ffee53f0000 - 0x00007ffee544d000 	C:\WINDOWS\System32\shlwapi.dll
0x00007ffee39a0000 - 0x00007ffee39c1000 	C:\WINDOWS\SYSTEM32\profapi.dll
0x00007ffed0240000 - 0x00007ffed025a000 	C:\Program Files\Android\Android Studio1\jre\bin\net.dll
0x00007ffeddd60000 - 0x00007ffedde6c000 	C:\WINDOWS\SYSTEM32\WINHTTP.dll
0x00007ffee3090000 - 0x00007ffee30f7000 	C:\WINDOWS\system32\mswsock.dll
0x00007ffed00b0000 - 0x00007ffed00c4000 	C:\Program Files\Android\Android Studio1\jre\bin\nio.dll
0x00007ffecce50000 - 0x00007ffecce77000 	C:\Users\ASUS\.gradle\native\8bec1ad78214c89d9ad589b4d07fe93259594b29d510b10fafb7a158f7737e5d\windows-amd64\native-platform.dll
0x00007ffeac8c0000 - 0x00007ffeac9fd000 	C:\Users\ASUS\.gradle\native\53dbd7edfb1c66fb8903c78663c9afc45aea4f116125fa6feffd364cf09443e8\windows-amd64\native-platform-file-events.dll
0x00007ffedc4f0000 - 0x00007ffedc4fa000 	C:\Program Files\Android\Android Studio1\jre\bin\management.dll
0x00007ffed2dd0000 - 0x00007ffed2ddc000 	C:\Program Files\Android\Android Studio1\jre\bin\management_ext.dll
0x00007ffee32d0000 - 0x00007ffee32e8000 	C:\WINDOWS\SYSTEM32\CRYPTSP.dll
0x00007ffee2bc0000 - 0x00007ffee2bf5000 	C:\WINDOWS\system32\rsaenh.dll
0x00007ffee3180000 - 0x00007ffee31a9000 	C:\WINDOWS\SYSTEM32\USERENV.dll
0x00007ffee3450000 - 0x00007ffee3477000 	C:\WINDOWS\SYSTEM32\bcrypt.dll
0x00007ffee32f0000 - 0x00007ffee32fc000 	C:\WINDOWS\SYSTEM32\CRYPTBASE.dll
0x00007ffee2790000 - 0x00007ffee27bd000 	C:\WINDOWS\SYSTEM32\IPHLPAPI.DLL
0x00007ffee52c0000 - 0x00007ffee52c9000 	C:\WINDOWS\System32\NSI.dll
0x00007ffeddf40000 - 0x00007ffeddf59000 	C:\WINDOWS\SYSTEM32\dhcpcsvc6.DLL
0x00007ffede330000 - 0x00007ffede34e000 	C:\WINDOWS\SYSTEM32\dhcpcsvc.DLL
0x00007ffee2800000 - 0x00007ffee28e7000 	C:\WINDOWS\SYSTEM32\DNSAPI.dll
0x00007ffee1430000 - 0x00007ffee1464000 	C:\WINDOWS\SYSTEM32\ntmarta.dll

dbghelp: loaded successfully - version: 4.0.5 - missing functions: none
symbol engine: initialized successfully - sym options: 0x614 - pdb path: .;C:\Program Files\Android\Android Studio1\jre\bin;C:\WINDOWS\SYSTEM32;C:\WINDOWS\WinSxS\amd64_microsoft.windows.common-controls_6595b64144ccf1df_6.0.22000.120_none_9d947278b86cc467;C:\Program Files\Android\Android Studio1\jre\bin\server;C:\Users\ASUS\.gradle\native\8bec1ad78214c89d9ad589b4d07fe93259594b29d510b10fafb7a158f7737e5d\windows-amd64;C:\Users\ASUS\.gradle\native\53dbd7edfb1c66fb8903c78663c9afc45aea4f116125fa6feffd364cf09443e8\windows-amd64

VM Arguments:
jvm_args: --add-opens=java.base/java.util=ALL-UNNAMED --add-opens=java.base/java.lang=ALL-UNNAMED --add-opens=java.base/java.lang.invoke=ALL-UNNAMED --add-opens=java.base/java.util=ALL-UNNAMED --add-opens=java.prefs/java.util.prefs=ALL-UNNAMED --add-opens=java.prefs/java.util.prefs=ALL-UNNAMED --add-opens=java.base/java.nio.charset=ALL-UNNAMED --add-opens=java.base/java.net=ALL-UNNAMED --add-opens=java.base/java.util.concurrent.atomic=ALL-UNNAMED -Xmx2048m -Dfile.encoding=UTF-8 -Duser.country=ID -Duser.language=en -Duser.variant 
java_command: org.gradle.launcher.daemon.bootstrap.GradleDaemon 7.0.2
java_class_path (initial): C:\Users\ASUS\.gradle\wrapper\dists\gradle-7.0.2-bin\857tjihv64xamwrf0h14cai3r\gradle-7.0.2\lib\gradle-launcher-7.0.2.jar
Launcher Type: SUN_STANDARD

[Global flags]
     intx CICompilerCount                          = 4                                         {product} {ergonomic}
     uint ConcGCThreads                            = 2                                         {product} {ergonomic}
     uint G1ConcRefinementThreads                  = 8                                         {product} {ergonomic}
   size_t G1HeapRegionSize                         = 1048576                                   {product} {ergonomic}
    uintx GCDrainStackTargetSize                   = 64                                        {product} {ergonomic}
   size_t InitialHeapSize                          = 132120576                                 {product} {ergonomic}
   size_t MarkStackSize                            = 4194304                                   {product} {ergonomic}
   size_t MaxHeapSize                              = 2147483648                                {product} {command line}
   size_t MaxNewSize                               = 1287651328                                {product} {ergonomic}
   size_t MinHeapDeltaBytes                        = 1048576                                   {product} {ergonomic}
    uintx NonNMethodCodeHeapSize                   = 5836300                                {pd product} {ergonomic}
    uintx NonProfiledCodeHeapSize                  = 122910970                              {pd product} {ergonomic}
    uintx ProfiledCodeHeapSize                     = 122910970                              {pd product} {ergonomic}
    uintx ReservedCodeCacheSize                    = 251658240                              {pd product} {ergonomic}
     bool SegmentedCodeCache                       = true                                      {product} {ergonomic}
     bool UseCompressedClassPointers               = true                                 {lp64_product} {ergonomic}
     bool UseCompressedOops                        = true                                 {lp64_product} {ergonomic}
     bool UseG1GC                                  = true                                      {product} {ergonomic}
     bool UseLargePagesIndividualAllocation        = false                                  {pd product} {ergonomic}

Logging:
Log output configuration:
 #0: stdout all=warning uptime,level,tags
 #1: stderr all=off uptime,level,tags

Environment Variables:
PATH=C:\Users\ASUS\platform-tools_r31.0.3-windows\platform-tools\systrace\catapult\common\bin;C:\Python310\;C:\ProgramData\Oracle\Java\javapath;C:\Program Files\Common Files\Oracle\Java\javapath;C:\Windows\system32;C:\Windows;C:\Windows\System32\Wbem;C:\Windows\System32\WindowsPowerShell\v1.0\;C:\Windows\System32\OpenSSH\;C:\Program Files (x86)\NVIDIA Corporation\PhysX\Common;C:\Program Files\NVIDIA Corporation\NVIDIA NvDLISR;C:\composer;C:\ProgramData\ComposerSetup\bin;C:\Program Files\gradle-6.9.1\bin;C:\WINDOWS\system32;C:\WINDOWS;C:\WINDOWS\System32\Wbem;C:\WINDOWS\System32\WindowsPowerShell\v1.0\;C:\WINDOWS\System32\OpenSSH\;C:\Program Files\nodejs\;C:\ProgramData\chocolatey\bin;C:\Users\ASUS\flutter\bin;C:\Program Files\Git\bin;C:\Program Files\Git\cmd;C:\Users\ASUS\AppData\Local\Android\sdk\tools\bin;C:\Users\ASUS\flutter\bin;C:\Users\ASUS\AppData\Local\Microsoft\WindowsApps;C:\Program Files\MongoDB\Server\4.4\bin;C:\xampp\php;C:\Users\ASUS\AppData\Roaming\Composer\vendor\bin;C:\Python27;C:\Program Files\gradle-6.9.1\bin;C:\Users\ASUS\AppData\Roaming\npm;C:\Users\ASUS\AppData\Local\Android\sdk\tools\bin;C:\Users\ASUS\AppData\Local\Programs\Microsoft VS Code\bin
USERNAME=ASUS
OS=Windows_NT
PROCESSOR_IDENTIFIER=Intel64 Family 6 Model 158 Stepping 10, GenuineIntel



---------------  S Y S T E M  ---------------

OS: Windows 10 , 64 bit Build 22000 (10.0.22000.434)
OS uptime: 9 days 2:36 hours

CPU:total 8 (initial active 8) (4 cores per cpu, 2 threads per core) family 6 model 158 stepping 10 microcode 0xde, cmov, cx8, fxsr, mmx, sse, sse2, sse3, ssse3, sse4.1, sse4.2, popcnt, avx, avx2, aes, clmul, erms, 3dnowpref, lzcnt, ht, tsc, tscinvbit, bmi1, bmi2, adx, fma

Memory: 4k page, system-wide physical 8047M (75M free)
TotalPageFile size 32623M (AvailPageFile size 41M)
current process WorkingSet (physical memory assigned to process): 484M, peak: 484M
current process commit charge ("private bytes"): 696M, peak: 745M

vm_info: OpenJDK 64-Bit Server VM (11.0.10+0-b96-7249189) for windows-amd64 JRE (11.0.10+0-b96-7249189), built on Mar 31 2021 21:44:00 by "builder" with MS VC++ 14.0 (VS2015)

END.
