#
# There is insufficient memory for the Java Runtime Environment to continue.
# Native memory allocation (mmap) failed to map 65536 bytes for Failed to commit area from 0x00000280d2000000 to 0x00000280d2010000 of length 65536.
# Possible reasons:
#   The system is out of physical RAM or swap space
#   The process is running with CompressedOops enabled, and the Java Heap may be blocking the growth of the native heap
# Possible solutions:
#   Reduce memory load on the system
#   Increase physical memory or swap space
#   Check if swap backing store is full
#   Decrease Java heap size (-Xmx/-Xms)
#   Decrease number of Java threads
#   Decrease Java thread stack sizes (-Xss)
#   Set larger code cache with -XX:ReservedCodeCacheSize=
#   JVM is running with Unscaled Compressed Oops mode in which the Java heap is
#     placed in the first 4GB address space. The Java Heap base address is the
#     maximum limit for the native heap growth. Please use -XX:HeapBaseMinAddress
#     to set the Java Heap base and to place the Java Heap above 4GB virtual address.
# This output file may be truncated or incomplete.
#
#  Out of Memory Error (./src/hotspot/os/windows/os_windows.cpp:3301), pid=5352, tid=10276
#
# JRE version: OpenJDK Runtime Environment (11.0.10) (build 11.0.10+0-b96-7249189)
# Java VM: OpenJDK 64-Bit Server VM (11.0.10+0-b96-7249189, mixed mode, tiered, compressed oops, g1 gc, windows-amd64)
# No core dump will be written. Minidumps are not enabled by default on client versions of Windows
#

---------------  S U M M A R Y ------------

Command Line: --add-opens=java.base/java.util=ALL-UNNAMED --add-opens=java.base/java.lang=ALL-UNNAMED --add-opens=java.base/java.lang.invoke=ALL-UNNAMED --add-opens=java.base/java.util=ALL-UNNAMED --add-opens=java.prefs/java.util.prefs=ALL-UNNAMED --add-opens=java.prefs/java.util.prefs=ALL-UNNAMED --add-opens=java.base/java.nio.charset=ALL-UNNAMED --add-opens=java.base/java.net=ALL-UNNAMED --add-opens=java.base/java.util.concurrent.atomic=ALL-UNNAMED -Xmx2048m -Dfile.encoding=UTF-8 -Duser.country=ID -Duser.language=en -Duser.variant org.gradle.launcher.daemon.bootstrap.GradleDaemon 7.0.2

Host: Intel(R) Core(TM) i5-8300H CPU @ 2.30GHz, 8 cores, 7G,  Windows 10 , 64 bit Build 22000 (10.0.22000.434)
Time: Wed Mar 30 10:18:53 2022 SE Asia Standard Time elapsed time: 28.232674 seconds (0d 0h 0m 28s)

---------------  T H R E A D  ---------------

Current thread (0x00000280d6570800):  VMThread "VM Thread" [stack: 0x0000008416500000,0x0000008416600000] [id=10276]

Stack: [0x0000008416500000,0x0000008416600000]
[error occurred during error reporting (printing stack bounds), id 0xc0000005, EXCEPTION_ACCESS_VIOLATION (0xc0000005) at pc=0x00000280bf440f2d]

Native frames: (J=compiled Java code, j=interpreted, Vv=VM code, C=native code)
V  [jvm.dll+0x5ecfaa]
V  [jvm.dll+0x722bd5]
V  [jvm.dll+0x72412d]
V  [jvm.dll+0x724745]
V  [jvm.dll+0x7246fb]
V  [jvm.dll+0x5ec348]
V  [jvm.dll+0x5ecad8]
C  [ntdll.dll+0xa86ef]
C  [ntdll.dll+0x35aea]
C  [ntdll.dll+0xa76fe]
C  0x00000280bf440f2d

VM_Operation (0x00000084195fa580): G1CollectForAllocation, mode: safepoint, requested by thread 0x00000280dad84000


---------------  P R O C E S S  ---------------

Threads class SMR info:
_java_thread_list=0x00000280dc228100, length=62, elements={
0x00000280ba16e000, 0x00000280d6574800, 0x00000280d657d800, 0x00000280d6f14800,
0x00000280d6f15800, 0x00000280d6f18800, 0x00000280d6f22000, 0x00000280d6593000,
0x00000280d6594000, 0x00000280d7078800, 0x00000280d7e74000, 0x00000280d8f16000,
0x00000280d744f000, 0x00000280d8750800, 0x00000280da421800, 0x00000280d98ad800,
0x00000280d885a000, 0x00000280d9ba6000, 0x00000280d81c8800, 0x00000280d99e9800,
0x00000280d99eb000, 0x00000280d99e6000, 0x00000280d99ea000, 0x00000280d99ec000,
0x00000280d99e8000, 0x00000280d99ec800, 0x00000280d99e8800, 0x00000280d99e7000,
0x00000280dad79800, 0x00000280dad7d800, 0x00000280dad7a800, 0x00000280dad7f000,
0x00000280dad81000, 0x00000280dad7b000, 0x00000280dad7c800, 0x00000280dad81800,
0x00000280dad7c000, 0x00000280dad82800, 0x00000280dad84000, 0x00000280dad83800,
0x00000280dad86800, 0x00000280dad85000, 0x00000280dad85800, 0x00000280dad87800,
0x00000280dad88000, 0x00000280d8e44000, 0x00000280d8e43800, 0x00000280d8e42800,
0x00000280d8e47800, 0x00000280d8e45000, 0x00000280d8e46000, 0x00000280d8e42000,
0x00000280d8e46800, 0x00000280d8e48800, 0x00000280dc661000, 0x00000280dc65e800,
0x00000280dc65c800, 0x00000280dc65d000, 0x00000280dc65e000, 0x00000280dc662000,
0x00000280dc663000, 0x00000280dc660800
}

Java Threads: ( => current thread )
  0x00000280ba16e000 JavaThread "main" [_thread_blocked, id=13136, stack(0x0000008415f00000,0x0000008416000000)]
  0x00000280d6574800 JavaThread "Reference Handler" daemon [_thread_blocked, id=15736, stack(0x0000008416600000,0x0000008416700000)]
  0x00000280d657d800 JavaThread "Finalizer" daemon [_thread_blocked, id=9396, stack(0x0000008416700000,0x0000008416800000)]
  0x00000280d6f14800 JavaThread "Signal Dispatcher" daemon [_thread_blocked, id=9740, stack(0x0000008416800000,0x0000008416900000)]
  0x00000280d6f15800 JavaThread "Attach Listener" daemon [_thread_blocked, id=11984, stack(0x0000008416900000,0x0000008416a00000)]
  0x00000280d6f18800 JavaThread "Service Thread" daemon [_thread_blocked, id=15656, stack(0x0000008416a00000,0x0000008416b00000)]
  0x00000280d6f22000 JavaThread "C2 CompilerThread0" daemon [_thread_blocked, id=15964, stack(0x0000008416b00000,0x0000008416c00000)]
  0x00000280d6593000 JavaThread "C1 CompilerThread0" daemon [_thread_blocked, id=11184, stack(0x0000008416c00000,0x0000008416d00000)]
  0x00000280d6594000 JavaThread "Sweeper thread" daemon [_thread_blocked, id=13232, stack(0x0000008416d00000,0x0000008416e00000)]
  0x00000280d7078800 JavaThread "Common-Cleaner" daemon [_thread_blocked, id=7472, stack(0x0000008416e00000,0x0000008416f00000)]
  0x00000280d7e74000 JavaThread "Daemon health stats" [_thread_blocked, id=13128, stack(0x0000008417300000,0x0000008417400000)]
  0x00000280d8f16000 JavaThread "Incoming local TCP Connector on port 54240" [_thread_in_native, id=3472, stack(0x0000008417400000,0x0000008417500000)]
  0x00000280d744f000 JavaThread "Daemon periodic checks" [_thread_blocked, id=6888, stack(0x0000008417500000,0x0000008417600000)]
  0x00000280d8750800 JavaThread "Daemon" [_thread_blocked, id=9676, stack(0x0000008417600000,0x0000008417700000)]
  0x00000280da421800 JavaThread "Handler for socket connection from /127.0.0.1:54240 to /127.0.0.1:54241" [_thread_in_native, id=844, stack(0x0000008417700000,0x0000008417800000)]
  0x00000280d98ad800 JavaThread "Cancel handler" [_thread_blocked, id=15920, stack(0x0000008417900000,0x0000008417a00000)]
  0x00000280d885a000 JavaThread "Daemon worker" [_thread_blocked, id=18248, stack(0x0000008417a00000,0x0000008417b00000)]
  0x00000280d9ba6000 JavaThread "Asynchronous log dispatcher for DefaultDaemonConnection: socket connection from /127.0.0.1:54240 to /127.0.0.1:54241" [_thread_blocked, id=11296, stack(0x0000008417b00000,0x0000008417c00000)]
  0x00000280d81c8800 JavaThread "Stdin handler" [_thread_blocked, id=4596, stack(0x0000008417c00000,0x0000008417d00000)]
  0x00000280d99e9800 JavaThread "Daemon client event forwarder" [_thread_blocked, id=7924, stack(0x0000008417d00000,0x0000008417e00000)]
  0x00000280d99eb000 JavaThread "Cache worker for file hash cache (C:\Users\ASUS\.gradle\caches\7.0.2\fileHashes)" [_thread_blocked, id=6924, stack(0x0000008417e00000,0x0000008417f00000)]
  0x00000280d99e6000 JavaThread "File lock request listener" [_thread_in_native, id=14932, stack(0x0000008417f00000,0x0000008418000000)]
  0x00000280d99ea000 JavaThread "Cache worker for journal cache (C:\Users\ASUS\.gradle\caches\journal-1)" [_thread_blocked, id=16352, stack(0x0000008418500000,0x0000008418600000)]
  0x00000280d99ec000 JavaThread "Cache worker for file hash cache (C:\Users\ASUS\AndroidStudioProjects\gigiibuhamil\.gradle\7.0.2\fileHashes)" [_thread_blocked, id=13924, stack(0x0000008418600000,0x0000008418700000)]
  0x00000280d99e8000 JavaThread "File watcher server" daemon [_thread_blocked, id=672, stack(0x0000008418700000,0x0000008418800000)]
  0x00000280d99ec800 JavaThread "File watcher consumer" daemon [_thread_blocked, id=11428, stack(0x0000008418800000,0x0000008418900000)]
  0x00000280d99e8800 JavaThread "Cache worker for checksums cache (C:\Users\ASUS\AndroidStudioProjects\gigiibuhamil\.gradle\checksums)" [_thread_blocked, id=11960, stack(0x0000008418900000,0x0000008418a00000)]
  0x00000280d99e7000 JavaThread "Cache worker for cache directory md-supplier (C:\Users\ASUS\.gradle\caches\7.0.2\md-supplier)" [_thread_blocked, id=4416, stack(0x0000008418a00000,0x0000008418b00000)]
  0x00000280dad79800 JavaThread "Cache worker for cache directory md-rule (C:\Users\ASUS\.gradle\caches\7.0.2\md-rule)" [_thread_blocked, id=9596, stack(0x0000008418b00000,0x0000008418c00000)]
  0x00000280dad7d800 JavaThread "Cache worker for execution history cache (C:\Users\ASUS\.gradle\caches\7.0.2\executionHistory)" [_thread_blocked, id=6952, stack(0x0000008418c00000,0x0000008418d00000)]
  0x00000280dad7a800 JavaThread "jar transforms" [_thread_blocked, id=7820, stack(0x0000008418d00000,0x0000008418e00000)]
  0x00000280dad7f000 JavaThread "jar transforms Thread 2" [_thread_blocked, id=10468, stack(0x0000008418e00000,0x0000008418f00000)]
  0x00000280dad81000 JavaThread "Cache worker for file content cache (C:\Users\ASUS\.gradle\caches\7.0.2\fileContent)" [_thread_blocked, id=5968, stack(0x0000008418f00000,0x0000008419000000)]
  0x00000280dad7b000 JavaThread "Cache worker for dependencies-accessors (C:\Users\ASUS\AndroidStudioProjects\gigiibuhamil\.gradle\7.0.2\dependencies-accessors)" [_thread_blocked, id=12656, stack(0x0000008419000000,0x0000008419100000)]
  0x00000280dad7c800 JavaThread "jar transforms Thread 3" [_thread_blocked, id=17624, stack(0x0000008419100000,0x0000008419200000)]
  0x00000280dad81800 JavaThread "Cache worker for Build Output Cleanup Cache (C:\Users\ASUS\AndroidStudioProjects\gigiibuhamil\.gradle\buildOutputCleanup)" [_thread_blocked, id=9804, stack(0x0000008419200000,0x0000008419300000)]
  0x00000280dad7c000 JavaThread "Build operations" [_thread_blocked, id=560, stack(0x0000008419300000,0x0000008419400000)]
  0x00000280dad82800 JavaThread "Build operations Thread 2" [_thread_blocked, id=2524, stack(0x0000008419400000,0x0000008419500000)]
  0x00000280dad84000 JavaThread "Build operations Thread 3" [_thread_blocked, id=5092, stack(0x0000008419500000,0x0000008419600000)]
  0x00000280dad83800 JavaThread "Build operations Thread 4" [_thread_blocked, id=1768, stack(0x0000008419600000,0x0000008419700000)]
  0x00000280dad86800 JavaThread "Build operations Thread 5" [_thread_blocked, id=12220, stack(0x0000008419700000,0x0000008419800000)]
  0x00000280dad85000 JavaThread "Build operations Thread 6" [_thread_blocked, id=9068, stack(0x0000008419800000,0x0000008419900000)]
  0x00000280dad85800 JavaThread "Build operations Thread 7" [_thread_blocked, id=8456, stack(0x0000008419900000,0x0000008419a00000)]
  0x00000280dad87800 JavaThread "Build operations Thread 8" [_thread_blocked, id=8332, stack(0x0000008419a00000,0x0000008419b00000)]
  0x00000280dad88000 JavaThread "jar transforms Thread 4" [_thread_blocked, id=1628, stack(0x0000008419b00000,0x0000008419c00000)]
  0x00000280d8e44000 JavaThread "jar transforms Thread 5" [_thread_blocked, id=12396, stack(0x0000008419c00000,0x0000008419d00000)]
  0x00000280d8e43800 JavaThread "jar transforms Thread 6" [_thread_blocked, id=5516, stack(0x0000008419d00000,0x0000008419e00000)]
  0x00000280d8e42800 JavaThread "jar transforms Thread 7" [_thread_blocked, id=13444, stack(0x0000008419e00000,0x0000008419f00000)]
  0x00000280d8e47800 JavaThread "jar transforms Thread 8" [_thread_blocked, id=12644, stack(0x0000008419f00000,0x000000841a000000)]
  0x00000280d8e45000 JavaThread "Memory manager" [_thread_blocked, id=15728, stack(0x0000008417800000,0x0000008417900000)]
  0x00000280d8e46000 JavaThread "build event listener" [_thread_blocked, id=9384, stack(0x000000841a000000,0x000000841a100000)]
  0x00000280d8e42000 JavaThread "pool-3-thread-1" [_thread_blocked, id=1732, stack(0x000000841a100000,0x000000841a200000)]
  0x00000280d8e46800 JavaThread "build event listener" [_thread_blocked, id=12364, stack(0x000000841a200000,0x000000841a300000)]
  0x00000280d8e48800 JavaThread "Execution worker for ':'" [_thread_blocked, id=15256, stack(0x000000841a300000,0x000000841a400000)]
  0x00000280dc661000 JavaThread "Execution worker for ':' Thread 2" [_thread_blocked, id=7092, stack(0x000000841a400000,0x000000841a500000)]
  0x00000280dc65e800 JavaThread "Execution worker for ':' Thread 3" [_thread_blocked, id=6076, stack(0x000000841a500000,0x000000841a600000)]
  0x00000280dc65c800 JavaThread "Execution worker for ':' Thread 4" [_thread_blocked, id=14612, stack(0x000000841a600000,0x000000841a700000)]
  0x00000280dc65d000 JavaThread "Execution worker for ':' Thread 5" [_thread_blocked, id=9832, stack(0x000000841a700000,0x000000841a800000)]
  0x00000280dc65e000 JavaThread "Execution worker for ':' Thread 6" [_thread_blocked, id=9428, stack(0x000000841a800000,0x000000841a900000)]
  0x00000280dc662000 JavaThread "Execution worker for ':' Thread 7" [_thread_blocked, id=14324, stack(0x000000841a900000,0x000000841aa00000)]
  0x00000280dc663000 JavaThread "Cache worker for execution history cache (C:\Users\ASUS\AndroidStudioProjects\gigiibuhamil\.gradle\7.0.2\executionHistory)" [_thread_blocked, id=9772, stack(0x000000841aa00000,0x000000841ab00000)]
  0x00000280dc660800 JavaThread "WorkerExecutor Queue" [_thread_blocked, id=9896, stack(0x000000841ab00000,0x000000841ac00000)]

Other Threads:
=>0x00000280d6570800 VMThread "VM Thread" [stack: 0x0000008416500000,0x0000008416600000] [id=10276]
  0x00000280d7085800 WatcherThread [stack: 0x0000008416f00000,0x0000008417000000] [id=9728]
  0x00000280ba189000 GCTaskThread "GC Thread#0" [stack: 0x0000008416000000,0x0000008416100000] [id=14476]
  0x00000280d7734000 GCTaskThread "GC Thread#1" [stack: 0x0000008417100000,0x0000008417200000] [id=12564]
  0x00000280d7c0c800 GCTaskThread "GC Thread#2" [stack: 0x0000008417200000,0x0000008417300000] [id=12444]
  0x00000280da106800 GCTaskThread "GC Thread#3" [stack: 0x0000008417000000,0x0000008417100000] [id=17704]
  0x00000280d9113800 GCTaskThread "GC Thread#4" [stack: 0x0000008418000000,0x0000008418100000] [id=16688]
  0x00000280d8700800 GCTaskThread "GC Thread#5" [stack: 0x0000008418100000,0x0000008418200000] [id=6632]
  0x00000280d984d000 GCTaskThread "GC Thread#6" [stack: 0x0000008418200000,0x0000008418300000] [id=5560]
  0x00000280d998c000 GCTaskThread "GC Thread#7" [stack: 0x0000008418300000,0x0000008418400000] [id=1752]
  0x00000280ba1bb000 ConcurrentGCThread "G1 Main Marker" [stack: 0x0000008416100000,0x0000008416200000] [id=15748]
  0x00000280ba1bc800 ConcurrentGCThread "G1 Conc#0" [stack: 0x0000008416200000,0x0000008416300000] [id=4696]
  0x00000280d9627000 ConcurrentGCThread "G1 Conc#1" [stack: 0x0000008418400000,0x0000008418500000] [id=18268]
  0x00000280ba24e000 ConcurrentGCThread "G1 Refine#0" [stack: 0x0000008416300000,0x0000008416400000] [id=4232]
  0x00000280d63c2800 ConcurrentGCThread "G1 Young RemSet Sampling" [stack: 0x0000008416400000,0x0000008416500000] [id=16340]

Threads with active compile tasks:
C2 CompilerThread0  28284 12421       4       java.util.LinkedList$ListItr::<init> (47 bytes)

VM state:at safepoint (normal execution)

VM Mutex/Monitor currently owned by a thread:  ([mutex/lock_event])
[0x00000280ba16a970] Threads_lock - owner thread: 0x00000280d6570800
[0x00000280ba16afa0] Heap_lock - owner thread: 0x00000280dad84000

Heap address: 0x0000000080000000, size: 2048 MB, Compressed Oops mode: 32-bit
Narrow klass base: 0x0000000000000000, Narrow klass shift: 3
Compressed class space size: 1073741824 Address: 0x0000000100000000

Heap:
 garbage-first heap   total 395264K, used 188595K [0x0000000080000000, 0x0000000100000000)
  region size 1024K, 5 young (5120K), 5 survivors (5120K)
 Metaspace       used 100854K, capacity 103281K, committed 103800K, reserved 1138688K
  class space    used 13068K, capacity 14015K, committed 14208K, reserved 1048576K
Heap Regions: E=young(eden), S=young(survivor), O=old, HS=humongous(starts), HC=humongous(continues), CS=collection set, F=free, A=archive, TAMS=top-at-mark-start (previous, next)
|   0|0x0000000080000000, 0x0000000080100000, 0x0000000080100000|100%| O|  |TAMS 0x0000000080100000, 0x0000000080000000| Updating 
|   1|0x0000000080100000, 0x0000000080200000, 0x0000000080200000|100%| O|  |TAMS 0x0000000080200000, 0x0000000080100000| Updating 
|   2|0x0000000080200000, 0x0000000080300000, 0x0000000080300000|100%| O|  |TAMS 0x0000000080300000, 0x0000000080200000| Updating 
|   3|0x0000000080300000, 0x0000000080400000, 0x0000000080400000|100%|HS|  |TAMS 0x0000000080400000, 0x0000000080300000| Complete 
|   4|0x0000000080400000, 0x0000000080500000, 0x0000000080500000|100%|HC|  |TAMS 0x0000000080500000, 0x0000000080400000| Complete 
|   5|0x0000000080500000, 0x0000000080600000, 0x0000000080600000|100%|HC|  |TAMS 0x0000000080600000, 0x0000000080500000| Complete 
|   6|0x0000000080600000, 0x0000000080700000, 0x0000000080700000|100%| O|  |TAMS 0x0000000080700000, 0x0000000080600000| Updating 
|   7|0x0000000080700000, 0x0000000080800000, 0x0000000080800000|100%| O|  |TAMS 0x0000000080800000, 0x0000000080700000| Updating 
|   8|0x0000000080800000, 0x0000000080900000, 0x0000000080900000|100%| O|  |TAMS 0x0000000080900000, 0x0000000080800000| Updating 
|   9|0x0000000080900000, 0x0000000080a00000, 0x0000000080a00000|100%| O|  |TAMS 0x0000000080a00000, 0x0000000080900000| Updating 
|  10|0x0000000080a00000, 0x0000000080b00000, 0x0000000080b00000|100%| O|  |TAMS 0x0000000080b00000, 0x0000000080a00000| Updating 
|  11|0x0000000080b00000, 0x0000000080c00000, 0x0000000080c00000|100%| O|  |TAMS 0x0000000080c00000, 0x0000000080b00000| Updating 
|  12|0x0000000080c00000, 0x0000000080d00000, 0x0000000080d00000|100%| O|  |TAMS 0x0000000080d00000, 0x0000000080c00000| Updating 
|  13|0x0000000080d00000, 0x0000000080e00000, 0x0000000080e00000|100%| O|  |TAMS 0x0000000080e00000, 0x0000000080d00000| Updating 
|  14|0x0000000080e00000, 0x0000000080f00000, 0x0000000080f00000|100%| O|  |TAMS 0x0000000080f00000, 0x0000000080e00000| Updating 
|  15|0x0000000080f00000, 0x0000000081000000, 0x0000000081000000|100%|HS|  |TAMS 0x0000000081000000, 0x0000000080f00000| Complete 
|  16|0x0000000081000000, 0x0000000081100000, 0x0000000081100000|100%| O|  |TAMS 0x0000000081100000, 0x0000000081000000| Updating 
|  17|0x0000000081100000, 0x0000000081200000, 0x0000000081200000|100%| O|  |TAMS 0x0000000081200000, 0x0000000081100000| Updating 
|  18|0x0000000081200000, 0x0000000081300000, 0x0000000081300000|100%| O|  |TAMS 0x0000000081300000, 0x0000000081200000| Updating 
|  19|0x0000000081300000, 0x0000000081400000, 0x0000000081400000|100%| O|  |TAMS 0x0000000081400000, 0x0000000081300000| Updating 
|  20|0x0000000081400000, 0x0000000081500000, 0x0000000081500000|100%| O|  |TAMS 0x0000000081500000, 0x0000000081400000| Updating 
|  21|0x0000000081500000, 0x0000000081600000, 0x0000000081600000|100%| O|  |TAMS 0x0000000081600000, 0x0000000081500000| Updating 
|  22|0x0000000081600000, 0x0000000081700000, 0x0000000081700000|100%| O|  |TAMS 0x0000000081700000, 0x0000000081600000| Updating 
|  23|0x0000000081700000, 0x0000000081800000, 0x0000000081800000|100%|HS|  |TAMS 0x0000000081800000, 0x0000000081700000| Complete 
|  24|0x0000000081800000, 0x0000000081900000, 0x0000000081900000|100%|HS|  |TAMS 0x0000000081900000, 0x0000000081800000| Complete 
|  25|0x0000000081900000, 0x0000000081a00000, 0x0000000081a00000|100%|HS|  |TAMS 0x0000000081a00000, 0x0000000081900000| Complete 
|  26|0x0000000081a00000, 0x0000000081b00000, 0x0000000081b00000|100%|HC|  |TAMS 0x0000000081b00000, 0x0000000081a00000| Complete 
|  27|0x0000000081b00000, 0x0000000081c00000, 0x0000000081c00000|100%|HC|  |TAMS 0x0000000081c00000, 0x0000000081b00000| Complete 
|  28|0x0000000081c00000, 0x0000000081d00000, 0x0000000081d00000|100%|HS|  |TAMS 0x0000000081d00000, 0x0000000081c00000| Complete 
|  29|0x0000000081d00000, 0x0000000081e00000, 0x0000000081e00000|100%|HC|  |TAMS 0x0000000081e00000, 0x0000000081d00000| Complete 
|  30|0x0000000081e00000, 0x0000000081f00000, 0x0000000081f00000|100%| O|  |TAMS 0x0000000081f00000, 0x0000000081e00000| Updating 
|  31|0x0000000081f00000, 0x0000000082000000, 0x0000000082000000|100%| O|  |TAMS 0x0000000082000000, 0x0000000081f00000| Updating 
|  32|0x0000000082000000, 0x0000000082100000, 0x0000000082100000|100%| O|  |TAMS 0x0000000082100000, 0x0000000082000000| Updating 
|  33|0x0000000082100000, 0x0000000082200000, 0x0000000082200000|100%| O|  |TAMS 0x0000000082200000, 0x0000000082100000| Updating 
|  34|0x0000000082200000, 0x0000000082300000, 0x0000000082300000|100%| O|  |TAMS 0x0000000082300000, 0x0000000082200000| Updating 
|  35|0x0000000082300000, 0x0000000082400000, 0x0000000082400000|100%| O|  |TAMS 0x0000000082400000, 0x0000000082300000| Updating 
|  36|0x0000000082400000, 0x0000000082500000, 0x0000000082500000|100%| O|  |TAMS 0x0000000082500000, 0x0000000082400000| Updating 
|  37|0x0000000082500000, 0x0000000082600000, 0x0000000082600000|100%| O|  |TAMS 0x0000000082600000, 0x0000000082500000| Updating 
|  38|0x0000000082600000, 0x0000000082700000, 0x0000000082700000|100%| O|  |TAMS 0x0000000082700000, 0x0000000082600000| Updating 
|  39|0x0000000082700000, 0x0000000082800000, 0x0000000082800000|100%| O|  |TAMS 0x0000000082800000, 0x0000000082700000| Updating 
|  40|0x0000000082800000, 0x0000000082900000, 0x0000000082900000|100%| O|  |TAMS 0x0000000082900000, 0x0000000082800000| Updating 
|  41|0x0000000082900000, 0x0000000082a00000, 0x0000000082a00000|100%| O|  |TAMS 0x0000000082a00000, 0x0000000082900000| Updating 
|  42|0x0000000082a00000, 0x0000000082b00000, 0x0000000082b00000|100%| O|  |TAMS 0x0000000082b00000, 0x0000000082a00000| Updating 
|  43|0x0000000082b00000, 0x0000000082c00000, 0x0000000082c00000|100%| O|  |TAMS 0x0000000082c00000, 0x0000000082b00000| Updating 
|  44|0x0000000082c00000, 0x0000000082d00000, 0x0000000082d00000|100%| O|  |TAMS 0x0000000082d00000, 0x0000000082c00000| Updating 
|  45|0x0000000082d00000, 0x0000000082e00000, 0x0000000082e00000|100%| O|  |TAMS 0x0000000082e00000, 0x0000000082d00000| Updating 
|  46|0x0000000082e00000, 0x0000000082f00000, 0x0000000082f00000|100%| O|  |TAMS 0x0000000082f00000, 0x0000000082e00000| Updating 
|  47|0x0000000082f00000, 0x0000000083000000, 0x0000000083000000|100%| O|  |TAMS 0x0000000083000000, 0x0000000082f00000| Updating 
|  48|0x0000000083000000, 0x0000000083100000, 0x0000000083100000|100%| O|  |TAMS 0x0000000083100000, 0x0000000083000000| Updating 
|  49|0x0000000083100000, 0x0000000083200000, 0x0000000083200000|100%| O|  |TAMS 0x0000000083200000, 0x0000000083100000| Updating 
|  50|0x0000000083200000, 0x0000000083300000, 0x0000000083300000|100%| O|  |TAMS 0x0000000083300000, 0x0000000083200000| Updating 
|  51|0x0000000083300000, 0x0000000083400000, 0x0000000083400000|100%| O|  |TAMS 0x0000000083400000, 0x0000000083300000| Updating 
|  52|0x0000000083400000, 0x0000000083500000, 0x0000000083500000|100%| O|  |TAMS 0x0000000083500000, 0x0000000083400000| Updating 
|  53|0x0000000083500000, 0x0000000083600000, 0x0000000083600000|100%| O|  |TAMS 0x0000000083600000, 0x0000000083500000| Updating 
|  54|0x0000000083600000, 0x0000000083700000, 0x0000000083700000|100%| O|  |TAMS 0x0000000083700000, 0x0000000083600000| Updating 
|  55|0x0000000083700000, 0x0000000083800000, 0x0000000083800000|100%| O|  |TAMS 0x0000000083800000, 0x0000000083700000| Updating 
|  56|0x0000000083800000, 0x0000000083900000, 0x0000000083900000|100%| O|  |TAMS 0x0000000083900000, 0x0000000083800000| Updating 
|  57|0x0000000083900000, 0x0000000083a00000, 0x0000000083a00000|100%| O|  |TAMS 0x0000000083a00000, 0x0000000083900000| Updating 
|  58|0x0000000083a00000, 0x0000000083b00000, 0x0000000083b00000|100%| O|  |TAMS 0x0000000083b00000, 0x0000000083a00000| Updating 
|  59|0x0000000083b00000, 0x0000000083c00000, 0x0000000083c00000|100%| O|  |TAMS 0x0000000083c00000, 0x0000000083b00000| Updating 
|  60|0x0000000083c00000, 0x0000000083d00000, 0x0000000083d00000|100%| O|  |TAMS 0x0000000083d00000, 0x0000000083c00000| Updating 
|  61|0x0000000083d00000, 0x0000000083e00000, 0x0000000083e00000|100%| O|  |TAMS 0x0000000083e00000, 0x0000000083d00000| Updating 
|  62|0x0000000083e00000, 0x0000000083f00000, 0x0000000083f00000|100%| O|  |TAMS 0x0000000083f00000, 0x0000000083e00000| Updating 
|  63|0x0000000083f00000, 0x0000000084000000, 0x0000000084000000|100%| O|  |TAMS 0x0000000084000000, 0x0000000083f00000| Updating 
|  64|0x0000000084000000, 0x0000000084100000, 0x0000000084100000|100%| O|  |TAMS 0x0000000084100000, 0x0000000084000000| Updating 
|  65|0x0000000084100000, 0x0000000084200000, 0x0000000084200000|100%| O|  |TAMS 0x0000000084200000, 0x0000000084100000| Updating 
|  66|0x0000000084200000, 0x0000000084300000, 0x0000000084300000|100%| O|  |TAMS 0x0000000084300000, 0x0000000084200000| Updating 
|  67|0x0000000084300000, 0x0000000084400000, 0x0000000084400000|100%| O|  |TAMS 0x0000000084400000, 0x0000000084300000| Updating 
|  68|0x0000000084400000, 0x0000000084500000, 0x0000000084500000|100%| O|  |TAMS 0x0000000084500000, 0x0000000084400000| Updating 
|  69|0x0000000084500000, 0x0000000084600000, 0x0000000084600000|100%| O|  |TAMS 0x0000000084600000, 0x0000000084500000| Updating 
|  70|0x0000000084600000, 0x0000000084700000, 0x0000000084700000|100%| O|  |TAMS 0x0000000084700000, 0x0000000084600000| Updating 
|  71|0x0000000084700000, 0x0000000084800000, 0x0000000084800000|100%| O|  |TAMS 0x0000000084800000, 0x0000000084700000| Updating 
|  72|0x0000000084800000, 0x0000000084900000, 0x0000000084900000|100%| O|  |TAMS 0x0000000084900000, 0x0000000084800000| Updating 
|  73|0x0000000084900000, 0x0000000084a00000, 0x0000000084a00000|100%| O|  |TAMS 0x0000000084a00000, 0x0000000084900000| Updating 
|  74|0x0000000084a00000, 0x0000000084b00000, 0x0000000084b00000|100%| O|  |TAMS 0x0000000084b00000, 0x0000000084a00000| Updating 
|  75|0x0000000084b00000, 0x0000000084c00000, 0x0000000084c00000|100%| O|  |TAMS 0x0000000084c00000, 0x0000000084b00000| Updating 
|  76|0x0000000084c00000, 0x0000000084d00000, 0x0000000084d00000|100%| O|  |TAMS 0x0000000084d00000, 0x0000000084c00000| Updating 
|  77|0x0000000084d00000, 0x0000000084e00000, 0x0000000084e00000|100%| O|  |TAMS 0x0000000084e00000, 0x0000000084d00000| Updating 
|  78|0x0000000084e00000, 0x0000000084f00000, 0x0000000084f00000|100%| O|  |TAMS 0x0000000084f00000, 0x0000000084e00000| Updating 
|  79|0x0000000084f00000, 0x0000000085000000, 0x0000000085000000|100%| O|  |TAMS 0x0000000085000000, 0x0000000084f00000| Updating 
|  80|0x0000000085000000, 0x0000000085100000, 0x0000000085100000|100%| O|  |TAMS 0x0000000085100000, 0x0000000085000000| Updating 
|  81|0x0000000085100000, 0x0000000085200000, 0x0000000085200000|100%| O|  |TAMS 0x0000000085200000, 0x0000000085100000| Updating 
|  82|0x0000000085200000, 0x0000000085300000, 0x0000000085300000|100%| O|  |TAMS 0x0000000085300000, 0x0000000085200000| Updating 
|  83|0x0000000085300000, 0x0000000085400000, 0x0000000085400000|100%| O|  |TAMS 0x0000000085400000, 0x0000000085300000| Updating 
|  84|0x0000000085400000, 0x0000000085500000, 0x0000000085500000|100%| O|  |TAMS 0x0000000085500000, 0x0000000085400000| Updating 
|  85|0x0000000085500000, 0x0000000085600000, 0x0000000085600000|100%| O|  |TAMS 0x0000000085600000, 0x0000000085500000| Updating 
|  86|0x0000000085600000, 0x0000000085700000, 0x0000000085700000|100%| O|  |TAMS 0x0000000085700000, 0x0000000085600000| Updating 
|  87|0x0000000085700000, 0x0000000085800000, 0x0000000085800000|100%| O|  |TAMS 0x0000000085800000, 0x0000000085700000| Updating 
|  88|0x0000000085800000, 0x0000000085900000, 0x0000000085900000|100%| O|  |TAMS 0x0000000085900000, 0x0000000085800000| Updating 
|  89|0x0000000085900000, 0x0000000085a00000, 0x0000000085a00000|100%| O|  |TAMS 0x0000000085a00000, 0x0000000085900000| Updating 
|  90|0x0000000085a00000, 0x0000000085b00000, 0x0000000085b00000|100%| O|  |TAMS 0x0000000085b00000, 0x0000000085a00000| Updating 
|  91|0x0000000085b00000, 0x0000000085c00000, 0x0000000085c00000|100%| O|  |TAMS 0x0000000085c00000, 0x0000000085b00000| Updating 
|  92|0x0000000085c00000, 0x0000000085d00000, 0x0000000085d00000|100%| O|  |TAMS 0x0000000085d00000, 0x0000000085c00000| Updating 
|  93|0x0000000085d00000, 0x0000000085e00000, 0x0000000085e00000|100%|HS|  |TAMS 0x0000000085e00000, 0x0000000085d00000| Complete 
|  94|0x0000000085e00000, 0x0000000085f00000, 0x0000000085f00000|100%| O|  |TAMS 0x0000000085f00000, 0x0000000085e00000| Updating 
|  95|0x0000000085f00000, 0x0000000086000000, 0x0000000086000000|100%| O|  |TAMS 0x0000000086000000, 0x0000000085f00000| Updating 
|  96|0x0000000086000000, 0x0000000086100000, 0x0000000086100000|100%| O|  |TAMS 0x0000000086100000, 0x0000000086000000| Updating 
|  97|0x0000000086100000, 0x0000000086200000, 0x0000000086200000|100%| O|  |TAMS 0x0000000086200000, 0x0000000086100000| Updating 
|  98|0x0000000086200000, 0x0000000086300000, 0x0000000086300000|100%| O|  |TAMS 0x0000000086300000, 0x0000000086200000| Updating 
|  99|0x0000000086300000, 0x0000000086400000, 0x0000000086400000|100%| O|  |TAMS 0x0000000086400000, 0x0000000086300000| Updating 
| 100|0x0000000086400000, 0x0000000086500000, 0x0000000086500000|100%| O|  |TAMS 0x0000000086500000, 0x0000000086400000| Updating 
| 101|0x0000000086500000, 0x0000000086600000, 0x0000000086600000|100%| O|  |TAMS 0x0000000086600000, 0x0000000086500000| Updating 
| 102|0x0000000086600000, 0x0000000086700000, 0x0000000086700000|100%| O|  |TAMS 0x0000000086700000, 0x0000000086600000| Updating 
| 103|0x0000000086700000, 0x0000000086800000, 0x0000000086800000|100%| O|  |TAMS 0x0000000086800000, 0x0000000086700000| Updating 
| 104|0x0000000086800000, 0x0000000086900000, 0x0000000086900000|100%| O|  |TAMS 0x0000000086900000, 0x0000000086800000| Updating 
| 105|0x0000000086900000, 0x0000000086a00000, 0x0000000086a00000|100%| O|  |TAMS 0x0000000086a00000, 0x0000000086900000| Updating 
| 106|0x0000000086a00000, 0x0000000086b00000, 0x0000000086b00000|100%| O|  |TAMS 0x0000000086b00000, 0x0000000086a00000| Updating 
| 107|0x0000000086b00000, 0x0000000086c00000, 0x0000000086c00000|100%| O|  |TAMS 0x0000000086c00000, 0x0000000086b00000| Updating 
| 108|0x0000000086c00000, 0x0000000086d00000, 0x0000000086d00000|100%| O|  |TAMS 0x0000000086d00000, 0x0000000086c00000| Updating 
| 109|0x0000000086d00000, 0x0000000086e00000, 0x0000000086e00000|100%| O|  |TAMS 0x0000000086e00000, 0x0000000086d00000| Updating 
| 110|0x0000000086e00000, 0x0000000086f00000, 0x0000000086f00000|100%| O|  |TAMS 0x0000000086f00000, 0x0000000086e00000| Updating 
| 111|0x0000000086f00000, 0x0000000087000000, 0x0000000087000000|100%| O|  |TAMS 0x0000000087000000, 0x0000000086f00000| Updating 
| 112|0x0000000087000000, 0x0000000087100000, 0x0000000087100000|100%| O|  |TAMS 0x0000000087100000, 0x0000000087000000| Updating 
| 113|0x0000000087100000, 0x0000000087200000, 0x0000000087200000|100%| O|  |TAMS 0x0000000087200000, 0x0000000087100000| Updating 
| 114|0x0000000087200000, 0x0000000087300000, 0x0000000087300000|100%| O|  |TAMS 0x0000000087300000, 0x0000000087200000| Updating 
| 115|0x0000000087300000, 0x0000000087400000, 0x0000000087400000|100%| O|  |TAMS 0x0000000087391400, 0x0000000087300000| Updating 
| 116|0x0000000087400000, 0x0000000087500000, 0x0000000087500000|100%| O|  |TAMS 0x0000000087400000, 0x0000000087400000| Untracked 
| 117|0x0000000087500000, 0x0000000087600000, 0x0000000087600000|100%| O|  |TAMS 0x0000000087500000, 0x0000000087500000| Untracked 
| 118|0x0000000087600000, 0x0000000087700000, 0x0000000087700000|100%| O|  |TAMS 0x0000000087600000, 0x0000000087600000| Untracked 
| 119|0x0000000087700000, 0x0000000087800000, 0x0000000087800000|100%| O|  |TAMS 0x0000000087700000, 0x0000000087700000| Untracked 
| 120|0x0000000087800000, 0x0000000087900000, 0x0000000087900000|100%| O|  |TAMS 0x0000000087900000, 0x0000000087800000| Updating 
| 121|0x0000000087900000, 0x0000000087a00000, 0x0000000087a00000|100%| O|  |TAMS 0x0000000087a00000, 0x0000000087900000| Updating 
| 122|0x0000000087a00000, 0x0000000087b00000, 0x0000000087b00000|100%| O|  |TAMS 0x0000000087b00000, 0x0000000087a00000| Updating 
| 123|0x0000000087b00000, 0x0000000087c00000, 0x0000000087c00000|100%| O|  |TAMS 0x0000000087c00000, 0x0000000087b00000| Updating 
| 124|0x0000000087c00000, 0x0000000087d00000, 0x0000000087d00000|100%| O|  |TAMS 0x0000000087d00000, 0x0000000087c00000| Updating 
| 125|0x0000000087d00000, 0x0000000087e00000, 0x0000000087e00000|100%| O|  |TAMS 0x0000000087e00000, 0x0000000087d00000| Updating 
| 126|0x0000000087e00000, 0x0000000087f00000, 0x0000000087f00000|100%| O|  |TAMS 0x0000000087f00000, 0x0000000087e00000| Updating 
| 127|0x0000000087f00000, 0x0000000088000000, 0x0000000088000000|100%| O|  |TAMS 0x0000000088000000, 0x0000000087f00000| Updating 
| 128|0x0000000088000000, 0x0000000088100000, 0x0000000088100000|100%| O|  |TAMS 0x0000000088100000, 0x0000000088000000| Updating 
| 129|0x0000000088100000, 0x0000000088200000, 0x0000000088200000|100%| O|  |TAMS 0x0000000088200000, 0x0000000088100000| Updating 
| 130|0x0000000088200000, 0x0000000088300000, 0x0000000088300000|100%| O|  |TAMS 0x0000000088300000, 0x0000000088200000| Updating 
| 131|0x0000000088300000, 0x0000000088400000, 0x0000000088400000|100%| O|  |TAMS 0x0000000088400000, 0x0000000088300000| Updating 
| 132|0x0000000088400000, 0x0000000088500000, 0x0000000088500000|100%| O|  |TAMS 0x0000000088500000, 0x0000000088400000| Updating 
| 133|0x0000000088500000, 0x0000000088600000, 0x0000000088600000|100%| O|  |TAMS 0x0000000088600000, 0x0000000088500000| Updating 
| 134|0x0000000088600000, 0x0000000088700000, 0x0000000088700000|100%| O|  |TAMS 0x0000000088700000, 0x0000000088600000| Updating 
| 135|0x0000000088700000, 0x0000000088800000, 0x0000000088800000|100%| O|  |TAMS 0x0000000088800000, 0x0000000088700000| Updating 
| 136|0x0000000088800000, 0x0000000088900000, 0x0000000088900000|100%| O|  |TAMS 0x0000000088900000, 0x0000000088800000| Updating 
| 137|0x0000000088900000, 0x0000000088a00000, 0x0000000088a00000|100%| O|  |TAMS 0x0000000088a00000, 0x0000000088900000| Updating 
| 138|0x0000000088a00000, 0x0000000088b00000, 0x0000000088b00000|100%| O|  |TAMS 0x0000000088b00000, 0x0000000088a00000| Updating 
| 139|0x0000000088b00000, 0x0000000088c00000, 0x0000000088c00000|100%| O|  |TAMS 0x0000000088c00000, 0x0000000088b00000| Updating 
| 140|0x0000000088c00000, 0x0000000088d00000, 0x0000000088d00000|100%| O|  |TAMS 0x0000000088d00000, 0x0000000088c00000| Updating 
| 141|0x0000000088d00000, 0x0000000088e00000, 0x0000000088e00000|100%| O|  |TAMS 0x0000000088e00000, 0x0000000088d00000| Updating 
| 142|0x0000000088e00000, 0x0000000088f00000, 0x0000000088f00000|100%| O|  |TAMS 0x0000000088e00000, 0x0000000088e00000| Untracked 
| 143|0x0000000088f00000, 0x0000000089000000, 0x0000000089000000|100%| O|  |TAMS 0x0000000089000000, 0x0000000088f00000| Updating 
| 144|0x0000000089000000, 0x0000000089100000, 0x0000000089100000|100%| O|  |TAMS 0x0000000089100000, 0x0000000089000000| Updating 
| 145|0x0000000089100000, 0x0000000089200000, 0x0000000089200000|100%| O|  |TAMS 0x0000000089200000, 0x0000000089100000| Updating 
| 146|0x0000000089200000, 0x0000000089300000, 0x0000000089300000|100%| O|  |TAMS 0x0000000089300000, 0x0000000089200000| Updating 
| 147|0x0000000089300000, 0x0000000089400000, 0x0000000089400000|100%| O|  |TAMS 0x0000000089400000, 0x0000000089300000| Updating 
| 148|0x0000000089400000, 0x0000000089500000, 0x0000000089500000|100%| O|  |TAMS 0x0000000089500000, 0x0000000089400000| Updating 
| 149|0x0000000089500000, 0x0000000089600000, 0x0000000089600000|100%| O|  |TAMS 0x0000000089600000, 0x0000000089500000| Updating 
| 150|0x0000000089600000, 0x0000000089700000, 0x0000000089700000|100%| O|  |TAMS 0x0000000089700000, 0x0000000089600000| Updating 
| 151|0x0000000089700000, 0x0000000089800000, 0x0000000089800000|100%| O|  |TAMS 0x0000000089800000, 0x0000000089700000| Updating 
| 152|0x0000000089800000, 0x0000000089900000, 0x0000000089900000|100%| O|  |TAMS 0x0000000089900000, 0x0000000089800000| Updating 
| 153|0x0000000089900000, 0x0000000089a00000, 0x0000000089a00000|100%| O|  |TAMS 0x0000000089a00000, 0x0000000089900000| Updating 
| 154|0x0000000089a00000, 0x0000000089b00000, 0x0000000089b00000|100%| O|  |TAMS 0x0000000089b00000, 0x0000000089a00000| Updating 
| 155|0x0000000089b00000, 0x0000000089c00000, 0x0000000089c00000|100%| O|  |TAMS 0x0000000089c00000, 0x0000000089b00000| Updating 
| 156|0x0000000089c00000, 0x0000000089d00000, 0x0000000089d00000|100%| O|  |TAMS 0x0000000089d00000, 0x0000000089c00000| Updating 
| 157|0x0000000089d00000, 0x0000000089e00000, 0x0000000089e00000|100%| O|  |TAMS 0x0000000089e00000, 0x0000000089d00000| Updating 
| 158|0x0000000089e00000, 0x0000000089f00000, 0x0000000089f00000|100%| O|  |TAMS 0x0000000089f00000, 0x0000000089e00000| Updating 
| 159|0x0000000089f00000, 0x000000008a000000, 0x000000008a000000|100%| O|  |TAMS 0x000000008a000000, 0x0000000089f00000| Updating 
| 160|0x000000008a000000, 0x000000008a100000, 0x000000008a100000|100%| O|  |TAMS 0x000000008a100000, 0x000000008a000000| Updating 
| 161|0x000000008a100000, 0x000000008a200000, 0x000000008a200000|100%| O|  |TAMS 0x000000008a200000, 0x000000008a100000| Updating 
| 162|0x000000008a200000, 0x000000008a300000, 0x000000008a300000|100%| O|  |TAMS 0x000000008a300000, 0x000000008a200000| Updating 
| 163|0x000000008a300000, 0x000000008a400000, 0x000000008a400000|100%| O|  |TAMS 0x000000008a400000, 0x000000008a300000| Updating 
| 164|0x000000008a400000, 0x000000008a500000, 0x000000008a500000|100%| O|  |TAMS 0x000000008a500000, 0x000000008a400000| Updating 
| 165|0x000000008a500000, 0x000000008a600000, 0x000000008a600000|100%| O|  |TAMS 0x000000008a500000, 0x000000008a500000| Untracked 
| 166|0x000000008a600000, 0x000000008a700000, 0x000000008a700000|100%| O|  |TAMS 0x000000008a700000, 0x000000008a600000| Updating 
| 167|0x000000008a700000, 0x000000008a800000, 0x000000008a800000|100%| O|  |TAMS 0x000000008a800000, 0x000000008a700000| Updating 
| 168|0x000000008a800000, 0x000000008a900000, 0x000000008a900000|100%| O|  |TAMS 0x000000008a900000, 0x000000008a800000| Updating 
| 169|0x000000008a900000, 0x000000008aa00000, 0x000000008aa00000|100%| O|  |TAMS 0x000000008aa00000, 0x000000008a900000| Updating 
| 170|0x000000008aa00000, 0x000000008ab00000, 0x000000008ab00000|100%| O|  |TAMS 0x000000008ab00000, 0x000000008aa00000| Updating 
| 171|0x000000008ab00000, 0x000000008ac00000, 0x000000008ac00000|100%| O|  |TAMS 0x000000008ac00000, 0x000000008ab00000| Updating 
| 172|0x000000008ac00000, 0x000000008ad00000, 0x000000008ad00000|100%| O|  |TAMS 0x000000008ad00000, 0x000000008ac00000| Updating 
| 173|0x000000008ad00000, 0x000000008ae00000, 0x000000008ae00000|100%| O|  |TAMS 0x000000008ae00000, 0x000000008ad00000| Updating 
| 174|0x000000008ae00000, 0x000000008af00000, 0x000000008af00000|100%| O|  |TAMS 0x000000008af00000, 0x000000008ae00000| Updating 
| 175|0x000000008af00000, 0x000000008b000000, 0x000000008b000000|100%| O|  |TAMS 0x000000008b000000, 0x000000008af00000| Updating 
| 176|0x000000008b000000, 0x000000008b100000, 0x000000008b100000|100%| O|  |TAMS 0x000000008b100000, 0x000000008b000000| Updating 
| 177|0x000000008b100000, 0x000000008b200000, 0x000000008b200000|100%| O|  |TAMS 0x000000008b200000, 0x000000008b100000| Updating 
| 178|0x000000008b200000, 0x000000008b300000, 0x000000008b300000|100%| O|  |TAMS 0x000000008b300000, 0x000000008b200000| Updating 
| 179|0x000000008b300000, 0x000000008b32cc00, 0x000000008b400000| 17%| O|  |TAMS 0x000000008b300000, 0x000000008b300000| Untracked 
| 180|0x000000008b400000, 0x000000008b400000, 0x000000008b500000|  0%| F|  |TAMS 0x000000008b400000, 0x000000008b400000| Untracked 
| 181|0x000000008b500000, 0x000000008b500000, 0x000000008b600000|  0%| F|  |TAMS 0x000000008b500000, 0x000000008b500000| Untracked 
| 182|0x000000008b600000, 0x000000008b600000, 0x000000008b700000|  0%| F|  |TAMS 0x000000008b600000, 0x000000008b600000| Untracked 
| 183|0x000000008b700000, 0x000000008b700000, 0x000000008b800000|  0%| F|  |TAMS 0x000000008b700000, 0x000000008b700000| Untracked 
| 184|0x000000008b800000, 0x000000008b800000, 0x000000008b900000|  0%| F|  |TAMS 0x000000008b800000, 0x000000008b800000| Untracked 
| 185|0x000000008b900000, 0x000000008b900000, 0x000000008ba00000|  0%| F|  |TAMS 0x000000008b900000, 0x000000008b900000| Untracked 
| 186|0x000000008ba00000, 0x000000008ba00000, 0x000000008bb00000|  0%| F|  |TAMS 0x000000008ba00000, 0x000000008ba00000| Untracked 
| 187|0x000000008bb00000, 0x000000008bb00000, 0x000000008bc00000|  0%| F|  |TAMS 0x000000008bb00000, 0x000000008bb00000| Untracked 
| 188|0x000000008bc00000, 0x000000008bc00000, 0x000000008bd00000|  0%| F|  |TAMS 0x000000008bc00000, 0x000000008bc00000| Untracked 
| 189|0x000000008bd00000, 0x000000008bd00000, 0x000000008be00000|  0%| F|  |TAMS 0x000000008bd00000, 0x000000008bd00000| Untracked 
| 190|0x000000008be00000, 0x000000008be00000, 0x000000008bf00000|  0%| F|  |TAMS 0x000000008be00000, 0x000000008be00000| Untracked 
| 191|0x000000008bf00000, 0x000000008bf00000, 0x000000008c000000|  0%| F|  |TAMS 0x000000008bf00000, 0x000000008bf00000| Untracked 
| 192|0x000000008c000000, 0x000000008c000000, 0x000000008c100000|  0%| F|  |TAMS 0x000000008c000000, 0x000000008c000000| Untracked 
| 193|0x000000008c100000, 0x000000008c100000, 0x000000008c200000|  0%| F|  |TAMS 0x000000008c100000, 0x000000008c100000| Untracked 
| 194|0x000000008c200000, 0x000000008c200000, 0x000000008c300000|  0%| F|  |TAMS 0x000000008c200000, 0x000000008c200000| Untracked 
| 195|0x000000008c300000, 0x000000008c300000, 0x000000008c400000|  0%| F|  |TAMS 0x000000008c300000, 0x000000008c300000| Untracked 
| 196|0x000000008c400000, 0x000000008c400000, 0x000000008c500000|  0%| F|  |TAMS 0x000000008c400000, 0x000000008c400000| Untracked 
| 197|0x000000008c500000, 0x000000008c500000, 0x000000008c600000|  0%| F|  |TAMS 0x000000008c500000, 0x000000008c500000| Untracked 
| 198|0x000000008c600000, 0x000000008c600000, 0x000000008c700000|  0%| F|  |TAMS 0x000000008c600000, 0x000000008c600000| Untracked 
| 199|0x000000008c700000, 0x000000008c700000, 0x000000008c800000|  0%| F|  |TAMS 0x000000008c700000, 0x000000008c700000| Untracked 
| 200|0x000000008c800000, 0x000000008c800000, 0x000000008c900000|  0%| F|  |TAMS 0x000000008c800000, 0x000000008c800000| Untracked 
| 201|0x000000008c900000, 0x000000008c900000, 0x000000008ca00000|  0%| F|  |TAMS 0x000000008c900000, 0x000000008c900000| Untracked 
| 202|0x000000008ca00000, 0x000000008ca00000, 0x000000008cb00000|  0%| F|  |TAMS 0x000000008ca00000, 0x000000008ca00000| Untracked 
| 203|0x000000008cb00000, 0x000000008cb00000, 0x000000008cc00000|  0%| F|  |TAMS 0x000000008cb00000, 0x000000008cb00000| Untracked 
| 204|0x000000008cc00000, 0x000000008cc00000, 0x000000008cd00000|  0%| F|  |TAMS 0x000000008cc00000, 0x000000008cc00000| Untracked 
| 205|0x000000008cd00000, 0x000000008cd00000, 0x000000008ce00000|  0%| F|  |TAMS 0x000000008cd00000, 0x000000008cd00000| Untracked 
| 206|0x000000008ce00000, 0x000000008ce00000, 0x000000008cf00000|  0%| F|  |TAMS 0x000000008ce00000, 0x000000008ce00000| Untracked 
| 207|0x000000008cf00000, 0x000000008cf00000, 0x000000008d000000|  0%| F|  |TAMS 0x000000008cf00000, 0x000000008cf00000| Untracked 
| 208|0x000000008d000000, 0x000000008d000000, 0x000000008d100000|  0%| F|  |TAMS 0x000000008d000000, 0x000000008d000000| Untracked 
| 209|0x000000008d100000, 0x000000008d100000, 0x000000008d200000|  0%| F|  |TAMS 0x000000008d100000, 0x000000008d100000| Untracked 
| 210|0x000000008d200000, 0x000000008d200000, 0x000000008d300000|  0%| F|  |TAMS 0x000000008d200000, 0x000000008d200000| Untracked 
| 211|0x000000008d300000, 0x000000008d300000, 0x000000008d400000|  0%| F|  |TAMS 0x000000008d300000, 0x000000008d300000| Untracked 
| 212|0x000000008d400000, 0x000000008d400000, 0x000000008d500000|  0%| F|  |TAMS 0x000000008d400000, 0x000000008d400000| Untracked 
| 213|0x000000008d500000, 0x000000008d500000, 0x000000008d600000|  0%| F|  |TAMS 0x000000008d500000, 0x000000008d500000| Untracked 
| 214|0x000000008d600000, 0x000000008d600000, 0x000000008d700000|  0%| F|  |TAMS 0x000000008d600000, 0x000000008d600000| Untracked 
| 215|0x000000008d700000, 0x000000008d700000, 0x000000008d800000|  0%| F|  |TAMS 0x000000008d700000, 0x000000008d700000| Untracked 
| 216|0x000000008d800000, 0x000000008d800000, 0x000000008d900000|  0%| F|  |TAMS 0x000000008d800000, 0x000000008d800000| Untracked 
| 217|0x000000008d900000, 0x000000008d900000, 0x000000008da00000|  0%| F|  |TAMS 0x000000008d900000, 0x000000008d900000| Untracked 
| 218|0x000000008da00000, 0x000000008da00000, 0x000000008db00000|  0%| F|  |TAMS 0x000000008da00000, 0x000000008da00000| Untracked 
| 219|0x000000008db00000, 0x000000008db00000, 0x000000008dc00000|  0%| F|  |TAMS 0x000000008db00000, 0x000000008db00000| Untracked 
| 220|0x000000008dc00000, 0x000000008dc00000, 0x000000008dd00000|  0%| F|  |TAMS 0x000000008dc00000, 0x000000008dc00000| Untracked 
| 221|0x000000008dd00000, 0x000000008dd00000, 0x000000008de00000|  0%| F|  |TAMS 0x000000008dd00000, 0x000000008dd00000| Untracked 
| 222|0x000000008de00000, 0x000000008de00000, 0x000000008df00000|  0%| F|  |TAMS 0x000000008de00000, 0x000000008de00000| Untracked 
| 223|0x000000008df00000, 0x000000008df00000, 0x000000008e000000|  0%| F|  |TAMS 0x000000008df00000, 0x000000008df00000| Untracked 
| 224|0x000000008e000000, 0x000000008e000000, 0x000000008e100000|  0%| F|  |TAMS 0x000000008e000000, 0x000000008e000000| Untracked 
| 225|0x000000008e100000, 0x000000008e200000, 0x000000008e200000|100%| S|CS|TAMS 0x000000008e100000, 0x000000008e100000| Complete 
| 226|0x000000008e200000, 0x000000008e300000, 0x000000008e300000|100%| S|CS|TAMS 0x000000008e200000, 0x000000008e200000| Complete 
| 227|0x000000008e300000, 0x000000008e400000, 0x000000008e400000|100%| S|CS|TAMS 0x000000008e300000, 0x000000008e300000| Complete 
| 228|0x000000008e400000, 0x000000008e500000, 0x000000008e500000|100%| S|CS|TAMS 0x000000008e400000, 0x000000008e400000| Complete 
| 229|0x000000008e500000, 0x000000008e600000, 0x000000008e600000|100%| S|CS|TAMS 0x000000008e500000, 0x000000008e500000| Complete 
| 230|0x000000008e600000, 0x000000008e600000, 0x000000008e700000|  0%| F|  |TAMS 0x000000008e600000, 0x000000008e600000| Untracked 
| 231|0x000000008e700000, 0x000000008e700000, 0x000000008e800000|  0%| F|  |TAMS 0x000000008e700000, 0x000000008e700000| Untracked 
| 232|0x000000008e800000, 0x000000008e800000, 0x000000008e900000|  0%| F|  |TAMS 0x000000008e800000, 0x000000008e800000| Untracked 
| 233|0x000000008e900000, 0x000000008e900000, 0x000000008ea00000|  0%| F|  |TAMS 0x000000008e900000, 0x000000008e900000| Untracked 
| 234|0x000000008ea00000, 0x000000008ea00000, 0x000000008eb00000|  0%| F|  |TAMS 0x000000008ea00000, 0x000000008ea00000| Untracked 
| 235|0x000000008eb00000, 0x000000008eb00000, 0x000000008ec00000|  0%| F|  |TAMS 0x000000008eb00000, 0x000000008eb00000| Untracked 
| 236|0x000000008ec00000, 0x000000008ec00000, 0x000000008ed00000|  0%| F|  |TAMS 0x000000008ec00000, 0x000000008ec00000| Untracked 
| 237|0x000000008ed00000, 0x000000008ed00000, 0x000000008ee00000|  0%| F|  |TAMS 0x000000008ed00000, 0x000000008ed00000| Untracked 
| 238|0x000000008ee00000, 0x000000008ee00000, 0x000000008ef00000|  0%| F|  |TAMS 0x000000008ee00000, 0x000000008ee00000| Untracked 
| 239|0x000000008ef00000, 0x000000008ef00000, 0x000000008f000000|  0%| F|  |TAMS 0x000000008ef00000, 0x000000008ef00000| Untracked 
| 240|0x000000008f000000, 0x000000008f000000, 0x000000008f100000|  0%| F|  |TAMS 0x000000008f000000, 0x000000008f000000| Untracked 
| 241|0x000000008f100000, 0x000000008f100000, 0x000000008f200000|  0%| F|  |TAMS 0x000000008f100000, 0x000000008f100000| Untracked 
| 242|0x000000008f200000, 0x000000008f200000, 0x000000008f300000|  0%| F|  |TAMS 0x000000008f200000, 0x000000008f200000| Untracked 
| 243|0x000000008f300000, 0x000000008f300000, 0x000000008f400000|  0%| F|  |TAMS 0x000000008f300000, 0x000000008f300000| Untracked 
| 244|0x000000008f400000, 0x000000008f400000, 0x000000008f500000|  0%| F|  |TAMS 0x000000008f400000, 0x000000008f400000| Untracked 
| 245|0x000000008f500000, 0x000000008f500000, 0x000000008f600000|  0%| F|  |TAMS 0x000000008f500000, 0x000000008f500000| Untracked 
| 246|0x000000008f600000, 0x000000008f600000, 0x000000008f700000|  0%| F|  |TAMS 0x000000008f600000, 0x000000008f600000| Untracked 
| 247|0x000000008f700000, 0x000000008f700000, 0x000000008f800000|  0%| F|  |TAMS 0x000000008f700000, 0x000000008f700000| Untracked 
| 248|0x000000008f800000, 0x000000008f800000, 0x000000008f900000|  0%| F|  |TAMS 0x000000008f800000, 0x000000008f800000| Untracked 
| 249|0x000000008f900000, 0x000000008f900000, 0x000000008fa00000|  0%| F|  |TAMS 0x000000008f900000, 0x000000008f900000| Untracked 
| 250|0x000000008fa00000, 0x000000008fa00000, 0x000000008fb00000|  0%| F|  |TAMS 0x000000008fa00000, 0x000000008fa00000| Untracked 
| 251|0x000000008fb00000, 0x000000008fb00000, 0x000000008fc00000|  0%| F|  |TAMS 0x000000008fb00000, 0x000000008fb00000| Untracked 
| 252|0x000000008fc00000, 0x000000008fc00000, 0x000000008fd00000|  0%| F|  |TAMS 0x000000008fc00000, 0x000000008fc00000| Untracked 
| 253|0x000000008fd00000, 0x000000008fd00000, 0x000000008fe00000|  0%| F|  |TAMS 0x000000008fd00000, 0x000000008fd00000| Untracked 
| 254|0x000000008fe00000, 0x000000008fe00000, 0x000000008ff00000|  0%| F|  |TAMS 0x000000008fe00000, 0x000000008fe00000| Untracked 
| 255|0x000000008ff00000, 0x000000008ff00000, 0x0000000090000000|  0%| F|  |TAMS 0x000000008ff00000, 0x000000008ff00000| Untracked 
| 256|0x0000000090000000, 0x0000000090000000, 0x0000000090100000|  0%| F|  |TAMS 0x0000000090000000, 0x0000000090000000| Untracked 
| 257|0x0000000090100000, 0x0000000090100000, 0x0000000090200000|  0%| F|  |TAMS 0x0000000090100000, 0x0000000090100000| Untracked 
| 258|0x0000000090200000, 0x0000000090200000, 0x0000000090300000|  0%| F|  |TAMS 0x0000000090200000, 0x0000000090200000| Untracked 
| 259|0x0000000090300000, 0x0000000090300000, 0x0000000090400000|  0%| F|  |TAMS 0x0000000090300000, 0x0000000090300000| Untracked 
| 260|0x0000000090400000, 0x0000000090400000, 0x0000000090500000|  0%| F|  |TAMS 0x0000000090400000, 0x0000000090400000| Untracked 
| 261|0x0000000090500000, 0x0000000090500000, 0x0000000090600000|  0%| F|  |TAMS 0x0000000090500000, 0x0000000090500000| Untracked 
| 262|0x0000000090600000, 0x0000000090600000, 0x0000000090700000|  0%| F|  |TAMS 0x0000000090600000, 0x0000000090600000| Untracked 
| 263|0x0000000090700000, 0x0000000090700000, 0x0000000090800000|  0%| F|  |TAMS 0x0000000090700000, 0x0000000090700000| Untracked 

Card table byte_map: [0x00000280cf2a0000,0x00000280cf6a0000] _byte_map_base: 0x00000280ceea0000

Marking Bits (Prev, Next): (CMBitMap*) 0x00000280ba1b2060, (CMBitMap*) 0x00000280ba1b2028
 Prev Bits: [0x00000280d1aa0000, 0x00000280d3aa0000)
 Next Bits: [0x00000280cfaa0000, 0x00000280d1aa0000)

Polling page: 0x00000280ba250000

Metaspace:

Usage:
  Non-class:     87.17 MB capacity,    85.73 MB ( 98%) used,     1.16 MB (  1%) free+waste,   290.50 KB ( <1%) overhead. 
      Class:     13.69 MB capacity,    12.76 MB ( 93%) used,   814.91 KB (  6%) free+waste,   131.19 KB ( <1%) overhead. 
       Both:    100.86 MB capacity,    98.49 MB ( 98%) used,     1.96 MB (  2%) free+waste,   421.69 KB ( <1%) overhead. 

Virtual space:
  Non-class space:       88.00 MB reserved,      87.49 MB (>99%) committed 
      Class space:        1.00 GB reserved,      13.88 MB (  1%) committed 
             Both:        1.09 GB reserved,     101.37 MB (  9%) committed 

Chunk freelists:
   Non-Class:  262.00 KB
       Class:  136.00 KB
        Both:  398.00 KB

MaxMetaspaceSize: 17179869184.00 GB
CompressedClassSpaceSize: 1.00 GB

CodeHeap 'non-profiled nmethods': size=120000Kb used=5424Kb max_used=5424Kb free=114575Kb
 bounds [0x00000280c6f10000, 0x00000280c7460000, 0x00000280ce440000]
CodeHeap 'profiled nmethods': size=120000Kb used=24251Kb max_used=24251Kb free=95748Kb
 bounds [0x00000280bf9e0000, 0x00000280c1190000, 0x00000280c6f10000]
CodeHeap 'non-nmethods': size=5760Kb used=2302Kb max_used=2321Kb free=3457Kb
 bounds [0x00000280bf440000, 0x00000280bf6b0000, 0x00000280bf9e0000]
 total_blobs=12996 nmethods=12084 adapters=823
 compilation: enabled
              stopped_count=0, restarted_count=0
 full_count=0

Compilation events (20 events):
Event: 28.189 Thread 0x00000280d6593000 12415 %     3       com.android.tools.r8.internal.xj::b @ 16 (65 bytes)
Event: 28.189 Thread 0x00000280d6593000 nmethod 12415% 0x00000280c1187410 code [0x00000280c1187640, 0x00000280c1187e68]
Event: 28.189 Thread 0x00000280d6593000 12416       3       com.android.tools.r8.internal.dG::a (59 bytes)
Event: 28.190 Thread 0x00000280d6593000 nmethod 12416 0x00000280c1188110 code [0x00000280c1188320, 0x00000280c1188848]
Event: 28.190 Thread 0x00000280d6593000 12417       3       com.android.tools.r8.internal.i2::a (59 bytes)
Event: 28.190 Thread 0x00000280d6593000 nmethod 12417 0x00000280c1188b10 code [0x00000280c1188cc0, 0x00000280c1188df8]
Event: 28.191 Thread 0x00000280d6593000 12418       3       com.android.tools.r8.internal.uc::b (36 bytes)
Event: 28.191 Thread 0x00000280d6593000 nmethod 12418 0x00000280c1188e90 code [0x00000280c1189080, 0x00000280c1189458]
Event: 28.191 Thread 0x00000280d6593000 12422       3       com.android.tools.r8.internal.x::entrySet (5 bytes)
Event: 28.191 Thread 0x00000280d6593000 nmethod 12422 0x00000280c1189610 code [0x00000280c11897c0, 0x00000280c1189968]
Event: 28.191 Thread 0x00000280d6593000 12423       3       com.android.tools.r8.internal.t0::iterator (5 bytes)
Event: 28.191 Thread 0x00000280d6593000 nmethod 12423 0x00000280c1189a10 code [0x00000280c1189bc0, 0x00000280c1189d68]
Event: 28.191 Thread 0x00000280d6593000 12424       3       com.android.tools.r8.internal.ka::a (41 bytes)
Event: 28.192 Thread 0x00000280d6593000 nmethod 12424 0x00000280c1189e10 code [0x00000280c1189fe0, 0x00000280c118a298]
Event: 28.192 Thread 0x00000280d6593000 12419       3       com.android.tools.r8.graph.c::a (47 bytes)
Event: 28.192 Thread 0x00000280d6593000 nmethod 12419 0x00000280c118a410 code [0x00000280c118a660, 0x00000280c118aec8]
Event: 28.192 Thread 0x00000280d6593000 12420       3       com.android.tools.r8.internal.uc::a (205 bytes)
Event: 28.196 Thread 0x00000280d6593000 nmethod 12420 0x00000280c118b190 code [0x00000280c118b660, 0x00000280c118dff8]
Event: 28.201 Thread 0x00000280d6f22000 nmethod 12402 0x00000280c745b290 code [0x00000280c745b480, 0x00000280c745bd38]
Event: 28.202 Thread 0x00000280d6f22000 12421       4       java.util.LinkedList$ListItr::<init> (47 bytes)

GC Heap History (20 events):
Event: 26.119 GC heap after
{Heap after GC invocations=28 (full 0):
 garbage-first heap   total 225280K, used 110564K [0x0000000080000000, 0x0000000100000000)
  region size 1024K, 2 young (2048K), 2 survivors (2048K)
 Metaspace       used 92385K, capacity 94545K, committed 94968K, reserved 1132544K
  class space    used 11825K, capacity 12649K, committed 12800K, reserved 1048576K
}
Event: 26.427 GC heap before
{Heap before GC invocations=28 (full 0):
 garbage-first heap   total 225280K, used 176100K [0x0000000080000000, 0x0000000100000000)
  region size 1024K, 67 young (68608K), 2 survivors (2048K)
 Metaspace       used 93878K, capacity 96089K, committed 96376K, reserved 1132544K
  class space    used 12032K, capacity 12845K, committed 12928K, reserved 1048576K
}
Event: 26.440 GC heap after
{Heap after GC invocations=29 (full 0):
 garbage-first heap   total 225280K, used 132572K [0x0000000080000000, 0x0000000100000000)
  region size 1024K, 9 young (9216K), 9 survivors (9216K)
 Metaspace       used 93878K, capacity 96089K, committed 96376K, reserved 1132544K
  class space    used 12032K, capacity 12845K, committed 12928K, reserved 1048576K
}
Event: 26.690 GC heap before
{Heap before GC invocations=29 (full 0):
 garbage-first heap   total 225280K, used 176604K [0x0000000080000000, 0x0000000100000000)
  region size 1024K, 53 young (54272K), 9 survivors (9216K)
 Metaspace       used 95058K, capacity 97350K, committed 97656K, reserved 1134592K
  class space    used 12204K, capacity 13066K, committed 13184K, reserved 1048576K
}
Event: 26.702 GC heap after
{Heap after GC invocations=30 (full 0):
 garbage-first heap   total 225280K, used 146997K [0x0000000080000000, 0x0000000100000000)
  region size 1024K, 7 young (7168K), 7 survivors (7168K)
 Metaspace       used 95058K, capacity 97350K, committed 97656K, reserved 1134592K
  class space    used 12204K, capacity 13066K, committed 13184K, reserved 1048576K
}
Event: 26.892 GC heap before
{Heap before GC invocations=31 (full 0):
 garbage-first heap   total 225280K, used 178741K [0x0000000080000000, 0x0000000100000000)
  region size 1024K, 39 young (39936K), 7 survivors (7168K)
 Metaspace       used 95665K, capacity 97942K, committed 98168K, reserved 1134592K
  class space    used 12297K, capacity 13156K, committed 13184K, reserved 1048576K
}
Event: 26.902 GC heap after
{Heap after GC invocations=32 (full 0):
 garbage-first heap   total 225280K, used 151913K [0x0000000080000000, 0x0000000100000000)
  region size 1024K, 5 young (5120K), 5 survivors (5120K)
 Metaspace       used 95665K, capacity 97942K, committed 98168K, reserved 1134592K
  class space    used 12297K, capacity 13156K, committed 13184K, reserved 1048576K
}
Event: 27.009 GC heap before
{Heap before GC invocations=32 (full 0):
 garbage-first heap   total 225280K, used 180585K [0x0000000080000000, 0x0000000100000000)
  region size 1024K, 33 young (33792K), 5 survivors (5120K)
 Metaspace       used 96166K, capacity 98515K, committed 98808K, reserved 1134592K
  class space    used 12384K, capacity 13263K, committed 13312K, reserved 1048576K
}
Event: 27.021 GC heap after
{Heap after GC invocations=33 (full 0):
 garbage-first heap   total 225280K, used 159301K [0x0000000080000000, 0x0000000100000000)
  region size 1024K, 5 young (5120K), 5 survivors (5120K)
 Metaspace       used 96166K, capacity 98515K, committed 98808K, reserved 1134592K
  class space    used 12384K, capacity 13263K, committed 13312K, reserved 1048576K
}
Event: 27.252 GC heap before
{Heap before GC invocations=33 (full 0):
 garbage-first heap   total 225280K, used 182853K [0x0000000080000000, 0x0000000100000000)
  region size 1024K, 29 young (29696K), 5 survivors (5120K)
 Metaspace       used 97058K, capacity 99412K, committed 99704K, reserved 1136640K
  class space    used 12494K, capacity 13391K, committed 13440K, reserved 1048576K
}
Event: 27.261 GC heap after
{Heap after GC invocations=34 (full 0):
 garbage-first heap   total 225280K, used 163315K [0x0000000080000000, 0x0000000100000000)
  region size 1024K, 4 young (4096K), 4 survivors (4096K)
 Metaspace       used 97058K, capacity 99412K, committed 99704K, reserved 1136640K
  class space    used 12494K, capacity 13391K, committed 13440K, reserved 1048576K
}
Event: 27.412 GC heap before
{Heap before GC invocations=34 (full 0):
 garbage-first heap   total 225280K, used 184819K [0x0000000080000000, 0x0000000100000000)
  region size 1024K, 26 young (26624K), 4 survivors (4096K)
 Metaspace       used 97703K, capacity 100087K, committed 100344K, reserved 1136640K
  class space    used 12570K, capacity 13486K, committed 13568K, reserved 1048576K
}
Event: 27.426 GC heap after
{Heap after GC invocations=35 (full 0):
 garbage-first heap   total 270336K, used 169089K [0x0000000080000000, 0x0000000100000000)
  region size 1024K, 4 young (4096K), 4 survivors (4096K)
 Metaspace       used 97703K, capacity 100087K, committed 100344K, reserved 1136640K
  class space    used 12570K, capacity 13486K, committed 13568K, reserved 1048576K
}
Event: 27.609 GC heap before
{Heap before GC invocations=36 (full 0):
 garbage-first heap   total 270336K, used 214145K [0x0000000080000000, 0x0000000100000000)
  region size 1024K, 48 young (49152K), 4 survivors (4096K)
 Metaspace       used 98508K, capacity 100929K, committed 100984K, reserved 1136640K
  class space    used 12731K, capacity 13656K, committed 13696K, reserved 1048576K
}
Event: 27.624 GC heap after
{Heap after GC invocations=37 (full 0):
 garbage-first heap   total 270336K, used 180616K [0x0000000080000000, 0x0000000100000000)
  region size 1024K, 6 young (6144K), 6 survivors (6144K)
 Metaspace       used 98508K, capacity 100929K, committed 100984K, reserved 1136640K
  class space    used 12731K, capacity 13656K, committed 13696K, reserved 1048576K
}
Event: 27.642 GC heap before
{Heap before GC invocations=37 (full 0):
 garbage-first heap   total 270336K, used 186760K [0x0000000080000000, 0x0000000100000000)
  region size 1024K, 13 young (13312K), 6 survivors (6144K)
 Metaspace       used 98642K, capacity 101057K, committed 101240K, reserved 1136640K
  class space    used 12743K, capacity 13656K, committed 13696K, reserved 1048576K
}
Event: 27.655 GC heap after
{Heap after GC invocations=38 (full 0):
 garbage-first heap   total 270336K, used 171969K [0x0000000080000000, 0x0000000100000000)
  region size 1024K, 2 young (2048K), 2 survivors (2048K)
 Metaspace       used 98642K, capacity 101057K, committed 101240K, reserved 1136640K
  class space    used 12743K, capacity 13656K, committed 13696K, reserved 1048576K
}
Event: 27.792 GC heap before
{Heap before GC invocations=38 (full 0):
 garbage-first heap   total 270336K, used 213953K [0x0000000080000000, 0x0000000100000000)
  region size 1024K, 44 young (45056K), 2 survivors (2048K)
 Metaspace       used 99563K, capacity 102045K, committed 102264K, reserved 1138688K
  class space    used 12919K, capacity 13882K, committed 13952K, reserved 1048576K
}
Event: 27.803 GC heap after
{Heap after GC invocations=39 (full 0):
 garbage-first heap   total 270336K, used 183877K [0x0000000080000000, 0x0000000100000000)
  region size 1024K, 6 young (6144K), 6 survivors (6144K)
 Metaspace       used 99563K, capacity 102045K, committed 102264K, reserved 1138688K
  class space    used 12919K, capacity 13882K, committed 13952K, reserved 1048576K
}
Event: 28.206 GC heap before
{Heap before GC invocations=39 (full 0):
 garbage-first heap   total 270336K, used 217669K [0x0000000080000000, 0x0000000100000000)
  region size 1024K, 40 young (40960K), 6 survivors (6144K)
 Metaspace       used 100854K, capacity 103281K, committed 103800K, reserved 1138688K
  class space    used 13068K, capacity 14015K, committed 14208K, reserved 1048576K
}

Deoptimization events (20 events):
Event: 27.840 Thread 0x00000280dad82800 Uncommon trap: trap_request=0xffffff4d fr.pc=0x00000280c7416508 relative=0x0000000000000068
Event: 27.840 Thread 0x00000280dad82800 Uncommon trap: reason=unstable_if action=reinterpret pc=0x00000280c7416508 method=com.android.tools.r8.internal.DA.a(Ljava/lang/Object;[Lcom/android/tools/r8/internal/zf;I)Ljava/lang/Object; @ 5 c2
Event: 27.840 Thread 0x00000280dad82800 DEOPT PACKING pc=0x00000280c7416508 sp=0x00000084194f9a20
Event: 27.840 Thread 0x00000280dad82800 DEOPT UNPACKING pc=0x00000280bf4678af sp=0x00000084194f9940 mode 2
Event: 27.841 Thread 0x00000280dad82800 Uncommon trap: trap_request=0xffffff4d fr.pc=0x00000280c7414b60 relative=0x0000000000000040
Event: 27.841 Thread 0x00000280dad82800 Uncommon trap: reason=unstable_if action=reinterpret pc=0x00000280c7414b60 method=com.android.tools.r8.internal.DA.a(Ljava/lang/Object;[Lcom/android/tools/r8/internal/zf;I)Ljava/lang/Object; @ 5 c2
Event: 27.841 Thread 0x00000280dad82800 DEOPT PACKING pc=0x00000280c7414b60 sp=0x00000084194f9980
Event: 27.841 Thread 0x00000280dad82800 DEOPT UNPACKING pc=0x00000280bf4678af sp=0x00000084194f9930 mode 2
Event: 27.922 Thread 0x00000280dad83800 Uncommon trap: trap_request=0xffffff4d fr.pc=0x00000280c7438838 relative=0x0000000000000ed8
Event: 27.922 Thread 0x00000280dad83800 Uncommon trap: reason=unstable_if action=reinterpret pc=0x00000280c7438838 method=com.android.tools.r8.internal.oh.a(ILjava/lang/Object;)Ljava/lang/Object; @ 99 c2
Event: 27.922 Thread 0x00000280dad83800 DEOPT PACKING pc=0x00000280c7438838 sp=0x00000084196f9ca0
Event: 27.922 Thread 0x00000280dad83800 DEOPT UNPACKING pc=0x00000280bf4678af sp=0x00000084196f9c68 mode 2
Event: 28.022 Thread 0x00000280dad7c000 Uncommon trap: trap_request=0xffffff4d fr.pc=0x00000280c713e5e0 relative=0x0000000000000c40
Event: 28.022 Thread 0x00000280dad7c000 Uncommon trap: reason=unstable_if action=reinterpret pc=0x00000280c713e5e0 method=java.util.HashMap.computeIfAbsent(Ljava/lang/Object;Ljava/util/function/Function;)Ljava/lang/Object; @ 145 c2
Event: 28.022 Thread 0x00000280dad7c000 DEOPT PACKING pc=0x00000280c713e5e0 sp=0x00000084193f9590
Event: 28.022 Thread 0x00000280dad7c000 DEOPT UNPACKING pc=0x00000280bf4678af sp=0x00000084193f9560 mode 2
Event: 28.045 Thread 0x00000280dad83800 Uncommon trap: trap_request=0xffffff4d fr.pc=0x00000280c726e41c relative=0x000000000000277c
Event: 28.045 Thread 0x00000280dad83800 Uncommon trap: reason=unstable_if action=reinterpret pc=0x00000280c726e41c method=java.util.TreeMap.put(Ljava/lang/Object;Ljava/lang/Object;)Ljava/lang/Object; @ 163 c2
Event: 28.045 Thread 0x00000280dad83800 DEOPT PACKING pc=0x00000280c726e41c sp=0x00000084196f9c10
Event: 28.045 Thread 0x00000280dad83800 DEOPT UNPACKING pc=0x00000280bf4678af sp=0x00000084196f9bd0 mode 2

Classes redefined (0 events):
No events

Internal exceptions (20 events):
Event: 26.924 Thread 0x00000280dad83800 Exception <a 'java/lang/IncompatibleClassChangeError'{0x000000008d801f10}: Found class java.lang.Object, but interface was expected> (0x000000008d801f10) thrown at [./src/hotspot/share/interpreter/linkResolver.cpp, line 839]
Event: 26.924 Thread 0x00000280dad7c000 Exception <a 'java/lang/IncompatibleClassChangeError'{0x000000008d80b170}: Found class java.lang.Object, but interface was expected> (0x000000008d80b170) thrown at [./src/hotspot/share/interpreter/linkResolver.cpp, line 839]
Event: 26.925 Thread 0x00000280dad85000 Exception <a 'java/lang/IncompatibleClassChangeError'{0x000000008d9ec320}: Found class java.lang.Object, but interface was expected> (0x000000008d9ec320) thrown at [./src/hotspot/share/interpreter/linkResolver.cpp, line 839]
Event: 26.930 Thread 0x00000280dad82800 Exception <a 'java/lang/NoSuchMethodError'{0x000000008d629778}: 'int java.lang.invoke.DirectMethodHandle$Holder.invokeVirtual(java.lang.Object, java.lang.Object, java.lang.Object)'> (0x000000008d629778) thrown at [./src/hotspot/share/interpreter/linkResolver.cpp, line 773]
Event: 27.367 Thread 0x00000280dad85000 Exception <a 'java/lang/NoSuchMethodError'{0x000000008ce69848}: 'java.lang.Object java.lang.invoke.DirectMethodHandle$Holder.invokeStatic(java.lang.Object, int, java.lang.Object, java.lang.Object)'> (0x000000008ce69848) thrown at [./src/hotspot/share/interpreter/linkResolver.cpp, line 773]
Event: 27.367 Thread 0x00000280dad7c000 Exception <a 'java/lang/NoSuchMethodError'{0x000000008cea4a60}: 'java.lang.Object java.lang.invoke.DirectMethodHandle$Holder.invokeStatic(java.lang.Object, int, java.lang.Object, java.lang.Object)'> (0x000000008cea4a60) thrown at [./src/hotspot/share/interpreter/linkResolver.cpp, line 773]
Event: 27.367 Thread 0x00000280dad86800 Exception <a 'java/lang/NoSuchMethodError'{0x000000008ce612b8}: 'java.lang.Object java.lang.invoke.DirectMethodHandle$Holder.invokeStatic(java.lang.Object, int, java.lang.Object, java.lang.Object)'> (0x000000008ce612b8) thrown at [./src/hotspot/share/interpreter/linkResolver.cpp, line 773]
Event: 27.485 Thread 0x00000280dad7c000 Exception <a 'java/lang/NoSuchMethodError'{0x000000008facaa88}: 'java.lang.Object java.lang.invoke.Invokers$Holder.linkToTargetMethod(java.lang.Object, java.lang.Object, java.lang.Object, java.lang.Object, java.lang.Object, java.lang.Object, java.lang.Object)'> (0x000000008facaa88) thrown at [./src/hotspot/share/interpreter/linkResolver.cpp, line 773]
Event: 27.485 Thread 0x00000280dad86800 Exception <a 'java/lang/NoSuchMethodError'{0x000000008f9040b8}: 'java.lang.Object java.lang.invoke.Invokers$Holder.linkToTargetMethod(java.lang.Object, java.lang.Object, java.lang.Object, java.lang.Object, java.lang.Object, java.lang.Object, java.lang.Object)'> (0x000000008f9040b8) thrown at [./src/hotspot/share/interpreter/linkResolver.cpp, line 773]
Event: 27.505 Thread 0x00000280dad7c000 Exception <a 'java/lang/NoSuchMethodError'{0x000000008f639190}: 'int java.lang.invoke.DirectMethodHandle$Holder.invokeSpecial(java.lang.Object, java.lang.Object, java.lang.Object, java.lang.Object, java.lang.Object)'> (0x000000008f639190) thrown at [./src/hotspot/share/interpreter/linkResolver.cpp, line 773]
Event: 27.661 Thread 0x00000280dad85800 Exception <a 'java/lang/NoSuchMethodError'{0x00000000906d9238}: 'java.lang.Object java.lang.invoke.DirectMethodHandle$Holder.invokeVirtual(java.lang.Object, java.lang.Object, int, java.lang.Object)'> (0x00000000906d9238) thrown at [./src/hotspot/share/interpreter/linkResolver.cpp, line 773]
Event: 27.661 Thread 0x00000280dad83800 Exception <a 'java/lang/NoSuchMethodError'{0x00000000905010d0}: 'java.lang.Object java.lang.invoke.DirectMethodHandle$Holder.invokeVirtual(java.lang.Object, java.lang.Object, int, java.lang.Object)'> (0x00000000905010d0) thrown at [./src/hotspot/share/interpreter/linkResolver.cpp, line 773]
Event: 27.661 Thread 0x00000280dad82800 Exception <a 'java/lang/NoSuchMethodError'{0x000000009068c2f0}: 'java.lang.Object java.lang.invoke.DirectMethodHandle$Holder.invokeVirtual(java.lang.Object, java.lang.Object, int, java.lang.Object)'> (0x000000009068c2f0) thrown at [./src/hotspot/share/interpreter/linkResolver.cpp, line 773]
Event: 27.661 Thread 0x00000280dad7c000 Exception <a 'java/lang/NoSuchMethodError'{0x0000000090675d48}: 'java.lang.Object java.lang.invoke.DirectMethodHandle$Holder.invokeVirtual(java.lang.Object, java.lang.Object, int, java.lang.Object)'> (0x0000000090675d48) thrown at [./src/hotspot/share/interpreter/linkResolver.cpp, line 773]
Event: 27.662 Thread 0x00000280dad85000 Exception <a 'java/lang/NoSuchMethodError'{0x0000000090601380}: 'java.lang.Object java.lang.invoke.DirectMethodHandle$Holder.invokeVirtual(java.lang.Object, java.lang.Object, int, java.lang.Object)'> (0x0000000090601380) thrown at [./src/hotspot/share/interpreter/linkResolver.cpp, line 773]
Event: 27.715 Thread 0x00000280dad83800 Exception <a 'java/lang/NoSuchMethodError'{0x000000008f941940}: 'void java.lang.invoke.DirectMethodHandle$Holder.invokeVirtual(java.lang.Object, java.lang.Object, int, java.lang.Object)'> (0x000000008f941940) thrown at [./src/hotspot/share/interpreter/linkResolver.cpp, line 773]
Event: 27.715 Thread 0x00000280dad85800 Exception <a 'java/lang/NoSuchMethodError'{0x000000008f2b2690}: 'void java.lang.invoke.DirectMethodHandle$Holder.invokeVirtual(java.lang.Object, java.lang.Object, int, java.lang.Object)'> (0x000000008f2b2690) thrown at [./src/hotspot/share/interpreter/linkResolver.cpp, line 773]
Event: 27.742 Thread 0x00000280dad82800 Exception <a 'java/lang/IncompatibleClassChangeError'{0x000000008e987870}: Found class java.lang.Object, but interface was expected> (0x000000008e987870) thrown at [./src/hotspot/share/interpreter/linkResolver.cpp, line 839]
Event: 27.745 Thread 0x00000280dad82800 Exception <a 'java/lang/IncompatibleClassChangeError'{0x000000008e8407f8}: Found class java.lang.Object, but interface was expected> (0x000000008e8407f8) thrown at [./src/hotspot/share/interpreter/linkResolver.cpp, line 839]
Event: 27.899 Thread 0x00000280dad87800 Exception <a 'java/lang/NoSuchMethodError'{0x000000008fe47420}: 'java.lang.Object java.lang.invoke.DirectMethodHandle$Holder.newInvokeSpecial(java.lang.Object, int)'> (0x000000008fe47420) thrown at [./src/hotspot/share/interpreter/linkResolver.cpp, line 773]

Events (20 events):
Event: 28.159 loading class com/android/tools/r8/code/v2 done
Event: 28.165 loading class com/android/tools/r8/code/a
Event: 28.165 loading class com/android/tools/r8/code/a done
Event: 28.167 loading class com/android/tools/r8/code/s2
Event: 28.167 loading class com/android/tools/r8/code/s2 done
Event: 28.171 loading class com/android/tools/r8/code/u2
Event: 28.171 loading class com/android/tools/r8/code/u2 done
Event: 28.172 loading class com/android/tools/r8/code/x2
Event: 28.172 loading class com/android/tools/r8/code/x2 done
Event: 28.173 loading class com/android/tools/r8/code/B2
Event: 28.173 loading class com/android/tools/r8/code/B2 done
Event: 28.183 loading class com/android/tools/r8/code/w2
Event: 28.183 loading class com/android/tools/r8/code/w2 done
Event: 28.183 loading class com/android/tools/r8/code/y2
Event: 28.183 loading class com/android/tools/r8/code/y2 done
Event: 28.184 loading class com/android/tools/r8/code/t2
Event: 28.184 loading class com/android/tools/r8/code/t2 done
Event: 28.199 loading class com/android/tools/r8/code/A2
Event: 28.199 loading class com/android/tools/r8/code/A2 done
Event: 28.206 Executing VM operation: G1CollectForAllocation


Dynamic libraries:
0x00007ff674cf0000 - 0x00007ff674cfa000 	C:\Program Files\Android\Android Studio1\jre\bin\java.exe
0x00007ffee6580000 - 0x00007ffee6789000 	C:\WINDOWS\SYSTEM32\ntdll.dll
0x00007ffee5200000 - 0x00007ffee52bd000 	C:\WINDOWS\System32\KERNEL32.DLL
0x00007ffee3c10000 - 0x00007ffee3f84000 	C:\WINDOWS\System32\KERNELBASE.dll
0x00007ffee3a70000 - 0x00007ffee3b81000 	C:\WINDOWS\System32\ucrtbase.dll
0x00007ffed02a0000 - 0x00007ffed02b9000 	C:\Program Files\Android\Android Studio1\jre\bin\jli.dll
0x00007ffed0300000 - 0x00007ffed0317000 	C:\Program Files\Android\Android Studio1\jre\bin\VCRUNTIME140.dll
0x00007ffee4dc0000 - 0x00007ffee4f6c000 	C:\WINDOWS\System32\USER32.dll
0x00007ffece2f0000 - 0x00007ffece595000 	C:\WINDOWS\WinSxS\amd64_microsoft.windows.common-controls_6595b64144ccf1df_6.0.22000.120_none_9d947278b86cc467\COMCTL32.dll
0x00007ffee40c0000 - 0x00007ffee40e6000 	C:\WINDOWS\System32\win32u.dll
0x00007ffee5950000 - 0x00007ffee59f3000 	C:\WINDOWS\System32\msvcrt.dll
0x00007ffee5920000 - 0x00007ffee5949000 	C:\WINDOWS\System32\GDI32.dll
0x00007ffee4190000 - 0x00007ffee42a2000 	C:\WINDOWS\System32\gdi32full.dll
0x00007ffee40f0000 - 0x00007ffee418d000 	C:\WINDOWS\System32\msvcp_win.dll
0x00007ffee4d80000 - 0x00007ffee4db1000 	C:\WINDOWS\System32\IMM32.DLL
0x00007ffeaca90000 - 0x00007ffeacb2d000 	C:\Program Files\Android\Android Studio1\jre\bin\msvcp140.dll
0x00007ffe973a0000 - 0x00007ffe97e6f000 	C:\Program Files\Android\Android Studio1\jre\bin\server\jvm.dll
0x00007ffee4f70000 - 0x00007ffee501e000 	C:\WINDOWS\System32\ADVAPI32.dll
0x00007ffee5160000 - 0x00007ffee51fe000 	C:\WINDOWS\System32\sechost.dll
0x00007ffee5040000 - 0x00007ffee5160000 	C:\WINDOWS\System32\RPCRT4.dll
0x00007ffee5a00000 - 0x00007ffee5a08000 	C:\WINDOWS\System32\PSAPI.DLL
0x00007ffec1120000 - 0x00007ffec1129000 	C:\WINDOWS\SYSTEM32\WSOCK32.dll
0x00007ffed5670000 - 0x00007ffed567a000 	C:\WINDOWS\SYSTEM32\VERSION.dll
0x00007ffee5a10000 - 0x00007ffee5a7f000 	C:\WINDOWS\System32\WS2_32.dll
0x00007ffedc4b0000 - 0x00007ffedc4e3000 	C:\WINDOWS\SYSTEM32\WINMM.dll
0x00007ffee2c60000 - 0x00007ffee2c78000 	C:\WINDOWS\SYSTEM32\kernel.appcore.dll
0x00007ffedc920000 - 0x00007ffedc931000 	C:\Program Files\Android\Android Studio1\jre\bin\verify.dll
0x00007ffee1070000 - 0x00007ffee1291000 	C:\WINDOWS\SYSTEM32\DBGHELP.DLL
0x00007ffec4850000 - 0x00007ffec4881000 	C:\WINDOWS\SYSTEM32\dbgcore.DLL
0x00007ffee3b90000 - 0x00007ffee3c0f000 	C:\WINDOWS\System32\bcryptPrimitives.dll
0x00007ffedc610000 - 0x00007ffedc639000 	C:\Program Files\Android\Android Studio1\jre\bin\java.dll
0x00007ffedd910000 - 0x00007ffedd91b000 	C:\Program Files\Android\Android Studio1\jre\bin\jimage.dll
0x00007ffed2de0000 - 0x00007ffed2df8000 	C:\Program Files\Android\Android Studio1\jre\bin\zip.dll
0x00007ffee5a80000 - 0x00007ffee622e000 	C:\WINDOWS\System32\SHELL32.dll
0x00007ffee1bf0000 - 0x00007ffee2458000 	C:\WINDOWS\SYSTEM32\windows.storage.dll
0x00007ffee4a00000 - 0x00007ffee4d78000 	C:\WINDOWS\System32\combase.dll
0x00007ffee1a80000 - 0x00007ffee1be6000 	C:\WINDOWS\SYSTEM32\wintypes.dll
0x00007ffee6230000 - 0x00007ffee631a000 	C:\WINDOWS\System32\SHCORE.dll
0x00007ffee53f0000 - 0x00007ffee544d000 	C:\WINDOWS\System32\shlwapi.dll
0x00007ffee39a0000 - 0x00007ffee39c1000 	C:\WINDOWS\SYSTEM32\profapi.dll
0x00007ffed0240000 - 0x00007ffed025a000 	C:\Program Files\Android\Android Studio1\jre\bin\net.dll
0x00007ffeddd60000 - 0x00007ffedde6c000 	C:\WINDOWS\SYSTEM32\WINHTTP.dll
0x00007ffee3090000 - 0x00007ffee30f7000 	C:\WINDOWS\system32\mswsock.dll
0x00007ffed00b0000 - 0x00007ffed00c4000 	C:\Program Files\Android\Android Studio1\jre\bin\nio.dll
0x00007ffecce50000 - 0x00007ffecce77000 	C:\Users\ASUS\.gradle\native\8bec1ad78214c89d9ad589b4d07fe93259594b29d510b10fafb7a158f7737e5d\windows-amd64\native-platform.dll
0x00007ffeac8c0000 - 0x00007ffeac9fd000 	C:\Users\ASUS\.gradle\native\53dbd7edfb1c66fb8903c78663c9afc45aea4f116125fa6feffd364cf09443e8\windows-amd64\native-platform-file-events.dll
0x00007ffedc4f0000 - 0x00007ffedc4fa000 	C:\Program Files\Android\Android Studio1\jre\bin\management.dll
0x00007ffed2dd0000 - 0x00007ffed2ddc000 	C:\Program Files\Android\Android Studio1\jre\bin\management_ext.dll
0x00007ffee32d0000 - 0x00007ffee32e8000 	C:\WINDOWS\SYSTEM32\CRYPTSP.dll
0x00007ffee2bc0000 - 0x00007ffee2bf5000 	C:\WINDOWS\system32\rsaenh.dll
0x00007ffee3180000 - 0x00007ffee31a9000 	C:\WINDOWS\SYSTEM32\USERENV.dll
0x00007ffee3450000 - 0x00007ffee3477000 	C:\WINDOWS\SYSTEM32\bcrypt.dll
0x00007ffee32f0000 - 0x00007ffee32fc000 	C:\WINDOWS\SYSTEM32\CRYPTBASE.dll
0x00007ffee2790000 - 0x00007ffee27bd000 	C:\WINDOWS\SYSTEM32\IPHLPAPI.DLL
0x00007ffee52c0000 - 0x00007ffee52c9000 	C:\WINDOWS\System32\NSI.dll
0x00007ffeddf40000 - 0x00007ffeddf59000 	C:\WINDOWS\SYSTEM32\dhcpcsvc6.DLL
0x00007ffede330000 - 0x00007ffede34e000 	C:\WINDOWS\SYSTEM32\dhcpcsvc.DLL
0x00007ffee2800000 - 0x00007ffee28e7000 	C:\WINDOWS\SYSTEM32\DNSAPI.dll

dbghelp: loaded successfully - version: 4.0.5 - missing functions: none
symbol engine: initialized successfully - sym options: 0x614 - pdb path: .;C:\Program Files\Android\Android Studio1\jre\bin;C:\WINDOWS\SYSTEM32;C:\WINDOWS\WinSxS\amd64_microsoft.windows.common-controls_6595b64144ccf1df_6.0.22000.120_none_9d947278b86cc467;C:\Program Files\Android\Android Studio1\jre\bin\server;C:\Users\ASUS\.gradle\native\8bec1ad78214c89d9ad589b4d07fe93259594b29d510b10fafb7a158f7737e5d\windows-amd64;C:\Users\ASUS\.gradle\native\53dbd7edfb1c66fb8903c78663c9afc45aea4f116125fa6feffd364cf09443e8\windows-amd64

VM Arguments:
jvm_args: --add-opens=java.base/java.util=ALL-UNNAMED --add-opens=java.base/java.lang=ALL-UNNAMED --add-opens=java.base/java.lang.invoke=ALL-UNNAMED --add-opens=java.base/java.util=ALL-UNNAMED --add-opens=java.prefs/java.util.prefs=ALL-UNNAMED --add-opens=java.prefs/java.util.prefs=ALL-UNNAMED --add-opens=java.base/java.nio.charset=ALL-UNNAMED --add-opens=java.base/java.net=ALL-UNNAMED --add-opens=java.base/java.util.concurrent.atomic=ALL-UNNAMED -Xmx2048m -Dfile.encoding=UTF-8 -Duser.country=ID -Duser.language=en -Duser.variant 
java_command: org.gradle.launcher.daemon.bootstrap.GradleDaemon 7.0.2
java_class_path (initial): C:\Users\ASUS\.gradle\wrapper\dists\gradle-7.0.2-bin\857tjihv64xamwrf0h14cai3r\gradle-7.0.2\lib\gradle-launcher-7.0.2.jar
Launcher Type: SUN_STANDARD

[Global flags]
     intx CICompilerCount                          = 4                                         {product} {ergonomic}
     uint ConcGCThreads                            = 2                                         {product} {ergonomic}
     uint G1ConcRefinementThreads                  = 8                                         {product} {ergonomic}
   size_t G1HeapRegionSize                         = 1048576                                   {product} {ergonomic}
    uintx GCDrainStackTargetSize                   = 64                                        {product} {ergonomic}
   size_t InitialHeapSize                          = 132120576                                 {product} {ergonomic}
   size_t MarkStackSize                            = 4194304                                   {product} {ergonomic}
   size_t MaxHeapSize                              = 2147483648                                {product} {command line}
   size_t MaxNewSize                               = 1287651328                                {product} {ergonomic}
   size_t MinHeapDeltaBytes                        = 1048576                                   {product} {ergonomic}
    uintx NonNMethodCodeHeapSize                   = 5836300                                {pd product} {ergonomic}
    uintx NonProfiledCodeHeapSize                  = 122910970                              {pd product} {ergonomic}
    uintx ProfiledCodeHeapSize                     = 122910970                              {pd product} {ergonomic}
    uintx ReservedCodeCacheSize                    = 251658240                              {pd product} {ergonomic}
     bool SegmentedCodeCache                       = true                                      {product} {ergonomic}
     bool UseCompressedClassPointers               = true                                 {lp64_product} {ergonomic}
     bool UseCompressedOops                        = true                                 {lp64_product} {ergonomic}
     bool UseG1GC                                  = true                                      {product} {ergonomic}
     bool UseLargePagesIndividualAllocation        = false                                  {pd product} {ergonomic}

Logging:
Log output configuration:
 #0: stdout all=warning uptime,level,tags
 #1: stderr all=off uptime,level,tags

Environment Variables:
PATH=C:\Users\ASUS\platform-tools_r31.0.3-windows\platform-tools\systrace\catapult\common\bin;C:\Python310\;C:\ProgramData\Oracle\Java\javapath;C:\Program Files\Common Files\Oracle\Java\javapath;C:\Windows\system32;C:\Windows;C:\Windows\System32\Wbem;C:\Windows\System32\WindowsPowerShell\v1.0\;C:\Windows\System32\OpenSSH\;C:\Program Files (x86)\NVIDIA Corporation\PhysX\Common;C:\Program Files\NVIDIA Corporation\NVIDIA NvDLISR;C:\composer;C:\ProgramData\ComposerSetup\bin;C:\Program Files\gradle-6.9.1\bin;C:\WINDOWS\system32;C:\WINDOWS;C:\WINDOWS\System32\Wbem;C:\WINDOWS\System32\WindowsPowerShell\v1.0\;C:\WINDOWS\System32\OpenSSH\;C:\Program Files\nodejs\;C:\ProgramData\chocolatey\bin;C:\Users\ASUS\flutter\bin;C:\Program Files\Git\bin;C:\Program Files\Git\cmd;C:\Users\ASUS\AppData\Local\Android\sdk\tools\bin;C:\Users\ASUS\flutter\bin;C:\Users\ASUS\AppData\Local\Microsoft\WindowsApps;C:\Program Files\MongoDB\Server\4.4\bin;C:\xampp\php;C:\Users\ASUS\AppData\Roaming\Composer\vendor\bin;C:\Python27;C:\Program Files\gradle-6.9.1\bin;C:\Users\ASUS\AppData\Roaming\npm;C:\Users\ASUS\AppData\Local\Android\sdk\tools\bin;C:\Users\ASUS\AppData\Local\Programs\Microsoft VS Code\bin
USERNAME=ASUS
OS=Windows_NT
PROCESSOR_IDENTIFIER=Intel64 Family 6 Model 158 Stepping 10, GenuineIntel



---------------  S Y S T E M  ---------------

OS: Windows 10 , 64 bit Build 22000 (10.0.22000.434)
OS uptime: 9 days 2:29 hours

CPU:total 8 (initial active 8) (4 cores per cpu, 2 threads per core) family 6 model 158 stepping 10 microcode 0xde, cmov, cx8, fxsr, mmx, sse, sse2, sse3, ssse3, sse4.1, sse4.2, popcnt, avx, avx2, aes, clmul, erms, 3dnowpref, lzcnt, ht, tsc, tscinvbit, bmi1, bmi2, adx, fma

Memory: 4k page, system-wide physical 8047M (299M free)
TotalPageFile size 32623M (AvailPageFile size 2M)
current process WorkingSet (physical memory assigned to process): 518M, peak: 518M
current process commit charge ("private bytes"): 779M, peak: 779M

vm_info: OpenJDK 64-Bit Server VM (11.0.10+0-b96-7249189) for windows-amd64 JRE (11.0.10+0-b96-7249189), built on Mar 31 2021 21:44:00 by "builder" with MS VC++ 14.0 (VS2015)

END.
