#
# There is insufficient memory for the Java Runtime Environment to continue.
# Native memory allocation (mmap) failed to map 38797312 bytes for Failed to commit area from 0x000000008b700000 to 0x000000008dc00000 of length 38797312.
# Possible reasons:
#   The system is out of physical RAM or swap space
#   The process is running with CompressedOops enabled, and the Java Heap may be blocking the growth of the native heap
# Possible solutions:
#   Reduce memory load on the system
#   Increase physical memory or swap space
#   Check if swap backing store is full
#   Decrease Java heap size (-Xmx/-Xms)
#   Decrease number of Java threads
#   Decrease Java thread stack sizes (-Xss)
#   Set larger code cache with -XX:ReservedCodeCacheSize=
#   JVM is running with Unscaled Compressed Oops mode in which the Java heap is
#     placed in the first 4GB address space. The Java Heap base address is the
#     maximum limit for the native heap growth. Please use -XX:HeapBaseMinAddress
#     to set the Java Heap base and to place the Java Heap above 4GB virtual address.
# This output file may be truncated or incomplete.
#
#  Out of Memory Error (./src/hotspot/os/windows/os_windows.cpp:3301), pid=8672, tid=14052
#
# JRE version: OpenJDK Runtime Environment (11.0.10) (build 11.0.10+0-b96-7249189)
# Java VM: OpenJDK 64-Bit Server VM (11.0.10+0-b96-7249189, mixed mode, tiered, compressed oops, g1 gc, windows-amd64)
# No core dump will be written. Minidumps are not enabled by default on client versions of Windows
#

---------------  S U M M A R Y ------------

Command Line: --add-opens=java.base/java.util=ALL-UNNAMED --add-opens=java.base/java.lang=ALL-UNNAMED --add-opens=java.base/java.lang.invoke=ALL-UNNAMED --add-opens=java.base/java.util=ALL-UNNAMED --add-opens=java.prefs/java.util.prefs=ALL-UNNAMED --add-opens=java.prefs/java.util.prefs=ALL-UNNAMED --add-opens=java.base/java.nio.charset=ALL-UNNAMED --add-opens=java.base/java.net=ALL-UNNAMED --add-opens=java.base/java.util.concurrent.atomic=ALL-UNNAMED -Xmx2048m -Dfile.encoding=UTF-8 -Duser.country=ID -Duser.language=en -Duser.variant org.gradle.launcher.daemon.bootstrap.GradleDaemon 7.0.2

Host: Intel(R) Core(TM) i5-8300H CPU @ 2.30GHz, 8 cores, 7G,  Windows 10 , 64 bit Build 22000 (10.0.22000.434)
Time: Wed Mar 30 09:58:22 2022 SE Asia Standard Time elapsed time: 21.829771 seconds (0d 0h 0m 21s)

---------------  T H R E A D  ---------------

Current thread (0x00000235f19e1000):  VMThread "VM Thread" [stack: 0x000000ae95900000,0x000000ae95a00000] [id=14052]

Stack: [0x000000ae95900000,0x000000ae95a00000]
[error occurred during error reporting (printing stack bounds), id 0xc0000005, EXCEPTION_ACCESS_VIOLATION (0xc0000005) at pc=0x00000235db070f2d]

Native frames: (J=compiled Java code, j=interpreted, Vv=VM code, C=native code)
V  [jvm.dll+0x5ecfaa]
V  [jvm.dll+0x722bd5]
V  [jvm.dll+0x72412d]
V  [jvm.dll+0x724745]
V  [jvm.dll+0x7246fb]
V  [jvm.dll+0x5ec348]
V  [jvm.dll+0x5ecad8]
C  [ntdll.dll+0xa86ef]
C  [ntdll.dll+0x35aea]
C  [ntdll.dll+0xa76fe]
C  0x00000235db070f2d

VM_Operation (0x000000ae986fc200): G1CollectForAllocation, mode: safepoint, requested by thread 0x00000235f4af5000


---------------  P R O C E S S  ---------------

Threads class SMR info:
_java_thread_list=0x00000235fa06a6d0, length=61, elements={
0x00000235d757e000, 0x00000235f19e3000, 0x00000235f19ee000, 0x00000235f2382800,
0x00000235f19ff000, 0x00000235f1a01800, 0x00000235f1a0b800, 0x00000235f1a10000,
0x00000235f1a14000, 0x00000235f24dc800, 0x00000235f3cce000, 0x00000235f3b84800,
0x00000235f3989000, 0x00000235f3f0e800, 0x00000235f441e800, 0x00000235f44c0000,
0x00000235f452b800, 0x00000235f3e1d800, 0x00000235f3b82800, 0x00000235f3e0c800,
0x00000235f3e10000, 0x00000235f3e0e000, 0x00000235f3e0d800, 0x00000235f3e0f000,
0x00000235f3e0a000, 0x00000235f3e10800, 0x00000235f3e0b000, 0x00000235f3e0b800,
0x00000235f4aee000, 0x00000235f4aec000, 0x00000235f4af0800, 0x00000235f4aef800,
0x00000235f4af1000, 0x00000235f4aee800, 0x00000235f4aed000, 0x00000235f4af4800,
0x00000235f4af5000, 0x00000235f4af6000, 0x00000235f4af7000, 0x00000235f4af7800,
0x00000235f4af8800, 0x00000235f4af3800, 0x00000235f4afb000, 0x00000235f4af9800,
0x00000235f4afa000, 0x00000235f7f22000, 0x00000235f7f23000, 0x00000235f7f23800,
0x00000235f7f24800, 0x00000235f7f20800, 0x00000235f7f21000, 0x00000235f7f25000,
0x00000235f7f26000, 0x00000235f7f2a000, 0x00000235f7f2b000, 0x00000235f7f2b800,
0x00000235f7f2c800, 0x00000235f7f27000, 0x00000235f7f2d800, 0x00000235f7f27800,
0x00000235f7f2e000
}

Java Threads: ( => current thread )
  0x00000235d757e000 JavaThread "main" [_thread_blocked, id=8316, stack(0x000000ae95300000,0x000000ae95400000)]
  0x00000235f19e3000 JavaThread "Reference Handler" daemon [_thread_blocked, id=14416, stack(0x000000ae95a00000,0x000000ae95b00000)]
  0x00000235f19ee000 JavaThread "Finalizer" daemon [_thread_blocked, id=15812, stack(0x000000ae95b00000,0x000000ae95c00000)]
  0x00000235f2382800 JavaThread "Signal Dispatcher" daemon [_thread_blocked, id=8296, stack(0x000000ae95c00000,0x000000ae95d00000)]
  0x00000235f19ff000 JavaThread "Attach Listener" daemon [_thread_blocked, id=2328, stack(0x000000ae95d00000,0x000000ae95e00000)]
  0x00000235f1a01800 JavaThread "Service Thread" daemon [_thread_blocked, id=15380, stack(0x000000ae95e00000,0x000000ae95f00000)]
  0x00000235f1a0b800 JavaThread "C2 CompilerThread0" daemon [_thread_blocked, id=7832, stack(0x000000ae95f00000,0x000000ae96000000)]
  0x00000235f1a10000 JavaThread "C1 CompilerThread0" daemon [_thread_blocked, id=4172, stack(0x000000ae96000000,0x000000ae96100000)]
  0x00000235f1a14000 JavaThread "Sweeper thread" daemon [_thread_blocked, id=7820, stack(0x000000ae96100000,0x000000ae96200000)]
  0x00000235f24dc800 JavaThread "Common-Cleaner" daemon [_thread_blocked, id=10468, stack(0x000000ae96200000,0x000000ae96300000)]
  0x00000235f3cce000 JavaThread "Daemon health stats" [_thread_blocked, id=288, stack(0x000000ae96600000,0x000000ae96700000)]
  0x00000235f3b84800 JavaThread "Incoming local TCP Connector on port 53559" [_thread_in_native, id=14124, stack(0x000000ae96700000,0x000000ae96800000)]
  0x00000235f3989000 JavaThread "Daemon periodic checks" [_thread_blocked, id=1528, stack(0x000000ae96800000,0x000000ae96900000)]
  0x00000235f3f0e800 JavaThread "Daemon" [_thread_blocked, id=6932, stack(0x000000ae96900000,0x000000ae96a00000)]
  0x00000235f441e800 JavaThread "Handler for socket connection from /127.0.0.1:53559 to /127.0.0.1:53560" [_thread_in_native, id=15636, stack(0x000000ae96a00000,0x000000ae96b00000)]
  0x00000235f44c0000 JavaThread "Cancel handler" [_thread_blocked, id=912, stack(0x000000ae96b00000,0x000000ae96c00000)]
  0x00000235f452b800 JavaThread "Daemon worker" [_thread_blocked, id=17412, stack(0x000000ae96c00000,0x000000ae96d00000)]
  0x00000235f3e1d800 JavaThread "Asynchronous log dispatcher for DefaultDaemonConnection: socket connection from /127.0.0.1:53559 to /127.0.0.1:53560" [_thread_blocked, id=2284, stack(0x000000ae96d00000,0x000000ae96e00000)]
  0x00000235f3b82800 JavaThread "Stdin handler" [_thread_blocked, id=12748, stack(0x000000ae96e00000,0x000000ae96f00000)]
  0x00000235f3e0c800 JavaThread "Daemon client event forwarder" [_thread_blocked, id=14848, stack(0x000000ae96f00000,0x000000ae97000000)]
  0x00000235f3e10000 JavaThread "Cache worker for file hash cache (C:\Users\ASUS\.gradle\caches\7.0.2\fileHashes)" [_thread_blocked, id=18296, stack(0x000000ae97500000,0x000000ae97600000)]
  0x00000235f3e0e000 JavaThread "File lock request listener" [_thread_in_native, id=6820, stack(0x000000ae97600000,0x000000ae97700000)]
  0x00000235f3e0d800 JavaThread "Cache worker for journal cache (C:\Users\ASUS\.gradle\caches\journal-1)" [_thread_blocked, id=3124, stack(0x000000ae97800000,0x000000ae97900000)]
  0x00000235f3e0f000 JavaThread "Cache worker for file hash cache (C:\Users\ASUS\AndroidStudioProjects\gigiibuhamil\.gradle\7.0.2\fileHashes)" [_thread_blocked, id=4708, stack(0x000000ae97900000,0x000000ae97a00000)]
  0x00000235f3e0a000 JavaThread "File watcher server" daemon [_thread_blocked, id=14896, stack(0x000000ae97a00000,0x000000ae97b00000)]
  0x00000235f3e10800 JavaThread "File watcher consumer" daemon [_thread_blocked, id=15632, stack(0x000000ae97b00000,0x000000ae97c00000)]
  0x00000235f3e0b000 JavaThread "Cache worker for checksums cache (C:\Users\ASUS\AndroidStudioProjects\gigiibuhamil\.gradle\checksums)" [_thread_blocked, id=4964, stack(0x000000ae97c00000,0x000000ae97d00000)]
  0x00000235f3e0b800 JavaThread "Cache worker for cache directory md-supplier (C:\Users\ASUS\.gradle\caches\7.0.2\md-supplier)" [_thread_blocked, id=6328, stack(0x000000ae97d00000,0x000000ae97e00000)]
  0x00000235f4aee000 JavaThread "Cache worker for cache directory md-rule (C:\Users\ASUS\.gradle\caches\7.0.2\md-rule)" [_thread_blocked, id=14480, stack(0x000000ae97e00000,0x000000ae97f00000)]
  0x00000235f4aec000 JavaThread "Cache worker for execution history cache (C:\Users\ASUS\.gradle\caches\7.0.2\executionHistory)" [_thread_blocked, id=12384, stack(0x000000ae97f00000,0x000000ae98000000)]
  0x00000235f4af0800 JavaThread "jar transforms" [_thread_blocked, id=6496, stack(0x000000ae98000000,0x000000ae98100000)]
  0x00000235f4aef800 JavaThread "jar transforms Thread 2" [_thread_blocked, id=5908, stack(0x000000ae98100000,0x000000ae98200000)]
  0x00000235f4af1000 JavaThread "Cache worker for file content cache (C:\Users\ASUS\.gradle\caches\7.0.2\fileContent)" [_thread_blocked, id=13144, stack(0x000000ae98200000,0x000000ae98300000)]
  0x00000235f4aee800 JavaThread "Cache worker for dependencies-accessors (C:\Users\ASUS\AndroidStudioProjects\gigiibuhamil\.gradle\7.0.2\dependencies-accessors)" [_thread_blocked, id=18104, stack(0x000000ae98300000,0x000000ae98400000)]
  0x00000235f4aed000 JavaThread "jar transforms Thread 3" [_thread_blocked, id=17892, stack(0x000000ae98400000,0x000000ae98500000)]
  0x00000235f4af4800 JavaThread "Cache worker for Build Output Cleanup Cache (C:\Users\ASUS\AndroidStudioProjects\gigiibuhamil\.gradle\buildOutputCleanup)" [_thread_blocked, id=4248, stack(0x000000ae98500000,0x000000ae98600000)]
  0x00000235f4af5000 JavaThread "Build operations" [_thread_blocked, id=14884, stack(0x000000ae98600000,0x000000ae98700000)]
  0x00000235f4af6000 JavaThread "Build operations Thread 2" [_thread_blocked, id=12124, stack(0x000000ae98700000,0x000000ae98800000)]
  0x00000235f4af7000 JavaThread "Build operations Thread 3" [_thread_blocked, id=9084, stack(0x000000ae98800000,0x000000ae98900000)]
  0x00000235f4af7800 JavaThread "Build operations Thread 4" [_thread_blocked, id=8952, stack(0x000000ae98900000,0x000000ae98a00000)]
  0x00000235f4af8800 JavaThread "Build operations Thread 5" [_thread_blocked, id=13460, stack(0x000000ae98a00000,0x000000ae98b00000)]
  0x00000235f4af3800 JavaThread "Build operations Thread 6" [_thread_blocked, id=12704, stack(0x000000ae98b00000,0x000000ae98c00000)]
  0x00000235f4afb000 JavaThread "Build operations Thread 7" [_thread_blocked, id=8828, stack(0x000000ae98c00000,0x000000ae98d00000)]
  0x00000235f4af9800 JavaThread "Build operations Thread 8" [_thread_blocked, id=11712, stack(0x000000ae98d00000,0x000000ae98e00000)]
  0x00000235f4afa000 JavaThread "jar transforms Thread 4" [_thread_blocked, id=5592, stack(0x000000ae98e00000,0x000000ae98f00000)]
  0x00000235f7f22000 JavaThread "jar transforms Thread 5" [_thread_blocked, id=8644, stack(0x000000ae98f00000,0x000000ae99000000)]
  0x00000235f7f23000 JavaThread "jar transforms Thread 6" [_thread_blocked, id=16028, stack(0x000000ae99000000,0x000000ae99100000)]
  0x00000235f7f23800 JavaThread "jar transforms Thread 7" [_thread_blocked, id=5204, stack(0x000000ae99100000,0x000000ae99200000)]
  0x00000235f7f24800 JavaThread "jar transforms Thread 8" [_thread_blocked, id=7516, stack(0x000000ae99200000,0x000000ae99300000)]
  0x00000235f7f20800 JavaThread "Memory manager" [_thread_blocked, id=12428, stack(0x000000ae99300000,0x000000ae99400000)]
  0x00000235f7f21000 JavaThread "build event listener" [_thread_blocked, id=14500, stack(0x000000ae99400000,0x000000ae99500000)]
  0x00000235f7f25000 JavaThread "pool-3-thread-1" [_thread_blocked, id=5436, stack(0x000000ae99500000,0x000000ae99600000)]
  0x00000235f7f26000 JavaThread "build event listener" [_thread_blocked, id=2572, stack(0x000000ae99600000,0x000000ae99700000)]
  0x00000235f7f2a000 JavaThread "Execution worker for ':'" [_thread_blocked, id=17956, stack(0x000000ae99700000,0x000000ae99800000)]
  0x00000235f7f2b000 JavaThread "Execution worker for ':' Thread 2" [_thread_blocked, id=10192, stack(0x000000ae99800000,0x000000ae99900000)]
  0x00000235f7f2b800 JavaThread "Execution worker for ':' Thread 3" [_thread_blocked, id=18112, stack(0x000000ae99900000,0x000000ae99a00000)]
  0x00000235f7f2c800 JavaThread "Execution worker for ':' Thread 4" [_thread_blocked, id=8640, stack(0x000000ae99a00000,0x000000ae99b00000)]
  0x00000235f7f27000 JavaThread "Execution worker for ':' Thread 5" [_thread_blocked, id=14964, stack(0x000000ae99b00000,0x000000ae99c00000)]
  0x00000235f7f2d800 JavaThread "Execution worker for ':' Thread 6" [_thread_blocked, id=16036, stack(0x000000ae99c00000,0x000000ae99d00000)]
  0x00000235f7f27800 JavaThread "Execution worker for ':' Thread 7" [_thread_blocked, id=13664, stack(0x000000ae99d00000,0x000000ae99e00000)]
  0x00000235f7f2e000 JavaThread "Cache worker for execution history cache (C:\Users\ASUS\AndroidStudioProjects\gigiibuhamil\.gradle\7.0.2\executionHistory)" [_thread_blocked, id=14844, stack(0x000000ae99e00000,0x000000ae99f00000)]

Other Threads:
=>0x00000235f19e1000 VMThread "VM Thread" [stack: 0x000000ae95900000,0x000000ae95a00000] [id=14052]
  0x00000235f24e8000 WatcherThread [stack: 0x000000ae96300000,0x000000ae96400000] [id=18092]
  0x00000235d7599000 GCTaskThread "GC Thread#0" [stack: 0x000000ae95400000,0x000000ae95500000] [id=7448]
  0x00000235f279a800 GCTaskThread "GC Thread#1" [stack: 0x000000ae96400000,0x000000ae96500000] [id=11268]
  0x00000235f2fbb000 GCTaskThread "GC Thread#2" [stack: 0x000000ae96500000,0x000000ae96600000] [id=3864]
  0x00000235f44a4000 GCTaskThread "GC Thread#3" [stack: 0x000000ae97000000,0x000000ae97100000] [id=5880]
  0x00000235f451f800 GCTaskThread "GC Thread#4" [stack: 0x000000ae97100000,0x000000ae97200000] [id=7944]
  0x00000235f3e14000 GCTaskThread "GC Thread#5" [stack: 0x000000ae97200000,0x000000ae97300000] [id=9784]
  0x00000235f3e14800 GCTaskThread "GC Thread#6" [stack: 0x000000ae97300000,0x000000ae97400000] [id=15800]
  0x00000235f38b9000 GCTaskThread "GC Thread#7" [stack: 0x000000ae97400000,0x000000ae97500000] [id=5796]
  0x00000235d75cc800 ConcurrentGCThread "G1 Main Marker" [stack: 0x000000ae95500000,0x000000ae95600000] [id=3104]
  0x00000235d75cd800 ConcurrentGCThread "G1 Conc#0" [stack: 0x000000ae95600000,0x000000ae95700000] [id=12092]
  0x00000235f45f4800 ConcurrentGCThread "G1 Conc#1" [stack: 0x000000ae97700000,0x000000ae97800000] [id=4112]
  0x00000235d765e000 ConcurrentGCThread "G1 Refine#0" [stack: 0x000000ae95700000,0x000000ae95800000] [id=4052]
  0x00000235f1832800 ConcurrentGCThread "G1 Young RemSet Sampling" [stack: 0x000000ae95800000,0x000000ae95900000] [id=7224]

Threads with active compile tasks:
C2 CompilerThread0  21878 10369   !   4       java.util.concurrent.ConcurrentHashMap::putVal (432 bytes)

VM state:at safepoint (normal execution)

VM Mutex/Monitor currently owned by a thread:  ([mutex/lock_event])
[0x00000235d7579cf0] Threads_lock - owner thread: 0x00000235f19e1000
[0x00000235d757b880] Heap_lock - owner thread: 0x00000235f4af5000

Heap address: 0x0000000080000000, size: 2048 MB, Compressed Oops mode: 32-bit
Narrow klass base: 0x0000000000000000, Narrow klass shift: 3
Compressed class space size: 1073741824 Address: 0x0000000100000000

Heap:
 garbage-first heap   total 225280K, used 96067K [0x0000000080000000, 0x0000000100000000)
  region size 1024K, 6 young (6144K), 6 survivors (6144K)
 Metaspace       used 87798K, capacity 90057K, committed 90188K, reserved 1128448K
  class space    used 11248K, capacity 12102K, committed 12160K, reserved 1048576K
Heap Regions: E=young(eden), S=young(survivor), O=old, HS=humongous(starts), HC=humongous(continues), CS=collection set, F=free, A=archive, TAMS=top-at-mark-start (previous, next)
|   0|0x0000000080000000, 0x0000000080100000, 0x0000000080100000|100%| O|  |TAMS 0x0000000080100000, 0x0000000080100000| Untracked 
|   1|0x0000000080100000, 0x0000000080200000, 0x0000000080200000|100%| O|  |TAMS 0x0000000080200000, 0x0000000080200000| Untracked 
|   2|0x0000000080200000, 0x0000000080300000, 0x0000000080300000|100%| O|  |TAMS 0x0000000080300000, 0x0000000080300000| Untracked 
|   3|0x0000000080300000, 0x0000000080400000, 0x0000000080400000|100%|HS|  |TAMS 0x0000000080400000, 0x0000000080400000| Complete 
|   4|0x0000000080400000, 0x0000000080500000, 0x0000000080500000|100%|HC|  |TAMS 0x0000000080500000, 0x0000000080500000| Complete 
|   5|0x0000000080500000, 0x0000000080600000, 0x0000000080600000|100%|HC|  |TAMS 0x0000000080600000, 0x0000000080600000| Complete 
|   6|0x0000000080600000, 0x0000000080700000, 0x0000000080700000|100%| O|  |TAMS 0x0000000080700000, 0x0000000080700000| Untracked 
|   7|0x0000000080700000, 0x0000000080800000, 0x0000000080800000|100%| O|  |TAMS 0x0000000080800000, 0x0000000080800000| Untracked 
|   8|0x0000000080800000, 0x0000000080900000, 0x0000000080900000|100%| O|  |TAMS 0x0000000080900000, 0x0000000080900000| Untracked 
|   9|0x0000000080900000, 0x0000000080a00000, 0x0000000080a00000|100%| O|  |TAMS 0x0000000080a00000, 0x0000000080a00000| Untracked 
|  10|0x0000000080a00000, 0x0000000080b00000, 0x0000000080b00000|100%| O|  |TAMS 0x0000000080b00000, 0x0000000080b00000| Untracked 
|  11|0x0000000080b00000, 0x0000000080c00000, 0x0000000080c00000|100%| O|  |TAMS 0x0000000080c00000, 0x0000000080c00000| Untracked 
|  12|0x0000000080c00000, 0x0000000080d00000, 0x0000000080d00000|100%| O|  |TAMS 0x0000000080d00000, 0x0000000080d00000| Untracked 
|  13|0x0000000080d00000, 0x0000000080e00000, 0x0000000080e00000|100%| O|  |TAMS 0x0000000080e00000, 0x0000000080e00000| Untracked 
|  14|0x0000000080e00000, 0x0000000080f00000, 0x0000000080f00000|100%| O|  |TAMS 0x0000000080f00000, 0x0000000080f00000| Untracked 
|  15|0x0000000080f00000, 0x0000000081000000, 0x0000000081000000|100%| O|  |TAMS 0x0000000081000000, 0x0000000081000000| Untracked 
|  16|0x0000000081000000, 0x0000000081100000, 0x0000000081100000|100%|HS|  |TAMS 0x0000000081100000, 0x0000000081100000| Complete 
|  17|0x0000000081100000, 0x0000000081200000, 0x0000000081200000|100%| O|  |TAMS 0x0000000081200000, 0x0000000081200000| Untracked 
|  18|0x0000000081200000, 0x0000000081300000, 0x0000000081300000|100%| O|  |TAMS 0x0000000081300000, 0x0000000081300000| Untracked 
|  19|0x0000000081300000, 0x0000000081400000, 0x0000000081400000|100%| O|  |TAMS 0x0000000081400000, 0x0000000081400000| Untracked 
|  20|0x0000000081400000, 0x0000000081500000, 0x0000000081500000|100%| O|  |TAMS 0x0000000081500000, 0x0000000081500000| Untracked 
|  21|0x0000000081500000, 0x0000000081600000, 0x0000000081600000|100%| O|  |TAMS 0x0000000081600000, 0x0000000081600000| Untracked 
|  22|0x0000000081600000, 0x0000000081700000, 0x0000000081700000|100%| O|  |TAMS 0x0000000081700000, 0x0000000081700000| Untracked 
|  23|0x0000000081700000, 0x0000000081800000, 0x0000000081800000|100%| O|  |TAMS 0x0000000081800000, 0x0000000081800000| Untracked 
|  24|0x0000000081800000, 0x0000000081900000, 0x0000000081900000|100%| O|  |TAMS 0x0000000081900000, 0x0000000081900000| Untracked 
|  25|0x0000000081900000, 0x0000000081a00000, 0x0000000081a00000|100%| O|  |TAMS 0x0000000081a00000, 0x0000000081a00000| Untracked 
|  26|0x0000000081a00000, 0x0000000081b00000, 0x0000000081b00000|100%| O|  |TAMS 0x0000000081b00000, 0x0000000081b00000| Untracked 
|  27|0x0000000081b00000, 0x0000000081c00000, 0x0000000081c00000|100%|HS|  |TAMS 0x0000000081c00000, 0x0000000081c00000| Complete 
|  28|0x0000000081c00000, 0x0000000081d00000, 0x0000000081d00000|100%|HS|  |TAMS 0x0000000081d00000, 0x0000000081d00000| Complete 
|  29|0x0000000081d00000, 0x0000000081e00000, 0x0000000081e00000|100%|HS|  |TAMS 0x0000000081e00000, 0x0000000081e00000| Complete 
|  30|0x0000000081e00000, 0x0000000081f00000, 0x0000000081f00000|100%|HC|  |TAMS 0x0000000081f00000, 0x0000000081f00000| Complete 
|  31|0x0000000081f00000, 0x0000000082000000, 0x0000000082000000|100%|HC|  |TAMS 0x0000000082000000, 0x0000000082000000| Complete 
|  32|0x0000000082000000, 0x0000000082100000, 0x0000000082100000|100%|HS|  |TAMS 0x0000000082100000, 0x0000000082100000| Complete 
|  33|0x0000000082100000, 0x0000000082200000, 0x0000000082200000|100%|HC|  |TAMS 0x0000000082200000, 0x0000000082200000| Complete 
|  34|0x0000000082200000, 0x0000000082300000, 0x0000000082300000|100%| O|  |TAMS 0x0000000082300000, 0x0000000082300000| Untracked 
|  35|0x0000000082300000, 0x0000000082400000, 0x0000000082400000|100%| O|  |TAMS 0x0000000082400000, 0x0000000082400000| Untracked 
|  36|0x0000000082400000, 0x0000000082500000, 0x0000000082500000|100%| O|  |TAMS 0x0000000082500000, 0x0000000082500000| Untracked 
|  37|0x0000000082500000, 0x0000000082600000, 0x0000000082600000|100%| O|  |TAMS 0x0000000082600000, 0x0000000082600000| Untracked 
|  38|0x0000000082600000, 0x0000000082700000, 0x0000000082700000|100%| O|  |TAMS 0x0000000082700000, 0x0000000082700000| Untracked 
|  39|0x0000000082700000, 0x0000000082800000, 0x0000000082800000|100%| O|  |TAMS 0x0000000082800000, 0x0000000082800000| Untracked 
|  40|0x0000000082800000, 0x0000000082900000, 0x0000000082900000|100%| O|  |TAMS 0x0000000082900000, 0x0000000082900000| Untracked 
|  41|0x0000000082900000, 0x0000000082a00000, 0x0000000082a00000|100%| O|  |TAMS 0x0000000082a00000, 0x0000000082a00000| Untracked 
|  42|0x0000000082a00000, 0x0000000082b00000, 0x0000000082b00000|100%| O|  |TAMS 0x0000000082b00000, 0x0000000082b00000| Untracked 
|  43|0x0000000082b00000, 0x0000000082c00000, 0x0000000082c00000|100%| O|  |TAMS 0x0000000082c00000, 0x0000000082c00000| Untracked 
|  44|0x0000000082c00000, 0x0000000082d00000, 0x0000000082d00000|100%| O|  |TAMS 0x0000000082d00000, 0x0000000082d00000| Untracked 
|  45|0x0000000082d00000, 0x0000000082e00000, 0x0000000082e00000|100%| O|  |TAMS 0x0000000082e00000, 0x0000000082e00000| Untracked 
|  46|0x0000000082e00000, 0x0000000082f00000, 0x0000000082f00000|100%| O|  |TAMS 0x0000000082f00000, 0x0000000082f00000| Untracked 
|  47|0x0000000082f00000, 0x0000000083000000, 0x0000000083000000|100%| O|  |TAMS 0x0000000083000000, 0x0000000083000000| Untracked 
|  48|0x0000000083000000, 0x0000000083100000, 0x0000000083100000|100%| O|  |TAMS 0x00000000830c9e00, 0x0000000083100000| Untracked 
|  49|0x0000000083100000, 0x0000000083200000, 0x0000000083200000|100%| O|  |TAMS 0x0000000083100000, 0x0000000083200000| Untracked 
|  50|0x0000000083200000, 0x0000000083300000, 0x0000000083300000|100%| O|  |TAMS 0x0000000083200000, 0x0000000083300000| Untracked 
|  51|0x0000000083300000, 0x0000000083400000, 0x0000000083400000|100%| O|  |TAMS 0x0000000083300000, 0x0000000083400000| Untracked 
|  52|0x0000000083400000, 0x0000000083500000, 0x0000000083500000|100%| O|  |TAMS 0x0000000083400000, 0x0000000083500000| Untracked 
|  53|0x0000000083500000, 0x0000000083600000, 0x0000000083600000|100%| O|  |TAMS 0x0000000083500000, 0x0000000083600000| Untracked 
|  54|0x0000000083600000, 0x0000000083700000, 0x0000000083700000|100%| O|  |TAMS 0x0000000083600000, 0x0000000083700000| Untracked 
|  55|0x0000000083700000, 0x0000000083800000, 0x0000000083800000|100%| O|  |TAMS 0x0000000083700000, 0x0000000083800000| Untracked 
|  56|0x0000000083800000, 0x0000000083900000, 0x0000000083900000|100%| O|  |TAMS 0x0000000083800000, 0x0000000083900000| Untracked 
|  57|0x0000000083900000, 0x0000000083a00000, 0x0000000083a00000|100%| O|  |TAMS 0x0000000083900000, 0x0000000083a00000| Untracked 
|  58|0x0000000083a00000, 0x0000000083b00000, 0x0000000083b00000|100%| O|  |TAMS 0x0000000083a00000, 0x0000000083b00000| Untracked 
|  59|0x0000000083b00000, 0x0000000083c00000, 0x0000000083c00000|100%| O|  |TAMS 0x0000000083b00000, 0x0000000083c00000| Untracked 
|  60|0x0000000083c00000, 0x0000000083d00000, 0x0000000083d00000|100%| O|  |TAMS 0x0000000083c00000, 0x0000000083d00000| Untracked 
|  61|0x0000000083d00000, 0x0000000083e00000, 0x0000000083e00000|100%| O|  |TAMS 0x0000000083d00000, 0x0000000083e00000| Untracked 
|  62|0x0000000083e00000, 0x0000000083f00000, 0x0000000083f00000|100%| O|  |TAMS 0x0000000083e00000, 0x0000000083f00000| Untracked 
|  63|0x0000000083f00000, 0x0000000084000000, 0x0000000084000000|100%| O|  |TAMS 0x0000000083f00000, 0x0000000084000000| Untracked 
|  64|0x0000000084000000, 0x0000000084100000, 0x0000000084100000|100%| O|  |TAMS 0x0000000084000000, 0x0000000084100000| Untracked 
|  65|0x0000000084100000, 0x0000000084200000, 0x0000000084200000|100%| O|  |TAMS 0x0000000084100000, 0x0000000084200000| Untracked 
|  66|0x0000000084200000, 0x0000000084300000, 0x0000000084300000|100%| O|  |TAMS 0x0000000084200000, 0x0000000084300000| Untracked 
|  67|0x0000000084300000, 0x0000000084400000, 0x0000000084400000|100%| O|  |TAMS 0x0000000084300000, 0x0000000084400000| Untracked 
|  68|0x0000000084400000, 0x0000000084500000, 0x0000000084500000|100%| O|  |TAMS 0x0000000084400000, 0x0000000084500000| Untracked 
|  69|0x0000000084500000, 0x0000000084600000, 0x0000000084600000|100%| O|  |TAMS 0x0000000084500000, 0x0000000084600000| Untracked 
|  70|0x0000000084600000, 0x0000000084700000, 0x0000000084700000|100%| O|  |TAMS 0x0000000084600000, 0x0000000084700000| Untracked 
|  71|0x0000000084700000, 0x0000000084800000, 0x0000000084800000|100%| O|  |TAMS 0x0000000084700000, 0x0000000084800000| Untracked 
|  72|0x0000000084800000, 0x0000000084900000, 0x0000000084900000|100%| O|  |TAMS 0x0000000084800000, 0x0000000084900000| Untracked 
|  73|0x0000000084900000, 0x0000000084a00000, 0x0000000084a00000|100%| O|  |TAMS 0x0000000084900000, 0x0000000084a00000| Untracked 
|  74|0x0000000084a00000, 0x0000000084b00000, 0x0000000084b00000|100%| O|  |TAMS 0x0000000084a00000, 0x0000000084b00000| Untracked 
|  75|0x0000000084b00000, 0x0000000084c00000, 0x0000000084c00000|100%| O|  |TAMS 0x0000000084b00000, 0x0000000084c00000| Untracked 
|  76|0x0000000084c00000, 0x0000000084d00000, 0x0000000084d00000|100%| O|  |TAMS 0x0000000084c00000, 0x0000000084d00000| Untracked 
|  77|0x0000000084d00000, 0x0000000084e00000, 0x0000000084e00000|100%| O|  |TAMS 0x0000000084d00000, 0x0000000084e00000| Untracked 
|  78|0x0000000084e00000, 0x0000000084f00000, 0x0000000084f00000|100%| O|  |TAMS 0x0000000084e00000, 0x0000000084f00000| Untracked 
|  79|0x0000000084f00000, 0x0000000085000000, 0x0000000085000000|100%| O|  |TAMS 0x0000000084f00000, 0x0000000085000000| Untracked 
|  80|0x0000000085000000, 0x0000000085100000, 0x0000000085100000|100%| O|  |TAMS 0x0000000085000000, 0x0000000085100000| Untracked 
|  81|0x0000000085100000, 0x0000000085200000, 0x0000000085200000|100%| O|  |TAMS 0x0000000085100000, 0x0000000085200000| Untracked 
|  82|0x0000000085200000, 0x0000000085300000, 0x0000000085300000|100%| O|  |TAMS 0x0000000085200000, 0x0000000085300000| Untracked 
|  83|0x0000000085300000, 0x0000000085400000, 0x0000000085400000|100%| O|  |TAMS 0x0000000085300000, 0x0000000085400000| Untracked 
|  84|0x0000000085400000, 0x0000000085500000, 0x0000000085500000|100%| O|  |TAMS 0x0000000085400000, 0x0000000085500000| Untracked 
|  85|0x0000000085500000, 0x0000000085600000, 0x0000000085600000|100%| O|  |TAMS 0x0000000085500000, 0x0000000085600000| Untracked 
|  86|0x0000000085600000, 0x0000000085700000, 0x0000000085700000|100%| O|  |TAMS 0x0000000085600000, 0x0000000085700000| Untracked 
|  87|0x0000000085700000, 0x0000000085800000, 0x0000000085800000|100%| O|  |TAMS 0x0000000085700000, 0x0000000085800000| Untracked 
|  88|0x0000000085800000, 0x000000008588f000, 0x0000000085900000| 55%| O|  |TAMS 0x0000000085800000, 0x000000008588f000| Untracked 
|  89|0x0000000085900000, 0x0000000085900000, 0x0000000085a00000|  0%| F|  |TAMS 0x0000000085900000, 0x0000000085900000| Untracked 
|  90|0x0000000085a00000, 0x0000000085a00000, 0x0000000085b00000|  0%| F|  |TAMS 0x0000000085a00000, 0x0000000085a00000| Untracked 
|  91|0x0000000085b00000, 0x0000000085b00000, 0x0000000085c00000|  0%| F|  |TAMS 0x0000000085b00000, 0x0000000085b00000| Untracked 
|  92|0x0000000085c00000, 0x0000000085c00000, 0x0000000085d00000|  0%| F|  |TAMS 0x0000000085c00000, 0x0000000085c00000| Untracked 
|  93|0x0000000085d00000, 0x0000000085d00000, 0x0000000085e00000|  0%| F|  |TAMS 0x0000000085d00000, 0x0000000085d00000| Untracked 
|  94|0x0000000085e00000, 0x0000000085e00000, 0x0000000085f00000|  0%| F|  |TAMS 0x0000000085e00000, 0x0000000085e00000| Untracked 
|  95|0x0000000085f00000, 0x0000000085f00000, 0x0000000086000000|  0%| F|  |TAMS 0x0000000085f00000, 0x0000000085f00000| Untracked 
|  96|0x0000000086000000, 0x0000000086000000, 0x0000000086100000|  0%| F|  |TAMS 0x0000000086000000, 0x0000000086000000| Untracked 
|  97|0x0000000086100000, 0x0000000086100000, 0x0000000086200000|  0%| F|  |TAMS 0x0000000086100000, 0x0000000086100000| Untracked 
|  98|0x0000000086200000, 0x0000000086200000, 0x0000000086300000|  0%| F|  |TAMS 0x0000000086200000, 0x0000000086200000| Untracked 
|  99|0x0000000086300000, 0x0000000086300000, 0x0000000086400000|  0%| F|  |TAMS 0x0000000086300000, 0x0000000086300000| Untracked 
| 100|0x0000000086400000, 0x0000000086400000, 0x0000000086500000|  0%| F|  |TAMS 0x0000000086400000, 0x0000000086400000| Untracked 
| 101|0x0000000086500000, 0x0000000086500000, 0x0000000086600000|  0%| F|  |TAMS 0x0000000086500000, 0x0000000086500000| Untracked 
| 102|0x0000000086600000, 0x0000000086600000, 0x0000000086700000|  0%| F|  |TAMS 0x0000000086600000, 0x0000000086600000| Untracked 
| 103|0x0000000086700000, 0x0000000086700000, 0x0000000086800000|  0%| F|  |TAMS 0x0000000086700000, 0x0000000086700000| Untracked 
| 104|0x0000000086800000, 0x0000000086800000, 0x0000000086900000|  0%| F|  |TAMS 0x0000000086800000, 0x0000000086800000| Untracked 
| 105|0x0000000086900000, 0x0000000086900000, 0x0000000086a00000|  0%| F|  |TAMS 0x0000000086900000, 0x0000000086900000| Untracked 
| 106|0x0000000086a00000, 0x0000000086a00000, 0x0000000086b00000|  0%| F|  |TAMS 0x0000000086a00000, 0x0000000086a00000| Untracked 
| 107|0x0000000086b00000, 0x0000000086b00000, 0x0000000086c00000|  0%| F|  |TAMS 0x0000000086b00000, 0x0000000086b00000| Untracked 
| 108|0x0000000086c00000, 0x0000000086c00000, 0x0000000086d00000|  0%| F|  |TAMS 0x0000000086c00000, 0x0000000086c00000| Untracked 
| 109|0x0000000086d00000, 0x0000000086d00000, 0x0000000086e00000|  0%| F|  |TAMS 0x0000000086d00000, 0x0000000086d00000| Untracked 
| 110|0x0000000086e00000, 0x0000000086e00000, 0x0000000086f00000|  0%| F|  |TAMS 0x0000000086e00000, 0x0000000086e00000| Untracked 
| 111|0x0000000086f00000, 0x0000000086f00000, 0x0000000087000000|  0%| F|  |TAMS 0x0000000086f00000, 0x0000000086f00000| Untracked 
| 112|0x0000000087000000, 0x0000000087000000, 0x0000000087100000|  0%| F|  |TAMS 0x0000000087000000, 0x0000000087000000| Untracked 
| 113|0x0000000087100000, 0x0000000087100000, 0x0000000087200000|  0%| F|  |TAMS 0x0000000087100000, 0x0000000087100000| Untracked 
| 114|0x0000000087200000, 0x0000000087200000, 0x0000000087300000|  0%| F|  |TAMS 0x0000000087200000, 0x0000000087200000| Untracked 
| 115|0x0000000087300000, 0x0000000087300000, 0x0000000087400000|  0%| F|  |TAMS 0x0000000087300000, 0x0000000087300000| Untracked 
| 116|0x0000000087400000, 0x0000000087400000, 0x0000000087500000|  0%| F|  |TAMS 0x0000000087400000, 0x0000000087400000| Untracked 
| 117|0x0000000087500000, 0x0000000087500000, 0x0000000087600000|  0%| F|  |TAMS 0x0000000087500000, 0x0000000087500000| Untracked 
| 118|0x0000000087600000, 0x0000000087641c50, 0x0000000087700000| 25%| S|CS|TAMS 0x0000000087600000, 0x0000000087600000| Complete 
| 119|0x0000000087700000, 0x0000000087800000, 0x0000000087800000|100%| S|CS|TAMS 0x0000000087700000, 0x0000000087700000| Complete 
| 120|0x0000000087800000, 0x0000000087900000, 0x0000000087900000|100%| S|CS|TAMS 0x0000000087800000, 0x0000000087800000| Complete 
| 121|0x0000000087900000, 0x0000000087900000, 0x0000000087a00000|  0%| F|  |TAMS 0x0000000087900000, 0x0000000087900000| Untracked 
| 122|0x0000000087a00000, 0x0000000087a00000, 0x0000000087b00000|  0%| F|  |TAMS 0x0000000087a00000, 0x0000000087a00000| Untracked 
| 123|0x0000000087b00000, 0x0000000087b00000, 0x0000000087c00000|  0%| F|  |TAMS 0x0000000087b00000, 0x0000000087b00000| Untracked 
| 124|0x0000000087c00000, 0x0000000087d00000, 0x0000000087d00000|100%| S|CS|TAMS 0x0000000087c00000, 0x0000000087c00000| Complete 
| 125|0x0000000087d00000, 0x0000000087e00000, 0x0000000087e00000|100%| S|CS|TAMS 0x0000000087d00000, 0x0000000087d00000| Complete 
| 126|0x0000000087e00000, 0x0000000087f00000, 0x0000000087f00000|100%| S|CS|TAMS 0x0000000087e00000, 0x0000000087e00000| Complete 
| 127|0x0000000087f00000, 0x0000000087f00000, 0x0000000088000000|  0%| F|  |TAMS 0x0000000087f00000, 0x0000000087f00000| Untracked 
| 128|0x0000000088000000, 0x0000000088000000, 0x0000000088100000|  0%| F|  |TAMS 0x0000000088000000, 0x0000000088000000| Untracked 
| 129|0x0000000088100000, 0x0000000088100000, 0x0000000088200000|  0%| F|  |TAMS 0x0000000088100000, 0x0000000088100000| Untracked 
| 130|0x0000000088200000, 0x0000000088200000, 0x0000000088300000|  0%| F|  |TAMS 0x0000000088200000, 0x0000000088200000| Untracked 
| 131|0x0000000088300000, 0x0000000088300000, 0x0000000088400000|  0%| F|  |TAMS 0x0000000088300000, 0x0000000088300000| Untracked 
| 132|0x0000000088400000, 0x0000000088400000, 0x0000000088500000|  0%| F|  |TAMS 0x0000000088400000, 0x0000000088400000| Untracked 
| 133|0x0000000088500000, 0x0000000088500000, 0x0000000088600000|  0%| F|  |TAMS 0x0000000088500000, 0x0000000088500000| Untracked 
| 134|0x0000000088600000, 0x0000000088600000, 0x0000000088700000|  0%| F|  |TAMS 0x0000000088600000, 0x0000000088600000| Untracked 
| 135|0x0000000088700000, 0x0000000088700000, 0x0000000088800000|  0%| F|  |TAMS 0x0000000088700000, 0x0000000088700000| Untracked 
| 136|0x0000000088800000, 0x0000000088800000, 0x0000000088900000|  0%| F|  |TAMS 0x0000000088800000, 0x0000000088800000| Untracked 
| 137|0x0000000088900000, 0x0000000088900000, 0x0000000088a00000|  0%| F|  |TAMS 0x0000000088900000, 0x0000000088900000| Untracked 
| 138|0x0000000088a00000, 0x0000000088a00000, 0x0000000088b00000|  0%| F|  |TAMS 0x0000000088a00000, 0x0000000088a00000| Untracked 
| 139|0x0000000088b00000, 0x0000000088b00000, 0x0000000088c00000|  0%| F|  |TAMS 0x0000000088b00000, 0x0000000088b00000| Untracked 
| 140|0x0000000088c00000, 0x0000000088c00000, 0x0000000088d00000|  0%| F|  |TAMS 0x0000000088c00000, 0x0000000088c00000| Untracked 
| 141|0x0000000088d00000, 0x0000000088d00000, 0x0000000088e00000|  0%| F|  |TAMS 0x0000000088d00000, 0x0000000088d00000| Untracked 
| 142|0x0000000088e00000, 0x0000000088e00000, 0x0000000088f00000|  0%| F|  |TAMS 0x0000000088e00000, 0x0000000088e00000| Untracked 
| 143|0x0000000088f00000, 0x0000000088f00000, 0x0000000089000000|  0%| F|  |TAMS 0x0000000088f00000, 0x0000000088f00000| Untracked 
| 144|0x0000000089000000, 0x0000000089000000, 0x0000000089100000|  0%| F|  |TAMS 0x0000000089000000, 0x0000000089000000| Untracked 
| 145|0x0000000089100000, 0x0000000089100000, 0x0000000089200000|  0%| F|  |TAMS 0x0000000089100000, 0x0000000089100000| Untracked 
| 146|0x0000000089200000, 0x0000000089200000, 0x0000000089300000|  0%| F|  |TAMS 0x0000000089200000, 0x0000000089200000| Untracked 
| 147|0x0000000089300000, 0x0000000089300000, 0x0000000089400000|  0%| F|  |TAMS 0x0000000089300000, 0x0000000089300000| Untracked 
| 148|0x0000000089400000, 0x0000000089400000, 0x0000000089500000|  0%| F|  |TAMS 0x0000000089400000, 0x0000000089400000| Untracked 
| 149|0x0000000089500000, 0x0000000089500000, 0x0000000089600000|  0%| F|  |TAMS 0x0000000089500000, 0x0000000089500000| Untracked 
| 150|0x0000000089600000, 0x0000000089600000, 0x0000000089700000|  0%| F|  |TAMS 0x0000000089600000, 0x0000000089600000| Untracked 
| 151|0x0000000089700000, 0x0000000089700000, 0x0000000089800000|  0%| F|  |TAMS 0x0000000089700000, 0x0000000089700000| Untracked 
| 152|0x0000000089800000, 0x0000000089800000, 0x0000000089900000|  0%| F|  |TAMS 0x0000000089800000, 0x0000000089800000| Untracked 
| 153|0x0000000089900000, 0x0000000089900000, 0x0000000089a00000|  0%| F|  |TAMS 0x0000000089900000, 0x0000000089900000| Untracked 
| 154|0x0000000089a00000, 0x0000000089a00000, 0x0000000089b00000|  0%| F|  |TAMS 0x0000000089a00000, 0x0000000089a00000| Untracked 
| 155|0x0000000089b00000, 0x0000000089b00000, 0x0000000089c00000|  0%| F|  |TAMS 0x0000000089b00000, 0x0000000089b00000| Untracked 
| 156|0x0000000089c00000, 0x0000000089c00000, 0x0000000089d00000|  0%| F|  |TAMS 0x0000000089c00000, 0x0000000089c00000| Untracked 
| 157|0x0000000089d00000, 0x0000000089d00000, 0x0000000089e00000|  0%| F|  |TAMS 0x0000000089d00000, 0x0000000089d00000| Untracked 
| 158|0x0000000089e00000, 0x0000000089e00000, 0x0000000089f00000|  0%| F|  |TAMS 0x0000000089e00000, 0x0000000089e00000| Untracked 
| 159|0x0000000089f00000, 0x0000000089f00000, 0x000000008a000000|  0%| F|  |TAMS 0x0000000089f00000, 0x0000000089f00000| Untracked 
| 160|0x000000008a000000, 0x000000008a000000, 0x000000008a100000|  0%| F|  |TAMS 0x000000008a000000, 0x000000008a000000| Untracked 
| 161|0x000000008a100000, 0x000000008a100000, 0x000000008a200000|  0%| F|  |TAMS 0x000000008a100000, 0x000000008a100000| Untracked 
| 162|0x000000008a200000, 0x000000008a200000, 0x000000008a300000|  0%| F|  |TAMS 0x000000008a200000, 0x000000008a200000| Untracked 
| 163|0x000000008a300000, 0x000000008a300000, 0x000000008a400000|  0%| F|  |TAMS 0x000000008a300000, 0x000000008a300000| Untracked 
| 164|0x000000008a400000, 0x000000008a400000, 0x000000008a500000|  0%| F|  |TAMS 0x000000008a400000, 0x000000008a400000| Untracked 
| 165|0x000000008a500000, 0x000000008a500000, 0x000000008a600000|  0%| F|  |TAMS 0x000000008a500000, 0x000000008a500000| Untracked 
| 166|0x000000008a600000, 0x000000008a600000, 0x000000008a700000|  0%| F|  |TAMS 0x000000008a600000, 0x000000008a600000| Untracked 
| 167|0x000000008a700000, 0x000000008a700000, 0x000000008a800000|  0%| F|  |TAMS 0x000000008a700000, 0x000000008a700000| Untracked 
| 168|0x000000008a800000, 0x000000008a800000, 0x000000008a900000|  0%| F|  |TAMS 0x000000008a800000, 0x000000008a800000| Untracked 
| 169|0x000000008a900000, 0x000000008a900000, 0x000000008aa00000|  0%| F|  |TAMS 0x000000008a900000, 0x000000008a900000| Untracked 
| 170|0x000000008aa00000, 0x000000008aa00000, 0x000000008ab00000|  0%| F|  |TAMS 0x000000008aa00000, 0x000000008aa00000| Untracked 
| 171|0x000000008ab00000, 0x000000008ab00000, 0x000000008ac00000|  0%| F|  |TAMS 0x000000008ab00000, 0x000000008ab00000| Untracked 
| 172|0x000000008ac00000, 0x000000008ac00000, 0x000000008ad00000|  0%| F|  |TAMS 0x000000008ac00000, 0x000000008ac00000| Untracked 
| 173|0x000000008ad00000, 0x000000008ad00000, 0x000000008ae00000|  0%| F|  |TAMS 0x000000008ad00000, 0x000000008ad00000| Untracked 
| 174|0x000000008ae00000, 0x000000008ae00000, 0x000000008af00000|  0%| F|  |TAMS 0x000000008ae00000, 0x000000008ae00000| Untracked 
| 175|0x000000008af00000, 0x000000008af00000, 0x000000008b000000|  0%| F|  |TAMS 0x000000008af00000, 0x000000008af00000| Untracked 
| 176|0x000000008b000000, 0x000000008b000000, 0x000000008b100000|  0%| F|  |TAMS 0x000000008b000000, 0x000000008b000000| Untracked 
| 177|0x000000008b100000, 0x000000008b100000, 0x000000008b200000|  0%| F|  |TAMS 0x000000008b100000, 0x000000008b100000| Untracked 
| 178|0x000000008b200000, 0x000000008b200000, 0x000000008b300000|  0%| F|  |TAMS 0x000000008b200000, 0x000000008b200000| Untracked 
| 179|0x000000008b300000, 0x000000008b300000, 0x000000008b400000|  0%| F|  |TAMS 0x000000008b300000, 0x000000008b300000| Untracked 
| 180|0x000000008b400000, 0x000000008b400000, 0x000000008b500000|  0%| F|  |TAMS 0x000000008b400000, 0x000000008b400000| Untracked 
| 181|0x000000008b500000, 0x000000008b500000, 0x000000008b600000|  0%| F|  |TAMS 0x000000008b500000, 0x000000008b500000| Untracked 
| 182|0x000000008b600000, 0x000000008b600000, 0x000000008b700000|  0%| F|  |TAMS 0x000000008b600000, 0x000000008b600000| Untracked 

Card table byte_map: [0x00000235ea7a0000,0x00000235eaba0000] _byte_map_base: 0x00000235ea3a0000

Marking Bits (Prev, Next): (CMBitMap*) 0x00000235d75c3ad0, (CMBitMap*) 0x00000235d75c3a98
 Prev Bits: [0x00000235ecfa0000, 0x00000235eefa0000)
 Next Bits: [0x00000235eafa0000, 0x00000235ecfa0000)

Polling page: 0x00000235d6d60000

Metaspace:

Usage:
  Non-class:     76.13 MB capacity,    74.76 MB ( 98%) used,     1.12 MB (  1%) free+waste,   253.31 KB ( <1%) overhead. 
      Class:     11.82 MB capacity,    10.98 MB ( 93%) used,   739.36 KB (  6%) free+waste,   114.31 KB ( <1%) overhead. 
       Both:     87.95 MB capacity,    85.74 MB ( 97%) used,     1.85 MB (  2%) free+waste,   367.63 KB ( <1%) overhead. 

Virtual space:
  Non-class space:       78.00 MB reserved,      76.20 MB ( 98%) committed 
      Class space:        1.00 GB reserved,      11.88 MB (  1%) committed 
             Both:        1.08 GB reserved,      88.07 MB (  8%) committed 

Chunk freelists:
   Non-Class:  9.00 KB
       Class:  0 bytes
        Both:  9.00 KB

MaxMetaspaceSize: 17179869184.00 GB
CompressedClassSpaceSize: 1.00 GB

CodeHeap 'non-profiled nmethods': size=120000Kb used=3929Kb max_used=3929Kb free=116070Kb
 bounds [0x00000235e2b40000, 0x00000235e2f20000, 0x00000235ea070000]
CodeHeap 'profiled nmethods': size=120000Kb used=19921Kb max_used=19921Kb free=100078Kb
 bounds [0x00000235db610000, 0x00000235dc990000, 0x00000235e2b40000]
CodeHeap 'non-nmethods': size=5760Kb used=2278Kb max_used=2333Kb free=3481Kb
 bounds [0x00000235db070000, 0x00000235db2e0000, 0x00000235db610000]
 total_blobs=10970 nmethods=10092 adapters=789
 compilation: enabled
              stopped_count=0, restarted_count=0
 full_count=0

Compilation events (20 events):
Event: 21.692 Thread 0x00000235f1a10000 10364       2       org.gradle.internal.execution.steps.ResolveChangesStep$1::getAfterPreviousExecutionState (10 bytes)
Event: 21.692 Thread 0x00000235f1a10000 nmethod 10364 0x00000235dc97c990 code [0x00000235dc97cb40, 0x00000235dc97cc68]
Event: 21.692 Thread 0x00000235f1a10000 10360       2       org.gradle.internal.execution.history.impl.DefaultBeforeExecutionState::getDetectedOverlappingOutputs (8 bytes)
Event: 21.693 Thread 0x00000235f1a10000 nmethod 10360 0x00000235dc97cd10 code [0x00000235dc97cee0, 0x00000235dc97d168]
Event: 21.693 Thread 0x00000235f1a10000 10362       2       org.gradle.internal.execution.history.changes.DefaultExecutionStateChangeDetector::caching (20 bytes)
Event: 21.693 Thread 0x00000235f1a10000 nmethod 10362 0x00000235dc97d290 code [0x00000235dc97d460, 0x00000235dc97d838]
Event: 21.693 Thread 0x00000235f1a10000 10349       2       org.gradle.internal.execution.workspace.impl.DefaultImmutableWorkspaceProvider::lambda$withWorkspace$3 (33 bytes)
Event: 21.694 Thread 0x00000235f1a10000 nmethod 10349 0x00000235dc97d910 code [0x00000235dc97db00, 0x00000235dc97df28]
Event: 21.694 Thread 0x00000235f1a10000 10361       2       org.gradle.internal.execution.history.changes.ImplementationChanges::accept (398 bytes)
Event: 21.699 Thread 0x00000235f1a10000 nmethod 10361 0x00000235dc97e110 code [0x00000235dc97e840, 0x00000235dc981968]
Event: 21.704 Thread 0x00000235f1a10000 10366       2       javax.management.ObjectName::isPropertyListPattern (16 bytes)
Event: 21.704 Thread 0x00000235f1a10000 nmethod 10366 0x00000235dc982e10 code [0x00000235dc982fc0, 0x00000235dc9830d8]
Event: 21.718 Thread 0x00000235f1a10000 10368       2       java.io.FileDescriptor::setHandle (33 bytes)
Event: 21.718 Thread 0x00000235f1a10000 nmethod 10368 0x00000235dc983190 code [0x00000235dc983340, 0x00000235dc9834c8]
Event: 21.750 Thread 0x00000235f1a0b800 nmethod 10162 0x00000235e2f0f310 code [0x00000235e2f0f720, 0x00000235e2f13960]
Event: 21.750 Thread 0x00000235f1a0b800 10320       4       org.gradle.internal.file.DefaultFileHierarchySet$Node::isChildOfOrThis (110 bytes)
Event: 21.761 Thread 0x00000235f1a0b800 nmethod 10320 0x00000235e2f15d10 code [0x00000235e2f15f00, 0x00000235e2f16328]
Event: 21.761 Thread 0x00000235f1a0b800 10369   !   4       java.util.concurrent.ConcurrentHashMap::putVal (432 bytes)
Event: 21.776 Thread 0x00000235f1a10000 10371       2       org.gradle.internal.watch.vfs.impl.WatchingVirtualFileSystem::updateNotifyingListeners (47 bytes)
Event: 21.778 Thread 0x00000235f1a10000 nmethod 10371 0x00000235dc983590 code [0x00000235dc983820, 0x00000235dc9841c8]

GC Heap History (20 events):
Event: 12.566 GC heap after
{Heap after GC invocations=11 (full 0):
 garbage-first heap   total 155648K, used 52416K [0x0000000080000000, 0x0000000100000000)
  region size 1024K, 3 young (3072K), 3 survivors (3072K)
 Metaspace       used 55992K, capacity 57501K, committed 57804K, reserved 1099776K
  class space    used 7057K, capacity 7579K, committed 7680K, reserved 1048576K
}
Event: 12.968 GC heap before
{Heap before GC invocations=11 (full 0):
 garbage-first heap   total 155648K, used 67776K [0x0000000080000000, 0x0000000100000000)
  region size 1024K, 19 young (19456K), 3 survivors (3072K)
 Metaspace       used 58656K, capacity 60154K, committed 60236K, reserved 1101824K
  class space    used 7402K, capacity 7992K, committed 8064K, reserved 1048576K
}
Event: 12.980 GC heap after
{Heap after GC invocations=12 (full 0):
 garbage-first heap   total 155648K, used 52998K [0x0000000080000000, 0x0000000100000000)
  region size 1024K, 3 young (3072K), 3 survivors (3072K)
 Metaspace       used 58656K, capacity 60154K, committed 60236K, reserved 1101824K
  class space    used 7402K, capacity 7992K, committed 8064K, reserved 1048576K
}
Event: 14.339 GC heap before
{Heap before GC invocations=13 (full 0):
 garbage-first heap   total 155648K, used 114438K [0x0000000080000000, 0x0000000100000000)
  region size 1024K, 63 young (64512K), 3 survivors (3072K)
 Metaspace       used 64836K, capacity 66391K, committed 66636K, reserved 1107968K
  class space    used 8175K, capacity 8778K, committed 8832K, reserved 1048576K
}
Event: 14.353 GC heap after
{Heap after GC invocations=14 (full 0):
 garbage-first heap   total 155648K, used 57686K [0x0000000080000000, 0x0000000100000000)
  region size 1024K, 8 young (8192K), 8 survivors (8192K)
 Metaspace       used 64836K, capacity 66391K, committed 66636K, reserved 1107968K
  class space    used 8175K, capacity 8778K, committed 8832K, reserved 1048576K
}
Event: 15.143 GC heap before
{Heap before GC invocations=14 (full 0):
 garbage-first heap   total 155648K, used 118102K [0x0000000080000000, 0x0000000100000000)
  region size 1024K, 67 young (68608K), 8 survivors (8192K)
 Metaspace       used 67176K, capacity 68882K, committed 69068K, reserved 1110016K
  class space    used 8475K, capacity 9131K, committed 9216K, reserved 1048576K
}
Event: 15.201 GC heap after
{Heap after GC invocations=15 (full 0):
 garbage-first heap   total 155648K, used 62829K [0x0000000080000000, 0x0000000100000000)
  region size 1024K, 6 young (6144K), 6 survivors (6144K)
 Metaspace       used 67176K, capacity 68882K, committed 69068K, reserved 1110016K
  class space    used 8475K, capacity 9131K, committed 9216K, reserved 1048576K
}
Event: 16.302 GC heap before
{Heap before GC invocations=15 (full 0):
 garbage-first heap   total 155648K, used 120173K [0x0000000080000000, 0x0000000100000000)
  region size 1024K, 62 young (63488K), 6 survivors (6144K)
 Metaspace       used 73109K, capacity 74780K, committed 75084K, reserved 1114112K
  class space    used 9368K, capacity 10002K, committed 10112K, reserved 1048576K
}
Event: 16.321 GC heap after
{Heap after GC invocations=16 (full 0):
 garbage-first heap   total 155648K, used 66829K [0x0000000080000000, 0x0000000100000000)
  region size 1024K, 4 young (4096K), 4 survivors (4096K)
 Metaspace       used 73109K, capacity 74780K, committed 75084K, reserved 1114112K
  class space    used 9368K, capacity 10002K, committed 10112K, reserved 1048576K
}
Event: 16.961 GC heap before
{Heap before GC invocations=16 (full 0):
 garbage-first heap   total 155648K, used 123149K [0x0000000080000000, 0x0000000100000000)
  region size 1024K, 59 young (60416K), 4 survivors (4096K)
 Metaspace       used 75923K, capacity 77670K, committed 77772K, reserved 1116160K
  class space    used 9787K, capacity 10431K, committed 10496K, reserved 1048576K
}
Event: 16.972 GC heap after
{Heap after GC invocations=17 (full 0):
 garbage-first heap   total 187392K, used 70201K [0x0000000080000000, 0x0000000100000000)
  region size 1024K, 8 young (8192K), 8 survivors (8192K)
 Metaspace       used 75923K, capacity 77670K, committed 77772K, reserved 1116160K
  class space    used 9787K, capacity 10431K, committed 10496K, reserved 1048576K
}
Event: 18.220 GC heap before
{Heap before GC invocations=17 (full 0):
 garbage-first heap   total 187392K, used 138809K [0x0000000080000000, 0x0000000100000000)
  region size 1024K, 75 young (76800K), 8 survivors (8192K)
 Metaspace       used 82173K, capacity 83999K, committed 84300K, reserved 1122304K
  class space    used 10610K, capacity 11302K, committed 11392K, reserved 1048576K
}
Event: 18.246 GC heap after
{Heap after GC invocations=18 (full 0):
 garbage-first heap   total 187392K, used 75423K [0x0000000080000000, 0x0000000100000000)
  region size 1024K, 9 young (9216K), 9 survivors (9216K)
 Metaspace       used 82173K, capacity 83999K, committed 84300K, reserved 1122304K
  class space    used 10610K, capacity 11302K, committed 11392K, reserved 1048576K
}
Event: 19.816 GC heap before
{Heap before GC invocations=18 (full 0):
 garbage-first heap   total 187392K, used 141983K [0x0000000080000000, 0x0000000100000000)
  region size 1024K, 75 young (76800K), 9 survivors (9216K)
 Metaspace       used 86900K, capacity 89150K, committed 89420K, reserved 1126400K
  class space    used 11209K, capacity 12071K, committed 12160K, reserved 1048576K
}
Event: 19.850 GC heap after
{Heap after GC invocations=19 (full 0):
 garbage-first heap   total 187392K, used 83443K [0x0000000080000000, 0x0000000100000000)
  region size 1024K, 10 young (10240K), 10 survivors (10240K)
 Metaspace       used 86900K, capacity 89150K, committed 89420K, reserved 1126400K
  class space    used 11209K, capacity 12071K, committed 12160K, reserved 1048576K
}
Event: 20.420 GC heap before
{Heap before GC invocations=19 (full 0):
 garbage-first heap   total 187392K, used 145907K [0x0000000080000000, 0x0000000100000000)
  region size 1024K, 72 young (73728K), 10 survivors (10240K)
 Metaspace       used 87195K, capacity 89435K, committed 89676K, reserved 1126400K
  class space    used 11209K, capacity 12071K, committed 12160K, reserved 1048576K
}
Event: 20.449 GC heap after
{Heap after GC invocations=20 (full 0):
 garbage-first heap   total 187392K, used 89628K [0x0000000080000000, 0x0000000100000000)
  region size 1024K, 6 young (6144K), 6 survivors (6144K)
 Metaspace       used 87195K, capacity 89435K, committed 89676K, reserved 1126400K
  class space    used 11209K, capacity 12071K, committed 12160K, reserved 1048576K
}
Event: 21.106 GC heap before
{Heap before GC invocations=20 (full 0):
 garbage-first heap   total 187392K, used 149020K [0x0000000080000000, 0x0000000100000000)
  region size 1024K, 65 young (66560K), 6 survivors (6144K)
 Metaspace       used 87495K, capacity 89758K, committed 89932K, reserved 1126400K
  class space    used 11216K, capacity 12079K, committed 12160K, reserved 1048576K
}
Event: 21.123 GC heap after
{Heap after GC invocations=21 (full 0):
 garbage-first heap   total 187392K, used 92850K [0x0000000080000000, 0x0000000100000000)
  region size 1024K, 6 young (6144K), 6 survivors (6144K)
 Metaspace       used 87495K, capacity 89758K, committed 89932K, reserved 1126400K
  class space    used 11216K, capacity 12079K, committed 12160K, reserved 1048576K
}
Event: 21.783 GC heap before
{Heap before GC invocations=21 (full 0):
 garbage-first heap   total 187392K, used 149170K [0x0000000080000000, 0x0000000100000000)
  region size 1024K, 62 young (63488K), 6 survivors (6144K)
 Metaspace       used 87798K, capacity 90057K, committed 90188K, reserved 1128448K
  class space    used 11248K, capacity 12102K, committed 12160K, reserved 1048576K
}

Deoptimization events (20 events):
Event: 21.212 Thread 0x00000235f7f2a000 DEOPT PACKING pc=0x00000235dc7868b1 sp=0x000000ae997fb3e0
Event: 21.212 Thread 0x00000235f7f2a000 DEOPT UNPACKING pc=0x00000235db0976ce sp=0x000000ae997fa8a8 mode 0
Event: 21.338 Thread 0x00000235f7f2e000 Uncommon trap: trap_request=0xfffffff4 fr.pc=0x00000235e2f06b1c relative=0x00000000000040fc
Event: 21.338 Thread 0x00000235f7f2e000 Uncommon trap: reason=null_check action=make_not_entrant pc=0x00000235e2f06b1c method=com.google.common.collect.MapMakerInternalMap$WeakKeyDummyValueEntry$Helper.newEntry(Lcom/google/common/collect/MapMakerInternalMap$Segment;Ljava/lang/Object;ILcom/googl
Event: 21.338 Thread 0x00000235f7f2e000 DEOPT PACKING pc=0x00000235e2f06b1c sp=0x000000ae99efdfc0
Event: 21.338 Thread 0x00000235f7f2e000 DEOPT UNPACKING pc=0x00000235db0978af sp=0x000000ae99efdd30 mode 2
Event: 21.340 Thread 0x00000235f7f2a000 Uncommon trap: trap_request=0xffffffc6 fr.pc=0x00000235e2efc32c relative=0x0000000000000f2c
Event: 21.340 Thread 0x00000235f7f2a000 Uncommon trap: reason=bimorphic_or_optimized_type_check action=maybe_recompile pc=0x00000235e2efc32c method=org.gradle.internal.snapshot.ChildMap$Entry.handleAncestorDescendantOrExactMatch(Lorg/gradle/internal/snapshot/VfsRelativePath;Lorg/gradle/internal
Event: 21.340 Thread 0x00000235f7f2a000 DEOPT PACKING pc=0x00000235e2efc32c sp=0x000000ae997fce60
Event: 21.340 Thread 0x00000235f7f2a000 DEOPT UNPACKING pc=0x00000235db0978af sp=0x000000ae997fce40 mode 2
Event: 21.545 Thread 0x00000235f3e0c800 DEOPT PACKING pc=0x00000235dc6176e1 sp=0x000000ae96ffc440
Event: 21.545 Thread 0x00000235f3e0c800 DEOPT UNPACKING pc=0x00000235db0976ce sp=0x000000ae96ffb908 mode 0
Event: 21.598 Thread 0x00000235f7f2a000 DEOPT PACKING pc=0x00000235dc560cba sp=0x000000ae997fce90
Event: 21.598 Thread 0x00000235f7f2a000 DEOPT UNPACKING pc=0x00000235db0976ce sp=0x000000ae997fc3d8 mode 0
Event: 21.603 Thread 0x00000235f3e10800 Uncommon trap: trap_request=0xffffff4d fr.pc=0x00000235e2d47014 relative=0x00000000000007f4
Event: 21.603 Thread 0x00000235f3e10800 Uncommon trap: reason=unstable_if action=reinterpret pc=0x00000235e2d47014 method=org.gradle.internal.snapshot.VfsRelativePath.compareToFirstSegment(Ljava/lang/String;Lorg/gradle/internal/snapshot/CaseSensitivity;)I @ 134 c2
Event: 21.603 Thread 0x00000235f3e10800 DEOPT PACKING pc=0x00000235e2d47014 sp=0x000000ae97bfd290
Event: 21.603 Thread 0x00000235f3e10800 DEOPT UNPACKING pc=0x00000235db0978af sp=0x000000ae97bfd210 mode 2
Event: 21.655 Thread 0x00000235f7f2a000 DEOPT PACKING pc=0x00000235dc95cfc9 sp=0x000000ae997fa510
Event: 21.655 Thread 0x00000235f7f2a000 DEOPT UNPACKING pc=0x00000235db0976ce sp=0x000000ae997f9a50 mode 0

Classes redefined (0 events):
No events

Internal exceptions (20 events):
Event: 18.864 Thread 0x00000235f7f2a000 Exception <a 'java/lang/ClassNotFoundException'{0x000000008940d450}: groovy/util/slurpersupport/NodeChildBeanInfo> (0x000000008940d450) thrown at [./src/hotspot/share/classfile/systemDictionary.cpp, line 231]
Event: 18.865 Thread 0x00000235f7f2a000 Exception <a 'java/lang/ClassNotFoundException'{0x0000000089423b38}: groovy/util/slurpersupport/GPathResultBeanInfo> (0x0000000089423b38) thrown at [./src/hotspot/share/classfile/systemDictionary.cpp, line 231]
Event: 18.865 Thread 0x00000235f7f2a000 Exception <a 'java/lang/ClassNotFoundException'{0x000000008943a538}: groovy/util/slurpersupport/GPathResultCustomizer> (0x000000008943a538) thrown at [./src/hotspot/share/classfile/systemDictionary.cpp, line 231]
Event: 18.868 Thread 0x00000235f7f2a000 Exception <a 'java/lang/ClassNotFoundException'{0x0000000089461490}: groovy/util/slurpersupport/NodeChildCustomizer> (0x0000000089461490) thrown at [./src/hotspot/share/classfile/systemDictionary.cpp, line 231]
Event: 18.880 Thread 0x00000235f7f2a000 Exception <a 'java/lang/ClassNotFoundException'{0x000000008935ca00}: groovy/util/slurpersupport/AttributesBeanInfo> (0x000000008935ca00) thrown at [./src/hotspot/share/classfile/systemDictionary.cpp, line 231]
Event: 18.880 Thread 0x00000235f7f2a000 Exception <a 'java/lang/ClassNotFoundException'{0x00000000893733f0}: groovy/util/slurpersupport/NodeChildrenBeanInfo> (0x00000000893733f0) thrown at [./src/hotspot/share/classfile/systemDictionary.cpp, line 231]
Event: 18.880 Thread 0x00000235f7f2a000 Exception <a 'java/lang/ClassNotFoundException'{0x0000000089389be8}: groovy/util/slurpersupport/NodeChildrenCustomizer> (0x0000000089389be8) thrown at [./src/hotspot/share/classfile/systemDictionary.cpp, line 231]
Event: 18.881 Thread 0x00000235f7f2a000 Exception <a 'java/lang/ClassNotFoundException'{0x00000000893a77a0}: groovy/util/slurpersupport/AttributesCustomizer> (0x00000000893a77a0) thrown at [./src/hotspot/share/classfile/systemDictionary.cpp, line 231]
Event: 18.886 Thread 0x00000235f7f2a000 Exception <a 'java/lang/ClassNotFoundException'{0x0000000089289f08}: groovy/util/slurpersupport/AttributeBeanInfo> (0x0000000089289f08) thrown at [./src/hotspot/share/classfile/systemDictionary.cpp, line 231]
Event: 18.886 Thread 0x00000235f7f2a000 Exception <a 'java/lang/ClassNotFoundException'{0x00000000892a05c0}: groovy/util/slurpersupport/AttributeCustomizer> (0x00000000892a05c0) thrown at [./src/hotspot/share/classfile/systemDictionary.cpp, line 231]
Event: 19.566 Thread 0x00000235f4af3800 Exception <a 'java/lang/NoSuchMethodError'{0x0000000088091300}: 'void java.lang.invoke.DirectMethodHandle$Holder.invokeVirtual(java.lang.Object, java.lang.Object)'> (0x0000000088091300) thrown at [./src/hotspot/share/interpreter/linkResolver.cpp, line 773]
Event: 19.566 Thread 0x00000235f4af8800 Exception <a 'java/lang/NoSuchMethodError'{0x00000000880d35c0}: 'void java.lang.invoke.DirectMethodHandle$Holder.invokeVirtual(java.lang.Object, java.lang.Object)'> (0x00000000880d35c0) thrown at [./src/hotspot/share/interpreter/linkResolver.cpp, line 773]
Event: 19.589 Thread 0x00000235f4af3800 Exception <a 'java/lang/NoSuchMethodError'{0x0000000087e8b9b8}: 'java.lang.Object java.lang.invoke.DirectMethodHandle$Holder.invokeSpecialIFC(java.lang.Object, java.lang.Object, java.lang.Object)'> (0x0000000087e8b9b8) thrown at [./src/hotspot/share/interpreter/linkResolver.cpp, line 773]
Event: 19.589 Thread 0x00000235f4af5000 Exception <a 'java/lang/NoSuchMethodError'{0x0000000087e78478}: 'java.lang.Object java.lang.invoke.DirectMethodHandle$Holder.invokeSpecialIFC(java.lang.Object, java.lang.Object, java.lang.Object)'> (0x0000000087e78478) thrown at [./src/hotspot/share/interpreter/linkResolver.cpp, line 773]
Event: 19.589 Thread 0x00000235f4af6000 Exception <a 'java/lang/NoSuchMethodError'{0x0000000087e3a3c8}: 'java.lang.Object java.lang.invoke.DirectMethodHandle$Holder.invokeSpecialIFC(java.lang.Object, java.lang.Object, java.lang.Object)'> (0x0000000087e3a3c8) thrown at [./src/hotspot/share/interpreter/linkResolver.cpp, line 773]
Event: 19.589 Thread 0x00000235f4af7800 Exception <a 'java/lang/NoSuchMethodError'{0x0000000087e9b720}: 'java.lang.Object java.lang.invoke.DirectMethodHandle$Holder.invokeSpecialIFC(java.lang.Object, java.lang.Object, java.lang.Object)'> (0x0000000087e9b720) thrown at [./src/hotspot/share/interpreter/linkResolver.cpp, line 773]
Event: 19.589 Thread 0x00000235f4afb000 Exception <a 'java/lang/NoSuchMethodError'{0x0000000087e28658}: 'java.lang.Object java.lang.invoke.DirectMethodHandle$Holder.invokeSpecialIFC(java.lang.Object, java.lang.Object, java.lang.Object)'> (0x0000000087e28658) thrown at [./src/hotspot/share/interpreter/linkResolver.cpp, line 773]
Event: 19.589 Thread 0x00000235f4af9800 Exception <a 'java/lang/NoSuchMethodError'{0x0000000087e4e808}: 'java.lang.Object java.lang.invoke.DirectMethodHandle$Holder.invokeSpecialIFC(java.lang.Object, java.lang.Object, java.lang.Object)'> (0x0000000087e4e808) thrown at [./src/hotspot/share/interpreter/linkResolver.cpp, line 773]
Event: 19.589 Thread 0x00000235f4af7000 Exception <a 'java/lang/NoSuchMethodError'{0x0000000087eb41f0}: 'java.lang.Object java.lang.invoke.DirectMethodHandle$Holder.invokeSpecialIFC(java.lang.Object, java.lang.Object, java.lang.Object)'> (0x0000000087eb41f0) thrown at [./src/hotspot/share/interpreter/linkResolver.cpp, line 773]
Event: 21.338 Thread 0x00000235f7f2e000 Implicit null exception at 0x00000235e2f0389e to 0x00000235e2f06af8

Events (20 events):
Event: 21.599 loading class org/gradle/internal/snapshot/SnapshotHierarchy done
Event: 21.599 loading class org/gradle/internal/snapshot/SnapshotHierarchy
Event: 21.599 loading class org/gradle/internal/snapshot/SnapshotHierarchy done
Event: 21.600 loading class org/gradle/internal/watch/vfs/impl/WatchingVirtualFileSystem$VfsChangeLoggingNodeDiffListener
Event: 21.600 loading class org/gradle/internal/watch/vfs/impl/WatchingVirtualFileSystem$VfsChangeLoggingNodeDiffListener done
Event: 21.600 Executing VM operation: RevokeBias
Event: 21.600 Executing VM operation: RevokeBias done
Event: 21.600 Executing VM operation: RevokeBias
Event: 21.601 Executing coalesced safepoint VM operation: Deoptimize
Event: 21.603 Executing coalesced safepoint VM operation: Deoptimize done
Event: 21.603 Executing VM operation: RevokeBias done
Event: 21.611 Executing VM operation: RevokeBias
Event: 21.612 Executing VM operation: RevokeBias done
Event: 21.616 loading class org/gradle/api/internal/artifacts/ivyservice/clientmodule/ClientModuleResolver$ClientModuleComponentResolveMetadata
Event: 21.616 loading class org/gradle/api/internal/artifacts/ivyservice/clientmodule/ClientModuleResolver$ClientModuleComponentResolveMetadata done
Event: 21.617 loading class org/gradle/api/internal/artifacts/ivyservice/clientmodule/ClientModuleResolver$ClientModuleConfigurationMetadata
Event: 21.617 loading class org/gradle/api/internal/artifacts/ivyservice/clientmodule/ClientModuleResolver$ClientModuleConfigurationMetadata done
Event: 21.618 Executing VM operation: Deoptimize
Event: 21.620 Executing VM operation: Deoptimize done
Event: 21.783 Executing VM operation: G1CollectForAllocation


Dynamic libraries:
0x00007ff674cf0000 - 0x00007ff674cfa000 	C:\Program Files\Android\Android Studio1\jre\bin\java.exe
0x00007ffee6580000 - 0x00007ffee6789000 	C:\WINDOWS\SYSTEM32\ntdll.dll
0x00007ffee5200000 - 0x00007ffee52bd000 	C:\WINDOWS\System32\KERNEL32.DLL
0x00007ffee3c10000 - 0x00007ffee3f84000 	C:\WINDOWS\System32\KERNELBASE.dll
0x00007ffee3a70000 - 0x00007ffee3b81000 	C:\WINDOWS\System32\ucrtbase.dll
0x00007ffed0300000 - 0x00007ffed0317000 	C:\Program Files\Android\Android Studio1\jre\bin\VCRUNTIME140.dll
0x00007ffed02a0000 - 0x00007ffed02b9000 	C:\Program Files\Android\Android Studio1\jre\bin\jli.dll
0x00007ffece2f0000 - 0x00007ffece595000 	C:\WINDOWS\WinSxS\amd64_microsoft.windows.common-controls_6595b64144ccf1df_6.0.22000.120_none_9d947278b86cc467\COMCTL32.dll
0x00007ffee4dc0000 - 0x00007ffee4f6c000 	C:\WINDOWS\System32\USER32.dll
0x00007ffee5950000 - 0x00007ffee59f3000 	C:\WINDOWS\System32\msvcrt.dll
0x00007ffee40c0000 - 0x00007ffee40e6000 	C:\WINDOWS\System32\win32u.dll
0x00007ffee5920000 - 0x00007ffee5949000 	C:\WINDOWS\System32\GDI32.dll
0x00007ffee4190000 - 0x00007ffee42a2000 	C:\WINDOWS\System32\gdi32full.dll
0x00007ffee40f0000 - 0x00007ffee418d000 	C:\WINDOWS\System32\msvcp_win.dll
0x00007ffee4d80000 - 0x00007ffee4db1000 	C:\WINDOWS\System32\IMM32.DLL
0x00007ffeaca90000 - 0x00007ffeacb2d000 	C:\Program Files\Android\Android Studio1\jre\bin\msvcp140.dll
0x00007ffe973a0000 - 0x00007ffe97e6f000 	C:\Program Files\Android\Android Studio1\jre\bin\server\jvm.dll
0x00007ffee4f70000 - 0x00007ffee501e000 	C:\WINDOWS\System32\ADVAPI32.dll
0x00007ffee5160000 - 0x00007ffee51fe000 	C:\WINDOWS\System32\sechost.dll
0x00007ffee5040000 - 0x00007ffee5160000 	C:\WINDOWS\System32\RPCRT4.dll
0x00007ffee5a00000 - 0x00007ffee5a08000 	C:\WINDOWS\System32\PSAPI.DLL
0x00007ffec1120000 - 0x00007ffec1129000 	C:\WINDOWS\SYSTEM32\WSOCK32.dll
0x00007ffedc4b0000 - 0x00007ffedc4e3000 	C:\WINDOWS\SYSTEM32\WINMM.dll
0x00007ffed5670000 - 0x00007ffed567a000 	C:\WINDOWS\SYSTEM32\VERSION.dll
0x00007ffee5a10000 - 0x00007ffee5a7f000 	C:\WINDOWS\System32\WS2_32.dll
0x00007ffee2c60000 - 0x00007ffee2c78000 	C:\WINDOWS\SYSTEM32\kernel.appcore.dll
0x00007ffedc920000 - 0x00007ffedc931000 	C:\Program Files\Android\Android Studio1\jre\bin\verify.dll
0x00007ffee1070000 - 0x00007ffee1291000 	C:\WINDOWS\SYSTEM32\DBGHELP.DLL
0x00007ffec4850000 - 0x00007ffec4881000 	C:\WINDOWS\SYSTEM32\dbgcore.DLL
0x00007ffee3b90000 - 0x00007ffee3c0f000 	C:\WINDOWS\System32\bcryptPrimitives.dll
0x00007ffedc610000 - 0x00007ffedc639000 	C:\Program Files\Android\Android Studio1\jre\bin\java.dll
0x00007ffedd910000 - 0x00007ffedd91b000 	C:\Program Files\Android\Android Studio1\jre\bin\jimage.dll
0x00007ffed2de0000 - 0x00007ffed2df8000 	C:\Program Files\Android\Android Studio1\jre\bin\zip.dll
0x00007ffee5a80000 - 0x00007ffee622e000 	C:\WINDOWS\System32\SHELL32.dll
0x00007ffee1bf0000 - 0x00007ffee2458000 	C:\WINDOWS\SYSTEM32\windows.storage.dll
0x00007ffee4a00000 - 0x00007ffee4d78000 	C:\WINDOWS\System32\combase.dll
0x00007ffee1a80000 - 0x00007ffee1be6000 	C:\WINDOWS\SYSTEM32\wintypes.dll
0x00007ffee6230000 - 0x00007ffee631a000 	C:\WINDOWS\System32\SHCORE.dll
0x00007ffee53f0000 - 0x00007ffee544d000 	C:\WINDOWS\System32\shlwapi.dll
0x00007ffee39a0000 - 0x00007ffee39c1000 	C:\WINDOWS\SYSTEM32\profapi.dll
0x00007ffed0240000 - 0x00007ffed025a000 	C:\Program Files\Android\Android Studio1\jre\bin\net.dll
0x00007ffeddd60000 - 0x00007ffedde6c000 	C:\WINDOWS\SYSTEM32\WINHTTP.dll
0x00007ffee3090000 - 0x00007ffee30f7000 	C:\WINDOWS\system32\mswsock.dll
0x00007ffed00b0000 - 0x00007ffed00c4000 	C:\Program Files\Android\Android Studio1\jre\bin\nio.dll
0x00007ffed0320000 - 0x00007ffed0347000 	C:\Users\ASUS\.gradle\native\8bec1ad78214c89d9ad589b4d07fe93259594b29d510b10fafb7a158f7737e5d\windows-amd64\native-platform.dll
0x00007ffea23e0000 - 0x00007ffea251d000 	C:\Users\ASUS\.gradle\native\53dbd7edfb1c66fb8903c78663c9afc45aea4f116125fa6feffd364cf09443e8\windows-amd64\native-platform-file-events.dll
0x00007ffedc4f0000 - 0x00007ffedc4fa000 	C:\Program Files\Android\Android Studio1\jre\bin\management.dll
0x00007ffed2dd0000 - 0x00007ffed2ddc000 	C:\Program Files\Android\Android Studio1\jre\bin\management_ext.dll
0x00007ffee32d0000 - 0x00007ffee32e8000 	C:\WINDOWS\SYSTEM32\CRYPTSP.dll
0x00007ffee2bc0000 - 0x00007ffee2bf5000 	C:\WINDOWS\system32\rsaenh.dll
0x00007ffee3180000 - 0x00007ffee31a9000 	C:\WINDOWS\SYSTEM32\USERENV.dll
0x00007ffee3450000 - 0x00007ffee3477000 	C:\WINDOWS\SYSTEM32\bcrypt.dll
0x00007ffee32f0000 - 0x00007ffee32fc000 	C:\WINDOWS\SYSTEM32\CRYPTBASE.dll
0x00007ffee2790000 - 0x00007ffee27bd000 	C:\WINDOWS\SYSTEM32\IPHLPAPI.DLL
0x00007ffee52c0000 - 0x00007ffee52c9000 	C:\WINDOWS\System32\NSI.dll
0x00007ffeddf40000 - 0x00007ffeddf59000 	C:\WINDOWS\SYSTEM32\dhcpcsvc6.DLL
0x00007ffede330000 - 0x00007ffede34e000 	C:\WINDOWS\SYSTEM32\dhcpcsvc.DLL
0x00007ffee2800000 - 0x00007ffee28e7000 	C:\WINDOWS\SYSTEM32\DNSAPI.dll

dbghelp: loaded successfully - version: 4.0.5 - missing functions: none
symbol engine: initialized successfully - sym options: 0x614 - pdb path: .;C:\Program Files\Android\Android Studio1\jre\bin;C:\WINDOWS\SYSTEM32;C:\WINDOWS\WinSxS\amd64_microsoft.windows.common-controls_6595b64144ccf1df_6.0.22000.120_none_9d947278b86cc467;C:\Program Files\Android\Android Studio1\jre\bin\server;C:\Users\ASUS\.gradle\native\8bec1ad78214c89d9ad589b4d07fe93259594b29d510b10fafb7a158f7737e5d\windows-amd64;C:\Users\ASUS\.gradle\native\53dbd7edfb1c66fb8903c78663c9afc45aea4f116125fa6feffd364cf09443e8\windows-amd64

VM Arguments:
jvm_args: --add-opens=java.base/java.util=ALL-UNNAMED --add-opens=java.base/java.lang=ALL-UNNAMED --add-opens=java.base/java.lang.invoke=ALL-UNNAMED --add-opens=java.base/java.util=ALL-UNNAMED --add-opens=java.prefs/java.util.prefs=ALL-UNNAMED --add-opens=java.prefs/java.util.prefs=ALL-UNNAMED --add-opens=java.base/java.nio.charset=ALL-UNNAMED --add-opens=java.base/java.net=ALL-UNNAMED --add-opens=java.base/java.util.concurrent.atomic=ALL-UNNAMED -Xmx2048m -Dfile.encoding=UTF-8 -Duser.country=ID -Duser.language=en -Duser.variant 
java_command: org.gradle.launcher.daemon.bootstrap.GradleDaemon 7.0.2
java_class_path (initial): C:\Users\ASUS\.gradle\wrapper\dists\gradle-7.0.2-bin\857tjihv64xamwrf0h14cai3r\gradle-7.0.2\lib\gradle-launcher-7.0.2.jar
Launcher Type: SUN_STANDARD

[Global flags]
     intx CICompilerCount                          = 4                                         {product} {ergonomic}
     uint ConcGCThreads                            = 2                                         {product} {ergonomic}
     uint G1ConcRefinementThreads                  = 8                                         {product} {ergonomic}
   size_t G1HeapRegionSize                         = 1048576                                   {product} {ergonomic}
    uintx GCDrainStackTargetSize                   = 64                                        {product} {ergonomic}
   size_t InitialHeapSize                          = 132120576                                 {product} {ergonomic}
   size_t MarkStackSize                            = 4194304                                   {product} {ergonomic}
   size_t MaxHeapSize                              = 2147483648                                {product} {command line}
   size_t MaxNewSize                               = 1287651328                                {product} {ergonomic}
   size_t MinHeapDeltaBytes                        = 1048576                                   {product} {ergonomic}
    uintx NonNMethodCodeHeapSize                   = 5836300                                {pd product} {ergonomic}
    uintx NonProfiledCodeHeapSize                  = 122910970                              {pd product} {ergonomic}
    uintx ProfiledCodeHeapSize                     = 122910970                              {pd product} {ergonomic}
    uintx ReservedCodeCacheSize                    = 251658240                              {pd product} {ergonomic}
     bool SegmentedCodeCache                       = true                                      {product} {ergonomic}
     bool UseCompressedClassPointers               = true                                 {lp64_product} {ergonomic}
     bool UseCompressedOops                        = true                                 {lp64_product} {ergonomic}
     bool UseG1GC                                  = true                                      {product} {ergonomic}
     bool UseLargePagesIndividualAllocation        = false                                  {pd product} {ergonomic}

Logging:
Log output configuration:
 #0: stdout all=warning uptime,level,tags
 #1: stderr all=off uptime,level,tags

Environment Variables:
PATH=C:\Users\ASUS\platform-tools_r31.0.3-windows\platform-tools\systrace\catapult\common\bin;C:\Python310\;C:\ProgramData\Oracle\Java\javapath;C:\Program Files\Common Files\Oracle\Java\javapath;C:\Windows\system32;C:\Windows;C:\Windows\System32\Wbem;C:\Windows\System32\WindowsPowerShell\v1.0\;C:\Windows\System32\OpenSSH\;C:\Program Files (x86)\NVIDIA Corporation\PhysX\Common;C:\Program Files\NVIDIA Corporation\NVIDIA NvDLISR;C:\composer;C:\ProgramData\ComposerSetup\bin;C:\Program Files\gradle-6.9.1\bin;C:\WINDOWS\system32;C:\WINDOWS;C:\WINDOWS\System32\Wbem;C:\WINDOWS\System32\WindowsPowerShell\v1.0\;C:\WINDOWS\System32\OpenSSH\;C:\Program Files\nodejs\;C:\ProgramData\chocolatey\bin;C:\Users\ASUS\flutter\bin;C:\Program Files\Git\bin;C:\Program Files\Git\cmd;C:\Users\ASUS\AppData\Local\Android\sdk\tools\bin;C:\Users\ASUS\flutter\bin;C:\Users\ASUS\AppData\Local\Microsoft\WindowsApps;C:\Program Files\MongoDB\Server\4.4\bin;C:\xampp\php;C:\Users\ASUS\AppData\Roaming\Composer\vendor\bin;C:\Python27;C:\Program Files\gradle-6.9.1\bin;C:\Users\ASUS\AppData\Roaming\npm;C:\Users\ASUS\AppData\Local\Android\sdk\tools\bin;C:\Users\ASUS\AppData\Local\Programs\Microsoft VS Code\bin
USERNAME=ASUS
OS=Windows_NT
PROCESSOR_IDENTIFIER=Intel64 Family 6 Model 158 Stepping 10, GenuineIntel



---------------  S Y S T E M  ---------------

OS: Windows 10 , 64 bit Build 22000 (10.0.22000.434)
OS uptime: 9 days 2:08 hours

CPU:total 8 (initial active 8) (4 cores per cpu, 2 threads per core) family 6 model 158 stepping 10 microcode 0xde, cmov, cx8, fxsr, mmx, sse, sse2, sse3, ssse3, sse4.1, sse4.2, popcnt, avx, avx2, aes, clmul, erms, 3dnowpref, lzcnt, ht, tsc, tscinvbit, bmi1, bmi2, adx, fma

Memory: 4k page, system-wide physical 8047M (297M free)
TotalPageFile size 32623M (AvailPageFile size 28M)
current process WorkingSet (physical memory assigned to process): 272M, peak: 333M
current process commit charge ("private bytes"): 446M, peak: 483M

vm_info: OpenJDK 64-Bit Server VM (11.0.10+0-b96-7249189) for windows-amd64 JRE (11.0.10+0-b96-7249189), built on Mar 31 2021 21:44:00 by "builder" with MS VC++ 14.0 (VS2015)

END.
